[INFO] 2026-05-22 20:02:18,168 - [MATRIX] writes shape=(14376, 14475)
[INFO] 2026-05-22 20:02:18,201 - [MATRIX] be_written shape=(14475, 14376)
[INFO] 2026-05-22 20:02:18,212 - [MATRIX] published_in shape=(14376, 20)
[INFO] 2026-05-22 20:02:18,223 - [MATRIX] publish shape=(20, 14376)
[INFO] 2026-05-22 20:02:18,309 - [MATRIX] has_term shape=(14376, 8920)
[INFO] 2026-05-22 20:02:18,395 - [MATRIX] term_in shape=(8920, 14376)
[INFO] 2026-05-22 20:02:18,413 - 
========== Building A-P-A ==========
[INFO] 2026-05-22 20:02:18,418 - A-P-A matrix shape=(14475, 14475)
[INFO] 2026-05-22 20:02:18,518 - A-P-A nodes=5264 edges=8789 total_weight=51362.0000
[INFO] 2026-05-22 20:02:18,521 - 
========== Building A-P-C-P-A ==========
[INFO] 2026-05-22 20:02:20,488 - A-P-C-P-A matrix shape=(14475, 14475)
[INFO] 2026-05-22 20:02:34,550 - A-P-C-P-A nodes=14380 edges=1191844 total_weight=19193234.0000
[INFO] 2026-05-22 20:02:34,682 - Running community detection on A-P-A
[INFO] 2026-05-22 20:02:35,175 - A-P-A communities=639
[INFO] 2026-05-22 20:02:35,183 - Running community detection on A-P-C-P-A
[INFO] 2026-05-22 20:03:01,114 - A-P-C-P-A communities=4
[INFO] 2026-05-22 20:03:01,691 - Candidate edges=1195267
[INFO] 2026-05-22 20:03:02,770 - Processed 100000/1195267 candidate edges
[INFO] 2026-05-22 20:03:03,259 - Processed 200000/1195267 candidate edges
[INFO] 2026-05-22 20:03:03,734 - Processed 300000/1195267 candidate edges
[INFO] 2026-05-22 20:03:04,202 - Processed 400000/1195267 candidate edges
[INFO] 2026-05-22 20:03:04,675 - Processed 500000/1195267 candidate edges
[INFO] 2026-05-22 20:03:05,157 - Processed 600000/1195267 candidate edges
[INFO] 2026-05-22 20:03:05,622 - Processed 700000/1195267 candidate edges
[INFO] 2026-05-22 20:03:06,128 - Processed 800000/1195267 candidate edges
[INFO] 2026-05-22 20:03:06,593 - Processed 900000/1195267 candidate edges
[INFO] 2026-05-22 20:03:07,070 - Processed 1000000/1195267 candidate edges
[INFO] 2026-05-22 20:03:07,574 - Processed 1100000/1195267 candidate edges
[INFO] 2026-05-22 20:03:08,037 - Consensus graph nodes=14380 edges=1017782
[INFO] 2026-05-22 20:03:08,037 - Running Louvain on consensus graph
[INFO] 2026-05-22 20:03:25,049 - Seed communities=4
[INFO] 2026-05-22 20:03:26,372 - Expanding community 0
[INFO] 2026-05-22 20:03:31,680 - Expanding community 1
[INFO] 2026-05-22 20:03:35,183 - Expanding community 2
[INFO] 2026-05-22 20:03:37,223 - Expanding community 3
[INFO] 2026-05-22 20:05:52,425 - [EVAL] Modularity=-0.0043
[INFO] 2026-05-22 20:05:52,425 - [EVAL] Surprise=0.0000
[INFO] 2026-05-22 20:05:52,425 - [EVAL] Keyword coherence=0.0000
[INFO] 2026-05-22 20:05:52,425 - [EVAL] Community stats={'num_communities': 4, 'avg_size': np.float64(3595.0), 'max_size': np.int64(4881), 'min_size': np.int64(2288)}
[INFO] 2026-05-22 20:05:52,430 - [NMI DEBUG] matched_nodes=4057
[INFO] 2026-05-22 20:05:52,435 - [NMI] 0.7845
[INFO] 2026-05-22 20:05:52,441 - Saved communities...
Note: to be able to use all crisp methods, you need to install some additional packages:  {'leidenalg', 'bayanpy', 'wurlitzer', 'infomap', 'graph_tool'}
Note: to be able to use all crisp methods, you need to install some additional packages:  {'ASLPAw', 'pyclustering'}
Note: to be able to use all crisp methods, you need to install some additional packages:  {'wurlitzer', 'infomap', 'leidenalg'}

========== LOADING DBLP ==========
Authors: 14475
Papers: 14376
Conferences: 20
Terms: 8920
Paper-Author edges: 83588
Paper-Conference edges: 28752
Paper-Term edges: 229248

Total edges: 341588
{'method': 'Hete_MASSE', 'modularity': np.float64(-0.004286457049077768), 'nmi': 0.7844512294078003, 'runtime': 81.01722526550293, 'statistics': {'num_communities': 4, 'avg_size': np.float64(3595.0), 'max_size': np.int64(4881), 'min_size': np.int64(2288)}}
