[INFO] 2026-05-22 19:36:50,974 - [MATRIX] writes shape=(14376, 14475)
[INFO] 2026-05-22 19:36:50,999 - [MATRIX] be_written shape=(14475, 14376)
[INFO] 2026-05-22 19:36:51,006 - [MATRIX] published_in shape=(14376, 20)
[INFO] 2026-05-22 19:36:51,013 - [MATRIX] publish shape=(20, 14376)
[INFO] 2026-05-22 19:36:51,068 - [MATRIX] has_term shape=(14376, 8920)
[INFO] 2026-05-22 19:36:51,120 - [MATRIX] term_in shape=(8920, 14376)
[INFO] 2026-05-22 19:36:51,136 - 
========== Building A-P-A ==========
[INFO] 2026-05-22 19:36:51,139 - A-P-A matrix shape=(14475, 14475)
[INFO] 2026-05-22 19:36:51,203 - A-P-A nodes=5264 edges=8789 total_weight=51362.0000
[INFO] 2026-05-22 19:36:51,205 - 
========== Building A-P-C-P-A ==========
[INFO] 2026-05-22 19:36:52,932 - A-P-C-P-A matrix shape=(14475, 14475)
[INFO] 2026-05-22 19:37:06,844 - A-P-C-P-A nodes=14380 edges=1191844 total_weight=19193234.0000
[INFO] 2026-05-22 19:37:06,971 - Running community detection on A-P-A
[INFO] 2026-05-22 19:37:07,375 - A-P-A communities=635
[INFO] 2026-05-22 19:37:07,383 - Running community detection on A-P-C-P-A
[INFO] 2026-05-22 19:37:26,119 - A-P-C-P-A communities=4
[INFO] 2026-05-22 19:37:26,724 - Candidate edges=1195267
[INFO] 2026-05-22 19:37:27,819 - Processed 100000/1195267 candidate edges
[INFO] 2026-05-22 19:37:28,281 - Processed 200000/1195267 candidate edges
[INFO] 2026-05-22 19:37:28,735 - Processed 300000/1195267 candidate edges
[INFO] 2026-05-22 19:37:29,191 - Processed 400000/1195267 candidate edges
[INFO] 2026-05-22 19:37:29,702 - Processed 500000/1195267 candidate edges
[INFO] 2026-05-22 19:37:30,178 - Processed 600000/1195267 candidate edges
[INFO] 2026-05-22 19:37:30,644 - Processed 700000/1195267 candidate edges
[INFO] 2026-05-22 19:37:31,127 - Processed 800000/1195267 candidate edges
[INFO] 2026-05-22 19:37:31,595 - Processed 900000/1195267 candidate edges
[INFO] 2026-05-22 19:37:32,074 - Processed 1000000/1195267 candidate edges
[INFO] 2026-05-22 19:37:32,544 - Processed 1100000/1195267 candidate edges
[INFO] 2026-05-22 19:37:33,000 - Consensus graph nodes=14380 edges=1017787
[INFO] 2026-05-22 19:37:33,000 - Running Louvain on consensus graph
[INFO] 2026-05-22 19:37:49,901 - Seed communities=4
[INFO] 2026-05-22 19:37:51,127 - Expanding community 0
[INFO] 2026-05-22 19:37:56,246 - Expanding community 1
[INFO] 2026-05-22 19:37:59,721 - Expanding community 2
[INFO] 2026-05-22 19:38:01,933 - Expanding community 3
[INFO] 2026-05-22 19:40:17,174 - [EVAL] Modularity=-0.0043
[INFO] 2026-05-22 19:40:17,174 - [EVAL] Surprise=0.0000
[INFO] 2026-05-22 19:40:17,175 - [EVAL] Keyword coherence=0.0000
[INFO] 2026-05-22 19:40:17,175 - [EVAL] Community stats={'num_communities': 4, 'avg_size': np.float64(3595.0), 'max_size': np.int64(4880), 'min_size': np.int64(2282)}
[INFO] 2026-05-22 19:40:17,181 - [NMI DEBUG] matched_nodes=4057
[INFO] 2026-05-22 19:40:17,185 - [NMI] 0.7845
[INFO] 2026-05-22 19:40:17,191 - Saved communities...
Note: to be able to use all crisp methods, you need to install some additional packages:  {'leidenalg', 'infomap', 'bayanpy', 'graph_tool', 'wurlitzer'}
Note: to be able to use all crisp methods, you need to install some additional packages:  {'pyclustering', 'ASLPAw'}
Note: to be able to use all crisp methods, you need to install some additional packages:  {'leidenalg', 'infomap', 'wurlitzer'}

========== LOADING DBLP ==========
Authors: 14475
Papers: 14376
Conferences: 20
Terms: 8920
Paper-Author edges: 83588
Paper-Conference edges: 28752
Paper-Term edges: 229248

Total edges: 341588
{'method': 'Hete_MASSE', 'modularity': np.float64(-0.004286551013598294), 'nmi': 0.7844512294078003, 'runtime': 72.92167639732361, 'statistics': {'num_communities': 4, 'avg_size': np.float64(3595.0), 'max_size': np.int64(4880), 'min_size': np.int64(2282)}}
