[INFO] 2026-05-22 21:09:41,662 - [MATRIX] writes shape=(14376, 14475)
[INFO] 2026-05-22 21:09:41,683 - [MATRIX] be_written shape=(14475, 14376)
[INFO] 2026-05-22 21:09:41,690 - [MATRIX] published_in shape=(14376, 20)
[INFO] 2026-05-22 21:09:41,696 - [MATRIX] publish shape=(20, 14376)
[INFO] 2026-05-22 21:09:41,749 - [MATRIX] has_term shape=(14376, 8920)
[INFO] 2026-05-22 21:09:41,800 - [MATRIX] term_in shape=(8920, 14376)
[INFO] 2026-05-22 21:09:41,815 - 
========== Building A-P-A ==========
[INFO] 2026-05-22 21:09:41,818 - A-P-A matrix shape=(14475, 14475)
[INFO] 2026-05-22 21:09:41,877 - A-P-A nodes=5264 edges=8789 total_weight=51362.0000
[INFO] 2026-05-22 21:09:41,879 - 
========== Building A-P-C-P-A ==========
[INFO] 2026-05-22 21:09:43,557 - A-P-C-P-A matrix shape=(14475, 14475)
[INFO] 2026-05-22 21:09:54,041 - A-P-C-P-A nodes=12915 edges=419484 total_weight=12434634.6667
[INFO] 2026-05-22 21:09:54,108 - Running community detection on A-P-A
[INFO] 2026-05-22 21:09:54,566 - A-P-A communities=640
[INFO] 2026-05-22 21:09:54,572 - Running community detection on A-P-C-P-A
[INFO] 2026-05-22 21:10:06,224 - A-P-C-P-A communities=4
[INFO] 2026-05-22 21:10:06,431 - Candidate edges=424808
[INFO] 2026-05-22 21:10:07,145 - Processed 100000/424808 candidate edges
[INFO] 2026-05-22 21:10:07,580 - Processed 200000/424808 candidate edges
[INFO] 2026-05-22 21:10:08,017 - Processed 300000/424808 candidate edges
[INFO] 2026-05-22 21:10:08,488 - Processed 400000/424808 candidate edges
[INFO] 2026-05-22 21:10:08,600 - Consensus graph nodes=12966 edges=352919
[INFO] 2026-05-22 21:10:08,600 - Running Louvain on consensus graph
[INFO] 2026-05-22 21:10:13,841 - Seed communities=7
[INFO] 2026-05-22 21:10:14,414 - Expanding community 0
[INFO] 2026-05-22 21:10:17,783 - Expanding community 1
[INFO] 2026-05-22 21:10:21,142 - Expanding community 2
[INFO] 2026-05-22 21:10:23,360 - Expanding community 3
[INFO] 2026-05-22 21:10:24,995 - Expanding community 4
[INFO] 2026-05-22 21:10:25,021 - Expanding community 5
[INFO] 2026-05-22 21:10:25,046 - Expanding community 6
