[INFO] 2026-05-23 00:30:57,912 - [MATRIX] writes shape=(14376, 14475)
[INFO] 2026-05-23 00:30:57,945 - [MATRIX] be_written shape=(14475, 14376)
[INFO] 2026-05-23 00:30:57,955 - [MATRIX] published_in shape=(14376, 20)
[INFO] 2026-05-23 00:30:57,966 - [MATRIX] publish shape=(20, 14376)
[INFO] 2026-05-23 00:30:58,052 - [MATRIX] has_term shape=(14376, 8920)
[INFO] 2026-05-23 00:30:58,137 - [MATRIX] term_in shape=(8920, 14376)
[INFO] 2026-05-23 00:30:58,156 - 
========== Building A-P-A ==========
[INFO] 2026-05-23 00:30:58,161 - A-P-A matrix shape=(14475, 14475)
[INFO] 2026-05-23 00:30:58,259 - A-P-A nodes=5264 edges=8789 total_weight=51362.0000
[INFO] 2026-05-23 00:30:58,261 - 
========== Building A-P-C-P-A ==========
[INFO] 2026-05-23 00:31:00,060 - A-P-C-P-A matrix shape=(14475, 14475)
[INFO] 2026-05-23 00:31:14,908 - A-P-C-P-A nodes=14380 edges=1191844 total_weight=19193234.0000
[INFO] 2026-05-23 00:31:15,063 - Running community detection on A-P-A
[INFO] 2026-05-23 00:31:15,559 - A-P-A communities=640
[INFO] 2026-05-23 00:31:15,568 - Running community detection on A-P-C-P-A
[INFO] 2026-05-23 00:31:38,437 - A-P-C-P-A communities=4
[INFO] 2026-05-23 00:31:39,048 - Candidate edges=1195267
[INFO] 2026-05-23 00:31:40,133 - Processed 100000/1195267 candidate edges
[INFO] 2026-05-23 00:31:40,587 - Processed 200000/1195267 candidate edges
[INFO] 2026-05-23 00:31:41,023 - Processed 300000/1195267 candidate edges
[INFO] 2026-05-23 00:31:41,460 - Processed 400000/1195267 candidate edges
[INFO] 2026-05-23 00:31:41,911 - Processed 500000/1195267 candidate edges
[INFO] 2026-05-23 00:31:42,357 - Processed 600000/1195267 candidate edges
[INFO] 2026-05-23 00:31:42,794 - Processed 700000/1195267 candidate edges
[INFO] 2026-05-23 00:31:43,232 - Processed 800000/1195267 candidate edges
[INFO] 2026-05-23 00:31:43,678 - Processed 900000/1195267 candidate edges
[INFO] 2026-05-23 00:31:44,130 - Processed 1000000/1195267 candidate edges
[INFO] 2026-05-23 00:31:44,571 - Processed 1100000/1195267 candidate edges
[INFO] 2026-05-23 00:31:45,007 - Consensus graph nodes=14380 edges=1017779
[INFO] 2026-05-23 00:31:45,008 - Running Louvain on consensus graph
[INFO] 2026-05-23 00:32:02,357 - Seed communities=4
[INFO] 2026-05-23 00:32:03,622 - Expanding community 0
[INFO] 2026-05-23 00:32:08,443 - Expanding community 1
[INFO] 2026-05-23 00:32:11,713 - Expanding community 2
[INFO] 2026-05-23 00:32:13,805 - Expanding community 3
[INFO] 2026-05-23 00:34:27,086 - [EVAL] Modularity=-0.0043
[INFO] 2026-05-23 00:34:27,086 - [EVAL] Surprise=0.0000
[INFO] 2026-05-23 00:34:27,086 - [EVAL] Keyword coherence=0.0000
[INFO] 2026-05-23 00:34:27,086 - [EVAL] Community stats={'num_communities': 4, 'avg_size': np.float64(3595.0), 'max_size': np.int64(4881), 'min_size': np.int64(2288)}
[INFO] 2026-05-23 00:34:27,093 - [NMI DEBUG] matched_nodes=4057
[INFO] 2026-05-23 00:34:27,096 - [NMI] 0.7845
[INFO] 2026-05-23 00:34:27,103 - Saved communities...
Note: to be able to use all crisp methods, you need to install some additional packages:  {'bayanpy', 'wurlitzer', 'graph_tool', 'leidenalg', 'infomap'}
Note: to be able to use all crisp methods, you need to install some additional packages:  {'pyclustering', 'ASLPAw'}
Note: to be able to use all crisp methods, you need to install some additional packages:  {'wurlitzer', 'infomap', 'leidenalg'}

========== LOADING DBLP ==========
Authors: 14475
Papers: 14376
Conferences: 20
Terms: 8920
Paper-Author edges: 83588
Paper-Conference edges: 28752
Paper-Term edges: 229248

Total edges: 341588
{'method': 'Hete_MASSE', 'modularity': np.float64(-0.004286457049152305), 'nmi': 0.7844512294078003, 'runtime': 77.92852568626404, 'statistics': {'num_communities': 4, 'avg_size': np.float64(3595.0), 'max_size': np.int64(4881), 'min_size': np.int64(2288)}}
