[INFO] 2026-05-22 14:45:21,943 - [MATRIX] writes shape=(14376, 14475)
[INFO] 2026-05-22 14:45:21,964 - [MATRIX] be_written shape=(14475, 14376)
[INFO] 2026-05-22 14:45:21,970 - [MATRIX] published_in shape=(14376, 20)
[INFO] 2026-05-22 14:45:21,977 - [MATRIX] publish shape=(20, 14376)
[INFO] 2026-05-22 14:45:22,030 - [MATRIX] has_term shape=(14376, 8920)
[INFO] 2026-05-22 14:45:22,080 - [MATRIX] term_in shape=(8920, 14376)
[INFO] 2026-05-22 14:45:22,095 - 
========== Building A-P-A ==========
[INFO] 2026-05-22 14:45:22,098 - A-P-A matrix shape=(14475, 14475)
[INFO] 2026-05-22 14:45:22,299 - A-P-A nodes=14036 edges=40269 total_weight=114322.0000
[INFO] 2026-05-22 14:45:22,303 - 
========== Building A-P-T-P-A ==========
[INFO] 2026-05-22 14:45:30,848 - A-P-T-P-A matrix shape=(14475, 14475)
[INFO] 2026-05-22 14:46:13,828 - A-P-T-P-A nodes=13857 edges=2994431 total_weight=100701823.3337
[INFO] 2026-05-22 14:46:13,835 - 
========== Building A-P-C-P-A ==========
[INFO] 2026-05-22 14:46:16,429 - A-P-C-P-A matrix shape=(14475, 14475)
[INFO] 2026-05-22 14:46:31,404 - A-P-C-P-A nodes=14380 edges=1191844 total_weight=19193234.0000
[INFO] 2026-05-22 14:46:31,525 - Running community detection on A-P-A
[INFO] 2026-05-22 14:46:33,689 - A-P-A communities=612
[INFO] 2026-05-22 14:46:33,700 - Running community detection on A-P-T-P-A
[INFO] 2026-05-22 14:47:58,567 - A-P-T-P-A communities=3
[INFO] 2026-05-22 14:47:58,585 - Running community detection on A-P-C-P-A
[INFO] 2026-05-22 14:48:22,806 - A-P-C-P-A communities=4
[INFO] 2026-05-22 14:48:25,142 - Candidate edges=3443652
[INFO] 2026-05-22 14:48:27,758 - Processed 100000/3443652 candidate edges
[INFO] 2026-05-22 14:48:28,313 - Processed 200000/3443652 candidate edges
[INFO] 2026-05-22 14:48:28,854 - Processed 300000/3443652 candidate edges
[INFO] 2026-05-22 14:48:29,387 - Processed 400000/3443652 candidate edges
[INFO] 2026-05-22 14:48:29,920 - Processed 500000/3443652 candidate edges
[INFO] 2026-05-22 14:48:30,461 - Processed 600000/3443652 candidate edges
[INFO] 2026-05-22 14:48:31,010 - Processed 700000/3443652 candidate edges
[INFO] 2026-05-22 14:48:31,550 - Processed 800000/3443652 candidate edges
[INFO] 2026-05-22 14:48:32,100 - Processed 900000/3443652 candidate edges
[INFO] 2026-05-22 14:48:32,639 - Processed 1000000/3443652 candidate edges
[INFO] 2026-05-22 14:48:33,172 - Processed 1100000/3443652 candidate edges
[INFO] 2026-05-22 14:48:33,702 - Processed 1200000/3443652 candidate edges
[INFO] 2026-05-22 14:48:34,260 - Processed 1300000/3443652 candidate edges
[INFO] 2026-05-22 14:48:34,801 - Processed 1400000/3443652 candidate edges
[INFO] 2026-05-22 14:48:35,339 - Processed 1500000/3443652 candidate edges
[INFO] 2026-05-22 14:48:35,885 - Processed 1600000/3443652 candidate edges
[INFO] 2026-05-22 14:48:36,443 - Processed 1700000/3443652 candidate edges
[INFO] 2026-05-22 14:48:36,983 - Processed 1800000/3443652 candidate edges
[INFO] 2026-05-22 14:48:37,520 - Processed 1900000/3443652 candidate edges
[INFO] 2026-05-22 14:48:38,063 - Processed 2000000/3443652 candidate edges
[INFO] 2026-05-22 14:48:38,605 - Processed 2100000/3443652 candidate edges
[INFO] 2026-05-22 14:48:39,146 - Processed 2200000/3443652 candidate edges
[INFO] 2026-05-22 14:48:39,676 - Processed 2300000/3443652 candidate edges
[INFO] 2026-05-22 14:48:40,241 - Processed 2400000/3443652 candidate edges
[INFO] 2026-05-22 14:48:40,798 - Processed 2500000/3443652 candidate edges
[INFO] 2026-05-22 14:48:41,348 - Processed 2600000/3443652 candidate edges
[INFO] 2026-05-22 14:48:41,889 - Processed 2700000/3443652 candidate edges
[INFO] 2026-05-22 14:48:42,434 - Processed 2800000/3443652 candidate edges
[INFO] 2026-05-22 14:48:42,982 - Processed 2900000/3443652 candidate edges
[INFO] 2026-05-22 14:48:43,534 - Processed 3000000/3443652 candidate edges
[INFO] 2026-05-22 14:48:44,085 - Processed 3100000/3443652 candidate edges
[INFO] 2026-05-22 14:48:44,650 - Processed 3200000/3443652 candidate edges
[INFO] 2026-05-22 14:48:45,219 - Processed 3300000/3443652 candidate edges
[INFO] 2026-05-22 14:48:45,768 - Processed 3400000/3443652 candidate edges
[INFO] 2026-05-22 14:48:46,016 - Consensus graph nodes=14475 edges=2728295
[INFO] 2026-05-22 14:48:46,016 - Running Louvain on consensus graph
[INFO] 2026-05-22 14:49:36,829 - Seed communities=4
[INFO] 2026-05-22 14:49:37,571 - Expanding community 0
[INFO] 2026-05-22 14:49:45,924 - Expanding community 1
[INFO] 2026-05-22 14:49:46,540 - Expanding community 2
[INFO] 2026-05-22 14:49:46,575 - Expanding community 3
[INFO] 2026-05-22 14:49:46,608 - [RUNTIME] 264.83s
[INFO] 2026-05-22 14:49:46,608 - 
========== EVALUATION ==========
[INFO] 2026-05-22 14:55:28,428 - [EVAL] Modularity=-0.0076
[INFO] 2026-05-22 14:55:28,428 - [EVAL] Surprise=0.0000
[INFO] 2026-05-22 14:55:28,428 - [EVAL] Keyword coherence=0.0000
[INFO] 2026-05-22 14:55:28,428 - [EVAL] Community stats={'num_communities': 4, 'avg_size': np.float64(3618.75), 'max_size': np.int64(11963), 'min_size': np.int64(2)}
[INFO] 2026-05-22 14:55:28,432 - [NMI DEBUG] matched_nodes=0
[INFO] 2026-05-22 14:55:28,433 - Saved results to results/dblp_ac_results.json
[INFO] 2026-05-22 14:55:28,440 - Saved communities to results/dblp_ac_communities.json
Note: to be able to use all crisp methods, you need to install some additional packages:  {'wurlitzer', 'leidenalg', 'graph_tool', 'bayanpy', 'infomap'}
Note: to be able to use all crisp methods, you need to install some additional packages:  {'ASLPAw', 'pyclustering'}
Note: to be able to use all crisp methods, you need to install some additional packages:  {'infomap', 'wurlitzer', 'leidenalg'}
[INFO] Dataset dir: /root/autodl-tmp/Hete_MASSE/datasets/DBLP

========== LOADING DBLP ==========
Authors: 14475
Papers: 14376
Conferences: 20
Terms: 8920
Paper-Author edges: 83588
Paper-Conference edges: 28752
Paper-Term edges: 229248

Total edges: 341588


============================================================
FINAL RESULTS
============================================================
modularity: -0.00762232881350999
surprise: 0
keyword_coherence: 0
nmi: 0
runtime_seconds: 264.82614755630493
community_statistics: {'num_communities': 4, 'avg_size': np.float64(3618.75), 'max_size': np.int64(11963), 'min_size': np.int64(2)}
============================================================
