[INFO] 2026-05-22 18:16:11,375 - [MATRIX] writes shape=(14376, 14475)
[INFO] 2026-05-22 18:16:11,397 - [MATRIX] be_written shape=(14475, 14376)
[INFO] 2026-05-22 18:16:11,405 - [MATRIX] published_in shape=(14376, 20)
[INFO] 2026-05-22 18:16:11,412 - [MATRIX] publish shape=(20, 14376)
[INFO] 2026-05-22 18:16:11,465 - [MATRIX] has_term shape=(14376, 8920)
[INFO] 2026-05-22 18:16:11,515 - [MATRIX] term_in shape=(8920, 14376)
[INFO] 2026-05-22 18:16:11,531 - 
========== Building A-P-A ==========
[INFO] 2026-05-22 18:16:11,535 - A-P-A matrix shape=(14475, 14475)
[INFO] 2026-05-22 18:16:11,596 - A-P-A nodes=5264 edges=8789 total_weight=51362.0000
[INFO] 2026-05-22 18:16:11,597 - 
========== Building A-P-T-P-A ==========
[INFO] 2026-05-22 18:16:19,797 - A-P-T-P-A matrix shape=(14475, 14475)
[INFO] 2026-05-22 18:23:27,649 - A-P-T-P-A nodes=14475 edges=63406282 total_weight=235980581.4644
[INFO] 2026-05-22 18:23:27,661 - 
========== Building A-P-C-P-A ==========
[INFO] 2026-05-22 18:23:29,550 - A-P-C-P-A matrix shape=(14475, 14475)
[INFO] 2026-05-22 18:23:50,149 - A-P-C-P-A nodes=14380 edges=1191844 total_weight=19193234.0000
[INFO] 2026-05-22 18:23:50,262 - Running community detection on A-P-A
[INFO] 2026-05-22 18:23:56,008 - A-P-A communities=639
[INFO] 2026-05-22 18:23:56,024 - Running community detection on A-P-T-P-A
