[INFO] 2026-05-22 17:56:04,426 - [MATRIX] writes shape=(14376, 14475)
[INFO] 2026-05-22 17:56:04,461 - [MATRIX] be_written shape=(14475, 14376)
[INFO] 2026-05-22 17:56:04,472 - [MATRIX] published_in shape=(14376, 20)
[INFO] 2026-05-22 17:56:04,482 - [MATRIX] publish shape=(20, 14376)
[INFO] 2026-05-22 17:56:04,568 - [MATRIX] has_term shape=(14376, 8920)
[INFO] 2026-05-22 17:56:04,622 - [MATRIX] term_in shape=(8920, 14376)
[INFO] 2026-05-22 17:56:04,638 - 
========== Building A-P-A ==========
[INFO] 2026-05-22 17:56:04,641 - A-P-A matrix shape=(14475, 14475)
[INFO] 2026-05-22 17:56:04,703 - A-P-A nodes=5264 edges=8789 total_weight=51362.0000
[INFO] 2026-05-22 17:56:04,705 - 
========== Building A-P-C-P-A ==========
[INFO] 2026-05-22 17:56:06,386 - A-P-C-P-A matrix shape=(14475, 14475)
[INFO] 2026-05-22 17:56:22,050 - A-P-C-P-A nodes=14380 edges=1191844 total_weight=19193234.0000
[INFO] 2026-05-22 17:56:22,189 - Running community detection on A-P-A
[INFO] 2026-05-22 17:56:22,684 - A-P-A communities=639
[INFO] 2026-05-22 17:56:22,693 - Running community detection on A-P-C-P-A
[INFO] 2026-05-22 17:56:42,032 - A-P-C-P-A communities=4
[INFO] 2026-05-22 17:56:42,616 - Candidate edges=1195267
[INFO] 2026-05-22 17:56:43,634 - Processed 100000/1195267 candidate edges
[INFO] 2026-05-22 17:56:44,068 - Processed 200000/1195267 candidate edges
[INFO] 2026-05-22 17:56:44,516 - Processed 300000/1195267 candidate edges
[INFO] 2026-05-22 17:56:44,952 - Processed 400000/1195267 candidate edges
[INFO] 2026-05-22 17:56:45,386 - Processed 500000/1195267 candidate edges
[INFO] 2026-05-22 17:56:45,820 - Processed 600000/1195267 candidate edges
[INFO] 2026-05-22 17:56:46,260 - Processed 700000/1195267 candidate edges
[INFO] 2026-05-22 17:56:46,700 - Processed 800000/1195267 candidate edges
[INFO] 2026-05-22 17:56:47,139 - Processed 900000/1195267 candidate edges
[INFO] 2026-05-22 17:56:47,573 - Processed 1000000/1195267 candidate edges
[INFO] 2026-05-22 17:56:48,015 - Processed 1100000/1195267 candidate edges
[INFO] 2026-05-22 17:56:48,439 - Consensus graph nodes=14380 edges=1017786
[INFO] 2026-05-22 17:56:48,439 - Running Louvain on consensus graph
[INFO] 2026-05-22 17:57:05,500 - Seed communities=4
[INFO] 2026-05-22 17:57:06,715 - Expanding community 0
[INFO] 2026-05-22 17:57:11,628 - Expanding community 1
[INFO] 2026-05-22 17:57:14,959 - Expanding community 2
[INFO] 2026-05-22 17:57:17,168 - Expanding community 3
[INFO] 2026-05-22 17:59:32,510 - [EVAL] Modularity=-0.0043
[INFO] 2026-05-22 17:59:32,510 - [EVAL] Surprise=0.0000
[INFO] 2026-05-22 17:59:32,510 - [EVAL] Keyword coherence=0.0000
[INFO] 2026-05-22 17:59:32,510 - [EVAL] Community stats={'num_communities': 4, 'avg_size': np.float64(3595.0), 'max_size': np.int64(4881), 'min_size': np.int64(2288)}
[INFO] 2026-05-22 17:59:32,516 - [NMI DEBUG] matched_nodes=4057
[INFO] 2026-05-22 17:59:32,520 - [NMI] 0.7845
[INFO] 2026-05-22 17:59:32,528 - Saved communities...
Note: to be able to use all crisp methods, you need to install some additional packages:  {'leidenalg', 'wurlitzer', 'graph_tool', 'bayanpy', 'infomap'}
Note: to be able to use all crisp methods, you need to install some additional packages:  {'pyclustering', 'ASLPAw'}
Note: to be able to use all crisp methods, you need to install some additional packages:  {'leidenalg', 'wurlitzer', 'infomap'}

========== LOADING DBLP ==========
Authors: 14475
Papers: 14376
Conferences: 20
Terms: 8920
Paper-Author edges: 83588
Paper-Conference edges: 28752
Paper-Term edges: 229248

Total edges: 341588
{'method': 'Hete_MASSE', 'modularity': np.float64(-0.004286457049122257), 'nmi': 0.7844512294078003, 'runtime': 74.80020689964294, 'statistics': {'num_communities': 4, 'avg_size': np.float64(3595.0), 'max_size': np.int64(4881), 'min_size': np.int64(2288)}}
