[INFO] 2026-05-22 15:05:19,062 - [MATRIX] writes shape=(14376, 14475)
[INFO] 2026-05-22 15:05:19,083 - [MATRIX] be_written shape=(14475, 14376)
[INFO] 2026-05-22 15:05:19,090 - [MATRIX] published_in shape=(14376, 20)
[INFO] 2026-05-22 15:05:19,096 - [MATRIX] publish shape=(20, 14376)
[INFO] 2026-05-22 15:05:19,155 - [MATRIX] has_term shape=(14376, 8920)
[INFO] 2026-05-22 15:05:19,208 - [MATRIX] term_in shape=(8920, 14376)
[INFO] 2026-05-22 15:05:19,223 - 
========== Building A-P-A ==========
[INFO] 2026-05-22 15:05:19,227 - A-P-A matrix shape=(14475, 14475)
[INFO] 2026-05-22 15:05:19,441 - A-P-A nodes=14036 edges=40269 total_weight=114322.0000
[INFO] 2026-05-22 15:05:19,445 - 
========== Building A-P-T-P-A ==========
[INFO] 2026-05-22 15:05:27,632 - A-P-T-P-A matrix shape=(14475, 14475)
[INFO] 2026-05-22 15:06:09,936 - A-P-T-P-A nodes=13857 edges=2994431 total_weight=100701823.3337
[INFO] 2026-05-22 15:06:09,943 - 
========== Building A-P-C-P-A ==========
[INFO] 2026-05-22 15:06:11,711 - A-P-C-P-A matrix shape=(14475, 14475)
[INFO] 2026-05-22 15:06:25,685 - A-P-C-P-A nodes=14380 edges=1191844 total_weight=19193234.0000
[INFO] 2026-05-22 15:06:25,808 - Running community detection on A-P-A
[INFO] 2026-05-22 15:06:28,091 - A-P-A communities=610
[INFO] 2026-05-22 15:06:28,101 - Running community detection on A-P-T-P-A
[INFO] 2026-05-22 15:07:31,879 - A-P-T-P-A communities=3
[INFO] 2026-05-22 15:07:31,899 - Running community detection on A-P-C-P-A
[INFO] 2026-05-22 15:07:52,113 - A-P-C-P-A communities=4
[INFO] 2026-05-22 15:07:54,495 - Candidate edges=3443652
[INFO] 2026-05-22 15:07:57,029 - Processed 100000/3443652 candidate edges
[INFO] 2026-05-22 15:07:57,551 - Processed 200000/3443652 candidate edges
[INFO] 2026-05-22 15:07:58,076 - Processed 300000/3443652 candidate edges
[INFO] 2026-05-22 15:07:58,597 - Processed 400000/3443652 candidate edges
[INFO] 2026-05-22 15:07:59,111 - Processed 500000/3443652 candidate edges
[INFO] 2026-05-22 15:07:59,619 - Processed 600000/3443652 candidate edges
[INFO] 2026-05-22 15:08:00,122 - Processed 700000/3443652 candidate edges
[INFO] 2026-05-22 15:08:00,622 - Processed 800000/3443652 candidate edges
[INFO] 2026-05-22 15:08:01,129 - Processed 900000/3443652 candidate edges
[INFO] 2026-05-22 15:08:01,635 - Processed 1000000/3443652 candidate edges
[INFO] 2026-05-22 15:08:02,148 - Processed 1100000/3443652 candidate edges
[INFO] 2026-05-22 15:08:02,652 - Processed 1200000/3443652 candidate edges
[INFO] 2026-05-22 15:08:03,162 - Processed 1300000/3443652 candidate edges
[INFO] 2026-05-22 15:08:03,693 - Processed 1400000/3443652 candidate edges
[INFO] 2026-05-22 15:08:04,215 - Processed 1500000/3443652 candidate edges
[INFO] 2026-05-22 15:08:04,725 - Processed 1600000/3443652 candidate edges
[INFO] 2026-05-22 15:08:05,232 - Processed 1700000/3443652 candidate edges
[INFO] 2026-05-22 15:08:05,739 - Processed 1800000/3443652 candidate edges
[INFO] 2026-05-22 15:08:06,246 - Processed 1900000/3443652 candidate edges
[INFO] 2026-05-22 15:08:06,752 - Processed 2000000/3443652 candidate edges
[INFO] 2026-05-22 15:08:07,258 - Processed 2100000/3443652 candidate edges
[INFO] 2026-05-22 15:08:07,763 - Processed 2200000/3443652 candidate edges
[INFO] 2026-05-22 15:08:08,304 - Processed 2300000/3443652 candidate edges
[INFO] 2026-05-22 15:08:08,861 - Processed 2400000/3443652 candidate edges
[INFO] 2026-05-22 15:08:09,404 - Processed 2500000/3443652 candidate edges
[INFO] 2026-05-22 15:08:09,943 - Processed 2600000/3443652 candidate edges
[INFO] 2026-05-22 15:08:10,492 - Processed 2700000/3443652 candidate edges
[INFO] 2026-05-22 15:08:11,035 - Processed 2800000/3443652 candidate edges
[INFO] 2026-05-22 15:08:11,574 - Processed 2900000/3443652 candidate edges
[INFO] 2026-05-22 15:08:12,104 - Processed 3000000/3443652 candidate edges
[INFO] 2026-05-22 15:08:12,649 - Processed 3100000/3443652 candidate edges
[INFO] 2026-05-22 15:08:13,239 - Processed 3200000/3443652 candidate edges
[INFO] 2026-05-22 15:08:13,800 - Processed 3300000/3443652 candidate edges
[INFO] 2026-05-22 15:08:14,350 - Processed 3400000/3443652 candidate edges
[INFO] 2026-05-22 15:08:14,601 - Consensus graph nodes=14475 edges=2728638
[INFO] 2026-05-22 15:08:14,601 - Running Louvain on consensus graph
[INFO] 2026-05-22 15:09:00,595 - Seed communities=5
[INFO] 2026-05-22 15:09:01,328 - Expanding community 0
[INFO] 2026-05-22 15:09:09,647 - Expanding community 1
[INFO] 2026-05-22 15:09:10,208 - Expanding community 2
[INFO] 2026-05-22 15:09:10,237 - Expanding community 3
[INFO] 2026-05-22 15:09:10,262 - Expanding community 4
[INFO] 2026-05-22 15:09:10,294 - [RUNTIME] 231.43s
[INFO] 2026-05-22 15:09:10,294 - 
========== EVALUATION ==========
[INFO] 2026-05-22 15:14:45,046 - [EVAL] Modularity=-0.0076
[INFO] 2026-05-22 15:14:45,046 - [EVAL] Surprise=0.0000
[INFO] 2026-05-22 15:14:45,046 - [EVAL] Keyword coherence=0.0000
[INFO] 2026-05-22 15:14:45,046 - [EVAL] Community stats={'num_communities': 5, 'avg_size': np.float64(2895.0), 'max_size': np.int64(11947), 'min_size': np.int64(2)}
[INFO] 2026-05-22 15:14:45,050 - [NMI DEBUG] matched_nodes=0
[INFO] 2026-05-22 15:14:45,051 - Saved results to results/dblp_ac_results.json
[INFO] 2026-05-22 15:14:45,058 - Saved communities to results/dblp_ac_communities.json
Note: to be able to use all crisp methods, you need to install some additional packages:  {'graph_tool', 'leidenalg', 'wurlitzer', 'infomap', 'bayanpy'}
Note: to be able to use all crisp methods, you need to install some additional packages:  {'ASLPAw', 'pyclustering'}
Note: to be able to use all crisp methods, you need to install some additional packages:  {'infomap', 'wurlitzer', 'leidenalg'}
[INFO] Dataset dir: /root/autodl-tmp/Hete_MASSE/datasets/DBLP

========== LOADING DBLP ==========
Authors: 14475
Papers: 14376
Conferences: 20
Terms: 8920
Paper-Author edges: 83588
Paper-Conference edges: 28752
Paper-Term edges: 229248

Total edges: 341588


============================================================
FINAL RESULTS
============================================================
modularity: -0.007627352674996305
surprise: 0
keyword_coherence: 0
nmi: 0
runtime_seconds: 231.43089962005615
community_statistics: {'num_communities': 5, 'avg_size': np.float64(2895.0), 'max_size': np.int64(11947), 'min_size': np.int64(2)}
============================================================
