[INFO] 2026-05-22 15:19:14,125 - [MATRIX] writes shape=(14376, 14475)
[INFO] 2026-05-22 15:19:14,146 - [MATRIX] be_written shape=(14475, 14376)
[INFO] 2026-05-22 15:19:14,153 - [MATRIX] published_in shape=(14376, 20)
[INFO] 2026-05-22 15:19:14,160 - [MATRIX] publish shape=(20, 14376)
[INFO] 2026-05-22 15:19:14,214 - [MATRIX] has_term shape=(14376, 8920)
[INFO] 2026-05-22 15:19:14,267 - [MATRIX] term_in shape=(8920, 14376)
[INFO] 2026-05-22 15:19:14,282 - 
========== Building A-P-A ==========
[INFO] 2026-05-22 15:19:14,285 - A-P-A matrix shape=(14475, 14475)
[INFO] 2026-05-22 15:19:14,488 - A-P-A nodes=14036 edges=40269 total_weight=114322.0000
[INFO] 2026-05-22 15:19:14,492 - 
========== Building A-P-T-P-A ==========
[INFO] 2026-05-22 15:19:22,872 - A-P-T-P-A matrix shape=(14475, 14475)
[INFO] 2026-05-22 15:20:05,587 - A-P-T-P-A nodes=13857 edges=2994431 total_weight=100701823.3337
[INFO] 2026-05-22 15:20:05,595 - 
========== Building A-P-C-P-A ==========
[INFO] 2026-05-22 15:20:07,448 - A-P-C-P-A matrix shape=(14475, 14475)
[INFO] 2026-05-22 15:20:21,523 - A-P-C-P-A nodes=14380 edges=1191844 total_weight=19193234.0000
[INFO] 2026-05-22 15:20:21,641 - Running community detection on A-P-A
[INFO] 2026-05-22 15:20:23,595 - A-P-A communities=613
[INFO] 2026-05-22 15:20:23,605 - Running community detection on A-P-T-P-A
[INFO] 2026-05-22 15:21:28,411 - A-P-T-P-A communities=2
[INFO] 2026-05-22 15:21:28,428 - Running community detection on A-P-C-P-A
[INFO] 2026-05-22 15:21:50,773 - A-P-C-P-A communities=4
[INFO] 2026-05-22 15:21:52,969 - Candidate edges=3443652
[INFO] 2026-05-22 15:21:55,472 - Processed 100000/3443652 candidate edges
[INFO] 2026-05-22 15:21:56,025 - Processed 200000/3443652 candidate edges
[INFO] 2026-05-22 15:21:56,572 - Processed 300000/3443652 candidate edges
[INFO] 2026-05-22 15:21:57,125 - Processed 400000/3443652 candidate edges
[INFO] 2026-05-22 15:21:57,663 - Processed 500000/3443652 candidate edges
[INFO] 2026-05-22 15:21:58,206 - Processed 600000/3443652 candidate edges
[INFO] 2026-05-22 15:21:58,763 - Processed 700000/3443652 candidate edges
[INFO] 2026-05-22 15:21:59,324 - Processed 800000/3443652 candidate edges
[INFO] 2026-05-22 15:21:59,868 - Processed 900000/3443652 candidate edges
[INFO] 2026-05-22 15:22:00,401 - Processed 1000000/3443652 candidate edges
[INFO] 2026-05-22 15:22:00,933 - Processed 1100000/3443652 candidate edges
[INFO] 2026-05-22 15:22:01,473 - Processed 1200000/3443652 candidate edges
[INFO] 2026-05-22 15:22:02,001 - Processed 1300000/3443652 candidate edges
[INFO] 2026-05-22 15:22:02,534 - Processed 1400000/3443652 candidate edges
[INFO] 2026-05-22 15:22:03,064 - Processed 1500000/3443652 candidate edges
[INFO] 2026-05-22 15:22:03,633 - Processed 1600000/3443652 candidate edges
[INFO] 2026-05-22 15:22:04,193 - Processed 1700000/3443652 candidate edges
[INFO] 2026-05-22 15:22:04,746 - Processed 1800000/3443652 candidate edges
[INFO] 2026-05-22 15:22:05,300 - Processed 1900000/3443652 candidate edges
[INFO] 2026-05-22 15:22:05,868 - Processed 2000000/3443652 candidate edges
[INFO] 2026-05-22 15:22:06,436 - Processed 2100000/3443652 candidate edges
[INFO] 2026-05-22 15:22:06,977 - Processed 2200000/3443652 candidate edges
[INFO] 2026-05-22 15:22:07,534 - Processed 2300000/3443652 candidate edges
[INFO] 2026-05-22 15:22:08,073 - Processed 2400000/3443652 candidate edges
[INFO] 2026-05-22 15:22:08,639 - Processed 2500000/3443652 candidate edges
[INFO] 2026-05-22 15:22:09,209 - Processed 2600000/3443652 candidate edges
[INFO] 2026-05-22 15:22:09,772 - Processed 2700000/3443652 candidate edges
[INFO] 2026-05-22 15:22:10,333 - Processed 2800000/3443652 candidate edges
[INFO] 2026-05-22 15:22:10,891 - Processed 2900000/3443652 candidate edges
[INFO] 2026-05-22 15:22:11,455 - Processed 3000000/3443652 candidate edges
[INFO] 2026-05-22 15:22:12,029 - Processed 3100000/3443652 candidate edges
[INFO] 2026-05-22 15:22:12,577 - Processed 3200000/3443652 candidate edges
[INFO] 2026-05-22 15:22:13,162 - Processed 3300000/3443652 candidate edges
[INFO] 2026-05-22 15:22:13,744 - Processed 3400000/3443652 candidate edges
[INFO] 2026-05-22 15:22:14,010 - Consensus graph nodes=14475 edges=2740045
[INFO] 2026-05-22 15:22:14,010 - Running Louvain on consensus graph
[INFO] 2026-05-22 15:22:56,073 - Seed communities=6
[INFO] 2026-05-22 15:22:56,817 - Expanding community 0
[INFO] 2026-05-22 15:23:05,150 - Expanding community 1
[INFO] 2026-05-22 15:23:05,768 - Expanding community 2
[INFO] 2026-05-22 15:23:05,803 - Expanding community 3
[INFO] 2026-05-22 15:23:05,833 - Expanding community 4
[INFO] 2026-05-22 15:23:05,859 - Expanding community 5
[INFO] 2026-05-22 15:23:05,897 - [RUNTIME] 231.92s
[INFO] 2026-05-22 15:23:05,897 - 
========== EVALUATION ==========
[INFO] 2026-05-22 15:28:38,640 - [EVAL] Modularity=-0.0076
[INFO] 2026-05-22 15:28:38,640 - [EVAL] Surprise=0.0000
[INFO] 2026-05-22 15:28:38,640 - [EVAL] Keyword coherence=0.0000
[INFO] 2026-05-22 15:28:38,640 - [EVAL] Community stats={'num_communities': 6, 'avg_size': np.float64(2412.5), 'max_size': np.int64(11961), 'min_size': np.int64(2)}
[INFO] 2026-05-22 15:28:38,645 - [NMI DEBUG] matched_nodes=0
[INFO] 2026-05-22 15:28:38,645 - Saved results to results/dblp_ac_results.json
[INFO] 2026-05-22 15:28:38,652 - Saved communities to results/dblp_ac_communities.json
Note: to be able to use all crisp methods, you need to install some additional packages:  {'wurlitzer', 'infomap', 'graph_tool', 'bayanpy', 'leidenalg'}
Note: to be able to use all crisp methods, you need to install some additional packages:  {'ASLPAw', 'pyclustering'}
Note: to be able to use all crisp methods, you need to install some additional packages:  {'leidenalg', 'wurlitzer', 'infomap'}
[INFO] Dataset dir: /root/autodl-tmp/Hete_MASSE/datasets/DBLP

========== LOADING DBLP ==========
Authors: 14475
Papers: 14376
Conferences: 20
Terms: 8920
Paper-Author edges: 83588
Paper-Conference edges: 28752
Paper-Term edges: 229248

Total edges: 341588


============================================================
FINAL RESULTS
============================================================
modularity: -0.007622629681300612
surprise: 0
keyword_coherence: 0
nmi: 0
runtime_seconds: 231.9248538017273
community_statistics: {'num_communities': 6, 'avg_size': np.float64(2412.5), 'max_size': np.int64(11961), 'min_size': np.int64(2)}
============================================================
