[INFO] 2026-05-22 17:51:44,095 - [MATRIX] writes shape=(14376, 14475)
[INFO] 2026-05-22 17:51:44,129 - [MATRIX] be_written shape=(14475, 14376)
[INFO] 2026-05-22 17:51:44,140 - [MATRIX] published_in shape=(14376, 20)
[INFO] 2026-05-22 17:51:44,150 - [MATRIX] publish shape=(20, 14376)
[INFO] 2026-05-22 17:51:44,236 - [MATRIX] has_term shape=(14376, 8920)
[INFO] 2026-05-22 17:51:44,319 - [MATRIX] term_in shape=(8920, 14376)
[INFO] 2026-05-22 17:51:44,334 - 
========== Building A-P-A ==========
[INFO] 2026-05-22 17:51:44,338 - A-P-A matrix shape=(14475, 14475)
[INFO] 2026-05-22 17:51:44,397 - A-P-A nodes=5264 edges=8789 total_weight=51362.0000
[INFO] 2026-05-22 17:51:44,398 - 
========== Building A-P-C-P-A ==========
[INFO] 2026-05-22 17:51:46,137 - A-P-C-P-A matrix shape=(14475, 14475)
[INFO] 2026-05-22 17:52:00,448 - A-P-C-P-A nodes=14380 edges=1191844 total_weight=19193234.0000
[INFO] 2026-05-22 17:52:00,599 - Running community detection on A-P-A
[INFO] 2026-05-22 17:52:01,121 - A-P-A communities=638
[INFO] 2026-05-22 17:52:01,129 - Running community detection on A-P-C-P-A
[INFO] 2026-05-22 17:52:21,778 - A-P-C-P-A communities=4
[INFO] 2026-05-22 17:52:22,364 - Candidate edges=1195267
Note: to be able to use all crisp methods, you need to install some additional packages:  {'bayanpy', 'wurlitzer', 'leidenalg', 'infomap', 'graph_tool'}
Note: to be able to use all crisp methods, you need to install some additional packages:  {'ASLPAw', 'pyclustering'}
Note: to be able to use all crisp methods, you need to install some additional packages:  {'leidenalg', 'wurlitzer', 'infomap'}

========== LOADING DBLP ==========
Authors: 14475
Papers: 14376
Conferences: 20
Terms: 8920
Paper-Author edges: 83588
Paper-Conference edges: 28752
Paper-Term edges: 229248

Total edges: 341588
Traceback (most recent call last):
  File "/root/autodl-tmp/Hete_MASSE/experiments/run_hete_masse.py", line 106, in <module>
    seed_comms = detect_seed_communities(
  File "/root/autodl-tmp/Hete_MASSE/core/consensus.py", line 195, in detect_seed_communities
    total_weight
ZeroDivisionError: division by zero
