[INFO] 2026-05-22 15:39:43,045 - [MATRIX] writes shape=(14376, 14475)
[INFO] 2026-05-22 15:39:43,067 - [MATRIX] be_written shape=(14475, 14376)
[INFO] 2026-05-22 15:39:43,074 - [MATRIX] published_in shape=(14376, 20)
[INFO] 2026-05-22 15:39:43,080 - [MATRIX] publish shape=(20, 14376)
[INFO] 2026-05-22 15:39:43,135 - [MATRIX] has_term shape=(14376, 8920)
[INFO] 2026-05-22 15:39:43,187 - [MATRIX] term_in shape=(8920, 14376)
[INFO] 2026-05-22 15:39:43,202 - 
========== Building A-P-A ==========
[INFO] 2026-05-22 15:39:43,205 - A-P-A matrix shape=(14475, 14475)
[INFO] 2026-05-22 15:39:43,407 - A-P-A nodes=14036 edges=40269 total_weight=114322.0000
[INFO] 2026-05-22 15:39:43,411 - 
========== Building A-P-T-P-A ==========
[INFO] 2026-05-22 15:39:51,790 - A-P-T-P-A matrix shape=(14475, 14475)
[INFO] 2026-05-22 15:40:33,951 - A-P-T-P-A nodes=13857 edges=2994431 total_weight=100701823.3337
[INFO] 2026-05-22 15:40:33,961 - 
========== Building A-P-C-P-A ==========
[INFO] 2026-05-22 15:40:35,789 - A-P-C-P-A matrix shape=(14475, 14475)
[INFO] 2026-05-22 15:40:49,841 - A-P-C-P-A nodes=14380 edges=1191844 total_weight=19193234.0000
[INFO] 2026-05-22 15:40:49,959 - Running community detection on A-P-A
[INFO] 2026-05-22 15:40:51,974 - A-P-A communities=614
[INFO] 2026-05-22 15:40:51,984 - Running community detection on A-P-T-P-A
[INFO] 2026-05-22 15:42:53,198 - A-P-T-P-A communities=2
[INFO] 2026-05-22 15:42:53,216 - Running community detection on A-P-C-P-A
[INFO] 2026-05-22 15:43:13,557 - A-P-C-P-A communities=4
[INFO] 2026-05-22 15:43:15,911 - Candidate edges=3443652
[INFO] 2026-05-22 15:43:18,522 - Processed 100000/3443652 candidate edges
[INFO] 2026-05-22 15:43:19,105 - Processed 200000/3443652 candidate edges
[INFO] 2026-05-22 15:43:19,636 - Processed 300000/3443652 candidate edges
[INFO] 2026-05-22 15:43:20,148 - Processed 400000/3443652 candidate edges
[INFO] 2026-05-22 15:43:20,653 - Processed 500000/3443652 candidate edges
[INFO] 2026-05-22 15:43:21,173 - Processed 600000/3443652 candidate edges
[INFO] 2026-05-22 15:43:21,678 - Processed 700000/3443652 candidate edges
[INFO] 2026-05-22 15:43:22,179 - Processed 800000/3443652 candidate edges
[INFO] 2026-05-22 15:43:22,680 - Processed 900000/3443652 candidate edges
[INFO] 2026-05-22 15:43:23,193 - Processed 1000000/3443652 candidate edges
[INFO] 2026-05-22 15:43:23,694 - Processed 1100000/3443652 candidate edges
[INFO] 2026-05-22 15:43:24,198 - Processed 1200000/3443652 candidate edges
[INFO] 2026-05-22 15:43:24,735 - Processed 1300000/3443652 candidate edges
[INFO] 2026-05-22 15:43:25,269 - Processed 1400000/3443652 candidate edges
[INFO] 2026-05-22 15:43:25,782 - Processed 1500000/3443652 candidate edges
[INFO] 2026-05-22 15:43:26,295 - Processed 1600000/3443652 candidate edges
[INFO] 2026-05-22 15:43:26,804 - Processed 1700000/3443652 candidate edges
[INFO] 2026-05-22 15:43:27,322 - Processed 1800000/3443652 candidate edges
[INFO] 2026-05-22 15:43:27,835 - Processed 1900000/3443652 candidate edges
[INFO] 2026-05-22 15:43:28,342 - Processed 2000000/3443652 candidate edges
[INFO] 2026-05-22 15:43:28,851 - Processed 2100000/3443652 candidate edges
[INFO] 2026-05-22 15:43:29,368 - Processed 2200000/3443652 candidate edges
[INFO] 2026-05-22 15:43:29,890 - Processed 2300000/3443652 candidate edges
[INFO] 2026-05-22 15:43:30,406 - Processed 2400000/3443652 candidate edges
[INFO] 2026-05-22 15:43:30,938 - Processed 2500000/3443652 candidate edges
[INFO] 2026-05-22 15:43:31,495 - Processed 2600000/3443652 candidate edges
[INFO] 2026-05-22 15:43:32,050 - Processed 2700000/3443652 candidate edges
[INFO] 2026-05-22 15:43:32,600 - Processed 2800000/3443652 candidate edges
[INFO] 2026-05-22 15:43:33,147 - Processed 2900000/3443652 candidate edges
[INFO] 2026-05-22 15:43:33,712 - Processed 3000000/3443652 candidate edges
[INFO] 2026-05-22 15:43:34,263 - Processed 3100000/3443652 candidate edges
[INFO] 2026-05-22 15:43:34,810 - Processed 3200000/3443652 candidate edges
[INFO] 2026-05-22 15:43:35,392 - Processed 3300000/3443652 candidate edges
[INFO] 2026-05-22 15:43:35,968 - Processed 3400000/3443652 candidate edges
[INFO] 2026-05-22 15:43:36,234 - Consensus graph nodes=14475 edges=2739946
[INFO] 2026-05-22 15:43:36,234 - Running Louvain on consensus graph
[INFO] 2026-05-22 15:44:17,690 - Seed communities=4
[INFO] 2026-05-22 15:44:18,439 - Expanding community 0
[INFO] 2026-05-22 15:44:27,147 - Expanding community 1
[INFO] 2026-05-22 15:44:27,708 - Expanding community 2
[INFO] 2026-05-22 15:44:27,750 - Expanding community 3
[INFO] 2026-05-22 15:44:27,785 - [RUNTIME] 284.89s
[INFO] 2026-05-22 15:44:27,785 - 
========== EVALUATION ==========
[INFO] 2026-05-22 15:49:56,790 - [EVAL] Modularity=-0.0076
[INFO] 2026-05-22 15:49:56,790 - [EVAL] Surprise=0.0000
[INFO] 2026-05-22 15:49:56,790 - [EVAL] Keyword coherence=0.0000
[INFO] 2026-05-22 15:49:56,790 - [EVAL] Community stats={'num_communities': 4, 'avg_size': np.float64(3618.75), 'max_size': np.int64(11951), 'min_size': np.int64(2)}
[INFO] 2026-05-22 15:49:56,796 - [NMI DEBUG] matched_nodes=4057
[INFO] 2026-05-22 15:49:56,801 - [NMI] 0.0052
[INFO] 2026-05-22 15:49:56,802 - Saved results to results/dblp_ac_results.json
[INFO] 2026-05-22 15:49:56,808 - Saved communities to results/dblp_ac_communities.json
Note: to be able to use all crisp methods, you need to install some additional packages:  {'wurlitzer', 'leidenalg', 'bayanpy', 'graph_tool', 'infomap'}
Note: to be able to use all crisp methods, you need to install some additional packages:  {'pyclustering', 'ASLPAw'}
Note: to be able to use all crisp methods, you need to install some additional packages:  {'leidenalg', 'infomap', 'wurlitzer'}
[INFO] Dataset dir: /root/autodl-tmp/Hete_MASSE/datasets/DBLP

========== LOADING DBLP ==========
Authors: 14475
Papers: 14376
Conferences: 20
Terms: 8920
Paper-Author edges: 83588
Paper-Conference edges: 28752
Paper-Term edges: 229248

Total edges: 341588


============================================================
FINAL RESULTS
============================================================
modularity: -0.007611063888704799
surprise: 0
keyword_coherence: 0
nmi: 0.005174708954114969
runtime_seconds: 284.8904151916504
community_statistics: {'num_communities': 4, 'avg_size': np.float64(3618.75), 'max_size': np.int64(11951), 'min_size': np.int64(2)}
============================================================
