[INFO] 2026-05-21 00:11:54,409 - [MATRIX] writes shape=(14376, 14475)
[INFO] 2026-05-21 00:11:54,443 - [MATRIX] be_written shape=(14475, 14376)
[INFO] 2026-05-21 00:11:54,454 - [MATRIX] published_in shape=(14376, 20)
[INFO] 2026-05-21 00:11:54,465 - [MATRIX] publish shape=(20, 14376)
[INFO] 2026-05-21 00:11:54,555 - [MATRIX] has_term shape=(14376, 8920)
[INFO] 2026-05-21 00:11:54,646 - [MATRIX] term_in shape=(8920, 14376)
[INFO] 2026-05-21 00:11:54,665 - 
========== Building A-P-A ==========
[INFO] 2026-05-21 00:11:54,670 - A-P-A matrix shape=(14475, 14475)
[INFO] 2026-05-21 00:11:55,114 - A-P-A nodes=14036 edges=40269 total_weight=114322.0000
[INFO] 2026-05-21 00:11:55,114 - 
========== Building A-P-T-P-A ==========
[INFO] 2026-05-21 00:12:03,864 - A-P-T-P-A matrix shape=(14475, 14475)
[INFO] 2026-05-21 00:19:10,820 - A-P-T-P-A nodes=14475 edges=63406282 total_weight=235980581.4644
[INFO] 2026-05-21 00:19:10,820 - 
========== Building A-P-C-P-A ==========
[INFO] 2026-05-21 00:19:12,627 - A-P-C-P-A matrix shape=(14475, 14475)
[INFO] 2026-05-21 00:21:23,220 - A-P-C-P-A nodes=14475 edges=19445349 total_weight=45443186.0105
[INFO] 2026-05-21 00:21:24,980 - Running community detection on A-P-A
[INFO] 2026-05-21 00:21:26,821 - A-P-A communities=615
[INFO] 2026-05-21 00:21:26,822 - Running community detection on A-P-T-P-A
[INFO] 2026-05-21 01:05:05,711 - A-P-T-P-A communities=8
[INFO] 2026-05-21 01:05:05,713 - Running community detection on A-P-C-P-A
[INFO] 2026-05-21 01:11:40,922 - A-P-C-P-A communities=4
[INFO] 2026-05-21 01:13:16,816 - Candidate edges=68066212
[INFO] 2026-05-21 01:13:17,551 - Processed 100000/68066212 candidate edges
[INFO] 2026-05-21 01:13:18,212 - Processed 200000/68066212 candidate edges
[INFO] 2026-05-21 01:13:18,838 - Processed 300000/68066212 candidate edges
[INFO] 2026-05-21 01:13:19,449 - Processed 400000/68066212 candidate edges
[INFO] 2026-05-21 01:13:20,041 - Processed 500000/68066212 candidate edges
[INFO] 2026-05-21 01:13:20,632 - Processed 600000/68066212 candidate edges
[INFO] 2026-05-21 01:13:21,216 - Processed 700000/68066212 candidate edges
[INFO] 2026-05-21 01:13:21,791 - Processed 800000/68066212 candidate edges
[INFO] 2026-05-21 01:13:22,364 - Processed 900000/68066212 candidate edges
[INFO] 2026-05-21 01:13:22,948 - Processed 1000000/68066212 candidate edges
[INFO] 2026-05-21 01:13:23,511 - Processed 1100000/68066212 candidate edges
[INFO] 2026-05-21 01:13:24,071 - Processed 1200000/68066212 candidate edges
[INFO] 2026-05-21 01:13:24,622 - Processed 1300000/68066212 candidate edges
[INFO] 2026-05-21 01:13:25,186 - Processed 1400000/68066212 candidate edges
[INFO] 2026-05-21 01:13:25,737 - Processed 1500000/68066212 candidate edges
[INFO] 2026-05-21 01:13:26,279 - Processed 1600000/68066212 candidate edges
[INFO] 2026-05-21 01:13:26,816 - Processed 1700000/68066212 candidate edges
[INFO] 2026-05-21 01:13:27,378 - Processed 1800000/68066212 candidate edges
[INFO] 2026-05-21 01:13:27,932 - Processed 1900000/68066212 candidate edges
[INFO] 2026-05-21 01:13:28,471 - Processed 2000000/68066212 candidate edges
[INFO] 2026-05-21 01:13:29,003 - Processed 2100000/68066212 candidate edges
[INFO] 2026-05-21 01:13:29,544 - Processed 2200000/68066212 candidate edges
[INFO] 2026-05-21 01:13:30,068 - Processed 2300000/68066212 candidate edges
[INFO] 2026-05-21 01:13:30,595 - Processed 2400000/68066212 candidate edges
[INFO] 2026-05-21 01:13:31,113 - Processed 2500000/68066212 candidate edges
[INFO] 2026-05-21 01:13:31,657 - Processed 2600000/68066212 candidate edges
[INFO] 2026-05-21 01:13:32,195 - Processed 2700000/68066212 candidate edges
[INFO] 2026-05-21 01:13:32,713 - Processed 2800000/68066212 candidate edges
[INFO] 2026-05-21 01:13:33,251 - Processed 2900000/68066212 candidate edges
[INFO] 2026-05-21 01:13:33,788 - Processed 3000000/68066212 candidate edges
[INFO] 2026-05-21 01:13:34,340 - Processed 3100000/68066212 candidate edges
[INFO] 2026-05-21 01:13:34,875 - Processed 3200000/68066212 candidate edges
[INFO] 2026-05-21 01:13:35,401 - Processed 3300000/68066212 candidate edges
[INFO] 2026-05-21 01:13:35,914 - Processed 3400000/68066212 candidate edges
[INFO] 2026-05-21 01:13:36,445 - Processed 3500000/68066212 candidate edges
[INFO] 2026-05-21 01:13:36,958 - Processed 3600000/68066212 candidate edges
[INFO] 2026-05-21 01:13:37,471 - Processed 3700000/68066212 candidate edges
[INFO] 2026-05-21 01:13:37,986 - Processed 3800000/68066212 candidate edges
[INFO] 2026-05-21 01:13:38,511 - Processed 3900000/68066212 candidate edges
[INFO] 2026-05-21 01:13:39,029 - Processed 4000000/68066212 candidate edges
[INFO] 2026-05-21 01:13:39,540 - Processed 4100000/68066212 candidate edges
[INFO] 2026-05-21 01:13:40,052 - Processed 4200000/68066212 candidate edges
[INFO] 2026-05-21 01:13:40,573 - Processed 4300000/68066212 candidate edges
[INFO] 2026-05-21 01:13:41,105 - Processed 4400000/68066212 candidate edges
[INFO] 2026-05-21 01:13:41,615 - Processed 4500000/68066212 candidate edges
[INFO] 2026-05-21 01:13:42,120 - Processed 4600000/68066212 candidate edges
[INFO] 2026-05-21 01:13:42,635 - Processed 4700000/68066212 candidate edges
[INFO] 2026-05-21 01:13:43,161 - Processed 4800000/68066212 candidate edges
[INFO] 2026-05-21 01:13:43,671 - Processed 4900000/68066212 candidate edges
[INFO] 2026-05-21 01:13:44,180 - Processed 5000000/68066212 candidate edges
[INFO] 2026-05-21 01:13:44,688 - Processed 5100000/68066212 candidate edges
[INFO] 2026-05-21 01:13:45,215 - Processed 5200000/68066212 candidate edges
[INFO] 2026-05-21 01:13:45,732 - Processed 5300000/68066212 candidate edges
[INFO] 2026-05-21 01:13:46,248 - Processed 5400000/68066212 candidate edges
[INFO] 2026-05-21 01:13:46,760 - Processed 5500000/68066212 candidate edges
[INFO] 2026-05-21 01:13:47,290 - Processed 5600000/68066212 candidate edges
[INFO] 2026-05-21 01:13:47,838 - Processed 5700000/68066212 candidate edges
[INFO] 2026-05-21 01:13:48,357 - Processed 5800000/68066212 candidate edges
[INFO] 2026-05-21 01:13:48,906 - Processed 5900000/68066212 candidate edges
[INFO] 2026-05-21 01:13:49,466 - Processed 6000000/68066212 candidate edges
[INFO] 2026-05-21 01:13:50,030 - Processed 6100000/68066212 candidate edges
[INFO] 2026-05-21 01:13:50,573 - Processed 6200000/68066212 candidate edges
[INFO] 2026-05-21 01:13:51,104 - Processed 6300000/68066212 candidate edges
[INFO] 2026-05-21 01:13:51,633 - Processed 6400000/68066212 candidate edges
[INFO] 2026-05-21 01:13:52,166 - Processed 6500000/68066212 candidate edges
[INFO] 2026-05-21 01:13:52,691 - Processed 6600000/68066212 candidate edges
[INFO] 2026-05-21 01:13:53,222 - Processed 6700000/68066212 candidate edges
[INFO] 2026-05-21 01:13:53,747 - Processed 6800000/68066212 candidate edges
[INFO] 2026-05-21 01:13:54,289 - Processed 6900000/68066212 candidate edges
[INFO] 2026-05-21 01:13:54,820 - Processed 7000000/68066212 candidate edges
[INFO] 2026-05-21 01:13:55,340 - Processed 7100000/68066212 candidate edges
[INFO] 2026-05-21 01:13:55,862 - Processed 7200000/68066212 candidate edges
[INFO] 2026-05-21 01:13:56,402 - Processed 7300000/68066212 candidate edges
[INFO] 2026-05-21 01:13:56,944 - Processed 7400000/68066212 candidate edges
[INFO] 2026-05-21 01:13:57,483 - Processed 7500000/68066212 candidate edges
[INFO] 2026-05-21 01:13:58,032 - Processed 7600000/68066212 candidate edges
[INFO] 2026-05-21 01:13:58,585 - Processed 7700000/68066212 candidate edges
[INFO] 2026-05-21 01:13:59,138 - Processed 7800000/68066212 candidate edges
[INFO] 2026-05-21 01:13:59,681 - Processed 7900000/68066212 candidate edges
[INFO] 2026-05-21 01:14:00,227 - Processed 8000000/68066212 candidate edges
[INFO] 2026-05-21 01:14:00,766 - Processed 8100000/68066212 candidate edges
[INFO] 2026-05-21 01:14:01,312 - Processed 8200000/68066212 candidate edges
[INFO] 2026-05-21 01:14:01,846 - Processed 8300000/68066212 candidate edges
[INFO] 2026-05-21 01:14:02,382 - Processed 8400000/68066212 candidate edges
[INFO] 2026-05-21 01:14:02,931 - Processed 8500000/68066212 candidate edges
[INFO] 2026-05-21 01:14:03,513 - Processed 8600000/68066212 candidate edges
[INFO] 2026-05-21 01:14:04,101 - Processed 8700000/68066212 candidate edges
[INFO] 2026-05-21 01:14:04,684 - Processed 8800000/68066212 candidate edges
[INFO] 2026-05-21 01:14:05,282 - Processed 8900000/68066212 candidate edges
[INFO] 2026-05-21 01:14:05,865 - Processed 9000000/68066212 candidate edges
[INFO] 2026-05-21 01:14:06,411 - Processed 9100000/68066212 candidate edges
[INFO] 2026-05-21 01:14:06,950 - Processed 9200000/68066212 candidate edges
[INFO] 2026-05-21 01:14:07,485 - Processed 9300000/68066212 candidate edges
[INFO] 2026-05-21 01:14:08,028 - Processed 9400000/68066212 candidate edges
[INFO] 2026-05-21 01:14:08,560 - Processed 9500000/68066212 candidate edges
[INFO] 2026-05-21 01:14:09,089 - Processed 9600000/68066212 candidate edges
[INFO] 2026-05-21 01:14:09,618 - Processed 9700000/68066212 candidate edges
[INFO] 2026-05-21 01:14:10,148 - Processed 9800000/68066212 candidate edges
[INFO] 2026-05-21 01:14:10,670 - Processed 9900000/68066212 candidate edges
[INFO] 2026-05-21 01:14:11,206 - Processed 10000000/68066212 candidate edges
[INFO] 2026-05-21 01:14:11,735 - Processed 10100000/68066212 candidate edges
[INFO] 2026-05-21 01:14:12,288 - Processed 10200000/68066212 candidate edges
[INFO] 2026-05-21 01:14:12,837 - Processed 10300000/68066212 candidate edges
[INFO] 2026-05-21 01:14:13,385 - Processed 10400000/68066212 candidate edges
[INFO] 2026-05-21 01:14:13,936 - Processed 10500000/68066212 candidate edges
[INFO] 2026-05-21 01:14:14,514 - Processed 10600000/68066212 candidate edges
[INFO] 2026-05-21 01:14:15,068 - Processed 10700000/68066212 candidate edges
[INFO] 2026-05-21 01:14:15,633 - Processed 10800000/68066212 candidate edges
[INFO] 2026-05-21 01:14:16,186 - Processed 10900000/68066212 candidate edges
[INFO] 2026-05-21 01:14:16,757 - Processed 11000000/68066212 candidate edges
[INFO] 2026-05-21 01:14:17,307 - Processed 11100000/68066212 candidate edges
[INFO] 2026-05-21 01:14:17,857 - Processed 11200000/68066212 candidate edges
[INFO] 2026-05-21 01:14:18,404 - Processed 11300000/68066212 candidate edges
[INFO] 2026-05-21 01:14:18,951 - Processed 11400000/68066212 candidate edges
[INFO] 2026-05-21 01:14:19,502 - Processed 11500000/68066212 candidate edges
[INFO] 2026-05-21 01:14:20,051 - Processed 11600000/68066212 candidate edges
[INFO] 2026-05-21 01:14:20,596 - Processed 11700000/68066212 candidate edges
[INFO] 2026-05-21 01:14:21,139 - Processed 11800000/68066212 candidate edges
[INFO] 2026-05-21 01:14:21,683 - Processed 11900000/68066212 candidate edges
[INFO] 2026-05-21 01:14:22,223 - Processed 12000000/68066212 candidate edges
[INFO] 2026-05-21 01:14:22,771 - Processed 12100000/68066212 candidate edges
[INFO] 2026-05-21 01:14:23,309 - Processed 12200000/68066212 candidate edges
[INFO] 2026-05-21 01:14:23,874 - Processed 12300000/68066212 candidate edges
[INFO] 2026-05-21 01:14:24,432 - Processed 12400000/68066212 candidate edges
[INFO] 2026-05-21 01:14:24,969 - Processed 12500000/68066212 candidate edges
[INFO] 2026-05-21 01:14:25,515 - Processed 12600000/68066212 candidate edges
[INFO] 2026-05-21 01:14:26,061 - Processed 12700000/68066212 candidate edges
[INFO] 2026-05-21 01:14:26,586 - Processed 12800000/68066212 candidate edges
[INFO] 2026-05-21 01:14:27,108 - Processed 12900000/68066212 candidate edges
[INFO] 2026-05-21 01:14:27,636 - Processed 13000000/68066212 candidate edges
[INFO] 2026-05-21 01:14:28,185 - Processed 13100000/68066212 candidate edges
[INFO] 2026-05-21 01:14:28,708 - Processed 13200000/68066212 candidate edges
[INFO] 2026-05-21 01:14:29,242 - Processed 13300000/68066212 candidate edges
[INFO] 2026-05-21 01:14:29,783 - Processed 13400000/68066212 candidate edges
[INFO] 2026-05-21 01:14:30,341 - Processed 13500000/68066212 candidate edges
[INFO] 2026-05-21 01:14:30,882 - Processed 13600000/68066212 candidate edges
[INFO] 2026-05-21 01:14:31,414 - Processed 13700000/68066212 candidate edges
[INFO] 2026-05-21 01:14:31,947 - Processed 13800000/68066212 candidate edges
[INFO] 2026-05-21 01:14:32,484 - Processed 13900000/68066212 candidate edges
[INFO] 2026-05-21 01:14:33,018 - Processed 14000000/68066212 candidate edges
[INFO] 2026-05-21 01:14:33,554 - Processed 14100000/68066212 candidate edges
[INFO] 2026-05-21 01:14:34,088 - Processed 14200000/68066212 candidate edges
[INFO] 2026-05-21 01:14:34,612 - Processed 14300000/68066212 candidate edges
[INFO] 2026-05-21 01:14:35,149 - Processed 14400000/68066212 candidate edges
[INFO] 2026-05-21 01:14:35,693 - Processed 14500000/68066212 candidate edges
[INFO] 2026-05-21 01:14:36,232 - Processed 14600000/68066212 candidate edges
[INFO] 2026-05-21 01:14:36,779 - Processed 14700000/68066212 candidate edges
[INFO] 2026-05-21 01:14:37,331 - Processed 14800000/68066212 candidate edges
[INFO] 2026-05-21 01:14:37,872 - Processed 14900000/68066212 candidate edges
[INFO] 2026-05-21 01:14:38,410 - Processed 15000000/68066212 candidate edges
[INFO] 2026-05-21 01:14:38,951 - Processed 15100000/68066212 candidate edges
[INFO] 2026-05-21 01:14:39,492 - Processed 15200000/68066212 candidate edges
[INFO] 2026-05-21 01:14:40,027 - Processed 15300000/68066212 candidate edges
[INFO] 2026-05-21 01:14:40,562 - Processed 15400000/68066212 candidate edges
[INFO] 2026-05-21 01:14:41,089 - Processed 15500000/68066212 candidate edges
[INFO] 2026-05-21 01:14:41,637 - Processed 15600000/68066212 candidate edges
[INFO] 2026-05-21 01:14:42,176 - Processed 15700000/68066212 candidate edges
[INFO] 2026-05-21 01:14:42,727 - Processed 15800000/68066212 candidate edges
[INFO] 2026-05-21 01:14:43,281 - Processed 15900000/68066212 candidate edges
[INFO] 2026-05-21 01:14:43,843 - Processed 16000000/68066212 candidate edges
[INFO] 2026-05-21 01:14:44,392 - Processed 16100000/68066212 candidate edges
[INFO] 2026-05-21 01:14:44,947 - Processed 16200000/68066212 candidate edges
[INFO] 2026-05-21 01:14:45,500 - Processed 16300000/68066212 candidate edges
[INFO] 2026-05-21 01:14:46,061 - Processed 16400000/68066212 candidate edges
[INFO] 2026-05-21 01:14:46,595 - Processed 16500000/68066212 candidate edges
[INFO] 2026-05-21 01:14:47,116 - Processed 16600000/68066212 candidate edges
[INFO] 2026-05-21 01:14:47,633 - Processed 16700000/68066212 candidate edges
[INFO] 2026-05-21 01:14:48,154 - Processed 16800000/68066212 candidate edges
[INFO] 2026-05-21 01:14:48,693 - Processed 16900000/68066212 candidate edges
[INFO] 2026-05-21 01:14:49,218 - Processed 17000000/68066212 candidate edges
[INFO] 2026-05-21 01:14:49,742 - Processed 17100000/68066212 candidate edges
[INFO] 2026-05-21 01:14:50,274 - Processed 17200000/68066212 candidate edges
[INFO] 2026-05-21 01:14:50,808 - Processed 17300000/68066212 candidate edges
[INFO] 2026-05-21 01:14:51,341 - Processed 17400000/68066212 candidate edges
[INFO] 2026-05-21 01:14:51,868 - Processed 17500000/68066212 candidate edges
[INFO] 2026-05-21 01:14:52,384 - Processed 17600000/68066212 candidate edges
[INFO] 2026-05-21 01:14:52,922 - Processed 17700000/68066212 candidate edges
[INFO] 2026-05-21 01:14:53,457 - Processed 17800000/68066212 candidate edges
[INFO] 2026-05-21 01:14:53,998 - Processed 17900000/68066212 candidate edges
[INFO] 2026-05-21 01:14:54,548 - Processed 18000000/68066212 candidate edges
[INFO] 2026-05-21 01:14:55,109 - Processed 18100000/68066212 candidate edges
[INFO] 2026-05-21 01:14:55,655 - Processed 18200000/68066212 candidate edges
[INFO] 2026-05-21 01:14:56,201 - Processed 18300000/68066212 candidate edges
[INFO] 2026-05-21 01:14:56,740 - Processed 18400000/68066212 candidate edges
[INFO] 2026-05-21 01:14:57,289 - Processed 18500000/68066212 candidate edges
[INFO] 2026-05-21 01:14:57,825 - Processed 18600000/68066212 candidate edges
[INFO] 2026-05-21 01:14:58,359 - Processed 18700000/68066212 candidate edges
[INFO] 2026-05-21 01:14:58,913 - Processed 18800000/68066212 candidate edges
[INFO] 2026-05-21 01:14:59,457 - Processed 18900000/68066212 candidate edges
[INFO] 2026-05-21 01:15:00,015 - Processed 19000000/68066212 candidate edges
[INFO] 2026-05-21 01:15:00,597 - Processed 19100000/68066212 candidate edges
[INFO] 2026-05-21 01:15:01,177 - Processed 19200000/68066212 candidate edges
[INFO] 2026-05-21 01:15:01,780 - Processed 19300000/68066212 candidate edges
[INFO] 2026-05-21 01:15:02,364 - Processed 19400000/68066212 candidate edges
[INFO] 2026-05-21 01:15:02,897 - Processed 19500000/68066212 candidate edges
[INFO] 2026-05-21 01:15:03,426 - Processed 19600000/68066212 candidate edges
[INFO] 2026-05-21 01:15:03,952 - Processed 19700000/68066212 candidate edges
[INFO] 2026-05-21 01:15:04,463 - Processed 19800000/68066212 candidate edges
[INFO] 2026-05-21 01:15:05,006 - Processed 19900000/68066212 candidate edges
[INFO] 2026-05-21 01:15:05,544 - Processed 20000000/68066212 candidate edges
[INFO] 2026-05-21 01:15:06,060 - Processed 20100000/68066212 candidate edges
[INFO] 2026-05-21 01:15:06,579 - Processed 20200000/68066212 candidate edges
[INFO] 2026-05-21 01:15:07,093 - Processed 20300000/68066212 candidate edges
[INFO] 2026-05-21 01:15:07,611 - Processed 20400000/68066212 candidate edges
[INFO] 2026-05-21 01:15:08,133 - Processed 20500000/68066212 candidate edges
[INFO] 2026-05-21 01:15:08,669 - Processed 20600000/68066212 candidate edges
[INFO] 2026-05-21 01:15:09,197 - Processed 20700000/68066212 candidate edges
[INFO] 2026-05-21 01:15:09,726 - Processed 20800000/68066212 candidate edges
[INFO] 2026-05-21 01:15:10,256 - Processed 20900000/68066212 candidate edges
[INFO] 2026-05-21 01:15:10,799 - Processed 21000000/68066212 candidate edges
[INFO] 2026-05-21 01:15:11,327 - Processed 21100000/68066212 candidate edges
[INFO] 2026-05-21 01:15:11,850 - Processed 21200000/68066212 candidate edges
[INFO] 2026-05-21 01:15:12,367 - Processed 21300000/68066212 candidate edges
[INFO] 2026-05-21 01:15:12,897 - Processed 21400000/68066212 candidate edges
[INFO] 2026-05-21 01:15:13,415 - Processed 21500000/68066212 candidate edges
[INFO] 2026-05-21 01:15:13,941 - Processed 21600000/68066212 candidate edges
[INFO] 2026-05-21 01:15:14,473 - Processed 21700000/68066212 candidate edges
[INFO] 2026-05-21 01:15:14,987 - Processed 21800000/68066212 candidate edges
[INFO] 2026-05-21 01:15:15,536 - Processed 21900000/68066212 candidate edges
[INFO] 2026-05-21 01:15:16,082 - Processed 22000000/68066212 candidate edges
[INFO] 2026-05-21 01:15:16,631 - Processed 22100000/68066212 candidate edges
[INFO] 2026-05-21 01:15:17,171 - Processed 22200000/68066212 candidate edges
[INFO] 2026-05-21 01:15:17,698 - Processed 22300000/68066212 candidate edges
[INFO] 2026-05-21 01:15:18,211 - Processed 22400000/68066212 candidate edges
[INFO] 2026-05-21 01:15:18,720 - Processed 22500000/68066212 candidate edges
[INFO] 2026-05-21 01:15:19,229 - Processed 22600000/68066212 candidate edges
[INFO] 2026-05-21 01:15:19,746 - Processed 22700000/68066212 candidate edges
[INFO] 2026-05-21 01:15:20,255 - Processed 22800000/68066212 candidate edges
[INFO] 2026-05-21 01:15:20,761 - Processed 22900000/68066212 candidate edges
[INFO] 2026-05-21 01:15:21,265 - Processed 23000000/68066212 candidate edges
[INFO] 2026-05-21 01:15:21,778 - Processed 23100000/68066212 candidate edges
[INFO] 2026-05-21 01:15:22,290 - Processed 23200000/68066212 candidate edges
[INFO] 2026-05-21 01:15:22,794 - Processed 23300000/68066212 candidate edges
[INFO] 2026-05-21 01:15:23,302 - Processed 23400000/68066212 candidate edges
[INFO] 2026-05-21 01:15:23,810 - Processed 23500000/68066212 candidate edges
[INFO] 2026-05-21 01:15:24,322 - Processed 23600000/68066212 candidate edges
[INFO] 2026-05-21 01:15:24,833 - Processed 23700000/68066212 candidate edges
[INFO] 2026-05-21 01:15:25,344 - Processed 23800000/68066212 candidate edges
[INFO] 2026-05-21 01:15:25,855 - Processed 23900000/68066212 candidate edges
[INFO] 2026-05-21 01:15:26,377 - Processed 24000000/68066212 candidate edges
[INFO] 2026-05-21 01:15:26,892 - Processed 24100000/68066212 candidate edges
[INFO] 2026-05-21 01:15:27,403 - Processed 24200000/68066212 candidate edges
[INFO] 2026-05-21 01:15:27,915 - Processed 24300000/68066212 candidate edges
[INFO] 2026-05-21 01:15:28,424 - Processed 24400000/68066212 candidate edges
[INFO] 2026-05-21 01:15:28,946 - Processed 24500000/68066212 candidate edges
[INFO] 2026-05-21 01:15:29,461 - Processed 24600000/68066212 candidate edges
[INFO] 2026-05-21 01:15:29,984 - Processed 24700000/68066212 candidate edges
[INFO] 2026-05-21 01:15:30,499 - Processed 24800000/68066212 candidate edges
[INFO] 2026-05-21 01:15:31,047 - Processed 24900000/68066212 candidate edges
[INFO] 2026-05-21 01:15:31,583 - Processed 25000000/68066212 candidate edges
[INFO] 2026-05-21 01:15:32,120 - Processed 25100000/68066212 candidate edges
[INFO] 2026-05-21 01:15:32,652 - Processed 25200000/68066212 candidate edges
[INFO] 2026-05-21 01:15:33,180 - Processed 25300000/68066212 candidate edges
[INFO] 2026-05-21 01:15:33,692 - Processed 25400000/68066212 candidate edges
[INFO] 2026-05-21 01:15:34,201 - Processed 25500000/68066212 candidate edges
[INFO] 2026-05-21 01:15:34,710 - Processed 25600000/68066212 candidate edges
[INFO] 2026-05-21 01:15:35,221 - Processed 25700000/68066212 candidate edges
[INFO] 2026-05-21 01:15:35,747 - Processed 25800000/68066212 candidate edges
[INFO] 2026-05-21 01:15:36,259 - Processed 25900000/68066212 candidate edges
[INFO] 2026-05-21 01:15:36,775 - Processed 26000000/68066212 candidate edges
[INFO] 2026-05-21 01:15:37,291 - Processed 26100000/68066212 candidate edges
[INFO] 2026-05-21 01:15:37,817 - Processed 26200000/68066212 candidate edges
[INFO] 2026-05-21 01:15:38,332 - Processed 26300000/68066212 candidate edges
[INFO] 2026-05-21 01:15:38,852 - Processed 26400000/68066212 candidate edges
[INFO] 2026-05-21 01:15:39,371 - Processed 26500000/68066212 candidate edges
[INFO] 2026-05-21 01:15:39,899 - Processed 26600000/68066212 candidate edges
[INFO] 2026-05-21 01:15:40,420 - Processed 26700000/68066212 candidate edges
[INFO] 2026-05-21 01:15:40,940 - Processed 26800000/68066212 candidate edges
[INFO] 2026-05-21 01:15:41,456 - Processed 26900000/68066212 candidate edges
[INFO] 2026-05-21 01:15:41,979 - Processed 27000000/68066212 candidate edges
[INFO] 2026-05-21 01:15:42,510 - Processed 27100000/68066212 candidate edges
[INFO] 2026-05-21 01:15:43,040 - Processed 27200000/68066212 candidate edges
[INFO] 2026-05-21 01:15:43,565 - Processed 27300000/68066212 candidate edges
[INFO] 2026-05-21 01:15:44,097 - Processed 27400000/68066212 candidate edges
[INFO] 2026-05-21 01:15:44,641 - Processed 27500000/68066212 candidate edges
[INFO] 2026-05-21 01:15:45,196 - Processed 27600000/68066212 candidate edges
[INFO] 2026-05-21 01:15:45,723 - Processed 27700000/68066212 candidate edges
[INFO] 2026-05-21 01:15:46,260 - Processed 27800000/68066212 candidate edges
[INFO] 2026-05-21 01:15:46,842 - Processed 27900000/68066212 candidate edges
[INFO] 2026-05-21 01:15:47,421 - Processed 28000000/68066212 candidate edges
[INFO] 2026-05-21 01:15:48,004 - Processed 28100000/68066212 candidate edges
[INFO] 2026-05-21 01:15:48,572 - Processed 28200000/68066212 candidate edges
[INFO] 2026-05-21 01:15:49,130 - Processed 28300000/68066212 candidate edges
[INFO] 2026-05-21 01:15:49,674 - Processed 28400000/68066212 candidate edges
[INFO] 2026-05-21 01:15:50,222 - Processed 28500000/68066212 candidate edges
[INFO] 2026-05-21 01:15:50,773 - Processed 28600000/68066212 candidate edges
[INFO] 2026-05-21 01:15:51,324 - Processed 28700000/68066212 candidate edges
[INFO] 2026-05-21 01:15:51,861 - Processed 28800000/68066212 candidate edges
[INFO] 2026-05-21 01:15:52,404 - Processed 28900000/68066212 candidate edges
[INFO] 2026-05-21 01:15:52,951 - Processed 29000000/68066212 candidate edges
[INFO] 2026-05-21 01:15:53,513 - Processed 29100000/68066212 candidate edges
[INFO] 2026-05-21 01:15:54,069 - Processed 29200000/68066212 candidate edges
[INFO] 2026-05-21 01:15:54,623 - Processed 29300000/68066212 candidate edges
[INFO] 2026-05-21 01:15:55,190 - Processed 29400000/68066212 candidate edges
[INFO] 2026-05-21 01:15:55,760 - Processed 29500000/68066212 candidate edges
[INFO] 2026-05-21 01:15:56,295 - Processed 29600000/68066212 candidate edges
[INFO] 2026-05-21 01:15:56,839 - Processed 29700000/68066212 candidate edges
[INFO] 2026-05-21 01:15:57,375 - Processed 29800000/68066212 candidate edges
[INFO] 2026-05-21 01:15:57,912 - Processed 29900000/68066212 candidate edges
[INFO] 2026-05-21 01:15:58,425 - Processed 30000000/68066212 candidate edges
[INFO] 2026-05-21 01:15:58,933 - Processed 30100000/68066212 candidate edges
[INFO] 2026-05-21 01:15:59,444 - Processed 30200000/68066212 candidate edges
[INFO] 2026-05-21 01:15:59,972 - Processed 30300000/68066212 candidate edges
[INFO] 2026-05-21 01:16:00,503 - Processed 30400000/68066212 candidate edges
[INFO] 2026-05-21 01:16:01,064 - Processed 30500000/68066212 candidate edges
[INFO] 2026-05-21 01:16:01,621 - Processed 30600000/68066212 candidate edges
[INFO] 2026-05-21 01:16:02,189 - Processed 30700000/68066212 candidate edges
[INFO] 2026-05-21 01:16:02,762 - Processed 30800000/68066212 candidate edges
[INFO] 2026-05-21 01:16:03,332 - Processed 30900000/68066212 candidate edges
[INFO] 2026-05-21 01:16:03,902 - Processed 31000000/68066212 candidate edges
[INFO] 2026-05-21 01:16:04,491 - Processed 31100000/68066212 candidate edges
[INFO] 2026-05-21 01:16:05,055 - Processed 31200000/68066212 candidate edges
[INFO] 2026-05-21 01:16:05,611 - Processed 31300000/68066212 candidate edges
[INFO] 2026-05-21 01:16:06,180 - Processed 31400000/68066212 candidate edges
[INFO] 2026-05-21 01:16:06,773 - Processed 31500000/68066212 candidate edges
[INFO] 2026-05-21 01:16:07,346 - Processed 31600000/68066212 candidate edges
[INFO] 2026-05-21 01:16:07,903 - Processed 31700000/68066212 candidate edges
[INFO] 2026-05-21 01:16:08,461 - Processed 31800000/68066212 candidate edges
[INFO] 2026-05-21 01:16:09,027 - Processed 31900000/68066212 candidate edges
[INFO] 2026-05-21 01:16:09,575 - Processed 32000000/68066212 candidate edges
[INFO] 2026-05-21 01:16:10,119 - Processed 32100000/68066212 candidate edges
[INFO] 2026-05-21 01:16:10,665 - Processed 32200000/68066212 candidate edges
[INFO] 2026-05-21 01:16:11,223 - Processed 32300000/68066212 candidate edges
[INFO] 2026-05-21 01:16:11,771 - Processed 32400000/68066212 candidate edges
[INFO] 2026-05-21 01:16:12,317 - Processed 32500000/68066212 candidate edges
[INFO] 2026-05-21 01:16:12,863 - Processed 32600000/68066212 candidate edges
[INFO] 2026-05-21 01:16:13,419 - Processed 32700000/68066212 candidate edges
[INFO] 2026-05-21 01:16:13,969 - Processed 32800000/68066212 candidate edges
[INFO] 2026-05-21 01:16:14,522 - Processed 32900000/68066212 candidate edges
[INFO] 2026-05-21 01:16:15,066 - Processed 33000000/68066212 candidate edges
[INFO] 2026-05-21 01:16:15,617 - Processed 33100000/68066212 candidate edges
[INFO] 2026-05-21 01:16:16,169 - Processed 33200000/68066212 candidate edges
[INFO] 2026-05-21 01:16:16,708 - Processed 33300000/68066212 candidate edges
[INFO] 2026-05-21 01:16:17,254 - Processed 33400000/68066212 candidate edges
[INFO] 2026-05-21 01:16:17,803 - Processed 33500000/68066212 candidate edges
[INFO] 2026-05-21 01:16:18,367 - Processed 33600000/68066212 candidate edges
[INFO] 2026-05-21 01:16:18,919 - Processed 33700000/68066212 candidate edges
[INFO] 2026-05-21 01:16:19,465 - Processed 33800000/68066212 candidate edges
[INFO] 2026-05-21 01:16:20,014 - Processed 33900000/68066212 candidate edges
[INFO] 2026-05-21 01:16:20,570 - Processed 34000000/68066212 candidate edges
[INFO] 2026-05-21 01:16:21,106 - Processed 34100000/68066212 candidate edges
[INFO] 2026-05-21 01:16:21,642 - Processed 34200000/68066212 candidate edges
[INFO] 2026-05-21 01:16:22,180 - Processed 34300000/68066212 candidate edges
[INFO] 2026-05-21 01:16:22,722 - Processed 34400000/68066212 candidate edges
[INFO] 2026-05-21 01:16:23,257 - Processed 34500000/68066212 candidate edges
[INFO] 2026-05-21 01:16:23,787 - Processed 34600000/68066212 candidate edges
[INFO] 2026-05-21 01:16:24,317 - Processed 34700000/68066212 candidate edges
[INFO] 2026-05-21 01:16:24,853 - Processed 34800000/68066212 candidate edges
[INFO] 2026-05-21 01:16:25,396 - Processed 34900000/68066212 candidate edges
[INFO] 2026-05-21 01:16:25,959 - Processed 35000000/68066212 candidate edges
[INFO] 2026-05-21 01:16:26,486 - Processed 35100000/68066212 candidate edges
[INFO] 2026-05-21 01:16:27,028 - Processed 35200000/68066212 candidate edges
[INFO] 2026-05-21 01:16:27,597 - Processed 35300000/68066212 candidate edges
[INFO] 2026-05-21 01:16:28,133 - Processed 35400000/68066212 candidate edges
[INFO] 2026-05-21 01:16:28,675 - Processed 35500000/68066212 candidate edges
[INFO] 2026-05-21 01:16:29,227 - Processed 35600000/68066212 candidate edges
[INFO] 2026-05-21 01:16:29,786 - Processed 35700000/68066212 candidate edges
[INFO] 2026-05-21 01:16:30,330 - Processed 35800000/68066212 candidate edges
[INFO] 2026-05-21 01:16:30,877 - Processed 35900000/68066212 candidate edges
[INFO] 2026-05-21 01:16:31,419 - Processed 36000000/68066212 candidate edges
[INFO] 2026-05-21 01:16:31,973 - Processed 36100000/68066212 candidate edges
[INFO] 2026-05-21 01:16:32,535 - Processed 36200000/68066212 candidate edges
[INFO] 2026-05-21 01:16:33,077 - Processed 36300000/68066212 candidate edges
[INFO] 2026-05-21 01:16:33,622 - Processed 36400000/68066212 candidate edges
[INFO] 2026-05-21 01:16:34,179 - Processed 36500000/68066212 candidate edges
[INFO] 2026-05-21 01:16:34,728 - Processed 36600000/68066212 candidate edges
[INFO] 2026-05-21 01:16:35,289 - Processed 36700000/68066212 candidate edges
[INFO] 2026-05-21 01:16:35,854 - Processed 36800000/68066212 candidate edges
[INFO] 2026-05-21 01:16:36,428 - Processed 36900000/68066212 candidate edges
[INFO] 2026-05-21 01:16:36,994 - Processed 37000000/68066212 candidate edges
[INFO] 2026-05-21 01:16:37,570 - Processed 37100000/68066212 candidate edges
[INFO] 2026-05-21 01:16:38,144 - Processed 37200000/68066212 candidate edges
[INFO] 2026-05-21 01:16:38,705 - Processed 37300000/68066212 candidate edges
[INFO] 2026-05-21 01:16:39,268 - Processed 37400000/68066212 candidate edges
[INFO] 2026-05-21 01:16:39,836 - Processed 37500000/68066212 candidate edges
[INFO] 2026-05-21 01:16:40,420 - Processed 37600000/68066212 candidate edges
[INFO] 2026-05-21 01:16:41,005 - Processed 37700000/68066212 candidate edges
[INFO] 2026-05-21 01:16:41,586 - Processed 37800000/68066212 candidate edges
[INFO] 2026-05-21 01:16:42,166 - Processed 37900000/68066212 candidate edges
[INFO] 2026-05-21 01:16:42,757 - Processed 38000000/68066212 candidate edges
[INFO] 2026-05-21 01:16:43,347 - Processed 38100000/68066212 candidate edges
[INFO] 2026-05-21 01:16:43,929 - Processed 38200000/68066212 candidate edges
[INFO] 2026-05-21 01:16:44,479 - Processed 38300000/68066212 candidate edges
[INFO] 2026-05-21 01:16:45,035 - Processed 38400000/68066212 candidate edges
[INFO] 2026-05-21 01:16:45,589 - Processed 38500000/68066212 candidate edges
[INFO] 2026-05-21 01:16:46,134 - Processed 38600000/68066212 candidate edges
[INFO] 2026-05-21 01:16:46,690 - Processed 38700000/68066212 candidate edges
[INFO] 2026-05-21 01:16:47,259 - Processed 38800000/68066212 candidate edges
[INFO] 2026-05-21 01:16:47,829 - Processed 38900000/68066212 candidate edges
[INFO] 2026-05-21 01:16:48,384 - Processed 39000000/68066212 candidate edges
[INFO] 2026-05-21 01:16:48,916 - Processed 39100000/68066212 candidate edges
[INFO] 2026-05-21 01:16:49,452 - Processed 39200000/68066212 candidate edges
[INFO] 2026-05-21 01:16:49,997 - Processed 39300000/68066212 candidate edges
[INFO] 2026-05-21 01:16:50,543 - Processed 39400000/68066212 candidate edges
[INFO] 2026-05-21 01:16:51,073 - Processed 39500000/68066212 candidate edges
[INFO] 2026-05-21 01:16:51,598 - Processed 39600000/68066212 candidate edges
[INFO] 2026-05-21 01:16:52,134 - Processed 39700000/68066212 candidate edges
[INFO] 2026-05-21 01:16:52,658 - Processed 39800000/68066212 candidate edges
[INFO] 2026-05-21 01:16:53,183 - Processed 39900000/68066212 candidate edges
[INFO] 2026-05-21 01:16:53,710 - Processed 40000000/68066212 candidate edges
[INFO] 2026-05-21 01:16:54,259 - Processed 40100000/68066212 candidate edges
[INFO] 2026-05-21 01:16:54,798 - Processed 40200000/68066212 candidate edges
[INFO] 2026-05-21 01:16:55,336 - Processed 40300000/68066212 candidate edges
[INFO] 2026-05-21 01:16:55,880 - Processed 40400000/68066212 candidate edges
[INFO] 2026-05-21 01:16:56,454 - Processed 40500000/68066212 candidate edges
[INFO] 2026-05-21 01:16:57,001 - Processed 40600000/68066212 candidate edges
[INFO] 2026-05-21 01:16:57,539 - Processed 40700000/68066212 candidate edges
[INFO] 2026-05-21 01:16:58,093 - Processed 40800000/68066212 candidate edges
[INFO] 2026-05-21 01:16:58,662 - Processed 40900000/68066212 candidate edges
[INFO] 2026-05-21 01:16:59,223 - Processed 41000000/68066212 candidate edges
[INFO] 2026-05-21 01:16:59,777 - Processed 41100000/68066212 candidate edges
[INFO] 2026-05-21 01:17:00,301 - Processed 41200000/68066212 candidate edges
[INFO] 2026-05-21 01:17:00,832 - Processed 41300000/68066212 candidate edges
[INFO] 2026-05-21 01:17:01,362 - Processed 41400000/68066212 candidate edges
[INFO] 2026-05-21 01:17:01,883 - Processed 41500000/68066212 candidate edges
[INFO] 2026-05-21 01:17:02,398 - Processed 41600000/68066212 candidate edges
[INFO] 2026-05-21 01:17:02,919 - Processed 41700000/68066212 candidate edges
[INFO] 2026-05-21 01:17:03,437 - Processed 41800000/68066212 candidate edges
[INFO] 2026-05-21 01:17:03,951 - Processed 41900000/68066212 candidate edges
[INFO] 2026-05-21 01:17:04,467 - Processed 42000000/68066212 candidate edges
[INFO] 2026-05-21 01:17:04,979 - Processed 42100000/68066212 candidate edges
[INFO] 2026-05-21 01:17:05,502 - Processed 42200000/68066212 candidate edges
[INFO] 2026-05-21 01:17:06,016 - Processed 42300000/68066212 candidate edges
[INFO] 2026-05-21 01:17:06,530 - Processed 42400000/68066212 candidate edges
[INFO] 2026-05-21 01:17:07,041 - Processed 42500000/68066212 candidate edges
[INFO] 2026-05-21 01:17:07,562 - Processed 42600000/68066212 candidate edges
[INFO] 2026-05-21 01:17:08,079 - Processed 42700000/68066212 candidate edges
[INFO] 2026-05-21 01:17:08,586 - Processed 42800000/68066212 candidate edges
[INFO] 2026-05-21 01:17:09,095 - Processed 42900000/68066212 candidate edges
[INFO] 2026-05-21 01:17:09,601 - Processed 43000000/68066212 candidate edges
[INFO] 2026-05-21 01:17:10,117 - Processed 43100000/68066212 candidate edges
[INFO] 2026-05-21 01:17:10,626 - Processed 43200000/68066212 candidate edges
[INFO] 2026-05-21 01:17:11,137 - Processed 43300000/68066212 candidate edges
[INFO] 2026-05-21 01:17:11,643 - Processed 43400000/68066212 candidate edges
[INFO] 2026-05-21 01:17:12,181 - Processed 43500000/68066212 candidate edges
[INFO] 2026-05-21 01:17:12,698 - Processed 43600000/68066212 candidate edges
[INFO] 2026-05-21 01:17:13,220 - Processed 43700000/68066212 candidate edges
[INFO] 2026-05-21 01:17:13,751 - Processed 43800000/68066212 candidate edges
[INFO] 2026-05-21 01:17:14,306 - Processed 43900000/68066212 candidate edges
[INFO] 2026-05-21 01:17:14,843 - Processed 44000000/68066212 candidate edges
[INFO] 2026-05-21 01:17:15,375 - Processed 44100000/68066212 candidate edges
[INFO] 2026-05-21 01:17:15,886 - Processed 44200000/68066212 candidate edges
[INFO] 2026-05-21 01:17:16,400 - Processed 44300000/68066212 candidate edges
[INFO] 2026-05-21 01:17:16,912 - Processed 44400000/68066212 candidate edges
[INFO] 2026-05-21 01:17:17,419 - Processed 44500000/68066212 candidate edges
[INFO] 2026-05-21 01:17:17,921 - Processed 44600000/68066212 candidate edges
[INFO] 2026-05-21 01:17:18,425 - Processed 44700000/68066212 candidate edges
[INFO] 2026-05-21 01:17:18,945 - Processed 44800000/68066212 candidate edges
[INFO] 2026-05-21 01:17:19,456 - Processed 44900000/68066212 candidate edges
[INFO] 2026-05-21 01:17:19,965 - Processed 45000000/68066212 candidate edges
[INFO] 2026-05-21 01:17:20,476 - Processed 45100000/68066212 candidate edges
[INFO] 2026-05-21 01:17:20,994 - Processed 45200000/68066212 candidate edges
[INFO] 2026-05-21 01:17:21,521 - Processed 45300000/68066212 candidate edges
[INFO] 2026-05-21 01:17:22,037 - Processed 45400000/68066212 candidate edges
[INFO] 2026-05-21 01:17:22,553 - Processed 45500000/68066212 candidate edges
[INFO] 2026-05-21 01:17:23,070 - Processed 45600000/68066212 candidate edges
[INFO] 2026-05-21 01:17:23,603 - Processed 45700000/68066212 candidate edges
[INFO] 2026-05-21 01:17:24,123 - Processed 45800000/68066212 candidate edges
[INFO] 2026-05-21 01:17:24,646 - Processed 45900000/68066212 candidate edges
[INFO] 2026-05-21 01:17:25,162 - Processed 46000000/68066212 candidate edges
[INFO] 2026-05-21 01:17:25,692 - Processed 46100000/68066212 candidate edges
[INFO] 2026-05-21 01:17:26,213 - Processed 46200000/68066212 candidate edges
[INFO] 2026-05-21 01:17:26,738 - Processed 46300000/68066212 candidate edges
[INFO] 2026-05-21 01:17:27,269 - Processed 46400000/68066212 candidate edges
[INFO] 2026-05-21 01:17:27,840 - Processed 46500000/68066212 candidate edges
[INFO] 2026-05-21 01:17:28,382 - Processed 46600000/68066212 candidate edges
[INFO] 2026-05-21 01:17:28,935 - Processed 46700000/68066212 candidate edges
[INFO] 2026-05-21 01:17:29,498 - Processed 46800000/68066212 candidate edges
[INFO] 2026-05-21 01:17:30,066 - Processed 46900000/68066212 candidate edges
[INFO] 2026-05-21 01:17:30,621 - Processed 47000000/68066212 candidate edges
[INFO] 2026-05-21 01:17:31,166 - Processed 47100000/68066212 candidate edges
[INFO] 2026-05-21 01:17:31,704 - Processed 47200000/68066212 candidate edges
[INFO] 2026-05-21 01:17:32,262 - Processed 47300000/68066212 candidate edges
[INFO] 2026-05-21 01:17:32,821 - Processed 47400000/68066212 candidate edges
[INFO] 2026-05-21 01:17:33,374 - Processed 47500000/68066212 candidate edges
[INFO] 2026-05-21 01:17:33,927 - Processed 47600000/68066212 candidate edges
[INFO] 2026-05-21 01:17:34,483 - Processed 47700000/68066212 candidate edges
[INFO] 2026-05-21 01:17:35,030 - Processed 47800000/68066212 candidate edges
[INFO] 2026-05-21 01:17:35,573 - Processed 47900000/68066212 candidate edges
[INFO] 2026-05-21 01:17:36,113 - Processed 48000000/68066212 candidate edges
[INFO] 2026-05-21 01:17:36,665 - Processed 48100000/68066212 candidate edges
[INFO] 2026-05-21 01:17:37,217 - Processed 48200000/68066212 candidate edges
[INFO] 2026-05-21 01:17:37,758 - Processed 48300000/68066212 candidate edges
[INFO] 2026-05-21 01:17:38,315 - Processed 48400000/68066212 candidate edges
[INFO] 2026-05-21 01:17:38,876 - Processed 48500000/68066212 candidate edges
[INFO] 2026-05-21 01:17:39,446 - Processed 48600000/68066212 candidate edges
[INFO] 2026-05-21 01:17:40,007 - Processed 48700000/68066212 candidate edges
[INFO] 2026-05-21 01:17:40,547 - Processed 48800000/68066212 candidate edges
[INFO] 2026-05-21 01:17:41,073 - Processed 48900000/68066212 candidate edges
[INFO] 2026-05-21 01:17:41,622 - Processed 49000000/68066212 candidate edges
[INFO] 2026-05-21 01:17:42,170 - Processed 49100000/68066212 candidate edges
[INFO] 2026-05-21 01:17:42,710 - Processed 49200000/68066212 candidate edges
[INFO] 2026-05-21 01:17:43,261 - Processed 49300000/68066212 candidate edges
[INFO] 2026-05-21 01:17:43,803 - Processed 49400000/68066212 candidate edges
[INFO] 2026-05-21 01:17:44,353 - Processed 49500000/68066212 candidate edges
[INFO] 2026-05-21 01:17:44,918 - Processed 49600000/68066212 candidate edges
[INFO] 2026-05-21 01:17:45,486 - Processed 49700000/68066212 candidate edges
[INFO] 2026-05-21 01:17:46,061 - Processed 49800000/68066212 candidate edges
[INFO] 2026-05-21 01:17:46,612 - Processed 49900000/68066212 candidate edges
[INFO] 2026-05-21 01:17:47,155 - Processed 50000000/68066212 candidate edges
[INFO] 2026-05-21 01:17:47,702 - Processed 50100000/68066212 candidate edges
[INFO] 2026-05-21 01:17:48,258 - Processed 50200000/68066212 candidate edges
[INFO] 2026-05-21 01:17:48,797 - Processed 50300000/68066212 candidate edges
[INFO] 2026-05-21 01:17:49,331 - Processed 50400000/68066212 candidate edges
[INFO] 2026-05-21 01:17:49,864 - Processed 50500000/68066212 candidate edges
[INFO] 2026-05-21 01:17:50,407 - Processed 50600000/68066212 candidate edges
[INFO] 2026-05-21 01:17:50,938 - Processed 50700000/68066212 candidate edges
[INFO] 2026-05-21 01:17:51,472 - Processed 50800000/68066212 candidate edges
[INFO] 2026-05-21 01:17:51,996 - Processed 50900000/68066212 candidate edges
[INFO] 2026-05-21 01:17:52,528 - Processed 51000000/68066212 candidate edges
[INFO] 2026-05-21 01:17:53,053 - Processed 51100000/68066212 candidate edges
[INFO] 2026-05-21 01:17:53,574 - Processed 51200000/68066212 candidate edges
[INFO] 2026-05-21 01:17:54,095 - Processed 51300000/68066212 candidate edges
[INFO] 2026-05-21 01:17:54,626 - Processed 51400000/68066212 candidate edges
[INFO] 2026-05-21 01:17:55,148 - Processed 51500000/68066212 candidate edges
[INFO] 2026-05-21 01:17:55,666 - Processed 51600000/68066212 candidate edges
[INFO] 2026-05-21 01:17:56,181 - Processed 51700000/68066212 candidate edges
[INFO] 2026-05-21 01:17:56,696 - Processed 51800000/68066212 candidate edges
[INFO] 2026-05-21 01:17:57,229 - Processed 51900000/68066212 candidate edges
[INFO] 2026-05-21 01:17:57,743 - Processed 52000000/68066212 candidate edges
[INFO] 2026-05-21 01:17:58,263 - Processed 52100000/68066212 candidate edges
[INFO] 2026-05-21 01:17:58,810 - Processed 52200000/68066212 candidate edges
[INFO] 2026-05-21 01:17:59,378 - Processed 52300000/68066212 candidate edges
[INFO] 2026-05-21 01:17:59,931 - Processed 52400000/68066212 candidate edges
[INFO] 2026-05-21 01:18:00,479 - Processed 52500000/68066212 candidate edges
[INFO] 2026-05-21 01:18:01,026 - Processed 52600000/68066212 candidate edges
[INFO] 2026-05-21 01:18:01,587 - Processed 52700000/68066212 candidate edges
[INFO] 2026-05-21 01:18:02,130 - Processed 52800000/68066212 candidate edges
[INFO] 2026-05-21 01:18:02,677 - Processed 52900000/68066212 candidate edges
[INFO] 2026-05-21 01:18:03,211 - Processed 53000000/68066212 candidate edges
[INFO] 2026-05-21 01:18:03,769 - Processed 53100000/68066212 candidate edges
[INFO] 2026-05-21 01:18:04,325 - Processed 53200000/68066212 candidate edges
[INFO] 2026-05-21 01:18:04,873 - Processed 53300000/68066212 candidate edges
[INFO] 2026-05-21 01:18:05,424 - Processed 53400000/68066212 candidate edges
[INFO] 2026-05-21 01:18:05,975 - Processed 53500000/68066212 candidate edges
[INFO] 2026-05-21 01:18:06,527 - Processed 53600000/68066212 candidate edges
[INFO] 2026-05-21 01:18:07,074 - Processed 53700000/68066212 candidate edges
[INFO] 2026-05-21 01:18:07,618 - Processed 53800000/68066212 candidate edges
[INFO] 2026-05-21 01:18:08,178 - Processed 53900000/68066212 candidate edges
[INFO] 2026-05-21 01:18:08,722 - Processed 54000000/68066212 candidate edges
[INFO] 2026-05-21 01:18:09,261 - Processed 54100000/68066212 candidate edges
[INFO] 2026-05-21 01:18:09,790 - Processed 54200000/68066212 candidate edges
[INFO] 2026-05-21 01:18:10,333 - Processed 54300000/68066212 candidate edges
[INFO] 2026-05-21 01:18:10,877 - Processed 54400000/68066212 candidate edges
[INFO] 2026-05-21 01:18:11,422 - Processed 54500000/68066212 candidate edges
[INFO] 2026-05-21 01:18:11,963 - Processed 54600000/68066212 candidate edges
[INFO] 2026-05-21 01:18:12,517 - Processed 54700000/68066212 candidate edges
[INFO] 2026-05-21 01:18:13,084 - Processed 54800000/68066212 candidate edges
[INFO] 2026-05-21 01:18:13,638 - Processed 54900000/68066212 candidate edges
[INFO] 2026-05-21 01:18:14,203 - Processed 55000000/68066212 candidate edges
[INFO] 2026-05-21 01:18:14,769 - Processed 55100000/68066212 candidate edges
[INFO] 2026-05-21 01:18:15,341 - Processed 55200000/68066212 candidate edges
[INFO] 2026-05-21 01:18:15,895 - Processed 55300000/68066212 candidate edges
[INFO] 2026-05-21 01:18:16,446 - Processed 55400000/68066212 candidate edges
[INFO] 2026-05-21 01:18:16,995 - Processed 55500000/68066212 candidate edges
[INFO] 2026-05-21 01:18:17,567 - Processed 55600000/68066212 candidate edges
[INFO] 2026-05-21 01:18:18,118 - Processed 55700000/68066212 candidate edges
[INFO] 2026-05-21 01:18:18,676 - Processed 55800000/68066212 candidate edges
[INFO] 2026-05-21 01:18:19,247 - Processed 55900000/68066212 candidate edges
[INFO] 2026-05-21 01:18:19,844 - Processed 56000000/68066212 candidate edges
[INFO] 2026-05-21 01:18:20,423 - Processed 56100000/68066212 candidate edges
[INFO] 2026-05-21 01:18:20,986 - Processed 56200000/68066212 candidate edges
[INFO] 2026-05-21 01:18:21,546 - Processed 56300000/68066212 candidate edges
[INFO] 2026-05-21 01:18:22,105 - Processed 56400000/68066212 candidate edges
[INFO] 2026-05-21 01:18:22,669 - Processed 56500000/68066212 candidate edges
[INFO] 2026-05-21 01:18:23,250 - Processed 56600000/68066212 candidate edges
[INFO] 2026-05-21 01:18:23,837 - Processed 56700000/68066212 candidate edges
[INFO] 2026-05-21 01:18:24,449 - Processed 56800000/68066212 candidate edges
[INFO] 2026-05-21 01:18:25,040 - Processed 56900000/68066212 candidate edges
[INFO] 2026-05-21 01:18:25,633 - Processed 57000000/68066212 candidate edges
[INFO] 2026-05-21 01:18:26,217 - Processed 57100000/68066212 candidate edges
[INFO] 2026-05-21 01:18:26,801 - Processed 57200000/68066212 candidate edges
[INFO] 2026-05-21 01:18:27,385 - Processed 57300000/68066212 candidate edges
[INFO] 2026-05-21 01:18:27,971 - Processed 57400000/68066212 candidate edges
[INFO] 2026-05-21 01:18:28,555 - Processed 57500000/68066212 candidate edges
[INFO] 2026-05-21 01:18:29,158 - Processed 57600000/68066212 candidate edges
[INFO] 2026-05-21 01:18:29,762 - Processed 57700000/68066212 candidate edges
[INFO] 2026-05-21 01:18:30,369 - Processed 57800000/68066212 candidate edges
[INFO] 2026-05-21 01:18:30,973 - Processed 57900000/68066212 candidate edges
[INFO] 2026-05-21 01:18:31,570 - Processed 58000000/68066212 candidate edges
[INFO] 2026-05-21 01:18:32,140 - Processed 58100000/68066212 candidate edges
[INFO] 2026-05-21 01:18:32,719 - Processed 58200000/68066212 candidate edges
[INFO] 2026-05-21 01:18:33,317 - Processed 58300000/68066212 candidate edges
[INFO] 2026-05-21 01:18:33,899 - Processed 58400000/68066212 candidate edges
[INFO] 2026-05-21 01:18:34,474 - Processed 58500000/68066212 candidate edges
[INFO] 2026-05-21 01:18:35,054 - Processed 58600000/68066212 candidate edges
[INFO] 2026-05-21 01:18:35,651 - Processed 58700000/68066212 candidate edges
[INFO] 2026-05-21 01:18:36,233 - Processed 58800000/68066212 candidate edges
[INFO] 2026-05-21 01:18:36,826 - Processed 58900000/68066212 candidate edges
[INFO] 2026-05-21 01:18:37,410 - Processed 59000000/68066212 candidate edges
[INFO] 2026-05-21 01:18:37,999 - Processed 59100000/68066212 candidate edges
[INFO] 2026-05-21 01:18:38,579 - Processed 59200000/68066212 candidate edges
[INFO] 2026-05-21 01:18:39,156 - Processed 59300000/68066212 candidate edges
[INFO] 2026-05-21 01:18:39,727 - Processed 59400000/68066212 candidate edges
[INFO] 2026-05-21 01:18:40,311 - Processed 59500000/68066212 candidate edges
[INFO] 2026-05-21 01:18:40,881 - Processed 59600000/68066212 candidate edges
[INFO] 2026-05-21 01:18:41,446 - Processed 59700000/68066212 candidate edges
[INFO] 2026-05-21 01:18:41,999 - Processed 59800000/68066212 candidate edges
[INFO] 2026-05-21 01:18:42,555 - Processed 59900000/68066212 candidate edges
[INFO] 2026-05-21 01:18:43,085 - Processed 60000000/68066212 candidate edges
[INFO] 2026-05-21 01:18:43,613 - Processed 60100000/68066212 candidate edges
[INFO] 2026-05-21 01:18:44,141 - Processed 60200000/68066212 candidate edges
[INFO] 2026-05-21 01:18:44,677 - Processed 60300000/68066212 candidate edges
[INFO] 2026-05-21 01:18:45,203 - Processed 60400000/68066212 candidate edges
[INFO] 2026-05-21 01:18:45,723 - Processed 60500000/68066212 candidate edges
[INFO] 2026-05-21 01:18:46,250 - Processed 60600000/68066212 candidate edges
[INFO] 2026-05-21 01:18:46,783 - Processed 60700000/68066212 candidate edges
[INFO] 2026-05-21 01:18:47,307 - Processed 60800000/68066212 candidate edges
[INFO] 2026-05-21 01:18:47,827 - Processed 60900000/68066212 candidate edges
[INFO] 2026-05-21 01:18:48,346 - Processed 61000000/68066212 candidate edges
[INFO] 2026-05-21 01:18:48,873 - Processed 61100000/68066212 candidate edges
[INFO] 2026-05-21 01:18:49,390 - Processed 61200000/68066212 candidate edges
[INFO] 2026-05-21 01:18:49,909 - Processed 61300000/68066212 candidate edges
[INFO] 2026-05-21 01:18:50,426 - Processed 61400000/68066212 candidate edges
[INFO] 2026-05-21 01:18:50,947 - Processed 61500000/68066212 candidate edges
[INFO] 2026-05-21 01:18:51,483 - Processed 61600000/68066212 candidate edges
[INFO] 2026-05-21 01:18:52,004 - Processed 61700000/68066212 candidate edges
[INFO] 2026-05-21 01:18:52,524 - Processed 61800000/68066212 candidate edges
[INFO] 2026-05-21 01:18:53,043 - Processed 61900000/68066212 candidate edges
[INFO] 2026-05-21 01:18:53,577 - Processed 62000000/68066212 candidate edges
[INFO] 2026-05-21 01:18:54,106 - Processed 62100000/68066212 candidate edges
[INFO] 2026-05-21 01:18:54,646 - Processed 62200000/68066212 candidate edges
[INFO] 2026-05-21 01:18:55,173 - Processed 62300000/68066212 candidate edges
[INFO] 2026-05-21 01:18:55,723 - Processed 62400000/68066212 candidate edges
[INFO] 2026-05-21 01:18:56,275 - Processed 62500000/68066212 candidate edges
[INFO] 2026-05-21 01:18:56,821 - Processed 62600000/68066212 candidate edges
[INFO] 2026-05-21 01:18:57,372 - Processed 62700000/68066212 candidate edges
[INFO] 2026-05-21 01:18:57,909 - Processed 62800000/68066212 candidate edges
[INFO] 2026-05-21 01:18:58,429 - Processed 62900000/68066212 candidate edges
[INFO] 2026-05-21 01:18:58,941 - Processed 63000000/68066212 candidate edges
[INFO] 2026-05-21 01:18:59,457 - Processed 63100000/68066212 candidate edges
[INFO] 2026-05-21 01:18:59,976 - Processed 63200000/68066212 candidate edges
[INFO] 2026-05-21 01:19:00,496 - Processed 63300000/68066212 candidate edges
[INFO] 2026-05-21 01:19:01,014 - Processed 63400000/68066212 candidate edges
[INFO] 2026-05-21 01:19:01,535 - Processed 63500000/68066212 candidate edges
[INFO] 2026-05-21 01:19:02,056 - Processed 63600000/68066212 candidate edges
[INFO] 2026-05-21 01:19:02,585 - Processed 63700000/68066212 candidate edges
[INFO] 2026-05-21 01:19:03,106 - Processed 63800000/68066212 candidate edges
[INFO] 2026-05-21 01:19:03,634 - Processed 63900000/68066212 candidate edges
[INFO] 2026-05-21 01:19:04,164 - Processed 64000000/68066212 candidate edges
[INFO] 2026-05-21 01:19:04,698 - Processed 64100000/68066212 candidate edges
[INFO] 2026-05-21 01:19:05,228 - Processed 64200000/68066212 candidate edges
[INFO] 2026-05-21 01:19:05,755 - Processed 64300000/68066212 candidate edges
[INFO] 2026-05-21 01:19:06,279 - Processed 64400000/68066212 candidate edges
[INFO] 2026-05-21 01:19:06,816 - Processed 64500000/68066212 candidate edges
[INFO] 2026-05-21 01:19:07,343 - Processed 64600000/68066212 candidate edges
[INFO] 2026-05-21 01:19:07,874 - Processed 64700000/68066212 candidate edges
[INFO] 2026-05-21 01:19:08,412 - Processed 64800000/68066212 candidate edges
[INFO] 2026-05-21 01:19:08,955 - Processed 64900000/68066212 candidate edges
[INFO] 2026-05-21 01:19:09,507 - Processed 65000000/68066212 candidate edges
[INFO] 2026-05-21 01:19:10,064 - Processed 65100000/68066212 candidate edges
[INFO] 2026-05-21 01:19:10,604 - Processed 65200000/68066212 candidate edges
[INFO] 2026-05-21 01:19:11,166 - Processed 65300000/68066212 candidate edges
[INFO] 2026-05-21 01:19:11,763 - Processed 65400000/68066212 candidate edges
[INFO] 2026-05-21 01:19:12,350 - Processed 65500000/68066212 candidate edges
[INFO] 2026-05-21 01:19:12,937 - Processed 65600000/68066212 candidate edges
[INFO] 2026-05-21 01:19:13,515 - Processed 65700000/68066212 candidate edges
[INFO] 2026-05-21 01:19:14,086 - Processed 65800000/68066212 candidate edges
[INFO] 2026-05-21 01:19:14,651 - Processed 65900000/68066212 candidate edges
[INFO] 2026-05-21 01:19:15,213 - Processed 66000000/68066212 candidate edges
[INFO] 2026-05-21 01:19:15,777 - Processed 66100000/68066212 candidate edges
[INFO] 2026-05-21 01:19:16,334 - Processed 66200000/68066212 candidate edges
[INFO] 2026-05-21 01:19:16,888 - Processed 66300000/68066212 candidate edges
[INFO] 2026-05-21 01:19:17,447 - Processed 66400000/68066212 candidate edges
[INFO] 2026-05-21 01:19:18,007 - Processed 66500000/68066212 candidate edges
[INFO] 2026-05-21 01:19:18,585 - Processed 66600000/68066212 candidate edges
[INFO] 2026-05-21 01:19:19,153 - Processed 66700000/68066212 candidate edges
[INFO] 2026-05-21 01:19:19,715 - Processed 66800000/68066212 candidate edges
[INFO] 2026-05-21 01:19:20,284 - Processed 66900000/68066212 candidate edges
[INFO] 2026-05-21 01:19:20,842 - Processed 67000000/68066212 candidate edges
[INFO] 2026-05-21 01:19:21,395 - Processed 67100000/68066212 candidate edges
[INFO] 2026-05-21 01:19:21,937 - Processed 67200000/68066212 candidate edges
[INFO] 2026-05-21 01:19:22,492 - Processed 67300000/68066212 candidate edges
[INFO] 2026-05-21 01:19:23,041 - Processed 67400000/68066212 candidate edges
[INFO] 2026-05-21 01:19:23,576 - Processed 67500000/68066212 candidate edges
[INFO] 2026-05-21 01:19:24,110 - Processed 67600000/68066212 candidate edges
[INFO] 2026-05-21 01:19:24,651 - Processed 67700000/68066212 candidate edges
[INFO] 2026-05-21 01:19:25,210 - Processed 67800000/68066212 candidate edges
[INFO] 2026-05-21 01:19:25,753 - Processed 67900000/68066212 candidate edges
[INFO] 2026-05-21 01:19:26,300 - Processed 68000000/68066212 candidate edges
[INFO] 2026-05-21 01:19:26,690 - Consensus graph nodes=14475 edges=34033974
[INFO] 2026-05-21 01:19:26,691 - Running Louvain on consensus graph
[INFO] 2026-05-21 01:28:43,541 - Seed communities=4
[INFO] 2026-05-21 01:28:56,053 - Expanding community 0
[DEBUG] 2026-05-21 01:28:57,486 - [EXPANSION] paper sorted scores=[('p551464', 14), ('p275258', 13), ('p554317', 13), ('p11744', 12), ('p275165', 12), ('p358620', 12), ('p555390', 12), ('p555629', 12), ('p551708', 11), ('p8031', 10)]
[DEBUG] 2026-05-21 01:28:57,500 - [EXPANSION] conference sorted scores=[('c3318', 902), ('c2180', 890), ('c36', 855), ('c1798', 635), ('c3594', 610), ('c3329', 550), ('c1902', 471), ('c597', 423), ('c2504', 412), ('c1801', 261)]
[DEBUG] 2026-05-21 01:29:01,466 - [EXPANSION] term sorted scores=[('t19', 3358), ('t63', 2034), ('t45', 1178), ('t4', 1099), ('t35', 858), ('t38', 728), ('t12', 672), ('t1', 629), ('t81', 609), ('t55', 585)]
[INFO] 2026-05-21 01:29:01,468 - Expanding community 1
[DEBUG] 2026-05-21 01:29:02,919 - [EXPANSION] paper sorted scores=[('p7745', 18), ('p7746', 16), ('p554348', 14), ('p554349', 14), ('p554943', 14), ('p595690', 13), ('p10831', 12), ('p356670', 12), ('p551520', 10), ('p552252', 10)]
[DEBUG] 2026-05-21 01:29:02,932 - [EXPANSION] conference sorted scores=[('c2180', 1138), ('c36', 947), ('c3318', 810), ('c3594', 704), ('c3329', 676), ('c1798', 601), ('c3027', 332), ('c597', 303), ('c2504', 296), ('c1902', 278)]
[DEBUG] 2026-05-21 01:29:06,924 - [EXPANSION] term sorted scores=[('t4', 2645), ('t45', 1731), ('t1', 1522), ('t63', 1387), ('t19', 1310), ('t35', 1227), ('t112', 732), ('t55', 644), ('t10', 636), ('t38', 539)]
[INFO] 2026-05-21 01:29:06,926 - Expanding community 2
[DEBUG] 2026-05-21 01:29:07,273 - [EXPANSION] paper sorted scores=[('p554114', 15), ('p596744', 12), ('p436918', 11), ('p536310', 11), ('p275351', 10), ('p554135', 10), ('p555130', 10), ('p275255', 9), ('p436177', 9), ('p436604', 9)]
[DEBUG] 2026-05-21 01:29:07,280 - [EXPANSION] conference sorted scores=[('c1798', 786), ('c3594', 769), ('c3329', 698), ('c2504', 477), ('c1801', 313), ('c597', 255), ('c2934', 218), ('c3011', 178), ('c1234', 168), ('c3027', 162)]
[DEBUG] 2026-05-21 01:29:09,143 - [EXPANSION] term sorted scores=[('t461', 1500), ('t19', 1384), ('t35', 964), ('t4', 956), ('t63', 885), ('t45', 807), ('t452', 651), ('t1', 459), ('t112', 394), ('t38', 349)]
[INFO] 2026-05-21 01:29:09,144 - Expanding community 3
[DEBUG] 2026-05-21 01:29:09,325 - [EXPANSION] paper sorted scores=[('p554155', 13), ('p596997', 11), ('p554737', 10), ('p555663', 10), ('p556435', 10), ('p597309', 10), ('p595557', 9), ('p12045', 8), ('p276664', 8), ('p555588', 8)]
[DEBUG] 2026-05-21 01:29:09,330 - [EXPANSION] conference sorted scores=[('c3329', 539), ('c3594', 499), ('c1798', 485), ('c2180', 422), ('c36', 372), ('c597', 223), ('c3318', 220), ('c1234', 105), ('c1902', 103), ('c3027', 95)]
[DEBUG] 2026-05-21 01:29:10,678 - [EXPANSION] term sorted scores=[('t35', 1509), ('t19', 803), ('t63', 695), ('t45', 648), ('t4', 410), ('t1', 363), ('t82', 308), ('t512', 303), ('t55', 293), ('t461', 267)]
