[INFO] 2026-05-28 15:38:15,450 - [MATRIX] writes shape=(14376, 14475)
[INFO] 2026-05-28 15:38:15,483 - [MATRIX] be_written shape=(14475, 14376)
[INFO] 2026-05-28 15:38:15,494 - [MATRIX] published_in shape=(14376, 20)
[INFO] 2026-05-28 15:38:15,505 - [MATRIX] publish shape=(20, 14376)
[INFO] 2026-05-28 15:38:15,594 - [MATRIX] has_term shape=(14376, 8920)
[INFO] 2026-05-28 15:38:15,686 - [MATRIX] term_in shape=(8920, 14376)
[INFO] 2026-05-28 15:38:15,755 - 
========== Building A-P-A ==========
[INFO] 2026-05-28 15:38:15,760 - A-P-A matrix shape=(14475, 14475)
[INFO] 2026-05-28 15:38:15,863 - A-P-A nodes=5264 edges=8789 total_weight=51362.0000
[INFO] 2026-05-28 15:38:15,864 - 
========== Building A-P-T-P-A ==========
[INFO] 2026-05-28 15:38:26,135 - A-P-T-P-A matrix shape=(14475, 14475)
[INFO] 2026-05-28 15:38:51,968 - A-P-T-P-A nodes=86 edges=351 total_weight=699532.0000
[INFO] 2026-05-28 15:38:51,968 - 
========== Building A-P-C-P-A ==========
[INFO] 2026-05-28 15:38:54,230 - A-P-C-P-A matrix shape=(14475, 14475)
[INFO] 2026-05-28 15:39:03,694 - A-P-C-P-A nodes=5689 edges=92426 total_weight=6194038.0000
[INFO] 2026-05-28 15:39:03,747 - 
========== MASSE Reliability ==========
[INFO] 2026-05-28 15:39:03,758 - A-P-A reliability=0.100661
[INFO] 2026-05-28 15:39:03,759 - A-P-T-P-A reliability=0.147091
[INFO] 2026-05-28 15:39:03,824 - A-P-C-P-A reliability=0.081947
[INFO] 2026-05-28 15:39:05,543 - [INTERACTION] A-P-A <-> A-P-T-P-A = 0.1981
[INFO] 2026-05-28 15:39:05,550 - [INTERACTION] A-P-A <-> A-P-C-P-A = 0.2262
[INFO] 2026-05-28 15:39:05,553 - [INTERACTION] A-P-T-P-A <-> A-P-A = 0.1981
[INFO] 2026-05-28 15:39:05,556 - [INTERACTION] A-P-T-P-A <-> A-P-C-P-A = 0.1645
[INFO] 2026-05-28 15:39:05,562 - [INTERACTION] A-P-C-P-A <-> A-P-A = 0.2262
[INFO] 2026-05-28 15:39:05,565 - [INTERACTION] A-P-C-P-A <-> A-P-T-P-A = 0.1645
[INFO] 2026-05-28 15:39:06,714 - MASSE consensus nodes=6933 edges=77390
[INFO] 2026-05-28 15:39:08,044 - MASSE communities=98
[INFO] 2026-05-28 15:39:08,271 - [MASSE] Expanding 0
[INFO] 2026-05-28 15:39:15,941 - [MASSE] Expanding 1
[INFO] 2026-05-28 15:39:19,899 - [MASSE] Expanding 2
[INFO] 2026-05-28 15:39:24,987 - [MASSE] Expanding 3
[INFO] 2026-05-28 15:39:28,081 - [MASSE] Expanding 4
[INFO] 2026-05-28 15:39:28,345 - [MASSE] Expanding 5
[INFO] 2026-05-28 15:39:28,603 - [MASSE] Expanding 6
[INFO] 2026-05-28 15:39:28,857 - [MASSE] Expanding 7
[INFO] 2026-05-28 15:39:29,108 - [MASSE] Expanding 8
[INFO] 2026-05-28 15:39:29,362 - [MASSE] Expanding 9
[INFO] 2026-05-28 15:39:29,634 - [MASSE] Expanding 10
[INFO] 2026-05-28 15:39:29,891 - [MASSE] Expanding 11
[INFO] 2026-05-28 15:39:30,150 - [MASSE] Expanding 12
[INFO] 2026-05-28 15:39:30,405 - [MASSE] Expanding 13
[INFO] 2026-05-28 15:39:30,669 - [MASSE] Expanding 14
[INFO] 2026-05-28 15:39:30,931 - [MASSE] Expanding 15
[INFO] 2026-05-28 15:39:31,195 - [MASSE] Expanding 16
[INFO] 2026-05-28 15:39:31,463 - [MASSE] Expanding 17
[INFO] 2026-05-28 15:39:31,739 - [MASSE] Expanding 18
[INFO] 2026-05-28 15:39:32,005 - [MASSE] Expanding 19
[INFO] 2026-05-28 15:39:32,263 - [MASSE] Expanding 20
[INFO] 2026-05-28 15:39:32,527 - [MASSE] Expanding 21
[INFO] 2026-05-28 15:39:32,795 - [MASSE] Expanding 22
[INFO] 2026-05-28 15:39:33,077 - [MASSE] Expanding 23
[INFO] 2026-05-28 15:39:33,346 - [MASSE] Expanding 24
[INFO] 2026-05-28 15:39:33,613 - [MASSE] Expanding 25
[INFO] 2026-05-28 15:39:33,892 - [MASSE] Expanding 26
[INFO] 2026-05-28 15:39:34,156 - [MASSE] Expanding 27
[INFO] 2026-05-28 15:39:34,446 - [MASSE] Expanding 28
[INFO] 2026-05-28 15:39:34,715 - [MASSE] Expanding 29
[INFO] 2026-05-28 15:39:34,977 - [MASSE] Expanding 30
[INFO] 2026-05-28 15:39:35,355 - [MASSE] Expanding 31
[INFO] 2026-05-28 15:39:35,631 - [MASSE] Expanding 32
[INFO] 2026-05-28 15:39:35,927 - [MASSE] Expanding 33
[INFO] 2026-05-28 15:39:36,195 - [MASSE] Expanding 34
[INFO] 2026-05-28 15:39:36,450 - [MASSE] Expanding 35
[INFO] 2026-05-28 15:39:36,707 - [MASSE] Expanding 36
[INFO] 2026-05-28 15:39:36,964 - [MASSE] Expanding 37
[INFO] 2026-05-28 15:39:37,225 - [MASSE] Expanding 38
[INFO] 2026-05-28 15:39:37,486 - [MASSE] Expanding 39
[INFO] 2026-05-28 15:39:37,744 - [MASSE] Expanding 40
[INFO] 2026-05-28 15:39:38,006 - [MASSE] Expanding 41
[INFO] 2026-05-28 15:39:38,270 - [MASSE] Expanding 42
[INFO] 2026-05-28 15:39:38,529 - [MASSE] Expanding 43
[INFO] 2026-05-28 15:39:38,791 - [MASSE] Expanding 44
[INFO] 2026-05-28 15:39:39,051 - [MASSE] Expanding 45
[INFO] 2026-05-28 15:39:39,315 - [MASSE] Expanding 46
[INFO] 2026-05-28 15:39:39,575 - [MASSE] Expanding 47
[INFO] 2026-05-28 15:39:39,837 - [MASSE] Expanding 48
[INFO] 2026-05-28 15:39:40,096 - [MASSE] Expanding 49
[INFO] 2026-05-28 15:39:40,365 - [MASSE] Expanding 50
[INFO] 2026-05-28 15:39:40,618 - [MASSE] Expanding 51
[INFO] 2026-05-28 15:39:40,873 - [MASSE] Expanding 52
[INFO] 2026-05-28 15:39:41,130 - [MASSE] Expanding 53
[INFO] 2026-05-28 15:39:41,387 - [MASSE] Expanding 54
[INFO] 2026-05-28 15:39:41,649 - [MASSE] Expanding 55
[INFO] 2026-05-28 15:39:41,905 - [MASSE] Expanding 56
[INFO] 2026-05-28 15:39:42,163 - [MASSE] Expanding 57
[INFO] 2026-05-28 15:39:42,427 - [MASSE] Expanding 58
[INFO] 2026-05-28 15:39:42,686 - [MASSE] Expanding 59
[INFO] 2026-05-28 15:39:42,934 - [MASSE] Expanding 60
[INFO] 2026-05-28 15:39:43,189 - [MASSE] Expanding 61
[INFO] 2026-05-28 15:39:43,444 - [MASSE] Expanding 62
[INFO] 2026-05-28 15:39:43,698 - [MASSE] Expanding 63
[INFO] 2026-05-28 15:39:43,950 - [MASSE] Expanding 64
[INFO] 2026-05-28 15:39:44,209 - [MASSE] Expanding 65
[INFO] 2026-05-28 15:39:44,465 - [MASSE] Expanding 66
[INFO] 2026-05-28 15:39:44,733 - [MASSE] Expanding 67
[INFO] 2026-05-28 15:39:44,994 - [MASSE] Expanding 68
[INFO] 2026-05-28 15:39:45,256 - [MASSE] Expanding 69
[INFO] 2026-05-28 15:39:45,513 - [MASSE] Expanding 70
[INFO] 2026-05-28 15:39:45,775 - [MASSE] Expanding 71
[INFO] 2026-05-28 15:39:46,054 - [MASSE] Expanding 72
[INFO] 2026-05-28 15:39:46,321 - [MASSE] Expanding 73
[INFO] 2026-05-28 15:39:46,588 - [MASSE] Expanding 74
[INFO] 2026-05-28 15:39:46,859 - [MASSE] Expanding 75
[INFO] 2026-05-28 15:39:47,121 - [MASSE] Expanding 76
[INFO] 2026-05-28 15:39:47,382 - [MASSE] Expanding 77
[INFO] 2026-05-28 15:39:47,643 - [MASSE] Expanding 78
[INFO] 2026-05-28 15:39:47,905 - [MASSE] Expanding 79
[INFO] 2026-05-28 15:39:48,169 - [MASSE] Expanding 80
[INFO] 2026-05-28 15:39:48,440 - [MASSE] Expanding 81
[INFO] 2026-05-28 15:39:48,705 - [MASSE] Expanding 82
[INFO] 2026-05-28 15:39:48,977 - [MASSE] Expanding 83
[INFO] 2026-05-28 15:39:49,240 - [MASSE] Expanding 84
[INFO] 2026-05-28 15:39:49,515 - [MASSE] Expanding 85
[INFO] 2026-05-28 15:39:49,789 - [MASSE] Expanding 86
[INFO] 2026-05-28 15:39:50,062 - [MASSE] Expanding 87
[INFO] 2026-05-28 15:39:50,329 - [MASSE] Expanding 88
[INFO] 2026-05-28 15:39:50,595 - [MASSE] Expanding 89
[INFO] 2026-05-28 15:39:50,859 - [MASSE] Expanding 90
[INFO] 2026-05-28 15:39:51,140 - [MASSE] Expanding 91
[INFO] 2026-05-28 15:39:51,423 - [MASSE] Expanding 92
[INFO] 2026-05-28 15:39:51,684 - [MASSE] Expanding 93
[INFO] 2026-05-28 15:39:51,949 - [MASSE] Expanding 94
[INFO] 2026-05-28 15:39:52,212 - [MASSE] Expanding 95
[INFO] 2026-05-28 15:39:52,482 - [MASSE] Expanding 96
[INFO] 2026-05-28 15:39:52,759 - [MASSE] Expanding 97
[INFO] 2026-05-28 15:39:53,439 - [EVAL] Modularity=0.5898
[INFO] 2026-05-28 15:39:53,439 - [EVAL] Surprise=0.0000
[INFO] 2026-05-28 15:39:53,439 - [EVAL] Keyword coherence=0.0000
[INFO] 2026-05-28 15:39:53,439 - [EVAL] Community stats={'num_communities': 98, 'avg_size': 391.42857142857144, 'max_size': 12563, 'min_size': 4}
[INFO] 2026-05-28 15:39:53,450 - [NMI DEBUG] matched_nodes=3080
[INFO] 2026-05-28 15:39:53,453 - [NMI] 0.6019
[INFO] 2026-05-28 15:39:53,458 - [NMI DEBUG] matched_nodes=64
[INFO] 2026-05-28 15:39:53,460 - [NMI] 0.4761
[INFO] 2026-05-28 15:39:53,464 - [NMI DEBUG] matched_nodes=20
[INFO] 2026-05-28 15:39:53,465 - [NMI] 0.3723
[INFO] 2026-05-28 15:39:53,467 - Saved communities...
