[INFO] 2026-05-26 21:28:04,201 - [MATRIX] writes shape=(14376, 14475)
[INFO] 2026-05-26 21:28:04,236 - [MATRIX] be_written shape=(14475, 14376)
[INFO] 2026-05-26 21:28:04,247 - [MATRIX] published_in shape=(14376, 20)
[INFO] 2026-05-26 21:28:04,258 - [MATRIX] publish shape=(20, 14376)
[INFO] 2026-05-26 21:28:04,351 - [MATRIX] has_term shape=(14376, 8920)
[INFO] 2026-05-26 21:28:04,439 - [MATRIX] term_in shape=(8920, 14376)
[INFO] 2026-05-26 21:28:04,461 - 
========== Building A-P-A ==========
[INFO] 2026-05-26 21:28:04,466 - A-P-A matrix shape=(14475, 14475)
[INFO] 2026-05-26 21:28:04,682 - A-P-A nodes=5264 edges=8789 total_weight=51362.0000
[INFO] 2026-05-26 21:28:04,684 - 
========== Building A-P-T-P-A ==========
[INFO] 2026-05-26 21:28:16,078 - A-P-T-P-A matrix shape=(14475, 14475)
[INFO] 2026-05-26 21:29:24,669 - A-P-T-P-A nodes=86 edges=351 total_weight=699532.0000
[INFO] 2026-05-26 21:29:24,669 - 
========== Building A-P-C-P-A ==========
[INFO] 2026-05-26 21:29:27,054 - A-P-C-P-A matrix shape=(14475, 14475)
[INFO] 2026-05-26 21:29:50,727 - A-P-C-P-A nodes=5689 edges=92426 total_weight=6194038.0000
[INFO] 2026-05-26 21:29:50,785 - 
========== MASSE Reliability ==========
[INFO] 2026-05-26 21:29:50,796 - A-P-A reliability=0.100661
[INFO] 2026-05-26 21:29:50,796 - A-P-T-P-A reliability=0.147091
[INFO] 2026-05-26 21:29:50,874 - A-P-C-P-A reliability=0.081947
[INFO] 2026-05-26 21:29:54,352 - [INTERACTION] A-P-A <-> A-P-T-P-A = 0.2431
[INFO] 2026-05-26 21:29:54,359 - [INTERACTION] A-P-A <-> A-P-C-P-A = 0.2213
[INFO] 2026-05-26 21:29:54,363 - [INTERACTION] A-P-T-P-A <-> A-P-A = 0.2431
[INFO] 2026-05-26 21:29:54,366 - [INTERACTION] A-P-T-P-A <-> A-P-C-P-A = 0.0354
[INFO] 2026-05-26 21:29:54,373 - [INTERACTION] A-P-C-P-A <-> A-P-A = 0.2213
[INFO] 2026-05-26 21:29:54,377 - [INTERACTION] A-P-C-P-A <-> A-P-T-P-A = 0.0354
[INFO] 2026-05-26 21:29:56,751 - MASSE consensus nodes=6933 edges=78927
[INFO] 2026-05-26 21:29:59,152 - MASSE communities=109
[INFO] 2026-05-26 21:29:59,417 - [MASSE] Expanding 0
[INFO] 2026-05-26 21:30:07,243 - [MASSE] Expanding 1
[INFO] 2026-05-26 21:30:12,107 - [MASSE] Expanding 2
[INFO] 2026-05-26 21:30:18,051 - [MASSE] Expanding 3
[INFO] 2026-05-26 21:30:22,285 - [MASSE] Expanding 4
[INFO] 2026-05-26 21:30:22,913 - [MASSE] Expanding 5
[INFO] 2026-05-26 21:30:23,479 - [MASSE] Expanding 6
[INFO] 2026-05-26 21:30:24,045 - [MASSE] Expanding 7
[INFO] 2026-05-26 21:30:24,609 - [MASSE] Expanding 8
[INFO] 2026-05-26 21:30:25,185 - [MASSE] Expanding 9
[INFO] 2026-05-26 21:30:25,753 - [MASSE] Expanding 10
[INFO] 2026-05-26 21:30:26,317 - [MASSE] Expanding 11
[INFO] 2026-05-26 21:30:26,905 - [MASSE] Expanding 12
[INFO] 2026-05-26 21:30:27,476 - [MASSE] Expanding 13
[INFO] 2026-05-26 21:30:28,027 - [MASSE] Expanding 14
[INFO] 2026-05-26 21:30:28,581 - [MASSE] Expanding 15
[INFO] 2026-05-26 21:30:29,144 - [MASSE] Expanding 16
[INFO] 2026-05-26 21:30:29,718 - [MASSE] Expanding 17
[INFO] 2026-05-26 21:30:30,280 - [MASSE] Expanding 18
[INFO] 2026-05-26 21:30:30,846 - [MASSE] Expanding 19
[INFO] 2026-05-26 21:30:31,405 - [MASSE] Expanding 20
[INFO] 2026-05-26 21:30:31,972 - [MASSE] Expanding 21
[INFO] 2026-05-26 21:30:32,538 - [MASSE] Expanding 22
[INFO] 2026-05-26 21:30:33,111 - [MASSE] Expanding 23
[INFO] 2026-05-26 21:30:33,678 - [MASSE] Expanding 24
[INFO] 2026-05-26 21:30:34,257 - [MASSE] Expanding 25
[INFO] 2026-05-26 21:30:34,827 - [MASSE] Expanding 26
[INFO] 2026-05-26 21:30:35,396 - [MASSE] Expanding 27
[INFO] 2026-05-26 21:30:35,963 - [MASSE] Expanding 28
[INFO] 2026-05-26 21:30:36,522 - [MASSE] Expanding 29
[INFO] 2026-05-26 21:30:37,079 - [MASSE] Expanding 30
[INFO] 2026-05-26 21:30:37,642 - [MASSE] Expanding 31
[INFO] 2026-05-26 21:30:38,226 - [MASSE] Expanding 32
[INFO] 2026-05-26 21:30:38,809 - [MASSE] Expanding 33
[INFO] 2026-05-26 21:30:39,372 - [MASSE] Expanding 34
[INFO] 2026-05-26 21:30:39,932 - [MASSE] Expanding 35
[INFO] 2026-05-26 21:30:40,495 - [MASSE] Expanding 36
[INFO] 2026-05-26 21:30:41,067 - [MASSE] Expanding 37
[INFO] 2026-05-26 21:30:41,631 - [MASSE] Expanding 38
[INFO] 2026-05-26 21:30:42,209 - [MASSE] Expanding 39
[INFO] 2026-05-26 21:30:42,789 - [MASSE] Expanding 40
[INFO] 2026-05-26 21:30:43,354 - [MASSE] Expanding 41
[INFO] 2026-05-26 21:30:43,924 - [MASSE] Expanding 42
[INFO] 2026-05-26 21:30:44,487 - [MASSE] Expanding 43
[INFO] 2026-05-26 21:30:45,063 - [MASSE] Expanding 44
[INFO] 2026-05-26 21:30:45,635 - [MASSE] Expanding 45
[INFO] 2026-05-26 21:30:46,206 - [MASSE] Expanding 46
[INFO] 2026-05-26 21:30:46,767 - [MASSE] Expanding 47
[INFO] 2026-05-26 21:30:47,329 - [MASSE] Expanding 48
[INFO] 2026-05-26 21:30:47,899 - [MASSE] Expanding 49
[INFO] 2026-05-26 21:30:48,466 - [MASSE] Expanding 50
[INFO] 2026-05-26 21:30:49,024 - [MASSE] Expanding 51
[INFO] 2026-05-26 21:30:49,593 - [MASSE] Expanding 52
[INFO] 2026-05-26 21:30:50,165 - [MASSE] Expanding 53
[INFO] 2026-05-26 21:30:50,738 - [MASSE] Expanding 54
[INFO] 2026-05-26 21:30:51,309 - [MASSE] Expanding 55
[INFO] 2026-05-26 21:30:51,878 - [MASSE] Expanding 56
[INFO] 2026-05-26 21:30:52,443 - [MASSE] Expanding 57
[INFO] 2026-05-26 21:30:53,037 - [MASSE] Expanding 58
[INFO] 2026-05-26 21:30:53,670 - [MASSE] Expanding 59
[INFO] 2026-05-26 21:30:54,243 - [MASSE] Expanding 60
[INFO] 2026-05-26 21:30:54,817 - [MASSE] Expanding 61
[INFO] 2026-05-26 21:30:55,380 - [MASSE] Expanding 62
[INFO] 2026-05-26 21:30:55,954 - [MASSE] Expanding 63
[INFO] 2026-05-26 21:30:56,521 - [MASSE] Expanding 64
[INFO] 2026-05-26 21:30:57,086 - [MASSE] Expanding 65
[INFO] 2026-05-26 21:30:57,683 - [MASSE] Expanding 66
[INFO] 2026-05-26 21:30:58,254 - [MASSE] Expanding 67
[INFO] 2026-05-26 21:30:58,829 - [MASSE] Expanding 68
[INFO] 2026-05-26 21:30:59,405 - [MASSE] Expanding 69
[INFO] 2026-05-26 21:30:59,972 - [MASSE] Expanding 70
[INFO] 2026-05-26 21:31:00,542 - [MASSE] Expanding 71
[INFO] 2026-05-26 21:31:01,113 - [MASSE] Expanding 72
[INFO] 2026-05-26 21:31:01,757 - [MASSE] Expanding 73
[INFO] 2026-05-26 21:31:02,326 - [MASSE] Expanding 74
[INFO] 2026-05-26 21:31:02,926 - [MASSE] Expanding 75
[INFO] 2026-05-26 21:31:03,497 - [MASSE] Expanding 76
[INFO] 2026-05-26 21:31:04,069 - [MASSE] Expanding 77
[INFO] 2026-05-26 21:31:04,634 - [MASSE] Expanding 78
[INFO] 2026-05-26 21:31:05,199 - [MASSE] Expanding 79
[INFO] 2026-05-26 21:31:05,766 - [MASSE] Expanding 80
[INFO] 2026-05-26 21:31:06,338 - [MASSE] Expanding 81
[INFO] 2026-05-26 21:31:06,901 - [MASSE] Expanding 82
[INFO] 2026-05-26 21:31:07,460 - [MASSE] Expanding 83
[INFO] 2026-05-26 21:31:08,022 - [MASSE] Expanding 84
[INFO] 2026-05-26 21:31:08,583 - [MASSE] Expanding 85
[INFO] 2026-05-26 21:31:09,149 - [MASSE] Expanding 86
[INFO] 2026-05-26 21:31:09,708 - [MASSE] Expanding 87
[INFO] 2026-05-26 21:31:10,287 - [MASSE] Expanding 88
[INFO] 2026-05-26 21:31:10,854 - [MASSE] Expanding 89
[INFO] 2026-05-26 21:31:11,421 - [MASSE] Expanding 90
[INFO] 2026-05-26 21:31:11,991 - [MASSE] Expanding 91
[INFO] 2026-05-26 21:31:12,559 - [MASSE] Expanding 92
[INFO] 2026-05-26 21:31:13,126 - [MASSE] Expanding 93
[INFO] 2026-05-26 21:31:13,688 - [MASSE] Expanding 94
[INFO] 2026-05-26 21:31:14,257 - [MASSE] Expanding 95
[INFO] 2026-05-26 21:31:14,824 - [MASSE] Expanding 96
[INFO] 2026-05-26 21:31:15,396 - [MASSE] Expanding 97
[INFO] 2026-05-26 21:31:15,962 - [MASSE] Expanding 98
[INFO] 2026-05-26 21:31:16,529 - [MASSE] Expanding 99
[INFO] 2026-05-26 21:31:17,096 - [MASSE] Expanding 100
[INFO] 2026-05-26 21:31:17,667 - [MASSE] Expanding 101
[INFO] 2026-05-26 21:31:18,229 - [MASSE] Expanding 102
[INFO] 2026-05-26 21:31:18,799 - [MASSE] Expanding 103
[INFO] 2026-05-26 21:31:19,362 - [MASSE] Expanding 104
[INFO] 2026-05-26 21:31:19,929 - [MASSE] Expanding 105
[INFO] 2026-05-26 21:31:20,486 - [MASSE] Expanding 106
[INFO] 2026-05-26 21:31:21,058 - [MASSE] Expanding 107
[INFO] 2026-05-26 21:31:21,624 - [MASSE] Expanding 108
[INFO] 2026-05-26 21:31:22,631 - [EVAL] Modularity=0.5661
[INFO] 2026-05-26 21:31:22,632 - [EVAL] Surprise=0.0000
[INFO] 2026-05-26 21:31:22,632 - [EVAL] Keyword coherence=0.0000
[INFO] 2026-05-26 21:31:22,632 - [EVAL] Community stats={'num_communities': 109, 'avg_size': 350.6880733944954, 'max_size': 12217, 'min_size': 4}
[INFO] 2026-05-26 21:31:22,644 - [NMI DEBUG] matched_nodes=3080
[INFO] 2026-05-26 21:31:22,648 - [NMI] 0.6056
[INFO] 2026-05-26 21:31:22,654 - [NMI DEBUG] matched_nodes=64
[INFO] 2026-05-26 21:31:22,656 - [NMI] 0.4761
[INFO] 2026-05-26 21:31:22,661 - [NMI DEBUG] matched_nodes=20
[INFO] 2026-05-26 21:31:22,663 - [NMI] 0.3723
[INFO] 2026-05-26 21:31:22,665 - Saved communities...
