[INFO] 2026-05-22 19:45:41,640 - [MATRIX] writes shape=(14376, 14475)
[INFO] 2026-05-22 19:45:41,661 - [MATRIX] be_written shape=(14475, 14376)
[INFO] 2026-05-22 19:45:41,669 - [MATRIX] published_in shape=(14376, 20)
[INFO] 2026-05-22 19:45:41,675 - [MATRIX] publish shape=(20, 14376)
[INFO] 2026-05-22 19:45:41,727 - [MATRIX] has_term shape=(14376, 8920)
[INFO] 2026-05-22 19:45:41,779 - [MATRIX] term_in shape=(8920, 14376)
[INFO] 2026-05-22 19:45:41,795 - 
========== Building A-P-A ==========
[INFO] 2026-05-22 19:45:41,798 - A-P-A matrix shape=(14475, 14475)
[INFO] 2026-05-22 19:45:41,858 - A-P-A nodes=5264 edges=8789 total_weight=51362.0000
[INFO] 2026-05-22 19:45:41,860 - 
========== Building A-P-T-P-A ==========
[INFO] 2026-05-22 19:45:50,199 - A-P-T-P-A matrix shape=(14475, 14475)
[INFO] 2026-05-22 19:46:57,743 - A-P-T-P-A nodes=14224 edges=7381441 total_weight=139585459.3325
[INFO] 2026-05-22 19:46:57,752 - 
========== Building A-P-C-P-A ==========
[INFO] 2026-05-22 19:46:59,656 - A-P-C-P-A matrix shape=(14475, 14475)
[INFO] 2026-05-22 19:47:14,676 - A-P-C-P-A nodes=14380 edges=1191844 total_weight=19193234.0000
[INFO] 2026-05-22 19:47:14,785 - Running community detection on A-P-A
[INFO] 2026-05-22 19:47:15,267 - A-P-A communities=639
[INFO] 2026-05-22 19:47:15,279 - Running community detection on A-P-T-P-A
[INFO] 2026-05-22 19:54:10,576 - A-P-T-P-A communities=3
[INFO] 2026-05-22 19:54:10,595 - Running community detection on A-P-C-P-A
[INFO] 2026-05-22 19:54:33,432 - A-P-C-P-A communities=4
[INFO] 2026-05-22 19:54:38,034 - Candidate edges=7566549
[INFO] 2026-05-22 19:54:38,557 - Processed 100000/7566549 candidate edges
[INFO] 2026-05-22 19:54:39,047 - Processed 200000/7566549 candidate edges
[INFO] 2026-05-22 19:54:39,543 - Processed 300000/7566549 candidate edges
[INFO] 2026-05-22 19:54:40,009 - Processed 400000/7566549 candidate edges
[INFO] 2026-05-22 19:54:40,470 - Processed 500000/7566549 candidate edges
[INFO] 2026-05-22 19:54:40,926 - Processed 600000/7566549 candidate edges
[INFO] 2026-05-22 19:54:41,401 - Processed 700000/7566549 candidate edges
[INFO] 2026-05-22 19:54:41,866 - Processed 800000/7566549 candidate edges
[INFO] 2026-05-22 19:54:42,324 - Processed 900000/7566549 candidate edges
[INFO] 2026-05-22 19:54:42,778 - Processed 1000000/7566549 candidate edges
[INFO] 2026-05-22 19:54:43,232 - Processed 1100000/7566549 candidate edges
[INFO] 2026-05-22 19:54:43,707 - Processed 1200000/7566549 candidate edges
[INFO] 2026-05-22 19:54:44,165 - Processed 1300000/7566549 candidate edges
[INFO] 2026-05-22 19:54:44,628 - Processed 1400000/7566549 candidate edges
[INFO] 2026-05-22 19:54:45,103 - Processed 1500000/7566549 candidate edges
[INFO] 2026-05-22 19:54:45,583 - Processed 1600000/7566549 candidate edges
[INFO] 2026-05-22 19:54:46,040 - Processed 1700000/7566549 candidate edges
[INFO] 2026-05-22 19:54:46,513 - Processed 1800000/7566549 candidate edges
[INFO] 2026-05-22 19:54:47,010 - Processed 1900000/7566549 candidate edges
[INFO] 2026-05-22 19:54:47,500 - Processed 2000000/7566549 candidate edges
[INFO] 2026-05-22 19:54:48,003 - Processed 2100000/7566549 candidate edges
[INFO] 2026-05-22 19:54:48,473 - Processed 2200000/7566549 candidate edges
[INFO] 2026-05-22 19:54:48,962 - Processed 2300000/7566549 candidate edges
[INFO] 2026-05-22 19:54:49,433 - Processed 2400000/7566549 candidate edges
[INFO] 2026-05-22 19:54:49,937 - Processed 2500000/7566549 candidate edges
[INFO] 2026-05-22 19:54:50,411 - Processed 2600000/7566549 candidate edges
[INFO] 2026-05-22 19:54:50,887 - Processed 2700000/7566549 candidate edges
[INFO] 2026-05-22 19:54:51,377 - Processed 2800000/7566549 candidate edges
[INFO] 2026-05-22 19:54:51,884 - Processed 2900000/7566549 candidate edges
[INFO] 2026-05-22 19:54:52,366 - Processed 3000000/7566549 candidate edges
[INFO] 2026-05-22 19:54:52,857 - Processed 3100000/7566549 candidate edges
[INFO] 2026-05-22 19:54:53,346 - Processed 3200000/7566549 candidate edges
[INFO] 2026-05-22 19:54:53,841 - Processed 3300000/7566549 candidate edges
[INFO] 2026-05-22 19:54:54,373 - Processed 3400000/7566549 candidate edges
[INFO] 2026-05-22 19:54:54,865 - Processed 3500000/7566549 candidate edges
[INFO] 2026-05-22 19:54:55,355 - Processed 3600000/7566549 candidate edges
[INFO] 2026-05-22 19:54:55,837 - Processed 3700000/7566549 candidate edges
[INFO] 2026-05-22 19:54:56,380 - Processed 3800000/7566549 candidate edges
[INFO] 2026-05-22 19:54:56,845 - Processed 3900000/7566549 candidate edges
[INFO] 2026-05-22 19:54:57,297 - Processed 4000000/7566549 candidate edges
[INFO] 2026-05-22 19:54:57,747 - Processed 4100000/7566549 candidate edges
[INFO] 2026-05-22 19:54:58,233 - Processed 4200000/7566549 candidate edges
[INFO] 2026-05-22 19:54:58,693 - Processed 4300000/7566549 candidate edges
[INFO] 2026-05-22 19:54:59,145 - Processed 4400000/7566549 candidate edges
[INFO] 2026-05-22 19:54:59,596 - Processed 4500000/7566549 candidate edges
[INFO] 2026-05-22 19:55:00,050 - Processed 4600000/7566549 candidate edges
[INFO] 2026-05-22 19:55:00,507 - Processed 4700000/7566549 candidate edges
[INFO] 2026-05-22 19:55:00,954 - Processed 4800000/7566549 candidate edges
[INFO] 2026-05-22 19:55:01,441 - Processed 4900000/7566549 candidate edges
[INFO] 2026-05-22 19:55:01,916 - Processed 5000000/7566549 candidate edges
[INFO] 2026-05-22 19:55:02,369 - Processed 5100000/7566549 candidate edges
[INFO] 2026-05-22 19:55:02,819 - Processed 5200000/7566549 candidate edges
[INFO] 2026-05-22 19:55:03,292 - Processed 5300000/7566549 candidate edges
[INFO] 2026-05-22 19:55:03,808 - Processed 5400000/7566549 candidate edges
[INFO] 2026-05-22 19:55:04,259 - Processed 5500000/7566549 candidate edges
[INFO] 2026-05-22 19:55:04,741 - Processed 5600000/7566549 candidate edges
[INFO] 2026-05-22 19:55:05,202 - Processed 5700000/7566549 candidate edges
[INFO] 2026-05-22 19:55:05,658 - Processed 5800000/7566549 candidate edges
[INFO] 2026-05-22 19:55:06,109 - Processed 5900000/7566549 candidate edges
[INFO] 2026-05-22 19:55:06,565 - Processed 6000000/7566549 candidate edges
[INFO] 2026-05-22 19:55:07,022 - Processed 6100000/7566549 candidate edges
[INFO] 2026-05-22 19:55:07,471 - Processed 6200000/7566549 candidate edges
[INFO] 2026-05-22 19:55:07,919 - Processed 6300000/7566549 candidate edges
[INFO] 2026-05-22 19:55:08,367 - Processed 6400000/7566549 candidate edges
[INFO] 2026-05-22 19:55:08,880 - Processed 6500000/7566549 candidate edges
[INFO] 2026-05-22 19:55:09,379 - Processed 6600000/7566549 candidate edges
[INFO] 2026-05-22 19:55:09,869 - Processed 6700000/7566549 candidate edges
[INFO] 2026-05-22 19:55:10,361 - Processed 6800000/7566549 candidate edges
[INFO] 2026-05-22 19:55:10,874 - Processed 6900000/7566549 candidate edges
[INFO] 2026-05-22 19:55:11,357 - Processed 7000000/7566549 candidate edges
[INFO] 2026-05-22 19:55:11,851 - Processed 7100000/7566549 candidate edges
[INFO] 2026-05-22 19:55:12,326 - Processed 7200000/7566549 candidate edges
[INFO] 2026-05-22 19:55:12,812 - Processed 7300000/7566549 candidate edges
[INFO] 2026-05-22 19:55:13,317 - Processed 7400000/7566549 candidate edges
[INFO] 2026-05-22 19:55:13,806 - Processed 7500000/7566549 candidate edges
[INFO] 2026-05-22 19:55:14,136 - Consensus graph nodes=14471 edges=4086355
[INFO] 2026-05-22 19:55:14,137 - Running Louvain on consensus graph
[INFO] 2026-05-22 19:56:22,338 - Seed communities=3
[INFO] 2026-05-22 19:56:23,765 - Expanding community 0
[DEBUG] 2026-05-22 19:56:27,272 - [EXPANSION] paper sorted scores=[('p595690', 15), ('p554317', 13), ('p554155', 11), ('p554457', 11), ('p275351', 10), ('p554114', 10), ('p554670', 10), ('p555390', 10), ('p555648', 10), ('p556435', 10)]
[DEBUG] 2026-05-22 19:56:27,292 - [EXPANSION] conference sorted scores=[('c1798', 1229), ('c3594', 1226), ('c3329', 1148), ('c2180', 1051), ('c36', 957), ('c3318', 920), ('c2504', 652), ('c597', 594), ('c1801', 428), ('c1902', 387)]
[DEBUG] 2026-05-22 19:56:34,233 - [EXPANSION] term sorted scores=[('t19', 3262), ('t4', 2303), ('t63', 2284), ('t35', 2096), ('t45', 1982), ('t461', 1482), ('t1', 1253), ('t38', 873), ('t55', 812), ('t81', 789)]
[INFO] 2026-05-22 19:56:34,235 - Expanding community 1
[DEBUG] 2026-05-22 19:56:34,515 - [EXPANSION] paper sorted scores=[('p275858', 10), ('p275258', 9), ('p275165', 8), ('p275255', 8), ('p437079', 7), ('p8380', 6), ('p11675', 6), ('p11893', 6), ('p86518', 6), ('p86565', 6)]
[DEBUG] 2026-05-22 19:56:34,524 - [EXPANSION] conference sorted scores=[('c1798', 779), ('c36', 770), ('c2180', 743), ('c3318', 733), ('c3594', 725), ('c3329', 707), ('c2504', 502), ('c1902', 493), ('c597', 435), ('c1801', 336)]
[DEBUG] 2026-05-22 19:56:37,567 - [EXPANSION] term sorted scores=[('t19', 3100), ('t63', 1864), ('t4', 1359), ('t45', 1342), ('t35', 1243), ('t461', 1111), ('t1', 703), ('t38', 693), ('t12', 649), ('t81', 649)]
[INFO] 2026-05-22 19:56:37,568 - Expanding community 2
[DEBUG] 2026-05-22 19:56:37,858 - [EXPANSION] paper sorted scores=[('p554348', 16), ('p554349', 16), ('p7745', 12), ('p10831', 12), ('p358620', 12), ('p7746', 11), ('p356670', 11), ('p551520', 10), ('p596700', 8), ('p625801', 8)]
[DEBUG] 2026-05-22 19:56:37,868 - [EXPANSION] conference sorted scores=[('c2180', 1024), ('c36', 881), ('c3594', 685), ('c3318', 670), ('c3329', 653), ('c1798', 598), ('c597', 299), ('c2504', 267), ('c3027', 265), ('c1902', 203)]
[DEBUG] 2026-05-22 19:56:40,728 - [EXPANSION] term sorted scores=[('t4', 2158), ('t35', 1569), ('t45', 1430), ('t1', 1334), ('t63', 1294), ('t19', 1197), ('t461', 668), ('t112', 641), ('t55', 533), ('t10', 506)]
[INFO] 2026-05-22 20:00:57,743 - [EVAL] Modularity=-0.0054
[INFO] 2026-05-22 20:00:57,743 - [EVAL] Surprise=0.0000
[INFO] 2026-05-22 20:00:57,743 - [EVAL] Keyword coherence=0.0000
[INFO] 2026-05-22 20:00:57,743 - [EVAL] Community stats={'num_communities': 3, 'avg_size': np.float64(4823.666666666667), 'max_size': np.int64(10070), 'min_size': np.int64(2190)}
[INFO] 2026-05-22 20:00:57,749 - [NMI DEBUG] matched_nodes=4057
[INFO] 2026-05-22 20:00:57,754 - [NMI] 0.0123
[INFO] 2026-05-22 20:00:57,761 - Saved communities...
