[INFO] 2026-05-26 20:17:39,141 - [MATRIX] writes shape=(14376, 14475)
[INFO] 2026-05-26 20:17:39,175 - [MATRIX] be_written shape=(14475, 14376)
[INFO] 2026-05-26 20:17:39,187 - [MATRIX] published_in shape=(14376, 20)
[INFO] 2026-05-26 20:17:39,198 - [MATRIX] publish shape=(20, 14376)
[INFO] 2026-05-26 20:17:39,289 - [MATRIX] has_term shape=(14376, 8920)
[INFO] 2026-05-26 20:17:39,380 - [MATRIX] term_in shape=(8920, 14376)
[INFO] 2026-05-26 20:17:39,405 - 
========== Building A-P-A ==========
[INFO] 2026-05-26 20:17:39,410 - A-P-A matrix shape=(14475, 14475)
[INFO] 2026-05-26 20:17:39,625 - A-P-A nodes=5264 edges=8789 total_weight=51362.0000
[INFO] 2026-05-26 20:17:39,627 - 
========== Building A-P-T-P-A ==========
[INFO] 2026-05-26 20:17:50,979 - A-P-T-P-A matrix shape=(14475, 14475)
[INFO] 2026-05-26 20:19:07,496 - A-P-T-P-A nodes=6972 edges=247576 total_weight=33393846.6667
[INFO] 2026-05-26 20:19:07,499 - 
========== Building A-P-C-P-A ==========
[INFO] 2026-05-26 20:19:09,845 - A-P-C-P-A matrix shape=(14475, 14475)
[INFO] 2026-05-26 20:19:33,570 - A-P-C-P-A nodes=5689 edges=92426 total_weight=6194038.0000
[INFO] 2026-05-26 20:19:33,630 - Running community detection on A-P-A
[INFO] 2026-05-26 20:19:34,499 - A-P-A communities=641
[INFO] 2026-05-26 20:19:34,508 - Running community detection on A-P-T-P-A
[INFO] 2026-05-26 20:19:40,335 - A-P-T-P-A communities=2
[INFO] 2026-05-26 20:19:40,340 - Running community detection on A-P-C-P-A
[INFO] 2026-05-26 20:19:42,695 - A-P-C-P-A communities=4
[INFO] 2026-05-26 20:19:42,916 - Candidate edges=280695
[INFO] 2026-05-26 20:19:43,615 - Processed 100000/280695 candidate edges
[INFO] 2026-05-26 20:19:44,293 - Processed 200000/280695 candidate edges
[INFO] 2026-05-26 20:19:44,845 - Consensus graph nodes=8577 edges=231952
[INFO] 2026-05-26 20:19:44,845 - Running Louvain on consensus graph
[INFO] 2026-05-26 20:19:51,555 - Seed communities=27
[INFO] 2026-05-26 20:19:52,281 - Expanding community 0
[DEBUG] 2026-05-26 20:19:54,789 - [EXPANSION] paper sorted scores=[('p275255', 17), ('p554348', 14), ('p554349', 14), ('p10831', 12), ('p551464', 12), ('p554943', 12), ('p8031', 11), ('p536310', 11), ('p551708', 11), ('p436375', 10)]
[DEBUG] 2026-05-26 20:19:54,809 - [EXPANSION] conference sorted scores=[('c2180', 1309), ('c3318', 1283), ('c1798', 1227), ('c3594', 1213), ('c36', 1209), ('c3329', 1133), ('c2504', 700), ('c597', 607), ('c1902', 495), ('c1801', 462)]
[DEBUG] 2026-05-26 20:20:01,778 - [EXPANSION] term sorted scores=[('t19', 3697), ('t4', 2883), ('t63', 2702), ('t35', 2366), ('t45', 2280), ('t1', 1628), ('t461', 1587), ('t38', 996), ('t112', 932), ('t55', 918)]
[INFO] 2026-05-26 20:20:01,779 - Expanding community 1
[DEBUG] 2026-05-26 20:20:01,968 - [EXPANSION] paper sorted scores=[('p86817', 7), ('p550755', 7), ('p86791', 6), ('p278098', 6), ('p554158', 6), ('p554317', 6), ('p556064', 6), ('p595556', 6), ('p596671', 6), ('p85732', 5)]
[DEBUG] 2026-05-26 20:20:01,979 - [EXPANSION] conference sorted scores=[('c3594', 959), ('c1798', 951), ('c3329', 909), ('c36', 801), ('c2180', 761), ('c3318', 673), ('c2504', 498), ('c597', 436), ('c1902', 430), ('c3027', 354)]
[DEBUG] 2026-05-26 20:20:05,304 - [EXPANSION] term sorted scores=[('t19', 2568), ('t4', 1932), ('t63', 1677), ('t35', 1673), ('t45', 1646), ('t461', 1118), ('t1', 1044), ('t38', 691), ('t112', 671), ('t81', 631)]
[INFO] 2026-05-26 20:20:05,305 - Expanding community 2
[DEBUG] 2026-05-26 20:20:05,339 - [EXPANSION] paper sorted scores=[('p7745', 9), ('p7746', 9), ('p11590', 4), ('p360708', 4), ('p11586', 3), ('p11587', 3), ('p158626', 2), ('p158970', 2), ('p308096', 2), ('p308804', 2)]
[DEBUG] 2026-05-26 20:20:05,340 - [EXPANSION] conference sorted scores=[('c36', 8), ('c2180', 3), ('c1201', 2), ('c1902', 2), ('c3011', 1), ('c3230', 1), ('c597', 0), ('c755', 0), ('c1194', 0), ('c1234', 0)]
[DEBUG] 2026-05-26 20:20:05,365 - [EXPANSION] term sorted scores=[('t1', 3), ('t235', 3), ('t4', 2), ('t19', 2), ('t55', 2), ('t63', 2), ('t81', 2), ('t82', 2), ('t191', 2), ('t302', 2)]
[INFO] 2026-05-26 20:20:05,365 - Expanding community 3
[DEBUG] 2026-05-26 20:20:05,386 - [EXPANSION] paper sorted scores=[('p10405', 3), ('p626391', 3), ('p7601', 0), ('p7604', 0), ('p7605', 0), ('p7610', 0), ('p7612', 0), ('p7613', 0), ('p7621', 0), ('p7630', 0)]
[DEBUG] 2026-05-26 20:20:05,387 - [EXPANSION] conference sorted scores=[('c36', 1), ('c3771', 1), ('c597', 0), ('c755', 0), ('c1194', 0), ('c1201', 0), ('c1234', 0), ('c1798', 0), ('c1801', 0), ('c1902', 0)]
[DEBUG] 2026-05-26 20:20:05,402 - [EXPANSION] term sorted scores=[('t1', 2), ('t51', 2), ('t109', 2), ('t812', 2), ('t3817', 2), ('t42', 1), ('t55', 1), ('t81', 1), ('t112', 1), ('t3816', 1)]
[INFO] 2026-05-26 20:20:05,402 - Expanding community 4
[DEBUG] 2026-05-26 20:20:05,422 - [EXPANSION] paper sorted scores=[('p357566', 3), ('p357567', 3), ('p7601', 0), ('p7604', 0), ('p7605', 0), ('p7610', 0), ('p7612', 0), ('p7613', 0), ('p7621', 0), ('p7630', 0)]
[DEBUG] 2026-05-26 20:20:05,423 - [EXPANSION] conference sorted scores=[('c2180', 2), ('c36', 0), ('c597', 0), ('c755', 0), ('c1194', 0), ('c1201', 0), ('c1234', 0), ('c1798', 0), ('c1801', 0), ('c1902', 0)]
[DEBUG] 2026-05-26 20:20:05,437 - [EXPANSION] term sorted scores=[('t767', 2), ('t4', 1), ('t45', 1), ('t48', 1), ('t1081', 1), ('t1172', 1), ('t1244', 1), ('t1578', 1), ('t1922', 1), ('t1932', 1)]
[INFO] 2026-05-26 20:20:05,437 - Expanding community 5
[DEBUG] 2026-05-26 20:20:05,457 - [EXPANSION] paper sorted scores=[('p278374', 3), ('p536343', 3), ('p7601', 0), ('p7604', 0), ('p7605', 0), ('p7610', 0), ('p7612', 0), ('p7613', 0), ('p7621', 0), ('p7630', 0)]
[DEBUG] 2026-05-26 20:20:05,458 - [EXPANSION] conference sorted scores=[('c1801', 1), ('c3230', 1), ('c36', 0), ('c597', 0), ('c755', 0), ('c1194', 0), ('c1201', 0), ('c1234', 0), ('c1798', 0), ('c1902', 0)]
[DEBUG] 2026-05-26 20:20:05,472 - [EXPANSION] term sorted scores=[('t103', 2), ('t220', 2), ('t2665', 2), ('t19', 1), ('t298', 1), ('t1343', 1), ('t1', 0), ('t2', 0), ('t3', 0), ('t4', 0)]
[INFO] 2026-05-26 20:20:05,472 - Expanding community 6
[DEBUG] 2026-05-26 20:20:05,492 - [EXPANSION] paper sorted scores=[('p9337', 3), ('p358434', 3), ('p10089', 1), ('p7601', 0), ('p7604', 0), ('p7605', 0), ('p7610', 0), ('p7612', 0), ('p7613', 0), ('p7621', 0)]
[DEBUG] 2026-05-26 20:20:05,493 - [EXPANSION] conference sorted scores=[('c36', 2), ('c2180', 1), ('c597', 0), ('c755', 0), ('c1194', 0), ('c1201', 0), ('c1234', 0), ('c1798', 0), ('c1801', 0), ('c1902', 0)]
[DEBUG] 2026-05-26 20:20:05,507 - [EXPANSION] term sorted scores=[('t250', 2), ('t471', 2), ('t1070', 2), ('t1199', 2), ('t19', 1), ('t63', 1), ('t134', 1), ('t174', 1), ('t283', 1), ('t358', 1)]
[INFO] 2026-05-26 20:20:05,507 - Expanding community 7
[DEBUG] 2026-05-26 20:20:05,528 - [EXPANSION] paper sorted scores=[('p504514', 3), ('p556433', 3), ('p7601', 0), ('p7604', 0), ('p7605', 0), ('p7610', 0), ('p7612', 0), ('p7613', 0), ('p7621', 0), ('p7630', 0)]
[DEBUG] 2026-05-26 20:20:05,529 - [EXPANSION] conference sorted scores=[('c3027', 1), ('c3329', 1), ('c36', 0), ('c597', 0), ('c755', 0), ('c1194', 0), ('c1201', 0), ('c1234', 0), ('c1798', 0), ('c1801', 0)]
[DEBUG] 2026-05-26 20:20:05,543 - [EXPANSION] term sorted scores=[('t55', 2), ('t2534', 2), ('t19', 1), ('t45', 1), ('t82', 1), ('t209', 1), ('t343', 1), ('t344', 1), ('t375', 1), ('t1213', 1)]
[INFO] 2026-05-26 20:20:05,544 - Expanding community 8
[DEBUG] 2026-05-26 20:20:05,563 - [EXPANSION] paper sorted scores=[('p86945', 3), ('p157133', 3), ('p7601', 0), ('p7604', 0), ('p7605', 0), ('p7610', 0), ('p7612', 0), ('p7613', 0), ('p7621', 0), ('p7630', 0)]
[DEBUG] 2026-05-26 20:20:05,564 - [EXPANSION] conference sorted scores=[('c597', 1), ('c1194', 1), ('c36', 0), ('c755', 0), ('c1201', 0), ('c1234', 0), ('c1798', 0), ('c1801', 0), ('c1902', 0), ('c2180', 0)]
[DEBUG] 2026-05-26 20:20:05,578 - [EXPANSION] term sorted scores=[('t49', 2), ('t1837', 2), ('t81', 1), ('t91', 1), ('t368', 1), ('t534', 1), ('t844', 1), ('t1248', 1), ('t1', 0), ('t2', 0)]
[INFO] 2026-05-26 20:20:05,579 - Expanding community 9
[DEBUG] 2026-05-26 20:20:05,599 - [EXPANSION] paper sorted scores=[('p8749', 2), ('p357840', 2), ('p7601', 0), ('p7604', 0), ('p7605', 0), ('p7610', 0), ('p7612', 0), ('p7613', 0), ('p7621', 0), ('p7630', 0)]
[DEBUG] 2026-05-26 20:20:05,600 - [EXPANSION] conference sorted scores=[('c36', 1), ('c2180', 1), ('c597', 0), ('c755', 0), ('c1194', 0), ('c1201', 0), ('c1234', 0), ('c1798', 0), ('c1801', 0), ('c1902', 0)]
[DEBUG] 2026-05-26 20:20:05,616 - [EXPANSION] term sorted scores=[('t174', 2), ('t2866', 2), ('t35', 1), ('t38', 1), ('t55', 1), ('t63', 1), ('t81', 1), ('t135', 1), ('t299', 1), ('t490', 1)]
[INFO] 2026-05-26 20:20:05,617 - Expanding community 10
[DEBUG] 2026-05-26 20:20:05,638 - [EXPANSION] paper sorted scores=[('p356685', 2), ('p359266', 2), ('p7601', 0), ('p7604', 0), ('p7605', 0), ('p7610', 0), ('p7612', 0), ('p7613', 0), ('p7621', 0), ('p7630', 0)]
[DEBUG] 2026-05-26 20:20:05,639 - [EXPANSION] conference sorted scores=[('c2180', 2), ('c36', 0), ('c597', 0), ('c755', 0), ('c1194', 0), ('c1201', 0), ('c1234', 0), ('c1798', 0), ('c1801', 0), ('c1902', 0)]
[DEBUG] 2026-05-26 20:20:05,653 - [EXPANSION] term sorted scores=[('t1', 1), ('t10', 1), ('t38', 1), ('t42', 1), ('t135', 1), ('t174', 1), ('t464', 1), ('t1199', 1), ('t1266', 1), ('t3056', 1)]
[INFO] 2026-05-26 20:20:05,653 - Expanding community 11
[DEBUG] 2026-05-26 20:20:05,674 - [EXPANSION] paper sorted scores=[('p8387', 2), ('p359099', 2), ('p7601', 0), ('p7604', 0), ('p7605', 0), ('p7610', 0), ('p7612', 0), ('p7613', 0), ('p7621', 0), ('p7630', 0)]
[DEBUG] 2026-05-26 20:20:05,675 - [EXPANSION] conference sorted scores=[('c36', 1), ('c2180', 1), ('c597', 0), ('c755', 0), ('c1194', 0), ('c1201', 0), ('c1234', 0), ('c1798', 0), ('c1801', 0), ('c1902', 0)]
[DEBUG] 2026-05-26 20:20:05,691 - [EXPANSION] term sorted scores=[('t1526', 2), ('t10', 1), ('t39', 1), ('t55', 1), ('t81', 1), ('t174', 1), ('t1457', 1), ('t1612', 1), ('t1872', 1), ('t1873', 1)]
[INFO] 2026-05-26 20:20:05,691 - Expanding community 12
[DEBUG] 2026-05-26 20:20:05,713 - [EXPANSION] paper sorted scores=[('p277806', 2), ('p504508', 2), ('p7601', 0), ('p7604', 0), ('p7605', 0), ('p7610', 0), ('p7612', 0), ('p7613', 0), ('p7621', 0), ('p7630', 0)]
[DEBUG] 2026-05-26 20:20:05,714 - [EXPANSION] conference sorted scores=[('c1798', 1), ('c3027', 1), ('c36', 0), ('c597', 0), ('c755', 0), ('c1194', 0), ('c1201', 0), ('c1234', 0), ('c1801', 0), ('c1902', 0)]
[DEBUG] 2026-05-26 20:20:05,730 - [EXPANSION] term sorted scores=[('t147', 2), ('t498', 2), ('t2452', 2), ('t4372', 2), ('t798', 1), ('t2252', 1), ('t1', 0), ('t2', 0), ('t3', 0), ('t4', 0)]
[INFO] 2026-05-26 20:20:05,731 - Expanding community 13
[DEBUG] 2026-05-26 20:20:05,754 - [EXPANSION] paper sorted scores=[('p357116', 2), ('p357117', 2), ('p7601', 0), ('p7604', 0), ('p7605', 0), ('p7610', 0), ('p7612', 0), ('p7613', 0), ('p7621', 0), ('p7630', 0)]
[DEBUG] 2026-05-26 20:20:05,755 - [EXPANSION] conference sorted scores=[('c2180', 2), ('c36', 0), ('c597', 0), ('c755', 0), ('c1194', 0), ('c1201', 0), ('c1234', 0), ('c1798', 0), ('c1801', 0), ('c1902', 0)]
[DEBUG] 2026-05-26 20:20:05,772 - [EXPANSION] term sorted scores=[('t2', 1), ('t13', 1), ('t19', 1), ('t63', 1), ('t73', 1), ('t77', 1), ('t208', 1), ('t300', 1), ('t372', 1), ('t553', 1)]
[INFO] 2026-05-26 20:20:05,772 - Expanding community 14
[DEBUG] 2026-05-26 20:20:05,794 - [EXPANSION] paper sorted scores=[('p11425', 2), ('p360520', 2), ('p7601', 0), ('p7604', 0), ('p7605', 0), ('p7610', 0), ('p7612', 0), ('p7613', 0), ('p7621', 0), ('p7630', 0)]
[DEBUG] 2026-05-26 20:20:05,795 - [EXPANSION] conference sorted scores=[('c36', 1), ('c2180', 1), ('c597', 0), ('c755', 0), ('c1194', 0), ('c1201', 0), ('c1234', 0), ('c1798', 0), ('c1801', 0), ('c1902', 0)]
[DEBUG] 2026-05-26 20:20:05,811 - [EXPANSION] term sorted scores=[('t55', 1), ('t174', 1), ('t175', 1), ('t216', 1), ('t250', 1), ('t295', 1), ('t560', 1), ('t943', 1), ('t967', 1), ('t1083', 1)]
[INFO] 2026-05-26 20:20:05,811 - Expanding community 15
[DEBUG] 2026-05-26 20:20:05,832 - [EXPANSION] paper sorted scores=[('p158828', 2), ('p487007', 2), ('p487426', 2), ('p500576', 2), ('p7601', 0), ('p7604', 0), ('p7605', 0), ('p7610', 0), ('p7612', 0), ('p7613', 0)]
[DEBUG] 2026-05-26 20:20:05,833 - [EXPANSION] conference sorted scores=[('c2934', 2), ('c1201', 1), ('c3011', 1), ('c36', 0), ('c597', 0), ('c755', 0), ('c1194', 0), ('c1234', 0), ('c1798', 0), ('c1801', 0)]
[DEBUG] 2026-05-26 20:20:05,850 - [EXPANSION] term sorted scores=[('t150', 4), ('t126', 2), ('t4573', 2), ('t9982', 2), ('t1', 1), ('t4', 1), ('t35', 1), ('t232', 1), ('t678', 1), ('t1865', 1)]
[INFO] 2026-05-26 20:20:05,850 - Expanding community 16
[DEBUG] 2026-05-26 20:20:05,871 - [EXPANSION] paper sorted scores=[('p86432', 2), ('p159126', 2), ('p7601', 0), ('p7604', 0), ('p7605', 0), ('p7610', 0), ('p7612', 0), ('p7613', 0), ('p7621', 0), ('p7630', 0)]
[DEBUG] 2026-05-26 20:20:05,872 - [EXPANSION] conference sorted scores=[('c597', 1), ('c1201', 1), ('c36', 0), ('c755', 0), ('c1194', 0), ('c1234', 0), ('c1798', 0), ('c1801', 0), ('c1902', 0), ('c2180', 0)]
[DEBUG] 2026-05-26 20:20:05,887 - [EXPANSION] term sorted scores=[('t26', 2), ('t142', 2), ('t616', 2), ('t2708', 2), ('t19', 1), ('t206', 1), ('t401', 1), ('t514', 1), ('t671', 1), ('t791', 1)]
[INFO] 2026-05-26 20:20:05,888 - Expanding community 17
[DEBUG] 2026-05-26 20:20:05,908 - [EXPANSION] paper sorted scores=[('p436949', 2), ('p536379', 2), ('p7601', 0), ('p7604', 0), ('p7605', 0), ('p7610', 0), ('p7612', 0), ('p7613', 0), ('p7621', 0), ('p7630', 0)]
[DEBUG] 2026-05-26 20:20:05,909 - [EXPANSION] conference sorted scores=[('c2504', 1), ('c3230', 1), ('c36', 0), ('c597', 0), ('c755', 0), ('c1194', 0), ('c1201', 0), ('c1234', 0), ('c1798', 0), ('c1801', 0)]
[DEBUG] 2026-05-26 20:20:05,926 - [EXPANSION] term sorted scores=[('t792', 2), ('t4', 1), ('t26', 1), ('t45', 1), ('t81', 1), ('t126', 1), ('t150', 1), ('t349', 1), ('t774', 1), ('t899', 1)]
[INFO] 2026-05-26 20:20:05,926 - Expanding community 18
[DEBUG] 2026-05-26 20:20:05,949 - [EXPANSION] paper sorted scores=[('p278140', 2), ('p436388', 2), ('p504096', 2), ('p7601', 0), ('p7604', 0), ('p7605', 0), ('p7610', 0), ('p7612', 0), ('p7613', 0), ('p7621', 0)]
[DEBUG] 2026-05-26 20:20:05,950 - [EXPANSION] conference sorted scores=[('c1801', 1), ('c2504', 1), ('c3027', 1), ('c36', 0), ('c597', 0), ('c755', 0), ('c1194', 0), ('c1201', 0), ('c1234', 0), ('c1798', 0)]
[DEBUG] 2026-05-26 20:20:05,967 - [EXPANSION] term sorted scores=[('t65', 1), ('t81', 1), ('t171', 1), ('t478', 1), ('t479', 1), ('t490', 1), ('t591', 1), ('t620', 1), ('t887', 1), ('t930', 1)]
[INFO] 2026-05-26 20:20:05,968 - Expanding community 19
[DEBUG] 2026-05-26 20:20:05,990 - [EXPANSION] paper sorted scores=[('p162643', 2), ('p595794', 2), ('p7601', 0), ('p7604', 0), ('p7605', 0), ('p7610', 0), ('p7612', 0), ('p7613', 0), ('p7621', 0), ('p7630', 0)]
[DEBUG] 2026-05-26 20:20:05,991 - [EXPANSION] conference sorted scores=[('c1234', 1), ('c3594', 1), ('c36', 0), ('c597', 0), ('c755', 0), ('c1194', 0), ('c1201', 0), ('c1798', 0), ('c1801', 0), ('c1902', 0)]
[DEBUG] 2026-05-26 20:20:06,007 - [EXPANSION] term sorted scores=[('t19', 2), ('t6563', 2), ('t112', 1), ('t336', 1), ('t342', 1), ('t524', 1), ('t1241', 1), ('t2151', 1), ('t1', 0), ('t2', 0)]
[INFO] 2026-05-26 20:20:06,007 - Expanding community 20
[DEBUG] 2026-05-26 20:20:06,029 - [EXPANSION] paper sorted scores=[('p359505', 2), ('p361045', 2), ('p7601', 0), ('p7604', 0), ('p7605', 0), ('p7610', 0), ('p7612', 0), ('p7613', 0), ('p7621', 0), ('p7630', 0)]
[DEBUG] 2026-05-26 20:20:06,030 - [EXPANSION] conference sorted scores=[('c2180', 2), ('c36', 0), ('c597', 0), ('c755', 0), ('c1194', 0), ('c1201', 0), ('c1234', 0), ('c1798', 0), ('c1801', 0), ('c1902', 0)]
[DEBUG] 2026-05-26 20:20:06,049 - [EXPANSION] term sorted scores=[('t19', 1), ('t21', 1), ('t65', 1), ('t126', 1), ('t419', 1), ('t458', 1), ('t1268', 1), ('t1349', 1), ('t1504', 1), ('t2525', 1)]
[INFO] 2026-05-26 20:20:06,049 - Expanding community 21
[DEBUG] 2026-05-26 20:20:06,071 - [EXPANSION] paper sorted scores=[('p437016', 2), ('p487023', 2), ('p7601', 0), ('p7604', 0), ('p7605', 0), ('p7610', 0), ('p7612', 0), ('p7613', 0), ('p7621', 0), ('p7630', 0)]
[DEBUG] 2026-05-26 20:20:06,072 - [EXPANSION] conference sorted scores=[('c2504', 1), ('c2934', 1), ('c36', 0), ('c597', 0), ('c755', 0), ('c1194', 0), ('c1201', 0), ('c1234', 0), ('c1798', 0), ('c1801', 0)]
[DEBUG] 2026-05-26 20:20:06,088 - [EXPANSION] term sorted scores=[('t35', 1), ('t112', 1), ('t232', 1), ('t535', 1), ('t689', 1), ('t1055', 1), ('t1102', 1), ('t1711', 1), ('t3397', 1), ('t9829', 1)]
[INFO] 2026-05-26 20:20:06,088 - Expanding community 22
[DEBUG] 2026-05-26 20:20:06,110 - [EXPANSION] paper sorted scores=[('p278636', 2), ('p487449', 2), ('p7601', 0), ('p7604', 0), ('p7605', 0), ('p7610', 0), ('p7612', 0), ('p7613', 0), ('p7621', 0), ('p7630', 0)]
[DEBUG] 2026-05-26 20:20:06,111 - [EXPANSION] conference sorted scores=[('c1801', 1), ('c2934', 1), ('c36', 0), ('c597', 0), ('c755', 0), ('c1194', 0), ('c1201', 0), ('c1234', 0), ('c1798', 0), ('c1902', 0)]
[DEBUG] 2026-05-26 20:20:06,126 - [EXPANSION] term sorted scores=[('t10', 1), ('t55', 1), ('t90', 1), ('t448', 1), ('t521', 1), ('t744', 1), ('t953', 1), ('t1106', 1), ('t1138', 1), ('t1384', 1)]
[INFO] 2026-05-26 20:20:06,126 - Expanding community 23
[DEBUG] 2026-05-26 20:20:06,148 - [EXPANSION] paper sorted scores=[('p358141', 2), ('p358143', 2), ('p7601', 0), ('p7604', 0), ('p7605', 0), ('p7610', 0), ('p7612', 0), ('p7613', 0), ('p7621', 0), ('p7630', 0)]
[DEBUG] 2026-05-26 20:20:06,149 - [EXPANSION] conference sorted scores=[('c2180', 2), ('c36', 0), ('c597', 0), ('c755', 0), ('c1194', 0), ('c1201', 0), ('c1234', 0), ('c1798', 0), ('c1801', 0), ('c1902', 0)]
[DEBUG] 2026-05-26 20:20:06,164 - [EXPANSION] term sorted scores=[('t10', 1), ('t37', 1), ('t45', 1), ('t46', 1), ('t55', 1), ('t63', 1), ('t110', 1), ('t299', 1), ('t680', 1), ('t744', 1)]
[INFO] 2026-05-26 20:20:06,165 - Expanding community 24
[DEBUG] 2026-05-26 20:20:06,186 - [EXPANSION] paper sorted scores=[('p7926', 2), ('p358120', 2), ('p555026', 1), ('p7601', 0), ('p7604', 0), ('p7605', 0), ('p7610', 0), ('p7612', 0), ('p7613', 0), ('p7621', 0)]
[DEBUG] 2026-05-26 20:20:06,187 - [EXPANSION] conference sorted scores=[('c36', 1), ('c2180', 1), ('c3329', 1), ('c597', 0), ('c755', 0), ('c1194', 0), ('c1201', 0), ('c1234', 0), ('c1798', 0), ('c1801', 0)]
[DEBUG] 2026-05-26 20:20:06,203 - [EXPANSION] term sorted scores=[('t81', 3), ('t1355', 2), ('t39', 1), ('t82', 1), ('t271', 1), ('t305', 1), ('t482', 1), ('t839', 1), ('t986', 1), ('t1178', 1)]
[INFO] 2026-05-26 20:20:06,204 - Expanding community 25
[DEBUG] 2026-05-26 20:20:06,227 - [EXPANSION] paper sorted scores=[('p156917', 2), ('p277438', 2), ('p7601', 0), ('p7604', 0), ('p7605', 0), ('p7610', 0), ('p7612', 0), ('p7613', 0), ('p7621', 0), ('p7630', 0)]
[DEBUG] 2026-05-26 20:20:06,228 - [EXPANSION] conference sorted scores=[('c1194', 1), ('c1798', 1), ('c36', 0), ('c597', 0), ('c755', 0), ('c1201', 0), ('c1234', 0), ('c1801', 0), ('c1902', 0), ('c2180', 0)]
[DEBUG] 2026-05-26 20:20:06,245 - [EXPANSION] term sorted scores=[('t2356', 2), ('t10', 1), ('t35', 1), ('t45', 1), ('t460', 1), ('t503', 1), ('t568', 1), ('t570', 1), ('t849', 1), ('t2471', 1)]
[INFO] 2026-05-26 20:20:06,245 - Expanding community 26
[DEBUG] 2026-05-26 20:20:06,267 - [EXPANSION] paper sorted scores=[('p86957', 2), ('p597669', 2), ('p7601', 0), ('p7604', 0), ('p7605', 0), ('p7610', 0), ('p7612', 0), ('p7613', 0), ('p7621', 0), ('p7630', 0)]
[DEBUG] 2026-05-26 20:20:06,268 - [EXPANSION] conference sorted scores=[('c597', 1), ('c3594', 1), ('c36', 0), ('c755', 0), ('c1194', 0), ('c1201', 0), ('c1234', 0), ('c1798', 0), ('c1801', 0), ('c1902', 0)]
[DEBUG] 2026-05-26 20:20:06,285 - [EXPANSION] term sorted scores=[('t19', 1), ('t45', 1), ('t63', 1), ('t375', 1), ('t383', 1), ('t557', 1), ('t656', 1), ('t718', 1), ('t1325', 1), ('t4672', 1)]
[INFO] 2026-05-26 20:20:06,901 - [EVAL] Modularity=0.4184
[INFO] 2026-05-26 20:20:06,901 - [EVAL] Surprise=0.0000
[INFO] 2026-05-26 20:20:06,901 - [EVAL] Keyword coherence=0.0000
[INFO] 2026-05-26 20:20:06,901 - [EVAL] Community stats={'num_communities': 27, 'avg_size': 1630.2592592592594, 'max_size': 27426, 'min_size': 12}
[INFO] 2026-05-26 20:20:06,915 - [NMI DEBUG] matched_nodes=3401
[INFO] 2026-05-26 20:20:06,921 - [NMI] 0.0219
[INFO] 2026-05-26 20:20:06,929 - [NMI DEBUG] matched_nodes=78
[INFO] 2026-05-26 20:20:06,931 - [NMI] 0.0280
[INFO] 2026-05-26 20:20:06,936 - [NMI DEBUG] matched_nodes=20
[INFO] 2026-05-26 20:20:06,938 - [NMI] 0.0000
[INFO] 2026-05-26 20:20:06,939 - Saved communities...
[INFO] 2026-05-26 20:21:26,289 - [MATRIX] writes shape=(14376, 14475)
[INFO] 2026-05-26 20:21:26,327 - [MATRIX] be_written shape=(14475, 14376)
[INFO] 2026-05-26 20:21:26,339 - [MATRIX] published_in shape=(14376, 20)
[INFO] 2026-05-26 20:21:26,351 - [MATRIX] publish shape=(20, 14376)
[INFO] 2026-05-26 20:21:26,447 - [MATRIX] has_term shape=(14376, 8920)
[INFO] 2026-05-26 20:21:26,545 - [MATRIX] term_in shape=(8920, 14376)
[INFO] 2026-05-26 20:21:26,571 - 
========== Building A-P-A ==========
[INFO] 2026-05-26 20:21:26,577 - A-P-A matrix shape=(14475, 14475)
[INFO] 2026-05-26 20:21:26,792 - A-P-A nodes=5264 edges=8789 total_weight=51362.0000
[INFO] 2026-05-26 20:21:26,794 - 
========== Building A-P-T-P-A ==========
[INFO] 2026-05-26 20:21:38,550 - A-P-T-P-A matrix shape=(14475, 14475)
[INFO] 2026-05-26 20:22:48,614 - A-P-T-P-A nodes=320 edges=2170 total_weight=2292932.6667
[INFO] 2026-05-26 20:22:48,615 - 
========== Building A-P-C-P-A ==========
[INFO] 2026-05-26 20:22:51,051 - A-P-C-P-A matrix shape=(14475, 14475)
[INFO] 2026-05-26 20:23:15,070 - A-P-C-P-A nodes=5689 edges=92426 total_weight=6194038.0000
[INFO] 2026-05-26 20:23:15,150 - Running community detection on A-P-A
[INFO] 2026-05-26 20:23:16,060 - A-P-A communities=639
[INFO] 2026-05-26 20:23:16,061 - Running community detection on A-P-T-P-A
[INFO] 2026-05-26 20:23:16,157 - A-P-T-P-A communities=3
[INFO] 2026-05-26 20:23:16,164 - Running community detection on A-P-C-P-A
[INFO] 2026-05-26 20:23:19,349 - A-P-C-P-A communities=4
[INFO] 2026-05-26 20:23:19,434 - Candidate edges=99690
[INFO] 2026-05-26 20:23:20,461 - Consensus graph nodes=6933 edges=82336
[INFO] 2026-05-26 20:23:20,461 - Running Louvain on consensus graph
[INFO] 2026-05-26 20:23:23,427 - Seed communities=110
[INFO] 2026-05-26 20:23:23,764 - Expanding community 0
[DEBUG] 2026-05-26 20:23:24,690 - [EXPANSION] paper sorted scores=[('p551464', 13), ('p551708', 12), ('p551520', 10), ('p552252', 10), ('p550757', 9), ('p552202', 8), ('p552505', 8), ('p85737', 7), ('p86565', 7), ('p86567', 7)]
[DEBUG] 2026-05-26 20:23:24,697 - [EXPANSION] conference sorted scores=[('c3318', 1361), ('c597', 301), ('c1194', 187), ('c3771', 161), ('c2180', 90), ('c2504', 90), ('c36', 84), ('c1801', 83), ('c1798', 82), ('c1902', 81)]
[DEBUG] 2026-05-26 20:23:26,119 - [EXPANSION] term sorted scores=[('t19', 931), ('t4', 668), ('t63', 629), ('t468', 560), ('t45', 517), ('t35', 461), ('t1', 413), ('t235', 398), ('t109', 300), ('t38', 288)]
[INFO] 2026-05-26 20:23:26,120 - Expanding community 1
[DEBUG] 2026-05-26 20:23:26,653 - [EXPANSION] paper sorted scores=[('p275258', 9), ('p275255', 8), ('p275858', 8), ('p436375', 8), ('p437432', 8), ('p500763', 7), ('p536310', 7), ('p556109', 7), ('p278026', 6), ('p278282', 6)]
[DEBUG] 2026-05-26 20:23:26,661 - [EXPANSION] conference sorted scores=[('c1798', 858), ('c2504', 648), ('c3329', 409), ('c3594', 406), ('c1801', 400), ('c597', 301), ('c2934', 257), ('c3011', 206), ('c3230', 192), ('c1902', 144)]
[DEBUG] 2026-05-26 20:23:28,859 - [EXPANSION] term sorted scores=[('t19', 1418), ('t4', 1027), ('t63', 950), ('t461', 890), ('t35', 871), ('t45', 811), ('t452', 579), ('t1', 494), ('t38', 400), ('t112', 383)]
[INFO] 2026-05-26 20:23:28,860 - Expanding community 2
[DEBUG] 2026-05-26 20:23:29,361 - [EXPANSION] paper sorted scores=[('p7745', 15), ('p7746', 14), ('p8636', 8), ('p10405', 8), ('p10518', 8), ('p10519', 8), ('p11686', 8), ('p554943', 8), ('p625832', 8), ('p8380', 7)]
[DEBUG] 2026-05-26 20:23:29,368 - [EXPANSION] conference sorted scores=[('c36', 1376), ('c2180', 1361), ('c1902', 497), ('c755', 205), ('c2504', 112), ('c1201', 110), ('c3318', 99), ('c1801', 72), ('c3771', 61), ('c597', 56)]
[DEBUG] 2026-05-26 20:23:31,447 - [EXPANSION] term sorted scores=[('t19', 1151), ('t4', 980), ('t63', 885), ('t45', 817), ('t35', 762), ('t12', 600), ('t1', 573), ('t55', 390), ('t10', 360), ('t38', 343)]
[INFO] 2026-05-26 20:23:31,449 - Expanding community 3
[DEBUG] 2026-05-26 20:23:31,906 - [EXPANSION] paper sorted scores=[('p554317', 15), ('p554348', 15), ('p554349', 15), ('p595446', 14), ('p554114', 12), ('p555663', 11), ('p554457', 10), ('p555698', 10), ('p555718', 10), ('p597371', 10)]
[DEBUG] 2026-05-26 20:23:31,919 - [EXPANSION] conference sorted scores=[('c3594', 1268), ('c3329', 1190), ('c1798', 1088), ('c3027', 411), ('c597', 259), ('c1234', 245), ('c3771', 121), ('c2504', 111), ('c1801', 59), ('c3318', 54)]
[DEBUG] 2026-05-26 20:23:34,437 - [EXPANSION] term sorted scores=[('t19', 1492), ('t4', 1148), ('t35', 1091), ('t63', 1081), ('t45', 978), ('t461', 933), ('t1', 700), ('t512', 557), ('t375', 448), ('t112', 432)]
[INFO] 2026-05-26 20:23:34,438 - Expanding community 4
[DEBUG] 2026-05-26 20:23:34,467 - [EXPANSION] paper sorted scores=[('p278072', 5), ('p500407', 5), ('p536225', 5), ('p486582', 2), ('p158822', 1), ('p7601', 0), ('p7604', 0), ('p7605', 0), ('p7610', 0), ('p7612', 0)]
[DEBUG] 2026-05-26 20:23:34,468 - [EXPANSION] conference sorted scores=[('c1201', 1), ('c1801', 1), ('c2934', 1), ('c3011', 1), ('c3230', 1), ('c36', 0), ('c597', 0), ('c755', 0), ('c1194', 0), ('c1234', 0)]
[DEBUG] 2026-05-26 20:23:34,488 - [EXPANSION] term sorted scores=[('t19', 3), ('t249', 3), ('t461', 3), ('t795', 3), ('t45', 2), ('t108', 2), ('t452', 2), ('t1973', 2), ('t53', 1), ('t71', 1)]
[INFO] 2026-05-26 20:23:34,489 - Expanding community 5
[DEBUG] 2026-05-26 20:23:34,516 - [EXPANSION] paper sorted scores=[('p436624', 5), ('p536388', 5), ('p7601', 0), ('p7604', 0), ('p7605', 0), ('p7610', 0), ('p7612', 0), ('p7613', 0), ('p7621', 0), ('p7630', 0)]
[DEBUG] 2026-05-26 20:23:34,517 - [EXPANSION] conference sorted scores=[('c2504', 1), ('c3230', 1), ('c36', 0), ('c597', 0), ('c755', 0), ('c1194', 0), ('c1201', 0), ('c1234', 0), ('c1798', 0), ('c1801', 0)]
[DEBUG] 2026-05-26 20:23:34,539 - [EXPANSION] term sorted scores=[('t1', 2), ('t35', 2), ('t183', 2), ('t452', 2), ('t461', 2), ('t986', 2), ('t1737', 2), ('t1994', 2), ('t6321', 2), ('t9451', 2)]
[INFO] 2026-05-26 20:23:34,539 - Expanding community 6
[DEBUG] 2026-05-26 20:23:34,572 - [EXPANSION] paper sorted scores=[('p11290', 5), ('p86642', 5), ('p556319', 2), ('p357177', 1), ('p7601', 0), ('p7604', 0), ('p7605', 0), ('p7610', 0), ('p7612', 0), ('p7613', 0)]
[DEBUG] 2026-05-26 20:23:34,573 - [EXPANSION] conference sorted scores=[('c36', 1), ('c597', 1), ('c2180', 1), ('c3329', 1), ('c755', 0), ('c1194', 0), ('c1201', 0), ('c1234', 0), ('c1798', 0), ('c1801', 0)]
[DEBUG] 2026-05-26 20:23:34,593 - [EXPANSION] term sorted scores=[('t19', 3), ('t355', 2), ('t26', 1), ('t35', 1), ('t42', 1), ('t45', 1), ('t63', 1), ('t84', 1), ('t226', 1), ('t307', 1)]
[INFO] 2026-05-26 20:23:34,594 - Expanding community 7
[DEBUG] 2026-05-26 20:23:34,620 - [EXPANSION] paper sorted scores=[('p357725', 3), ('p503819', 3), ('p86768', 2), ('p86832', 2), ('p7663', 1), ('p308094', 1), ('p500441', 1), ('p7601', 0), ('p7604', 0), ('p7605', 0)]
[DEBUG] 2026-05-26 20:23:34,621 - [EXPANSION] conference sorted scores=[('c597', 2), ('c36', 1), ('c1902', 1), ('c2180', 1), ('c3011', 1), ('c3027', 1), ('c755', 0), ('c1194', 0), ('c1201', 0), ('c1234', 0)]
[DEBUG] 2026-05-26 20:23:34,643 - [EXPANSION] term sorted scores=[('t4', 3), ('t35', 2), ('t38', 2), ('t220', 2), ('t1434', 2), ('t2154', 2), ('t2665', 2), ('t5059', 2), ('t9', 1), ('t81', 1)]
[INFO] 2026-05-26 20:23:34,644 - Expanding community 8
[DEBUG] 2026-05-26 20:23:34,671 - [EXPANSION] paper sorted scores=[('p162593', 4), ('p595351', 4), ('p625579', 2), ('p500515', 1), ('p7601', 0), ('p7604', 0), ('p7605', 0), ('p7610', 0), ('p7612', 0), ('p7613', 0)]
[DEBUG] 2026-05-26 20:23:34,672 - [EXPANSION] conference sorted scores=[('c1234', 1), ('c3011', 1), ('c3594', 1), ('c3771', 1), ('c36', 0), ('c597', 0), ('c755', 0), ('c1194', 0), ('c1201', 0), ('c1798', 0)]
[DEBUG] 2026-05-26 20:23:34,692 - [EXPANSION] term sorted scores=[('t460', 4), ('t55', 2), ('t461', 2), ('t5007', 2), ('t35', 1), ('t38', 1), ('t45', 1), ('t54', 1), ('t63', 1), ('t69', 1)]
[INFO] 2026-05-26 20:23:34,692 - Expanding community 9
[DEBUG] 2026-05-26 20:23:34,720 - [EXPANSION] paper sorted scores=[('p437077', 3), ('p501013', 3), ('p7601', 0), ('p7604', 0), ('p7605', 0), ('p7610', 0), ('p7612', 0), ('p7613', 0), ('p7621', 0), ('p7630', 0)]
[DEBUG] 2026-05-26 20:23:34,721 - [EXPANSION] conference sorted scores=[('c2504', 1), ('c3011', 1), ('c36', 0), ('c597', 0), ('c755', 0), ('c1194', 0), ('c1201', 0), ('c1234', 0), ('c1798', 0), ('c1801', 0)]
[DEBUG] 2026-05-26 20:23:34,740 - [EXPANSION] term sorted scores=[('t63', 2), ('t112', 2), ('t483', 2), ('t489', 2), ('t1043', 2), ('t1044', 2), ('t26', 1), ('t271', 1), ('t452', 1), ('t461', 1)]
[INFO] 2026-05-26 20:23:34,740 - Expanding community 10
[DEBUG] 2026-05-26 20:23:34,766 - [EXPANSION] paper sorted scores=[('p504557', 3), ('p555889', 3), ('p536234', 2), ('p118053', 1), ('p7601', 0), ('p7604', 0), ('p7605', 0), ('p7610', 0), ('p7612', 0), ('p7613', 0)]
[DEBUG] 2026-05-26 20:23:34,767 - [EXPANSION] conference sorted scores=[('c755', 1), ('c3027', 1), ('c3230', 1), ('c3329', 1), ('c36', 0), ('c597', 0), ('c1194', 0), ('c1201', 0), ('c1234', 0), ('c1798', 0)]
[DEBUG] 2026-05-26 20:23:34,787 - [EXPANSION] term sorted scores=[('t55', 2), ('t63', 2), ('t177', 2), ('t461', 2), ('t501', 2), ('t521', 2), ('t19', 1), ('t35', 1), ('t45', 1), ('t54', 1)]
[INFO] 2026-05-26 20:23:34,788 - Expanding community 11
[DEBUG] 2026-05-26 20:23:34,814 - [EXPANSION] paper sorted scores=[('p487424', 3), ('p487505', 3), ('p487524', 2), ('p536489', 2), ('p7601', 0), ('p7604', 0), ('p7605', 0), ('p7610', 0), ('p7612', 0), ('p7613', 0)]
[DEBUG] 2026-05-26 20:23:34,815 - [EXPANSION] conference sorted scores=[('c2934', 3), ('c3230', 1), ('c36', 0), ('c597', 0), ('c755', 0), ('c1194', 0), ('c1201', 0), ('c1234', 0), ('c1798', 0), ('c1801', 0)]
[DEBUG] 2026-05-26 20:23:34,835 - [EXPANSION] term sorted scores=[('t1340', 2), ('t1', 1), ('t19', 1), ('t26', 1), ('t38', 1), ('t45', 1), ('t63', 1), ('t112', 1), ('t115', 1), ('t148', 1)]
[INFO] 2026-05-26 20:23:34,835 - Expanding community 12
[DEBUG] 2026-05-26 20:23:34,862 - [EXPANSION] paper sorted scores=[('p487349', 3), ('p158781', 2), ('p308453', 2), ('p308454', 2), ('p500603', 2), ('p500605', 2), ('p500609', 2), ('p158780', 1), ('p7601', 0), ('p7604', 0)]
[DEBUG] 2026-05-26 20:23:34,863 - [EXPANSION] conference sorted scores=[('c3011', 3), ('c1201', 2), ('c1902', 2), ('c2934', 1), ('c36', 0), ('c597', 0), ('c755', 0), ('c1194', 0), ('c1234', 0), ('c1798', 0)]
[DEBUG] 2026-05-26 20:23:34,883 - [EXPANSION] term sorted scores=[('t63', 3), ('t108', 3), ('t6468', 3), ('t19', 2), ('t35', 2), ('t55', 2), ('t98', 2), ('t142', 2), ('t250', 2), ('t461', 2)]
[INFO] 2026-05-26 20:23:34,884 - Expanding community 13
[DEBUG] 2026-05-26 20:23:34,910 - [EXPANSION] paper sorted scores=[('p486690', 2), ('p486692', 2), ('p486697', 2), ('p500553', 2), ('p275916', 1), ('p500554', 1), ('p7601', 0), ('p7604', 0), ('p7605', 0), ('p7610', 0)]
[DEBUG] 2026-05-26 20:23:34,911 - [EXPANSION] conference sorted scores=[('c2934', 3), ('c3011', 2), ('c1798', 1), ('c36', 0), ('c597', 0), ('c755', 0), ('c1194', 0), ('c1201', 0), ('c1234', 0), ('c1801', 0)]
[DEBUG] 2026-05-26 20:23:34,931 - [EXPANSION] term sorted scores=[('t226', 4), ('t461', 4), ('t4', 2), ('t19', 2), ('t35', 2), ('t45', 2), ('t57', 2), ('t103', 2), ('t1107', 2), ('t1434', 2)]
[INFO] 2026-05-26 20:23:34,932 - Expanding community 14
[DEBUG] 2026-05-26 20:23:34,957 - [EXPANSION] paper sorted scores=[('p86553', 3), ('p504434', 3), ('p597171', 3), ('p7601', 0), ('p7604', 0), ('p7605', 0), ('p7610', 0), ('p7612', 0), ('p7613', 0), ('p7621', 0)]
[DEBUG] 2026-05-26 20:23:34,959 - [EXPANSION] conference sorted scores=[('c597', 1), ('c3027', 1), ('c3594', 1), ('c36', 0), ('c755', 0), ('c1194', 0), ('c1201', 0), ('c1234', 0), ('c1798', 0), ('c1801', 0)]
[DEBUG] 2026-05-26 20:23:34,979 - [EXPANSION] term sorted scores=[('t4', 2), ('t19', 1), ('t35', 1), ('t45', 1), ('t63', 1), ('t84', 1), ('t114', 1), ('t128', 1), ('t134', 1), ('t180', 1)]
[INFO] 2026-05-26 20:23:34,980 - Expanding community 15
[DEBUG] 2026-05-26 20:23:35,006 - [EXPANSION] paper sorted scores=[('p86945', 3), ('p157133', 3), ('p7601', 0), ('p7604', 0), ('p7605', 0), ('p7610', 0), ('p7612', 0), ('p7613', 0), ('p7621', 0), ('p7630', 0)]
[DEBUG] 2026-05-26 20:23:35,007 - [EXPANSION] conference sorted scores=[('c597', 1), ('c1194', 1), ('c36', 0), ('c755', 0), ('c1201', 0), ('c1234', 0), ('c1798', 0), ('c1801', 0), ('c1902', 0), ('c2180', 0)]
[DEBUG] 2026-05-26 20:23:35,024 - [EXPANSION] term sorted scores=[('t49', 2), ('t1837', 2), ('t81', 1), ('t91', 1), ('t368', 1), ('t534', 1), ('t844', 1), ('t1248', 1), ('t1', 0), ('t2', 0)]
[INFO] 2026-05-26 20:23:35,024 - Expanding community 16
[DEBUG] 2026-05-26 20:23:35,050 - [EXPANSION] paper sorted scores=[('p436685', 3), ('p158920', 2), ('p159254', 2), ('p500993', 2), ('p7601', 0), ('p7604', 0), ('p7605', 0), ('p7610', 0), ('p7612', 0), ('p7613', 0)]
[DEBUG] 2026-05-26 20:23:35,053 - [EXPANSION] conference sorted scores=[('c1201', 2), ('c2504', 1), ('c3011', 1), ('c36', 0), ('c597', 0), ('c755', 0), ('c1194', 0), ('c1234', 0), ('c1798', 0), ('c1801', 0)]
[DEBUG] 2026-05-26 20:23:35,072 - [EXPANSION] term sorted scores=[('t19', 2), ('t452', 2), ('t38', 1), ('t135', 1), ('t349', 1), ('t461', 1), ('t521', 1), ('t560', 1), ('t634', 1), ('t821', 1)]
[INFO] 2026-05-26 20:23:35,073 - Expanding community 17
[DEBUG] 2026-05-26 20:23:35,098 - [EXPANSION] paper sorted scores=[('p86386', 3), ('p278275', 3), ('p7601', 0), ('p7604', 0), ('p7605', 0), ('p7610', 0), ('p7612', 0), ('p7613', 0), ('p7621', 0), ('p7630', 0)]
[DEBUG] 2026-05-26 20:23:35,099 - [EXPANSION] conference sorted scores=[('c597', 1), ('c1801', 1), ('c36', 0), ('c755', 0), ('c1194', 0), ('c1201', 0), ('c1234', 0), ('c1798', 0), ('c1902', 0), ('c2180', 0)]
[DEBUG] 2026-05-26 20:23:35,119 - [EXPANSION] term sorted scores=[('t4', 2), ('t478', 2), ('t10', 1), ('t37', 1), ('t54', 1), ('t114', 1), ('t228', 1), ('t479', 1), ('t560', 1), ('t1261', 1)]
[INFO] 2026-05-26 20:23:35,119 - Expanding community 18
[DEBUG] 2026-05-26 20:23:35,147 - [EXPANSION] paper sorted scores=[('p436145', 3), ('p536283', 3), ('p162813', 1), ('p7601', 0), ('p7604', 0), ('p7605', 0), ('p7610', 0), ('p7612', 0), ('p7613', 0), ('p7621', 0)]
[DEBUG] 2026-05-26 20:23:35,148 - [EXPANSION] conference sorted scores=[('c1234', 1), ('c2504', 1), ('c3230', 1), ('c36', 0), ('c597', 0), ('c755', 0), ('c1194', 0), ('c1201', 0), ('c1798', 0), ('c1801', 0)]
[DEBUG] 2026-05-26 20:23:35,167 - [EXPANSION] term sorted scores=[('t45', 2), ('t461', 2), ('t955', 2), ('t4', 1), ('t19', 1), ('t53', 1), ('t63', 1), ('t81', 1), ('t108', 1), ('t163', 1)]
[INFO] 2026-05-26 20:23:35,167 - Expanding community 19
[DEBUG] 2026-05-26 20:23:35,192 - [EXPANSION] paper sorted scores=[('p487197', 3), ('p11483', 2), ('p308965', 2), ('p308967', 2), ('p360582', 1), ('p7601', 0), ('p7604', 0), ('p7605', 0), ('p7610', 0), ('p7612', 0)]
[DEBUG] 2026-05-26 20:23:35,194 - [EXPANSION] conference sorted scores=[('c1902', 2), ('c36', 1), ('c2180', 1), ('c2934', 1), ('c597', 0), ('c755', 0), ('c1194', 0), ('c1201', 0), ('c1234', 0), ('c1798', 0)]
[DEBUG] 2026-05-26 20:23:35,213 - [EXPANSION] term sorted scores=[('t4', 4), ('t1', 2), ('t114', 2), ('t649', 2), ('t2206', 2), ('t2207', 2), ('t6', 1), ('t35', 1), ('t38', 1), ('t45', 1)]
[INFO] 2026-05-26 20:23:35,214 - Expanding community 20
[DEBUG] 2026-05-26 20:23:35,241 - [EXPANSION] paper sorted scores=[('p163066', 3), ('p556465', 3), ('p7601', 0), ('p7604', 0), ('p7605', 0), ('p7610', 0), ('p7612', 0), ('p7613', 0), ('p7621', 0), ('p7630', 0)]
[DEBUG] 2026-05-26 20:23:35,242 - [EXPANSION] conference sorted scores=[('c1234', 1), ('c3329', 1), ('c36', 0), ('c597', 0), ('c755', 0), ('c1194', 0), ('c1201', 0), ('c1798', 0), ('c1801', 0), ('c1902', 0)]
[DEBUG] 2026-05-26 20:23:35,261 - [EXPANSION] term sorted scores=[('t1', 2), ('t998', 2), ('t6787', 2), ('t4', 1), ('t63', 1), ('t358', 1), ('t524', 1), ('t651', 1), ('t657', 1), ('t733', 1)]
[INFO] 2026-05-26 20:23:35,261 - Expanding community 21
[DEBUG] 2026-05-26 20:23:35,288 - [EXPANSION] paper sorted scores=[('p356978', 3), ('p358268', 3), ('p7601', 0), ('p7604', 0), ('p7605', 0), ('p7610', 0), ('p7612', 0), ('p7613', 0), ('p7621', 0), ('p7630', 0)]
[DEBUG] 2026-05-26 20:23:35,289 - [EXPANSION] conference sorted scores=[('c2180', 2), ('c36', 0), ('c597', 0), ('c755', 0), ('c1194', 0), ('c1201', 0), ('c1234', 0), ('c1798', 0), ('c1801', 0), ('c1902', 0)]
[DEBUG] 2026-05-26 20:23:35,306 - [EXPANSION] term sorted scores=[('t4', 2), ('t1077', 2), ('t1', 1), ('t63', 1), ('t67', 1), ('t112', 1), ('t173', 1), ('t238', 1), ('t428', 1), ('t847', 1)]
[INFO] 2026-05-26 20:23:35,306 - Expanding community 22
[DEBUG] 2026-05-26 20:23:35,333 - [EXPANSION] paper sorted scores=[('p278520', 3), ('p278521', 3), ('p7601', 0), ('p7604', 0), ('p7605', 0), ('p7610', 0), ('p7612', 0), ('p7613', 0), ('p7621', 0), ('p7630', 0)]
[DEBUG] 2026-05-26 20:23:35,334 - [EXPANSION] conference sorted scores=[('c1801', 2), ('c36', 0), ('c597', 0), ('c755', 0), ('c1194', 0), ('c1201', 0), ('c1234', 0), ('c1798', 0), ('c1902', 0), ('c2180', 0)]
[DEBUG] 2026-05-26 20:23:35,353 - [EXPANSION] term sorted scores=[('t55', 2), ('t109', 2), ('t452', 2), ('t1', 1), ('t35', 1), ('t45', 1), ('t63', 1), ('t293', 1), ('t315', 1), ('t461', 1)]
[INFO] 2026-05-26 20:23:35,353 - Expanding community 23
[DEBUG] 2026-05-26 20:23:35,378 - [EXPANSION] paper sorted scores=[('p436579', 3), ('p500550', 3), ('p158952', 1), ('p7601', 0), ('p7604', 0), ('p7605', 0), ('p7610', 0), ('p7612', 0), ('p7613', 0), ('p7621', 0)]
[DEBUG] 2026-05-26 20:23:35,379 - [EXPANSION] conference sorted scores=[('c1201', 1), ('c2504', 1), ('c3011', 1), ('c36', 0), ('c597', 0), ('c755', 0), ('c1194', 0), ('c1234', 0), ('c1798', 0), ('c1801', 0)]
[DEBUG] 2026-05-26 20:23:35,400 - [EXPANSION] term sorted scores=[('t1', 1), ('t10', 1), ('t26', 1), ('t55', 1), ('t153', 1), ('t190', 1), ('t220', 1), ('t231', 1), ('t282', 1), ('t358', 1)]
[INFO] 2026-05-26 20:23:35,401 - Expanding community 24
[DEBUG] 2026-05-26 20:23:35,424 - [EXPANSION] paper sorted scores=[('p554709', 3), ('p625790', 3), ('p7601', 0), ('p7604', 0), ('p7605', 0), ('p7610', 0), ('p7612', 0), ('p7613', 0), ('p7621', 0), ('p7630', 0)]
[DEBUG] 2026-05-26 20:23:35,426 - [EXPANSION] conference sorted scores=[('c3329', 1), ('c3771', 1), ('c36', 0), ('c597', 0), ('c755', 0), ('c1194', 0), ('c1201', 0), ('c1234', 0), ('c1798', 0), ('c1801', 0)]
[DEBUG] 2026-05-26 20:23:35,444 - [EXPANSION] term sorted scores=[('t119', 2), ('t461', 2), ('t4', 1), ('t109', 1), ('t402', 1), ('t648', 1), ('t2278', 1), ('t4452', 1), ('t12068', 1), ('t1', 0)]
[INFO] 2026-05-26 20:23:35,445 - Expanding community 25
[DEBUG] 2026-05-26 20:23:35,470 - [EXPANSION] paper sorted scores=[('p278304', 3), ('p357168', 3), ('p8721', 2), ('p536370', 1), ('p536552', 1), ('p7601', 0), ('p7604', 0), ('p7605', 0), ('p7610', 0), ('p7612', 0)]
[DEBUG] 2026-05-26 20:23:35,471 - [EXPANSION] conference sorted scores=[('c3230', 2), ('c36', 1), ('c1801', 1), ('c2180', 1), ('c597', 0), ('c755', 0), ('c1194', 0), ('c1201', 0), ('c1234', 0), ('c1798', 0)]
[DEBUG] 2026-05-26 20:23:35,491 - [EXPANSION] term sorted scores=[('t19', 3), ('t737', 3), ('t38', 2), ('t354', 2), ('t890', 2), ('t1575', 2), ('t2287', 2), ('t4', 1), ('t10', 1), ('t21', 1)]
[INFO] 2026-05-26 20:23:35,491 - Expanding community 26
[DEBUG] 2026-05-26 20:23:35,517 - [EXPANSION] paper sorted scores=[('p86239', 3), ('p162824', 3), ('p162825', 3), ('p86241', 2), ('p163029', 2), ('p7601', 0), ('p7604', 0), ('p7605', 0), ('p7610', 0), ('p7612', 0)]
[DEBUG] 2026-05-26 20:23:35,518 - [EXPANSION] conference sorted scores=[('c1234', 3), ('c597', 2), ('c36', 0), ('c755', 0), ('c1194', 0), ('c1201', 0), ('c1798', 0), ('c1801', 0), ('c1902', 0), ('c2180', 0)]
[DEBUG] 2026-05-26 20:23:35,538 - [EXPANSION] term sorted scores=[('t19', 3), ('t51', 2), ('t63', 2), ('t726', 2), ('t794', 2), ('t2553', 2), ('t1', 1), ('t35', 1), ('t54', 1), ('t155', 1)]
[INFO] 2026-05-26 20:23:35,539 - Expanding community 27
[DEBUG] 2026-05-26 20:23:35,566 - [EXPANSION] paper sorted scores=[('p357958', 3), ('p359805', 3), ('p7601', 0), ('p7604', 0), ('p7605', 0), ('p7610', 0), ('p7612', 0), ('p7613', 0), ('p7621', 0), ('p7630', 0)]
[DEBUG] 2026-05-26 20:23:35,567 - [EXPANSION] conference sorted scores=[('c2180', 2), ('c36', 0), ('c597', 0), ('c755', 0), ('c1194', 0), ('c1201', 0), ('c1234', 0), ('c1798', 0), ('c1801', 0), ('c1902', 0)]
[DEBUG] 2026-05-26 20:23:35,585 - [EXPANSION] term sorted scores=[('t358', 2), ('t4', 1), ('t17', 1), ('t19', 1), ('t37', 1), ('t63', 1), ('t298', 1), ('t405', 1), ('t428', 1), ('t847', 1)]
[INFO] 2026-05-26 20:23:35,585 - Expanding community 28
[DEBUG] 2026-05-26 20:23:35,610 - [EXPANSION] paper sorted scores=[('p278374', 3), ('p536343', 3), ('p7601', 0), ('p7604', 0), ('p7605', 0), ('p7610', 0), ('p7612', 0), ('p7613', 0), ('p7621', 0), ('p7630', 0)]
[DEBUG] 2026-05-26 20:23:35,611 - [EXPANSION] conference sorted scores=[('c1801', 1), ('c3230', 1), ('c36', 0), ('c597', 0), ('c755', 0), ('c1194', 0), ('c1201', 0), ('c1234', 0), ('c1798', 0), ('c1902', 0)]
[DEBUG] 2026-05-26 20:23:35,629 - [EXPANSION] term sorted scores=[('t103', 2), ('t220', 2), ('t2665', 2), ('t19', 1), ('t298', 1), ('t1343', 1), ('t1', 0), ('t2', 0), ('t3', 0), ('t4', 0)]
[INFO] 2026-05-26 20:23:35,630 - Expanding community 29
[DEBUG] 2026-05-26 20:23:35,656 - [EXPANSION] paper sorted scores=[('p504514', 3), ('p556433', 3), ('p7601', 0), ('p7604', 0), ('p7605', 0), ('p7610', 0), ('p7612', 0), ('p7613', 0), ('p7621', 0), ('p7630', 0)]
[DEBUG] 2026-05-26 20:23:35,657 - [EXPANSION] conference sorted scores=[('c3027', 1), ('c3329', 1), ('c36', 0), ('c597', 0), ('c755', 0), ('c1194', 0), ('c1201', 0), ('c1234', 0), ('c1798', 0), ('c1801', 0)]
[DEBUG] 2026-05-26 20:23:35,677 - [EXPANSION] term sorted scores=[('t55', 2), ('t2534', 2), ('t19', 1), ('t45', 1), ('t82', 1), ('t209', 1), ('t343', 1), ('t344', 1), ('t375', 1), ('t1213', 1)]
[INFO] 2026-05-26 20:23:35,678 - Expanding community 30
[DEBUG] 2026-05-26 20:23:35,702 - [EXPANSION] paper sorted scores=[('p11916', 3), ('p86843', 3), ('p501011', 1), ('p7601', 0), ('p7604', 0), ('p7605', 0), ('p7610', 0), ('p7612', 0), ('p7613', 0), ('p7621', 0)]
[DEBUG] 2026-05-26 20:23:35,703 - [EXPANSION] conference sorted scores=[('c36', 1), ('c597', 1), ('c3011', 1), ('c755', 0), ('c1194', 0), ('c1201', 0), ('c1234', 0), ('c1798', 0), ('c1801', 0), ('c1902', 0)]
[DEBUG] 2026-05-26 20:23:35,724 - [EXPANSION] term sorted scores=[('t147', 2), ('t4', 1), ('t10', 1), ('t12', 1), ('t19', 1), ('t26', 1), ('t38', 1), ('t45', 1), ('t55', 1), ('t81', 1)]
[INFO] 2026-05-26 20:23:35,725 - Expanding community 31
[DEBUG] 2026-05-26 20:23:35,751 - [EXPANSION] paper sorted scores=[('p86814', 3), ('p156993', 3), ('p86354', 1), ('p7601', 0), ('p7604', 0), ('p7605', 0), ('p7610', 0), ('p7612', 0), ('p7613', 0), ('p7621', 0)]
[DEBUG] 2026-05-26 20:23:35,752 - [EXPANSION] conference sorted scores=[('c597', 2), ('c1194', 1), ('c36', 0), ('c755', 0), ('c1201', 0), ('c1234', 0), ('c1798', 0), ('c1801', 0), ('c1902', 0), ('c2180', 0)]
[DEBUG] 2026-05-26 20:23:35,771 - [EXPANSION] term sorted scores=[('t81', 2), ('t568', 2), ('t1656', 2), ('t2244', 2), ('t35', 1), ('t38', 1), ('t45', 1), ('t112', 1), ('t133', 1), ('t148', 1)]
[INFO] 2026-05-26 20:23:35,771 - Expanding community 32
[DEBUG] 2026-05-26 20:23:35,799 - [EXPANSION] paper sorted scores=[('p437012', 3), ('p626669', 3), ('p7601', 0), ('p7604', 0), ('p7605', 0), ('p7610', 0), ('p7612', 0), ('p7613', 0), ('p7621', 0), ('p7630', 0)]
[DEBUG] 2026-05-26 20:23:35,800 - [EXPANSION] conference sorted scores=[('c2504', 1), ('c3771', 1), ('c36', 0), ('c597', 0), ('c755', 0), ('c1194', 0), ('c1201', 0), ('c1234', 0), ('c1798', 0), ('c1801', 0)]
[DEBUG] 2026-05-26 20:23:35,819 - [EXPANSION] term sorted scores=[('t109', 2), ('t233', 2), ('t10', 1), ('t35', 1), ('t39', 1), ('t45', 1), ('t55', 1), ('t63', 1), ('t107', 1), ('t365', 1)]
[INFO] 2026-05-26 20:23:35,820 - Expanding community 33
[DEBUG] 2026-05-26 20:23:35,848 - [EXPANSION] paper sorted scores=[('p357566', 3), ('p357567', 3), ('p7601', 0), ('p7604', 0), ('p7605', 0), ('p7610', 0), ('p7612', 0), ('p7613', 0), ('p7621', 0), ('p7630', 0)]
[DEBUG] 2026-05-26 20:23:35,849 - [EXPANSION] conference sorted scores=[('c2180', 2), ('c36', 0), ('c597', 0), ('c755', 0), ('c1194', 0), ('c1201', 0), ('c1234', 0), ('c1798', 0), ('c1801', 0), ('c1902', 0)]
[DEBUG] 2026-05-26 20:23:35,871 - [EXPANSION] term sorted scores=[('t767', 2), ('t4', 1), ('t45', 1), ('t48', 1), ('t1081', 1), ('t1172', 1), ('t1244', 1), ('t1578', 1), ('t1922', 1), ('t1932', 1)]
[INFO] 2026-05-26 20:23:35,871 - Expanding community 34
[DEBUG] 2026-05-26 20:23:35,897 - [EXPANSION] paper sorted scores=[('p359989', 3), ('p360768', 3), ('p7601', 0), ('p7604', 0), ('p7605', 0), ('p7610', 0), ('p7612', 0), ('p7613', 0), ('p7621', 0), ('p7630', 0)]
[DEBUG] 2026-05-26 20:23:35,898 - [EXPANSION] conference sorted scores=[('c2180', 2), ('c36', 0), ('c597', 0), ('c755', 0), ('c1194', 0), ('c1201', 0), ('c1234', 0), ('c1798', 0), ('c1801', 0), ('c1902', 0)]
[DEBUG] 2026-05-26 20:23:35,918 - [EXPANSION] term sorted scores=[('t4', 2), ('t35', 1), ('t114', 1), ('t187', 1), ('t249', 1), ('t391', 1), ('t436', 1), ('t502', 1), ('t937', 1), ('t1209', 1)]
[INFO] 2026-05-26 20:23:35,919 - Expanding community 35
[DEBUG] 2026-05-26 20:23:35,945 - [EXPANSION] paper sorted scores=[('p357715', 3), ('p360829', 3), ('p308386', 2), ('p309850', 1), ('p7601', 0), ('p7604', 0), ('p7605', 0), ('p7610', 0), ('p7612', 0), ('p7613', 0)]
[DEBUG] 2026-05-26 20:23:35,946 - [EXPANSION] conference sorted scores=[('c1902', 2), ('c2180', 2), ('c36', 0), ('c597', 0), ('c755', 0), ('c1194', 0), ('c1201', 0), ('c1234', 0), ('c1798', 0), ('c1801', 0)]
[DEBUG] 2026-05-26 20:23:35,968 - [EXPANSION] term sorted scores=[('t19', 3), ('t12', 2), ('t385', 2), ('t1', 1), ('t4', 1), ('t35', 1), ('t45', 1), ('t46', 1), ('t119', 1), ('t134', 1)]
[INFO] 2026-05-26 20:23:35,968 - Expanding community 36
[DEBUG] 2026-05-26 20:23:35,996 - [EXPANSION] paper sorted scores=[('p7718', 2), ('p361064', 2), ('p7601', 0), ('p7604', 0), ('p7605', 0), ('p7610', 0), ('p7612', 0), ('p7613', 0), ('p7621', 0), ('p7630', 0)]
[DEBUG] 2026-05-26 20:23:35,999 - [EXPANSION] conference sorted scores=[('c36', 1), ('c2180', 1), ('c597', 0), ('c755', 0), ('c1194', 0), ('c1201', 0), ('c1234', 0), ('c1798', 0), ('c1801', 0), ('c1902', 0)]
[DEBUG] 2026-05-26 20:23:36,022 - [EXPANSION] term sorted scores=[('t12', 2), ('t45', 2), ('t19', 1), ('t39', 1), ('t40', 1), ('t81', 1), ('t108', 1), ('t111', 1), ('t142', 1), ('t239', 1)]
[INFO] 2026-05-26 20:23:36,022 - Expanding community 37
[DEBUG] 2026-05-26 20:23:36,049 - [EXPANSION] paper sorted scores=[('p85794', 2), ('p596160', 2), ('p7601', 0), ('p7604', 0), ('p7605', 0), ('p7610', 0), ('p7612', 0), ('p7613', 0), ('p7621', 0), ('p7630', 0)]
[DEBUG] 2026-05-26 20:23:36,050 - [EXPANSION] conference sorted scores=[('c597', 1), ('c3594', 1), ('c36', 0), ('c755', 0), ('c1194', 0), ('c1201', 0), ('c1234', 0), ('c1798', 0), ('c1801', 0), ('c1902', 0)]
[DEBUG] 2026-05-26 20:23:36,071 - [EXPANSION] term sorted scores=[('t35', 2), ('t54', 2), ('t45', 1), ('t90', 1), ('t235', 1), ('t609', 1), ('t645', 1), ('t943', 1), ('t949', 1), ('t950', 1)]
[INFO] 2026-05-26 20:23:36,072 - Expanding community 38
[DEBUG] 2026-05-26 20:23:36,100 - [EXPANSION] paper sorted scores=[('p308368', 2), ('p437033', 2), ('p158612', 1), ('p159239', 1), ('p7601', 0), ('p7604', 0), ('p7605', 0), ('p7610', 0), ('p7612', 0), ('p7613', 0)]
[DEBUG] 2026-05-26 20:23:36,101 - [EXPANSION] conference sorted scores=[('c1201', 2), ('c1902', 1), ('c2504', 1), ('c36', 0), ('c597', 0), ('c755', 0), ('c1194', 0), ('c1234', 0), ('c1798', 0), ('c1801', 0)]
[DEBUG] 2026-05-26 20:23:36,124 - [EXPANSION] term sorted scores=[('t12', 2), ('t38', 2), ('t4', 1), ('t26', 1), ('t35', 1), ('t45', 1), ('t63', 1), ('t134', 1), ('t135', 1), ('t297', 1)]
[INFO] 2026-05-26 20:23:36,124 - Expanding community 39
[DEBUG] 2026-05-26 20:23:36,153 - [EXPANSION] paper sorted scores=[('p356999', 2), ('p357324', 2), ('p7601', 0), ('p7604', 0), ('p7605', 0), ('p7610', 0), ('p7612', 0), ('p7613', 0), ('p7621', 0), ('p7630', 0)]
[DEBUG] 2026-05-26 20:23:36,154 - [EXPANSION] conference sorted scores=[('c2180', 2), ('c36', 0), ('c597', 0), ('c755', 0), ('c1194', 0), ('c1201', 0), ('c1234', 0), ('c1798', 0), ('c1801', 0), ('c1902', 0)]
[DEBUG] 2026-05-26 20:23:36,172 - [EXPANSION] term sorted scores=[('t19', 1), ('t35', 1), ('t45', 1), ('t51', 1), ('t175', 1), ('t176', 1), ('t256', 1), ('t434', 1), ('t558', 1), ('t589', 1)]
[INFO] 2026-05-26 20:23:36,172 - Expanding community 40
[DEBUG] 2026-05-26 20:23:36,201 - [EXPANSION] paper sorted scores=[('p486930', 2), ('p486932', 2), ('p555763', 2), ('p7601', 0), ('p7604', 0), ('p7605', 0), ('p7610', 0), ('p7612', 0), ('p7613', 0), ('p7621', 0)]
[DEBUG] 2026-05-26 20:23:36,202 - [EXPANSION] conference sorted scores=[('c2934', 2), ('c3329', 1), ('c36', 0), ('c597', 0), ('c755', 0), ('c1194', 0), ('c1201', 0), ('c1234', 0), ('c1798', 0), ('c1801', 0)]
[DEBUG] 2026-05-26 20:23:36,222 - [EXPANSION] term sorted scores=[('t45', 2), ('t103', 2), ('t461', 2), ('t1', 1), ('t4', 1), ('t35', 1), ('t38', 1), ('t55', 1), ('t63', 1), ('t108', 1)]
[INFO] 2026-05-26 20:23:36,223 - Expanding community 41
[DEBUG] 2026-05-26 20:23:36,261 - [EXPANSION] paper sorted scores=[('p86468', 2), ('p162650', 2), ('p436899', 2), ('p7601', 0), ('p7604', 0), ('p7605', 0), ('p7610', 0), ('p7612', 0), ('p7613', 0), ('p7621', 0)]
[DEBUG] 2026-05-26 20:23:36,263 - [EXPANSION] conference sorted scores=[('c597', 1), ('c1234', 1), ('c2504', 1), ('c36', 0), ('c755', 0), ('c1194', 0), ('c1201', 0), ('c1798', 0), ('c1801', 0), ('c1902', 0)]
[DEBUG] 2026-05-26 20:23:36,288 - [EXPANSION] term sorted scores=[('t114', 2), ('t6', 1), ('t19', 1), ('t39', 1), ('t45', 1), ('t60', 1), ('t63', 1), ('t81', 1), ('t107', 1), ('t235', 1)]
[INFO] 2026-05-26 20:23:36,289 - Expanding community 42
[DEBUG] 2026-05-26 20:23:36,319 - [EXPANSION] paper sorted scores=[('p278140', 2), ('p436388', 2), ('p504096', 2), ('p7601', 0), ('p7604', 0), ('p7605', 0), ('p7610', 0), ('p7612', 0), ('p7613', 0), ('p7621', 0)]
[DEBUG] 2026-05-26 20:23:36,320 - [EXPANSION] conference sorted scores=[('c1801', 1), ('c2504', 1), ('c3027', 1), ('c36', 0), ('c597', 0), ('c755', 0), ('c1194', 0), ('c1201', 0), ('c1234', 0), ('c1798', 0)]
[DEBUG] 2026-05-26 20:23:36,341 - [EXPANSION] term sorted scores=[('t65', 1), ('t81', 1), ('t171', 1), ('t478', 1), ('t479', 1), ('t490', 1), ('t591', 1), ('t620', 1), ('t887', 1), ('t930', 1)]
[INFO] 2026-05-26 20:23:36,341 - Expanding community 43
[DEBUG] 2026-05-26 20:23:36,368 - [EXPANSION] paper sorted scores=[('p85611', 2), ('p278078', 2), ('p7601', 0), ('p7604', 0), ('p7605', 0), ('p7610', 0), ('p7612', 0), ('p7613', 0), ('p7621', 0), ('p7630', 0)]
[DEBUG] 2026-05-26 20:23:36,370 - [EXPANSION] conference sorted scores=[('c597', 1), ('c1801', 1), ('c36', 0), ('c755', 0), ('c1194', 0), ('c1201', 0), ('c1234', 0), ('c1798', 0), ('c1902', 0), ('c2180', 0)]
[DEBUG] 2026-05-26 20:23:36,391 - [EXPANSION] term sorted scores=[('t231', 2), ('t4', 1), ('t10', 1), ('t26', 1), ('t63', 1), ('t282', 1), ('t452', 1), ('t478', 1), ('t479', 1), ('t1806', 1)]
[INFO] 2026-05-26 20:23:36,391 - Expanding community 44
[DEBUG] 2026-05-26 20:23:36,417 - [EXPANSION] paper sorted scores=[('p308605', 2), ('p436440', 2), ('p159085', 1), ('p7601', 0), ('p7604', 0), ('p7605', 0), ('p7610', 0), ('p7612', 0), ('p7613', 0), ('p7621', 0)]
[DEBUG] 2026-05-26 20:23:36,420 - [EXPANSION] conference sorted scores=[('c1201', 1), ('c1902', 1), ('c2504', 1), ('c36', 0), ('c597', 0), ('c755', 0), ('c1194', 0), ('c1234', 0), ('c1798', 0), ('c1801', 0)]
[DEBUG] 2026-05-26 20:23:36,442 - [EXPANSION] term sorted scores=[('t4', 2), ('t126', 2), ('t150', 2), ('t744', 2), ('t890', 2), ('t1', 1), ('t10', 1), ('t12', 1), ('t35', 1), ('t63', 1)]
[INFO] 2026-05-26 20:23:36,443 - Expanding community 45
[DEBUG] 2026-05-26 20:23:36,468 - [EXPANSION] paper sorted scores=[('p437016', 2), ('p487023', 2), ('p7601', 0), ('p7604', 0), ('p7605', 0), ('p7610', 0), ('p7612', 0), ('p7613', 0), ('p7621', 0), ('p7630', 0)]
[DEBUG] 2026-05-26 20:23:36,470 - [EXPANSION] conference sorted scores=[('c2504', 1), ('c2934', 1), ('c36', 0), ('c597', 0), ('c755', 0), ('c1194', 0), ('c1201', 0), ('c1234', 0), ('c1798', 0), ('c1801', 0)]
[DEBUG] 2026-05-26 20:23:36,489 - [EXPANSION] term sorted scores=[('t35', 1), ('t112', 1), ('t232', 1), ('t535', 1), ('t689', 1), ('t1055', 1), ('t1102', 1), ('t1711', 1), ('t3397', 1), ('t9829', 1)]
[INFO] 2026-05-26 20:23:36,490 - Expanding community 46
[DEBUG] 2026-05-26 20:23:36,516 - [EXPANSION] paper sorted scores=[('p86383', 2), ('p156922', 2), ('p156931', 1), ('p7601', 0), ('p7604', 0), ('p7605', 0), ('p7610', 0), ('p7612', 0), ('p7613', 0), ('p7621', 0)]
[DEBUG] 2026-05-26 20:23:36,517 - [EXPANSION] conference sorted scores=[('c1194', 2), ('c597', 1), ('c36', 0), ('c755', 0), ('c1201', 0), ('c1234', 0), ('c1798', 0), ('c1801', 0), ('c1902', 0), ('c2180', 0)]
[DEBUG] 2026-05-26 20:23:36,540 - [EXPANSION] term sorted scores=[('t19', 3), ('t468', 2), ('t38', 1), ('t45', 1), ('t49', 1), ('t53', 1), ('t55', 1), ('t77', 1), ('t134', 1), ('t163', 1)]
[INFO] 2026-05-26 20:23:36,540 - Expanding community 47
[DEBUG] 2026-05-26 20:23:36,568 - [EXPANSION] paper sorted scores=[('p7926', 2), ('p358120', 2), ('p555026', 1), ('p7601', 0), ('p7604', 0), ('p7605', 0), ('p7610', 0), ('p7612', 0), ('p7613', 0), ('p7621', 0)]
[DEBUG] 2026-05-26 20:23:36,569 - [EXPANSION] conference sorted scores=[('c36', 1), ('c2180', 1), ('c3329', 1), ('c597', 0), ('c755', 0), ('c1194', 0), ('c1201', 0), ('c1234', 0), ('c1798', 0), ('c1801', 0)]
[DEBUG] 2026-05-26 20:23:36,592 - [EXPANSION] term sorted scores=[('t81', 3), ('t1355', 2), ('t39', 1), ('t82', 1), ('t271', 1), ('t305', 1), ('t482', 1), ('t839', 1), ('t986', 1), ('t1178', 1)]
[INFO] 2026-05-26 20:23:36,593 - Expanding community 48
[DEBUG] 2026-05-26 20:23:36,622 - [EXPANSION] paper sorted scores=[('p358112', 2), ('p358114', 2), ('p7601', 0), ('p7604', 0), ('p7605', 0), ('p7610', 0), ('p7612', 0), ('p7613', 0), ('p7621', 0), ('p7630', 0)]
[DEBUG] 2026-05-26 20:23:36,623 - [EXPANSION] conference sorted scores=[('c2180', 2), ('c36', 0), ('c597', 0), ('c755', 0), ('c1194', 0), ('c1201', 0), ('c1234', 0), ('c1798', 0), ('c1801', 0), ('c1902', 0)]
[DEBUG] 2026-05-26 20:23:36,643 - [EXPANSION] term sorted scores=[('t45', 2), ('t280', 2), ('t738', 2), ('t1', 1), ('t19', 1), ('t91', 1), ('t112', 1), ('t298', 1), ('t689', 1), ('t859', 1)]
[INFO] 2026-05-26 20:23:36,644 - Expanding community 49
[DEBUG] 2026-05-26 20:23:36,670 - [EXPANSION] paper sorted scores=[('p85890', 2), ('p626051', 2), ('p7601', 0), ('p7604', 0), ('p7605', 0), ('p7610', 0), ('p7612', 0), ('p7613', 0), ('p7621', 0), ('p7630', 0)]
[DEBUG] 2026-05-26 20:23:36,671 - [EXPANSION] conference sorted scores=[('c597', 1), ('c3771', 1), ('c36', 0), ('c755', 0), ('c1194', 0), ('c1201', 0), ('c1234', 0), ('c1798', 0), ('c1801', 0), ('c1902', 0)]
[DEBUG] 2026-05-26 20:23:36,694 - [EXPANSION] term sorted scores=[('t1', 1), ('t19', 1), ('t51', 1), ('t63', 1), ('t127', 1), ('t358', 1), ('t1282', 1), ('t1805', 1), ('t2188', 1), ('t2189', 1)]
[INFO] 2026-05-26 20:23:36,694 - Expanding community 50
[DEBUG] 2026-05-26 20:23:36,721 - [EXPANSION] paper sorted scores=[('p437417', 2), ('p536523', 2), ('p158789', 1), ('p7601', 0), ('p7604', 0), ('p7605', 0), ('p7610', 0), ('p7612', 0), ('p7613', 0), ('p7621', 0)]
[DEBUG] 2026-05-26 20:23:36,722 - [EXPANSION] conference sorted scores=[('c1201', 1), ('c2504', 1), ('c3230', 1), ('c36', 0), ('c597', 0), ('c755', 0), ('c1194', 0), ('c1234', 0), ('c1798', 0), ('c1801', 0)]
[DEBUG] 2026-05-26 20:23:36,745 - [EXPANSION] term sorted scores=[('t10', 2), ('t12', 2), ('t461', 2), ('t4', 1), ('t21', 1), ('t35', 1), ('t53', 1), ('t91', 1), ('t150', 1), ('t354', 1)]
[INFO] 2026-05-26 20:23:36,745 - Expanding community 51
[DEBUG] 2026-05-26 20:23:36,772 - [EXPANSION] paper sorted scores=[('p278218', 2), ('p536270', 2), ('p536538', 2), ('p7601', 0), ('p7604', 0), ('p7605', 0), ('p7610', 0), ('p7612', 0), ('p7613', 0), ('p7621', 0)]
[DEBUG] 2026-05-26 20:23:36,773 - [EXPANSION] conference sorted scores=[('c3230', 2), ('c1801', 1), ('c36', 0), ('c597', 0), ('c755', 0), ('c1194', 0), ('c1201', 0), ('c1234', 0), ('c1798', 0), ('c1902', 0)]
[DEBUG] 2026-05-26 20:23:36,796 - [EXPANSION] term sorted scores=[('t226', 2), ('t568', 2), ('t38', 1), ('t55', 1), ('t82', 1), ('t112', 1), ('t121', 1), ('t521', 1), ('t541', 1), ('t547', 1)]
[INFO] 2026-05-26 20:23:36,796 - Expanding community 52
[DEBUG] 2026-05-26 20:23:36,823 - [EXPANSION] paper sorted scores=[('p11425', 2), ('p360520', 2), ('p7601', 0), ('p7604', 0), ('p7605', 0), ('p7610', 0), ('p7612', 0), ('p7613', 0), ('p7621', 0), ('p7630', 0)]
[DEBUG] 2026-05-26 20:23:36,824 - [EXPANSION] conference sorted scores=[('c36', 1), ('c2180', 1), ('c597', 0), ('c755', 0), ('c1194', 0), ('c1201', 0), ('c1234', 0), ('c1798', 0), ('c1801', 0), ('c1902', 0)]
[DEBUG] 2026-05-26 20:23:36,845 - [EXPANSION] term sorted scores=[('t55', 1), ('t174', 1), ('t175', 1), ('t216', 1), ('t250', 1), ('t295', 1), ('t560', 1), ('t943', 1), ('t967', 1), ('t1083', 1)]
[INFO] 2026-05-26 20:23:36,845 - Expanding community 53
[DEBUG] 2026-05-26 20:23:36,872 - [EXPANSION] paper sorted scores=[('p359440', 2), ('p597009', 2), ('p360289', 1), ('p7601', 0), ('p7604', 0), ('p7605', 0), ('p7610', 0), ('p7612', 0), ('p7613', 0), ('p7621', 0)]
[DEBUG] 2026-05-26 20:23:36,873 - [EXPANSION] conference sorted scores=[('c2180', 2), ('c3594', 1), ('c36', 0), ('c597', 0), ('c755', 0), ('c1194', 0), ('c1201', 0), ('c1234', 0), ('c1798', 0), ('c1801', 0)]
[DEBUG] 2026-05-26 20:23:36,895 - [EXPANSION] term sorted scores=[('t63', 3), ('t38', 2), ('t135', 2), ('t19', 1), ('t45', 1), ('t55', 1), ('t118', 1), ('t175', 1), ('t235', 1), ('t280', 1)]
[INFO] 2026-05-26 20:23:36,895 - Expanding community 54
[DEBUG] 2026-05-26 20:23:36,923 - [EXPANSION] paper sorted scores=[('p437315', 2), ('p536497', 2), ('p7601', 0), ('p7604', 0), ('p7605', 0), ('p7610', 0), ('p7612', 0), ('p7613', 0), ('p7621', 0), ('p7630', 0)]
[DEBUG] 2026-05-26 20:23:36,924 - [EXPANSION] conference sorted scores=[('c2504', 1), ('c3230', 1), ('c36', 0), ('c597', 0), ('c755', 0), ('c1194', 0), ('c1201', 0), ('c1234', 0), ('c1798', 0), ('c1801', 0)]
[DEBUG] 2026-05-26 20:23:36,945 - [EXPANSION] term sorted scores=[('t4', 2), ('t452', 2), ('t903', 2), ('t19', 1), ('t45', 1), ('t108', 1), ('t128', 1), ('t133', 1), ('t153', 1), ('t373', 1)]
[INFO] 2026-05-26 20:23:36,946 - Expanding community 55
[DEBUG] 2026-05-26 20:23:36,973 - [EXPANSION] paper sorted scores=[('p436804', 2), ('p500753', 2), ('p10499', 1), ('p359524', 1), ('p7601', 0), ('p7604', 0), ('p7605', 0), ('p7610', 0), ('p7612', 0), ('p7613', 0)]
[DEBUG] 2026-05-26 20:23:36,974 - [EXPANSION] conference sorted scores=[('c36', 1), ('c2180', 1), ('c2504', 1), ('c3011', 1), ('c597', 0), ('c755', 0), ('c1194', 0), ('c1201', 0), ('c1234', 0), ('c1798', 0)]
[DEBUG] 2026-05-26 20:23:37,000 - [EXPANSION] term sorted scores=[('t19', 3), ('t45', 2), ('t6199', 2), ('t4', 1), ('t35', 1), ('t82', 1), ('t108', 1), ('t174', 1), ('t234', 1), ('t277', 1)]
[INFO] 2026-05-26 20:23:37,000 - Expanding community 56
[DEBUG] 2026-05-26 20:23:37,027 - [EXPANSION] paper sorted scores=[('p162717', 2), ('p275665', 2), ('p7601', 0), ('p7604', 0), ('p7605', 0), ('p7610', 0), ('p7612', 0), ('p7613', 0), ('p7621', 0), ('p7630', 0)]
[DEBUG] 2026-05-26 20:23:37,028 - [EXPANSION] conference sorted scores=[('c1234', 1), ('c1798', 1), ('c36', 0), ('c597', 0), ('c755', 0), ('c1194', 0), ('c1201', 0), ('c1801', 0), ('c1902', 0), ('c2180', 0)]
[DEBUG] 2026-05-26 20:23:37,051 - [EXPANSION] term sorted scores=[('t35', 2), ('t63', 2), ('t19', 1), ('t55', 1), ('t282', 1), ('t330', 1), ('t334', 1), ('t434', 1), ('t461', 1), ('t519', 1)]
[INFO] 2026-05-26 20:23:37,051 - Expanding community 57
[DEBUG] 2026-05-26 20:23:37,081 - [EXPANSION] paper sorted scores=[('p158665', 2), ('p356948', 2), ('p356947', 1), ('p7601', 0), ('p7604', 0), ('p7605', 0), ('p7610', 0), ('p7612', 0), ('p7613', 0), ('p7621', 0)]
[DEBUG] 2026-05-26 20:23:37,082 - [EXPANSION] conference sorted scores=[('c2180', 2), ('c1201', 1), ('c36', 0), ('c597', 0), ('c755', 0), ('c1194', 0), ('c1234', 0), ('c1798', 0), ('c1801', 0), ('c1902', 0)]
[DEBUG] 2026-05-26 20:23:37,108 - [EXPANSION] term sorted scores=[('t1', 2), ('t55', 2), ('t280', 2), ('t4', 1), ('t10', 1), ('t12', 1), ('t45', 1), ('t61', 1), ('t82', 1), ('t232', 1)]
[INFO] 2026-05-26 20:23:37,109 - Expanding community 58
[DEBUG] 2026-05-26 20:23:37,136 - [EXPANSION] paper sorted scores=[('p437046', 2), ('p486590', 2), ('p486591', 2), ('p158914', 1), ('p7601', 0), ('p7604', 0), ('p7605', 0), ('p7610', 0), ('p7612', 0), ('p7613', 0)]
[DEBUG] 2026-05-26 20:23:37,137 - [EXPANSION] conference sorted scores=[('c2934', 2), ('c1201', 1), ('c2504', 1), ('c36', 0), ('c597', 0), ('c755', 0), ('c1194', 0), ('c1234', 0), ('c1798', 0), ('c1801', 0)]
[DEBUG] 2026-05-26 20:23:37,161 - [EXPANSION] term sorted scores=[('t53', 3), ('t4', 2), ('t461', 2), ('t808', 2), ('t1542', 2), ('t1', 1), ('t63', 1), ('t108', 1), ('t112', 1), ('t235', 1)]
[INFO] 2026-05-26 20:23:37,162 - Expanding community 59
[DEBUG] 2026-05-26 20:23:37,190 - [EXPANSION] paper sorted scores=[('p436222', 2), ('p500486', 2), ('p500488', 1), ('p7601', 0), ('p7604', 0), ('p7605', 0), ('p7610', 0), ('p7612', 0), ('p7613', 0), ('p7621', 0)]
[DEBUG] 2026-05-26 20:23:37,192 - [EXPANSION] conference sorted scores=[('c3011', 2), ('c2504', 1), ('c36', 0), ('c597', 0), ('c755', 0), ('c1194', 0), ('c1201', 0), ('c1234', 0), ('c1798', 0), ('c1801', 0)]
[DEBUG] 2026-05-26 20:23:37,213 - [EXPANSION] term sorted scores=[('t461', 2), ('t19', 1), ('t38', 1), ('t45', 1), ('t53', 1), ('t55', 1), ('t63', 1), ('t82', 1), ('t91', 1), ('t112', 1)]
[INFO] 2026-05-26 20:23:37,213 - Expanding community 60
[DEBUG] 2026-05-26 20:23:37,243 - [EXPANSION] paper sorted scores=[('p309740', 2), ('p487463', 2), ('p275916', 1), ('p7601', 0), ('p7604', 0), ('p7605', 0), ('p7610', 0), ('p7612', 0), ('p7613', 0), ('p7621', 0)]
[DEBUG] 2026-05-26 20:23:37,244 - [EXPANSION] conference sorted scores=[('c1798', 1), ('c1902', 1), ('c2934', 1), ('c36', 0), ('c597', 0), ('c755', 0), ('c1194', 0), ('c1201', 0), ('c1234', 0), ('c1801', 0)]
[DEBUG] 2026-05-26 20:23:37,266 - [EXPANSION] term sorted scores=[('t1043', 2), ('t10', 1), ('t12', 1), ('t35', 1), ('t225', 1), ('t226', 1), ('t233', 1), ('t327', 1), ('t385', 1), ('t458', 1)]
[INFO] 2026-05-26 20:23:37,266 - Expanding community 61
[DEBUG] 2026-05-26 20:23:37,300 - [EXPANSION] paper sorted scores=[('p486588', 2), ('p487170', 2), ('p487168', 1), ('p7601', 0), ('p7604', 0), ('p7605', 0), ('p7610', 0), ('p7612', 0), ('p7613', 0), ('p7621', 0)]
[DEBUG] 2026-05-26 20:23:37,301 - [EXPANSION] conference sorted scores=[('c2934', 3), ('c36', 0), ('c597', 0), ('c755', 0), ('c1194', 0), ('c1201', 0), ('c1234', 0), ('c1798', 0), ('c1801', 0), ('c1902', 0)]
[DEBUG] 2026-05-26 20:23:37,319 - [EXPANSION] term sorted scores=[('t63', 3), ('t19', 2), ('t4', 1), ('t35', 1), ('t38', 1), ('t45', 1), ('t54', 1), ('t264', 1), ('t282', 1), ('t322', 1)]
[INFO] 2026-05-26 20:23:37,319 - Expanding community 62
[DEBUG] 2026-05-26 20:23:37,350 - [EXPANSION] paper sorted scores=[('p278427', 2), ('p596841', 2), ('p7601', 0), ('p7604', 0), ('p7605', 0), ('p7610', 0), ('p7612', 0), ('p7613', 0), ('p7621', 0), ('p7630', 0)]
[DEBUG] 2026-05-26 20:23:37,351 - [EXPANSION] conference sorted scores=[('c1801', 1), ('c3594', 1), ('c36', 0), ('c597', 0), ('c755', 0), ('c1194', 0), ('c1201', 0), ('c1234', 0), ('c1798', 0), ('c1902', 0)]
[DEBUG] 2026-05-26 20:23:37,370 - [EXPANSION] term sorted scores=[('t4', 2), ('t1', 1), ('t35', 1), ('t55', 1), ('t206', 1), ('t225', 1), ('t226', 1), ('t461', 1), ('t512', 1), ('t514', 1)]
[INFO] 2026-05-26 20:23:37,370 - Expanding community 63
[DEBUG] 2026-05-26 20:23:37,401 - [EXPANSION] paper sorted scores=[('p437181', 2), ('p487364', 2), ('p7601', 0), ('p7604', 0), ('p7605', 0), ('p7610', 0), ('p7612', 0), ('p7613', 0), ('p7621', 0), ('p7630', 0)]
[DEBUG] 2026-05-26 20:23:37,402 - [EXPANSION] conference sorted scores=[('c2504', 1), ('c2934', 1), ('c36', 0), ('c597', 0), ('c755', 0), ('c1194', 0), ('c1201', 0), ('c1234', 0), ('c1798', 0), ('c1801', 0)]
[DEBUG] 2026-05-26 20:23:37,420 - [EXPANSION] term sorted scores=[('t19', 1), ('t220', 1), ('t304', 1), ('t452', 1), ('t499', 1), ('t578', 1), ('t634', 1), ('t1456', 1), ('t3144', 1), ('t6250', 1)]
[INFO] 2026-05-26 20:23:37,421 - Expanding community 64
[DEBUG] 2026-05-26 20:23:37,450 - [EXPANSION] paper sorted scores=[('p278086', 2), ('p500462', 2), ('p595497', 1), ('p7601', 0), ('p7604', 0), ('p7605', 0), ('p7610', 0), ('p7612', 0), ('p7613', 0), ('p7621', 0)]
[DEBUG] 2026-05-26 20:23:37,452 - [EXPANSION] conference sorted scores=[('c1801', 1), ('c3011', 1), ('c3594', 1), ('c36', 0), ('c597', 0), ('c755', 0), ('c1194', 0), ('c1201', 0), ('c1234', 0), ('c1798', 0)]
[DEBUG] 2026-05-26 20:23:37,473 - [EXPANSION] term sorted scores=[('t26', 2), ('t55', 2), ('t282', 2), ('t479', 2), ('t4', 1), ('t35', 1), ('t63', 1), ('t82', 1), ('t114', 1), ('t134', 1)]
[INFO] 2026-05-26 20:23:37,474 - Expanding community 65
[DEBUG] 2026-05-26 20:23:37,502 - [EXPANSION] paper sorted scores=[('p85881', 2), ('p85883', 2), ('p503769', 1), ('p554168', 1), ('p7601', 0), ('p7604', 0), ('p7605', 0), ('p7610', 0), ('p7612', 0), ('p7613', 0)]
[DEBUG] 2026-05-26 20:23:37,503 - [EXPANSION] conference sorted scores=[('c597', 2), ('c3027', 1), ('c3329', 1), ('c36', 0), ('c755', 0), ('c1194', 0), ('c1201', 0), ('c1234', 0), ('c1798', 0), ('c1801', 0)]
[DEBUG] 2026-05-26 20:23:37,525 - [EXPANSION] term sorted scores=[('t4', 2), ('t235', 2), ('t985', 2), ('t3991', 2), ('t1', 1), ('t10', 1), ('t19', 1), ('t35', 1), ('t274', 1), ('t468', 1)]
[INFO] 2026-05-26 20:23:37,525 - Expanding community 66
[DEBUG] 2026-05-26 20:23:37,554 - [EXPANSION] paper sorted scores=[('p8749', 2), ('p357840', 2), ('p7601', 0), ('p7604', 0), ('p7605', 0), ('p7610', 0), ('p7612', 0), ('p7613', 0), ('p7621', 0), ('p7630', 0)]
[DEBUG] 2026-05-26 20:23:37,555 - [EXPANSION] conference sorted scores=[('c36', 1), ('c2180', 1), ('c597', 0), ('c755', 0), ('c1194', 0), ('c1201', 0), ('c1234', 0), ('c1798', 0), ('c1801', 0), ('c1902', 0)]
[DEBUG] 2026-05-26 20:23:37,576 - [EXPANSION] term sorted scores=[('t174', 2), ('t2866', 2), ('t35', 1), ('t38', 1), ('t55', 1), ('t63', 1), ('t81', 1), ('t135', 1), ('t299', 1), ('t490', 1)]
[INFO] 2026-05-26 20:23:37,577 - Expanding community 67
[DEBUG] 2026-05-26 20:23:37,603 - [EXPANSION] paper sorted scores=[('p358141', 2), ('p358143', 2), ('p7601', 0), ('p7604', 0), ('p7605', 0), ('p7610', 0), ('p7612', 0), ('p7613', 0), ('p7621', 0), ('p7630', 0)]
[DEBUG] 2026-05-26 20:23:37,604 - [EXPANSION] conference sorted scores=[('c2180', 2), ('c36', 0), ('c597', 0), ('c755', 0), ('c1194', 0), ('c1201', 0), ('c1234', 0), ('c1798', 0), ('c1801', 0), ('c1902', 0)]
[DEBUG] 2026-05-26 20:23:37,625 - [EXPANSION] term sorted scores=[('t10', 1), ('t37', 1), ('t45', 1), ('t46', 1), ('t55', 1), ('t63', 1), ('t110', 1), ('t299', 1), ('t680', 1), ('t744', 1)]
[INFO] 2026-05-26 20:23:37,625 - Expanding community 68
[DEBUG] 2026-05-26 20:23:37,654 - [EXPANSION] paper sorted scores=[('p359505', 2), ('p361045', 2), ('p7601', 0), ('p7604', 0), ('p7605', 0), ('p7610', 0), ('p7612', 0), ('p7613', 0), ('p7621', 0), ('p7630', 0)]
[DEBUG] 2026-05-26 20:23:37,655 - [EXPANSION] conference sorted scores=[('c2180', 2), ('c36', 0), ('c597', 0), ('c755', 0), ('c1194', 0), ('c1201', 0), ('c1234', 0), ('c1798', 0), ('c1801', 0), ('c1902', 0)]
[DEBUG] 2026-05-26 20:23:37,675 - [EXPANSION] term sorted scores=[('t19', 1), ('t21', 1), ('t65', 1), ('t126', 1), ('t419', 1), ('t458', 1), ('t1268', 1), ('t1349', 1), ('t1504', 1), ('t2525', 1)]
[INFO] 2026-05-26 20:23:37,675 - Expanding community 69
[DEBUG] 2026-05-26 20:23:37,703 - [EXPANSION] paper sorted scores=[('p86299', 2), ('p436681', 2), ('p7601', 0), ('p7604', 0), ('p7605', 0), ('p7610', 0), ('p7612', 0), ('p7613', 0), ('p7621', 0), ('p7630', 0)]
[DEBUG] 2026-05-26 20:23:37,705 - [EXPANSION] conference sorted scores=[('c597', 1), ('c2504', 1), ('c36', 0), ('c755', 0), ('c1194', 0), ('c1201', 0), ('c1234', 0), ('c1798', 0), ('c1801', 0), ('c1902', 0)]
[DEBUG] 2026-05-26 20:23:37,725 - [EXPANSION] term sorted scores=[('t38', 2), ('t461', 2), ('t4', 1), ('t55', 1), ('t63', 1), ('t112', 1), ('t114', 1), ('t124', 1), ('t282', 1), ('t397', 1)]
[INFO] 2026-05-26 20:23:37,726 - Expanding community 70
[DEBUG] 2026-05-26 20:23:37,753 - [EXPANSION] paper sorted scores=[('p11101', 2), ('p359747', 2), ('p7601', 0), ('p7604', 0), ('p7605', 0), ('p7610', 0), ('p7612', 0), ('p7613', 0), ('p7621', 0), ('p7630', 0)]
[DEBUG] 2026-05-26 20:23:37,754 - [EXPANSION] conference sorted scores=[('c36', 1), ('c2180', 1), ('c597', 0), ('c755', 0), ('c1194', 0), ('c1201', 0), ('c1234', 0), ('c1798', 0), ('c1801', 0), ('c1902', 0)]
[DEBUG] 2026-05-26 20:23:37,772 - [EXPANSION] term sorted scores=[('t45', 2), ('t13', 1), ('t19', 1), ('t35', 1), ('t42', 1), ('t46', 1), ('t167', 1), ('t174', 1), ('t184', 1), ('t318', 1)]
[INFO] 2026-05-26 20:23:37,773 - Expanding community 71
[DEBUG] 2026-05-26 20:23:37,801 - [EXPANSION] paper sorted scores=[('p86957', 2), ('p597669', 2), ('p7601', 0), ('p7604', 0), ('p7605', 0), ('p7610', 0), ('p7612', 0), ('p7613', 0), ('p7621', 0), ('p7630', 0)]
[DEBUG] 2026-05-26 20:23:37,803 - [EXPANSION] conference sorted scores=[('c597', 1), ('c3594', 1), ('c36', 0), ('c755', 0), ('c1194', 0), ('c1201', 0), ('c1234', 0), ('c1798', 0), ('c1801', 0), ('c1902', 0)]
[DEBUG] 2026-05-26 20:23:37,825 - [EXPANSION] term sorted scores=[('t19', 1), ('t45', 1), ('t63', 1), ('t375', 1), ('t383', 1), ('t557', 1), ('t656', 1), ('t718', 1), ('t1325', 1), ('t4672', 1)]
[INFO] 2026-05-26 20:23:37,825 - Expanding community 72
[DEBUG] 2026-05-26 20:23:37,853 - [EXPANSION] paper sorted scores=[('p278734', 2), ('p279035', 2), ('p7601', 0), ('p7604', 0), ('p7605', 0), ('p7610', 0), ('p7612', 0), ('p7613', 0), ('p7621', 0), ('p7630', 0)]
[DEBUG] 2026-05-26 20:23:37,854 - [EXPANSION] conference sorted scores=[('c1801', 2), ('c36', 0), ('c597', 0), ('c755', 0), ('c1194', 0), ('c1201', 0), ('c1234', 0), ('c1798', 0), ('c1902', 0), ('c2180', 0)]
[DEBUG] 2026-05-26 20:23:37,874 - [EXPANSION] term sorted scores=[('t63', 2), ('t19', 1), ('t38', 1), ('t40', 1), ('t51', 1), ('t81', 1), ('t128', 1), ('t249', 1), ('t368', 1), ('t452', 1)]
[INFO] 2026-05-26 20:23:37,875 - Expanding community 73
[DEBUG] 2026-05-26 20:23:37,903 - [EXPANSION] paper sorted scores=[('p162736', 2), ('p275084', 2), ('p7601', 0), ('p7604', 0), ('p7605', 0), ('p7610', 0), ('p7612', 0), ('p7613', 0), ('p7621', 0), ('p7630', 0)]
[DEBUG] 2026-05-26 20:23:37,904 - [EXPANSION] conference sorted scores=[('c1234', 1), ('c1798', 1), ('c36', 0), ('c597', 0), ('c755', 0), ('c1194', 0), ('c1201', 0), ('c1801', 0), ('c1902', 0), ('c2180', 0)]
[DEBUG] 2026-05-26 20:23:37,925 - [EXPANSION] term sorted scores=[('t35', 2), ('t91', 1), ('t134', 1), ('t305', 1), ('t611', 1), ('t674', 1), ('t723', 1), ('t837', 1), ('t1024', 1), ('t1791', 1)]
[INFO] 2026-05-26 20:23:37,927 - Expanding community 74
[DEBUG] 2026-05-26 20:23:37,956 - [EXPANSION] paper sorted scores=[('p86421', 2), ('p276845', 2), ('p7601', 0), ('p7604', 0), ('p7605', 0), ('p7610', 0), ('p7612', 0), ('p7613', 0), ('p7621', 0), ('p7630', 0)]
[DEBUG] 2026-05-26 20:23:37,957 - [EXPANSION] conference sorted scores=[('c597', 1), ('c1798', 1), ('c36', 0), ('c755', 0), ('c1194', 0), ('c1201', 0), ('c1234', 0), ('c1801', 0), ('c1902', 0), ('c2180', 0)]
[DEBUG] 2026-05-26 20:23:37,975 - [EXPANSION] term sorted scores=[('t19', 2), ('t45', 2), ('t461', 2), ('t856', 2), ('t38', 1), ('t118', 1), ('t473', 1), ('t577', 1), ('t590', 1), ('t2702', 1)]
[INFO] 2026-05-26 20:23:37,975 - Expanding community 75
[DEBUG] 2026-05-26 20:23:38,006 - [EXPANSION] paper sorted scores=[('p162788', 2), ('p275348', 2), ('p7601', 0), ('p7604', 0), ('p7605', 0), ('p7610', 0), ('p7612', 0), ('p7613', 0), ('p7621', 0), ('p7630', 0)]
[DEBUG] 2026-05-26 20:23:38,007 - [EXPANSION] conference sorted scores=[('c1234', 1), ('c1798', 1), ('c36', 0), ('c597', 0), ('c755', 0), ('c1194', 0), ('c1201', 0), ('c1801', 0), ('c1902', 0), ('c2180', 0)]
[DEBUG] 2026-05-26 20:23:38,026 - [EXPANSION] term sorted scores=[('t19', 1), ('t35', 1), ('t45', 1), ('t63', 1), ('t82', 1), ('t84', 1), ('t121', 1), ('t176', 1), ('t199', 1), ('t343', 1)]
[INFO] 2026-05-26 20:23:38,026 - Expanding community 76
[DEBUG] 2026-05-26 20:23:38,054 - [EXPANSION] paper sorted scores=[('p85751', 2), ('p555945', 2), ('p7601', 0), ('p7604', 0), ('p7605', 0), ('p7610', 0), ('p7612', 0), ('p7613', 0), ('p7621', 0), ('p7630', 0)]
[DEBUG] 2026-05-26 20:23:38,055 - [EXPANSION] conference sorted scores=[('c597', 1), ('c3329', 1), ('c36', 0), ('c755', 0), ('c1194', 0), ('c1201', 0), ('c1234', 0), ('c1798', 0), ('c1801', 0), ('c1902', 0)]
[DEBUG] 2026-05-26 20:23:38,077 - [EXPANSION] term sorted scores=[('t4', 1), ('t38', 1), ('t54', 1), ('t55', 1), ('t340', 1), ('t505', 1), ('t570', 1), ('t576', 1), ('t852', 1), ('t853', 1)]
[INFO] 2026-05-26 20:23:38,077 - Expanding community 77
[DEBUG] 2026-05-26 20:23:38,106 - [EXPANSION] paper sorted scores=[('p357679', 2), ('p359756', 2), ('p596572', 1), ('p7601', 0), ('p7604', 0), ('p7605', 0), ('p7610', 0), ('p7612', 0), ('p7613', 0), ('p7621', 0)]
[DEBUG] 2026-05-26 20:23:38,107 - [EXPANSION] conference sorted scores=[('c2180', 2), ('c3594', 1), ('c36', 0), ('c597', 0), ('c755', 0), ('c1194', 0), ('c1201', 0), ('c1234', 0), ('c1798', 0), ('c1801', 0)]
[DEBUG] 2026-05-26 20:23:38,128 - [EXPANSION] term sorted scores=[('t19', 2), ('t419', 2), ('t35', 1), ('t38', 1), ('t54', 1), ('t280', 1), ('t309', 1), ('t312', 1), ('t558', 1), ('t933', 1)]
[INFO] 2026-05-26 20:23:38,128 - Expanding community 78
[DEBUG] 2026-05-26 20:23:38,154 - [EXPANSION] paper sorted scores=[('p11874', 2), ('p309483', 2), ('p117545', 1), ('p356994', 1), ('p7601', 0), ('p7604', 0), ('p7605', 0), ('p7610', 0), ('p7612', 0), ('p7613', 0)]
[DEBUG] 2026-05-26 20:23:38,156 - [EXPANSION] conference sorted scores=[('c36', 1), ('c755', 1), ('c1902', 1), ('c2180', 1), ('c597', 0), ('c1194', 0), ('c1201', 0), ('c1234', 0), ('c1798', 0), ('c1801', 0)]
[DEBUG] 2026-05-26 20:23:38,178 - [EXPANSION] term sorted scores=[('t81', 2), ('t578', 2), ('t4', 1), ('t6', 1), ('t10', 1), ('t12', 1), ('t35', 1), ('t38', 1), ('t65', 1), ('t87', 1)]
[INFO] 2026-05-26 20:23:38,178 - Expanding community 79
[DEBUG] 2026-05-26 20:23:38,205 - [EXPANSION] paper sorted scores=[('p486681', 2), ('p486929', 2), ('p159178', 1), ('p487230', 1), ('p7601', 0), ('p7604', 0), ('p7605', 0), ('p7610', 0), ('p7612', 0), ('p7613', 0)]
[DEBUG] 2026-05-26 20:23:38,206 - [EXPANSION] conference sorted scores=[('c2934', 3), ('c1201', 1), ('c36', 0), ('c597', 0), ('c755', 0), ('c1194', 0), ('c1234', 0), ('c1798', 0), ('c1801', 0), ('c1902', 0)]
[DEBUG] 2026-05-26 20:23:38,227 - [EXPANSION] term sorted scores=[('t39', 2), ('t3519', 2), ('t1', 1), ('t10', 1), ('t35', 1), ('t38', 1), ('t51', 1), ('t53', 1), ('t63', 1), ('t84', 1)]
[INFO] 2026-05-26 20:23:38,228 - Expanding community 80
[DEBUG] 2026-05-26 20:23:38,255 - [EXPANSION] paper sorted scores=[('p8387', 2), ('p359099', 2), ('p7601', 0), ('p7604', 0), ('p7605', 0), ('p7610', 0), ('p7612', 0), ('p7613', 0), ('p7621', 0), ('p7630', 0)]
[DEBUG] 2026-05-26 20:23:38,256 - [EXPANSION] conference sorted scores=[('c36', 1), ('c2180', 1), ('c597', 0), ('c755', 0), ('c1194', 0), ('c1201', 0), ('c1234', 0), ('c1798', 0), ('c1801', 0), ('c1902', 0)]
[DEBUG] 2026-05-26 20:23:38,277 - [EXPANSION] term sorted scores=[('t1526', 2), ('t10', 1), ('t39', 1), ('t55', 1), ('t81', 1), ('t174', 1), ('t1457', 1), ('t1612', 1), ('t1872', 1), ('t1873', 1)]
[INFO] 2026-05-26 20:23:38,277 - Expanding community 81
[DEBUG] 2026-05-26 20:23:38,305 - [EXPANSION] paper sorted scores=[('p357116', 2), ('p357117', 2), ('p7601', 0), ('p7604', 0), ('p7605', 0), ('p7610', 0), ('p7612', 0), ('p7613', 0), ('p7621', 0), ('p7630', 0)]
[DEBUG] 2026-05-26 20:23:38,306 - [EXPANSION] conference sorted scores=[('c2180', 2), ('c36', 0), ('c597', 0), ('c755', 0), ('c1194', 0), ('c1201', 0), ('c1234', 0), ('c1798', 0), ('c1801', 0), ('c1902', 0)]
[DEBUG] 2026-05-26 20:23:38,328 - [EXPANSION] term sorted scores=[('t2', 1), ('t13', 1), ('t19', 1), ('t63', 1), ('t73', 1), ('t77', 1), ('t208', 1), ('t300', 1), ('t372', 1), ('t553', 1)]
[INFO] 2026-05-26 20:23:38,328 - Expanding community 82
[DEBUG] 2026-05-26 20:23:38,360 - [EXPANSION] paper sorted scores=[('p436612', 2), ('p486892', 2), ('p7601', 0), ('p7604', 0), ('p7605', 0), ('p7610', 0), ('p7612', 0), ('p7613', 0), ('p7621', 0), ('p7630', 0)]
[DEBUG] 2026-05-26 20:23:38,361 - [EXPANSION] conference sorted scores=[('c2504', 1), ('c2934', 1), ('c36', 0), ('c597', 0), ('c755', 0), ('c1194', 0), ('c1201', 0), ('c1234', 0), ('c1798', 0), ('c1801', 0)]
[DEBUG] 2026-05-26 20:23:38,379 - [EXPANSION] term sorted scores=[('t10', 2), ('t1', 1), ('t19', 1), ('t61', 1), ('t147', 1), ('t334', 1), ('t354', 1), ('t402', 1), ('t452', 1), ('t461', 1)]
[INFO] 2026-05-26 20:23:38,379 - Expanding community 83
[DEBUG] 2026-05-26 20:23:38,405 - [EXPANSION] paper sorted scores=[('p159143', 2), ('p358410', 2), ('p308688', 1), ('p7601', 0), ('p7604', 0), ('p7605', 0), ('p7610', 0), ('p7612', 0), ('p7613', 0), ('p7621', 0)]
[DEBUG] 2026-05-26 20:23:38,406 - [EXPANSION] conference sorted scores=[('c1201', 1), ('c1902', 1), ('c2180', 1), ('c36', 0), ('c597', 0), ('c755', 0), ('c1194', 0), ('c1234', 0), ('c1798', 0), ('c1801', 0)]
[DEBUG] 2026-05-26 20:23:38,427 - [EXPANSION] term sorted scores=[('t4', 2), ('t12', 2), ('t1', 1), ('t26', 1), ('t35', 1), ('t45', 1), ('t55', 1), ('t61', 1), ('t81', 1), ('t82', 1)]
[INFO] 2026-05-26 20:23:38,428 - Expanding community 84
[DEBUG] 2026-05-26 20:23:38,454 - [EXPANSION] paper sorted scores=[('p356754', 2), ('p360763', 2), ('p158622', 1), ('p7601', 0), ('p7604', 0), ('p7605', 0), ('p7610', 0), ('p7612', 0), ('p7613', 0), ('p7621', 0)]
[DEBUG] 2026-05-26 20:23:38,455 - [EXPANSION] conference sorted scores=[('c2180', 2), ('c1201', 1), ('c36', 0), ('c597', 0), ('c755', 0), ('c1194', 0), ('c1234', 0), ('c1798', 0), ('c1801', 0), ('c1902', 0)]
[DEBUG] 2026-05-26 20:23:38,473 - [EXPANSION] term sorted scores=[('t126', 3), ('t1', 2), ('t150', 2), ('t4', 1), ('t10', 1), ('t35', 1), ('t45', 1), ('t63', 1), ('t81', 1), ('t114', 1)]
[INFO] 2026-05-26 20:23:38,474 - Expanding community 85
[DEBUG] 2026-05-26 20:23:38,499 - [EXPANSION] paper sorted scores=[('p158976', 2), ('p436771', 2), ('p7601', 0), ('p7604', 0), ('p7605', 0), ('p7610', 0), ('p7612', 0), ('p7613', 0), ('p7621', 0), ('p7630', 0)]
[DEBUG] 2026-05-26 20:23:38,501 - [EXPANSION] conference sorted scores=[('c1201', 1), ('c2504', 1), ('c36', 0), ('c597', 0), ('c755', 0), ('c1194', 0), ('c1234', 0), ('c1798', 0), ('c1801', 0), ('c1902', 0)]
[DEBUG] 2026-05-26 20:23:38,521 - [EXPANSION] term sorted scores=[('t461', 2), ('t19', 1), ('t35', 1), ('t53', 1), ('t55', 1), ('t63', 1), ('t344', 1), ('t388', 1), ('t452', 1), ('t580', 1)]
[INFO] 2026-05-26 20:23:38,521 - Expanding community 86
[DEBUG] 2026-05-26 20:23:38,549 - [EXPANSION] paper sorted scores=[('p86432', 2), ('p159126', 2), ('p7601', 0), ('p7604', 0), ('p7605', 0), ('p7610', 0), ('p7612', 0), ('p7613', 0), ('p7621', 0), ('p7630', 0)]
[DEBUG] 2026-05-26 20:23:38,550 - [EXPANSION] conference sorted scores=[('c597', 1), ('c1201', 1), ('c36', 0), ('c755', 0), ('c1194', 0), ('c1234', 0), ('c1798', 0), ('c1801', 0), ('c1902', 0), ('c2180', 0)]
[DEBUG] 2026-05-26 20:23:38,568 - [EXPANSION] term sorted scores=[('t26', 2), ('t142', 2), ('t616', 2), ('t2708', 2), ('t19', 1), ('t206', 1), ('t401', 1), ('t514', 1), ('t671', 1), ('t791', 1)]
[INFO] 2026-05-26 20:23:38,569 - Expanding community 87
[DEBUG] 2026-05-26 20:23:38,596 - [EXPANSION] paper sorted scores=[('p162643', 2), ('p595794', 2), ('p7601', 0), ('p7604', 0), ('p7605', 0), ('p7610', 0), ('p7612', 0), ('p7613', 0), ('p7621', 0), ('p7630', 0)]
[DEBUG] 2026-05-26 20:23:38,597 - [EXPANSION] conference sorted scores=[('c1234', 1), ('c3594', 1), ('c36', 0), ('c597', 0), ('c755', 0), ('c1194', 0), ('c1201', 0), ('c1798', 0), ('c1801', 0), ('c1902', 0)]
[DEBUG] 2026-05-26 20:23:38,615 - [EXPANSION] term sorted scores=[('t19', 2), ('t6563', 2), ('t112', 1), ('t336', 1), ('t342', 1), ('t524', 1), ('t1241', 1), ('t2151', 1), ('t1', 0), ('t2', 0)]
[INFO] 2026-05-26 20:23:38,615 - Expanding community 88
[DEBUG] 2026-05-26 20:23:38,642 - [EXPANSION] paper sorted scores=[('p626975', 2), ('p627253', 2), ('p7601', 0), ('p7604', 0), ('p7605', 0), ('p7610', 0), ('p7612', 0), ('p7613', 0), ('p7621', 0), ('p7630', 0)]
[DEBUG] 2026-05-26 20:23:38,643 - [EXPANSION] conference sorted scores=[('c3771', 2), ('c36', 0), ('c597', 0), ('c755', 0), ('c1194', 0), ('c1201', 0), ('c1234', 0), ('c1798', 0), ('c1801', 0), ('c1902', 0)]
[DEBUG] 2026-05-26 20:23:38,660 - [EXPANSION] term sorted scores=[('t45', 2), ('t35', 1), ('t39', 1), ('t216', 1), ('t298', 1), ('t410', 1), ('t499', 1), ('t544', 1), ('t578', 1), ('t895', 1)]
[INFO] 2026-05-26 20:23:38,661 - Expanding community 89
[DEBUG] 2026-05-26 20:23:38,687 - [EXPANSION] paper sorted scores=[('p9130', 2), ('p358201', 2), ('p536280', 1), ('p7601', 0), ('p7604', 0), ('p7605', 0), ('p7610', 0), ('p7612', 0), ('p7613', 0), ('p7621', 0)]
[DEBUG] 2026-05-26 20:23:38,688 - [EXPANSION] conference sorted scores=[('c36', 1), ('c2180', 1), ('c3230', 1), ('c597', 0), ('c755', 0), ('c1194', 0), ('c1201', 0), ('c1234', 0), ('c1798', 0), ('c1801', 0)]
[DEBUG] 2026-05-26 20:23:38,706 - [EXPANSION] term sorted scores=[('t1', 1), ('t4', 1), ('t19', 1), ('t35', 1), ('t45', 1), ('t126', 1), ('t134', 1), ('t177', 1), ('t239', 1), ('t304', 1)]
[INFO] 2026-05-26 20:23:38,707 - Expanding community 90
[DEBUG] 2026-05-26 20:23:38,733 - [EXPANSION] paper sorted scores=[('p156917', 2), ('p277438', 2), ('p7601', 0), ('p7604', 0), ('p7605', 0), ('p7610', 0), ('p7612', 0), ('p7613', 0), ('p7621', 0), ('p7630', 0)]
[DEBUG] 2026-05-26 20:23:38,734 - [EXPANSION] conference sorted scores=[('c1194', 1), ('c1798', 1), ('c36', 0), ('c597', 0), ('c755', 0), ('c1201', 0), ('c1234', 0), ('c1801', 0), ('c1902', 0), ('c2180', 0)]
[DEBUG] 2026-05-26 20:23:38,751 - [EXPANSION] term sorted scores=[('t2356', 2), ('t10', 1), ('t35', 1), ('t45', 1), ('t460', 1), ('t503', 1), ('t568', 1), ('t570', 1), ('t849', 1), ('t2471', 1)]
[INFO] 2026-05-26 20:23:38,752 - Expanding community 91
[DEBUG] 2026-05-26 20:23:38,778 - [EXPANSION] paper sorted scores=[('p9035', 2), ('p358106', 2), ('p436367', 1), ('p7601', 0), ('p7604', 0), ('p7605', 0), ('p7610', 0), ('p7612', 0), ('p7613', 0), ('p7621', 0)]
[DEBUG] 2026-05-26 20:23:38,779 - [EXPANSION] conference sorted scores=[('c36', 1), ('c2180', 1), ('c2504', 1), ('c597', 0), ('c755', 0), ('c1194', 0), ('c1201', 0), ('c1234', 0), ('c1798', 0), ('c1801', 0)]
[DEBUG] 2026-05-26 20:23:38,797 - [EXPANSION] term sorted scores=[('t10', 1), ('t19', 1), ('t42', 1), ('t45', 1), ('t54', 1), ('t82', 1), ('t220', 1), ('t452', 1), ('t521', 1), ('t818', 1)]
[INFO] 2026-05-26 20:23:38,798 - Expanding community 92
[DEBUG] 2026-05-26 20:23:38,823 - [EXPANSION] paper sorted scores=[('p436949', 2), ('p536379', 2), ('p7601', 0), ('p7604', 0), ('p7605', 0), ('p7610', 0), ('p7612', 0), ('p7613', 0), ('p7621', 0), ('p7630', 0)]
[DEBUG] 2026-05-26 20:23:38,824 - [EXPANSION] conference sorted scores=[('c2504', 1), ('c3230', 1), ('c36', 0), ('c597', 0), ('c755', 0), ('c1194', 0), ('c1201', 0), ('c1234', 0), ('c1798', 0), ('c1801', 0)]
[DEBUG] 2026-05-26 20:23:38,843 - [EXPANSION] term sorted scores=[('t792', 2), ('t4', 1), ('t26', 1), ('t45', 1), ('t81', 1), ('t126', 1), ('t150', 1), ('t349', 1), ('t774', 1), ('t899', 1)]
[INFO] 2026-05-26 20:23:38,844 - Expanding community 93
[DEBUG] 2026-05-26 20:23:38,869 - [EXPANSION] paper sorted scores=[('p308416', 2), ('p486671', 2), ('p486673', 1), ('p486686', 1), ('p7601', 0), ('p7604', 0), ('p7605', 0), ('p7610', 0), ('p7612', 0), ('p7613', 0)]
[DEBUG] 2026-05-26 20:23:38,870 - [EXPANSION] conference sorted scores=[('c2934', 3), ('c1902', 1), ('c36', 0), ('c597', 0), ('c755', 0), ('c1194', 0), ('c1201', 0), ('c1234', 0), ('c1798', 0), ('c1801', 0)]
[DEBUG] 2026-05-26 20:23:38,890 - [EXPANSION] term sorted scores=[('t1', 2), ('t45', 2), ('t1305', 2), ('t7165', 2), ('t35', 1), ('t81', 1), ('t109', 1), ('t114', 1), ('t147', 1), ('t148', 1)]
[INFO] 2026-05-26 20:23:38,891 - Expanding community 94
[DEBUG] 2026-05-26 20:23:38,914 - [EXPANSION] paper sorted scores=[('p625963', 2), ('p627202', 2), ('p7601', 0), ('p7604', 0), ('p7605', 0), ('p7610', 0), ('p7612', 0), ('p7613', 0), ('p7621', 0), ('p7630', 0)]
[DEBUG] 2026-05-26 20:23:38,916 - [EXPANSION] conference sorted scores=[('c3771', 2), ('c36', 0), ('c597', 0), ('c755', 0), ('c1194', 0), ('c1201', 0), ('c1234', 0), ('c1798', 0), ('c1801', 0), ('c1902', 0)]
[DEBUG] 2026-05-26 20:23:38,936 - [EXPANSION] term sorted scores=[('t109', 2), ('t1', 1), ('t4', 1), ('t19', 1), ('t63', 1), ('t686', 1), ('t715', 1), ('t880', 1), ('t926', 1), ('t1294', 1)]
[INFO] 2026-05-26 20:23:38,937 - Expanding community 95
[DEBUG] 2026-05-26 20:23:38,962 - [EXPANSION] paper sorted scores=[('p437030', 2), ('p500979', 2), ('p500564', 1), ('p500877', 1), ('p7601', 0), ('p7604', 0), ('p7605', 0), ('p7610', 0), ('p7612', 0), ('p7613', 0)]
[DEBUG] 2026-05-26 20:23:38,963 - [EXPANSION] conference sorted scores=[('c3011', 3), ('c2504', 1), ('c36', 0), ('c597', 0), ('c755', 0), ('c1194', 0), ('c1201', 0), ('c1234', 0), ('c1798', 0), ('c1801', 0)]
[DEBUG] 2026-05-26 20:23:38,984 - [EXPANSION] term sorted scores=[('t19', 3), ('t35', 2), ('t63', 2), ('t452', 2), ('t4', 1), ('t39', 1), ('t54', 1), ('t82', 1), ('t108', 1), ('t190', 1)]
[INFO] 2026-05-26 20:23:38,985 - Expanding community 96
[DEBUG] 2026-05-26 20:23:39,009 - [EXPANSION] paper sorted scores=[('p486954', 2), ('p500737', 2), ('p278400', 1), ('p7601', 0), ('p7604', 0), ('p7605', 0), ('p7610', 0), ('p7612', 0), ('p7613', 0), ('p7621', 0)]
[DEBUG] 2026-05-26 20:23:39,010 - [EXPANSION] conference sorted scores=[('c1801', 1), ('c2934', 1), ('c3011', 1), ('c36', 0), ('c597', 0), ('c755', 0), ('c1194', 0), ('c1201', 0), ('c1234', 0), ('c1798', 0)]
[DEBUG] 2026-05-26 20:23:39,029 - [EXPANSION] term sorted scores=[('t19', 2), ('t35', 2), ('t368', 2), ('t63', 1), ('t108', 1), ('t114', 1), ('t173', 1), ('t226', 1), ('t271', 1), ('t418', 1)]
[INFO] 2026-05-26 20:23:39,030 - Expanding community 97
[DEBUG] 2026-05-26 20:23:39,055 - [EXPANSION] paper sorted scores=[('p308092', 2), ('p356682', 2), ('p8379', 1), ('p158710', 1), ('p308295', 1), ('p7601', 0), ('p7604', 0), ('p7605', 0), ('p7610', 0), ('p7612', 0)]
[DEBUG] 2026-05-26 20:23:39,056 - [EXPANSION] conference sorted scores=[('c1902', 2), ('c36', 1), ('c1201', 1), ('c2180', 1), ('c597', 0), ('c755', 0), ('c1194', 0), ('c1234', 0), ('c1798', 0), ('c1801', 0)]
[DEBUG] 2026-05-26 20:23:39,078 - [EXPANSION] term sorted scores=[('t19', 4), ('t992', 3), ('t4', 2), ('t45', 2), ('t12', 1), ('t26', 1), ('t44', 1), ('t63', 1), ('t77', 1), ('t114', 1)]
[INFO] 2026-05-26 20:23:39,078 - Expanding community 98
[DEBUG] 2026-05-26 20:23:39,105 - [EXPANSION] paper sorted scores=[('p436051', 2), ('p536439', 2), ('p7601', 0), ('p7604', 0), ('p7605', 0), ('p7610', 0), ('p7612', 0), ('p7613', 0), ('p7621', 0), ('p7630', 0)]
[DEBUG] 2026-05-26 20:23:39,106 - [EXPANSION] conference sorted scores=[('c2504', 1), ('c3230', 1), ('c36', 0), ('c597', 0), ('c755', 0), ('c1194', 0), ('c1201', 0), ('c1234', 0), ('c1798', 0), ('c1801', 0)]
[DEBUG] 2026-05-26 20:23:39,124 - [EXPANSION] term sorted scores=[('t19', 2), ('t452', 2), ('t39', 1), ('t54', 1), ('t225', 1), ('t461', 1), ('t674', 1), ('t903', 1), ('t943', 1), ('t2229', 1)]
[INFO] 2026-05-26 20:23:39,125 - Expanding community 99
[DEBUG] 2026-05-26 20:23:39,149 - [EXPANSION] paper sorted scores=[('p278636', 2), ('p487449', 2), ('p7601', 0), ('p7604', 0), ('p7605', 0), ('p7610', 0), ('p7612', 0), ('p7613', 0), ('p7621', 0), ('p7630', 0)]
[DEBUG] 2026-05-26 20:23:39,151 - [EXPANSION] conference sorted scores=[('c1801', 1), ('c2934', 1), ('c36', 0), ('c597', 0), ('c755', 0), ('c1194', 0), ('c1201', 0), ('c1234', 0), ('c1798', 0), ('c1902', 0)]
[DEBUG] 2026-05-26 20:23:39,167 - [EXPANSION] term sorted scores=[('t10', 1), ('t55', 1), ('t90', 1), ('t448', 1), ('t521', 1), ('t744', 1), ('t953', 1), ('t1106', 1), ('t1138', 1), ('t1384', 1)]
[INFO] 2026-05-26 20:23:39,168 - Expanding community 100
[DEBUG] 2026-05-26 20:23:39,194 - [EXPANSION] paper sorted scores=[('p12264', 2), ('p360595', 2), ('p7601', 0), ('p7604', 0), ('p7605', 0), ('p7610', 0), ('p7612', 0), ('p7613', 0), ('p7621', 0), ('p7630', 0)]
[DEBUG] 2026-05-26 20:23:39,195 - [EXPANSION] conference sorted scores=[('c36', 1), ('c2180', 1), ('c597', 0), ('c755', 0), ('c1194', 0), ('c1201', 0), ('c1234', 0), ('c1798', 0), ('c1801', 0), ('c1902', 0)]
[DEBUG] 2026-05-26 20:23:39,213 - [EXPANSION] term sorted scores=[('t174', 2), ('t4', 1), ('t35', 1), ('t63', 1), ('t300', 1), ('t554', 1), ('t723', 1), ('t1194', 1), ('t1313', 1), ('t1321', 1)]
[INFO] 2026-05-26 20:23:39,214 - Expanding community 101
[DEBUG] 2026-05-26 20:23:39,241 - [EXPANSION] paper sorted scores=[('p487113', 2), ('p487114', 2), ('p487397', 1), ('p7601', 0), ('p7604', 0), ('p7605', 0), ('p7610', 0), ('p7612', 0), ('p7613', 0), ('p7621', 0)]
[DEBUG] 2026-05-26 20:23:39,242 - [EXPANSION] conference sorted scores=[('c2934', 3), ('c36', 0), ('c597', 0), ('c755', 0), ('c1194', 0), ('c1201', 0), ('c1234', 0), ('c1798', 0), ('c1801', 0), ('c1902', 0)]
[DEBUG] 2026-05-26 20:23:39,259 - [EXPANSION] term sorted scores=[('t226', 3), ('t452', 3), ('t461', 3), ('t1035', 3), ('t1036', 3), ('t19', 2), ('t45', 1), ('t63', 1), ('t171', 1), ('t172', 1)]
[INFO] 2026-05-26 20:23:39,260 - Expanding community 102
[DEBUG] 2026-05-26 20:23:39,286 - [EXPANSION] paper sorted scores=[('p277806', 2), ('p504508', 2), ('p7601', 0), ('p7604', 0), ('p7605', 0), ('p7610', 0), ('p7612', 0), ('p7613', 0), ('p7621', 0), ('p7630', 0)]
[DEBUG] 2026-05-26 20:23:39,287 - [EXPANSION] conference sorted scores=[('c1798', 1), ('c3027', 1), ('c36', 0), ('c597', 0), ('c755', 0), ('c1194', 0), ('c1201', 0), ('c1234', 0), ('c1801', 0), ('c1902', 0)]
[DEBUG] 2026-05-26 20:23:39,305 - [EXPANSION] term sorted scores=[('t147', 2), ('t498', 2), ('t2452', 2), ('t4372', 2), ('t798', 1), ('t2252', 1), ('t1', 0), ('t2', 0), ('t3', 0), ('t4', 0)]
[INFO] 2026-05-26 20:23:39,305 - Expanding community 103
[DEBUG] 2026-05-26 20:23:39,334 - [EXPANSION] paper sorted scores=[('p278283', 2), ('p487180', 2), ('p7601', 0), ('p7604', 0), ('p7605', 0), ('p7610', 0), ('p7612', 0), ('p7613', 0), ('p7621', 0), ('p7630', 0)]
[DEBUG] 2026-05-26 20:23:39,335 - [EXPANSION] conference sorted scores=[('c1801', 1), ('c2934', 1), ('c36', 0), ('c597', 0), ('c755', 0), ('c1194', 0), ('c1201', 0), ('c1234', 0), ('c1798', 0), ('c1902', 0)]
[DEBUG] 2026-05-26 20:23:39,354 - [EXPANSION] term sorted scores=[('t560', 2), ('t4', 1), ('t35', 1), ('t63', 1), ('t82', 1), ('t226', 1), ('t231', 1), ('t327', 1), ('t368', 1), ('t461', 1)]
[INFO] 2026-05-26 20:23:39,354 - Expanding community 104
[DEBUG] 2026-05-26 20:23:39,379 - [EXPANSION] paper sorted scores=[('p626578', 2), ('p627240', 2), ('p7601', 0), ('p7604', 0), ('p7605', 0), ('p7610', 0), ('p7612', 0), ('p7613', 0), ('p7621', 0), ('p7630', 0)]
[DEBUG] 2026-05-26 20:23:39,380 - [EXPANSION] conference sorted scores=[('c3771', 2), ('c36', 0), ('c597', 0), ('c755', 0), ('c1194', 0), ('c1201', 0), ('c1234', 0), ('c1798', 0), ('c1801', 0), ('c1902', 0)]
[DEBUG] 2026-05-26 20:23:39,402 - [EXPANSION] term sorted scores=[('t19', 2), ('t109', 2), ('t155', 2), ('t461', 2), ('t107', 1), ('t471', 1), ('t862', 1), ('t928', 1), ('t3822', 1), ('t12986', 1)]
[INFO] 2026-05-26 20:23:39,403 - Expanding community 105
[DEBUG] 2026-05-26 20:23:39,427 - [EXPANSION] paper sorted scores=[('p8238', 2), ('p359828', 2), ('p7601', 0), ('p7604', 0), ('p7605', 0), ('p7610', 0), ('p7612', 0), ('p7613', 0), ('p7621', 0), ('p7630', 0)]
[DEBUG] 2026-05-26 20:23:39,428 - [EXPANSION] conference sorted scores=[('c36', 1), ('c2180', 1), ('c597', 0), ('c755', 0), ('c1194', 0), ('c1201', 0), ('c1234', 0), ('c1798', 0), ('c1801', 0), ('c1902', 0)]
[DEBUG] 2026-05-26 20:23:39,447 - [EXPANSION] term sorted scores=[('t1', 2), ('t63', 2), ('t458', 2), ('t1707', 2), ('t10', 1), ('t19', 1), ('t45', 1), ('t289', 1), ('t384', 1), ('t388', 1)]
[INFO] 2026-05-26 20:23:39,447 - Expanding community 106
[DEBUG] 2026-05-26 20:23:39,472 - [EXPANSION] paper sorted scores=[('p359205', 2), ('p359428', 2), ('p437360', 1), ('p500627', 1), ('p500879', 1), ('p7601', 0), ('p7604', 0), ('p7605', 0), ('p7610', 0), ('p7612', 0)]
[DEBUG] 2026-05-26 20:23:39,473 - [EXPANSION] conference sorted scores=[('c2180', 2), ('c3011', 2), ('c2504', 1), ('c36', 0), ('c597', 0), ('c755', 0), ('c1194', 0), ('c1201', 0), ('c1234', 0), ('c1798', 0)]
[DEBUG] 2026-05-26 20:23:39,496 - [EXPANSION] term sorted scores=[('t63', 2), ('t134', 2), ('t452', 2), ('t10', 1), ('t19', 1), ('t26', 1), ('t35', 1), ('t76', 1), ('t84', 1), ('t135', 1)]
[INFO] 2026-05-26 20:23:39,496 - Expanding community 107
[DEBUG] 2026-05-26 20:23:39,523 - [EXPANSION] paper sorted scores=[('p500883', 2), ('p500885', 2), ('p437110', 1), ('p437328', 1), ('p500834', 1), ('p7601', 0), ('p7604', 0), ('p7605', 0), ('p7610', 0), ('p7612', 0)]
[DEBUG] 2026-05-26 20:23:39,524 - [EXPANSION] conference sorted scores=[('c3011', 3), ('c2504', 2), ('c36', 0), ('c597', 0), ('c755', 0), ('c1194', 0), ('c1201', 0), ('c1234', 0), ('c1798', 0), ('c1801', 0)]
[DEBUG] 2026-05-26 20:23:39,543 - [EXPANSION] term sorted scores=[('t4', 3), ('t19', 3), ('t226', 3), ('t82', 2), ('t12', 1), ('t35', 1), ('t38', 1), ('t63', 1), ('t77', 1), ('t86', 1)]
[INFO] 2026-05-26 20:23:39,544 - Expanding community 108
[DEBUG] 2026-05-26 20:23:39,571 - [EXPANSION] paper sorted scores=[('p487279', 2), ('p487350', 2), ('p536294', 1), ('p7601', 0), ('p7604', 0), ('p7605', 0), ('p7610', 0), ('p7612', 0), ('p7613', 0), ('p7621', 0)]
[DEBUG] 2026-05-26 20:23:39,572 - [EXPANSION] conference sorted scores=[('c2934', 2), ('c3230', 1), ('c36', 0), ('c597', 0), ('c755', 0), ('c1194', 0), ('c1201', 0), ('c1234', 0), ('c1798', 0), ('c1801', 0)]
[DEBUG] 2026-05-26 20:23:39,593 - [EXPANSION] term sorted scores=[('t623', 2), ('t809', 2), ('t980', 2), ('t10', 1), ('t12', 1), ('t13', 1), ('t19', 1), ('t26', 1), ('t38', 1), ('t63', 1)]
[INFO] 2026-05-26 20:23:39,594 - Expanding community 109
[DEBUG] 2026-05-26 20:23:39,619 - [EXPANSION] paper sorted scores=[('p487199', 2), ('p536462', 2), ('p536464', 2), ('p7601', 0), ('p7604', 0), ('p7605', 0), ('p7610', 0), ('p7612', 0), ('p7613', 0), ('p7621', 0)]
[DEBUG] 2026-05-26 20:23:39,622 - [EXPANSION] conference sorted scores=[('c3230', 2), ('c2934', 1), ('c36', 0), ('c597', 0), ('c755', 0), ('c1194', 0), ('c1201', 0), ('c1234', 0), ('c1798', 0), ('c1801', 0)]
[DEBUG] 2026-05-26 20:23:39,639 - [EXPANSION] term sorted scores=[('t10', 3), ('t452', 3), ('t1343', 3), ('t63', 2), ('t206', 2), ('t496', 2), ('t904', 2), ('t45', 1), ('t847', 1), ('t903', 1)]
[INFO] 2026-05-26 20:23:40,370 - [EVAL] Modularity=0.4647
[INFO] 2026-05-26 20:23:40,371 - [EVAL] Surprise=0.0000
[INFO] 2026-05-26 20:23:40,371 - [EVAL] Keyword coherence=0.0000
[INFO] 2026-05-26 20:23:40,371 - [EVAL] Community stats={'num_communities': 110, 'avg_size': 391.7909090909091, 'max_size': 11033, 'min_size': 12}
[INFO] 2026-05-26 20:23:40,391 - [NMI DEBUG] matched_nodes=3080
[INFO] 2026-05-26 20:23:40,400 - [NMI] 0.6316
[INFO] 2026-05-26 20:23:40,409 - [NMI DEBUG] matched_nodes=68
[INFO] 2026-05-26 20:23:40,412 - [NMI] 0.5085
[INFO] 2026-05-26 20:23:40,420 - [NMI DEBUG] matched_nodes=20
[INFO] 2026-05-26 20:23:40,422 - [NMI] 0.0000
[INFO] 2026-05-26 20:23:40,427 - Saved communities...
