[INFO] 2026-05-22 20:02:18,168 - [MATRIX] writes shape=(14376, 14475)
[INFO] 2026-05-22 20:02:18,201 - [MATRIX] be_written shape=(14475, 14376)
[INFO] 2026-05-22 20:02:18,212 - [MATRIX] published_in shape=(14376, 20)
[INFO] 2026-05-22 20:02:18,223 - [MATRIX] publish shape=(20, 14376)
[INFO] 2026-05-22 20:02:18,309 - [MATRIX] has_term shape=(14376, 8920)
[INFO] 2026-05-22 20:02:18,395 - [MATRIX] term_in shape=(8920, 14376)
[INFO] 2026-05-22 20:02:18,413 - 
========== Building A-P-A ==========
[INFO] 2026-05-22 20:02:18,418 - A-P-A matrix shape=(14475, 14475)
[INFO] 2026-05-22 20:02:18,518 - A-P-A nodes=5264 edges=8789 total_weight=51362.0000
[INFO] 2026-05-22 20:02:18,521 - 
========== Building A-P-C-P-A ==========
[INFO] 2026-05-22 20:02:20,488 - A-P-C-P-A matrix shape=(14475, 14475)
[INFO] 2026-05-22 20:02:34,550 - A-P-C-P-A nodes=14380 edges=1191844 total_weight=19193234.0000
[INFO] 2026-05-22 20:02:34,682 - Running community detection on A-P-A
[INFO] 2026-05-22 20:02:35,175 - A-P-A communities=639
[INFO] 2026-05-22 20:02:35,183 - Running community detection on A-P-C-P-A
[INFO] 2026-05-22 20:03:01,114 - A-P-C-P-A communities=4
[INFO] 2026-05-22 20:03:01,691 - Candidate edges=1195267
[INFO] 2026-05-22 20:03:02,770 - Processed 100000/1195267 candidate edges
[INFO] 2026-05-22 20:03:03,259 - Processed 200000/1195267 candidate edges
[INFO] 2026-05-22 20:03:03,734 - Processed 300000/1195267 candidate edges
[INFO] 2026-05-22 20:03:04,202 - Processed 400000/1195267 candidate edges
[INFO] 2026-05-22 20:03:04,675 - Processed 500000/1195267 candidate edges
[INFO] 2026-05-22 20:03:05,157 - Processed 600000/1195267 candidate edges
[INFO] 2026-05-22 20:03:05,622 - Processed 700000/1195267 candidate edges
[INFO] 2026-05-22 20:03:06,128 - Processed 800000/1195267 candidate edges
[INFO] 2026-05-22 20:03:06,593 - Processed 900000/1195267 candidate edges
[INFO] 2026-05-22 20:03:07,070 - Processed 1000000/1195267 candidate edges
[INFO] 2026-05-22 20:03:07,574 - Processed 1100000/1195267 candidate edges
[INFO] 2026-05-22 20:03:08,037 - Consensus graph nodes=14380 edges=1017782
[INFO] 2026-05-22 20:03:08,037 - Running Louvain on consensus graph
[INFO] 2026-05-22 20:03:25,049 - Seed communities=4
[INFO] 2026-05-22 20:03:26,372 - Expanding community 0
[DEBUG] 2026-05-22 20:03:27,852 - [EXPANSION] paper sorted scores=[('p554317', 18), ('p275255', 17), ('p595690', 17), ('p554114', 16), ('p554348', 16), ('p554349', 16), ('p596744', 16), ('p275258', 15), ('p275165', 14), ('p555663', 14)]
[DEBUG] 2026-05-22 20:03:27,863 - [EXPANSION] conference sorted scores=[('c3594', 1453), ('c1798', 1391), ('c3329', 1347), ('c3027', 432), ('c597', 342), ('c1234', 292), ('c2504', 205), ('c3771', 151), ('c1801', 143), ('c2934', 97)]
[DEBUG] 2026-05-22 20:03:31,679 - [EXPANSION] term sorted scores=[('t19', 1897), ('t4', 1421), ('t63', 1405), ('t35', 1371), ('t45', 1205), ('t461', 1173), ('t1', 846), ('t512', 662), ('t112', 526), ('t54', 518)]
[INFO] 2026-05-22 20:03:31,680 - Expanding community 1
[DEBUG] 2026-05-22 20:03:33,053 - [EXPANSION] paper sorted scores=[('p7745', 20), ('p7746', 18), ('p11744', 15), ('p358620', 13), ('p10831', 12), ('p356670', 12), ('p8031', 11), ('p10518', 10), ('p12278', 10), ('p9096', 9)]
[DEBUG] 2026-05-22 20:03:33,062 - [EXPANSION] conference sorted scores=[('c2180', 1794), ('c36', 1563), ('c1902', 566), ('c755', 226), ('c1201', 136), ('c2504', 136), ('c3318', 104), ('c1801', 88), ('c597', 79), ('c3771', 74)]
[DEBUG] 2026-05-22 20:03:35,181 - [EXPANSION] term sorted scores=[('t19', 1428), ('t4', 1225), ('t63', 1116), ('t45', 998), ('t35', 935), ('t1', 695), ('t12', 695), ('t55', 472), ('t10', 434), ('t38', 421)]
[INFO] 2026-05-22 20:03:35,183 - Expanding community 2
[DEBUG] 2026-05-22 20:03:35,616 - [EXPANSION] paper sorted scores=[('p551464', 13), ('p551708', 12), ('p85737', 10), ('p551520', 10), ('p552252', 10), ('p550757', 9), ('p552202', 8), ('p552505', 8), ('p626255', 8), ('p627109', 8)]
[DEBUG] 2026-05-22 20:03:35,622 - [EXPANSION] conference sorted scores=[('c3318', 1360), ('c597', 535), ('c3771', 283), ('c1194', 199), ('c2504', 98), ('c1902', 94), ('c1801', 90), ('c1798', 84), ('c36', 76), ('c2180', 67)]
[DEBUG] 2026-05-22 20:03:37,222 - [EXPANSION] term sorted scores=[('t19', 1071), ('t4', 774), ('t63', 716), ('t45', 599), ('t468', 585), ('t35', 555), ('t1', 464), ('t235', 432), ('t109', 361), ('t38', 332)]
[INFO] 2026-05-22 20:03:37,223 - Expanding community 3
[DEBUG] 2026-05-22 20:03:37,520 - [EXPANSION] paper sorted scores=[('p536310', 11), ('p436918', 10), ('p437421', 10), ('p436604', 9), ('p500946', 8), ('p500979', 8), ('p436118', 7), ('p436139', 7), ('p436177', 7), ('p436375', 7)]
[DEBUG] 2026-05-22 20:03:37,526 - [EXPANSION] conference sorted scores=[('c2504', 751), ('c1801', 477), ('c2934', 343), ('c3011', 268), ('c3230', 215), ('c1902', 165), ('c1798', 160), ('c597', 155), ('c3594', 86), ('c3771', 86)]
[DEBUG] 2026-05-22 20:03:39,017 - [EXPANSION] term sorted scores=[('t19', 982), ('t4', 724), ('t461', 632), ('t452', 620), ('t63', 586), ('t45', 541), ('t35', 538), ('t1', 308), ('t38', 307), ('t81', 304)]
[INFO] 2026-05-22 20:05:52,425 - [EVAL] Modularity=-0.0043
[INFO] 2026-05-22 20:05:52,425 - [EVAL] Surprise=0.0000
[INFO] 2026-05-22 20:05:52,425 - [EVAL] Keyword coherence=0.0000
[INFO] 2026-05-22 20:05:52,425 - [EVAL] Community stats={'num_communities': 4, 'avg_size': np.float64(3595.0), 'max_size': np.int64(4881), 'min_size': np.int64(2288)}
[INFO] 2026-05-22 20:05:52,430 - [NMI DEBUG] matched_nodes=4057
[INFO] 2026-05-22 20:05:52,435 - [NMI] 0.7845
[INFO] 2026-05-22 20:05:52,441 - Saved communities...
