[INFO] 2026-05-26 23:38:03,811 - [MATRIX] writes shape=(14376, 14475)
[INFO] 2026-05-26 23:38:03,845 - [MATRIX] be_written shape=(14475, 14376)
[INFO] 2026-05-26 23:38:03,857 - [MATRIX] published_in shape=(14376, 20)
[INFO] 2026-05-26 23:38:03,867 - [MATRIX] publish shape=(20, 14376)
[INFO] 2026-05-26 23:38:03,956 - [MATRIX] has_term shape=(14376, 8920)
[INFO] 2026-05-26 23:38:04,046 - [MATRIX] term_in shape=(8920, 14376)
[INFO] 2026-05-26 23:38:04,068 - 
========== Building A-P-A ==========
[INFO] 2026-05-26 23:38:04,073 - A-P-A matrix shape=(14475, 14475)
[INFO] 2026-05-26 23:38:04,290 - A-P-A nodes=5264 edges=8789 total_weight=51362.0000
[INFO] 2026-05-26 23:38:04,292 - 
========== Building A-P-T-P-A ==========
[INFO] 2026-05-26 23:38:15,742 - A-P-T-P-A matrix shape=(14475, 14475)
[INFO] 2026-05-26 23:39:26,423 - A-P-T-P-A nodes=86 edges=351 total_weight=699532.0000
[INFO] 2026-05-26 23:39:26,423 - 
========== Building A-P-C-P-A ==========
[INFO] 2026-05-26 23:39:28,791 - A-P-C-P-A matrix shape=(14475, 14475)
[INFO] 2026-05-26 23:39:52,505 - A-P-C-P-A nodes=5689 edges=92426 total_weight=6194038.0000
[INFO] 2026-05-26 23:39:52,567 - Running community detection on A-P-A
[INFO] 2026-05-26 23:39:53,383 - A-P-A communities=638
[INFO] 2026-05-26 23:39:53,383 - Running community detection on A-P-T-P-A
[INFO] 2026-05-26 23:39:53,397 - A-P-T-P-A communities=3
[INFO] 2026-05-26 23:39:53,401 - Running community detection on A-P-C-P-A
[INFO] 2026-05-26 23:39:55,937 - A-P-C-P-A communities=5
[INFO] 2026-05-26 23:39:56,007 - Candidate edges=99516
[INFO] 2026-05-26 23:39:56,884 - Consensus graph nodes=6933 edges=80610
[INFO] 2026-05-26 23:39:56,884 - Running Louvain on consensus graph
[INFO] 2026-05-26 23:39:59,607 - Seed communities=113
[INFO] 2026-05-26 23:39:59,880 - Expanding community 0
[DEBUG] 2026-05-26 23:40:00,803 - [EXPANSION] paper sorted scores=[('p551464', 13), ('p551708', 12), ('p551520', 10), ('p552252', 10), ('p550757', 9), ('p552202', 8), ('p552505', 8), ('p85737', 7), ('p86565', 7), ('p86567', 7)]
[DEBUG] 2026-05-26 23:40:00,811 - [EXPANSION] conference sorted scores=[('c3318', 1361), ('c597', 302), ('c1194', 187), ('c3771', 161), ('c2180', 91), ('c2504', 90), ('c36', 84), ('c1798', 82), ('c1801', 82), ('c1902', 81)]
[DEBUG] 2026-05-26 23:40:02,194 - [EXPANSION] term sorted scores=[('t19', 930), ('t4', 670), ('t63', 628), ('t468', 560), ('t45', 516), ('t35', 463), ('t1', 412), ('t235', 398), ('t109', 300), ('t38', 289)]
[INFO] 2026-05-26 23:40:02,195 - Expanding community 1
[DEBUG] 2026-05-26 23:40:02,704 - [EXPANSION] paper sorted scores=[('p275258', 9), ('p275255', 8), ('p436375', 8), ('p437432', 8), ('p275858', 7), ('p500763', 7), ('p536310', 7), ('p556109', 7), ('p278026', 6), ('p278282', 6)]
[DEBUG] 2026-05-26 23:40:02,712 - [EXPANSION] conference sorted scores=[('c1798', 829), ('c2504', 646), ('c1801', 400), ('c3594', 384), ('c3329', 383), ('c597', 286), ('c2934', 255), ('c3011', 206), ('c3230', 189), ('c1902', 144)]
[DEBUG] 2026-05-26 23:40:04,935 - [EXPANSION] term sorted scores=[('t19', 1391), ('t4', 998), ('t63', 932), ('t461', 862), ('t35', 843), ('t45', 788), ('t452', 575), ('t1', 471), ('t38', 391), ('t112', 367)]
[INFO] 2026-05-26 23:40:04,936 - Expanding community 2
[DEBUG] 2026-05-26 23:40:05,420 - [EXPANSION] paper sorted scores=[('p7745', 15), ('p7746', 14), ('p8636', 8), ('p10405', 8), ('p10518', 8), ('p10519', 8), ('p11686', 8), ('p554943', 8), ('p625832', 8), ('p8380', 7)]
[DEBUG] 2026-05-26 23:40:05,428 - [EXPANSION] conference sorted scores=[('c36', 1375), ('c2180', 1361), ('c1902', 497), ('c755', 205), ('c2504', 112), ('c1201', 110), ('c3318', 99), ('c1801', 72), ('c3771', 61), ('c597', 56)]
[DEBUG] 2026-05-26 23:40:07,493 - [EXPANSION] term sorted scores=[('t19', 1150), ('t4', 979), ('t63', 885), ('t45', 817), ('t35', 762), ('t12', 600), ('t1', 573), ('t55', 390), ('t10', 360), ('t38', 343)]
[INFO] 2026-05-26 23:40:07,494 - Expanding community 3
[DEBUG] 2026-05-26 23:40:07,937 - [EXPANSION] paper sorted scores=[('p554317', 15), ('p554348', 15), ('p554349', 15), ('p595446', 14), ('p554114', 12), ('p555663', 11), ('p554457', 10), ('p555698', 10), ('p555718', 10), ('p597371', 10)]
[DEBUG] 2026-05-26 23:40:07,946 - [EXPANSION] conference sorted scores=[('c3594', 1261), ('c3329', 1177), ('c1798', 1101), ('c3027', 273), ('c597', 268), ('c1234', 242), ('c3771', 117), ('c2504', 115), ('c1801', 60), ('c2934', 59)]
[DEBUG] 2026-05-26 23:40:10,097 - [EXPANSION] term sorted scores=[('t19', 1467), ('t4', 1094), ('t35', 1087), ('t63', 1069), ('t45', 937), ('t461', 928), ('t1', 668), ('t512', 531), ('t375', 432), ('t112', 411)]
[INFO] 2026-05-26 23:40:10,099 - Expanding community 4
[DEBUG] 2026-05-26 23:40:10,149 - [EXPANSION] paper sorted scores=[('p162583', 5), ('p503691', 4), ('p503696', 4), ('p503974', 4), ('p504283', 4), ('p554924', 4), ('p595463', 4), ('p162610', 3), ('p162962', 3), ('p358700', 3)]
[DEBUG] 2026-05-26 23:40:10,152 - [EXPANSION] conference sorted scores=[('c3027', 256), ('c3329', 52), ('c3594', 44), ('c1798', 19), ('c2180', 16), ('c1234', 13), ('c36', 12), ('c3771', 12), ('c597', 8), ('c2504', 5)]
[DEBUG] 2026-05-26 23:40:10,363 - [EXPANSION] term sorted scores=[('t4', 139), ('t45', 116), ('t19', 93), ('t1', 82), ('t63', 79), ('t35', 78), ('t542', 53), ('t461', 51), ('t112', 50), ('t512', 47)]
[INFO] 2026-05-26 23:40:10,364 - Expanding community 5
[DEBUG] 2026-05-26 23:40:10,393 - [EXPANSION] paper sorted scores=[('p278072', 5), ('p500407', 5), ('p536225', 5), ('p486582', 2), ('p158822', 1), ('p7601', 0), ('p7604', 0), ('p7605', 0), ('p7610', 0), ('p7612', 0)]
[DEBUG] 2026-05-26 23:40:10,394 - [EXPANSION] conference sorted scores=[('c1201', 1), ('c1801', 1), ('c2934', 1), ('c3011', 1), ('c3230', 1), ('c36', 0), ('c597', 0), ('c755', 0), ('c1194', 0), ('c1234', 0)]
[DEBUG] 2026-05-26 23:40:10,416 - [EXPANSION] term sorted scores=[('t19', 3), ('t249', 3), ('t461', 3), ('t795', 3), ('t45', 2), ('t108', 2), ('t452', 2), ('t1973', 2), ('t53', 1), ('t71', 1)]
[INFO] 2026-05-26 23:40:10,417 - Expanding community 6
[DEBUG] 2026-05-26 23:40:10,446 - [EXPANSION] paper sorted scores=[('p11290', 5), ('p86642', 5), ('p556319', 2), ('p357177', 1), ('p7601', 0), ('p7604', 0), ('p7605', 0), ('p7610', 0), ('p7612', 0), ('p7613', 0)]
[DEBUG] 2026-05-26 23:40:10,447 - [EXPANSION] conference sorted scores=[('c36', 1), ('c597', 1), ('c2180', 1), ('c3329', 1), ('c755', 0), ('c1194', 0), ('c1201', 0), ('c1234', 0), ('c1798', 0), ('c1801', 0)]
[DEBUG] 2026-05-26 23:40:10,468 - [EXPANSION] term sorted scores=[('t19', 3), ('t355', 2), ('t26', 1), ('t35', 1), ('t42', 1), ('t45', 1), ('t63', 1), ('t84', 1), ('t226', 1), ('t307', 1)]
[INFO] 2026-05-26 23:40:10,469 - Expanding community 7
[DEBUG] 2026-05-26 23:40:10,495 - [EXPANSION] paper sorted scores=[('p436624', 5), ('p536388', 5), ('p7601', 0), ('p7604', 0), ('p7605', 0), ('p7610', 0), ('p7612', 0), ('p7613', 0), ('p7621', 0), ('p7630', 0)]
[DEBUG] 2026-05-26 23:40:10,496 - [EXPANSION] conference sorted scores=[('c2504', 1), ('c3230', 1), ('c36', 0), ('c597', 0), ('c755', 0), ('c1194', 0), ('c1201', 0), ('c1234', 0), ('c1798', 0), ('c1801', 0)]
[DEBUG] 2026-05-26 23:40:10,514 - [EXPANSION] term sorted scores=[('t1', 2), ('t35', 2), ('t183', 2), ('t452', 2), ('t461', 2), ('t986', 2), ('t1737', 2), ('t1994', 2), ('t6321', 2), ('t9451', 2)]
[INFO] 2026-05-26 23:40:10,514 - Expanding community 8
[DEBUG] 2026-05-26 23:40:10,538 - [EXPANSION] paper sorted scores=[('p162593', 4), ('p595351', 4), ('p625579', 2), ('p500515', 1), ('p7601', 0), ('p7604', 0), ('p7605', 0), ('p7610', 0), ('p7612', 0), ('p7613', 0)]
[DEBUG] 2026-05-26 23:40:10,539 - [EXPANSION] conference sorted scores=[('c1234', 1), ('c3011', 1), ('c3594', 1), ('c3771', 1), ('c36', 0), ('c597', 0), ('c755', 0), ('c1194', 0), ('c1201', 0), ('c1798', 0)]
[DEBUG] 2026-05-26 23:40:10,556 - [EXPANSION] term sorted scores=[('t460', 4), ('t55', 2), ('t461', 2), ('t5007', 2), ('t35', 1), ('t38', 1), ('t45', 1), ('t54', 1), ('t63', 1), ('t69', 1)]
[INFO] 2026-05-26 23:40:10,557 - Expanding community 9
[DEBUG] 2026-05-26 23:40:10,580 - [EXPANSION] paper sorted scores=[('p357725', 3), ('p503819', 3), ('p86768', 2), ('p86832', 2), ('p7663', 1), ('p308094', 1), ('p500441', 1), ('p7601', 0), ('p7604', 0), ('p7605', 0)]
[DEBUG] 2026-05-26 23:40:10,581 - [EXPANSION] conference sorted scores=[('c597', 2), ('c36', 1), ('c1902', 1), ('c2180', 1), ('c3011', 1), ('c3027', 1), ('c755', 0), ('c1194', 0), ('c1201', 0), ('c1234', 0)]
[DEBUG] 2026-05-26 23:40:10,600 - [EXPANSION] term sorted scores=[('t4', 3), ('t35', 2), ('t38', 2), ('t220', 2), ('t1434', 2), ('t2154', 2), ('t2665', 2), ('t5059', 2), ('t9', 1), ('t81', 1)]
[INFO] 2026-05-26 23:40:10,600 - Expanding community 10
[DEBUG] 2026-05-26 23:40:10,623 - [EXPANSION] paper sorted scores=[('p357715', 3), ('p360829', 3), ('p308386', 2), ('p309850', 1), ('p7601', 0), ('p7604', 0), ('p7605', 0), ('p7610', 0), ('p7612', 0), ('p7613', 0)]
[DEBUG] 2026-05-26 23:40:10,624 - [EXPANSION] conference sorted scores=[('c1902', 2), ('c2180', 2), ('c36', 0), ('c597', 0), ('c755', 0), ('c1194', 0), ('c1201', 0), ('c1234', 0), ('c1798', 0), ('c1801', 0)]
[DEBUG] 2026-05-26 23:40:10,642 - [EXPANSION] term sorted scores=[('t19', 3), ('t12', 2), ('t385', 2), ('t1', 1), ('t4', 1), ('t35', 1), ('t45', 1), ('t46', 1), ('t119', 1), ('t134', 1)]
[INFO] 2026-05-26 23:40:10,642 - Expanding community 11
[DEBUG] 2026-05-26 23:40:10,665 - [EXPANSION] paper sorted scores=[('p487349', 3), ('p158781', 2), ('p308453', 2), ('p308454', 2), ('p500603', 2), ('p500605', 2), ('p500609', 2), ('p158780', 1), ('p7601', 0), ('p7604', 0)]
[DEBUG] 2026-05-26 23:40:10,666 - [EXPANSION] conference sorted scores=[('c3011', 3), ('c1201', 2), ('c1902', 2), ('c2934', 1), ('c36', 0), ('c597', 0), ('c755', 0), ('c1194', 0), ('c1234', 0), ('c1798', 0)]
[DEBUG] 2026-05-26 23:40:10,685 - [EXPANSION] term sorted scores=[('t63', 3), ('t108', 3), ('t6468', 3), ('t19', 2), ('t35', 2), ('t55', 2), ('t98', 2), ('t142', 2), ('t250', 2), ('t461', 2)]
[INFO] 2026-05-26 23:40:10,685 - Expanding community 12
[DEBUG] 2026-05-26 23:40:10,708 - [EXPANSION] paper sorted scores=[('p436685', 3), ('p158920', 2), ('p159254', 2), ('p500993', 2), ('p7601', 0), ('p7604', 0), ('p7605', 0), ('p7610', 0), ('p7612', 0), ('p7613', 0)]
[DEBUG] 2026-05-26 23:40:10,709 - [EXPANSION] conference sorted scores=[('c1201', 2), ('c2504', 1), ('c3011', 1), ('c36', 0), ('c597', 0), ('c755', 0), ('c1194', 0), ('c1234', 0), ('c1798', 0), ('c1801', 0)]
[DEBUG] 2026-05-26 23:40:10,728 - [EXPANSION] term sorted scores=[('t19', 2), ('t452', 2), ('t38', 1), ('t135', 1), ('t349', 1), ('t461', 1), ('t521', 1), ('t560', 1), ('t634', 1), ('t821', 1)]
[INFO] 2026-05-26 23:40:10,728 - Expanding community 13
[DEBUG] 2026-05-26 23:40:10,751 - [EXPANSION] paper sorted scores=[('p437012', 3), ('p626669', 3), ('p7601', 0), ('p7604', 0), ('p7605', 0), ('p7610', 0), ('p7612', 0), ('p7613', 0), ('p7621', 0), ('p7630', 0)]
[DEBUG] 2026-05-26 23:40:10,752 - [EXPANSION] conference sorted scores=[('c2504', 1), ('c3771', 1), ('c36', 0), ('c597', 0), ('c755', 0), ('c1194', 0), ('c1201', 0), ('c1234', 0), ('c1798', 0), ('c1801', 0)]
[DEBUG] 2026-05-26 23:40:10,769 - [EXPANSION] term sorted scores=[('t109', 2), ('t233', 2), ('t10', 1), ('t35', 1), ('t39', 1), ('t45', 1), ('t55', 1), ('t63', 1), ('t107', 1), ('t365', 1)]
[INFO] 2026-05-26 23:40:10,770 - Expanding community 14
[DEBUG] 2026-05-26 23:40:10,793 - [EXPANSION] paper sorted scores=[('p357958', 3), ('p359805', 3), ('p7601', 0), ('p7604', 0), ('p7605', 0), ('p7610', 0), ('p7612', 0), ('p7613', 0), ('p7621', 0), ('p7630', 0)]
[DEBUG] 2026-05-26 23:40:10,794 - [EXPANSION] conference sorted scores=[('c2180', 2), ('c36', 0), ('c597', 0), ('c755', 0), ('c1194', 0), ('c1201', 0), ('c1234', 0), ('c1798', 0), ('c1801', 0), ('c1902', 0)]
[DEBUG] 2026-05-26 23:40:10,810 - [EXPANSION] term sorted scores=[('t358', 2), ('t4', 1), ('t17', 1), ('t19', 1), ('t37', 1), ('t63', 1), ('t298', 1), ('t405', 1), ('t428', 1), ('t847', 1)]
[INFO] 2026-05-26 23:40:10,810 - Expanding community 15
[DEBUG] 2026-05-26 23:40:10,833 - [EXPANSION] paper sorted scores=[('p436579', 3), ('p500550', 3), ('p158952', 1), ('p7601', 0), ('p7604', 0), ('p7605', 0), ('p7610', 0), ('p7612', 0), ('p7613', 0), ('p7621', 0)]
[DEBUG] 2026-05-26 23:40:10,834 - [EXPANSION] conference sorted scores=[('c1201', 1), ('c2504', 1), ('c3011', 1), ('c36', 0), ('c597', 0), ('c755', 0), ('c1194', 0), ('c1234', 0), ('c1798', 0), ('c1801', 0)]
[DEBUG] 2026-05-26 23:40:10,853 - [EXPANSION] term sorted scores=[('t1', 1), ('t10', 1), ('t26', 1), ('t55', 1), ('t153', 1), ('t190', 1), ('t220', 1), ('t231', 1), ('t282', 1), ('t358', 1)]
[INFO] 2026-05-26 23:40:10,853 - Expanding community 16
[DEBUG] 2026-05-26 23:40:10,876 - [EXPANSION] paper sorted scores=[('p11916', 3), ('p86843', 3), ('p501011', 1), ('p7601', 0), ('p7604', 0), ('p7605', 0), ('p7610', 0), ('p7612', 0), ('p7613', 0), ('p7621', 0)]
[DEBUG] 2026-05-26 23:40:10,877 - [EXPANSION] conference sorted scores=[('c36', 1), ('c597', 1), ('c3011', 1), ('c755', 0), ('c1194', 0), ('c1201', 0), ('c1234', 0), ('c1798', 0), ('c1801', 0), ('c1902', 0)]
[DEBUG] 2026-05-26 23:40:10,895 - [EXPANSION] term sorted scores=[('t147', 2), ('t4', 1), ('t10', 1), ('t12', 1), ('t19', 1), ('t26', 1), ('t38', 1), ('t45', 1), ('t55', 1), ('t81', 1)]
[INFO] 2026-05-26 23:40:10,896 - Expanding community 17
[DEBUG] 2026-05-26 23:40:10,918 - [EXPANSION] paper sorted scores=[('p504557', 3), ('p555889', 3), ('p536234', 2), ('p118053', 1), ('p7601', 0), ('p7604', 0), ('p7605', 0), ('p7610', 0), ('p7612', 0), ('p7613', 0)]
[DEBUG] 2026-05-26 23:40:10,919 - [EXPANSION] conference sorted scores=[('c755', 1), ('c3027', 1), ('c3230', 1), ('c3329', 1), ('c36', 0), ('c597', 0), ('c1194', 0), ('c1201', 0), ('c1234', 0), ('c1798', 0)]
[DEBUG] 2026-05-26 23:40:10,937 - [EXPANSION] term sorted scores=[('t55', 2), ('t63', 2), ('t177', 2), ('t461', 2), ('t501', 2), ('t521', 2), ('t19', 1), ('t35', 1), ('t45', 1), ('t54', 1)]
[INFO] 2026-05-26 23:40:10,938 - Expanding community 18
[DEBUG] 2026-05-26 23:40:10,961 - [EXPANSION] paper sorted scores=[('p278304', 3), ('p357168', 3), ('p8721', 2), ('p536370', 1), ('p536552', 1), ('p7601', 0), ('p7604', 0), ('p7605', 0), ('p7610', 0), ('p7612', 0)]
[DEBUG] 2026-05-26 23:40:10,962 - [EXPANSION] conference sorted scores=[('c3230', 2), ('c36', 1), ('c1801', 1), ('c2180', 1), ('c597', 0), ('c755', 0), ('c1194', 0), ('c1201', 0), ('c1234', 0), ('c1798', 0)]
[DEBUG] 2026-05-26 23:40:10,980 - [EXPANSION] term sorted scores=[('t19', 3), ('t737', 3), ('t38', 2), ('t354', 2), ('t890', 2), ('t1575', 2), ('t2287', 2), ('t4', 1), ('t10', 1), ('t21', 1)]
[INFO] 2026-05-26 23:40:10,980 - Expanding community 19
[DEBUG] 2026-05-26 23:40:11,003 - [EXPANSION] paper sorted scores=[('p278520', 3), ('p278521', 3), ('p7601', 0), ('p7604', 0), ('p7605', 0), ('p7610', 0), ('p7612', 0), ('p7613', 0), ('p7621', 0), ('p7630', 0)]
[DEBUG] 2026-05-26 23:40:11,004 - [EXPANSION] conference sorted scores=[('c1801', 2), ('c36', 0), ('c597', 0), ('c755', 0), ('c1194', 0), ('c1201', 0), ('c1234', 0), ('c1798', 0), ('c1902', 0), ('c2180', 0)]
[DEBUG] 2026-05-26 23:40:11,020 - [EXPANSION] term sorted scores=[('t55', 2), ('t109', 2), ('t452', 2), ('t1', 1), ('t35', 1), ('t45', 1), ('t63', 1), ('t293', 1), ('t315', 1), ('t461', 1)]
[INFO] 2026-05-26 23:40:11,021 - Expanding community 20
[DEBUG] 2026-05-26 23:40:11,044 - [EXPANSION] paper sorted scores=[('p86814', 3), ('p156993', 3), ('p86354', 1), ('p7601', 0), ('p7604', 0), ('p7605', 0), ('p7610', 0), ('p7612', 0), ('p7613', 0), ('p7621', 0)]
[DEBUG] 2026-05-26 23:40:11,045 - [EXPANSION] conference sorted scores=[('c597', 2), ('c1194', 1), ('c36', 0), ('c755', 0), ('c1201', 0), ('c1234', 0), ('c1798', 0), ('c1801', 0), ('c1902', 0), ('c2180', 0)]
[DEBUG] 2026-05-26 23:40:11,062 - [EXPANSION] term sorted scores=[('t81', 2), ('t568', 2), ('t1656', 2), ('t2244', 2), ('t35', 1), ('t38', 1), ('t45', 1), ('t112', 1), ('t133', 1), ('t148', 1)]
[INFO] 2026-05-26 23:40:11,063 - Expanding community 21
[DEBUG] 2026-05-26 23:40:11,086 - [EXPANSION] paper sorted scores=[('p86553', 3), ('p504434', 3), ('p597171', 3), ('p7601', 0), ('p7604', 0), ('p7605', 0), ('p7610', 0), ('p7612', 0), ('p7613', 0), ('p7621', 0)]
[DEBUG] 2026-05-26 23:40:11,088 - [EXPANSION] conference sorted scores=[('c597', 1), ('c3027', 1), ('c3594', 1), ('c36', 0), ('c755', 0), ('c1194', 0), ('c1201', 0), ('c1234', 0), ('c1798', 0), ('c1801', 0)]
[DEBUG] 2026-05-26 23:40:11,106 - [EXPANSION] term sorted scores=[('t4', 2), ('t19', 1), ('t35', 1), ('t45', 1), ('t63', 1), ('t84', 1), ('t114', 1), ('t128', 1), ('t134', 1), ('t180', 1)]
[INFO] 2026-05-26 23:40:11,106 - Expanding community 22
[DEBUG] 2026-05-26 23:40:11,130 - [EXPANSION] paper sorted scores=[('p504514', 3), ('p556433', 3), ('p7601', 0), ('p7604', 0), ('p7605', 0), ('p7610', 0), ('p7612', 0), ('p7613', 0), ('p7621', 0), ('p7630', 0)]
[DEBUG] 2026-05-26 23:40:11,131 - [EXPANSION] conference sorted scores=[('c3027', 1), ('c3329', 1), ('c36', 0), ('c597', 0), ('c755', 0), ('c1194', 0), ('c1201', 0), ('c1234', 0), ('c1798', 0), ('c1801', 0)]
[DEBUG] 2026-05-26 23:40:11,148 - [EXPANSION] term sorted scores=[('t55', 2), ('t2534', 2), ('t19', 1), ('t45', 1), ('t82', 1), ('t209', 1), ('t343', 1), ('t344', 1), ('t375', 1), ('t1213', 1)]
[INFO] 2026-05-26 23:40:11,148 - Expanding community 23
[DEBUG] 2026-05-26 23:40:11,171 - [EXPANSION] paper sorted scores=[('p359989', 3), ('p360768', 3), ('p7601', 0), ('p7604', 0), ('p7605', 0), ('p7610', 0), ('p7612', 0), ('p7613', 0), ('p7621', 0), ('p7630', 0)]
[DEBUG] 2026-05-26 23:40:11,172 - [EXPANSION] conference sorted scores=[('c2180', 2), ('c36', 0), ('c597', 0), ('c755', 0), ('c1194', 0), ('c1201', 0), ('c1234', 0), ('c1798', 0), ('c1801', 0), ('c1902', 0)]
[DEBUG] 2026-05-26 23:40:11,188 - [EXPANSION] term sorted scores=[('t4', 2), ('t35', 1), ('t114', 1), ('t187', 1), ('t249', 1), ('t391', 1), ('t436', 1), ('t502', 1), ('t937', 1), ('t1209', 1)]
[INFO] 2026-05-26 23:40:11,189 - Expanding community 24
[DEBUG] 2026-05-26 23:40:11,212 - [EXPANSION] paper sorted scores=[('p356978', 3), ('p358268', 3), ('p7601', 0), ('p7604', 0), ('p7605', 0), ('p7610', 0), ('p7612', 0), ('p7613', 0), ('p7621', 0), ('p7630', 0)]
[DEBUG] 2026-05-26 23:40:11,213 - [EXPANSION] conference sorted scores=[('c2180', 2), ('c36', 0), ('c597', 0), ('c755', 0), ('c1194', 0), ('c1201', 0), ('c1234', 0), ('c1798', 0), ('c1801', 0), ('c1902', 0)]
[DEBUG] 2026-05-26 23:40:11,230 - [EXPANSION] term sorted scores=[('t4', 2), ('t1077', 2), ('t1', 1), ('t63', 1), ('t67', 1), ('t112', 1), ('t173', 1), ('t238', 1), ('t428', 1), ('t847', 1)]
[INFO] 2026-05-26 23:40:11,230 - Expanding community 25
[DEBUG] 2026-05-26 23:40:11,253 - [EXPANSION] paper sorted scores=[('p437077', 3), ('p501013', 3), ('p7601', 0), ('p7604', 0), ('p7605', 0), ('p7610', 0), ('p7612', 0), ('p7613', 0), ('p7621', 0), ('p7630', 0)]
[DEBUG] 2026-05-26 23:40:11,254 - [EXPANSION] conference sorted scores=[('c2504', 1), ('c3011', 1), ('c36', 0), ('c597', 0), ('c755', 0), ('c1194', 0), ('c1201', 0), ('c1234', 0), ('c1798', 0), ('c1801', 0)]
[DEBUG] 2026-05-26 23:40:11,271 - [EXPANSION] term sorted scores=[('t63', 2), ('t112', 2), ('t483', 2), ('t489', 2), ('t1043', 2), ('t1044', 2), ('t26', 1), ('t271', 1), ('t452', 1), ('t461', 1)]
[INFO] 2026-05-26 23:40:11,272 - Expanding community 26
[DEBUG] 2026-05-26 23:40:11,294 - [EXPANSION] paper sorted scores=[('p554709', 3), ('p625790', 3), ('p7601', 0), ('p7604', 0), ('p7605', 0), ('p7610', 0), ('p7612', 0), ('p7613', 0), ('p7621', 0), ('p7630', 0)]
[DEBUG] 2026-05-26 23:40:11,295 - [EXPANSION] conference sorted scores=[('c3329', 1), ('c3771', 1), ('c36', 0), ('c597', 0), ('c755', 0), ('c1194', 0), ('c1201', 0), ('c1234', 0), ('c1798', 0), ('c1801', 0)]
[DEBUG] 2026-05-26 23:40:11,312 - [EXPANSION] term sorted scores=[('t119', 2), ('t461', 2), ('t4', 1), ('t109', 1), ('t402', 1), ('t648', 1), ('t2278', 1), ('t4452', 1), ('t12068', 1), ('t1', 0)]
[INFO] 2026-05-26 23:40:11,312 - Expanding community 27
[DEBUG] 2026-05-26 23:40:11,336 - [EXPANSION] paper sorted scores=[('p486690', 2), ('p486692', 2), ('p486697', 2), ('p500553', 2), ('p275916', 1), ('p500554', 1), ('p7601', 0), ('p7604', 0), ('p7605', 0), ('p7610', 0)]
[DEBUG] 2026-05-26 23:40:11,337 - [EXPANSION] conference sorted scores=[('c2934', 3), ('c3011', 2), ('c1798', 1), ('c36', 0), ('c597', 0), ('c755', 0), ('c1194', 0), ('c1201', 0), ('c1234', 0), ('c1801', 0)]
[DEBUG] 2026-05-26 23:40:11,354 - [EXPANSION] term sorted scores=[('t226', 4), ('t461', 4), ('t4', 2), ('t19', 2), ('t35', 2), ('t45', 2), ('t57', 2), ('t103', 2), ('t1107', 2), ('t1434', 2)]
[INFO] 2026-05-26 23:40:11,355 - Expanding community 28
[DEBUG] 2026-05-26 23:40:11,378 - [EXPANSION] paper sorted scores=[('p86239', 3), ('p162824', 3), ('p162825', 3), ('p86241', 2), ('p163029', 2), ('p7601', 0), ('p7604', 0), ('p7605', 0), ('p7610', 0), ('p7612', 0)]
[DEBUG] 2026-05-26 23:40:11,379 - [EXPANSION] conference sorted scores=[('c1234', 3), ('c597', 2), ('c36', 0), ('c755', 0), ('c1194', 0), ('c1201', 0), ('c1798', 0), ('c1801', 0), ('c1902', 0), ('c2180', 0)]
[DEBUG] 2026-05-26 23:40:11,397 - [EXPANSION] term sorted scores=[('t19', 3), ('t51', 2), ('t63', 2), ('t726', 2), ('t794', 2), ('t2553', 2), ('t1', 1), ('t35', 1), ('t54', 1), ('t155', 1)]
[INFO] 2026-05-26 23:40:11,397 - Expanding community 29
[DEBUG] 2026-05-26 23:40:11,420 - [EXPANSION] paper sorted scores=[('p278374', 3), ('p536343', 3), ('p7601', 0), ('p7604', 0), ('p7605', 0), ('p7610', 0), ('p7612', 0), ('p7613', 0), ('p7621', 0), ('p7630', 0)]
[DEBUG] 2026-05-26 23:40:11,421 - [EXPANSION] conference sorted scores=[('c1801', 1), ('c3230', 1), ('c36', 0), ('c597', 0), ('c755', 0), ('c1194', 0), ('c1201', 0), ('c1234', 0), ('c1798', 0), ('c1902', 0)]
[DEBUG] 2026-05-26 23:40:11,438 - [EXPANSION] term sorted scores=[('t103', 2), ('t220', 2), ('t2665', 2), ('t19', 1), ('t298', 1), ('t1343', 1), ('t1', 0), ('t2', 0), ('t3', 0), ('t4', 0)]
[INFO] 2026-05-26 23:40:11,439 - Expanding community 30
[DEBUG] 2026-05-26 23:40:11,462 - [EXPANSION] paper sorted scores=[('p86945', 3), ('p157133', 3), ('p7601', 0), ('p7604', 0), ('p7605', 0), ('p7610', 0), ('p7612', 0), ('p7613', 0), ('p7621', 0), ('p7630', 0)]
[DEBUG] 2026-05-26 23:40:11,463 - [EXPANSION] conference sorted scores=[('c597', 1), ('c1194', 1), ('c36', 0), ('c755', 0), ('c1201', 0), ('c1234', 0), ('c1798', 0), ('c1801', 0), ('c1902', 0), ('c2180', 0)]
[DEBUG] 2026-05-26 23:40:11,480 - [EXPANSION] term sorted scores=[('t49', 2), ('t1837', 2), ('t81', 1), ('t91', 1), ('t368', 1), ('t534', 1), ('t844', 1), ('t1248', 1), ('t1', 0), ('t2', 0)]
[INFO] 2026-05-26 23:40:11,481 - Expanding community 31
[DEBUG] 2026-05-26 23:40:11,503 - [EXPANSION] paper sorted scores=[('p357566', 3), ('p357567', 3), ('p7601', 0), ('p7604', 0), ('p7605', 0), ('p7610', 0), ('p7612', 0), ('p7613', 0), ('p7621', 0), ('p7630', 0)]
[DEBUG] 2026-05-26 23:40:11,504 - [EXPANSION] conference sorted scores=[('c2180', 2), ('c36', 0), ('c597', 0), ('c755', 0), ('c1194', 0), ('c1201', 0), ('c1234', 0), ('c1798', 0), ('c1801', 0), ('c1902', 0)]
[DEBUG] 2026-05-26 23:40:11,521 - [EXPANSION] term sorted scores=[('t767', 2), ('t4', 1), ('t45', 1), ('t48', 1), ('t1081', 1), ('t1172', 1), ('t1244', 1), ('t1578', 1), ('t1922', 1), ('t1932', 1)]
[INFO] 2026-05-26 23:40:11,521 - Expanding community 32
[DEBUG] 2026-05-26 23:40:11,544 - [EXPANSION] paper sorted scores=[('p436145', 3), ('p536283', 3), ('p162813', 1), ('p7601', 0), ('p7604', 0), ('p7605', 0), ('p7610', 0), ('p7612', 0), ('p7613', 0), ('p7621', 0)]
[DEBUG] 2026-05-26 23:40:11,545 - [EXPANSION] conference sorted scores=[('c1234', 1), ('c2504', 1), ('c3230', 1), ('c36', 0), ('c597', 0), ('c755', 0), ('c1194', 0), ('c1201', 0), ('c1798', 0), ('c1801', 0)]
[DEBUG] 2026-05-26 23:40:11,563 - [EXPANSION] term sorted scores=[('t45', 2), ('t461', 2), ('t955', 2), ('t4', 1), ('t19', 1), ('t53', 1), ('t63', 1), ('t81', 1), ('t108', 1), ('t163', 1)]
[INFO] 2026-05-26 23:40:11,564 - Expanding community 33
[DEBUG] 2026-05-26 23:40:11,586 - [EXPANSION] paper sorted scores=[('p487197', 3), ('p11483', 2), ('p308965', 2), ('p308967', 2), ('p360582', 1), ('p7601', 0), ('p7604', 0), ('p7605', 0), ('p7610', 0), ('p7612', 0)]
[DEBUG] 2026-05-26 23:40:11,587 - [EXPANSION] conference sorted scores=[('c1902', 2), ('c36', 1), ('c2180', 1), ('c2934', 1), ('c597', 0), ('c755', 0), ('c1194', 0), ('c1201', 0), ('c1234', 0), ('c1798', 0)]
[DEBUG] 2026-05-26 23:40:11,605 - [EXPANSION] term sorted scores=[('t4', 4), ('t1', 2), ('t114', 2), ('t649', 2), ('t2206', 2), ('t2207', 2), ('t6', 1), ('t35', 1), ('t38', 1), ('t45', 1)]
[INFO] 2026-05-26 23:40:11,605 - Expanding community 34
[DEBUG] 2026-05-26 23:40:11,628 - [EXPANSION] paper sorted scores=[('p487424', 3), ('p487505', 3), ('p487524', 2), ('p536489', 2), ('p7601', 0), ('p7604', 0), ('p7605', 0), ('p7610', 0), ('p7612', 0), ('p7613', 0)]
[DEBUG] 2026-05-26 23:40:11,629 - [EXPANSION] conference sorted scores=[('c2934', 3), ('c3230', 1), ('c36', 0), ('c597', 0), ('c755', 0), ('c1194', 0), ('c1201', 0), ('c1234', 0), ('c1798', 0), ('c1801', 0)]
[DEBUG] 2026-05-26 23:40:11,646 - [EXPANSION] term sorted scores=[('t1340', 2), ('t1', 1), ('t19', 1), ('t26', 1), ('t38', 1), ('t45', 1), ('t63', 1), ('t112', 1), ('t115', 1), ('t148', 1)]
[INFO] 2026-05-26 23:40:11,647 - Expanding community 35
[DEBUG] 2026-05-26 23:40:11,669 - [EXPANSION] paper sorted scores=[('p86386', 3), ('p278275', 3), ('p7601', 0), ('p7604', 0), ('p7605', 0), ('p7610', 0), ('p7612', 0), ('p7613', 0), ('p7621', 0), ('p7630', 0)]
[DEBUG] 2026-05-26 23:40:11,670 - [EXPANSION] conference sorted scores=[('c597', 1), ('c1801', 1), ('c36', 0), ('c755', 0), ('c1194', 0), ('c1201', 0), ('c1234', 0), ('c1798', 0), ('c1902', 0), ('c2180', 0)]
[DEBUG] 2026-05-26 23:40:11,687 - [EXPANSION] term sorted scores=[('t4', 2), ('t478', 2), ('t10', 1), ('t37', 1), ('t54', 1), ('t114', 1), ('t228', 1), ('t479', 1), ('t560', 1), ('t1261', 1)]
[INFO] 2026-05-26 23:40:11,687 - Expanding community 36
[DEBUG] 2026-05-26 23:40:11,710 - [EXPANSION] paper sorted scores=[('p7718', 2), ('p361064', 2), ('p7601', 0), ('p7604', 0), ('p7605', 0), ('p7610', 0), ('p7612', 0), ('p7613', 0), ('p7621', 0), ('p7630', 0)]
[DEBUG] 2026-05-26 23:40:11,711 - [EXPANSION] conference sorted scores=[('c36', 1), ('c2180', 1), ('c597', 0), ('c755', 0), ('c1194', 0), ('c1201', 0), ('c1234', 0), ('c1798', 0), ('c1801', 0), ('c1902', 0)]
[DEBUG] 2026-05-26 23:40:11,728 - [EXPANSION] term sorted scores=[('t12', 2), ('t45', 2), ('t19', 1), ('t39', 1), ('t40', 1), ('t81', 1), ('t108', 1), ('t111', 1), ('t142', 1), ('t239', 1)]
[INFO] 2026-05-26 23:40:11,728 - Expanding community 37
[DEBUG] 2026-05-26 23:40:11,751 - [EXPANSION] paper sorted scores=[('p356754', 2), ('p360763', 2), ('p158622', 1), ('p7601', 0), ('p7604', 0), ('p7605', 0), ('p7610', 0), ('p7612', 0), ('p7613', 0), ('p7621', 0)]
[DEBUG] 2026-05-26 23:40:11,752 - [EXPANSION] conference sorted scores=[('c2180', 2), ('c1201', 1), ('c36', 0), ('c597', 0), ('c755', 0), ('c1194', 0), ('c1234', 0), ('c1798', 0), ('c1801', 0), ('c1902', 0)]
[DEBUG] 2026-05-26 23:40:11,769 - [EXPANSION] term sorted scores=[('t126', 3), ('t1', 2), ('t150', 2), ('t4', 1), ('t10', 1), ('t35', 1), ('t45', 1), ('t63', 1), ('t81', 1), ('t114', 1)]
[INFO] 2026-05-26 23:40:11,769 - Expanding community 38
[DEBUG] 2026-05-26 23:40:11,791 - [EXPANSION] paper sorted scores=[('p358112', 2), ('p358114', 2), ('p7601', 0), ('p7604', 0), ('p7605', 0), ('p7610', 0), ('p7612', 0), ('p7613', 0), ('p7621', 0), ('p7630', 0)]
[DEBUG] 2026-05-26 23:40:11,792 - [EXPANSION] conference sorted scores=[('c2180', 2), ('c36', 0), ('c597', 0), ('c755', 0), ('c1194', 0), ('c1201', 0), ('c1234', 0), ('c1798', 0), ('c1801', 0), ('c1902', 0)]
[DEBUG] 2026-05-26 23:40:11,808 - [EXPANSION] term sorted scores=[('t45', 2), ('t280', 2), ('t738', 2), ('t1', 1), ('t19', 1), ('t91', 1), ('t112', 1), ('t298', 1), ('t689', 1), ('t859', 1)]
[INFO] 2026-05-26 23:40:11,808 - Expanding community 39
[DEBUG] 2026-05-26 23:40:11,831 - [EXPANSION] paper sorted scores=[('p278734', 2), ('p279035', 2), ('p7601', 0), ('p7604', 0), ('p7605', 0), ('p7610', 0), ('p7612', 0), ('p7613', 0), ('p7621', 0), ('p7630', 0)]
[DEBUG] 2026-05-26 23:40:11,832 - [EXPANSION] conference sorted scores=[('c1801', 2), ('c36', 0), ('c597', 0), ('c755', 0), ('c1194', 0), ('c1201', 0), ('c1234', 0), ('c1798', 0), ('c1902', 0), ('c2180', 0)]
[DEBUG] 2026-05-26 23:40:11,848 - [EXPANSION] term sorted scores=[('t63', 2), ('t19', 1), ('t38', 1), ('t40', 1), ('t51', 1), ('t81', 1), ('t128', 1), ('t249', 1), ('t368', 1), ('t452', 1)]
[INFO] 2026-05-26 23:40:11,848 - Expanding community 40
[DEBUG] 2026-05-26 23:40:11,871 - [EXPANSION] paper sorted scores=[('p8749', 2), ('p357840', 2), ('p7601', 0), ('p7604', 0), ('p7605', 0), ('p7610', 0), ('p7612', 0), ('p7613', 0), ('p7621', 0), ('p7630', 0)]
[DEBUG] 2026-05-26 23:40:11,872 - [EXPANSION] conference sorted scores=[('c36', 1), ('c2180', 1), ('c597', 0), ('c755', 0), ('c1194', 0), ('c1201', 0), ('c1234', 0), ('c1798', 0), ('c1801', 0), ('c1902', 0)]
[DEBUG] 2026-05-26 23:40:11,889 - [EXPANSION] term sorted scores=[('t174', 2), ('t2866', 2), ('t35', 1), ('t38', 1), ('t55', 1), ('t63', 1), ('t81', 1), ('t135', 1), ('t299', 1), ('t490', 1)]
[INFO] 2026-05-26 23:40:11,890 - Expanding community 41
[DEBUG] 2026-05-26 23:40:11,912 - [EXPANSION] paper sorted scores=[('p278427', 2), ('p596841', 2), ('p7601', 0), ('p7604', 0), ('p7605', 0), ('p7610', 0), ('p7612', 0), ('p7613', 0), ('p7621', 0), ('p7630', 0)]
[DEBUG] 2026-05-26 23:40:11,913 - [EXPANSION] conference sorted scores=[('c1801', 1), ('c3594', 1), ('c36', 0), ('c597', 0), ('c755', 0), ('c1194', 0), ('c1201', 0), ('c1234', 0), ('c1798', 0), ('c1902', 0)]
[DEBUG] 2026-05-26 23:40:11,929 - [EXPANSION] term sorted scores=[('t4', 2), ('t1', 1), ('t35', 1), ('t55', 1), ('t206', 1), ('t225', 1), ('t226', 1), ('t461', 1), ('t512', 1), ('t514', 1)]
[INFO] 2026-05-26 23:40:11,930 - Expanding community 42
[DEBUG] 2026-05-26 23:40:11,953 - [EXPANSION] paper sorted scores=[('p486954', 2), ('p500737', 2), ('p278400', 1), ('p7601', 0), ('p7604', 0), ('p7605', 0), ('p7610', 0), ('p7612', 0), ('p7613', 0), ('p7621', 0)]
[DEBUG] 2026-05-26 23:40:11,954 - [EXPANSION] conference sorted scores=[('c1801', 1), ('c2934', 1), ('c3011', 1), ('c36', 0), ('c597', 0), ('c755', 0), ('c1194', 0), ('c1201', 0), ('c1234', 0), ('c1798', 0)]
[DEBUG] 2026-05-26 23:40:11,971 - [EXPANSION] term sorted scores=[('t19', 2), ('t35', 2), ('t368', 2), ('t63', 1), ('t108', 1), ('t114', 1), ('t173', 1), ('t226', 1), ('t271', 1), ('t418', 1)]
[INFO] 2026-05-26 23:40:11,972 - Expanding community 43
[DEBUG] 2026-05-26 23:40:11,994 - [EXPANSION] paper sorted scores=[('p86468', 2), ('p162650', 2), ('p436899', 2), ('p7601', 0), ('p7604', 0), ('p7605', 0), ('p7610', 0), ('p7612', 0), ('p7613', 0), ('p7621', 0)]
[DEBUG] 2026-05-26 23:40:11,995 - [EXPANSION] conference sorted scores=[('c597', 1), ('c1234', 1), ('c2504', 1), ('c36', 0), ('c755', 0), ('c1194', 0), ('c1201', 0), ('c1798', 0), ('c1801', 0), ('c1902', 0)]
[DEBUG] 2026-05-26 23:40:12,012 - [EXPANSION] term sorted scores=[('t114', 2), ('t6', 1), ('t19', 1), ('t39', 1), ('t45', 1), ('t60', 1), ('t63', 1), ('t81', 1), ('t107', 1), ('t235', 1)]
[INFO] 2026-05-26 23:40:12,012 - Expanding community 44
[DEBUG] 2026-05-26 23:40:12,035 - [EXPANSION] paper sorted scores=[('p162969', 2), ('p162997', 2), ('p162968', 1), ('p7601', 0), ('p7604', 0), ('p7605', 0), ('p7610', 0), ('p7612', 0), ('p7613', 0), ('p7621', 0)]
[DEBUG] 2026-05-26 23:40:12,036 - [EXPANSION] conference sorted scores=[('c1234', 3), ('c36', 0), ('c597', 0), ('c755', 0), ('c1194', 0), ('c1201', 0), ('c1798', 0), ('c1801', 0), ('c1902', 0), ('c2180', 0)]
[DEBUG] 2026-05-26 23:40:12,054 - [EXPANSION] term sorted scores=[('t4', 3), ('t35', 2), ('t1', 1), ('t54', 1), ('t81', 1), ('t93', 1), ('t119', 1), ('t235', 1), ('t287', 1), ('t305', 1)]
[INFO] 2026-05-26 23:40:12,054 - Expanding community 45
[DEBUG] 2026-05-26 23:40:12,077 - [EXPANSION] paper sorted scores=[('p626578', 2), ('p627240', 2), ('p7601', 0), ('p7604', 0), ('p7605', 0), ('p7610', 0), ('p7612', 0), ('p7613', 0), ('p7621', 0), ('p7630', 0)]
[DEBUG] 2026-05-26 23:40:12,078 - [EXPANSION] conference sorted scores=[('c3771', 2), ('c36', 0), ('c597', 0), ('c755', 0), ('c1194', 0), ('c1201', 0), ('c1234', 0), ('c1798', 0), ('c1801', 0), ('c1902', 0)]
[DEBUG] 2026-05-26 23:40:12,094 - [EXPANSION] term sorted scores=[('t19', 2), ('t109', 2), ('t155', 2), ('t461', 2), ('t107', 1), ('t471', 1), ('t862', 1), ('t928', 1), ('t3822', 1), ('t12986', 1)]
[INFO] 2026-05-26 23:40:12,094 - Expanding community 46
[DEBUG] 2026-05-26 23:40:12,117 - [EXPANSION] paper sorted scores=[('p85881', 2), ('p85883', 2), ('p503769', 1), ('p554168', 1), ('p7601', 0), ('p7604', 0), ('p7605', 0), ('p7610', 0), ('p7612', 0), ('p7613', 0)]
[DEBUG] 2026-05-26 23:40:12,118 - [EXPANSION] conference sorted scores=[('c597', 2), ('c3027', 1), ('c3329', 1), ('c36', 0), ('c755', 0), ('c1194', 0), ('c1201', 0), ('c1234', 0), ('c1798', 0), ('c1801', 0)]
[DEBUG] 2026-05-26 23:40:12,136 - [EXPANSION] term sorted scores=[('t4', 2), ('t235', 2), ('t985', 2), ('t3991', 2), ('t1', 1), ('t10', 1), ('t19', 1), ('t35', 1), ('t274', 1), ('t468', 1)]
[INFO] 2026-05-26 23:40:12,136 - Expanding community 47
[DEBUG] 2026-05-26 23:40:12,159 - [EXPANSION] paper sorted scores=[('p9130', 2), ('p358201', 2), ('p536280', 1), ('p7601', 0), ('p7604', 0), ('p7605', 0), ('p7610', 0), ('p7612', 0), ('p7613', 0), ('p7621', 0)]
[DEBUG] 2026-05-26 23:40:12,160 - [EXPANSION] conference sorted scores=[('c36', 1), ('c2180', 1), ('c3230', 1), ('c597', 0), ('c755', 0), ('c1194', 0), ('c1201', 0), ('c1234', 0), ('c1798', 0), ('c1801', 0)]
[DEBUG] 2026-05-26 23:40:12,177 - [EXPANSION] term sorted scores=[('t1', 1), ('t4', 1), ('t19', 1), ('t35', 1), ('t45', 1), ('t126', 1), ('t134', 1), ('t177', 1), ('t239', 1), ('t304', 1)]
[INFO] 2026-05-26 23:40:12,177 - Expanding community 48
[DEBUG] 2026-05-26 23:40:12,200 - [EXPANSION] paper sorted scores=[('p277806', 2), ('p504508', 2), ('p7601', 0), ('p7604', 0), ('p7605', 0), ('p7610', 0), ('p7612', 0), ('p7613', 0), ('p7621', 0), ('p7630', 0)]
[DEBUG] 2026-05-26 23:40:12,201 - [EXPANSION] conference sorted scores=[('c1798', 1), ('c3027', 1), ('c36', 0), ('c597', 0), ('c755', 0), ('c1194', 0), ('c1201', 0), ('c1234', 0), ('c1801', 0), ('c1902', 0)]
[DEBUG] 2026-05-26 23:40:12,217 - [EXPANSION] term sorted scores=[('t147', 2), ('t498', 2), ('t2452', 2), ('t4372', 2), ('t798', 1), ('t2252', 1), ('t1', 0), ('t2', 0), ('t3', 0), ('t4', 0)]
[INFO] 2026-05-26 23:40:12,218 - Expanding community 49
[DEBUG] 2026-05-26 23:40:12,241 - [EXPANSION] paper sorted scores=[('p487279', 2), ('p487350', 2), ('p536294', 1), ('p7601', 0), ('p7604', 0), ('p7605', 0), ('p7610', 0), ('p7612', 0), ('p7613', 0), ('p7621', 0)]
[DEBUG] 2026-05-26 23:40:12,242 - [EXPANSION] conference sorted scores=[('c2934', 2), ('c3230', 1), ('c36', 0), ('c597', 0), ('c755', 0), ('c1194', 0), ('c1201', 0), ('c1234', 0), ('c1798', 0), ('c1801', 0)]
[DEBUG] 2026-05-26 23:40:12,258 - [EXPANSION] term sorted scores=[('t623', 2), ('t809', 2), ('t980', 2), ('t10', 1), ('t12', 1), ('t13', 1), ('t19', 1), ('t26', 1), ('t38', 1), ('t63', 1)]
[INFO] 2026-05-26 23:40:12,258 - Expanding community 50
[DEBUG] 2026-05-26 23:40:12,281 - [EXPANSION] paper sorted scores=[('p308368', 2), ('p437033', 2), ('p158612', 1), ('p159239', 1), ('p7601', 0), ('p7604', 0), ('p7605', 0), ('p7610', 0), ('p7612', 0), ('p7613', 0)]
[DEBUG] 2026-05-26 23:40:12,282 - [EXPANSION] conference sorted scores=[('c1201', 2), ('c1902', 1), ('c2504', 1), ('c36', 0), ('c597', 0), ('c755', 0), ('c1194', 0), ('c1234', 0), ('c1798', 0), ('c1801', 0)]
[DEBUG] 2026-05-26 23:40:12,300 - [EXPANSION] term sorted scores=[('t12', 2), ('t38', 2), ('t4', 1), ('t26', 1), ('t35', 1), ('t45', 1), ('t63', 1), ('t134', 1), ('t135', 1), ('t297', 1)]
[INFO] 2026-05-26 23:40:12,301 - Expanding community 51
[DEBUG] 2026-05-26 23:40:12,323 - [EXPANSION] paper sorted scores=[('p357116', 2), ('p357117', 2), ('p7601', 0), ('p7604', 0), ('p7605', 0), ('p7610', 0), ('p7612', 0), ('p7613', 0), ('p7621', 0), ('p7630', 0)]
[DEBUG] 2026-05-26 23:40:12,324 - [EXPANSION] conference sorted scores=[('c2180', 2), ('c36', 0), ('c597', 0), ('c755', 0), ('c1194', 0), ('c1201', 0), ('c1234', 0), ('c1798', 0), ('c1801', 0), ('c1902', 0)]
[DEBUG] 2026-05-26 23:40:12,341 - [EXPANSION] term sorted scores=[('t2', 1), ('t13', 1), ('t19', 1), ('t63', 1), ('t73', 1), ('t77', 1), ('t208', 1), ('t300', 1), ('t372', 1), ('t553', 1)]
[INFO] 2026-05-26 23:40:12,341 - Expanding community 52
[DEBUG] 2026-05-26 23:40:12,363 - [EXPANSION] paper sorted scores=[('p487199', 2), ('p536462', 2), ('p536464', 2), ('p7601', 0), ('p7604', 0), ('p7605', 0), ('p7610', 0), ('p7612', 0), ('p7613', 0), ('p7621', 0)]
[DEBUG] 2026-05-26 23:40:12,364 - [EXPANSION] conference sorted scores=[('c3230', 2), ('c2934', 1), ('c36', 0), ('c597', 0), ('c755', 0), ('c1194', 0), ('c1201', 0), ('c1234', 0), ('c1798', 0), ('c1801', 0)]
[DEBUG] 2026-05-26 23:40:12,381 - [EXPANSION] term sorted scores=[('t10', 3), ('t452', 3), ('t1343', 3), ('t63', 2), ('t206', 2), ('t496', 2), ('t904', 2), ('t45', 1), ('t847', 1), ('t903', 1)]
[INFO] 2026-05-26 23:40:12,381 - Expanding community 53
[DEBUG] 2026-05-26 23:40:12,404 - [EXPANSION] paper sorted scores=[('p356999', 2), ('p357324', 2), ('p7601', 0), ('p7604', 0), ('p7605', 0), ('p7610', 0), ('p7612', 0), ('p7613', 0), ('p7621', 0), ('p7630', 0)]
[DEBUG] 2026-05-26 23:40:12,405 - [EXPANSION] conference sorted scores=[('c2180', 2), ('c36', 0), ('c597', 0), ('c755', 0), ('c1194', 0), ('c1201', 0), ('c1234', 0), ('c1798', 0), ('c1801', 0), ('c1902', 0)]
[DEBUG] 2026-05-26 23:40:12,421 - [EXPANSION] term sorted scores=[('t19', 1), ('t35', 1), ('t45', 1), ('t51', 1), ('t175', 1), ('t176', 1), ('t256', 1), ('t434', 1), ('t558', 1), ('t589', 1)]
[INFO] 2026-05-26 23:40:12,421 - Expanding community 54
[DEBUG] 2026-05-26 23:40:12,444 - [EXPANSION] paper sorted scores=[('p86299', 2), ('p436681', 2), ('p7601', 0), ('p7604', 0), ('p7605', 0), ('p7610', 0), ('p7612', 0), ('p7613', 0), ('p7621', 0), ('p7630', 0)]
[DEBUG] 2026-05-26 23:40:12,445 - [EXPANSION] conference sorted scores=[('c597', 1), ('c2504', 1), ('c36', 0), ('c755', 0), ('c1194', 0), ('c1201', 0), ('c1234', 0), ('c1798', 0), ('c1801', 0), ('c1902', 0)]
[DEBUG] 2026-05-26 23:40:12,461 - [EXPANSION] term sorted scores=[('t38', 2), ('t461', 2), ('t4', 1), ('t55', 1), ('t63', 1), ('t112', 1), ('t114', 1), ('t124', 1), ('t282', 1), ('t397', 1)]
[INFO] 2026-05-26 23:40:12,461 - Expanding community 55
[DEBUG] 2026-05-26 23:40:12,484 - [EXPANSION] paper sorted scores=[('p437315', 2), ('p536497', 2), ('p7601', 0), ('p7604', 0), ('p7605', 0), ('p7610', 0), ('p7612', 0), ('p7613', 0), ('p7621', 0), ('p7630', 0)]
[DEBUG] 2026-05-26 23:40:12,485 - [EXPANSION] conference sorted scores=[('c2504', 1), ('c3230', 1), ('c36', 0), ('c597', 0), ('c755', 0), ('c1194', 0), ('c1201', 0), ('c1234', 0), ('c1798', 0), ('c1801', 0)]
[DEBUG] 2026-05-26 23:40:12,503 - [EXPANSION] term sorted scores=[('t4', 2), ('t452', 2), ('t903', 2), ('t19', 1), ('t45', 1), ('t108', 1), ('t128', 1), ('t133', 1), ('t153', 1), ('t373', 1)]
[INFO] 2026-05-26 23:40:12,503 - Expanding community 56
[DEBUG] 2026-05-26 23:40:12,527 - [EXPANSION] paper sorted scores=[('p500883', 2), ('p500885', 2), ('p437110', 1), ('p437328', 1), ('p500834', 1), ('p7601', 0), ('p7604', 0), ('p7605', 0), ('p7610', 0), ('p7612', 0)]
[DEBUG] 2026-05-26 23:40:12,528 - [EXPANSION] conference sorted scores=[('c3011', 3), ('c2504', 2), ('c36', 0), ('c597', 0), ('c755', 0), ('c1194', 0), ('c1201', 0), ('c1234', 0), ('c1798', 0), ('c1801', 0)]
[DEBUG] 2026-05-26 23:40:12,546 - [EXPANSION] term sorted scores=[('t4', 3), ('t19', 3), ('t226', 3), ('t82', 2), ('t12', 1), ('t35', 1), ('t38', 1), ('t63', 1), ('t77', 1), ('t86', 1)]
[INFO] 2026-05-26 23:40:12,547 - Expanding community 57
[DEBUG] 2026-05-26 23:40:12,569 - [EXPANSION] paper sorted scores=[('p436804', 2), ('p500753', 2), ('p10499', 1), ('p359524', 1), ('p7601', 0), ('p7604', 0), ('p7605', 0), ('p7610', 0), ('p7612', 0), ('p7613', 0)]
[DEBUG] 2026-05-26 23:40:12,570 - [EXPANSION] conference sorted scores=[('c36', 1), ('c2180', 1), ('c2504', 1), ('c3011', 1), ('c597', 0), ('c755', 0), ('c1194', 0), ('c1201', 0), ('c1234', 0), ('c1798', 0)]
[DEBUG] 2026-05-26 23:40:12,588 - [EXPANSION] term sorted scores=[('t19', 3), ('t45', 2), ('t6199', 2), ('t4', 1), ('t35', 1), ('t82', 1), ('t108', 1), ('t174', 1), ('t234', 1), ('t277', 1)]
[INFO] 2026-05-26 23:40:12,589 - Expanding community 58
[DEBUG] 2026-05-26 23:40:12,611 - [EXPANSION] paper sorted scores=[('p162788', 2), ('p275348', 2), ('p7601', 0), ('p7604', 0), ('p7605', 0), ('p7610', 0), ('p7612', 0), ('p7613', 0), ('p7621', 0), ('p7630', 0)]
[DEBUG] 2026-05-26 23:40:12,613 - [EXPANSION] conference sorted scores=[('c1234', 1), ('c1798', 1), ('c36', 0), ('c597', 0), ('c755', 0), ('c1194', 0), ('c1201', 0), ('c1801', 0), ('c1902', 0), ('c2180', 0)]
[DEBUG] 2026-05-26 23:40:12,629 - [EXPANSION] term sorted scores=[('t19', 1), ('t35', 1), ('t45', 1), ('t63', 1), ('t82', 1), ('t84', 1), ('t121', 1), ('t176', 1), ('t199', 1), ('t343', 1)]
[INFO] 2026-05-26 23:40:12,630 - Expanding community 59
[DEBUG] 2026-05-26 23:40:12,652 - [EXPANSION] paper sorted scores=[('p437181', 2), ('p487364', 2), ('p7601', 0), ('p7604', 0), ('p7605', 0), ('p7610', 0), ('p7612', 0), ('p7613', 0), ('p7621', 0), ('p7630', 0)]
[DEBUG] 2026-05-26 23:40:12,653 - [EXPANSION] conference sorted scores=[('c2504', 1), ('c2934', 1), ('c36', 0), ('c597', 0), ('c755', 0), ('c1194', 0), ('c1201', 0), ('c1234', 0), ('c1798', 0), ('c1801', 0)]
[DEBUG] 2026-05-26 23:40:12,670 - [EXPANSION] term sorted scores=[('t19', 1), ('t220', 1), ('t304', 1), ('t452', 1), ('t499', 1), ('t578', 1), ('t634', 1), ('t1456', 1), ('t3144', 1), ('t6250', 1)]
[INFO] 2026-05-26 23:40:12,670 - Expanding community 60
[DEBUG] 2026-05-26 23:40:12,692 - [EXPANSION] paper sorted scores=[('p12264', 2), ('p360595', 2), ('p7601', 0), ('p7604', 0), ('p7605', 0), ('p7610', 0), ('p7612', 0), ('p7613', 0), ('p7621', 0), ('p7630', 0)]
[DEBUG] 2026-05-26 23:40:12,693 - [EXPANSION] conference sorted scores=[('c36', 1), ('c2180', 1), ('c597', 0), ('c755', 0), ('c1194', 0), ('c1201', 0), ('c1234', 0), ('c1798', 0), ('c1801', 0), ('c1902', 0)]
[DEBUG] 2026-05-26 23:40:12,710 - [EXPANSION] term sorted scores=[('t174', 2), ('t4', 1), ('t35', 1), ('t63', 1), ('t300', 1), ('t554', 1), ('t723', 1), ('t1194', 1), ('t1313', 1), ('t1321', 1)]
[INFO] 2026-05-26 23:40:12,711 - Expanding community 61
[DEBUG] 2026-05-26 23:40:12,732 - [EXPANSION] paper sorted scores=[('p358141', 2), ('p358143', 2), ('p7601', 0), ('p7604', 0), ('p7605', 0), ('p7610', 0), ('p7612', 0), ('p7613', 0), ('p7621', 0), ('p7630', 0)]
[DEBUG] 2026-05-26 23:40:12,733 - [EXPANSION] conference sorted scores=[('c2180', 2), ('c36', 0), ('c597', 0), ('c755', 0), ('c1194', 0), ('c1201', 0), ('c1234', 0), ('c1798', 0), ('c1801', 0), ('c1902', 0)]
[DEBUG] 2026-05-26 23:40:12,750 - [EXPANSION] term sorted scores=[('t10', 1), ('t37', 1), ('t45', 1), ('t46', 1), ('t55', 1), ('t63', 1), ('t110', 1), ('t299', 1), ('t680', 1), ('t744', 1)]
[INFO] 2026-05-26 23:40:12,750 - Expanding community 62
[DEBUG] 2026-05-26 23:40:12,772 - [EXPANSION] paper sorted scores=[('p163092', 2), ('p277794', 2), ('p7601', 0), ('p7604', 0), ('p7605', 0), ('p7610', 0), ('p7612', 0), ('p7613', 0), ('p7621', 0), ('p7630', 0)]
[DEBUG] 2026-05-26 23:40:12,773 - [EXPANSION] conference sorted scores=[('c1234', 1), ('c1798', 1), ('c36', 0), ('c597', 0), ('c755', 0), ('c1194', 0), ('c1201', 0), ('c1801', 0), ('c1902', 0), ('c2180', 0)]
[DEBUG] 2026-05-26 23:40:12,789 - [EXPANSION] term sorted scores=[('t190', 2), ('t225', 2), ('t458', 2), ('t1', 1), ('t19', 1), ('t35', 1), ('t134', 1), ('t231', 1), ('t235', 1), ('t305', 1)]
[INFO] 2026-05-26 23:40:12,790 - Expanding community 63
[DEBUG] 2026-05-26 23:40:12,812 - [EXPANSION] paper sorted scores=[('p308092', 2), ('p356682', 2), ('p8379', 1), ('p158710', 1), ('p308295', 1), ('p7601', 0), ('p7604', 0), ('p7605', 0), ('p7610', 0), ('p7612', 0)]
[DEBUG] 2026-05-26 23:40:12,813 - [EXPANSION] conference sorted scores=[('c1902', 2), ('c36', 1), ('c1201', 1), ('c2180', 1), ('c597', 0), ('c755', 0), ('c1194', 0), ('c1234', 0), ('c1798', 0), ('c1801', 0)]
[DEBUG] 2026-05-26 23:40:12,831 - [EXPANSION] term sorted scores=[('t19', 4), ('t992', 3), ('t4', 2), ('t45', 2), ('t12', 1), ('t26', 1), ('t44', 1), ('t63', 1), ('t77', 1), ('t114', 1)]
[INFO] 2026-05-26 23:40:12,831 - Expanding community 64
[DEBUG] 2026-05-26 23:40:12,853 - [EXPANSION] paper sorted scores=[('p437046', 2), ('p486590', 2), ('p486591', 2), ('p158914', 1), ('p7601', 0), ('p7604', 0), ('p7605', 0), ('p7610', 0), ('p7612', 0), ('p7613', 0)]
[DEBUG] 2026-05-26 23:40:12,854 - [EXPANSION] conference sorted scores=[('c2934', 2), ('c1201', 1), ('c2504', 1), ('c36', 0), ('c597', 0), ('c755', 0), ('c1194', 0), ('c1234', 0), ('c1798', 0), ('c1801', 0)]
[DEBUG] 2026-05-26 23:40:12,872 - [EXPANSION] term sorted scores=[('t53', 3), ('t4', 2), ('t461', 2), ('t808', 2), ('t1542', 2), ('t1', 1), ('t63', 1), ('t108', 1), ('t112', 1), ('t235', 1)]
[INFO] 2026-05-26 23:40:12,872 - Expanding community 65
[DEBUG] 2026-05-26 23:40:12,895 - [EXPANSION] paper sorted scores=[('p156917', 2), ('p277438', 2), ('p7601', 0), ('p7604', 0), ('p7605', 0), ('p7610', 0), ('p7612', 0), ('p7613', 0), ('p7621', 0), ('p7630', 0)]
[DEBUG] 2026-05-26 23:40:12,896 - [EXPANSION] conference sorted scores=[('c1194', 1), ('c1798', 1), ('c36', 0), ('c597', 0), ('c755', 0), ('c1201', 0), ('c1234', 0), ('c1801', 0), ('c1902', 0), ('c2180', 0)]
[DEBUG] 2026-05-26 23:40:12,912 - [EXPANSION] term sorted scores=[('t2356', 2), ('t10', 1), ('t35', 1), ('t45', 1), ('t460', 1), ('t503', 1), ('t568', 1), ('t570', 1), ('t849', 1), ('t2471', 1)]
[INFO] 2026-05-26 23:40:12,913 - Expanding community 66
[DEBUG] 2026-05-26 23:40:12,935 - [EXPANSION] paper sorted scores=[('p436612', 2), ('p486892', 2), ('p7601', 0), ('p7604', 0), ('p7605', 0), ('p7610', 0), ('p7612', 0), ('p7613', 0), ('p7621', 0), ('p7630', 0)]
[DEBUG] 2026-05-26 23:40:12,936 - [EXPANSION] conference sorted scores=[('c2504', 1), ('c2934', 1), ('c36', 0), ('c597', 0), ('c755', 0), ('c1194', 0), ('c1201', 0), ('c1234', 0), ('c1798', 0), ('c1801', 0)]
[DEBUG] 2026-05-26 23:40:12,952 - [EXPANSION] term sorted scores=[('t10', 2), ('t1', 1), ('t19', 1), ('t61', 1), ('t147', 1), ('t334', 1), ('t354', 1), ('t402', 1), ('t452', 1), ('t461', 1)]
[INFO] 2026-05-26 23:40:12,953 - Expanding community 67
[DEBUG] 2026-05-26 23:40:12,975 - [EXPANSION] paper sorted scores=[('p158976', 2), ('p436771', 2), ('p7601', 0), ('p7604', 0), ('p7605', 0), ('p7610', 0), ('p7612', 0), ('p7613', 0), ('p7621', 0), ('p7630', 0)]
[DEBUG] 2026-05-26 23:40:12,976 - [EXPANSION] conference sorted scores=[('c1201', 1), ('c2504', 1), ('c36', 0), ('c597', 0), ('c755', 0), ('c1194', 0), ('c1234', 0), ('c1798', 0), ('c1801', 0), ('c1902', 0)]
[DEBUG] 2026-05-26 23:40:12,992 - [EXPANSION] term sorted scores=[('t461', 2), ('t19', 1), ('t35', 1), ('t53', 1), ('t55', 1), ('t63', 1), ('t344', 1), ('t388', 1), ('t452', 1), ('t580', 1)]
[INFO] 2026-05-26 23:40:12,993 - Expanding community 68
[DEBUG] 2026-05-26 23:40:13,015 - [EXPANSION] paper sorted scores=[('p11874', 2), ('p309483', 2), ('p117545', 1), ('p356994', 1), ('p7601', 0), ('p7604', 0), ('p7605', 0), ('p7610', 0), ('p7612', 0), ('p7613', 0)]
[DEBUG] 2026-05-26 23:40:13,016 - [EXPANSION] conference sorted scores=[('c36', 1), ('c755', 1), ('c1902', 1), ('c2180', 1), ('c597', 0), ('c1194', 0), ('c1201', 0), ('c1234', 0), ('c1798', 0), ('c1801', 0)]
[DEBUG] 2026-05-26 23:40:13,046 - [EXPANSION] term sorted scores=[('t81', 2), ('t578', 2), ('t4', 1), ('t6', 1), ('t10', 1), ('t12', 1), ('t35', 1), ('t38', 1), ('t65', 1), ('t87', 1)]
[INFO] 2026-05-26 23:40:13,047 - Expanding community 69
[DEBUG] 2026-05-26 23:40:13,074 - [EXPANSION] paper sorted scores=[('p625963', 2), ('p627202', 2), ('p7601', 0), ('p7604', 0), ('p7605', 0), ('p7610', 0), ('p7612', 0), ('p7613', 0), ('p7621', 0), ('p7630', 0)]
[DEBUG] 2026-05-26 23:40:13,075 - [EXPANSION] conference sorted scores=[('c3771', 2), ('c36', 0), ('c597', 0), ('c755', 0), ('c1194', 0), ('c1201', 0), ('c1234', 0), ('c1798', 0), ('c1801', 0), ('c1902', 0)]
[DEBUG] 2026-05-26 23:40:13,092 - [EXPANSION] term sorted scores=[('t109', 2), ('t1', 1), ('t4', 1), ('t19', 1), ('t63', 1), ('t686', 1), ('t715', 1), ('t880', 1), ('t926', 1), ('t1294', 1)]
[INFO] 2026-05-26 23:40:13,092 - Expanding community 70
[DEBUG] 2026-05-26 23:40:13,115 - [EXPANSION] paper sorted scores=[('p437030', 2), ('p500979', 2), ('p500564', 1), ('p500877', 1), ('p7601', 0), ('p7604', 0), ('p7605', 0), ('p7610', 0), ('p7612', 0), ('p7613', 0)]
[DEBUG] 2026-05-26 23:40:13,116 - [EXPANSION] conference sorted scores=[('c3011', 3), ('c2504', 1), ('c36', 0), ('c597', 0), ('c755', 0), ('c1194', 0), ('c1201', 0), ('c1234', 0), ('c1798', 0), ('c1801', 0)]
[DEBUG] 2026-05-26 23:40:13,132 - [EXPANSION] term sorted scores=[('t19', 3), ('t35', 2), ('t63', 2), ('t452', 2), ('t4', 1), ('t39', 1), ('t54', 1), ('t82', 1), ('t108', 1), ('t190', 1)]
[INFO] 2026-05-26 23:40:13,133 - Expanding community 71
[DEBUG] 2026-05-26 23:40:13,156 - [EXPANSION] paper sorted scores=[('p436222', 2), ('p500486', 2), ('p500488', 1), ('p7601', 0), ('p7604', 0), ('p7605', 0), ('p7610', 0), ('p7612', 0), ('p7613', 0), ('p7621', 0)]
[DEBUG] 2026-05-26 23:40:13,157 - [EXPANSION] conference sorted scores=[('c3011', 2), ('c2504', 1), ('c36', 0), ('c597', 0), ('c755', 0), ('c1194', 0), ('c1201', 0), ('c1234', 0), ('c1798', 0), ('c1801', 0)]
[DEBUG] 2026-05-26 23:40:13,173 - [EXPANSION] term sorted scores=[('t461', 2), ('t19', 1), ('t38', 1), ('t45', 1), ('t53', 1), ('t55', 1), ('t63', 1), ('t82', 1), ('t91', 1), ('t112', 1)]
[INFO] 2026-05-26 23:40:13,173 - Expanding community 72
[DEBUG] 2026-05-26 23:40:13,195 - [EXPANSION] paper sorted scores=[('p7926', 2), ('p358120', 2), ('p555026', 1), ('p7601', 0), ('p7604', 0), ('p7605', 0), ('p7610', 0), ('p7612', 0), ('p7613', 0), ('p7621', 0)]
[DEBUG] 2026-05-26 23:40:13,196 - [EXPANSION] conference sorted scores=[('c36', 1), ('c2180', 1), ('c3329', 1), ('c597', 0), ('c755', 0), ('c1194', 0), ('c1201', 0), ('c1234', 0), ('c1798', 0), ('c1801', 0)]
[DEBUG] 2026-05-26 23:40:13,213 - [EXPANSION] term sorted scores=[('t81', 3), ('t1355', 2), ('t39', 1), ('t82', 1), ('t271', 1), ('t305', 1), ('t482', 1), ('t839', 1), ('t986', 1), ('t1178', 1)]
[INFO] 2026-05-26 23:40:13,214 - Expanding community 73
[DEBUG] 2026-05-26 23:40:13,236 - [EXPANSION] paper sorted scores=[('p486681', 2), ('p486929', 2), ('p159178', 1), ('p487230', 1), ('p7601', 0), ('p7604', 0), ('p7605', 0), ('p7610', 0), ('p7612', 0), ('p7613', 0)]
[DEBUG] 2026-05-26 23:40:13,237 - [EXPANSION] conference sorted scores=[('c2934', 3), ('c1201', 1), ('c36', 0), ('c597', 0), ('c755', 0), ('c1194', 0), ('c1234', 0), ('c1798', 0), ('c1801', 0), ('c1902', 0)]
[DEBUG] 2026-05-26 23:40:13,254 - [EXPANSION] term sorted scores=[('t39', 2), ('t3519', 2), ('t1', 1), ('t10', 1), ('t35', 1), ('t38', 1), ('t51', 1), ('t53', 1), ('t63', 1), ('t84', 1)]
[INFO] 2026-05-26 23:40:13,254 - Expanding community 74
[DEBUG] 2026-05-26 23:40:13,277 - [EXPANSION] paper sorted scores=[('p626975', 2), ('p627253', 2), ('p7601', 0), ('p7604', 0), ('p7605', 0), ('p7610', 0), ('p7612', 0), ('p7613', 0), ('p7621', 0), ('p7630', 0)]
[DEBUG] 2026-05-26 23:40:13,278 - [EXPANSION] conference sorted scores=[('c3771', 2), ('c36', 0), ('c597', 0), ('c755', 0), ('c1194', 0), ('c1201', 0), ('c1234', 0), ('c1798', 0), ('c1801', 0), ('c1902', 0)]
[DEBUG] 2026-05-26 23:40:13,294 - [EXPANSION] term sorted scores=[('t45', 2), ('t35', 1), ('t39', 1), ('t216', 1), ('t298', 1), ('t410', 1), ('t499', 1), ('t544', 1), ('t578', 1), ('t895', 1)]
[INFO] 2026-05-26 23:40:13,295 - Expanding community 75
[DEBUG] 2026-05-26 23:40:13,317 - [EXPANSION] paper sorted scores=[('p159143', 2), ('p358410', 2), ('p308688', 1), ('p7601', 0), ('p7604', 0), ('p7605', 0), ('p7610', 0), ('p7612', 0), ('p7613', 0), ('p7621', 0)]
[DEBUG] 2026-05-26 23:40:13,318 - [EXPANSION] conference sorted scores=[('c1201', 1), ('c1902', 1), ('c2180', 1), ('c36', 0), ('c597', 0), ('c755', 0), ('c1194', 0), ('c1234', 0), ('c1798', 0), ('c1801', 0)]
[DEBUG] 2026-05-26 23:40:13,335 - [EXPANSION] term sorted scores=[('t4', 2), ('t12', 2), ('t1', 1), ('t26', 1), ('t35', 1), ('t45', 1), ('t55', 1), ('t61', 1), ('t81', 1), ('t82', 1)]
[INFO] 2026-05-26 23:40:13,335 - Expanding community 76
[DEBUG] 2026-05-26 23:40:13,358 - [EXPANSION] paper sorted scores=[('p8387', 2), ('p359099', 2), ('p7601', 0), ('p7604', 0), ('p7605', 0), ('p7610', 0), ('p7612', 0), ('p7613', 0), ('p7621', 0), ('p7630', 0)]
[DEBUG] 2026-05-26 23:40:13,359 - [EXPANSION] conference sorted scores=[('c36', 1), ('c2180', 1), ('c597', 0), ('c755', 0), ('c1194', 0), ('c1201', 0), ('c1234', 0), ('c1798', 0), ('c1801', 0), ('c1902', 0)]
[DEBUG] 2026-05-26 23:40:13,375 - [EXPANSION] term sorted scores=[('t1526', 2), ('t10', 1), ('t39', 1), ('t55', 1), ('t81', 1), ('t174', 1), ('t1457', 1), ('t1612', 1), ('t1872', 1), ('t1873', 1)]
[INFO] 2026-05-26 23:40:13,376 - Expanding community 77
[DEBUG] 2026-05-26 23:40:13,398 - [EXPANSION] paper sorted scores=[('p158665', 2), ('p356948', 2), ('p356947', 1), ('p7601', 0), ('p7604', 0), ('p7605', 0), ('p7610', 0), ('p7612', 0), ('p7613', 0), ('p7621', 0)]
[DEBUG] 2026-05-26 23:40:13,399 - [EXPANSION] conference sorted scores=[('c2180', 2), ('c1201', 1), ('c36', 0), ('c597', 0), ('c755', 0), ('c1194', 0), ('c1234', 0), ('c1798', 0), ('c1801', 0), ('c1902', 0)]
[DEBUG] 2026-05-26 23:40:13,416 - [EXPANSION] term sorted scores=[('t1', 2), ('t55', 2), ('t280', 2), ('t4', 1), ('t10', 1), ('t12', 1), ('t45', 1), ('t61', 1), ('t82', 1), ('t232', 1)]
[INFO] 2026-05-26 23:40:13,416 - Expanding community 78
[DEBUG] 2026-05-26 23:40:13,439 - [EXPANSION] paper sorted scores=[('p86383', 2), ('p156922', 2), ('p156931', 1), ('p7601', 0), ('p7604', 0), ('p7605', 0), ('p7610', 0), ('p7612', 0), ('p7613', 0), ('p7621', 0)]
[DEBUG] 2026-05-26 23:40:13,440 - [EXPANSION] conference sorted scores=[('c1194', 2), ('c597', 1), ('c36', 0), ('c755', 0), ('c1201', 0), ('c1234', 0), ('c1798', 0), ('c1801', 0), ('c1902', 0), ('c2180', 0)]
[DEBUG] 2026-05-26 23:40:13,457 - [EXPANSION] term sorted scores=[('t19', 3), ('t468', 2), ('t38', 1), ('t45', 1), ('t49', 1), ('t53', 1), ('t55', 1), ('t77', 1), ('t134', 1), ('t163', 1)]
[INFO] 2026-05-26 23:40:13,458 - Expanding community 79
[DEBUG] 2026-05-26 23:40:13,480 - [EXPANSION] paper sorted scores=[('p278283', 2), ('p487180', 2), ('p7601', 0), ('p7604', 0), ('p7605', 0), ('p7610', 0), ('p7612', 0), ('p7613', 0), ('p7621', 0), ('p7630', 0)]
[DEBUG] 2026-05-26 23:40:13,481 - [EXPANSION] conference sorted scores=[('c1801', 1), ('c2934', 1), ('c36', 0), ('c597', 0), ('c755', 0), ('c1194', 0), ('c1201', 0), ('c1234', 0), ('c1798', 0), ('c1902', 0)]
[DEBUG] 2026-05-26 23:40:13,498 - [EXPANSION] term sorted scores=[('t560', 2), ('t4', 1), ('t35', 1), ('t63', 1), ('t82', 1), ('t226', 1), ('t231', 1), ('t327', 1), ('t368', 1), ('t461', 1)]
[INFO] 2026-05-26 23:40:13,499 - Expanding community 80
[DEBUG] 2026-05-26 23:40:13,522 - [EXPANSION] paper sorted scores=[('p162643', 2), ('p595794', 2), ('p7601', 0), ('p7604', 0), ('p7605', 0), ('p7610', 0), ('p7612', 0), ('p7613', 0), ('p7621', 0), ('p7630', 0)]
[DEBUG] 2026-05-26 23:40:13,523 - [EXPANSION] conference sorted scores=[('c1234', 1), ('c3594', 1), ('c36', 0), ('c597', 0), ('c755', 0), ('c1194', 0), ('c1201', 0), ('c1798', 0), ('c1801', 0), ('c1902', 0)]
[DEBUG] 2026-05-26 23:40:13,540 - [EXPANSION] term sorted scores=[('t19', 2), ('t6563', 2), ('t112', 1), ('t336', 1), ('t342', 1), ('t524', 1), ('t1241', 1), ('t2151', 1), ('t1', 0), ('t2', 0)]
[INFO] 2026-05-26 23:40:13,540 - Expanding community 81
[DEBUG] 2026-05-26 23:40:13,563 - [EXPANSION] paper sorted scores=[('p278051', 2), ('p486598', 2), ('p486600', 1), ('p7601', 0), ('p7604', 0), ('p7605', 0), ('p7610', 0), ('p7612', 0), ('p7613', 0), ('p7621', 0)]
[DEBUG] 2026-05-26 23:40:13,564 - [EXPANSION] conference sorted scores=[('c2934', 2), ('c1801', 1), ('c36', 0), ('c597', 0), ('c755', 0), ('c1194', 0), ('c1201', 0), ('c1234', 0), ('c1798', 0), ('c1902', 0)]
[DEBUG] 2026-05-26 23:40:13,581 - [EXPANSION] term sorted scores=[('t461', 3), ('t19', 2), ('t402', 2), ('t452', 2), ('t500', 2), ('t4', 1), ('t12', 1), ('t45', 1), ('t82', 1), ('t148', 1)]
[INFO] 2026-05-26 23:40:13,582 - Expanding community 82
[DEBUG] 2026-05-26 23:40:13,604 - [EXPANSION] paper sorted scores=[('p437016', 2), ('p487023', 2), ('p7601', 0), ('p7604', 0), ('p7605', 0), ('p7610', 0), ('p7612', 0), ('p7613', 0), ('p7621', 0), ('p7630', 0)]
[DEBUG] 2026-05-26 23:40:13,606 - [EXPANSION] conference sorted scores=[('c2504', 1), ('c2934', 1), ('c36', 0), ('c597', 0), ('c755', 0), ('c1194', 0), ('c1201', 0), ('c1234', 0), ('c1798', 0), ('c1801', 0)]
[DEBUG] 2026-05-26 23:40:13,622 - [EXPANSION] term sorted scores=[('t35', 1), ('t112', 1), ('t232', 1), ('t535', 1), ('t689', 1), ('t1055', 1), ('t1102', 1), ('t1711', 1), ('t3397', 1), ('t9829', 1)]
[INFO] 2026-05-26 23:40:13,623 - Expanding community 83
[DEBUG] 2026-05-26 23:40:13,646 - [EXPANSION] paper sorted scores=[('p162717', 2), ('p275665', 2), ('p7601', 0), ('p7604', 0), ('p7605', 0), ('p7610', 0), ('p7612', 0), ('p7613', 0), ('p7621', 0), ('p7630', 0)]
[DEBUG] 2026-05-26 23:40:13,647 - [EXPANSION] conference sorted scores=[('c1234', 1), ('c1798', 1), ('c36', 0), ('c597', 0), ('c755', 0), ('c1194', 0), ('c1201', 0), ('c1801', 0), ('c1902', 0), ('c2180', 0)]
[DEBUG] 2026-05-26 23:40:13,664 - [EXPANSION] term sorted scores=[('t35', 2), ('t63', 2), ('t19', 1), ('t55', 1), ('t282', 1), ('t330', 1), ('t334', 1), ('t434', 1), ('t461', 1), ('t519', 1)]
[INFO] 2026-05-26 23:40:13,665 - Expanding community 84
[DEBUG] 2026-05-26 23:40:13,688 - [EXPANSION] paper sorted scores=[('p86421', 2), ('p276845', 2), ('p7601', 0), ('p7604', 0), ('p7605', 0), ('p7610', 0), ('p7612', 0), ('p7613', 0), ('p7621', 0), ('p7630', 0)]
[DEBUG] 2026-05-26 23:40:13,689 - [EXPANSION] conference sorted scores=[('c597', 1), ('c1798', 1), ('c36', 0), ('c755', 0), ('c1194', 0), ('c1201', 0), ('c1234', 0), ('c1801', 0), ('c1902', 0), ('c2180', 0)]
[DEBUG] 2026-05-26 23:40:13,706 - [EXPANSION] term sorted scores=[('t19', 2), ('t45', 2), ('t461', 2), ('t856', 2), ('t38', 1), ('t118', 1), ('t473', 1), ('t577', 1), ('t590', 1), ('t2702', 1)]
[INFO] 2026-05-26 23:40:13,707 - Expanding community 85
[DEBUG] 2026-05-26 23:40:13,730 - [EXPANSION] paper sorted scores=[('p359505', 2), ('p361045', 2), ('p7601', 0), ('p7604', 0), ('p7605', 0), ('p7610', 0), ('p7612', 0), ('p7613', 0), ('p7621', 0), ('p7630', 0)]
[DEBUG] 2026-05-26 23:40:13,731 - [EXPANSION] conference sorted scores=[('c2180', 2), ('c36', 0), ('c597', 0), ('c755', 0), ('c1194', 0), ('c1201', 0), ('c1234', 0), ('c1798', 0), ('c1801', 0), ('c1902', 0)]
[DEBUG] 2026-05-26 23:40:13,748 - [EXPANSION] term sorted scores=[('t19', 1), ('t21', 1), ('t65', 1), ('t126', 1), ('t419', 1), ('t458', 1), ('t1268', 1), ('t1349', 1), ('t1504', 1), ('t2525', 1)]
[INFO] 2026-05-26 23:40:13,749 - Expanding community 86
[DEBUG] 2026-05-26 23:40:13,772 - [EXPANSION] paper sorted scores=[('p86432', 2), ('p159126', 2), ('p7601', 0), ('p7604', 0), ('p7605', 0), ('p7610', 0), ('p7612', 0), ('p7613', 0), ('p7621', 0), ('p7630', 0)]
[DEBUG] 2026-05-26 23:40:13,773 - [EXPANSION] conference sorted scores=[('c597', 1), ('c1201', 1), ('c36', 0), ('c755', 0), ('c1194', 0), ('c1234', 0), ('c1798', 0), ('c1801', 0), ('c1902', 0), ('c2180', 0)]
[DEBUG] 2026-05-26 23:40:13,790 - [EXPANSION] term sorted scores=[('t26', 2), ('t142', 2), ('t616', 2), ('t2708', 2), ('t19', 1), ('t206', 1), ('t401', 1), ('t514', 1), ('t671', 1), ('t791', 1)]
[INFO] 2026-05-26 23:40:13,791 - Expanding community 87
[DEBUG] 2026-05-26 23:40:13,814 - [EXPANSION] paper sorted scores=[('p359205', 2), ('p359428', 2), ('p437360', 1), ('p500627', 1), ('p500879', 1), ('p7601', 0), ('p7604', 0), ('p7605', 0), ('p7610', 0), ('p7612', 0)]
[DEBUG] 2026-05-26 23:40:13,815 - [EXPANSION] conference sorted scores=[('c2180', 2), ('c3011', 2), ('c2504', 1), ('c36', 0), ('c597', 0), ('c755', 0), ('c1194', 0), ('c1201', 0), ('c1234', 0), ('c1798', 0)]
[DEBUG] 2026-05-26 23:40:13,834 - [EXPANSION] term sorted scores=[('t63', 2), ('t134', 2), ('t452', 2), ('t10', 1), ('t19', 1), ('t26', 1), ('t35', 1), ('t76', 1), ('t84', 1), ('t135', 1)]
[INFO] 2026-05-26 23:40:13,834 - Expanding community 88
[DEBUG] 2026-05-26 23:40:13,857 - [EXPANSION] paper sorted scores=[('p8238', 2), ('p359828', 2), ('p7601', 0), ('p7604', 0), ('p7605', 0), ('p7610', 0), ('p7612', 0), ('p7613', 0), ('p7621', 0), ('p7630', 0)]
[DEBUG] 2026-05-26 23:40:13,858 - [EXPANSION] conference sorted scores=[('c36', 1), ('c2180', 1), ('c597', 0), ('c755', 0), ('c1194', 0), ('c1201', 0), ('c1234', 0), ('c1798', 0), ('c1801', 0), ('c1902', 0)]
[DEBUG] 2026-05-26 23:40:13,875 - [EXPANSION] term sorted scores=[('t1', 2), ('t63', 2), ('t458', 2), ('t1707', 2), ('t10', 1), ('t19', 1), ('t45', 1), ('t289', 1), ('t384', 1), ('t388', 1)]
[INFO] 2026-05-26 23:40:13,875 - Expanding community 89
[DEBUG] 2026-05-26 23:40:13,898 - [EXPANSION] paper sorted scores=[('p437417', 2), ('p536523', 2), ('p158789', 1), ('p7601', 0), ('p7604', 0), ('p7605', 0), ('p7610', 0), ('p7612', 0), ('p7613', 0), ('p7621', 0)]
[DEBUG] 2026-05-26 23:40:13,899 - [EXPANSION] conference sorted scores=[('c1201', 1), ('c2504', 1), ('c3230', 1), ('c36', 0), ('c597', 0), ('c755', 0), ('c1194', 0), ('c1234', 0), ('c1798', 0), ('c1801', 0)]
[DEBUG] 2026-05-26 23:40:13,916 - [EXPANSION] term sorted scores=[('t10', 2), ('t12', 2), ('t461', 2), ('t4', 1), ('t21', 1), ('t35', 1), ('t53', 1), ('t91', 1), ('t150', 1), ('t354', 1)]
[INFO] 2026-05-26 23:40:13,917 - Expanding community 90
[DEBUG] 2026-05-26 23:40:13,939 - [EXPANSION] paper sorted scores=[('p86957', 2), ('p597669', 2), ('p7601', 0), ('p7604', 0), ('p7605', 0), ('p7610', 0), ('p7612', 0), ('p7613', 0), ('p7621', 0), ('p7630', 0)]
[DEBUG] 2026-05-26 23:40:13,940 - [EXPANSION] conference sorted scores=[('c597', 1), ('c3594', 1), ('c36', 0), ('c755', 0), ('c1194', 0), ('c1201', 0), ('c1234', 0), ('c1798', 0), ('c1801', 0), ('c1902', 0)]
[DEBUG] 2026-05-26 23:40:13,959 - [EXPANSION] term sorted scores=[('t19', 1), ('t45', 1), ('t63', 1), ('t375', 1), ('t383', 1), ('t557', 1), ('t656', 1), ('t718', 1), ('t1325', 1), ('t4672', 1)]
[INFO] 2026-05-26 23:40:13,960 - Expanding community 91
[DEBUG] 2026-05-26 23:40:13,983 - [EXPANSION] paper sorted scores=[('p278140', 2), ('p436388', 2), ('p504096', 2), ('p7601', 0), ('p7604', 0), ('p7605', 0), ('p7610', 0), ('p7612', 0), ('p7613', 0), ('p7621', 0)]
[DEBUG] 2026-05-26 23:40:13,984 - [EXPANSION] conference sorted scores=[('c1801', 1), ('c2504', 1), ('c3027', 1), ('c36', 0), ('c597', 0), ('c755', 0), ('c1194', 0), ('c1201', 0), ('c1234', 0), ('c1798', 0)]
[DEBUG] 2026-05-26 23:40:14,001 - [EXPANSION] term sorted scores=[('t65', 1), ('t81', 1), ('t171', 1), ('t478', 1), ('t479', 1), ('t490', 1), ('t591', 1), ('t620', 1), ('t887', 1), ('t930', 1)]
[INFO] 2026-05-26 23:40:14,002 - Expanding community 92
[DEBUG] 2026-05-26 23:40:14,024 - [EXPANSION] paper sorted scores=[('p11425', 2), ('p360520', 2), ('p7601', 0), ('p7604', 0), ('p7605', 0), ('p7610', 0), ('p7612', 0), ('p7613', 0), ('p7621', 0), ('p7630', 0)]
[DEBUG] 2026-05-26 23:40:14,025 - [EXPANSION] conference sorted scores=[('c36', 1), ('c2180', 1), ('c597', 0), ('c755', 0), ('c1194', 0), ('c1201', 0), ('c1234', 0), ('c1798', 0), ('c1801', 0), ('c1902', 0)]
[DEBUG] 2026-05-26 23:40:14,042 - [EXPANSION] term sorted scores=[('t55', 1), ('t174', 1), ('t175', 1), ('t216', 1), ('t250', 1), ('t295', 1), ('t560', 1), ('t943', 1), ('t967', 1), ('t1083', 1)]
[INFO] 2026-05-26 23:40:14,043 - Expanding community 93
[DEBUG] 2026-05-26 23:40:14,065 - [EXPANSION] paper sorted scores=[('p436051', 2), ('p536439', 2), ('p7601', 0), ('p7604', 0), ('p7605', 0), ('p7610', 0), ('p7612', 0), ('p7613', 0), ('p7621', 0), ('p7630', 0)]
[DEBUG] 2026-05-26 23:40:14,066 - [EXPANSION] conference sorted scores=[('c2504', 1), ('c3230', 1), ('c36', 0), ('c597', 0), ('c755', 0), ('c1194', 0), ('c1201', 0), ('c1234', 0), ('c1798', 0), ('c1801', 0)]
[DEBUG] 2026-05-26 23:40:14,082 - [EXPANSION] term sorted scores=[('t19', 2), ('t452', 2), ('t39', 1), ('t54', 1), ('t225', 1), ('t461', 1), ('t674', 1), ('t903', 1), ('t943', 1), ('t2229', 1)]
[INFO] 2026-05-26 23:40:14,083 - Expanding community 94
[DEBUG] 2026-05-26 23:40:14,106 - [EXPANSION] paper sorted scores=[('p85751', 2), ('p555945', 2), ('p7601', 0), ('p7604', 0), ('p7605', 0), ('p7610', 0), ('p7612', 0), ('p7613', 0), ('p7621', 0), ('p7630', 0)]
[DEBUG] 2026-05-26 23:40:14,107 - [EXPANSION] conference sorted scores=[('c597', 1), ('c3329', 1), ('c36', 0), ('c755', 0), ('c1194', 0), ('c1201', 0), ('c1234', 0), ('c1798', 0), ('c1801', 0), ('c1902', 0)]
[DEBUG] 2026-05-26 23:40:14,124 - [EXPANSION] term sorted scores=[('t4', 1), ('t38', 1), ('t54', 1), ('t55', 1), ('t340', 1), ('t505', 1), ('t570', 1), ('t576', 1), ('t852', 1), ('t853', 1)]
[INFO] 2026-05-26 23:40:14,124 - Expanding community 95
[DEBUG] 2026-05-26 23:40:14,146 - [EXPANSION] paper sorted scores=[('p9035', 2), ('p358106', 2), ('p436367', 1), ('p7601', 0), ('p7604', 0), ('p7605', 0), ('p7610', 0), ('p7612', 0), ('p7613', 0), ('p7621', 0)]
[DEBUG] 2026-05-26 23:40:14,148 - [EXPANSION] conference sorted scores=[('c36', 1), ('c2180', 1), ('c2504', 1), ('c597', 0), ('c755', 0), ('c1194', 0), ('c1201', 0), ('c1234', 0), ('c1798', 0), ('c1801', 0)]
[DEBUG] 2026-05-26 23:40:14,164 - [EXPANSION] term sorted scores=[('t10', 1), ('t19', 1), ('t42', 1), ('t45', 1), ('t54', 1), ('t82', 1), ('t220', 1), ('t452', 1), ('t521', 1), ('t818', 1)]
[INFO] 2026-05-26 23:40:14,165 - Expanding community 96
[DEBUG] 2026-05-26 23:40:14,187 - [EXPANSION] paper sorted scores=[('p278218', 2), ('p536270', 2), ('p536538', 2), ('p7601', 0), ('p7604', 0), ('p7605', 0), ('p7610', 0), ('p7612', 0), ('p7613', 0), ('p7621', 0)]
[DEBUG] 2026-05-26 23:40:14,188 - [EXPANSION] conference sorted scores=[('c3230', 2), ('c1801', 1), ('c36', 0), ('c597', 0), ('c755', 0), ('c1194', 0), ('c1201', 0), ('c1234', 0), ('c1798', 0), ('c1902', 0)]
[DEBUG] 2026-05-26 23:40:14,205 - [EXPANSION] term sorted scores=[('t226', 2), ('t568', 2), ('t38', 1), ('t55', 1), ('t82', 1), ('t112', 1), ('t121', 1), ('t521', 1), ('t541', 1), ('t547', 1)]
[INFO] 2026-05-26 23:40:14,206 - Expanding community 97
[DEBUG] 2026-05-26 23:40:14,228 - [EXPANSION] paper sorted scores=[('p85611', 2), ('p278078', 2), ('p7601', 0), ('p7604', 0), ('p7605', 0), ('p7610', 0), ('p7612', 0), ('p7613', 0), ('p7621', 0), ('p7630', 0)]
[DEBUG] 2026-05-26 23:40:14,229 - [EXPANSION] conference sorted scores=[('c597', 1), ('c1801', 1), ('c36', 0), ('c755', 0), ('c1194', 0), ('c1201', 0), ('c1234', 0), ('c1798', 0), ('c1902', 0), ('c2180', 0)]
[DEBUG] 2026-05-26 23:40:14,246 - [EXPANSION] term sorted scores=[('t231', 2), ('t4', 1), ('t10', 1), ('t26', 1), ('t63', 1), ('t282', 1), ('t452', 1), ('t478', 1), ('t479', 1), ('t1806', 1)]
[INFO] 2026-05-26 23:40:14,246 - Expanding community 98
[DEBUG] 2026-05-26 23:40:14,269 - [EXPANSION] paper sorted scores=[('p359440', 2), ('p597009', 2), ('p360289', 1), ('p7601', 0), ('p7604', 0), ('p7605', 0), ('p7610', 0), ('p7612', 0), ('p7613', 0), ('p7621', 0)]
[DEBUG] 2026-05-26 23:40:14,270 - [EXPANSION] conference sorted scores=[('c2180', 2), ('c3594', 1), ('c36', 0), ('c597', 0), ('c755', 0), ('c1194', 0), ('c1201', 0), ('c1234', 0), ('c1798', 0), ('c1801', 0)]
[DEBUG] 2026-05-26 23:40:14,286 - [EXPANSION] term sorted scores=[('t63', 3), ('t38', 2), ('t135', 2), ('t19', 1), ('t45', 1), ('t55', 1), ('t118', 1), ('t175', 1), ('t235', 1), ('t280', 1)]
[INFO] 2026-05-26 23:40:14,286 - Expanding community 99
[DEBUG] 2026-05-26 23:40:14,308 - [EXPANSION] paper sorted scores=[('p85794', 2), ('p596160', 2), ('p7601', 0), ('p7604', 0), ('p7605', 0), ('p7610', 0), ('p7612', 0), ('p7613', 0), ('p7621', 0), ('p7630', 0)]
[DEBUG] 2026-05-26 23:40:14,309 - [EXPANSION] conference sorted scores=[('c597', 1), ('c3594', 1), ('c36', 0), ('c755', 0), ('c1194', 0), ('c1201', 0), ('c1234', 0), ('c1798', 0), ('c1801', 0), ('c1902', 0)]
[DEBUG] 2026-05-26 23:40:14,327 - [EXPANSION] term sorted scores=[('t35', 2), ('t54', 2), ('t45', 1), ('t90', 1), ('t235', 1), ('t609', 1), ('t645', 1), ('t943', 1), ('t949', 1), ('t950', 1)]
[INFO] 2026-05-26 23:40:14,328 - Expanding community 100
[DEBUG] 2026-05-26 23:40:14,352 - [EXPANSION] paper sorted scores=[('p278636', 2), ('p487449', 2), ('p7601', 0), ('p7604', 0), ('p7605', 0), ('p7610', 0), ('p7612', 0), ('p7613', 0), ('p7621', 0), ('p7630', 0)]
[DEBUG] 2026-05-26 23:40:14,353 - [EXPANSION] conference sorted scores=[('c1801', 1), ('c2934', 1), ('c36', 0), ('c597', 0), ('c755', 0), ('c1194', 0), ('c1201', 0), ('c1234', 0), ('c1798', 0), ('c1902', 0)]
[DEBUG] 2026-05-26 23:40:14,370 - [EXPANSION] term sorted scores=[('t10', 1), ('t55', 1), ('t90', 1), ('t448', 1), ('t521', 1), ('t744', 1), ('t953', 1), ('t1106', 1), ('t1138', 1), ('t1384', 1)]
[INFO] 2026-05-26 23:40:14,370 - Expanding community 101
[DEBUG] 2026-05-26 23:40:14,393 - [EXPANSION] paper sorted scores=[('p357679', 2), ('p359756', 2), ('p596572', 1), ('p7601', 0), ('p7604', 0), ('p7605', 0), ('p7610', 0), ('p7612', 0), ('p7613', 0), ('p7621', 0)]
[DEBUG] 2026-05-26 23:40:14,394 - [EXPANSION] conference sorted scores=[('c2180', 2), ('c3594', 1), ('c36', 0), ('c597', 0), ('c755', 0), ('c1194', 0), ('c1201', 0), ('c1234', 0), ('c1798', 0), ('c1801', 0)]
[DEBUG] 2026-05-26 23:40:14,411 - [EXPANSION] term sorted scores=[('t19', 2), ('t419', 2), ('t35', 1), ('t38', 1), ('t54', 1), ('t280', 1), ('t309', 1), ('t312', 1), ('t558', 1), ('t933', 1)]
[INFO] 2026-05-26 23:40:14,411 - Expanding community 102
[DEBUG] 2026-05-26 23:40:14,432 - [EXPANSION] paper sorted scores=[('p436949', 2), ('p536379', 2), ('p7601', 0), ('p7604', 0), ('p7605', 0), ('p7610', 0), ('p7612', 0), ('p7613', 0), ('p7621', 0), ('p7630', 0)]
[DEBUG] 2026-05-26 23:40:14,433 - [EXPANSION] conference sorted scores=[('c2504', 1), ('c3230', 1), ('c36', 0), ('c597', 0), ('c755', 0), ('c1194', 0), ('c1201', 0), ('c1234', 0), ('c1798', 0), ('c1801', 0)]
[DEBUG] 2026-05-26 23:40:14,448 - [EXPANSION] term sorted scores=[('t792', 2), ('t4', 1), ('t26', 1), ('t45', 1), ('t81', 1), ('t126', 1), ('t150', 1), ('t349', 1), ('t774', 1), ('t899', 1)]
[INFO] 2026-05-26 23:40:14,448 - Expanding community 103
[DEBUG] 2026-05-26 23:40:14,468 - [EXPANSION] paper sorted scores=[('p487113', 2), ('p487114', 2), ('p487397', 1), ('p7601', 0), ('p7604', 0), ('p7605', 0), ('p7610', 0), ('p7612', 0), ('p7613', 0), ('p7621', 0)]
[DEBUG] 2026-05-26 23:40:14,469 - [EXPANSION] conference sorted scores=[('c2934', 3), ('c36', 0), ('c597', 0), ('c755', 0), ('c1194', 0), ('c1201', 0), ('c1234', 0), ('c1798', 0), ('c1801', 0), ('c1902', 0)]
[DEBUG] 2026-05-26 23:40:14,483 - [EXPANSION] term sorted scores=[('t226', 3), ('t452', 3), ('t461', 3), ('t1035', 3), ('t1036', 3), ('t19', 2), ('t45', 1), ('t63', 1), ('t171', 1), ('t172', 1)]
[INFO] 2026-05-26 23:40:14,484 - Expanding community 104
[DEBUG] 2026-05-26 23:40:14,503 - [EXPANSION] paper sorted scores=[('p85890', 2), ('p626051', 2), ('p7601', 0), ('p7604', 0), ('p7605', 0), ('p7610', 0), ('p7612', 0), ('p7613', 0), ('p7621', 0), ('p7630', 0)]
[DEBUG] 2026-05-26 23:40:14,504 - [EXPANSION] conference sorted scores=[('c597', 1), ('c3771', 1), ('c36', 0), ('c755', 0), ('c1194', 0), ('c1201', 0), ('c1234', 0), ('c1798', 0), ('c1801', 0), ('c1902', 0)]
[DEBUG] 2026-05-26 23:40:14,519 - [EXPANSION] term sorted scores=[('t1', 1), ('t19', 1), ('t51', 1), ('t63', 1), ('t127', 1), ('t358', 1), ('t1282', 1), ('t1805', 1), ('t2188', 1), ('t2189', 1)]
[INFO] 2026-05-26 23:40:14,519 - Expanding community 105
[DEBUG] 2026-05-26 23:40:14,542 - [EXPANSION] paper sorted scores=[('p308416', 2), ('p486671', 2), ('p486673', 1), ('p486686', 1), ('p7601', 0), ('p7604', 0), ('p7605', 0), ('p7610', 0), ('p7612', 0), ('p7613', 0)]
[DEBUG] 2026-05-26 23:40:14,543 - [EXPANSION] conference sorted scores=[('c2934', 3), ('c1902', 1), ('c36', 0), ('c597', 0), ('c755', 0), ('c1194', 0), ('c1201', 0), ('c1234', 0), ('c1798', 0), ('c1801', 0)]
[DEBUG] 2026-05-26 23:40:14,560 - [EXPANSION] term sorted scores=[('t1', 2), ('t45', 2), ('t1305', 2), ('t7165', 2), ('t35', 1), ('t81', 1), ('t109', 1), ('t114', 1), ('t147', 1), ('t148', 1)]
[INFO] 2026-05-26 23:40:14,561 - Expanding community 106
[DEBUG] 2026-05-26 23:40:14,583 - [EXPANSION] paper sorted scores=[('p309740', 2), ('p487463', 2), ('p275916', 1), ('p7601', 0), ('p7604', 0), ('p7605', 0), ('p7610', 0), ('p7612', 0), ('p7613', 0), ('p7621', 0)]
[DEBUG] 2026-05-26 23:40:14,584 - [EXPANSION] conference sorted scores=[('c1798', 1), ('c1902', 1), ('c2934', 1), ('c36', 0), ('c597', 0), ('c755', 0), ('c1194', 0), ('c1201', 0), ('c1234', 0), ('c1801', 0)]
[DEBUG] 2026-05-26 23:40:14,600 - [EXPANSION] term sorted scores=[('t1043', 2), ('t10', 1), ('t12', 1), ('t35', 1), ('t225', 1), ('t226', 1), ('t233', 1), ('t327', 1), ('t385', 1), ('t458', 1)]
[INFO] 2026-05-26 23:40:14,600 - Expanding community 107
[DEBUG] 2026-05-26 23:40:14,621 - [EXPANSION] paper sorted scores=[('p162736', 2), ('p275084', 2), ('p7601', 0), ('p7604', 0), ('p7605', 0), ('p7610', 0), ('p7612', 0), ('p7613', 0), ('p7621', 0), ('p7630', 0)]
[DEBUG] 2026-05-26 23:40:14,622 - [EXPANSION] conference sorted scores=[('c1234', 1), ('c1798', 1), ('c36', 0), ('c597', 0), ('c755', 0), ('c1194', 0), ('c1201', 0), ('c1801', 0), ('c1902', 0), ('c2180', 0)]
[DEBUG] 2026-05-26 23:40:14,638 - [EXPANSION] term sorted scores=[('t35', 2), ('t91', 1), ('t134', 1), ('t305', 1), ('t611', 1), ('t674', 1), ('t723', 1), ('t837', 1), ('t1024', 1), ('t1791', 1)]
[INFO] 2026-05-26 23:40:14,639 - Expanding community 108
[DEBUG] 2026-05-26 23:40:14,663 - [EXPANSION] paper sorted scores=[('p486930', 2), ('p486932', 2), ('p555763', 2), ('p7601', 0), ('p7604', 0), ('p7605', 0), ('p7610', 0), ('p7612', 0), ('p7613', 0), ('p7621', 0)]
[DEBUG] 2026-05-26 23:40:14,664 - [EXPANSION] conference sorted scores=[('c2934', 2), ('c3329', 1), ('c36', 0), ('c597', 0), ('c755', 0), ('c1194', 0), ('c1201', 0), ('c1234', 0), ('c1798', 0), ('c1801', 0)]
[DEBUG] 2026-05-26 23:40:14,681 - [EXPANSION] term sorted scores=[('t45', 2), ('t103', 2), ('t461', 2), ('t1', 1), ('t4', 1), ('t35', 1), ('t38', 1), ('t55', 1), ('t63', 1), ('t108', 1)]
[INFO] 2026-05-26 23:40:14,681 - Expanding community 109
[DEBUG] 2026-05-26 23:40:14,707 - [EXPANSION] paper sorted scores=[('p486588', 2), ('p487170', 2), ('p487168', 1), ('p7601', 0), ('p7604', 0), ('p7605', 0), ('p7610', 0), ('p7612', 0), ('p7613', 0), ('p7621', 0)]
[DEBUG] 2026-05-26 23:40:14,708 - [EXPANSION] conference sorted scores=[('c2934', 3), ('c36', 0), ('c597', 0), ('c755', 0), ('c1194', 0), ('c1201', 0), ('c1234', 0), ('c1798', 0), ('c1801', 0), ('c1902', 0)]
[DEBUG] 2026-05-26 23:40:14,724 - [EXPANSION] term sorted scores=[('t63', 3), ('t19', 2), ('t4', 1), ('t35', 1), ('t38', 1), ('t45', 1), ('t54', 1), ('t264', 1), ('t282', 1), ('t322', 1)]
[INFO] 2026-05-26 23:40:14,725 - Expanding community 110
[DEBUG] 2026-05-26 23:40:14,748 - [EXPANSION] paper sorted scores=[('p308605', 2), ('p436440', 2), ('p159085', 1), ('p7601', 0), ('p7604', 0), ('p7605', 0), ('p7610', 0), ('p7612', 0), ('p7613', 0), ('p7621', 0)]
[DEBUG] 2026-05-26 23:40:14,749 - [EXPANSION] conference sorted scores=[('c1201', 1), ('c1902', 1), ('c2504', 1), ('c36', 0), ('c597', 0), ('c755', 0), ('c1194', 0), ('c1234', 0), ('c1798', 0), ('c1801', 0)]
[DEBUG] 2026-05-26 23:40:14,767 - [EXPANSION] term sorted scores=[('t4', 2), ('t126', 2), ('t150', 2), ('t744', 2), ('t890', 2), ('t1', 1), ('t10', 1), ('t12', 1), ('t35', 1), ('t63', 1)]
[INFO] 2026-05-26 23:40:14,767 - Expanding community 111
[DEBUG] 2026-05-26 23:40:14,792 - [EXPANSION] paper sorted scores=[('p11101', 2), ('p359747', 2), ('p7601', 0), ('p7604', 0), ('p7605', 0), ('p7610', 0), ('p7612', 0), ('p7613', 0), ('p7621', 0), ('p7630', 0)]
[DEBUG] 2026-05-26 23:40:14,793 - [EXPANSION] conference sorted scores=[('c36', 1), ('c2180', 1), ('c597', 0), ('c755', 0), ('c1194', 0), ('c1201', 0), ('c1234', 0), ('c1798', 0), ('c1801', 0), ('c1902', 0)]
[DEBUG] 2026-05-26 23:40:14,812 - [EXPANSION] term sorted scores=[('t45', 2), ('t13', 1), ('t19', 1), ('t35', 1), ('t42', 1), ('t46', 1), ('t167', 1), ('t174', 1), ('t184', 1), ('t318', 1)]
[INFO] 2026-05-26 23:40:14,813 - Expanding community 112
[DEBUG] 2026-05-26 23:40:14,834 - [EXPANSION] paper sorted scores=[('p278086', 2), ('p500462', 2), ('p595497', 1), ('p7601', 0), ('p7604', 0), ('p7605', 0), ('p7610', 0), ('p7612', 0), ('p7613', 0), ('p7621', 0)]
[DEBUG] 2026-05-26 23:40:14,835 - [EXPANSION] conference sorted scores=[('c1801', 1), ('c3011', 1), ('c3594', 1), ('c36', 0), ('c597', 0), ('c755', 0), ('c1194', 0), ('c1201', 0), ('c1234', 0), ('c1798', 0)]
[DEBUG] 2026-05-26 23:40:14,851 - [EXPANSION] term sorted scores=[('t26', 2), ('t55', 2), ('t282', 2), ('t479', 2), ('t4', 1), ('t35', 1), ('t63', 1), ('t82', 1), ('t114', 1), ('t134', 1)]
[INFO] 2026-05-26 23:40:15,301 - [EVAL] Modularity=0.5219
[INFO] 2026-05-26 23:40:15,301 - [EVAL] Surprise=0.0000
[INFO] 2026-05-26 23:40:15,301 - [EVAL] Keyword coherence=0.0000
[INFO] 2026-05-26 23:40:15,301 - [EVAL] Community stats={'num_communities': 113, 'avg_size': 391.12389380530976, 'max_size': 10779, 'min_size': 12}
[INFO] 2026-05-26 23:40:15,315 - [NMI DEBUG] matched_nodes=3080
[INFO] 2026-05-26 23:40:15,320 - [NMI] 0.6233
[INFO] 2026-05-26 23:40:15,327 - [NMI DEBUG] matched_nodes=68
[INFO] 2026-05-26 23:40:15,330 - [NMI] 0.5085
[INFO] 2026-05-26 23:40:15,337 - [NMI DEBUG] matched_nodes=20
[INFO] 2026-05-26 23:40:15,339 - [NMI] 0.0000
[INFO] 2026-05-26 23:40:15,343 - Saved communities...
