[INFO] 2026-05-25 01:19:11,593 - [MATRIX] writes shape=(14376, 14475)
[INFO] 2026-05-25 01:19:11,622 - [MATRIX] be_written shape=(14475, 14376)
[INFO] 2026-05-25 01:19:11,633 - [MATRIX] published_in shape=(14376, 20)
[INFO] 2026-05-25 01:19:11,642 - [MATRIX] publish shape=(20, 14376)
[INFO] 2026-05-25 01:19:11,721 - [MATRIX] has_term shape=(14376, 8920)
[INFO] 2026-05-25 01:19:11,799 - [MATRIX] term_in shape=(8920, 14376)
[INFO] 2026-05-25 01:19:11,835 - 
========== Building A-P-A ==========
[INFO] 2026-05-25 01:19:11,839 - A-P-A matrix shape=(14475, 14475)
[INFO] 2026-05-25 01:23:46,149 - [MATRIX] writes shape=(14376, 14475)
[INFO] 2026-05-25 01:23:46,179 - [MATRIX] be_written shape=(14475, 14376)
[INFO] 2026-05-25 01:23:46,190 - [MATRIX] published_in shape=(14376, 20)
[INFO] 2026-05-25 01:23:46,199 - [MATRIX] publish shape=(20, 14376)
[INFO] 2026-05-25 01:23:46,278 - [MATRIX] has_term shape=(14376, 8920)
[INFO] 2026-05-25 01:23:46,358 - [MATRIX] term_in shape=(8920, 14376)
[INFO] 2026-05-25 01:23:46,394 - 
========== Building A-P-A ==========
[INFO] 2026-05-25 01:23:46,398 - A-P-A matrix shape=(14475, 14475)
[INFO] 2026-05-25 01:24:04,050 - [MATRIX] writes shape=(14376, 14475)
[INFO] 2026-05-25 01:24:04,079 - [MATRIX] be_written shape=(14475, 14376)
[INFO] 2026-05-25 01:24:04,090 - [MATRIX] published_in shape=(14376, 20)
[INFO] 2026-05-25 01:24:04,100 - [MATRIX] publish shape=(20, 14376)
[INFO] 2026-05-25 01:24:04,183 - [MATRIX] has_term shape=(14376, 8920)
[INFO] 2026-05-25 01:24:04,261 - [MATRIX] term_in shape=(8920, 14376)
[INFO] 2026-05-25 01:24:04,296 - 
========== Building A-P-A ==========
[INFO] 2026-05-25 01:24:04,300 - A-P-A matrix shape=(14475, 14475)
[INFO] 2026-05-25 01:27:28,032 - [MATRIX] writes shape=(14376, 14475)
[INFO] 2026-05-25 01:27:28,062 - [MATRIX] be_written shape=(14475, 14376)
[INFO] 2026-05-25 01:27:28,072 - [MATRIX] published_in shape=(14376, 20)
[INFO] 2026-05-25 01:27:28,082 - [MATRIX] publish shape=(20, 14376)
[INFO] 2026-05-25 01:27:28,162 - [MATRIX] has_term shape=(14376, 8920)
[INFO] 2026-05-25 01:27:28,242 - [MATRIX] term_in shape=(8920, 14376)
[INFO] 2026-05-25 01:27:28,279 - 
========== Building A-P-A ==========
[INFO] 2026-05-25 01:27:28,283 - A-P-A matrix shape=(14475, 14475)
[INFO] 2026-05-25 01:27:28,344 - A-P-A nodes=5264 edges=8789 total_weight=51362.0000
[INFO] 2026-05-25 01:27:28,345 - 
========== Building A-P-C-P-A ==========
[INFO] 2026-05-25 01:27:30,337 - A-P-C-P-A matrix shape=(14475, 14475)
[INFO] 2026-05-25 01:27:38,842 - A-P-C-P-A nodes=5689 edges=92426 total_weight=6194038.0000
[INFO] 2026-05-25 01:27:38,911 - Running community detection on A-P-A
[INFO] 2026-05-25 01:27:39,271 - A-P-A communities=640
[INFO] 2026-05-25 01:27:39,275 - Running community detection on A-P-C-P-A
[INFO] 2026-05-25 01:27:41,029 - A-P-C-P-A communities=5
[INFO] 2026-05-25 01:27:41,087 - Candidate edges=99516
[INFO] 2026-05-25 01:27:41,459 - Consensus graph nodes=6933 edges=77922
[INFO] 2026-05-25 01:27:41,459 - Running Louvain on consensus graph
[INFO] 2026-05-25 01:27:42,901 - Seed communities=111
[INFO] 2026-05-25 01:27:43,367 - Expanding community 0
[DEBUG] 2026-05-25 01:27:43,622 - [EXPANSION] paper sorted scores=[('p554348', 14), ('p554349', 14), ('p275258', 9), ('p275255', 8), ('p275858', 8), ('p554114', 8), ('p554317', 8), ('p554457', 8), ('p555718', 8), ('p595446', 8)]
[DEBUG] 2026-05-25 01:27:43,632 - [EXPANSION] conference sorted scores=[('c1798', 1003), ('c3594', 930), ('c3329', 899), ('c2504', 502), ('c1801', 324), ('c597', 281), ('c1234', 182), ('c2934', 155), ('c3230', 148), ('c3771', 123)]
[DEBUG] 2026-05-25 01:27:45,875 - [EXPANSION] term sorted scores=[('t19', 1622), ('t63', 1169), ('t4', 1147), ('t35', 1051), ('t461', 1041), ('t45', 918), ('t1', 640), ('t452', 475), ('t512', 424), ('t112', 409)]
[INFO] 2026-05-25 01:27:45,876 - Expanding community 1
[DEBUG] 2026-05-25 01:27:46,140 - [EXPANSION] paper sorted scores=[('p551464', 13), ('p551708', 12), ('p551520', 10), ('p552252', 10), ('p550757', 9), ('p552202', 8), ('p552505', 8), ('p85737', 7), ('p86565', 7), ('p86567', 7)]
[DEBUG] 2026-05-25 01:27:46,145 - [EXPANSION] conference sorted scores=[('c3318', 1360), ('c597', 305), ('c1194', 187), ('c3771', 158), ('c2504', 93), ('c2180', 91), ('c36', 85), ('c1902', 85), ('c1801', 82), ('c1798', 68)]
[DEBUG] 2026-05-25 01:27:47,035 - [EXPANSION] term sorted scores=[('t19', 922), ('t4', 671), ('t63', 624), ('t468', 560), ('t45', 513), ('t35', 459), ('t1', 407), ('t235', 399), ('t109', 295), ('t38', 289)]
[INFO] 2026-05-25 01:27:47,036 - Expanding community 2
[DEBUG] 2026-05-25 01:27:47,177 - [EXPANSION] paper sorted scores=[('p7745', 15), ('p7746', 14), ('p8636', 8), ('p10405', 8), ('p10518', 8), ('p10519', 8), ('p11686', 8), ('p554943', 8), ('p625832', 8), ('p8380', 7)]
[DEBUG] 2026-05-25 01:27:47,183 - [EXPANSION] conference sorted scores=[('c36', 1356), ('c2180', 1340), ('c1902', 305), ('c755', 203), ('c3318', 80), ('c1201', 79), ('c1801', 58), ('c3771', 56), ('c2504', 54), ('c597', 51)]
[DEBUG] 2026-05-25 01:27:48,544 - [EXPANSION] term sorted scores=[('t19', 1019), ('t4', 906), ('t63', 827), ('t45', 753), ('t35', 722), ('t1', 537), ('t12', 486), ('t55', 350), ('t38', 323), ('t10', 315)]
[INFO] 2026-05-25 01:27:48,545 - Expanding community 3
[DEBUG] 2026-05-25 01:27:48,627 - [EXPANSION] paper sorted scores=[('p554816', 8), ('p555361', 8), ('p555663', 8), ('p595556', 8), ('p554317', 7), ('p162538', 6), ('p275231', 6), ('p275431', 6), ('p554199', 6), ('p554350', 6)]
[DEBUG] 2026-05-25 01:27:48,633 - [EXPANSION] conference sorted scores=[('c3594', 1099), ('c3329', 1044), ('c1798', 1032), ('c3027', 406), ('c597', 254), ('c1234', 225), ('c2504', 123), ('c3771', 109), ('c1801', 85), ('c2934', 60)]
[DEBUG] 2026-05-25 01:27:49,943 - [EXPANSION] term sorted scores=[('t19', 1392), ('t4', 1041), ('t35', 1027), ('t63', 964), ('t45', 921), ('t461', 861), ('t1', 618), ('t512', 477), ('t375', 414), ('t112', 407)]
[INFO] 2026-05-25 01:27:49,944 - Expanding community 4
[DEBUG] 2026-05-25 01:27:50,013 - [EXPANSION] paper sorted scores=[('p486987', 6), ('p486990', 6), ('p486993', 6), ('p436139', 5), ('p436447', 5), ('p437338', 5), ('p486996', 5), ('p486999', 5), ('p500763', 5), ('p536310', 5)]
[DEBUG] 2026-05-25 01:27:50,017 - [EXPANSION] conference sorted scores=[('c2504', 466), ('c1902', 331), ('c1801', 219), ('c2934', 156), ('c3011', 152), ('c3230', 106), ('c1798', 90), ('c597', 77), ('c1201', 74), ('c2180', 68)]
[DEBUG] 2026-05-25 01:27:50,508 - [EXPANSION] term sorted scores=[('t19', 621), ('t4', 468), ('t45', 363), ('t63', 354), ('t452', 345), ('t35', 339), ('t461', 337), ('t12', 259), ('t10', 195), ('t1', 192)]
[INFO] 2026-05-25 01:27:50,509 - Expanding community 5
[DEBUG] 2026-05-25 01:27:50,527 - [EXPANSION] paper sorted scores=[('p278072', 5), ('p500407', 5), ('p536225', 5), ('p486582', 2), ('p158822', 1), ('p7601', 0), ('p7604', 0), ('p7605', 0), ('p7610', 0), ('p7612', 0)]
[DEBUG] 2026-05-25 01:27:50,528 - [EXPANSION] conference sorted scores=[('c1201', 1), ('c1801', 1), ('c2934', 1), ('c3011', 1), ('c3230', 1), ('c36', 0), ('c597', 0), ('c755', 0), ('c1194', 0), ('c1234', 0)]
[DEBUG] 2026-05-25 01:27:50,541 - [EXPANSION] term sorted scores=[('t19', 3), ('t249', 3), ('t461', 3), ('t795', 3), ('t45', 2), ('t108', 2), ('t452', 2), ('t1973', 2), ('t53', 1), ('t71', 1)]
[INFO] 2026-05-25 01:27:50,541 - Expanding community 6
[DEBUG] 2026-05-25 01:27:50,558 - [EXPANSION] paper sorted scores=[('p436624', 5), ('p536388', 5), ('p7601', 0), ('p7604', 0), ('p7605', 0), ('p7610', 0), ('p7612', 0), ('p7613', 0), ('p7621', 0), ('p7630', 0)]
[DEBUG] 2026-05-25 01:27:50,559 - [EXPANSION] conference sorted scores=[('c2504', 1), ('c3230', 1), ('c36', 0), ('c597', 0), ('c755', 0), ('c1194', 0), ('c1201', 0), ('c1234', 0), ('c1798', 0), ('c1801', 0)]
[DEBUG] 2026-05-25 01:27:50,569 - [EXPANSION] term sorted scores=[('t1', 2), ('t35', 2), ('t183', 2), ('t452', 2), ('t461', 2), ('t986', 2), ('t1737', 2), ('t1994', 2), ('t6321', 2), ('t9451', 2)]
[INFO] 2026-05-25 01:27:50,570 - Expanding community 7
[DEBUG] 2026-05-25 01:27:50,584 - [EXPANSION] paper sorted scores=[('p11290', 5), ('p86642', 5), ('p556319', 2), ('p357177', 1), ('p7601', 0), ('p7604', 0), ('p7605', 0), ('p7610', 0), ('p7612', 0), ('p7613', 0)]
[DEBUG] 2026-05-25 01:27:50,586 - [EXPANSION] conference sorted scores=[('c36', 1), ('c597', 1), ('c2180', 1), ('c3329', 1), ('c755', 0), ('c1194', 0), ('c1201', 0), ('c1234', 0), ('c1798', 0), ('c1801', 0)]
[DEBUG] 2026-05-25 01:27:50,596 - [EXPANSION] term sorted scores=[('t19', 3), ('t355', 2), ('t26', 1), ('t35', 1), ('t42', 1), ('t45', 1), ('t63', 1), ('t84', 1), ('t226', 1), ('t307', 1)]
[INFO] 2026-05-25 01:27:50,597 - Expanding community 8
[DEBUG] 2026-05-25 01:27:50,610 - [EXPANSION] paper sorted scores=[('p357725', 3), ('p503819', 3), ('p86768', 2), ('p86832', 2), ('p7663', 1), ('p308094', 1), ('p500441', 1), ('p7601', 0), ('p7604', 0), ('p7605', 0)]
[DEBUG] 2026-05-25 01:27:50,612 - [EXPANSION] conference sorted scores=[('c597', 2), ('c36', 1), ('c1902', 1), ('c2180', 1), ('c3011', 1), ('c3027', 1), ('c755', 0), ('c1194', 0), ('c1201', 0), ('c1234', 0)]
[DEBUG] 2026-05-25 01:27:50,622 - [EXPANSION] term sorted scores=[('t4', 3), ('t35', 2), ('t38', 2), ('t220', 2), ('t1434', 2), ('t2154', 2), ('t2665', 2), ('t5059', 2), ('t9', 1), ('t81', 1)]
[INFO] 2026-05-25 01:27:50,623 - Expanding community 9
[DEBUG] 2026-05-25 01:27:50,636 - [EXPANSION] paper sorted scores=[('p162593', 4), ('p595351', 4), ('p625579', 2), ('p500515', 1), ('p7601', 0), ('p7604', 0), ('p7605', 0), ('p7610', 0), ('p7612', 0), ('p7613', 0)]
[DEBUG] 2026-05-25 01:27:50,638 - [EXPANSION] conference sorted scores=[('c1234', 1), ('c3011', 1), ('c3594', 1), ('c3771', 1), ('c36', 0), ('c597', 0), ('c755', 0), ('c1194', 0), ('c1201', 0), ('c1798', 0)]
[DEBUG] 2026-05-25 01:27:50,648 - [EXPANSION] term sorted scores=[('t460', 4), ('t55', 2), ('t461', 2), ('t5007', 2), ('t35', 1), ('t38', 1), ('t45', 1), ('t54', 1), ('t63', 1), ('t69', 1)]
[INFO] 2026-05-25 01:27:50,648 - Expanding community 10
[DEBUG] 2026-05-25 01:27:50,661 - [EXPANSION] paper sorted scores=[('p278520', 3), ('p278521', 3), ('p7601', 0), ('p7604', 0), ('p7605', 0), ('p7610', 0), ('p7612', 0), ('p7613', 0), ('p7621', 0), ('p7630', 0)]
[DEBUG] 2026-05-25 01:27:50,663 - [EXPANSION] conference sorted scores=[('c1801', 2), ('c36', 0), ('c597', 0), ('c755', 0), ('c1194', 0), ('c1201', 0), ('c1234', 0), ('c1798', 0), ('c1902', 0), ('c2180', 0)]
[DEBUG] 2026-05-25 01:27:50,672 - [EXPANSION] term sorted scores=[('t55', 2), ('t109', 2), ('t452', 2), ('t1', 1), ('t35', 1), ('t45', 1), ('t63', 1), ('t293', 1), ('t315', 1), ('t461', 1)]
[INFO] 2026-05-25 01:27:50,672 - Expanding community 11
[DEBUG] 2026-05-25 01:27:50,685 - [EXPANSION] paper sorted scores=[('p436145', 3), ('p536283', 3), ('p162813', 1), ('p7601', 0), ('p7604', 0), ('p7605', 0), ('p7610', 0), ('p7612', 0), ('p7613', 0), ('p7621', 0)]
[DEBUG] 2026-05-25 01:27:50,687 - [EXPANSION] conference sorted scores=[('c1234', 1), ('c2504', 1), ('c3230', 1), ('c36', 0), ('c597', 0), ('c755', 0), ('c1194', 0), ('c1201', 0), ('c1798', 0), ('c1801', 0)]
[DEBUG] 2026-05-25 01:27:50,697 - [EXPANSION] term sorted scores=[('t45', 2), ('t461', 2), ('t955', 2), ('t4', 1), ('t19', 1), ('t53', 1), ('t63', 1), ('t81', 1), ('t108', 1), ('t163', 1)]
[INFO] 2026-05-25 01:27:50,697 - Expanding community 12
[DEBUG] 2026-05-25 01:27:50,710 - [EXPANSION] paper sorted scores=[('p278374', 3), ('p536343', 3), ('p7601', 0), ('p7604', 0), ('p7605', 0), ('p7610', 0), ('p7612', 0), ('p7613', 0), ('p7621', 0), ('p7630', 0)]
[DEBUG] 2026-05-25 01:27:50,711 - [EXPANSION] conference sorted scores=[('c1801', 1), ('c3230', 1), ('c36', 0), ('c597', 0), ('c755', 0), ('c1194', 0), ('c1201', 0), ('c1234', 0), ('c1798', 0), ('c1902', 0)]
[DEBUG] 2026-05-25 01:27:50,721 - [EXPANSION] term sorted scores=[('t103', 2), ('t220', 2), ('t2665', 2), ('t19', 1), ('t298', 1), ('t1343', 1), ('t1', 0), ('t2', 0), ('t3', 0), ('t4', 0)]
[INFO] 2026-05-25 01:27:50,721 - Expanding community 13
[DEBUG] 2026-05-25 01:27:50,735 - [EXPANSION] paper sorted scores=[('p86814', 3), ('p156993', 3), ('p86354', 1), ('p7601', 0), ('p7604', 0), ('p7605', 0), ('p7610', 0), ('p7612', 0), ('p7613', 0), ('p7621', 0)]
[DEBUG] 2026-05-25 01:27:50,736 - [EXPANSION] conference sorted scores=[('c597', 2), ('c1194', 1), ('c36', 0), ('c755', 0), ('c1201', 0), ('c1234', 0), ('c1798', 0), ('c1801', 0), ('c1902', 0), ('c2180', 0)]
[DEBUG] 2026-05-25 01:27:50,745 - [EXPANSION] term sorted scores=[('t81', 2), ('t568', 2), ('t1656', 2), ('t2244', 2), ('t35', 1), ('t38', 1), ('t45', 1), ('t112', 1), ('t133', 1), ('t148', 1)]
[INFO] 2026-05-25 01:27:50,746 - Expanding community 14
[DEBUG] 2026-05-25 01:27:50,759 - [EXPANSION] paper sorted scores=[('p504557', 3), ('p555889', 3), ('p536234', 2), ('p118053', 1), ('p7601', 0), ('p7604', 0), ('p7605', 0), ('p7610', 0), ('p7612', 0), ('p7613', 0)]
[DEBUG] 2026-05-25 01:27:50,760 - [EXPANSION] conference sorted scores=[('c755', 1), ('c3027', 1), ('c3230', 1), ('c3329', 1), ('c36', 0), ('c597', 0), ('c1194', 0), ('c1201', 0), ('c1234', 0), ('c1798', 0)]
[DEBUG] 2026-05-25 01:27:50,770 - [EXPANSION] term sorted scores=[('t55', 2), ('t63', 2), ('t177', 2), ('t461', 2), ('t501', 2), ('t521', 2), ('t19', 1), ('t35', 1), ('t45', 1), ('t54', 1)]
[INFO] 2026-05-25 01:27:50,771 - Expanding community 15
[DEBUG] 2026-05-25 01:27:50,784 - [EXPANSION] paper sorted scores=[('p86239', 3), ('p162824', 3), ('p162825', 3), ('p86241', 2), ('p163029', 2), ('p7601', 0), ('p7604', 0), ('p7605', 0), ('p7610', 0), ('p7612', 0)]
[DEBUG] 2026-05-25 01:27:50,786 - [EXPANSION] conference sorted scores=[('c1234', 3), ('c597', 2), ('c36', 0), ('c755', 0), ('c1194', 0), ('c1201', 0), ('c1798', 0), ('c1801', 0), ('c1902', 0), ('c2180', 0)]
[DEBUG] 2026-05-25 01:27:50,795 - [EXPANSION] term sorted scores=[('t19', 3), ('t51', 2), ('t63', 2), ('t726', 2), ('t794', 2), ('t2553', 2), ('t1', 1), ('t35', 1), ('t54', 1), ('t155', 1)]
[INFO] 2026-05-25 01:27:50,796 - Expanding community 16
[DEBUG] 2026-05-25 01:27:50,809 - [EXPANSION] paper sorted scores=[('p357715', 3), ('p360829', 3), ('p308386', 2), ('p309850', 1), ('p7601', 0), ('p7604', 0), ('p7605', 0), ('p7610', 0), ('p7612', 0), ('p7613', 0)]
[DEBUG] 2026-05-25 01:27:50,810 - [EXPANSION] conference sorted scores=[('c1902', 2), ('c2180', 2), ('c36', 0), ('c597', 0), ('c755', 0), ('c1194', 0), ('c1201', 0), ('c1234', 0), ('c1798', 0), ('c1801', 0)]
[DEBUG] 2026-05-25 01:27:50,820 - [EXPANSION] term sorted scores=[('t19', 3), ('t12', 2), ('t385', 2), ('t1', 1), ('t4', 1), ('t35', 1), ('t45', 1), ('t46', 1), ('t119', 1), ('t134', 1)]
[INFO] 2026-05-25 01:27:50,821 - Expanding community 17
[DEBUG] 2026-05-25 01:27:50,834 - [EXPANSION] paper sorted scores=[('p86945', 3), ('p157133', 3), ('p7601', 0), ('p7604', 0), ('p7605', 0), ('p7610', 0), ('p7612', 0), ('p7613', 0), ('p7621', 0), ('p7630', 0)]
[DEBUG] 2026-05-25 01:27:50,835 - [EXPANSION] conference sorted scores=[('c597', 1), ('c1194', 1), ('c36', 0), ('c755', 0), ('c1201', 0), ('c1234', 0), ('c1798', 0), ('c1801', 0), ('c1902', 0), ('c2180', 0)]
[DEBUG] 2026-05-25 01:27:50,845 - [EXPANSION] term sorted scores=[('t49', 2), ('t1837', 2), ('t81', 1), ('t91', 1), ('t368', 1), ('t534', 1), ('t844', 1), ('t1248', 1), ('t1', 0), ('t2', 0)]
[INFO] 2026-05-25 01:27:50,845 - Expanding community 18
[DEBUG] 2026-05-25 01:27:50,858 - [EXPANSION] paper sorted scores=[('p163066', 3), ('p556465', 3), ('p7601', 0), ('p7604', 0), ('p7605', 0), ('p7610', 0), ('p7612', 0), ('p7613', 0), ('p7621', 0), ('p7630', 0)]
[DEBUG] 2026-05-25 01:27:50,860 - [EXPANSION] conference sorted scores=[('c1234', 1), ('c3329', 1), ('c36', 0), ('c597', 0), ('c755', 0), ('c1194', 0), ('c1201', 0), ('c1798', 0), ('c1801', 0), ('c1902', 0)]
[DEBUG] 2026-05-25 01:27:50,869 - [EXPANSION] term sorted scores=[('t1', 2), ('t998', 2), ('t6787', 2), ('t4', 1), ('t63', 1), ('t358', 1), ('t524', 1), ('t651', 1), ('t657', 1), ('t733', 1)]
[INFO] 2026-05-25 01:27:50,869 - Expanding community 19
[DEBUG] 2026-05-25 01:27:50,883 - [EXPANSION] paper sorted scores=[('p11916', 3), ('p86843', 3), ('p501011', 1), ('p7601', 0), ('p7604', 0), ('p7605', 0), ('p7610', 0), ('p7612', 0), ('p7613', 0), ('p7621', 0)]
[DEBUG] 2026-05-25 01:27:50,884 - [EXPANSION] conference sorted scores=[('c36', 1), ('c597', 1), ('c3011', 1), ('c755', 0), ('c1194', 0), ('c1201', 0), ('c1234', 0), ('c1798', 0), ('c1801', 0), ('c1902', 0)]
[DEBUG] 2026-05-25 01:27:50,894 - [EXPANSION] term sorted scores=[('t147', 2), ('t4', 1), ('t10', 1), ('t12', 1), ('t19', 1), ('t26', 1), ('t38', 1), ('t45', 1), ('t55', 1), ('t81', 1)]
[INFO] 2026-05-25 01:27:50,894 - Expanding community 20
[DEBUG] 2026-05-25 01:27:50,908 - [EXPANSION] paper sorted scores=[('p357958', 3), ('p359805', 3), ('p7601', 0), ('p7604', 0), ('p7605', 0), ('p7610', 0), ('p7612', 0), ('p7613', 0), ('p7621', 0), ('p7630', 0)]
[DEBUG] 2026-05-25 01:27:50,909 - [EXPANSION] conference sorted scores=[('c2180', 2), ('c36', 0), ('c597', 0), ('c755', 0), ('c1194', 0), ('c1201', 0), ('c1234', 0), ('c1798', 0), ('c1801', 0), ('c1902', 0)]
[DEBUG] 2026-05-25 01:27:50,918 - [EXPANSION] term sorted scores=[('t358', 2), ('t4', 1), ('t17', 1), ('t19', 1), ('t37', 1), ('t63', 1), ('t298', 1), ('t405', 1), ('t428', 1), ('t847', 1)]
[INFO] 2026-05-25 01:27:50,918 - Expanding community 21
[DEBUG] 2026-05-25 01:27:50,931 - [EXPANSION] paper sorted scores=[('p487197', 3), ('p11483', 2), ('p308965', 2), ('p308967', 2), ('p360582', 1), ('p7601', 0), ('p7604', 0), ('p7605', 0), ('p7610', 0), ('p7612', 0)]
[DEBUG] 2026-05-25 01:27:50,933 - [EXPANSION] conference sorted scores=[('c1902', 2), ('c36', 1), ('c2180', 1), ('c2934', 1), ('c597', 0), ('c755', 0), ('c1194', 0), ('c1201', 0), ('c1234', 0), ('c1798', 0)]
[DEBUG] 2026-05-25 01:27:50,943 - [EXPANSION] term sorted scores=[('t4', 4), ('t1', 2), ('t114', 2), ('t649', 2), ('t2206', 2), ('t2207', 2), ('t6', 1), ('t35', 1), ('t38', 1), ('t45', 1)]
[INFO] 2026-05-25 01:27:50,943 - Expanding community 22
[DEBUG] 2026-05-25 01:27:50,957 - [EXPANSION] paper sorted scores=[('p487424', 3), ('p487505', 3), ('p487524', 2), ('p536489', 2), ('p7601', 0), ('p7604', 0), ('p7605', 0), ('p7610', 0), ('p7612', 0), ('p7613', 0)]
[DEBUG] 2026-05-25 01:27:50,958 - [EXPANSION] conference sorted scores=[('c2934', 3), ('c3230', 1), ('c36', 0), ('c597', 0), ('c755', 0), ('c1194', 0), ('c1201', 0), ('c1234', 0), ('c1798', 0), ('c1801', 0)]
[DEBUG] 2026-05-25 01:27:50,968 - [EXPANSION] term sorted scores=[('t1340', 2), ('t1', 1), ('t19', 1), ('t26', 1), ('t38', 1), ('t45', 1), ('t63', 1), ('t112', 1), ('t115', 1), ('t148', 1)]
[INFO] 2026-05-25 01:27:50,968 - Expanding community 23
[DEBUG] 2026-05-25 01:27:50,982 - [EXPANSION] paper sorted scores=[('p487349', 3), ('p158781', 2), ('p308453', 2), ('p308454', 2), ('p500603', 2), ('p500605', 2), ('p500609', 2), ('p158780', 1), ('p7601', 0), ('p7604', 0)]
[DEBUG] 2026-05-25 01:27:50,983 - [EXPANSION] conference sorted scores=[('c3011', 3), ('c1201', 2), ('c1902', 2), ('c2934', 1), ('c36', 0), ('c597', 0), ('c755', 0), ('c1194', 0), ('c1234', 0), ('c1798', 0)]
[DEBUG] 2026-05-25 01:27:50,994 - [EXPANSION] term sorted scores=[('t63', 3), ('t108', 3), ('t6468', 3), ('t19', 2), ('t35', 2), ('t55', 2), ('t98', 2), ('t142', 2), ('t250', 2), ('t461', 2)]
[INFO] 2026-05-25 01:27:50,994 - Expanding community 24
[DEBUG] 2026-05-25 01:27:51,007 - [EXPANSION] paper sorted scores=[('p356978', 3), ('p358268', 3), ('p7601', 0), ('p7604', 0), ('p7605', 0), ('p7610', 0), ('p7612', 0), ('p7613', 0), ('p7621', 0), ('p7630', 0)]
[DEBUG] 2026-05-25 01:27:51,009 - [EXPANSION] conference sorted scores=[('c2180', 2), ('c36', 0), ('c597', 0), ('c755', 0), ('c1194', 0), ('c1201', 0), ('c1234', 0), ('c1798', 0), ('c1801', 0), ('c1902', 0)]
[DEBUG] 2026-05-25 01:27:51,018 - [EXPANSION] term sorted scores=[('t4', 2), ('t1077', 2), ('t1', 1), ('t63', 1), ('t67', 1), ('t112', 1), ('t173', 1), ('t238', 1), ('t428', 1), ('t847', 1)]
[INFO] 2026-05-25 01:27:51,018 - Expanding community 25
[DEBUG] 2026-05-25 01:27:51,032 - [EXPANSION] paper sorted scores=[('p437077', 3), ('p501013', 3), ('p7601', 0), ('p7604', 0), ('p7605', 0), ('p7610', 0), ('p7612', 0), ('p7613', 0), ('p7621', 0), ('p7630', 0)]
[DEBUG] 2026-05-25 01:27:51,033 - [EXPANSION] conference sorted scores=[('c2504', 1), ('c3011', 1), ('c36', 0), ('c597', 0), ('c755', 0), ('c1194', 0), ('c1201', 0), ('c1234', 0), ('c1798', 0), ('c1801', 0)]
[DEBUG] 2026-05-25 01:27:51,042 - [EXPANSION] term sorted scores=[('t63', 2), ('t112', 2), ('t483', 2), ('t489', 2), ('t1043', 2), ('t1044', 2), ('t26', 1), ('t271', 1), ('t452', 1), ('t461', 1)]
[INFO] 2026-05-25 01:27:51,043 - Expanding community 26
[DEBUG] 2026-05-25 01:27:51,056 - [EXPANSION] paper sorted scores=[('p86386', 3), ('p278275', 3), ('p7601', 0), ('p7604', 0), ('p7605', 0), ('p7610', 0), ('p7612', 0), ('p7613', 0), ('p7621', 0), ('p7630', 0)]
[DEBUG] 2026-05-25 01:27:51,057 - [EXPANSION] conference sorted scores=[('c597', 1), ('c1801', 1), ('c36', 0), ('c755', 0), ('c1194', 0), ('c1201', 0), ('c1234', 0), ('c1798', 0), ('c1902', 0), ('c2180', 0)]
[DEBUG] 2026-05-25 01:27:51,066 - [EXPANSION] term sorted scores=[('t4', 2), ('t478', 2), ('t10', 1), ('t37', 1), ('t54', 1), ('t114', 1), ('t228', 1), ('t479', 1), ('t560', 1), ('t1261', 1)]
[INFO] 2026-05-25 01:27:51,067 - Expanding community 27
[DEBUG] 2026-05-25 01:27:51,080 - [EXPANSION] paper sorted scores=[('p437012', 3), ('p626669', 3), ('p7601', 0), ('p7604', 0), ('p7605', 0), ('p7610', 0), ('p7612', 0), ('p7613', 0), ('p7621', 0), ('p7630', 0)]
[DEBUG] 2026-05-25 01:27:51,081 - [EXPANSION] conference sorted scores=[('c2504', 1), ('c3771', 1), ('c36', 0), ('c597', 0), ('c755', 0), ('c1194', 0), ('c1201', 0), ('c1234', 0), ('c1798', 0), ('c1801', 0)]
[DEBUG] 2026-05-25 01:27:51,090 - [EXPANSION] term sorted scores=[('t109', 2), ('t233', 2), ('t10', 1), ('t35', 1), ('t39', 1), ('t45', 1), ('t55', 1), ('t63', 1), ('t107', 1), ('t365', 1)]
[INFO] 2026-05-25 01:27:51,091 - Expanding community 28
[DEBUG] 2026-05-25 01:27:51,104 - [EXPANSION] paper sorted scores=[('p359989', 3), ('p360768', 3), ('p7601', 0), ('p7604', 0), ('p7605', 0), ('p7610', 0), ('p7612', 0), ('p7613', 0), ('p7621', 0), ('p7630', 0)]
[DEBUG] 2026-05-25 01:27:51,105 - [EXPANSION] conference sorted scores=[('c2180', 2), ('c36', 0), ('c597', 0), ('c755', 0), ('c1194', 0), ('c1201', 0), ('c1234', 0), ('c1798', 0), ('c1801', 0), ('c1902', 0)]
[DEBUG] 2026-05-25 01:27:51,114 - [EXPANSION] term sorted scores=[('t4', 2), ('t35', 1), ('t114', 1), ('t187', 1), ('t249', 1), ('t391', 1), ('t436', 1), ('t502', 1), ('t937', 1), ('t1209', 1)]
[INFO] 2026-05-25 01:27:51,115 - Expanding community 29
[DEBUG] 2026-05-25 01:27:51,128 - [EXPANSION] paper sorted scores=[('p278304', 3), ('p357168', 3), ('p8721', 2), ('p536370', 1), ('p536552', 1), ('p7601', 0), ('p7604', 0), ('p7605', 0), ('p7610', 0), ('p7612', 0)]
[DEBUG] 2026-05-25 01:27:51,129 - [EXPANSION] conference sorted scores=[('c3230', 2), ('c36', 1), ('c1801', 1), ('c2180', 1), ('c597', 0), ('c755', 0), ('c1194', 0), ('c1201', 0), ('c1234', 0), ('c1798', 0)]
[DEBUG] 2026-05-25 01:27:51,139 - [EXPANSION] term sorted scores=[('t19', 3), ('t737', 3), ('t38', 2), ('t354', 2), ('t890', 2), ('t1575', 2), ('t2287', 2), ('t4', 1), ('t10', 1), ('t21', 1)]
[INFO] 2026-05-25 01:27:51,140 - Expanding community 30
[DEBUG] 2026-05-25 01:27:51,153 - [EXPANSION] paper sorted scores=[('p436579', 3), ('p500550', 3), ('p158952', 1), ('p7601', 0), ('p7604', 0), ('p7605', 0), ('p7610', 0), ('p7612', 0), ('p7613', 0), ('p7621', 0)]
[DEBUG] 2026-05-25 01:27:51,154 - [EXPANSION] conference sorted scores=[('c1201', 1), ('c2504', 1), ('c3011', 1), ('c36', 0), ('c597', 0), ('c755', 0), ('c1194', 0), ('c1234', 0), ('c1798', 0), ('c1801', 0)]
[DEBUG] 2026-05-25 01:27:51,164 - [EXPANSION] term sorted scores=[('t1', 1), ('t10', 1), ('t26', 1), ('t55', 1), ('t153', 1), ('t190', 1), ('t220', 1), ('t231', 1), ('t282', 1), ('t358', 1)]
[INFO] 2026-05-25 01:27:51,165 - Expanding community 31
[DEBUG] 2026-05-25 01:27:51,178 - [EXPANSION] paper sorted scores=[('p504514', 3), ('p556433', 3), ('p7601', 0), ('p7604', 0), ('p7605', 0), ('p7610', 0), ('p7612', 0), ('p7613', 0), ('p7621', 0), ('p7630', 0)]
[DEBUG] 2026-05-25 01:27:51,179 - [EXPANSION] conference sorted scores=[('c3027', 1), ('c3329', 1), ('c36', 0), ('c597', 0), ('c755', 0), ('c1194', 0), ('c1201', 0), ('c1234', 0), ('c1798', 0), ('c1801', 0)]
[DEBUG] 2026-05-25 01:27:51,188 - [EXPANSION] term sorted scores=[('t55', 2), ('t2534', 2), ('t19', 1), ('t45', 1), ('t82', 1), ('t209', 1), ('t343', 1), ('t344', 1), ('t375', 1), ('t1213', 1)]
[INFO] 2026-05-25 01:27:51,189 - Expanding community 32
[DEBUG] 2026-05-25 01:27:51,202 - [EXPANSION] paper sorted scores=[('p357566', 3), ('p357567', 3), ('p7601', 0), ('p7604', 0), ('p7605', 0), ('p7610', 0), ('p7612', 0), ('p7613', 0), ('p7621', 0), ('p7630', 0)]
[DEBUG] 2026-05-25 01:27:51,203 - [EXPANSION] conference sorted scores=[('c2180', 2), ('c36', 0), ('c597', 0), ('c755', 0), ('c1194', 0), ('c1201', 0), ('c1234', 0), ('c1798', 0), ('c1801', 0), ('c1902', 0)]
[DEBUG] 2026-05-25 01:27:51,212 - [EXPANSION] term sorted scores=[('t767', 2), ('t4', 1), ('t45', 1), ('t48', 1), ('t1081', 1), ('t1172', 1), ('t1244', 1), ('t1578', 1), ('t1922', 1), ('t1932', 1)]
[INFO] 2026-05-25 01:27:51,213 - Expanding community 33
[DEBUG] 2026-05-25 01:27:51,226 - [EXPANSION] paper sorted scores=[('p86553', 3), ('p504434', 3), ('p597171', 3), ('p7601', 0), ('p7604', 0), ('p7605', 0), ('p7610', 0), ('p7612', 0), ('p7613', 0), ('p7621', 0)]
[DEBUG] 2026-05-25 01:27:51,227 - [EXPANSION] conference sorted scores=[('c597', 1), ('c3027', 1), ('c3594', 1), ('c36', 0), ('c755', 0), ('c1194', 0), ('c1201', 0), ('c1234', 0), ('c1798', 0), ('c1801', 0)]
[DEBUG] 2026-05-25 01:27:51,237 - [EXPANSION] term sorted scores=[('t4', 2), ('t19', 1), ('t35', 1), ('t45', 1), ('t63', 1), ('t84', 1), ('t114', 1), ('t128', 1), ('t134', 1), ('t180', 1)]
[INFO] 2026-05-25 01:27:51,237 - Expanding community 34
[DEBUG] 2026-05-25 01:27:51,251 - [EXPANSION] paper sorted scores=[('p436685', 3), ('p158920', 2), ('p159254', 2), ('p500993', 2), ('p7601', 0), ('p7604', 0), ('p7605', 0), ('p7610', 0), ('p7612', 0), ('p7613', 0)]
[DEBUG] 2026-05-25 01:27:51,252 - [EXPANSION] conference sorted scores=[('c1201', 2), ('c2504', 1), ('c3011', 1), ('c36', 0), ('c597', 0), ('c755', 0), ('c1194', 0), ('c1234', 0), ('c1798', 0), ('c1801', 0)]
[DEBUG] 2026-05-25 01:27:51,262 - [EXPANSION] term sorted scores=[('t19', 2), ('t452', 2), ('t38', 1), ('t135', 1), ('t349', 1), ('t461', 1), ('t521', 1), ('t560', 1), ('t634', 1), ('t821', 1)]
[INFO] 2026-05-25 01:27:51,262 - Expanding community 35
[DEBUG] 2026-05-25 01:27:51,275 - [EXPANSION] paper sorted scores=[('p554709', 3), ('p625790', 3), ('p7601', 0), ('p7604', 0), ('p7605', 0), ('p7610', 0), ('p7612', 0), ('p7613', 0), ('p7621', 0), ('p7630', 0)]
[DEBUG] 2026-05-25 01:27:51,277 - [EXPANSION] conference sorted scores=[('c3329', 1), ('c3771', 1), ('c36', 0), ('c597', 0), ('c755', 0), ('c1194', 0), ('c1201', 0), ('c1234', 0), ('c1798', 0), ('c1801', 0)]
[DEBUG] 2026-05-25 01:27:51,286 - [EXPANSION] term sorted scores=[('t119', 2), ('t461', 2), ('t4', 1), ('t109', 1), ('t402', 1), ('t648', 1), ('t2278', 1), ('t4452', 1), ('t12068', 1), ('t1', 0)]
[INFO] 2026-05-25 01:27:51,286 - Expanding community 36
[DEBUG] 2026-05-25 01:27:51,299 - [EXPANSION] paper sorted scores=[('p486690', 2), ('p486692', 2), ('p486697', 2), ('p500553', 2), ('p275916', 1), ('p500554', 1), ('p7601', 0), ('p7604', 0), ('p7605', 0), ('p7610', 0)]
[DEBUG] 2026-05-25 01:27:51,301 - [EXPANSION] conference sorted scores=[('c2934', 3), ('c3011', 2), ('c1798', 1), ('c36', 0), ('c597', 0), ('c755', 0), ('c1194', 0), ('c1201', 0), ('c1234', 0), ('c1801', 0)]
[DEBUG] 2026-05-25 01:27:51,311 - [EXPANSION] term sorted scores=[('t226', 4), ('t461', 4), ('t4', 2), ('t19', 2), ('t35', 2), ('t45', 2), ('t57', 2), ('t103', 2), ('t1107', 2), ('t1434', 2)]
[INFO] 2026-05-25 01:27:51,311 - Expanding community 37
[DEBUG] 2026-05-25 01:27:51,324 - [EXPANSION] paper sorted scores=[('p8749', 2), ('p357840', 2), ('p7601', 0), ('p7604', 0), ('p7605', 0), ('p7610', 0), ('p7612', 0), ('p7613', 0), ('p7621', 0), ('p7630', 0)]
[DEBUG] 2026-05-25 01:27:51,325 - [EXPANSION] conference sorted scores=[('c36', 1), ('c2180', 1), ('c597', 0), ('c755', 0), ('c1194', 0), ('c1201', 0), ('c1234', 0), ('c1798', 0), ('c1801', 0), ('c1902', 0)]
[DEBUG] 2026-05-25 01:27:51,334 - [EXPANSION] term sorted scores=[('t174', 2), ('t2866', 2), ('t35', 1), ('t38', 1), ('t55', 1), ('t63', 1), ('t81', 1), ('t135', 1), ('t299', 1), ('t490', 1)]
[INFO] 2026-05-25 01:27:51,335 - Expanding community 38
[DEBUG] 2026-05-25 01:27:51,348 - [EXPANSION] paper sorted scores=[('p308368', 2), ('p437033', 2), ('p158612', 1), ('p159239', 1), ('p7601', 0), ('p7604', 0), ('p7605', 0), ('p7610', 0), ('p7612', 0), ('p7613', 0)]
[DEBUG] 2026-05-25 01:27:51,349 - [EXPANSION] conference sorted scores=[('c1201', 2), ('c1902', 1), ('c2504', 1), ('c36', 0), ('c597', 0), ('c755', 0), ('c1194', 0), ('c1234', 0), ('c1798', 0), ('c1801', 0)]
[DEBUG] 2026-05-25 01:27:51,359 - [EXPANSION] term sorted scores=[('t12', 2), ('t38', 2), ('t4', 1), ('t26', 1), ('t35', 1), ('t45', 1), ('t63', 1), ('t134', 1), ('t135', 1), ('t297', 1)]
[INFO] 2026-05-25 01:27:51,359 - Expanding community 39
[DEBUG] 2026-05-25 01:27:51,372 - [EXPANSION] paper sorted scores=[('p278427', 2), ('p596841', 2), ('p7601', 0), ('p7604', 0), ('p7605', 0), ('p7610', 0), ('p7612', 0), ('p7613', 0), ('p7621', 0), ('p7630', 0)]
[DEBUG] 2026-05-25 01:27:51,373 - [EXPANSION] conference sorted scores=[('c1801', 1), ('c3594', 1), ('c36', 0), ('c597', 0), ('c755', 0), ('c1194', 0), ('c1201', 0), ('c1234', 0), ('c1798', 0), ('c1902', 0)]
[DEBUG] 2026-05-25 01:27:51,383 - [EXPANSION] term sorted scores=[('t4', 2), ('t1', 1), ('t35', 1), ('t55', 1), ('t206', 1), ('t225', 1), ('t226', 1), ('t461', 1), ('t512', 1), ('t514', 1)]
[INFO] 2026-05-25 01:27:51,383 - Expanding community 40
[DEBUG] 2026-05-25 01:27:51,396 - [EXPANSION] paper sorted scores=[('p357679', 2), ('p359756', 2), ('p596572', 1), ('p7601', 0), ('p7604', 0), ('p7605', 0), ('p7610', 0), ('p7612', 0), ('p7613', 0), ('p7621', 0)]
[DEBUG] 2026-05-25 01:27:51,397 - [EXPANSION] conference sorted scores=[('c2180', 2), ('c3594', 1), ('c36', 0), ('c597', 0), ('c755', 0), ('c1194', 0), ('c1201', 0), ('c1234', 0), ('c1798', 0), ('c1801', 0)]
[DEBUG] 2026-05-25 01:27:51,406 - [EXPANSION] term sorted scores=[('t19', 2), ('t419', 2), ('t35', 1), ('t38', 1), ('t54', 1), ('t280', 1), ('t309', 1), ('t312', 1), ('t558', 1), ('t933', 1)]
[INFO] 2026-05-25 01:27:51,407 - Expanding community 41
[DEBUG] 2026-05-25 01:27:51,420 - [EXPANSION] paper sorted scores=[('p12264', 2), ('p360595', 2), ('p7601', 0), ('p7604', 0), ('p7605', 0), ('p7610', 0), ('p7612', 0), ('p7613', 0), ('p7621', 0), ('p7630', 0)]
[DEBUG] 2026-05-25 01:27:51,422 - [EXPANSION] conference sorted scores=[('c36', 1), ('c2180', 1), ('c597', 0), ('c755', 0), ('c1194', 0), ('c1201', 0), ('c1234', 0), ('c1798', 0), ('c1801', 0), ('c1902', 0)]
[DEBUG] 2026-05-25 01:27:51,431 - [EXPANSION] term sorted scores=[('t174', 2), ('t4', 1), ('t35', 1), ('t63', 1), ('t300', 1), ('t554', 1), ('t723', 1), ('t1194', 1), ('t1313', 1), ('t1321', 1)]
[INFO] 2026-05-25 01:27:51,431 - Expanding community 42
[DEBUG] 2026-05-25 01:27:51,444 - [EXPANSION] paper sorted scores=[('p486930', 2), ('p486932', 2), ('p555763', 2), ('p7601', 0), ('p7604', 0), ('p7605', 0), ('p7610', 0), ('p7612', 0), ('p7613', 0), ('p7621', 0)]
[DEBUG] 2026-05-25 01:27:51,445 - [EXPANSION] conference sorted scores=[('c2934', 2), ('c3329', 1), ('c36', 0), ('c597', 0), ('c755', 0), ('c1194', 0), ('c1201', 0), ('c1234', 0), ('c1798', 0), ('c1801', 0)]
[DEBUG] 2026-05-25 01:27:51,455 - [EXPANSION] term sorted scores=[('t45', 2), ('t103', 2), ('t461', 2), ('t1', 1), ('t4', 1), ('t35', 1), ('t38', 1), ('t55', 1), ('t63', 1), ('t108', 1)]
[INFO] 2026-05-25 01:27:51,455 - Expanding community 43
[DEBUG] 2026-05-25 01:27:51,468 - [EXPANSION] paper sorted scores=[('p278086', 2), ('p500462', 2), ('p595497', 1), ('p7601', 0), ('p7604', 0), ('p7605', 0), ('p7610', 0), ('p7612', 0), ('p7613', 0), ('p7621', 0)]
[DEBUG] 2026-05-25 01:27:51,469 - [EXPANSION] conference sorted scores=[('c1801', 1), ('c3011', 1), ('c3594', 1), ('c36', 0), ('c597', 0), ('c755', 0), ('c1194', 0), ('c1201', 0), ('c1234', 0), ('c1798', 0)]
[DEBUG] 2026-05-25 01:27:51,479 - [EXPANSION] term sorted scores=[('t26', 2), ('t55', 2), ('t282', 2), ('t479', 2), ('t4', 1), ('t35', 1), ('t63', 1), ('t82', 1), ('t114', 1), ('t134', 1)]
[INFO] 2026-05-25 01:27:51,479 - Expanding community 44
[DEBUG] 2026-05-25 01:27:51,492 - [EXPANSION] paper sorted scores=[('p486954', 2), ('p500737', 2), ('p278400', 1), ('p7601', 0), ('p7604', 0), ('p7605', 0), ('p7610', 0), ('p7612', 0), ('p7613', 0), ('p7621', 0)]
[DEBUG] 2026-05-25 01:27:51,493 - [EXPANSION] conference sorted scores=[('c1801', 1), ('c2934', 1), ('c3011', 1), ('c36', 0), ('c597', 0), ('c755', 0), ('c1194', 0), ('c1201', 0), ('c1234', 0), ('c1798', 0)]
[DEBUG] 2026-05-25 01:27:51,503 - [EXPANSION] term sorted scores=[('t19', 2), ('t35', 2), ('t368', 2), ('t63', 1), ('t108', 1), ('t114', 1), ('t173', 1), ('t226', 1), ('t271', 1), ('t418', 1)]
[INFO] 2026-05-25 01:27:51,503 - Expanding community 45
[DEBUG] 2026-05-25 01:27:51,516 - [EXPANSION] paper sorted scores=[('p8387', 2), ('p359099', 2), ('p7601', 0), ('p7604', 0), ('p7605', 0), ('p7610', 0), ('p7612', 0), ('p7613', 0), ('p7621', 0), ('p7630', 0)]
[DEBUG] 2026-05-25 01:27:51,517 - [EXPANSION] conference sorted scores=[('c36', 1), ('c2180', 1), ('c597', 0), ('c755', 0), ('c1194', 0), ('c1201', 0), ('c1234', 0), ('c1798', 0), ('c1801', 0), ('c1902', 0)]
[DEBUG] 2026-05-25 01:27:51,527 - [EXPANSION] term sorted scores=[('t1526', 2), ('t10', 1), ('t39', 1), ('t55', 1), ('t81', 1), ('t174', 1), ('t1457', 1), ('t1612', 1), ('t1872', 1), ('t1873', 1)]
[INFO] 2026-05-25 01:27:51,527 - Expanding community 46
[DEBUG] 2026-05-25 01:27:51,540 - [EXPANSION] paper sorted scores=[('p359205', 2), ('p359428', 2), ('p437360', 1), ('p500627', 1), ('p500879', 1), ('p7601', 0), ('p7604', 0), ('p7605', 0), ('p7610', 0), ('p7612', 0)]
[DEBUG] 2026-05-25 01:27:51,541 - [EXPANSION] conference sorted scores=[('c2180', 2), ('c3011', 2), ('c2504', 1), ('c36', 0), ('c597', 0), ('c755', 0), ('c1194', 0), ('c1201', 0), ('c1234', 0), ('c1798', 0)]
[DEBUG] 2026-05-25 01:27:51,551 - [EXPANSION] term sorted scores=[('t63', 2), ('t134', 2), ('t452', 2), ('t10', 1), ('t19', 1), ('t26', 1), ('t35', 1), ('t76', 1), ('t84', 1), ('t135', 1)]
[INFO] 2026-05-25 01:27:51,552 - Expanding community 47
[DEBUG] 2026-05-25 01:27:51,565 - [EXPANSION] paper sorted scores=[('p278734', 2), ('p279035', 2), ('p7601', 0), ('p7604', 0), ('p7605', 0), ('p7610', 0), ('p7612', 0), ('p7613', 0), ('p7621', 0), ('p7630', 0)]
[DEBUG] 2026-05-25 01:27:51,566 - [EXPANSION] conference sorted scores=[('c1801', 2), ('c36', 0), ('c597', 0), ('c755', 0), ('c1194', 0), ('c1201', 0), ('c1234', 0), ('c1798', 0), ('c1902', 0), ('c2180', 0)]
[DEBUG] 2026-05-25 01:27:51,575 - [EXPANSION] term sorted scores=[('t63', 2), ('t19', 1), ('t38', 1), ('t40', 1), ('t51', 1), ('t81', 1), ('t128', 1), ('t249', 1), ('t368', 1), ('t452', 1)]
[INFO] 2026-05-25 01:27:51,576 - Expanding community 48
[DEBUG] 2026-05-25 01:27:51,589 - [EXPANSION] paper sorted scores=[('p163092', 2), ('p277794', 2), ('p7601', 0), ('p7604', 0), ('p7605', 0), ('p7610', 0), ('p7612', 0), ('p7613', 0), ('p7621', 0), ('p7630', 0)]
[DEBUG] 2026-05-25 01:27:51,590 - [EXPANSION] conference sorted scores=[('c1234', 1), ('c1798', 1), ('c36', 0), ('c597', 0), ('c755', 0), ('c1194', 0), ('c1201', 0), ('c1801', 0), ('c1902', 0), ('c2180', 0)]
[DEBUG] 2026-05-25 01:27:51,599 - [EXPANSION] term sorted scores=[('t190', 2), ('t225', 2), ('t458', 2), ('t1', 1), ('t19', 1), ('t35', 1), ('t134', 1), ('t231', 1), ('t235', 1), ('t305', 1)]
[INFO] 2026-05-25 01:27:51,600 - Expanding community 49
[DEBUG] 2026-05-25 01:27:51,612 - [EXPANSION] paper sorted scores=[('p86468', 2), ('p162650', 2), ('p436899', 2), ('p7601', 0), ('p7604', 0), ('p7605', 0), ('p7610', 0), ('p7612', 0), ('p7613', 0), ('p7621', 0)]
[DEBUG] 2026-05-25 01:27:51,614 - [EXPANSION] conference sorted scores=[('c597', 1), ('c1234', 1), ('c2504', 1), ('c36', 0), ('c755', 0), ('c1194', 0), ('c1201', 0), ('c1798', 0), ('c1801', 0), ('c1902', 0)]
[DEBUG] 2026-05-25 01:27:51,623 - [EXPANSION] term sorted scores=[('t114', 2), ('t6', 1), ('t19', 1), ('t39', 1), ('t45', 1), ('t60', 1), ('t63', 1), ('t81', 1), ('t107', 1), ('t235', 1)]
[INFO] 2026-05-25 01:27:51,624 - Expanding community 50
[DEBUG] 2026-05-25 01:27:51,637 - [EXPANSION] paper sorted scores=[('p487199', 2), ('p536462', 2), ('p536464', 2), ('p7601', 0), ('p7604', 0), ('p7605', 0), ('p7610', 0), ('p7612', 0), ('p7613', 0), ('p7621', 0)]
[DEBUG] 2026-05-25 01:27:51,638 - [EXPANSION] conference sorted scores=[('c3230', 2), ('c2934', 1), ('c36', 0), ('c597', 0), ('c755', 0), ('c1194', 0), ('c1201', 0), ('c1234', 0), ('c1798', 0), ('c1801', 0)]
[DEBUG] 2026-05-25 01:27:51,647 - [EXPANSION] term sorted scores=[('t10', 3), ('t452', 3), ('t1343', 3), ('t63', 2), ('t206', 2), ('t496', 2), ('t904', 2), ('t45', 1), ('t847', 1), ('t903', 1)]
[INFO] 2026-05-25 01:27:51,648 - Expanding community 51
[DEBUG] 2026-05-25 01:27:51,661 - [EXPANSION] paper sorted scores=[('p359505', 2), ('p361045', 2), ('p7601', 0), ('p7604', 0), ('p7605', 0), ('p7610', 0), ('p7612', 0), ('p7613', 0), ('p7621', 0), ('p7630', 0)]
[DEBUG] 2026-05-25 01:27:51,662 - [EXPANSION] conference sorted scores=[('c2180', 2), ('c36', 0), ('c597', 0), ('c755', 0), ('c1194', 0), ('c1201', 0), ('c1234', 0), ('c1798', 0), ('c1801', 0), ('c1902', 0)]
[DEBUG] 2026-05-25 01:27:51,671 - [EXPANSION] term sorted scores=[('t19', 1), ('t21', 1), ('t65', 1), ('t126', 1), ('t419', 1), ('t458', 1), ('t1268', 1), ('t1349', 1), ('t1504', 1), ('t2525', 1)]
[INFO] 2026-05-25 01:27:51,671 - Expanding community 52
[DEBUG] 2026-05-25 01:27:51,684 - [EXPANSION] paper sorted scores=[('p358141', 2), ('p358143', 2), ('p7601', 0), ('p7604', 0), ('p7605', 0), ('p7610', 0), ('p7612', 0), ('p7613', 0), ('p7621', 0), ('p7630', 0)]
[DEBUG] 2026-05-25 01:27:51,685 - [EXPANSION] conference sorted scores=[('c2180', 2), ('c36', 0), ('c597', 0), ('c755', 0), ('c1194', 0), ('c1201', 0), ('c1234', 0), ('c1798', 0), ('c1801', 0), ('c1902', 0)]
[DEBUG] 2026-05-25 01:27:51,694 - [EXPANSION] term sorted scores=[('t10', 1), ('t37', 1), ('t45', 1), ('t46', 1), ('t55', 1), ('t63', 1), ('t110', 1), ('t299', 1), ('t680', 1), ('t744', 1)]
[INFO] 2026-05-25 01:27:51,695 - Expanding community 53
[DEBUG] 2026-05-25 01:27:51,708 - [EXPANSION] paper sorted scores=[('p278283', 2), ('p487180', 2), ('p7601', 0), ('p7604', 0), ('p7605', 0), ('p7610', 0), ('p7612', 0), ('p7613', 0), ('p7621', 0), ('p7630', 0)]
[DEBUG] 2026-05-25 01:27:51,709 - [EXPANSION] conference sorted scores=[('c1801', 1), ('c2934', 1), ('c36', 0), ('c597', 0), ('c755', 0), ('c1194', 0), ('c1201', 0), ('c1234', 0), ('c1798', 0), ('c1902', 0)]
[DEBUG] 2026-05-25 01:27:51,718 - [EXPANSION] term sorted scores=[('t560', 2), ('t4', 1), ('t35', 1), ('t63', 1), ('t82', 1), ('t226', 1), ('t231', 1), ('t327', 1), ('t368', 1), ('t461', 1)]
[INFO] 2026-05-25 01:27:51,719 - Expanding community 54
[DEBUG] 2026-05-25 01:27:51,732 - [EXPANSION] paper sorted scores=[('p7926', 2), ('p358120', 2), ('p555026', 1), ('p7601', 0), ('p7604', 0), ('p7605', 0), ('p7610', 0), ('p7612', 0), ('p7613', 0), ('p7621', 0)]
[DEBUG] 2026-05-25 01:27:51,733 - [EXPANSION] conference sorted scores=[('c36', 1), ('c2180', 1), ('c3329', 1), ('c597', 0), ('c755', 0), ('c1194', 0), ('c1201', 0), ('c1234', 0), ('c1798', 0), ('c1801', 0)]
[DEBUG] 2026-05-25 01:27:51,742 - [EXPANSION] term sorted scores=[('t81', 3), ('t1355', 2), ('t39', 1), ('t82', 1), ('t271', 1), ('t305', 1), ('t482', 1), ('t839', 1), ('t986', 1), ('t1178', 1)]
[INFO] 2026-05-25 01:27:51,743 - Expanding community 55
[DEBUG] 2026-05-25 01:27:51,756 - [EXPANSION] paper sorted scores=[('p86957', 2), ('p597669', 2), ('p7601', 0), ('p7604', 0), ('p7605', 0), ('p7610', 0), ('p7612', 0), ('p7613', 0), ('p7621', 0), ('p7630', 0)]
[DEBUG] 2026-05-25 01:27:51,757 - [EXPANSION] conference sorted scores=[('c597', 1), ('c3594', 1), ('c36', 0), ('c755', 0), ('c1194', 0), ('c1201', 0), ('c1234', 0), ('c1798', 0), ('c1801', 0), ('c1902', 0)]
[DEBUG] 2026-05-25 01:27:51,766 - [EXPANSION] term sorted scores=[('t19', 1), ('t45', 1), ('t63', 1), ('t375', 1), ('t383', 1), ('t557', 1), ('t656', 1), ('t718', 1), ('t1325', 1), ('t4672', 1)]
[INFO] 2026-05-25 01:27:51,766 - Expanding community 56
[DEBUG] 2026-05-25 01:27:51,779 - [EXPANSION] paper sorted scores=[('p162969', 2), ('p162997', 2), ('p162968', 1), ('p7601', 0), ('p7604', 0), ('p7605', 0), ('p7610', 0), ('p7612', 0), ('p7613', 0), ('p7621', 0)]
[DEBUG] 2026-05-25 01:27:51,781 - [EXPANSION] conference sorted scores=[('c1234', 3), ('c36', 0), ('c597', 0), ('c755', 0), ('c1194', 0), ('c1201', 0), ('c1798', 0), ('c1801', 0), ('c1902', 0), ('c2180', 0)]
[DEBUG] 2026-05-25 01:27:51,790 - [EXPANSION] term sorted scores=[('t4', 3), ('t35', 2), ('t1', 1), ('t54', 1), ('t81', 1), ('t93', 1), ('t119', 1), ('t235', 1), ('t287', 1), ('t305', 1)]
[INFO] 2026-05-25 01:27:51,790 - Expanding community 57
[DEBUG] 2026-05-25 01:27:51,803 - [EXPANSION] paper sorted scores=[('p437046', 2), ('p486590', 2), ('p486591', 2), ('p158914', 1), ('p7601', 0), ('p7604', 0), ('p7605', 0), ('p7610', 0), ('p7612', 0), ('p7613', 0)]
[DEBUG] 2026-05-25 01:27:51,805 - [EXPANSION] conference sorted scores=[('c2934', 2), ('c1201', 1), ('c2504', 1), ('c36', 0), ('c597', 0), ('c755', 0), ('c1194', 0), ('c1234', 0), ('c1798', 0), ('c1801', 0)]
[DEBUG] 2026-05-25 01:27:51,814 - [EXPANSION] term sorted scores=[('t53', 3), ('t4', 2), ('t461', 2), ('t808', 2), ('t1542', 2), ('t1', 1), ('t63', 1), ('t108', 1), ('t112', 1), ('t235', 1)]
[INFO] 2026-05-25 01:27:51,815 - Expanding community 58
[DEBUG] 2026-05-25 01:27:51,828 - [EXPANSION] paper sorted scores=[('p85611', 2), ('p278078', 2), ('p7601', 0), ('p7604', 0), ('p7605', 0), ('p7610', 0), ('p7612', 0), ('p7613', 0), ('p7621', 0), ('p7630', 0)]
[DEBUG] 2026-05-25 01:27:51,829 - [EXPANSION] conference sorted scores=[('c597', 1), ('c1801', 1), ('c36', 0), ('c755', 0), ('c1194', 0), ('c1201', 0), ('c1234', 0), ('c1798', 0), ('c1902', 0), ('c2180', 0)]
[DEBUG] 2026-05-25 01:27:51,838 - [EXPANSION] term sorted scores=[('t231', 2), ('t4', 1), ('t10', 1), ('t26', 1), ('t63', 1), ('t282', 1), ('t452', 1), ('t478', 1), ('t479', 1), ('t1806', 1)]
[INFO] 2026-05-25 01:27:51,839 - Expanding community 59
[DEBUG] 2026-05-25 01:27:51,852 - [EXPANSION] paper sorted scores=[('p86383', 2), ('p156922', 2), ('p156931', 1), ('p7601', 0), ('p7604', 0), ('p7605', 0), ('p7610', 0), ('p7612', 0), ('p7613', 0), ('p7621', 0)]
[DEBUG] 2026-05-25 01:27:51,853 - [EXPANSION] conference sorted scores=[('c1194', 2), ('c597', 1), ('c36', 0), ('c755', 0), ('c1201', 0), ('c1234', 0), ('c1798', 0), ('c1801', 0), ('c1902', 0), ('c2180', 0)]
[DEBUG] 2026-05-25 01:27:51,863 - [EXPANSION] term sorted scores=[('t19', 3), ('t468', 2), ('t38', 1), ('t45', 1), ('t49', 1), ('t53', 1), ('t55', 1), ('t77', 1), ('t134', 1), ('t163', 1)]
[INFO] 2026-05-25 01:27:51,863 - Expanding community 60
[DEBUG] 2026-05-25 01:27:51,876 - [EXPANSION] paper sorted scores=[('p86299', 2), ('p436681', 2), ('p7601', 0), ('p7604', 0), ('p7605', 0), ('p7610', 0), ('p7612', 0), ('p7613', 0), ('p7621', 0), ('p7630', 0)]
[DEBUG] 2026-05-25 01:27:51,877 - [EXPANSION] conference sorted scores=[('c597', 1), ('c2504', 1), ('c36', 0), ('c755', 0), ('c1194', 0), ('c1201', 0), ('c1234', 0), ('c1798', 0), ('c1801', 0), ('c1902', 0)]
[DEBUG] 2026-05-25 01:27:51,886 - [EXPANSION] term sorted scores=[('t38', 2), ('t461', 2), ('t4', 1), ('t55', 1), ('t63', 1), ('t112', 1), ('t114', 1), ('t124', 1), ('t282', 1), ('t397', 1)]
[INFO] 2026-05-25 01:27:51,887 - Expanding community 61
[DEBUG] 2026-05-25 01:27:51,900 - [EXPANSION] paper sorted scores=[('p356754', 2), ('p360763', 2), ('p158622', 1), ('p7601', 0), ('p7604', 0), ('p7605', 0), ('p7610', 0), ('p7612', 0), ('p7613', 0), ('p7621', 0)]
[DEBUG] 2026-05-25 01:27:51,901 - [EXPANSION] conference sorted scores=[('c2180', 2), ('c1201', 1), ('c36', 0), ('c597', 0), ('c755', 0), ('c1194', 0), ('c1234', 0), ('c1798', 0), ('c1801', 0), ('c1902', 0)]
[DEBUG] 2026-05-25 01:27:51,910 - [EXPANSION] term sorted scores=[('t126', 3), ('t1', 2), ('t150', 2), ('t4', 1), ('t10', 1), ('t35', 1), ('t45', 1), ('t63', 1), ('t81', 1), ('t114', 1)]
[INFO] 2026-05-25 01:27:51,911 - Expanding community 62
[DEBUG] 2026-05-25 01:27:51,923 - [EXPANSION] paper sorted scores=[('p436051', 2), ('p536439', 2), ('p7601', 0), ('p7604', 0), ('p7605', 0), ('p7610', 0), ('p7612', 0), ('p7613', 0), ('p7621', 0), ('p7630', 0)]
[DEBUG] 2026-05-25 01:27:51,925 - [EXPANSION] conference sorted scores=[('c2504', 1), ('c3230', 1), ('c36', 0), ('c597', 0), ('c755', 0), ('c1194', 0), ('c1201', 0), ('c1234', 0), ('c1798', 0), ('c1801', 0)]
[DEBUG] 2026-05-25 01:27:51,934 - [EXPANSION] term sorted scores=[('t19', 2), ('t452', 2), ('t39', 1), ('t54', 1), ('t225', 1), ('t461', 1), ('t674', 1), ('t903', 1), ('t943', 1), ('t2229', 1)]
[INFO] 2026-05-25 01:27:51,934 - Expanding community 63
[DEBUG] 2026-05-25 01:27:51,947 - [EXPANSION] paper sorted scores=[('p358112', 2), ('p358114', 2), ('p7601', 0), ('p7604', 0), ('p7605', 0), ('p7610', 0), ('p7612', 0), ('p7613', 0), ('p7621', 0), ('p7630', 0)]
[DEBUG] 2026-05-25 01:27:51,948 - [EXPANSION] conference sorted scores=[('c2180', 2), ('c36', 0), ('c597', 0), ('c755', 0), ('c1194', 0), ('c1201', 0), ('c1234', 0), ('c1798', 0), ('c1801', 0), ('c1902', 0)]
[DEBUG] 2026-05-25 01:27:51,957 - [EXPANSION] term sorted scores=[('t45', 2), ('t280', 2), ('t738', 2), ('t1', 1), ('t19', 1), ('t91', 1), ('t112', 1), ('t298', 1), ('t689', 1), ('t859', 1)]
[INFO] 2026-05-25 01:27:51,958 - Expanding community 64
[DEBUG] 2026-05-25 01:27:51,971 - [EXPANSION] paper sorted scores=[('p308605', 2), ('p436440', 2), ('p159085', 1), ('p7601', 0), ('p7604', 0), ('p7605', 0), ('p7610', 0), ('p7612', 0), ('p7613', 0), ('p7621', 0)]
[DEBUG] 2026-05-25 01:27:51,972 - [EXPANSION] conference sorted scores=[('c1201', 1), ('c1902', 1), ('c2504', 1), ('c36', 0), ('c597', 0), ('c755', 0), ('c1194', 0), ('c1234', 0), ('c1798', 0), ('c1801', 0)]
[DEBUG] 2026-05-25 01:27:51,981 - [EXPANSION] term sorted scores=[('t4', 2), ('t126', 2), ('t150', 2), ('t744', 2), ('t890', 2), ('t1', 1), ('t10', 1), ('t12', 1), ('t35', 1), ('t63', 1)]
[INFO] 2026-05-25 01:27:51,982 - Expanding community 65
[DEBUG] 2026-05-25 01:27:51,995 - [EXPANSION] paper sorted scores=[('p626578', 2), ('p627240', 2), ('p7601', 0), ('p7604', 0), ('p7605', 0), ('p7610', 0), ('p7612', 0), ('p7613', 0), ('p7621', 0), ('p7630', 0)]
[DEBUG] 2026-05-25 01:27:51,996 - [EXPANSION] conference sorted scores=[('c3771', 2), ('c36', 0), ('c597', 0), ('c755', 0), ('c1194', 0), ('c1201', 0), ('c1234', 0), ('c1798', 0), ('c1801', 0), ('c1902', 0)]
[DEBUG] 2026-05-25 01:27:52,005 - [EXPANSION] term sorted scores=[('t19', 2), ('t109', 2), ('t155', 2), ('t461', 2), ('t107', 1), ('t471', 1), ('t862', 1), ('t928', 1), ('t3822', 1), ('t12986', 1)]
[INFO] 2026-05-25 01:27:52,005 - Expanding community 66
[DEBUG] 2026-05-25 01:27:52,018 - [EXPANSION] paper sorted scores=[('p486588', 2), ('p487170', 2), ('p487168', 1), ('p7601', 0), ('p7604', 0), ('p7605', 0), ('p7610', 0), ('p7612', 0), ('p7613', 0), ('p7621', 0)]
[DEBUG] 2026-05-25 01:27:52,019 - [EXPANSION] conference sorted scores=[('c2934', 3), ('c36', 0), ('c597', 0), ('c755', 0), ('c1194', 0), ('c1201', 0), ('c1234', 0), ('c1798', 0), ('c1801', 0), ('c1902', 0)]
[DEBUG] 2026-05-25 01:27:52,028 - [EXPANSION] term sorted scores=[('t63', 3), ('t19', 2), ('t4', 1), ('t35', 1), ('t38', 1), ('t45', 1), ('t54', 1), ('t264', 1), ('t282', 1), ('t322', 1)]
[INFO] 2026-05-25 01:27:52,029 - Expanding community 67
[DEBUG] 2026-05-25 01:27:52,042 - [EXPANSION] paper sorted scores=[('p277806', 2), ('p504508', 2), ('p7601', 0), ('p7604', 0), ('p7605', 0), ('p7610', 0), ('p7612', 0), ('p7613', 0), ('p7621', 0), ('p7630', 0)]
[DEBUG] 2026-05-25 01:27:52,043 - [EXPANSION] conference sorted scores=[('c1798', 1), ('c3027', 1), ('c36', 0), ('c597', 0), ('c755', 0), ('c1194', 0), ('c1201', 0), ('c1234', 0), ('c1801', 0), ('c1902', 0)]
[DEBUG] 2026-05-25 01:27:52,052 - [EXPANSION] term sorted scores=[('t147', 2), ('t498', 2), ('t2452', 2), ('t4372', 2), ('t798', 1), ('t2252', 1), ('t1', 0), ('t2', 0), ('t3', 0), ('t4', 0)]
[INFO] 2026-05-25 01:27:52,053 - Expanding community 68
[DEBUG] 2026-05-25 01:27:52,066 - [EXPANSION] paper sorted scores=[('p437315', 2), ('p536497', 2), ('p7601', 0), ('p7604', 0), ('p7605', 0), ('p7610', 0), ('p7612', 0), ('p7613', 0), ('p7621', 0), ('p7630', 0)]
[DEBUG] 2026-05-25 01:27:52,067 - [EXPANSION] conference sorted scores=[('c2504', 1), ('c3230', 1), ('c36', 0), ('c597', 0), ('c755', 0), ('c1194', 0), ('c1201', 0), ('c1234', 0), ('c1798', 0), ('c1801', 0)]
[DEBUG] 2026-05-25 01:27:52,076 - [EXPANSION] term sorted scores=[('t4', 2), ('t452', 2), ('t903', 2), ('t19', 1), ('t45', 1), ('t108', 1), ('t128', 1), ('t133', 1), ('t153', 1), ('t373', 1)]
[INFO] 2026-05-25 01:27:52,076 - Expanding community 69
[DEBUG] 2026-05-25 01:27:52,089 - [EXPANSION] paper sorted scores=[('p156917', 2), ('p277438', 2), ('p7601', 0), ('p7604', 0), ('p7605', 0), ('p7610', 0), ('p7612', 0), ('p7613', 0), ('p7621', 0), ('p7630', 0)]
[DEBUG] 2026-05-25 01:27:52,091 - [EXPANSION] conference sorted scores=[('c1194', 1), ('c1798', 1), ('c36', 0), ('c597', 0), ('c755', 0), ('c1201', 0), ('c1234', 0), ('c1801', 0), ('c1902', 0), ('c2180', 0)]
[DEBUG] 2026-05-25 01:27:52,100 - [EXPANSION] term sorted scores=[('t2356', 2), ('t10', 1), ('t35', 1), ('t45', 1), ('t460', 1), ('t503', 1), ('t568', 1), ('t570', 1), ('t849', 1), ('t2471', 1)]
[INFO] 2026-05-25 01:27:52,100 - Expanding community 70
[DEBUG] 2026-05-25 01:27:52,113 - [EXPANSION] paper sorted scores=[('p436612', 2), ('p486892', 2), ('p7601', 0), ('p7604', 0), ('p7605', 0), ('p7610', 0), ('p7612', 0), ('p7613', 0), ('p7621', 0), ('p7630', 0)]
[DEBUG] 2026-05-25 01:27:52,114 - [EXPANSION] conference sorted scores=[('c2504', 1), ('c2934', 1), ('c36', 0), ('c597', 0), ('c755', 0), ('c1194', 0), ('c1201', 0), ('c1234', 0), ('c1798', 0), ('c1801', 0)]
[DEBUG] 2026-05-25 01:27:52,124 - [EXPANSION] term sorted scores=[('t10', 2), ('t1', 1), ('t19', 1), ('t61', 1), ('t147', 1), ('t334', 1), ('t354', 1), ('t402', 1), ('t452', 1), ('t461', 1)]
[INFO] 2026-05-25 01:27:52,124 - Expanding community 71
[DEBUG] 2026-05-25 01:27:52,137 - [EXPANSION] paper sorted scores=[('p308092', 2), ('p356682', 2), ('p8379', 1), ('p158710', 1), ('p308295', 1), ('p7601', 0), ('p7604', 0), ('p7605', 0), ('p7610', 0), ('p7612', 0)]
[DEBUG] 2026-05-25 01:27:52,138 - [EXPANSION] conference sorted scores=[('c1902', 2), ('c36', 1), ('c1201', 1), ('c2180', 1), ('c597', 0), ('c755', 0), ('c1194', 0), ('c1234', 0), ('c1798', 0), ('c1801', 0)]
[DEBUG] 2026-05-25 01:27:52,149 - [EXPANSION] term sorted scores=[('t19', 4), ('t992', 3), ('t4', 2), ('t45', 2), ('t12', 1), ('t26', 1), ('t44', 1), ('t63', 1), ('t77', 1), ('t114', 1)]
[INFO] 2026-05-25 01:27:52,149 - Expanding community 72
[DEBUG] 2026-05-25 01:27:52,162 - [EXPANSION] paper sorted scores=[('p357116', 2), ('p357117', 2), ('p7601', 0), ('p7604', 0), ('p7605', 0), ('p7610', 0), ('p7612', 0), ('p7613', 0), ('p7621', 0), ('p7630', 0)]
[DEBUG] 2026-05-25 01:27:52,163 - [EXPANSION] conference sorted scores=[('c2180', 2), ('c36', 0), ('c597', 0), ('c755', 0), ('c1194', 0), ('c1201', 0), ('c1234', 0), ('c1798', 0), ('c1801', 0), ('c1902', 0)]
[DEBUG] 2026-05-25 01:27:52,172 - [EXPANSION] term sorted scores=[('t2', 1), ('t13', 1), ('t19', 1), ('t63', 1), ('t73', 1), ('t77', 1), ('t208', 1), ('t300', 1), ('t372', 1), ('t553', 1)]
[INFO] 2026-05-25 01:27:52,173 - Expanding community 73
[DEBUG] 2026-05-25 01:27:52,186 - [EXPANSION] paper sorted scores=[('p626975', 2), ('p627253', 2), ('p7601', 0), ('p7604', 0), ('p7605', 0), ('p7610', 0), ('p7612', 0), ('p7613', 0), ('p7621', 0), ('p7630', 0)]
[DEBUG] 2026-05-25 01:27:52,187 - [EXPANSION] conference sorted scores=[('c3771', 2), ('c36', 0), ('c597', 0), ('c755', 0), ('c1194', 0), ('c1201', 0), ('c1234', 0), ('c1798', 0), ('c1801', 0), ('c1902', 0)]
[DEBUG] 2026-05-25 01:27:52,196 - [EXPANSION] term sorted scores=[('t45', 2), ('t35', 1), ('t39', 1), ('t216', 1), ('t298', 1), ('t410', 1), ('t499', 1), ('t544', 1), ('t578', 1), ('t895', 1)]
[INFO] 2026-05-25 01:27:52,196 - Expanding community 74
[DEBUG] 2026-05-25 01:27:52,209 - [EXPANSION] paper sorted scores=[('p486681', 2), ('p486929', 2), ('p159178', 1), ('p487230', 1), ('p7601', 0), ('p7604', 0), ('p7605', 0), ('p7610', 0), ('p7612', 0), ('p7613', 0)]
[DEBUG] 2026-05-25 01:27:52,210 - [EXPANSION] conference sorted scores=[('c2934', 3), ('c1201', 1), ('c36', 0), ('c597', 0), ('c755', 0), ('c1194', 0), ('c1234', 0), ('c1798', 0), ('c1801', 0), ('c1902', 0)]
[DEBUG] 2026-05-25 01:27:52,220 - [EXPANSION] term sorted scores=[('t39', 2), ('t3519', 2), ('t1', 1), ('t10', 1), ('t35', 1), ('t38', 1), ('t51', 1), ('t53', 1), ('t63', 1), ('t84', 1)]
[INFO] 2026-05-25 01:27:52,220 - Expanding community 75
[DEBUG] 2026-05-25 01:27:52,233 - [EXPANSION] paper sorted scores=[('p437016', 2), ('p487023', 2), ('p7601', 0), ('p7604', 0), ('p7605', 0), ('p7610', 0), ('p7612', 0), ('p7613', 0), ('p7621', 0), ('p7630', 0)]
[DEBUG] 2026-05-25 01:27:52,234 - [EXPANSION] conference sorted scores=[('c2504', 1), ('c2934', 1), ('c36', 0), ('c597', 0), ('c755', 0), ('c1194', 0), ('c1201', 0), ('c1234', 0), ('c1798', 0), ('c1801', 0)]
[DEBUG] 2026-05-25 01:27:52,243 - [EXPANSION] term sorted scores=[('t35', 1), ('t112', 1), ('t232', 1), ('t535', 1), ('t689', 1), ('t1055', 1), ('t1102', 1), ('t1711', 1), ('t3397', 1), ('t9829', 1)]
[INFO] 2026-05-25 01:27:52,244 - Expanding community 76
[DEBUG] 2026-05-25 01:27:52,257 - [EXPANSION] paper sorted scores=[('p7718', 2), ('p361064', 2), ('p7601', 0), ('p7604', 0), ('p7605', 0), ('p7610', 0), ('p7612', 0), ('p7613', 0), ('p7621', 0), ('p7630', 0)]
[DEBUG] 2026-05-25 01:27:52,258 - [EXPANSION] conference sorted scores=[('c36', 1), ('c2180', 1), ('c597', 0), ('c755', 0), ('c1194', 0), ('c1201', 0), ('c1234', 0), ('c1798', 0), ('c1801', 0), ('c1902', 0)]
[DEBUG] 2026-05-25 01:27:52,267 - [EXPANSION] term sorted scores=[('t12', 2), ('t45', 2), ('t19', 1), ('t39', 1), ('t40', 1), ('t81', 1), ('t108', 1), ('t111', 1), ('t142', 1), ('t239', 1)]
[INFO] 2026-05-25 01:27:52,268 - Expanding community 77
[DEBUG] 2026-05-25 01:27:52,281 - [EXPANSION] paper sorted scores=[('p356999', 2), ('p357324', 2), ('p7601', 0), ('p7604', 0), ('p7605', 0), ('p7610', 0), ('p7612', 0), ('p7613', 0), ('p7621', 0), ('p7630', 0)]
[DEBUG] 2026-05-25 01:27:52,282 - [EXPANSION] conference sorted scores=[('c2180', 2), ('c36', 0), ('c597', 0), ('c755', 0), ('c1194', 0), ('c1201', 0), ('c1234', 0), ('c1798', 0), ('c1801', 0), ('c1902', 0)]
[DEBUG] 2026-05-25 01:27:52,291 - [EXPANSION] term sorted scores=[('t19', 1), ('t35', 1), ('t45', 1), ('t51', 1), ('t175', 1), ('t176', 1), ('t256', 1), ('t434', 1), ('t558', 1), ('t589', 1)]
[INFO] 2026-05-25 01:27:52,292 - Expanding community 78
[DEBUG] 2026-05-25 01:27:52,305 - [EXPANSION] paper sorted scores=[('p278636', 2), ('p487449', 2), ('p7601', 0), ('p7604', 0), ('p7605', 0), ('p7610', 0), ('p7612', 0), ('p7613', 0), ('p7621', 0), ('p7630', 0)]
[DEBUG] 2026-05-25 01:27:52,306 - [EXPANSION] conference sorted scores=[('c1801', 1), ('c2934', 1), ('c36', 0), ('c597', 0), ('c755', 0), ('c1194', 0), ('c1201', 0), ('c1234', 0), ('c1798', 0), ('c1902', 0)]
[DEBUG] 2026-05-25 01:27:52,315 - [EXPANSION] term sorted scores=[('t10', 1), ('t55', 1), ('t90', 1), ('t448', 1), ('t521', 1), ('t744', 1), ('t953', 1), ('t1106', 1), ('t1138', 1), ('t1384', 1)]
[INFO] 2026-05-25 01:27:52,316 - Expanding community 79
[DEBUG] 2026-05-25 01:27:52,329 - [EXPANSION] paper sorted scores=[('p437417', 2), ('p536523', 2), ('p158789', 1), ('p7601', 0), ('p7604', 0), ('p7605', 0), ('p7610', 0), ('p7612', 0), ('p7613', 0), ('p7621', 0)]
[DEBUG] 2026-05-25 01:27:52,330 - [EXPANSION] conference sorted scores=[('c1201', 1), ('c2504', 1), ('c3230', 1), ('c36', 0), ('c597', 0), ('c755', 0), ('c1194', 0), ('c1234', 0), ('c1798', 0), ('c1801', 0)]
[DEBUG] 2026-05-25 01:27:52,339 - [EXPANSION] term sorted scores=[('t10', 2), ('t12', 2), ('t461', 2), ('t4', 1), ('t21', 1), ('t35', 1), ('t53', 1), ('t91', 1), ('t150', 1), ('t354', 1)]
[INFO] 2026-05-25 01:27:52,340 - Expanding community 80
[DEBUG] 2026-05-25 01:27:52,353 - [EXPANSION] paper sorted scores=[('p278218', 2), ('p536270', 2), ('p536538', 2), ('p7601', 0), ('p7604', 0), ('p7605', 0), ('p7610', 0), ('p7612', 0), ('p7613', 0), ('p7621', 0)]
[DEBUG] 2026-05-25 01:27:52,354 - [EXPANSION] conference sorted scores=[('c3230', 2), ('c1801', 1), ('c36', 0), ('c597', 0), ('c755', 0), ('c1194', 0), ('c1201', 0), ('c1234', 0), ('c1798', 0), ('c1902', 0)]
[DEBUG] 2026-05-25 01:27:52,363 - [EXPANSION] term sorted scores=[('t226', 2), ('t568', 2), ('t38', 1), ('t55', 1), ('t82', 1), ('t112', 1), ('t121', 1), ('t521', 1), ('t541', 1), ('t547', 1)]
[INFO] 2026-05-25 01:27:52,363 - Expanding community 81
[DEBUG] 2026-05-25 01:27:52,376 - [EXPANSION] paper sorted scores=[('p158665', 2), ('p356948', 2), ('p356947', 1), ('p7601', 0), ('p7604', 0), ('p7605', 0), ('p7610', 0), ('p7612', 0), ('p7613', 0), ('p7621', 0)]
[DEBUG] 2026-05-25 01:27:52,377 - [EXPANSION] conference sorted scores=[('c2180', 2), ('c1201', 1), ('c36', 0), ('c597', 0), ('c755', 0), ('c1194', 0), ('c1234', 0), ('c1798', 0), ('c1801', 0), ('c1902', 0)]
[DEBUG] 2026-05-25 01:27:52,387 - [EXPANSION] term sorted scores=[('t1', 2), ('t55', 2), ('t280', 2), ('t4', 1), ('t10', 1), ('t12', 1), ('t45', 1), ('t61', 1), ('t82', 1), ('t232', 1)]
[INFO] 2026-05-25 01:27:52,387 - Expanding community 82
[DEBUG] 2026-05-25 01:27:52,400 - [EXPANSION] paper sorted scores=[('p437030', 2), ('p500979', 2), ('p500564', 1), ('p500877', 1), ('p7601', 0), ('p7604', 0), ('p7605', 0), ('p7610', 0), ('p7612', 0), ('p7613', 0)]
[DEBUG] 2026-05-25 01:27:52,401 - [EXPANSION] conference sorted scores=[('c3011', 3), ('c2504', 1), ('c36', 0), ('c597', 0), ('c755', 0), ('c1194', 0), ('c1201', 0), ('c1234', 0), ('c1798', 0), ('c1801', 0)]
[DEBUG] 2026-05-25 01:27:52,411 - [EXPANSION] term sorted scores=[('t19', 3), ('t35', 2), ('t63', 2), ('t452', 2), ('t4', 1), ('t39', 1), ('t54', 1), ('t82', 1), ('t108', 1), ('t190', 1)]
[INFO] 2026-05-25 01:27:52,411 - Expanding community 83
[DEBUG] 2026-05-25 01:27:52,424 - [EXPANSION] paper sorted scores=[('p436804', 2), ('p500753', 2), ('p10499', 1), ('p359524', 1), ('p7601', 0), ('p7604', 0), ('p7605', 0), ('p7610', 0), ('p7612', 0), ('p7613', 0)]
[DEBUG] 2026-05-25 01:27:52,426 - [EXPANSION] conference sorted scores=[('c36', 1), ('c2180', 1), ('c2504', 1), ('c3011', 1), ('c597', 0), ('c755', 0), ('c1194', 0), ('c1201', 0), ('c1234', 0), ('c1798', 0)]
[DEBUG] 2026-05-25 01:27:52,436 - [EXPANSION] term sorted scores=[('t19', 3), ('t45', 2), ('t6199', 2), ('t4', 1), ('t35', 1), ('t82', 1), ('t108', 1), ('t174', 1), ('t234', 1), ('t277', 1)]
[INFO] 2026-05-25 01:27:52,436 - Expanding community 84
[DEBUG] 2026-05-25 01:27:52,449 - [EXPANSION] paper sorted scores=[('p487113', 2), ('p487114', 2), ('p487397', 1), ('p7601', 0), ('p7604', 0), ('p7605', 0), ('p7610', 0), ('p7612', 0), ('p7613', 0), ('p7621', 0)]
[DEBUG] 2026-05-25 01:27:52,450 - [EXPANSION] conference sorted scores=[('c2934', 3), ('c36', 0), ('c597', 0), ('c755', 0), ('c1194', 0), ('c1201', 0), ('c1234', 0), ('c1798', 0), ('c1801', 0), ('c1902', 0)]
[DEBUG] 2026-05-25 01:27:52,459 - [EXPANSION] term sorted scores=[('t226', 3), ('t452', 3), ('t461', 3), ('t1035', 3), ('t1036', 3), ('t19', 2), ('t45', 1), ('t63', 1), ('t171', 1), ('t172', 1)]
[INFO] 2026-05-25 01:27:52,460 - Expanding community 85
[DEBUG] 2026-05-25 01:27:52,473 - [EXPANSION] paper sorted scores=[('p8238', 2), ('p359828', 2), ('p7601', 0), ('p7604', 0), ('p7605', 0), ('p7610', 0), ('p7612', 0), ('p7613', 0), ('p7621', 0), ('p7630', 0)]
[DEBUG] 2026-05-25 01:27:52,474 - [EXPANSION] conference sorted scores=[('c36', 1), ('c2180', 1), ('c597', 0), ('c755', 0), ('c1194', 0), ('c1201', 0), ('c1234', 0), ('c1798', 0), ('c1801', 0), ('c1902', 0)]
[DEBUG] 2026-05-25 01:27:52,483 - [EXPANSION] term sorted scores=[('t1', 2), ('t63', 2), ('t458', 2), ('t1707', 2), ('t10', 1), ('t19', 1), ('t45', 1), ('t289', 1), ('t384', 1), ('t388', 1)]
[INFO] 2026-05-25 01:27:52,484 - Expanding community 86
[DEBUG] 2026-05-25 01:27:52,496 - [EXPANSION] paper sorted scores=[('p162788', 2), ('p275348', 2), ('p7601', 0), ('p7604', 0), ('p7605', 0), ('p7610', 0), ('p7612', 0), ('p7613', 0), ('p7621', 0), ('p7630', 0)]
[DEBUG] 2026-05-25 01:27:52,498 - [EXPANSION] conference sorted scores=[('c1234', 1), ('c1798', 1), ('c36', 0), ('c597', 0), ('c755', 0), ('c1194', 0), ('c1201', 0), ('c1801', 0), ('c1902', 0), ('c2180', 0)]
[DEBUG] 2026-05-25 01:27:52,507 - [EXPANSION] term sorted scores=[('t19', 1), ('t35', 1), ('t45', 1), ('t63', 1), ('t82', 1), ('t84', 1), ('t121', 1), ('t176', 1), ('t199', 1), ('t343', 1)]
[INFO] 2026-05-25 01:27:52,507 - Expanding community 87
[DEBUG] 2026-05-25 01:27:52,520 - [EXPANSION] paper sorted scores=[('p9035', 2), ('p358106', 2), ('p436367', 1), ('p7601', 0), ('p7604', 0), ('p7605', 0), ('p7610', 0), ('p7612', 0), ('p7613', 0), ('p7621', 0)]
[DEBUG] 2026-05-25 01:27:52,521 - [EXPANSION] conference sorted scores=[('c36', 1), ('c2180', 1), ('c2504', 1), ('c597', 0), ('c755', 0), ('c1194', 0), ('c1201', 0), ('c1234', 0), ('c1798', 0), ('c1801', 0)]
[DEBUG] 2026-05-25 01:27:52,531 - [EXPANSION] term sorted scores=[('t10', 1), ('t19', 1), ('t42', 1), ('t45', 1), ('t54', 1), ('t82', 1), ('t220', 1), ('t452', 1), ('t521', 1), ('t818', 1)]
[INFO] 2026-05-25 01:27:52,531 - Expanding community 88
[DEBUG] 2026-05-25 01:27:52,544 - [EXPANSION] paper sorted scores=[('p309740', 2), ('p487463', 2), ('p275916', 1), ('p7601', 0), ('p7604', 0), ('p7605', 0), ('p7610', 0), ('p7612', 0), ('p7613', 0), ('p7621', 0)]
[DEBUG] 2026-05-25 01:27:52,545 - [EXPANSION] conference sorted scores=[('c1798', 1), ('c1902', 1), ('c2934', 1), ('c36', 0), ('c597', 0), ('c755', 0), ('c1194', 0), ('c1201', 0), ('c1234', 0), ('c1801', 0)]
[DEBUG] 2026-05-25 01:27:52,555 - [EXPANSION] term sorted scores=[('t1043', 2), ('t10', 1), ('t12', 1), ('t35', 1), ('t225', 1), ('t226', 1), ('t233', 1), ('t327', 1), ('t385', 1), ('t458', 1)]
[INFO] 2026-05-25 01:27:52,555 - Expanding community 89
[DEBUG] 2026-05-25 01:27:52,568 - [EXPANSION] paper sorted scores=[('p159143', 2), ('p358410', 2), ('p308688', 1), ('p7601', 0), ('p7604', 0), ('p7605', 0), ('p7610', 0), ('p7612', 0), ('p7613', 0), ('p7621', 0)]
[DEBUG] 2026-05-25 01:27:52,569 - [EXPANSION] conference sorted scores=[('c1201', 1), ('c1902', 1), ('c2180', 1), ('c36', 0), ('c597', 0), ('c755', 0), ('c1194', 0), ('c1234', 0), ('c1798', 0), ('c1801', 0)]
[DEBUG] 2026-05-25 01:27:52,579 - [EXPANSION] term sorted scores=[('t4', 2), ('t12', 2), ('t1', 1), ('t26', 1), ('t35', 1), ('t45', 1), ('t55', 1), ('t61', 1), ('t81', 1), ('t82', 1)]
[INFO] 2026-05-25 01:27:52,579 - Expanding community 90
[DEBUG] 2026-05-25 01:27:52,592 - [EXPANSION] paper sorted scores=[('p86432', 2), ('p159126', 2), ('p7601', 0), ('p7604', 0), ('p7605', 0), ('p7610', 0), ('p7612', 0), ('p7613', 0), ('p7621', 0), ('p7630', 0)]
[DEBUG] 2026-05-25 01:27:52,593 - [EXPANSION] conference sorted scores=[('c597', 1), ('c1201', 1), ('c36', 0), ('c755', 0), ('c1194', 0), ('c1234', 0), ('c1798', 0), ('c1801', 0), ('c1902', 0), ('c2180', 0)]
[DEBUG] 2026-05-25 01:27:52,603 - [EXPANSION] term sorted scores=[('t26', 2), ('t142', 2), ('t616', 2), ('t2708', 2), ('t19', 1), ('t206', 1), ('t401', 1), ('t514', 1), ('t671', 1), ('t791', 1)]
[INFO] 2026-05-25 01:27:52,603 - Expanding community 91
[DEBUG] 2026-05-25 01:27:52,616 - [EXPANSION] paper sorted scores=[('p436949', 2), ('p536379', 2), ('p7601', 0), ('p7604', 0), ('p7605', 0), ('p7610', 0), ('p7612', 0), ('p7613', 0), ('p7621', 0), ('p7630', 0)]
[DEBUG] 2026-05-25 01:27:52,617 - [EXPANSION] conference sorted scores=[('c2504', 1), ('c3230', 1), ('c36', 0), ('c597', 0), ('c755', 0), ('c1194', 0), ('c1201', 0), ('c1234', 0), ('c1798', 0), ('c1801', 0)]
[DEBUG] 2026-05-25 01:27:52,626 - [EXPANSION] term sorted scores=[('t792', 2), ('t4', 1), ('t26', 1), ('t45', 1), ('t81', 1), ('t126', 1), ('t150', 1), ('t349', 1), ('t774', 1), ('t899', 1)]
[INFO] 2026-05-25 01:27:52,627 - Expanding community 92
[DEBUG] 2026-05-25 01:27:52,640 - [EXPANSION] paper sorted scores=[('p359440', 2), ('p597009', 2), ('p360289', 1), ('p7601', 0), ('p7604', 0), ('p7605', 0), ('p7610', 0), ('p7612', 0), ('p7613', 0), ('p7621', 0)]
[DEBUG] 2026-05-25 01:27:52,641 - [EXPANSION] conference sorted scores=[('c2180', 2), ('c3594', 1), ('c36', 0), ('c597', 0), ('c755', 0), ('c1194', 0), ('c1201', 0), ('c1234', 0), ('c1798', 0), ('c1801', 0)]
[DEBUG] 2026-05-25 01:27:52,650 - [EXPANSION] term sorted scores=[('t63', 3), ('t38', 2), ('t135', 2), ('t19', 1), ('t45', 1), ('t55', 1), ('t118', 1), ('t175', 1), ('t235', 1), ('t280', 1)]
[INFO] 2026-05-25 01:27:52,650 - Expanding community 93
[DEBUG] 2026-05-25 01:27:52,664 - [EXPANSION] paper sorted scores=[('p11874', 2), ('p309483', 2), ('p117545', 1), ('p356994', 1), ('p7601', 0), ('p7604', 0), ('p7605', 0), ('p7610', 0), ('p7612', 0), ('p7613', 0)]
[DEBUG] 2026-05-25 01:27:52,665 - [EXPANSION] conference sorted scores=[('c36', 1), ('c755', 1), ('c1902', 1), ('c2180', 1), ('c597', 0), ('c1194', 0), ('c1201', 0), ('c1234', 0), ('c1798', 0), ('c1801', 0)]
[DEBUG] 2026-05-25 01:27:52,676 - [EXPANSION] term sorted scores=[('t81', 2), ('t578', 2), ('t4', 1), ('t6', 1), ('t10', 1), ('t12', 1), ('t35', 1), ('t38', 1), ('t65', 1), ('t87', 1)]
[INFO] 2026-05-25 01:27:52,676 - Expanding community 94
[DEBUG] 2026-05-25 01:27:52,690 - [EXPANSION] paper sorted scores=[('p162736', 2), ('p275084', 2), ('p7601', 0), ('p7604', 0), ('p7605', 0), ('p7610', 0), ('p7612', 0), ('p7613', 0), ('p7621', 0), ('p7630', 0)]
[DEBUG] 2026-05-25 01:27:52,691 - [EXPANSION] conference sorted scores=[('c1234', 1), ('c1798', 1), ('c36', 0), ('c597', 0), ('c755', 0), ('c1194', 0), ('c1201', 0), ('c1801', 0), ('c1902', 0), ('c2180', 0)]
[DEBUG] 2026-05-25 01:27:52,701 - [EXPANSION] term sorted scores=[('t35', 2), ('t91', 1), ('t134', 1), ('t305', 1), ('t611', 1), ('t674', 1), ('t723', 1), ('t837', 1), ('t1024', 1), ('t1791', 1)]
[INFO] 2026-05-25 01:27:52,701 - Expanding community 95
[DEBUG] 2026-05-25 01:27:52,715 - [EXPANSION] paper sorted scores=[('p500883', 2), ('p500885', 2), ('p437110', 1), ('p437328', 1), ('p500834', 1), ('p7601', 0), ('p7604', 0), ('p7605', 0), ('p7610', 0), ('p7612', 0)]
[DEBUG] 2026-05-25 01:27:52,716 - [EXPANSION] conference sorted scores=[('c3011', 3), ('c2504', 2), ('c36', 0), ('c597', 0), ('c755', 0), ('c1194', 0), ('c1201', 0), ('c1234', 0), ('c1798', 0), ('c1801', 0)]
[DEBUG] 2026-05-25 01:27:52,727 - [EXPANSION] term sorted scores=[('t4', 3), ('t19', 3), ('t226', 3), ('t82', 2), ('t12', 1), ('t35', 1), ('t38', 1), ('t63', 1), ('t77', 1), ('t86', 1)]
[INFO] 2026-05-25 01:27:52,727 - Expanding community 96
[DEBUG] 2026-05-25 01:27:52,740 - [EXPANSION] paper sorted scores=[('p85794', 2), ('p596160', 2), ('p7601', 0), ('p7604', 0), ('p7605', 0), ('p7610', 0), ('p7612', 0), ('p7613', 0), ('p7621', 0), ('p7630', 0)]
[DEBUG] 2026-05-25 01:27:52,742 - [EXPANSION] conference sorted scores=[('c597', 1), ('c3594', 1), ('c36', 0), ('c755', 0), ('c1194', 0), ('c1201', 0), ('c1234', 0), ('c1798', 0), ('c1801', 0), ('c1902', 0)]
[DEBUG] 2026-05-25 01:27:52,751 - [EXPANSION] term sorted scores=[('t35', 2), ('t54', 2), ('t45', 1), ('t90', 1), ('t235', 1), ('t609', 1), ('t645', 1), ('t943', 1), ('t949', 1), ('t950', 1)]
[INFO] 2026-05-25 01:27:52,751 - Expanding community 97
[DEBUG] 2026-05-25 01:27:52,764 - [EXPANSION] paper sorted scores=[('p487279', 2), ('p487350', 2), ('p536294', 1), ('p7601', 0), ('p7604', 0), ('p7605', 0), ('p7610', 0), ('p7612', 0), ('p7613', 0), ('p7621', 0)]
[DEBUG] 2026-05-25 01:27:52,765 - [EXPANSION] conference sorted scores=[('c2934', 2), ('c3230', 1), ('c36', 0), ('c597', 0), ('c755', 0), ('c1194', 0), ('c1201', 0), ('c1234', 0), ('c1798', 0), ('c1801', 0)]
[DEBUG] 2026-05-25 01:27:52,775 - [EXPANSION] term sorted scores=[('t623', 2), ('t809', 2), ('t980', 2), ('t10', 1), ('t12', 1), ('t13', 1), ('t19', 1), ('t26', 1), ('t38', 1), ('t63', 1)]
[INFO] 2026-05-25 01:27:52,775 - Expanding community 98
[DEBUG] 2026-05-25 01:27:52,788 - [EXPANSION] paper sorted scores=[('p162717', 2), ('p275665', 2), ('p7601', 0), ('p7604', 0), ('p7605', 0), ('p7610', 0), ('p7612', 0), ('p7613', 0), ('p7621', 0), ('p7630', 0)]
[DEBUG] 2026-05-25 01:27:52,789 - [EXPANSION] conference sorted scores=[('c1234', 1), ('c1798', 1), ('c36', 0), ('c597', 0), ('c755', 0), ('c1194', 0), ('c1201', 0), ('c1801', 0), ('c1902', 0), ('c2180', 0)]
[DEBUG] 2026-05-25 01:27:52,798 - [EXPANSION] term sorted scores=[('t35', 2), ('t63', 2), ('t19', 1), ('t55', 1), ('t282', 1), ('t330', 1), ('t334', 1), ('t434', 1), ('t461', 1), ('t519', 1)]
[INFO] 2026-05-25 01:27:52,799 - Expanding community 99
[DEBUG] 2026-05-25 01:27:52,812 - [EXPANSION] paper sorted scores=[('p278140', 2), ('p436388', 2), ('p504096', 2), ('p7601', 0), ('p7604', 0), ('p7605', 0), ('p7610', 0), ('p7612', 0), ('p7613', 0), ('p7621', 0)]
[DEBUG] 2026-05-25 01:27:52,813 - [EXPANSION] conference sorted scores=[('c1801', 1), ('c2504', 1), ('c3027', 1), ('c36', 0), ('c597', 0), ('c755', 0), ('c1194', 0), ('c1201', 0), ('c1234', 0), ('c1798', 0)]
[DEBUG] 2026-05-25 01:27:52,822 - [EXPANSION] term sorted scores=[('t65', 1), ('t81', 1), ('t171', 1), ('t478', 1), ('t479', 1), ('t490', 1), ('t591', 1), ('t620', 1), ('t887', 1), ('t930', 1)]
[INFO] 2026-05-25 01:27:52,823 - Expanding community 100
[DEBUG] 2026-05-25 01:27:52,836 - [EXPANSION] paper sorted scores=[('p11425', 2), ('p360520', 2), ('p7601', 0), ('p7604', 0), ('p7605', 0), ('p7610', 0), ('p7612', 0), ('p7613', 0), ('p7621', 0), ('p7630', 0)]
[DEBUG] 2026-05-25 01:27:52,837 - [EXPANSION] conference sorted scores=[('c36', 1), ('c2180', 1), ('c597', 0), ('c755', 0), ('c1194', 0), ('c1201', 0), ('c1234', 0), ('c1798', 0), ('c1801', 0), ('c1902', 0)]
[DEBUG] 2026-05-25 01:27:52,846 - [EXPANSION] term sorted scores=[('t55', 1), ('t174', 1), ('t175', 1), ('t216', 1), ('t250', 1), ('t295', 1), ('t560', 1), ('t943', 1), ('t967', 1), ('t1083', 1)]
[INFO] 2026-05-25 01:27:52,847 - Expanding community 101
[DEBUG] 2026-05-25 01:27:52,860 - [EXPANSION] paper sorted scores=[('p11101', 2), ('p359747', 2), ('p7601', 0), ('p7604', 0), ('p7605', 0), ('p7610', 0), ('p7612', 0), ('p7613', 0), ('p7621', 0), ('p7630', 0)]
[DEBUG] 2026-05-25 01:27:52,861 - [EXPANSION] conference sorted scores=[('c36', 1), ('c2180', 1), ('c597', 0), ('c755', 0), ('c1194', 0), ('c1201', 0), ('c1234', 0), ('c1798', 0), ('c1801', 0), ('c1902', 0)]
[DEBUG] 2026-05-25 01:27:52,870 - [EXPANSION] term sorted scores=[('t45', 2), ('t13', 1), ('t19', 1), ('t35', 1), ('t42', 1), ('t46', 1), ('t167', 1), ('t174', 1), ('t184', 1), ('t318', 1)]
[INFO] 2026-05-25 01:27:52,871 - Expanding community 102
[DEBUG] 2026-05-25 01:27:52,883 - [EXPANSION] paper sorted scores=[('p85881', 2), ('p85883', 2), ('p503769', 1), ('p554168', 1), ('p7601', 0), ('p7604', 0), ('p7605', 0), ('p7610', 0), ('p7612', 0), ('p7613', 0)]
[DEBUG] 2026-05-25 01:27:52,885 - [EXPANSION] conference sorted scores=[('c597', 2), ('c3027', 1), ('c3329', 1), ('c36', 0), ('c755', 0), ('c1194', 0), ('c1201', 0), ('c1234', 0), ('c1798', 0), ('c1801', 0)]
[DEBUG] 2026-05-25 01:27:52,894 - [EXPANSION] term sorted scores=[('t4', 2), ('t235', 2), ('t985', 2), ('t3991', 2), ('t1', 1), ('t10', 1), ('t19', 1), ('t35', 1), ('t274', 1), ('t468', 1)]
[INFO] 2026-05-25 01:27:52,895 - Expanding community 103
[DEBUG] 2026-05-25 01:27:52,908 - [EXPANSION] paper sorted scores=[('p437181', 2), ('p487364', 2), ('p7601', 0), ('p7604', 0), ('p7605', 0), ('p7610', 0), ('p7612', 0), ('p7613', 0), ('p7621', 0), ('p7630', 0)]
[DEBUG] 2026-05-25 01:27:52,909 - [EXPANSION] conference sorted scores=[('c2504', 1), ('c2934', 1), ('c36', 0), ('c597', 0), ('c755', 0), ('c1194', 0), ('c1201', 0), ('c1234', 0), ('c1798', 0), ('c1801', 0)]
[DEBUG] 2026-05-25 01:27:52,918 - [EXPANSION] term sorted scores=[('t19', 1), ('t220', 1), ('t304', 1), ('t452', 1), ('t499', 1), ('t578', 1), ('t634', 1), ('t1456', 1), ('t3144', 1), ('t6250', 1)]
[INFO] 2026-05-25 01:27:52,919 - Expanding community 104
[DEBUG] 2026-05-25 01:27:52,932 - [EXPANSION] paper sorted scores=[('p625963', 2), ('p627202', 2), ('p7601', 0), ('p7604', 0), ('p7605', 0), ('p7610', 0), ('p7612', 0), ('p7613', 0), ('p7621', 0), ('p7630', 0)]
[DEBUG] 2026-05-25 01:27:52,933 - [EXPANSION] conference sorted scores=[('c3771', 2), ('c36', 0), ('c597', 0), ('c755', 0), ('c1194', 0), ('c1201', 0), ('c1234', 0), ('c1798', 0), ('c1801', 0), ('c1902', 0)]
[DEBUG] 2026-05-25 01:27:52,942 - [EXPANSION] term sorted scores=[('t109', 2), ('t1', 1), ('t4', 1), ('t19', 1), ('t63', 1), ('t686', 1), ('t715', 1), ('t880', 1), ('t926', 1), ('t1294', 1)]
[INFO] 2026-05-25 01:27:52,943 - Expanding community 105
[DEBUG] 2026-05-25 01:27:52,955 - [EXPANSION] paper sorted scores=[('p436222', 2), ('p500486', 2), ('p500488', 1), ('p7601', 0), ('p7604', 0), ('p7605', 0), ('p7610', 0), ('p7612', 0), ('p7613', 0), ('p7621', 0)]
[DEBUG] 2026-05-25 01:27:52,957 - [EXPANSION] conference sorted scores=[('c3011', 2), ('c2504', 1), ('c36', 0), ('c597', 0), ('c755', 0), ('c1194', 0), ('c1201', 0), ('c1234', 0), ('c1798', 0), ('c1801', 0)]
[DEBUG] 2026-05-25 01:27:52,966 - [EXPANSION] term sorted scores=[('t461', 2), ('t19', 1), ('t38', 1), ('t45', 1), ('t53', 1), ('t55', 1), ('t63', 1), ('t82', 1), ('t91', 1), ('t112', 1)]
[INFO] 2026-05-25 01:27:52,966 - Expanding community 106
[DEBUG] 2026-05-25 01:27:52,979 - [EXPANSION] paper sorted scores=[('p278051', 2), ('p486598', 2), ('p486600', 1), ('p7601', 0), ('p7604', 0), ('p7605', 0), ('p7610', 0), ('p7612', 0), ('p7613', 0), ('p7621', 0)]
[DEBUG] 2026-05-25 01:27:52,981 - [EXPANSION] conference sorted scores=[('c2934', 2), ('c1801', 1), ('c36', 0), ('c597', 0), ('c755', 0), ('c1194', 0), ('c1201', 0), ('c1234', 0), ('c1798', 0), ('c1902', 0)]
[DEBUG] 2026-05-25 01:27:52,990 - [EXPANSION] term sorted scores=[('t461', 3), ('t19', 2), ('t402', 2), ('t452', 2), ('t500', 2), ('t4', 1), ('t12', 1), ('t45', 1), ('t82', 1), ('t148', 1)]
[INFO] 2026-05-25 01:27:52,990 - Expanding community 107
[DEBUG] 2026-05-25 01:27:53,003 - [EXPANSION] paper sorted scores=[('p158976', 2), ('p436771', 2), ('p7601', 0), ('p7604', 0), ('p7605', 0), ('p7610', 0), ('p7612', 0), ('p7613', 0), ('p7621', 0), ('p7630', 0)]
[DEBUG] 2026-05-25 01:27:53,004 - [EXPANSION] conference sorted scores=[('c1201', 1), ('c2504', 1), ('c36', 0), ('c597', 0), ('c755', 0), ('c1194', 0), ('c1234', 0), ('c1798', 0), ('c1801', 0), ('c1902', 0)]
[DEBUG] 2026-05-25 01:27:53,014 - [EXPANSION] term sorted scores=[('t461', 2), ('t19', 1), ('t35', 1), ('t53', 1), ('t55', 1), ('t63', 1), ('t344', 1), ('t388', 1), ('t452', 1), ('t580', 1)]
[INFO] 2026-05-25 01:27:53,014 - Expanding community 108
[DEBUG] 2026-05-25 01:27:53,027 - [EXPANSION] paper sorted scores=[('p162643', 2), ('p595794', 2), ('p7601', 0), ('p7604', 0), ('p7605', 0), ('p7610', 0), ('p7612', 0), ('p7613', 0), ('p7621', 0), ('p7630', 0)]
[DEBUG] 2026-05-25 01:27:53,028 - [EXPANSION] conference sorted scores=[('c1234', 1), ('c3594', 1), ('c36', 0), ('c597', 0), ('c755', 0), ('c1194', 0), ('c1201', 0), ('c1798', 0), ('c1801', 0), ('c1902', 0)]
[DEBUG] 2026-05-25 01:27:53,037 - [EXPANSION] term sorted scores=[('t19', 2), ('t6563', 2), ('t112', 1), ('t336', 1), ('t342', 1), ('t524', 1), ('t1241', 1), ('t2151', 1), ('t1', 0), ('t2', 0)]
[INFO] 2026-05-25 01:27:53,038 - Expanding community 109
[DEBUG] 2026-05-25 01:27:53,051 - [EXPANSION] paper sorted scores=[('p308416', 2), ('p486671', 2), ('p486673', 1), ('p486686', 1), ('p7601', 0), ('p7604', 0), ('p7605', 0), ('p7610', 0), ('p7612', 0), ('p7613', 0)]
[DEBUG] 2026-05-25 01:27:53,052 - [EXPANSION] conference sorted scores=[('c2934', 3), ('c1902', 1), ('c36', 0), ('c597', 0), ('c755', 0), ('c1194', 0), ('c1201', 0), ('c1234', 0), ('c1798', 0), ('c1801', 0)]
[DEBUG] 2026-05-25 01:27:53,061 - [EXPANSION] term sorted scores=[('t1', 2), ('t45', 2), ('t1305', 2), ('t7165', 2), ('t35', 1), ('t81', 1), ('t109', 1), ('t114', 1), ('t147', 1), ('t148', 1)]
[INFO] 2026-05-25 01:27:53,062 - Expanding community 110
[DEBUG] 2026-05-25 01:27:53,075 - [EXPANSION] paper sorted scores=[('p9130', 2), ('p358201', 2), ('p536280', 1), ('p7601', 0), ('p7604', 0), ('p7605', 0), ('p7610', 0), ('p7612', 0), ('p7613', 0), ('p7621', 0)]
[DEBUG] 2026-05-25 01:27:53,076 - [EXPANSION] conference sorted scores=[('c36', 1), ('c2180', 1), ('c3230', 1), ('c597', 0), ('c755', 0), ('c1194', 0), ('c1201', 0), ('c1234', 0), ('c1798', 0), ('c1801', 0)]
[DEBUG] 2026-05-25 01:27:53,085 - [EXPANSION] term sorted scores=[('t1', 1), ('t4', 1), ('t19', 1), ('t35', 1), ('t45', 1), ('t126', 1), ('t134', 1), ('t177', 1), ('t239', 1), ('t304', 1)]
[INFO] 2026-05-25 01:27:53,331 - [EVAL] Modularity=0.6167
[INFO] 2026-05-25 01:27:53,331 - [EVAL] Surprise=0.0000
[INFO] 2026-05-25 01:27:53,331 - [EVAL] Keyword coherence=0.0000
[INFO] 2026-05-25 01:27:53,331 - [EVAL] Community stats={'num_communities': 111, 'avg_size': np.float64(4.0), 'max_size': np.int64(4), 'min_size': np.int64(4)}
[INFO] 2026-05-25 01:27:53,343 - [NMI DEBUG] matched_nodes=3080
[INFO] 2026-05-25 01:27:53,347 - [NMI] 0.5911
[INFO] 2026-05-25 01:27:53,354 - [NMI DEBUG] matched_nodes=85
[INFO] 2026-05-25 01:27:53,355 - [NMI] 0.4114
[INFO] 2026-05-25 01:27:53,361 - [NMI DEBUG] matched_nodes=341
[INFO] 2026-05-25 01:27:53,362 - [NMI] 0.2279
[INFO] 2026-05-25 01:27:53,366 - Saved communities...
