[INFO] 2026-05-22 18:05:27,855 - [MATRIX] writes shape=(14376, 14475)
[INFO] 2026-05-22 18:05:27,877 - [MATRIX] be_written shape=(14475, 14376)
[INFO] 2026-05-22 18:05:27,884 - [MATRIX] published_in shape=(14376, 20)
[INFO] 2026-05-22 18:05:27,891 - [MATRIX] publish shape=(20, 14376)
[INFO] 2026-05-22 18:05:27,946 - [MATRIX] has_term shape=(14376, 8920)
[INFO] 2026-05-22 18:05:28,002 - [MATRIX] term_in shape=(8920, 14376)
[INFO] 2026-05-22 18:05:28,018 - 
========== Building P-A-P ==========
[INFO] 2026-05-22 18:05:28,027 - P-A-P matrix shape=(14376, 14376)
[INFO] 2026-05-22 18:05:29,147 - P-A-P nodes=13774 edges=215663 total_weight=497692.0000
[INFO] 2026-05-22 18:05:29,152 - 
========== Building P-T-P ==========
[INFO] 2026-05-22 18:05:30,419 - P-T-P matrix shape=(14376, 14376)
[INFO] 2026-05-22 18:09:01,584 - P-T-P nodes=14369 edges=34197024 total_weight=83922412.0000
[INFO] 2026-05-22 18:09:01,592 - 
========== Building P-C-P ==========
[INFO] 2026-05-22 18:09:01,859 - P-C-P matrix shape=(14376, 14376)
[INFO] 2026-05-22 18:09:53,276 - P-C-P nodes=14376 edges=8232454 total_weight=16464908.0000
[INFO] 2026-05-22 18:09:53,840 - Running community detection on P-A-P
[INFO] 2026-05-22 18:09:58,608 - P-A-P communities=439
[INFO] 2026-05-22 18:09:58,636 - Running community detection on P-T-P
[INFO] 2026-05-22 18:23:17,332 - P-T-P communities=4
[INFO] 2026-05-22 18:23:17,373 - Running community detection on P-C-P
[INFO] 2026-05-22 18:25:00,630 - P-C-P communities=20
[INFO] 2026-05-22 18:25:25,129 - Candidate edges=39489834
[INFO] 2026-05-22 18:25:25,946 - Processed 100000/39489834 candidate edges
[INFO] 2026-05-22 18:25:26,690 - Processed 200000/39489834 candidate edges
[INFO] 2026-05-22 18:25:27,427 - Processed 300000/39489834 candidate edges
[INFO] 2026-05-22 18:25:28,129 - Processed 400000/39489834 candidate edges
[INFO] 2026-05-22 18:25:28,799 - Processed 500000/39489834 candidate edges
[INFO] 2026-05-22 18:25:29,489 - Processed 600000/39489834 candidate edges
[INFO] 2026-05-22 18:25:30,149 - Processed 700000/39489834 candidate edges
[INFO] 2026-05-22 18:25:30,809 - Processed 800000/39489834 candidate edges
[INFO] 2026-05-22 18:25:31,523 - Processed 900000/39489834 candidate edges
[INFO] 2026-05-22 18:25:32,178 - Processed 1000000/39489834 candidate edges
[INFO] 2026-05-22 18:25:32,825 - Processed 1100000/39489834 candidate edges
[INFO] 2026-05-22 18:25:33,477 - Processed 1200000/39489834 candidate edges
[INFO] 2026-05-22 18:25:34,139 - Processed 1300000/39489834 candidate edges
[INFO] 2026-05-22 18:25:34,787 - Processed 1400000/39489834 candidate edges
[INFO] 2026-05-22 18:25:35,442 - Processed 1500000/39489834 candidate edges
[INFO] 2026-05-22 18:25:36,116 - Processed 1600000/39489834 candidate edges
[INFO] 2026-05-22 18:25:36,757 - Processed 1700000/39489834 candidate edges
[INFO] 2026-05-22 18:25:37,394 - Processed 1800000/39489834 candidate edges
[INFO] 2026-05-22 18:25:38,042 - Processed 1900000/39489834 candidate edges
[INFO] 2026-05-22 18:25:38,675 - Processed 2000000/39489834 candidate edges
[INFO] 2026-05-22 18:25:39,313 - Processed 2100000/39489834 candidate edges
[INFO] 2026-05-22 18:25:39,916 - Processed 2200000/39489834 candidate edges
[INFO] 2026-05-22 18:25:40,522 - Processed 2300000/39489834 candidate edges
[INFO] 2026-05-22 18:25:41,123 - Processed 2400000/39489834 candidate edges
[INFO] 2026-05-22 18:25:41,759 - Processed 2500000/39489834 candidate edges
[INFO] 2026-05-22 18:25:42,366 - Processed 2600000/39489834 candidate edges
[INFO] 2026-05-22 18:25:42,945 - Processed 2700000/39489834 candidate edges
[INFO] 2026-05-22 18:25:43,533 - Processed 2800000/39489834 candidate edges
[INFO] 2026-05-22 18:25:44,125 - Processed 2900000/39489834 candidate edges
[INFO] 2026-05-22 18:25:44,711 - Processed 3000000/39489834 candidate edges
[INFO] 2026-05-22 18:25:45,302 - Processed 3100000/39489834 candidate edges
[INFO] 2026-05-22 18:25:45,881 - Processed 3200000/39489834 candidate edges
[INFO] 2026-05-22 18:25:46,467 - Processed 3300000/39489834 candidate edges
[INFO] 2026-05-22 18:25:47,045 - Processed 3400000/39489834 candidate edges
[INFO] 2026-05-22 18:25:47,615 - Processed 3500000/39489834 candidate edges
[INFO] 2026-05-22 18:25:48,191 - Processed 3600000/39489834 candidate edges
[INFO] 2026-05-22 18:25:48,777 - Processed 3700000/39489834 candidate edges
[INFO] 2026-05-22 18:25:49,349 - Processed 3800000/39489834 candidate edges
[INFO] 2026-05-22 18:25:49,933 - Processed 3900000/39489834 candidate edges
[INFO] 2026-05-22 18:25:50,531 - Processed 4000000/39489834 candidate edges
[INFO] 2026-05-22 18:25:51,119 - Processed 4100000/39489834 candidate edges
[INFO] 2026-05-22 18:25:51,710 - Processed 4200000/39489834 candidate edges
[INFO] 2026-05-22 18:25:52,264 - Processed 4300000/39489834 candidate edges
[INFO] 2026-05-22 18:25:52,819 - Processed 4400000/39489834 candidate edges
[INFO] 2026-05-22 18:25:53,379 - Processed 4500000/39489834 candidate edges
[INFO] 2026-05-22 18:25:53,934 - Processed 4600000/39489834 candidate edges
[INFO] 2026-05-22 18:25:54,488 - Processed 4700000/39489834 candidate edges
[INFO] 2026-05-22 18:25:55,058 - Processed 4800000/39489834 candidate edges
[INFO] 2026-05-22 18:25:55,614 - Processed 4900000/39489834 candidate edges
[INFO] 2026-05-22 18:25:56,175 - Processed 5000000/39489834 candidate edges
[INFO] 2026-05-22 18:25:56,737 - Processed 5100000/39489834 candidate edges
[INFO] 2026-05-22 18:25:57,300 - Processed 5200000/39489834 candidate edges
[INFO] 2026-05-22 18:25:57,863 - Processed 5300000/39489834 candidate edges
[INFO] 2026-05-22 18:25:58,423 - Processed 5400000/39489834 candidate edges
[INFO] 2026-05-22 18:25:58,990 - Processed 5500000/39489834 candidate edges
[INFO] 2026-05-22 18:25:59,555 - Processed 5600000/39489834 candidate edges
[INFO] 2026-05-22 18:26:00,117 - Processed 5700000/39489834 candidate edges
[INFO] 2026-05-22 18:26:00,675 - Processed 5800000/39489834 candidate edges
[INFO] 2026-05-22 18:26:01,256 - Processed 5900000/39489834 candidate edges
[INFO] 2026-05-22 18:26:01,825 - Processed 6000000/39489834 candidate edges
[INFO] 2026-05-22 18:26:02,393 - Processed 6100000/39489834 candidate edges
[INFO] 2026-05-22 18:26:02,958 - Processed 6200000/39489834 candidate edges
[INFO] 2026-05-22 18:26:03,525 - Processed 6300000/39489834 candidate edges
[INFO] 2026-05-22 18:26:04,121 - Processed 6400000/39489834 candidate edges
[INFO] 2026-05-22 18:26:04,723 - Processed 6500000/39489834 candidate edges
[INFO] 2026-05-22 18:26:05,324 - Processed 6600000/39489834 candidate edges
[INFO] 2026-05-22 18:26:05,914 - Processed 6700000/39489834 candidate edges
[INFO] 2026-05-22 18:26:06,503 - Processed 6800000/39489834 candidate edges
[INFO] 2026-05-22 18:26:07,079 - Processed 6900000/39489834 candidate edges
[INFO] 2026-05-22 18:26:07,678 - Processed 7000000/39489834 candidate edges
[INFO] 2026-05-22 18:26:08,266 - Processed 7100000/39489834 candidate edges
[INFO] 2026-05-22 18:26:08,854 - Processed 7200000/39489834 candidate edges
[INFO] 2026-05-22 18:26:09,458 - Processed 7300000/39489834 candidate edges
[INFO] 2026-05-22 18:26:10,044 - Processed 7400000/39489834 candidate edges
[INFO] 2026-05-22 18:26:10,641 - Processed 7500000/39489834 candidate edges
[INFO] 2026-05-22 18:26:11,245 - Processed 7600000/39489834 candidate edges
[INFO] 2026-05-22 18:26:11,854 - Processed 7700000/39489834 candidate edges
[INFO] 2026-05-22 18:26:12,448 - Processed 7800000/39489834 candidate edges
[INFO] 2026-05-22 18:26:13,036 - Processed 7900000/39489834 candidate edges
[INFO] 2026-05-22 18:26:13,617 - Processed 8000000/39489834 candidate edges
[INFO] 2026-05-22 18:26:14,206 - Processed 8100000/39489834 candidate edges
[INFO] 2026-05-22 18:26:14,778 - Processed 8200000/39489834 candidate edges
[INFO] 2026-05-22 18:26:15,353 - Processed 8300000/39489834 candidate edges
[INFO] 2026-05-22 18:26:15,935 - Processed 8400000/39489834 candidate edges
[INFO] 2026-05-22 18:26:16,514 - Processed 8500000/39489834 candidate edges
[INFO] 2026-05-22 18:26:17,095 - Processed 8600000/39489834 candidate edges
[INFO] 2026-05-22 18:26:17,674 - Processed 8700000/39489834 candidate edges
[INFO] 2026-05-22 18:26:18,260 - Processed 8800000/39489834 candidate edges
[INFO] 2026-05-22 18:26:18,833 - Processed 8900000/39489834 candidate edges
[INFO] 2026-05-22 18:26:19,407 - Processed 9000000/39489834 candidate edges
[INFO] 2026-05-22 18:26:19,990 - Processed 9100000/39489834 candidate edges
[INFO] 2026-05-22 18:26:20,562 - Processed 9200000/39489834 candidate edges
[INFO] 2026-05-22 18:26:21,140 - Processed 9300000/39489834 candidate edges
[INFO] 2026-05-22 18:26:21,718 - Processed 9400000/39489834 candidate edges
[INFO] 2026-05-22 18:26:22,300 - Processed 9500000/39489834 candidate edges
[INFO] 2026-05-22 18:26:22,869 - Processed 9600000/39489834 candidate edges
[INFO] 2026-05-22 18:26:23,442 - Processed 9700000/39489834 candidate edges
[INFO] 2026-05-22 18:26:24,016 - Processed 9800000/39489834 candidate edges
[INFO] 2026-05-22 18:26:24,596 - Processed 9900000/39489834 candidate edges
[INFO] 2026-05-22 18:26:25,165 - Processed 10000000/39489834 candidate edges
[INFO] 2026-05-22 18:26:25,736 - Processed 10100000/39489834 candidate edges
[INFO] 2026-05-22 18:26:26,349 - Processed 10200000/39489834 candidate edges
[INFO] 2026-05-22 18:26:26,972 - Processed 10300000/39489834 candidate edges
[INFO] 2026-05-22 18:26:27,587 - Processed 10400000/39489834 candidate edges
[INFO] 2026-05-22 18:26:28,196 - Processed 10500000/39489834 candidate edges
[INFO] 2026-05-22 18:26:28,804 - Processed 10600000/39489834 candidate edges
[INFO] 2026-05-22 18:26:29,410 - Processed 10700000/39489834 candidate edges
[INFO] 2026-05-22 18:26:30,018 - Processed 10800000/39489834 candidate edges
[INFO] 2026-05-22 18:26:30,641 - Processed 10900000/39489834 candidate edges
[INFO] 2026-05-22 18:26:31,266 - Processed 11000000/39489834 candidate edges
[INFO] 2026-05-22 18:26:31,899 - Processed 11100000/39489834 candidate edges
[INFO] 2026-05-22 18:26:32,557 - Processed 11200000/39489834 candidate edges
[INFO] 2026-05-22 18:26:33,203 - Processed 11300000/39489834 candidate edges
[INFO] 2026-05-22 18:26:33,842 - Processed 11400000/39489834 candidate edges
[INFO] 2026-05-22 18:26:34,487 - Processed 11500000/39489834 candidate edges
[INFO] 2026-05-22 18:26:35,148 - Processed 11600000/39489834 candidate edges
[INFO] 2026-05-22 18:26:35,804 - Processed 11700000/39489834 candidate edges
[INFO] 2026-05-22 18:26:36,414 - Processed 11800000/39489834 candidate edges
[INFO] 2026-05-22 18:26:37,020 - Processed 11900000/39489834 candidate edges
[INFO] 2026-05-22 18:26:37,607 - Processed 12000000/39489834 candidate edges
[INFO] 2026-05-22 18:26:38,186 - Processed 12100000/39489834 candidate edges
[INFO] 2026-05-22 18:26:38,803 - Processed 12200000/39489834 candidate edges
[INFO] 2026-05-22 18:26:39,388 - Processed 12300000/39489834 candidate edges
[INFO] 2026-05-22 18:26:39,956 - Processed 12400000/39489834 candidate edges
[INFO] 2026-05-22 18:26:40,525 - Processed 12500000/39489834 candidate edges
[INFO] 2026-05-22 18:26:41,124 - Processed 12600000/39489834 candidate edges
[INFO] 2026-05-22 18:26:41,692 - Processed 12700000/39489834 candidate edges
[INFO] 2026-05-22 18:26:42,243 - Processed 12800000/39489834 candidate edges
[INFO] 2026-05-22 18:26:42,796 - Processed 12900000/39489834 candidate edges
[INFO] 2026-05-22 18:26:43,375 - Processed 13000000/39489834 candidate edges
[INFO] 2026-05-22 18:26:43,923 - Processed 13100000/39489834 candidate edges
[INFO] 2026-05-22 18:26:44,472 - Processed 13200000/39489834 candidate edges
[INFO] 2026-05-22 18:26:45,023 - Processed 13300000/39489834 candidate edges
[INFO] 2026-05-22 18:26:45,573 - Processed 13400000/39489834 candidate edges
[INFO] 2026-05-22 18:26:46,117 - Processed 13500000/39489834 candidate edges
[INFO] 2026-05-22 18:26:46,657 - Processed 13600000/39489834 candidate edges
[INFO] 2026-05-22 18:26:47,206 - Processed 13700000/39489834 candidate edges
[INFO] 2026-05-22 18:26:47,763 - Processed 13800000/39489834 candidate edges
[INFO] 2026-05-22 18:26:48,326 - Processed 13900000/39489834 candidate edges
[INFO] 2026-05-22 18:26:48,948 - Processed 14000000/39489834 candidate edges
[INFO] 2026-05-22 18:26:49,573 - Processed 14100000/39489834 candidate edges
[INFO] 2026-05-22 18:26:50,183 - Processed 14200000/39489834 candidate edges
[INFO] 2026-05-22 18:26:50,787 - Processed 14300000/39489834 candidate edges
[INFO] 2026-05-22 18:26:51,409 - Processed 14400000/39489834 candidate edges
[INFO] 2026-05-22 18:26:52,026 - Processed 14500000/39489834 candidate edges
[INFO] 2026-05-22 18:26:52,616 - Processed 14600000/39489834 candidate edges
[INFO] 2026-05-22 18:26:53,214 - Processed 14700000/39489834 candidate edges
[INFO] 2026-05-22 18:26:53,848 - Processed 14800000/39489834 candidate edges
[INFO] 2026-05-22 18:26:54,457 - Processed 14900000/39489834 candidate edges
[INFO] 2026-05-22 18:26:55,067 - Processed 15000000/39489834 candidate edges
[INFO] 2026-05-22 18:26:55,700 - Processed 15100000/39489834 candidate edges
[INFO] 2026-05-22 18:26:56,320 - Processed 15200000/39489834 candidate edges
[INFO] 2026-05-22 18:26:56,924 - Processed 15300000/39489834 candidate edges
[INFO] 2026-05-22 18:26:57,525 - Processed 15400000/39489834 candidate edges
[INFO] 2026-05-22 18:26:58,170 - Processed 15500000/39489834 candidate edges
[INFO] 2026-05-22 18:26:58,746 - Processed 15600000/39489834 candidate edges
[INFO] 2026-05-22 18:26:59,316 - Processed 15700000/39489834 candidate edges
[INFO] 2026-05-22 18:26:59,888 - Processed 15800000/39489834 candidate edges
[INFO] 2026-05-22 18:27:00,459 - Processed 15900000/39489834 candidate edges
[INFO] 2026-05-22 18:27:01,027 - Processed 16000000/39489834 candidate edges
[INFO] 2026-05-22 18:27:01,592 - Processed 16100000/39489834 candidate edges
[INFO] 2026-05-22 18:27:02,177 - Processed 16200000/39489834 candidate edges
[INFO] 2026-05-22 18:27:02,744 - Processed 16300000/39489834 candidate edges
[INFO] 2026-05-22 18:27:03,311 - Processed 16400000/39489834 candidate edges
[INFO] 2026-05-22 18:27:03,905 - Processed 16500000/39489834 candidate edges
[INFO] 2026-05-22 18:27:04,484 - Processed 16600000/39489834 candidate edges
[INFO] 2026-05-22 18:27:05,052 - Processed 16700000/39489834 candidate edges
[INFO] 2026-05-22 18:27:05,620 - Processed 16800000/39489834 candidate edges
[INFO] 2026-05-22 18:27:06,245 - Processed 16900000/39489834 candidate edges
[INFO] 2026-05-22 18:27:06,833 - Processed 17000000/39489834 candidate edges
[INFO] 2026-05-22 18:27:07,408 - Processed 17100000/39489834 candidate edges
[INFO] 2026-05-22 18:27:07,984 - Processed 17200000/39489834 candidate edges
[INFO] 2026-05-22 18:27:08,578 - Processed 17300000/39489834 candidate edges
[INFO] 2026-05-22 18:27:09,161 - Processed 17400000/39489834 candidate edges
[INFO] 2026-05-22 18:27:09,740 - Processed 17500000/39489834 candidate edges
[INFO] 2026-05-22 18:27:10,322 - Processed 17600000/39489834 candidate edges
[INFO] 2026-05-22 18:27:10,959 - Processed 17700000/39489834 candidate edges
[INFO] 2026-05-22 18:27:11,586 - Processed 17800000/39489834 candidate edges
[INFO] 2026-05-22 18:27:12,236 - Processed 17900000/39489834 candidate edges
[INFO] 2026-05-22 18:27:12,917 - Processed 18000000/39489834 candidate edges
[INFO] 2026-05-22 18:27:13,542 - Processed 18100000/39489834 candidate edges
[INFO] 2026-05-22 18:27:14,181 - Processed 18200000/39489834 candidate edges
[INFO] 2026-05-22 18:27:14,829 - Processed 18300000/39489834 candidate edges
[INFO] 2026-05-22 18:27:15,476 - Processed 18400000/39489834 candidate edges
[INFO] 2026-05-22 18:27:16,125 - Processed 18500000/39489834 candidate edges
[INFO] 2026-05-22 18:27:16,764 - Processed 18600000/39489834 candidate edges
[INFO] 2026-05-22 18:27:17,398 - Processed 18700000/39489834 candidate edges
[INFO] 2026-05-22 18:27:18,020 - Processed 18800000/39489834 candidate edges
[INFO] 2026-05-22 18:27:18,668 - Processed 18900000/39489834 candidate edges
[INFO] 2026-05-22 18:27:19,326 - Processed 19000000/39489834 candidate edges
[INFO] 2026-05-22 18:27:19,975 - Processed 19100000/39489834 candidate edges
[INFO] 2026-05-22 18:27:20,591 - Processed 19200000/39489834 candidate edges
[INFO] 2026-05-22 18:27:21,205 - Processed 19300000/39489834 candidate edges
[INFO] 2026-05-22 18:27:21,787 - Processed 19400000/39489834 candidate edges
[INFO] 2026-05-22 18:27:22,365 - Processed 19500000/39489834 candidate edges
[INFO] 2026-05-22 18:27:22,947 - Processed 19600000/39489834 candidate edges
[INFO] 2026-05-22 18:27:23,525 - Processed 19700000/39489834 candidate edges
[INFO] 2026-05-22 18:27:24,109 - Processed 19800000/39489834 candidate edges
[INFO] 2026-05-22 18:27:24,683 - Processed 19900000/39489834 candidate edges
[INFO] 2026-05-22 18:27:25,269 - Processed 20000000/39489834 candidate edges
[INFO] 2026-05-22 18:27:25,839 - Processed 20100000/39489834 candidate edges
[INFO] 2026-05-22 18:27:26,429 - Processed 20200000/39489834 candidate edges
[INFO] 2026-05-22 18:27:27,017 - Processed 20300000/39489834 candidate edges
[INFO] 2026-05-22 18:27:27,617 - Processed 20400000/39489834 candidate edges
[INFO] 2026-05-22 18:27:28,205 - Processed 20500000/39489834 candidate edges
[INFO] 2026-05-22 18:27:28,796 - Processed 20600000/39489834 candidate edges
[INFO] 2026-05-22 18:27:29,402 - Processed 20700000/39489834 candidate edges
[INFO] 2026-05-22 18:27:30,000 - Processed 20800000/39489834 candidate edges
[INFO] 2026-05-22 18:27:30,600 - Processed 20900000/39489834 candidate edges
[INFO] 2026-05-22 18:27:31,223 - Processed 21000000/39489834 candidate edges
[INFO] 2026-05-22 18:27:31,840 - Processed 21100000/39489834 candidate edges
[INFO] 2026-05-22 18:27:32,433 - Processed 21200000/39489834 candidate edges
[INFO] 2026-05-22 18:27:33,111 - Processed 21300000/39489834 candidate edges
[INFO] 2026-05-22 18:27:33,781 - Processed 21400000/39489834 candidate edges
[INFO] 2026-05-22 18:27:34,445 - Processed 21500000/39489834 candidate edges
[INFO] 2026-05-22 18:27:35,074 - Processed 21600000/39489834 candidate edges
[INFO] 2026-05-22 18:27:35,747 - Processed 21700000/39489834 candidate edges
[INFO] 2026-05-22 18:27:36,390 - Processed 21800000/39489834 candidate edges
[INFO] 2026-05-22 18:27:37,003 - Processed 21900000/39489834 candidate edges
[INFO] 2026-05-22 18:27:37,626 - Processed 22000000/39489834 candidate edges
[INFO] 2026-05-22 18:27:38,235 - Processed 22100000/39489834 candidate edges
[INFO] 2026-05-22 18:27:38,837 - Processed 22200000/39489834 candidate edges
[INFO] 2026-05-22 18:27:39,421 - Processed 22300000/39489834 candidate edges
[INFO] 2026-05-22 18:27:40,008 - Processed 22400000/39489834 candidate edges
[INFO] 2026-05-22 18:27:40,600 - Processed 22500000/39489834 candidate edges
[INFO] 2026-05-22 18:27:41,187 - Processed 22600000/39489834 candidate edges
[INFO] 2026-05-22 18:27:41,795 - Processed 22700000/39489834 candidate edges
[INFO] 2026-05-22 18:27:42,386 - Processed 22800000/39489834 candidate edges
[INFO] 2026-05-22 18:27:42,985 - Processed 22900000/39489834 candidate edges
[INFO] 2026-05-22 18:27:43,574 - Processed 23000000/39489834 candidate edges
[INFO] 2026-05-22 18:27:44,166 - Processed 23100000/39489834 candidate edges
[INFO] 2026-05-22 18:27:44,753 - Processed 23200000/39489834 candidate edges
[INFO] 2026-05-22 18:27:45,337 - Processed 23300000/39489834 candidate edges
[INFO] 2026-05-22 18:27:45,929 - Processed 23400000/39489834 candidate edges
[INFO] 2026-05-22 18:27:46,542 - Processed 23500000/39489834 candidate edges
[INFO] 2026-05-22 18:27:47,144 - Processed 23600000/39489834 candidate edges
[INFO] 2026-05-22 18:27:47,751 - Processed 23700000/39489834 candidate edges
[INFO] 2026-05-22 18:27:48,375 - Processed 23800000/39489834 candidate edges
[INFO] 2026-05-22 18:27:48,982 - Processed 23900000/39489834 candidate edges
[INFO] 2026-05-22 18:27:49,596 - Processed 24000000/39489834 candidate edges
[INFO] 2026-05-22 18:27:50,206 - Processed 24100000/39489834 candidate edges
[INFO] 2026-05-22 18:27:50,847 - Processed 24200000/39489834 candidate edges
[INFO] 2026-05-22 18:27:51,471 - Processed 24300000/39489834 candidate edges
[INFO] 2026-05-22 18:27:52,094 - Processed 24400000/39489834 candidate edges
[INFO] 2026-05-22 18:27:52,725 - Processed 24500000/39489834 candidate edges
[INFO] 2026-05-22 18:27:53,333 - Processed 24600000/39489834 candidate edges
[INFO] 2026-05-22 18:27:53,958 - Processed 24700000/39489834 candidate edges
[INFO] 2026-05-22 18:27:54,582 - Processed 24800000/39489834 candidate edges
[INFO] 2026-05-22 18:27:55,194 - Processed 24900000/39489834 candidate edges
[INFO] 2026-05-22 18:27:55,825 - Processed 25000000/39489834 candidate edges
[INFO] 2026-05-22 18:27:56,466 - Processed 25100000/39489834 candidate edges
[INFO] 2026-05-22 18:27:57,123 - Processed 25200000/39489834 candidate edges
[INFO] 2026-05-22 18:27:57,746 - Processed 25300000/39489834 candidate edges
[INFO] 2026-05-22 18:27:58,372 - Processed 25400000/39489834 candidate edges
[INFO] 2026-05-22 18:27:59,004 - Processed 25500000/39489834 candidate edges
[INFO] 2026-05-22 18:27:59,621 - Processed 25600000/39489834 candidate edges
[INFO] 2026-05-22 18:28:00,244 - Processed 25700000/39489834 candidate edges
[INFO] 2026-05-22 18:28:00,871 - Processed 25800000/39489834 candidate edges
[INFO] 2026-05-22 18:28:01,494 - Processed 25900000/39489834 candidate edges
[INFO] 2026-05-22 18:28:02,194 - Processed 26000000/39489834 candidate edges
[INFO] 2026-05-22 18:28:03,074 - Processed 26100000/39489834 candidate edges
[INFO] 2026-05-22 18:28:03,957 - Processed 26200000/39489834 candidate edges
[INFO] 2026-05-22 18:28:04,819 - Processed 26300000/39489834 candidate edges
[INFO] 2026-05-22 18:28:05,479 - Processed 26400000/39489834 candidate edges
[INFO] 2026-05-22 18:28:06,132 - Processed 26500000/39489834 candidate edges
[INFO] 2026-05-22 18:28:06,763 - Processed 26600000/39489834 candidate edges
[INFO] 2026-05-22 18:28:07,389 - Processed 26700000/39489834 candidate edges
[INFO] 2026-05-22 18:28:07,983 - Processed 26800000/39489834 candidate edges
[INFO] 2026-05-22 18:28:08,585 - Processed 26900000/39489834 candidate edges
[INFO] 2026-05-22 18:28:09,212 - Processed 27000000/39489834 candidate edges
[INFO] 2026-05-22 18:28:09,820 - Processed 27100000/39489834 candidate edges
[INFO] 2026-05-22 18:28:10,426 - Processed 27200000/39489834 candidate edges
[INFO] 2026-05-22 18:28:11,031 - Processed 27300000/39489834 candidate edges
[INFO] 2026-05-22 18:28:11,639 - Processed 27400000/39489834 candidate edges
[INFO] 2026-05-22 18:28:12,243 - Processed 27500000/39489834 candidate edges
[INFO] 2026-05-22 18:28:12,836 - Processed 27600000/39489834 candidate edges
[INFO] 2026-05-22 18:28:13,446 - Processed 27700000/39489834 candidate edges
[INFO] 2026-05-22 18:28:14,045 - Processed 27800000/39489834 candidate edges
[INFO] 2026-05-22 18:28:14,642 - Processed 27900000/39489834 candidate edges
[INFO] 2026-05-22 18:28:15,241 - Processed 28000000/39489834 candidate edges
[INFO] 2026-05-22 18:28:15,836 - Processed 28100000/39489834 candidate edges
[INFO] 2026-05-22 18:28:16,429 - Processed 28200000/39489834 candidate edges
[INFO] 2026-05-22 18:28:17,021 - Processed 28300000/39489834 candidate edges
[INFO] 2026-05-22 18:28:17,618 - Processed 28400000/39489834 candidate edges
[INFO] 2026-05-22 18:28:18,213 - Processed 28500000/39489834 candidate edges
[INFO] 2026-05-22 18:28:18,816 - Processed 28600000/39489834 candidate edges
[INFO] 2026-05-22 18:28:19,436 - Processed 28700000/39489834 candidate edges
[INFO] 2026-05-22 18:28:20,085 - Processed 28800000/39489834 candidate edges
[INFO] 2026-05-22 18:28:20,703 - Processed 28900000/39489834 candidate edges
[INFO] 2026-05-22 18:28:21,351 - Processed 29000000/39489834 candidate edges
[INFO] 2026-05-22 18:28:22,001 - Processed 29100000/39489834 candidate edges
[INFO] 2026-05-22 18:28:22,639 - Processed 29200000/39489834 candidate edges
[INFO] 2026-05-22 18:28:23,266 - Processed 29300000/39489834 candidate edges
[INFO] 2026-05-22 18:28:23,917 - Processed 29400000/39489834 candidate edges
[INFO] 2026-05-22 18:28:24,553 - Processed 29500000/39489834 candidate edges
[INFO] 2026-05-22 18:28:25,190 - Processed 29600000/39489834 candidate edges
[INFO] 2026-05-22 18:28:25,834 - Processed 29700000/39489834 candidate edges
[INFO] 2026-05-22 18:28:26,511 - Processed 29800000/39489834 candidate edges
[INFO] 2026-05-22 18:28:27,143 - Processed 29900000/39489834 candidate edges
[INFO] 2026-05-22 18:28:27,786 - Processed 30000000/39489834 candidate edges
[INFO] 2026-05-22 18:28:28,451 - Processed 30100000/39489834 candidate edges
[INFO] 2026-05-22 18:28:29,105 - Processed 30200000/39489834 candidate edges
[INFO] 2026-05-22 18:28:29,727 - Processed 30300000/39489834 candidate edges
[INFO] 2026-05-22 18:28:30,334 - Processed 30400000/39489834 candidate edges
[INFO] 2026-05-22 18:28:30,956 - Processed 30500000/39489834 candidate edges
[INFO] 2026-05-22 18:28:31,564 - Processed 30600000/39489834 candidate edges
[INFO] 2026-05-22 18:28:32,170 - Processed 30700000/39489834 candidate edges
[INFO] 2026-05-22 18:28:32,773 - Processed 30800000/39489834 candidate edges
[INFO] 2026-05-22 18:28:33,364 - Processed 30900000/39489834 candidate edges
[INFO] 2026-05-22 18:28:33,942 - Processed 31000000/39489834 candidate edges
[INFO] 2026-05-22 18:28:34,536 - Processed 31100000/39489834 candidate edges
[INFO] 2026-05-22 18:28:35,116 - Processed 31200000/39489834 candidate edges
[INFO] 2026-05-22 18:28:35,681 - Processed 31300000/39489834 candidate edges
[INFO] 2026-05-22 18:28:36,249 - Processed 31400000/39489834 candidate edges
[INFO] 2026-05-22 18:28:36,819 - Processed 31500000/39489834 candidate edges
[INFO] 2026-05-22 18:28:37,378 - Processed 31600000/39489834 candidate edges
[INFO] 2026-05-22 18:28:37,935 - Processed 31700000/39489834 candidate edges
[INFO] 2026-05-22 18:28:38,513 - Processed 31800000/39489834 candidate edges
[INFO] 2026-05-22 18:28:39,098 - Processed 31900000/39489834 candidate edges
[INFO] 2026-05-22 18:28:39,680 - Processed 32000000/39489834 candidate edges
[INFO] 2026-05-22 18:28:40,264 - Processed 32100000/39489834 candidate edges
[INFO] 2026-05-22 18:28:40,855 - Processed 32200000/39489834 candidate edges
[INFO] 2026-05-22 18:28:41,441 - Processed 32300000/39489834 candidate edges
[INFO] 2026-05-22 18:28:42,071 - Processed 32400000/39489834 candidate edges
[INFO] 2026-05-22 18:28:42,702 - Processed 32500000/39489834 candidate edges
[INFO] 2026-05-22 18:28:43,332 - Processed 32600000/39489834 candidate edges
[INFO] 2026-05-22 18:28:43,980 - Processed 32700000/39489834 candidate edges
[INFO] 2026-05-22 18:28:44,616 - Processed 32800000/39489834 candidate edges
[INFO] 2026-05-22 18:28:45,267 - Processed 32900000/39489834 candidate edges
[INFO] 2026-05-22 18:28:45,905 - Processed 33000000/39489834 candidate edges
[INFO] 2026-05-22 18:28:46,557 - Processed 33100000/39489834 candidate edges
[INFO] 2026-05-22 18:28:47,221 - Processed 33200000/39489834 candidate edges
[INFO] 2026-05-22 18:28:47,863 - Processed 33300000/39489834 candidate edges
[INFO] 2026-05-22 18:28:48,514 - Processed 33400000/39489834 candidate edges
[INFO] 2026-05-22 18:28:49,168 - Processed 33500000/39489834 candidate edges
[INFO] 2026-05-22 18:28:49,819 - Processed 33600000/39489834 candidate edges
[INFO] 2026-05-22 18:28:50,471 - Processed 33700000/39489834 candidate edges
[INFO] 2026-05-22 18:28:51,132 - Processed 33800000/39489834 candidate edges
[INFO] 2026-05-22 18:28:51,771 - Processed 33900000/39489834 candidate edges
[INFO] 2026-05-22 18:28:52,377 - Processed 34000000/39489834 candidate edges
[INFO] 2026-05-22 18:28:52,981 - Processed 34100000/39489834 candidate edges
[INFO] 2026-05-22 18:28:53,603 - Processed 34200000/39489834 candidate edges
[INFO] 2026-05-22 18:28:54,210 - Processed 34300000/39489834 candidate edges
[INFO] 2026-05-22 18:28:54,812 - Processed 34400000/39489834 candidate edges
[INFO] 2026-05-22 18:28:55,432 - Processed 34500000/39489834 candidate edges
[INFO] 2026-05-22 18:28:56,038 - Processed 34600000/39489834 candidate edges
[INFO] 2026-05-22 18:28:56,648 - Processed 34700000/39489834 candidate edges
[INFO] 2026-05-22 18:28:57,263 - Processed 34800000/39489834 candidate edges
[INFO] 2026-05-22 18:28:57,894 - Processed 34900000/39489834 candidate edges
[INFO] 2026-05-22 18:28:58,508 - Processed 35000000/39489834 candidate edges
[INFO] 2026-05-22 18:28:59,122 - Processed 35100000/39489834 candidate edges
[INFO] 2026-05-22 18:28:59,744 - Processed 35200000/39489834 candidate edges
[INFO] 2026-05-22 18:29:00,362 - Processed 35300000/39489834 candidate edges
[INFO] 2026-05-22 18:29:00,979 - Processed 35400000/39489834 candidate edges
[INFO] 2026-05-22 18:29:01,621 - Processed 35500000/39489834 candidate edges
[INFO] 2026-05-22 18:29:02,255 - Processed 35600000/39489834 candidate edges
[INFO] 2026-05-22 18:29:02,879 - Processed 35700000/39489834 candidate edges
[INFO] 2026-05-22 18:29:03,503 - Processed 35800000/39489834 candidate edges
[INFO] 2026-05-22 18:29:04,179 - Processed 35900000/39489834 candidate edges
[INFO] 2026-05-22 18:29:04,845 - Processed 36000000/39489834 candidate edges
[INFO] 2026-05-22 18:29:05,529 - Processed 36100000/39489834 candidate edges
[INFO] 2026-05-22 18:29:06,221 - Processed 36200000/39489834 candidate edges
[INFO] 2026-05-22 18:29:06,904 - Processed 36300000/39489834 candidate edges
[INFO] 2026-05-22 18:29:07,566 - Processed 36400000/39489834 candidate edges
[INFO] 2026-05-22 18:29:08,235 - Processed 36500000/39489834 candidate edges
[INFO] 2026-05-22 18:29:08,897 - Processed 36600000/39489834 candidate edges
[INFO] 2026-05-22 18:29:09,557 - Processed 36700000/39489834 candidate edges
[INFO] 2026-05-22 18:29:10,223 - Processed 36800000/39489834 candidate edges
[INFO] 2026-05-22 18:29:10,877 - Processed 36900000/39489834 candidate edges
[INFO] 2026-05-22 18:29:11,530 - Processed 37000000/39489834 candidate edges
[INFO] 2026-05-22 18:29:12,206 - Processed 37100000/39489834 candidate edges
[INFO] 2026-05-22 18:29:12,865 - Processed 37200000/39489834 candidate edges
[INFO] 2026-05-22 18:29:13,531 - Processed 37300000/39489834 candidate edges
[INFO] 2026-05-22 18:29:14,175 - Processed 37400000/39489834 candidate edges
[INFO] 2026-05-22 18:29:14,795 - Processed 37500000/39489834 candidate edges
[INFO] 2026-05-22 18:29:15,425 - Processed 37600000/39489834 candidate edges
[INFO] 2026-05-22 18:29:16,057 - Processed 37700000/39489834 candidate edges
[INFO] 2026-05-22 18:29:16,702 - Processed 37800000/39489834 candidate edges
[INFO] 2026-05-22 18:29:17,318 - Processed 37900000/39489834 candidate edges
[INFO] 2026-05-22 18:29:17,935 - Processed 38000000/39489834 candidate edges
[INFO] 2026-05-22 18:29:18,570 - Processed 38100000/39489834 candidate edges
[INFO] 2026-05-22 18:29:19,199 - Processed 38200000/39489834 candidate edges
[INFO] 2026-05-22 18:29:19,811 - Processed 38300000/39489834 candidate edges
[INFO] 2026-05-22 18:29:20,410 - Processed 38400000/39489834 candidate edges
[INFO] 2026-05-22 18:29:21,015 - Processed 38500000/39489834 candidate edges
[INFO] 2026-05-22 18:29:21,619 - Processed 38600000/39489834 candidate edges
[INFO] 2026-05-22 18:29:22,226 - Processed 38700000/39489834 candidate edges
[INFO] 2026-05-22 18:29:22,858 - Processed 38800000/39489834 candidate edges
[INFO] 2026-05-22 18:29:23,477 - Processed 38900000/39489834 candidate edges
[INFO] 2026-05-22 18:29:24,094 - Processed 39000000/39489834 candidate edges
[INFO] 2026-05-22 18:29:24,719 - Processed 39100000/39489834 candidate edges
[INFO] 2026-05-22 18:29:25,328 - Processed 39200000/39489834 candidate edges
[INFO] 2026-05-22 18:29:25,933 - Processed 39300000/39489834 candidate edges
[INFO] 2026-05-22 18:29:26,587 - Processed 39400000/39489834 candidate edges
[INFO] 2026-05-22 18:29:27,206 - Consensus graph nodes=14376 edges=24168311
[INFO] 2026-05-22 18:29:27,206 - Running Louvain on consensus graph
[INFO] 2026-05-22 18:38:16,929 - Seed communities=4
[INFO] 2026-05-22 18:38:24,009 - Expanding community 0
[DEBUG] 2026-05-22 18:38:25,544 - [EXPANSION] author sorted scores=[('a19926', 76), ('a113755', 51), ('a16696', 43), ('a15481', 40), ('a19922', 34), ('a7277', 33), ('a19617', 33), ('a15946', 30), ('a2588', 29), ('a18041', 29)]
[DEBUG] 2026-05-22 18:38:25,557 - [EXPANSION] conference sorted scores=[('c2180', 661), ('c36', 615), ('c3318', 497), ('c3329', 461), ('c1798', 451), ('c3594', 448), ('c2504', 300), ('c1902', 272), ('c597', 247), ('c1801', 224)]
[DEBUG] 2026-05-22 18:38:29,667 - [EXPANSION] term sorted scores=[('t45', 1065), ('t63', 917), ('t55', 664), ('t10', 611), ('t81', 599), ('t461', 567), ('t38', 495), ('t112', 494), ('t12', 401), ('t53', 343)]
[INFO] 2026-05-22 18:38:29,669 - Expanding community 1
[DEBUG] 2026-05-22 18:38:30,214 - [EXPANSION] author sorted scores=[('a16696', 38), ('a35465', 37), ('a15946', 34), ('a19922', 34), ('a113755', 34), ('a19926', 31), ('a113162', 31), ('a15481', 27), ('a16695', 26), ('a19627', 26)]
[DEBUG] 2026-05-22 18:38:30,225 - [EXPANSION] conference sorted scores=[('c1798', 442), ('c2180', 436), ('c3318', 424), ('c3594', 422), ('c36', 406), ('c3329', 375), ('c2504', 247), ('c597', 239), ('c1902', 174), ('c1801', 158)]
[DEBUG] 2026-05-22 18:38:33,551 - [EXPANSION] term sorted scores=[('t19', 4079), ('t63', 1343), ('t45', 675), ('t461', 617), ('t4', 465), ('t82', 398), ('t35', 384), ('t38', 359), ('t12', 273), ('t452', 242)]
[INFO] 2026-05-22 18:38:33,553 - Expanding community 2
[DEBUG] 2026-05-22 18:38:34,054 - [EXPANSION] author sorted scores=[('a19926', 37), ('a16696', 33), ('a35663', 30), ('a113162', 29), ('a113755', 28), ('a37276', 26), ('a33519', 20), ('a35465', 20), ('a16849', 18), ('a7277', 17)]
[DEBUG] 2026-05-22 18:38:34,063 - [EXPANSION] conference sorted scores=[('c2180', 492), ('c36', 372), ('c3594', 344), ('c3318', 322), ('c3329', 295), ('c1798', 281), ('c2504', 159), ('c597', 141), ('c3027', 141), ('c1902', 130)]
[DEBUG] 2026-05-22 18:38:36,798 - [EXPANSION] term sorted scores=[('t4', 2954), ('t1', 1351), ('t63', 635), ('t45', 612), ('t35', 607), ('t112', 408), ('t461', 342), ('t82', 220), ('t19', 217), ('t55', 217)]
[INFO] 2026-05-22 18:38:36,800 - Expanding community 3
[DEBUG] 2026-05-22 18:38:36,969 - [EXPANSION] author sorted scores=[('a19926', 24), ('a16696', 23), ('a12269', 21), ('a19922', 21), ('a33521', 19), ('a37276', 18), ('a16695', 17), ('a35465', 17), ('a87481', 17), ('a7277', 15)]
[DEBUG] 2026-05-22 18:38:36,974 - [EXPANSION] conference sorted scores=[('c3594', 260), ('c1798', 250), ('c2180', 234), ('c3329', 225), ('c36', 205), ('c3318', 134), ('c597', 98), ('c2504', 90), ('c3027', 61), ('c1902', 59)]
[DEBUG] 2026-05-22 18:38:38,248 - [EXPANSION] term sorted scores=[('t35', 1814), ('t45', 416), ('t63', 289), ('t461', 256), ('t54', 209), ('t1', 186), ('t512', 183), ('t134', 175), ('t55', 129), ('t375', 118)]
[INFO] 2026-05-22 18:41:41,496 - [EVAL] Modularity=-0.0680
[INFO] 2026-05-22 18:41:41,496 - [EVAL] Surprise=0.0000
[INFO] 2026-05-22 18:41:41,496 - [EVAL] Keyword coherence=0.7513
[INFO] 2026-05-22 18:41:41,496 - [EVAL] Community stats={'num_communities': 4, 'avg_size': np.float64(3594.0), 'max_size': np.int64(5118), 'min_size': np.int64(1894)}
[INFO] 2026-05-22 18:41:41,499 - [NMI DEBUG] matched_nodes=100
[INFO] 2026-05-22 18:41:41,503 - [NMI] 0.0304
[INFO] 2026-05-22 18:41:41,509 - Saved communities...
