[INFO] 2026-05-23 00:31:00,998 - [MATRIX] writes shape=(14376, 14475)
[INFO] 2026-05-23 00:31:01,023 - [MATRIX] be_written shape=(14475, 14376)
[INFO] 2026-05-23 00:31:01,030 - [MATRIX] published_in shape=(14376, 20)
[INFO] 2026-05-23 00:31:01,037 - [MATRIX] publish shape=(20, 14376)
[INFO] 2026-05-23 00:31:01,093 - [MATRIX] has_term shape=(14376, 8920)
[INFO] 2026-05-23 00:31:01,149 - [MATRIX] term_in shape=(8920, 14376)
[INFO] 2026-05-23 00:31:01,164 - 
========== Building P-A-P ==========
[INFO] 2026-05-23 00:31:01,173 - P-A-P matrix shape=(14376, 14376)
[INFO] 2026-05-23 00:31:02,276 - P-A-P nodes=13774 edges=215663 total_weight=497692.0000
[INFO] 2026-05-23 00:31:02,282 - 
========== Building P-T-P ==========
[INFO] 2026-05-23 00:31:03,501 - P-T-P matrix shape=(14376, 14376)
[INFO] 2026-05-23 00:34:35,275 - P-T-P nodes=14369 edges=34197024 total_weight=83922412.0000
[INFO] 2026-05-23 00:34:35,283 - 
========== Building P-C-P ==========
[INFO] 2026-05-23 00:34:35,566 - P-C-P matrix shape=(14376, 14376)
[INFO] 2026-05-23 00:35:27,132 - P-C-P nodes=14376 edges=8232454 total_weight=16464908.0000
[INFO] 2026-05-23 00:35:27,658 - Running community detection on P-A-P
[INFO] 2026-05-23 00:35:32,344 - P-A-P communities=434
[INFO] 2026-05-23 00:35:32,369 - Running community detection on P-T-P
[INFO] 2026-05-23 00:36:40,868 - [MATRIX] writes shape=(14376, 14475)
[INFO] 2026-05-23 00:36:40,888 - [MATRIX] be_written shape=(14475, 14376)
[INFO] 2026-05-23 00:36:40,895 - [MATRIX] published_in shape=(14376, 20)
[INFO] 2026-05-23 00:36:40,902 - [MATRIX] publish shape=(20, 14376)
[INFO] 2026-05-23 00:36:40,954 - [MATRIX] has_term shape=(14376, 8920)
[INFO] 2026-05-23 00:36:41,006 - [MATRIX] term_in shape=(8920, 14376)
[INFO] 2026-05-23 00:36:41,022 - 
========== Building A-P-A ==========
[INFO] 2026-05-23 00:36:41,025 - A-P-A matrix shape=(14475, 14475)
[INFO] 2026-05-23 00:36:41,085 - A-P-A nodes=5264 edges=8789 total_weight=51362.0000
[INFO] 2026-05-23 00:36:41,087 - 
========== Building A-P-C-P-A ==========
[INFO] 2026-05-23 00:36:42,765 - A-P-C-P-A matrix shape=(14475, 14475)
[INFO] 2026-05-23 00:36:57,631 - A-P-C-P-A nodes=14380 edges=1191844 total_weight=19193234.0000
[INFO] 2026-05-23 00:36:57,778 - Running community detection on A-P-A
[INFO] 2026-05-23 00:36:58,201 - A-P-A communities=639
[INFO] 2026-05-23 00:36:58,209 - Running community detection on A-P-C-P-A
[INFO] 2026-05-23 00:37:21,144 - A-P-C-P-A communities=4
[INFO] 2026-05-23 00:37:21,721 - Candidate edges=1195267
[INFO] 2026-05-23 00:37:22,762 - Processed 100000/1195267 candidate edges
[INFO] 2026-05-23 00:37:23,200 - Processed 200000/1195267 candidate edges
[INFO] 2026-05-23 00:37:23,640 - Processed 300000/1195267 candidate edges
[INFO] 2026-05-23 00:37:24,079 - Processed 400000/1195267 candidate edges
[INFO] 2026-05-23 00:37:24,528 - Processed 500000/1195267 candidate edges
[INFO] 2026-05-23 00:37:24,976 - Processed 600000/1195267 candidate edges
[INFO] 2026-05-23 00:37:25,420 - Processed 700000/1195267 candidate edges
[INFO] 2026-05-23 00:37:25,861 - Processed 800000/1195267 candidate edges
[INFO] 2026-05-23 00:37:26,322 - Processed 900000/1195267 candidate edges
[INFO] 2026-05-23 00:37:26,768 - Processed 1000000/1195267 candidate edges
[INFO] 2026-05-23 00:37:27,212 - Processed 1100000/1195267 candidate edges
[INFO] 2026-05-23 00:37:27,642 - Consensus graph nodes=14380 edges=1017782
[INFO] 2026-05-23 00:37:27,642 - Running Louvain on consensus graph
[INFO] 2026-05-23 00:37:44,624 - Seed communities=4
[INFO] 2026-05-23 00:37:45,858 - Expanding community 0
[DEBUG] 2026-05-23 00:37:47,204 - [EXPANSION] paper sorted scores=[('p554317', 18), ('p275255', 17), ('p595690', 17), ('p554114', 16), ('p554348', 16), ('p554349', 16), ('p596744', 16), ('p275258', 15), ('p275165', 14), ('p555663', 14)]
[DEBUG] 2026-05-23 00:37:47,215 - [EXPANSION] conference sorted scores=[('c3594', 1453), ('c1798', 1391), ('c3329', 1347), ('c3027', 432), ('c597', 342), ('c1234', 292), ('c2504', 205), ('c3771', 151), ('c1801', 143), ('c2934', 97)]
[DEBUG] 2026-05-23 00:37:50,690 - [EXPANSION] term sorted scores=[('t19', 1897), ('t4', 1421), ('t63', 1405), ('t35', 1371), ('t45', 1205), ('t461', 1173), ('t1', 846), ('t512', 662), ('t112', 526), ('t54', 518)]
[INFO] 2026-05-23 00:37:50,691 - Expanding community 1
[DEBUG] 2026-05-23 00:37:51,915 - [EXPANSION] paper sorted scores=[('p7745', 20), ('p7746', 18), ('p11744', 15), ('p358620', 13), ('p10831', 12), ('p356670', 12), ('p8031', 11), ('p10518', 10), ('p12278', 10), ('p9096', 9)]
[DEBUG] 2026-05-23 00:37:51,923 - [EXPANSION] conference sorted scores=[('c2180', 1794), ('c36', 1563), ('c1902', 566), ('c755', 226), ('c1201', 136), ('c2504', 136), ('c3318', 104), ('c1801', 88), ('c597', 79), ('c3771', 74)]
[DEBUG] 2026-05-23 00:37:54,065 - [EXPANSION] term sorted scores=[('t19', 1428), ('t4', 1225), ('t63', 1116), ('t45', 998), ('t35', 935), ('t1', 695), ('t12', 695), ('t55', 472), ('t10', 434), ('t38', 421)]
[INFO] 2026-05-23 00:37:54,066 - Expanding community 2
[DEBUG] 2026-05-23 00:37:54,511 - [EXPANSION] paper sorted scores=[('p551464', 13), ('p551708', 12), ('p85737', 10), ('p551520', 10), ('p552252', 10), ('p550757', 9), ('p552202', 8), ('p552505', 8), ('p626255', 8), ('p627109', 8)]
[DEBUG] 2026-05-23 00:37:54,518 - [EXPANSION] conference sorted scores=[('c3318', 1360), ('c597', 535), ('c3771', 283), ('c1194', 199), ('c2504', 98), ('c1902', 94), ('c1801', 90), ('c1798', 84), ('c36', 76), ('c2180', 67)]
[DEBUG] 2026-05-23 00:37:56,194 - [EXPANSION] term sorted scores=[('t19', 1071), ('t4', 774), ('t63', 716), ('t45', 599), ('t468', 585), ('t35', 555), ('t1', 464), ('t235', 432), ('t109', 361), ('t38', 332)]
[INFO] 2026-05-23 00:37:56,195 - Expanding community 3
[DEBUG] 2026-05-23 00:37:56,504 - [EXPANSION] paper sorted scores=[('p536310', 11), ('p436918', 10), ('p437421', 10), ('p436604', 9), ('p500946', 8), ('p500979', 8), ('p436118', 7), ('p436139', 7), ('p436177', 7), ('p436375', 7)]
[DEBUG] 2026-05-23 00:37:56,510 - [EXPANSION] conference sorted scores=[('c2504', 751), ('c1801', 477), ('c2934', 343), ('c3011', 268), ('c3230', 215), ('c1902', 165), ('c1798', 160), ('c597', 155), ('c3594', 86), ('c3771', 86)]
[DEBUG] 2026-05-23 00:37:58,079 - [EXPANSION] term sorted scores=[('t19', 982), ('t4', 724), ('t461', 632), ('t452', 620), ('t63', 586), ('t45', 541), ('t35', 538), ('t1', 308), ('t38', 307), ('t81', 304)]
[INFO] 2026-05-23 00:40:11,486 - [EVAL] Modularity=-0.0043
[INFO] 2026-05-23 00:40:11,486 - [EVAL] Surprise=0.0000
[INFO] 2026-05-23 00:40:11,486 - [EVAL] Keyword coherence=0.0000
[INFO] 2026-05-23 00:40:11,486 - [EVAL] Community stats={'num_communities': 4, 'avg_size': np.float64(3595.0), 'max_size': np.int64(4881), 'min_size': np.int64(2288)}
[INFO] 2026-05-23 00:40:11,491 - [NMI DEBUG] matched_nodes=4057
[INFO] 2026-05-23 00:40:11,496 - [NMI] 0.7845
[INFO] 2026-05-23 00:40:11,502 - Saved communities...
[INFO] 2026-05-24 23:16:57,822 - [MATRIX] writes shape=(14376, 14475)
[INFO] 2026-05-24 23:16:57,851 - [MATRIX] be_written shape=(14475, 14376)
[INFO] 2026-05-24 23:16:57,863 - [MATRIX] published_in shape=(14376, 20)
[INFO] 2026-05-24 23:16:57,872 - [MATRIX] publish shape=(20, 14376)
[INFO] 2026-05-24 23:16:57,961 - [MATRIX] has_term shape=(14376, 8920)
[INFO] 2026-05-24 23:16:58,041 - [MATRIX] term_in shape=(8920, 14376)
[INFO] 2026-05-24 23:16:58,077 - 
========== Building A-P-A ==========
[INFO] 2026-05-24 23:16:58,080 - A-P-A matrix shape=(14475, 14475)
[INFO] 2026-05-24 23:16:58,143 - A-P-A nodes=5264 edges=8789 total_weight=51362.0000
[INFO] 2026-05-24 23:16:58,144 - 
========== Building A-P-C-P-A ==========
[INFO] 2026-05-24 23:17:00,103 - A-P-C-P-A matrix shape=(14475, 14475)
[INFO] 2026-05-24 23:17:14,988 - A-P-C-P-A nodes=14380 edges=1191844 total_weight=19193234.0000
[INFO] 2026-05-24 23:17:15,228 - 
========== MASSE Reliability ==========
[INFO] 2026-05-24 23:17:15,240 - A-P-A reliability=0.000132
[INFO] 2026-05-24 23:17:16,536 - A-P-C-P-A reliability=0.000001
