[INFO] 2026-05-23 00:05:04,598 - [MATRIX] writes shape=(14376, 14475)
[INFO] 2026-05-23 00:05:04,622 - [MATRIX] be_written shape=(14475, 14376)
[INFO] 2026-05-23 00:05:04,629 - [MATRIX] published_in shape=(14376, 20)
[INFO] 2026-05-23 00:05:04,637 - [MATRIX] publish shape=(20, 14376)
[INFO] 2026-05-23 00:05:04,701 - [MATRIX] has_term shape=(14376, 8920)
[INFO] 2026-05-23 00:05:04,758 - [MATRIX] term_in shape=(8920, 14376)
[INFO] 2026-05-23 00:05:04,773 - 
========== Building P-A-P ==========
[INFO] 2026-05-23 00:05:04,783 - P-A-P matrix shape=(14376, 14376)
[INFO] 2026-05-23 00:05:05,967 - P-A-P nodes=13774 edges=215663 total_weight=497692.0000
[INFO] 2026-05-23 00:05:05,973 - 
========== Building P-T-P ==========
[INFO] 2026-05-23 00:05:07,278 - P-T-P matrix shape=(14376, 14376)
[INFO] 2026-05-23 00:05:29,810 - [MATRIX] writes shape=(14376, 14475)
[INFO] 2026-05-23 00:05:29,843 - [MATRIX] be_written shape=(14475, 14376)
[INFO] 2026-05-23 00:05:29,854 - [MATRIX] published_in shape=(14376, 20)
[INFO] 2026-05-23 00:05:29,864 - [MATRIX] publish shape=(20, 14376)
[INFO] 2026-05-23 00:05:29,952 - [MATRIX] has_term shape=(14376, 8920)
[INFO] 2026-05-23 00:05:30,037 - [MATRIX] term_in shape=(8920, 14376)
[INFO] 2026-05-23 00:05:30,055 - 
========== Building P-A-P ==========
[INFO] 2026-05-23 00:05:30,068 - P-A-P matrix shape=(14376, 14376)
[INFO] 2026-05-23 00:05:31,381 - P-A-P nodes=13774 edges=215663 total_weight=497692.0000
[INFO] 2026-05-23 00:05:31,386 - 
========== Building P-T-P ==========
[INFO] 2026-05-23 00:05:32,652 - P-T-P matrix shape=(14376, 14376)
[INFO] 2026-05-23 00:05:46,852 - P-T-P nodes=4672 edges=14219 total_weight=147202.0000
[INFO] 2026-05-23 00:05:46,854 - 
========== Building P-C-P ==========
[INFO] 2026-05-23 00:05:47,129 - P-C-P matrix shape=(14376, 14376)
[INFO] 2026-05-23 00:06:31,184 - P-C-P nodes=14376 edges=8232454 total_weight=16464908.0000
[INFO] 2026-05-23 00:06:31,773 - Running community detection on P-A-P
[INFO] 2026-05-23 00:06:37,023 - P-A-P communities=437
[INFO] 2026-05-23 00:06:37,027 - Running community detection on P-T-P
[INFO] 2026-05-23 00:06:37,624 - P-T-P communities=349
[INFO] 2026-05-23 00:06:37,633 - Running community detection on P-C-P
[INFO] 2026-05-23 00:08:00,503 - P-C-P communities=20
[INFO] 2026-05-23 00:08:05,119 - Candidate edges=8406726
[INFO] 2026-05-23 00:08:05,866 - Processed 100000/8406726 candidate edges
[INFO] 2026-05-23 00:08:06,567 - Processed 200000/8406726 candidate edges
[INFO] 2026-05-23 00:08:07,271 - Processed 300000/8406726 candidate edges
[INFO] 2026-05-23 00:08:07,938 - Processed 400000/8406726 candidate edges
[INFO] 2026-05-23 00:08:08,606 - Processed 500000/8406726 candidate edges
[INFO] 2026-05-23 00:08:09,268 - Processed 600000/8406726 candidate edges
[INFO] 2026-05-23 00:08:09,900 - Processed 700000/8406726 candidate edges
[INFO] 2026-05-23 00:08:10,579 - Processed 800000/8406726 candidate edges
[INFO] 2026-05-23 00:08:11,234 - Processed 900000/8406726 candidate edges
[INFO] 2026-05-23 00:08:11,884 - Processed 1000000/8406726 candidate edges
[INFO] 2026-05-23 00:08:12,544 - Processed 1100000/8406726 candidate edges
[INFO] 2026-05-23 00:08:13,197 - Processed 1200000/8406726 candidate edges
[INFO] 2026-05-23 00:08:13,834 - Processed 1300000/8406726 candidate edges
[INFO] 2026-05-23 00:08:14,468 - Processed 1400000/8406726 candidate edges
[INFO] 2026-05-23 00:08:15,083 - Processed 1500000/8406726 candidate edges
[INFO] 2026-05-23 00:08:15,699 - Processed 1600000/8406726 candidate edges
[INFO] 2026-05-23 00:08:16,316 - Processed 1700000/8406726 candidate edges
[INFO] 2026-05-23 00:08:16,923 - Processed 1800000/8406726 candidate edges
[INFO] 2026-05-23 00:08:17,563 - Processed 1900000/8406726 candidate edges
[INFO] 2026-05-23 00:08:18,185 - Processed 2000000/8406726 candidate edges
[INFO] 2026-05-23 00:08:18,792 - Processed 2100000/8406726 candidate edges
[INFO] 2026-05-23 00:08:19,411 - Processed 2200000/8406726 candidate edges
[INFO] 2026-05-23 00:08:20,009 - Processed 2300000/8406726 candidate edges
[INFO] 2026-05-23 00:08:20,607 - Processed 2400000/8406726 candidate edges
[INFO] 2026-05-23 00:08:21,218 - Processed 2500000/8406726 candidate edges
[INFO] 2026-05-23 00:08:21,864 - Processed 2600000/8406726 candidate edges
[INFO] 2026-05-23 00:08:22,466 - Processed 2700000/8406726 candidate edges
[INFO] 2026-05-23 00:08:23,066 - Processed 2800000/8406726 candidate edges
[INFO] 2026-05-23 00:08:23,679 - Processed 2900000/8406726 candidate edges
[INFO] 2026-05-23 00:08:24,296 - Processed 3000000/8406726 candidate edges
[INFO] 2026-05-23 00:08:24,910 - Processed 3100000/8406726 candidate edges
[INFO] 2026-05-23 00:08:25,526 - Processed 3200000/8406726 candidate edges
[INFO] 2026-05-23 00:08:26,151 - Processed 3300000/8406726 candidate edges
[INFO] 2026-05-23 00:08:26,794 - Processed 3400000/8406726 candidate edges
[INFO] 2026-05-23 00:08:27,444 - Processed 3500000/8406726 candidate edges
[INFO] 2026-05-23 00:08:28,127 - Processed 3600000/8406726 candidate edges
[INFO] 2026-05-23 00:08:28,789 - Processed 3700000/8406726 candidate edges
[INFO] 2026-05-23 00:08:29,449 - Processed 3800000/8406726 candidate edges
[INFO] 2026-05-23 00:08:30,129 - Processed 3900000/8406726 candidate edges
[INFO] 2026-05-23 00:08:30,806 - Processed 4000000/8406726 candidate edges
[INFO] 2026-05-23 00:08:31,492 - Processed 4100000/8406726 candidate edges
[INFO] 2026-05-23 00:08:32,166 - Processed 4200000/8406726 candidate edges
[INFO] 2026-05-23 00:08:32,837 - Processed 4300000/8406726 candidate edges
[INFO] 2026-05-23 00:08:33,529 - Processed 4400000/8406726 candidate edges
[INFO] 2026-05-23 00:08:34,214 - Processed 4500000/8406726 candidate edges
[INFO] 2026-05-23 00:08:34,879 - Processed 4600000/8406726 candidate edges
[INFO] 2026-05-23 00:08:35,549 - Processed 4700000/8406726 candidate edges
[INFO] 2026-05-23 00:08:36,229 - Processed 4800000/8406726 candidate edges
[INFO] 2026-05-23 00:08:36,878 - Processed 4900000/8406726 candidate edges
[INFO] 2026-05-23 00:08:37,480 - Processed 5000000/8406726 candidate edges
[INFO] 2026-05-23 00:08:38,091 - Processed 5100000/8406726 candidate edges
[INFO] 2026-05-23 00:08:38,706 - Processed 5200000/8406726 candidate edges
[INFO] 2026-05-23 00:08:39,312 - Processed 5300000/8406726 candidate edges
[INFO] 2026-05-23 00:08:39,917 - Processed 5400000/8406726 candidate edges
[INFO] 2026-05-23 00:08:40,552 - Processed 5500000/8406726 candidate edges
[INFO] 2026-05-23 00:08:41,178 - Processed 5600000/8406726 candidate edges
[INFO] 2026-05-23 00:08:41,797 - Processed 5700000/8406726 candidate edges
[INFO] 2026-05-23 00:08:42,411 - Processed 5800000/8406726 candidate edges
[INFO] 2026-05-23 00:08:43,043 - Processed 5900000/8406726 candidate edges
[INFO] 2026-05-23 00:08:43,670 - Processed 6000000/8406726 candidate edges
[INFO] 2026-05-23 00:08:44,291 - Processed 6100000/8406726 candidate edges
[INFO] 2026-05-23 00:08:44,953 - Processed 6200000/8406726 candidate edges
[INFO] 2026-05-23 00:08:45,613 - Processed 6300000/8406726 candidate edges
[INFO] 2026-05-23 00:08:46,260 - Processed 6400000/8406726 candidate edges
[INFO] 2026-05-23 00:08:46,903 - Processed 6500000/8406726 candidate edges
[INFO] 2026-05-23 00:08:47,557 - Processed 6600000/8406726 candidate edges
[INFO] 2026-05-23 00:08:48,193 - Processed 6700000/8406726 candidate edges
[INFO] 2026-05-23 00:08:48,841 - Processed 6800000/8406726 candidate edges
[INFO] 2026-05-23 00:08:49,533 - Processed 6900000/8406726 candidate edges
[INFO] 2026-05-23 00:08:50,245 - Processed 7000000/8406726 candidate edges
[INFO] 2026-05-23 00:08:50,970 - Processed 7100000/8406726 candidate edges
[INFO] 2026-05-23 00:08:51,678 - Processed 7200000/8406726 candidate edges
[INFO] 2026-05-23 00:08:52,401 - Processed 7300000/8406726 candidate edges
[INFO] 2026-05-23 00:08:53,103 - Processed 7400000/8406726 candidate edges
[INFO] 2026-05-23 00:08:53,798 - Processed 7500000/8406726 candidate edges
[INFO] 2026-05-23 00:08:54,486 - Processed 7600000/8406726 candidate edges
[INFO] 2026-05-23 00:08:55,201 - Processed 7700000/8406726 candidate edges
[INFO] 2026-05-23 00:08:55,929 - Processed 7800000/8406726 candidate edges
[INFO] 2026-05-23 00:08:56,633 - Processed 7900000/8406726 candidate edges
[INFO] 2026-05-23 00:08:57,343 - Processed 8000000/8406726 candidate edges
[INFO] 2026-05-23 00:08:58,060 - Processed 8100000/8406726 candidate edges
[INFO] 2026-05-23 00:08:58,755 - Processed 8200000/8406726 candidate edges
[INFO] 2026-05-23 00:08:59,446 - Processed 8300000/8406726 candidate edges
[INFO] 2026-05-23 00:09:00,197 - Processed 8400000/8406726 candidate edges
[INFO] 2026-05-23 00:09:00,253 - Consensus graph nodes=14376 edges=8383521
[INFO] 2026-05-23 00:09:00,253 - Running Louvain on consensus graph
[INFO] 2026-05-23 00:11:03,192 - Seed communities=13
[INFO] 2026-05-23 00:11:04,770 - Expanding community 0
[DEBUG] 2026-05-23 00:11:04,938 - [EXPANSION] author sorted scores=[('a15468', 20), ('a15710', 19), ('a16284', 15), ('a4473', 14), ('a4927', 14), ('a15305', 14), ('a15475', 14), ('a15201', 13), ('a15310', 12), ('a15588', 12)]
[DEBUG] 2026-05-23 00:11:04,943 - [EXPANSION] conference sorted scores=[('c2180', 1823), ('c36', 0), ('c597', 0), ('c755', 0), ('c1194', 0), ('c1201', 0), ('c1234', 0), ('c1798', 0), ('c1801', 0), ('c1902', 0)]
[DEBUG] 2026-05-23 00:11:06,139 - [EXPANSION] term sorted scores=[('t4', 502), ('t63', 483), ('t19', 480), ('t45', 389), ('t35', 371), ('t1', 283), ('t55', 170), ('t12', 160), ('t38', 138), ('t10', 136)]
[INFO] 2026-05-23 00:11:06,140 - Expanding community 1
[DEBUG] 2026-05-23 00:11:06,303 - [EXPANSION] author sorted scores=[('a4473', 26), ('a15481', 22), ('a4561', 19), ('a4927', 18), ('a4472', 15), ('a16641', 15), ('a15468', 14), ('a17424', 13), ('a15493', 12), ('a15710', 11)]
[DEBUG] 2026-05-23 00:11:06,307 - [EXPANSION] conference sorted scores=[('c36', 1598), ('c597', 0), ('c755', 0), ('c1194', 0), ('c1201', 0), ('c1234', 0), ('c1798', 0), ('c1801', 0), ('c1902', 0), ('c2180', 0)]
[DEBUG] 2026-05-23 00:11:07,225 - [EXPANSION] term sorted scores=[('t19', 436), ('t4', 383), ('t63', 371), ('t35', 321), ('t45', 296), ('t1', 233), ('t12', 171), ('t38', 150), ('t55', 145), ('t10', 129)]
[INFO] 2026-05-23 00:11:07,226 - Expanding community 2
[DEBUG] 2026-05-23 00:11:07,380 - [EXPANSION] author sorted scores=[('a19922', 35), ('a12269', 26), ('a113162', 26), ('a113755', 25), ('a37276', 24), ('a19926', 21), ('a33995', 20), ('a87481', 20), ('a13452', 18), ('a33519', 18)]
[DEBUG] 2026-05-23 00:11:07,384 - [EXPANSION] conference sorted scores=[('c3594', 1474), ('c4096', 1), ('c36', 0), ('c597', 0), ('c755', 0), ('c1194', 0), ('c1201', 0), ('c1234', 0), ('c1798', 0), ('c1801', 0)]
[DEBUG] 2026-05-23 00:11:08,310 - [EXPANSION] term sorted scores=[('t19', 455), ('t63', 379), ('t4', 347), ('t461', 333), ('t35', 327), ('t45', 293), ('t1', 265), ('t512', 211), ('t54', 144), ('t112', 127)]
[INFO] 2026-05-23 00:11:08,311 - Expanding community 3
[DEBUG] 2026-05-23 00:11:08,455 - [EXPANSION] author sorted scores=[('a16696', 40), ('a19926', 39), ('a35465', 30), ('a7277', 27), ('a10752', 26), ('a16695', 22), ('a15481', 21), ('a32693', 21), ('a113755', 20), ('a18505', 19)]
[DEBUG] 2026-05-23 00:11:08,459 - [EXPANSION] conference sorted scores=[('c1801', 525), ('c2934', 370), ('c3011', 287), ('c3230', 246), ('c4096', 3), ('c36', 0), ('c597', 0), ('c755', 0), ('c1194', 0), ('c1201', 0)]
[DEBUG] 2026-05-23 00:11:09,290 - [EXPANSION] term sorted scores=[('t19', 461), ('t4', 356), ('t452', 339), ('t461', 322), ('t63', 271), ('t35', 228), ('t45', 206), ('t226', 189), ('t38', 165), ('t81', 154)]
[INFO] 2026-05-23 00:11:09,291 - Expanding community 4
[DEBUG] 2026-05-23 00:11:09,458 - [EXPANSION] author sorted scores=[('a19926', 34), ('a16696', 31), ('a33520', 27), ('a113162', 26), ('a113688', 25), ('a7277', 23), ('a33521', 23), ('a19922', 22), ('a35663', 21), ('a37276', 21)]
[DEBUG] 2026-05-23 00:11:09,464 - [EXPANSION] conference sorted scores=[('c1798', 1424), ('c36', 0), ('c597', 0), ('c755', 0), ('c1194', 0), ('c1201', 0), ('c1234', 0), ('c1801', 0), ('c1902', 0), ('c2180', 0)]
[DEBUG] 2026-05-23 00:11:10,399 - [EXPANSION] term sorted scores=[('t19', 470), ('t35', 350), ('t63', 300), ('t4', 290), ('t461', 289), ('t45', 258), ('t1', 170), ('t512', 154), ('t54', 138), ('t375', 138)]
[INFO] 2026-05-23 00:11:10,400 - Expanding community 5
[DEBUG] 2026-05-23 00:11:10,539 - [EXPANSION] author sorted scores=[('a15946', 62), ('a26577', 25), ('a39389', 20), ('a113748', 20), ('a52890', 19), ('a16564', 18), ('a35663', 18), ('a20146', 17), ('a24026', 17), ('a27514', 17)]
[DEBUG] 2026-05-23 00:11:10,544 - [EXPANSION] conference sorted scores=[('c3318', 1377), ('c4096', 2), ('c36', 0), ('c597', 0), ('c755', 0), ('c1194', 0), ('c1201', 0), ('c1234', 0), ('c1798', 0), ('c1801', 0)]
[DEBUG] 2026-05-23 00:11:11,389 - [EXPANSION] term sorted scores=[('t19', 453), ('t468', 414), ('t4', 351), ('t63', 343), ('t235', 281), ('t45', 265), ('t35', 228), ('t1', 225), ('t81', 155), ('t38', 140)]
[INFO] 2026-05-23 00:11:11,390 - Expanding community 6
[DEBUG] 2026-05-23 00:11:11,554 - [EXPANSION] author sorted scores=[('a12269', 36), ('a113162', 33), ('a37276', 29), ('a19922', 26), ('a19926', 26), ('a82135', 25), ('a87481', 21), ('a33933', 19), ('a34108', 19), ('a82524', 19)]
[DEBUG] 2026-05-23 00:11:11,559 - [EXPANSION] conference sorted scores=[('c3329', 1356), ('c4096', 1), ('c36', 0), ('c597', 0), ('c755', 0), ('c1194', 0), ('c1201', 0), ('c1234', 0), ('c1798', 0), ('c1801', 0)]
[DEBUG] 2026-05-23 00:11:12,443 - [EXPANSION] term sorted scores=[('t19', 393), ('t63', 339), ('t35', 292), ('t4', 276), ('t45', 272), ('t461', 247), ('t512', 190), ('t1', 181), ('t358', 127), ('t375', 123)]
[INFO] 2026-05-23 00:11:12,444 - Expanding community 7
[DEBUG] 2026-05-23 00:11:12,549 - [EXPANSION] author sorted scores=[('a15807', 20), ('a35875', 18), ('a124231', 18), ('a15493', 15), ('a15787', 15), ('a17468', 15), ('a4489', 14), ('a18057', 14), ('a17530', 13), ('a19129', 13)]
[DEBUG] 2026-05-23 00:11:12,553 - [EXPANSION] conference sorted scores=[('c1902', 635), ('c1201', 193), ('c36', 0), ('c597', 0), ('c755', 0), ('c1194', 0), ('c1234', 0), ('c1798', 0), ('c1801', 0), ('c2180', 0)]
[DEBUG] 2026-05-23 00:11:12,799 - [EXPANSION] term sorted scores=[('t12', 320), ('t19', 236), ('t4', 179), ('t45', 152), ('t35', 120), ('t63', 107), ('t10', 95), ('t1', 83), ('t81', 80), ('t55', 67)]
[INFO] 2026-05-23 00:11:12,800 - Expanding community 8
[DEBUG] 2026-05-23 00:11:12,902 - [EXPANSION] author sorted scores=[('a19926', 31), ('a113755', 25), ('a16696', 20), ('a8754', 18), ('a18041', 17), ('a78964', 15), ('a85913', 15), ('a18074', 14), ('a19617', 13), ('a34422', 13)]
[DEBUG] 2026-05-23 00:11:12,905 - [EXPANSION] conference sorted scores=[('c2504', 796), ('c4096', 1), ('c36', 0), ('c597', 0), ('c755', 0), ('c1194', 0), ('c1201', 0), ('c1234', 0), ('c1798', 0), ('c1801', 0)]
[DEBUG] 2026-05-23 00:11:13,394 - [EXPANSION] term sorted scores=[('t19', 260), ('t452', 206), ('t461', 204), ('t4', 186), ('t45', 157), ('t63', 148), ('t35', 145), ('t1', 85), ('t81', 77), ('t226', 65)]
[INFO] 2026-05-23 00:11:13,395 - Expanding community 9
[DEBUG] 2026-05-23 00:11:13,499 - [EXPANSION] author sorted scores=[('a97600', 30), ('a38722', 26), ('a6982', 18), ('a16849', 18), ('a33501', 17), ('a19592', 16), ('a65896', 16), ('a85853', 16), ('a16682', 15), ('a19922', 15)]
[DEBUG] 2026-05-23 00:11:13,502 - [EXPANSION] conference sorted scores=[('c3027', 457), ('c1234', 300), ('c36', 0), ('c597', 0), ('c755', 0), ('c1194', 0), ('c1201', 0), ('c1798', 0), ('c1801', 0), ('c1902', 0)]
[DEBUG] 2026-05-23 00:11:13,736 - [EXPANSION] term sorted scores=[('t4', 221), ('t19', 199), ('t45', 169), ('t35', 142), ('t63', 129), ('t1', 128), ('t461', 103), ('t542', 90), ('t512', 75), ('t112', 74)]
[INFO] 2026-05-23 00:11:13,737 - Expanding community 10
[DEBUG] 2026-05-23 00:11:13,831 - [EXPANSION] author sorted scores=[('a19627', 17), ('a15946', 16), ('a9485', 13), ('a16696', 12), ('a35663', 11), ('a26577', 10), ('a35666', 9), ('a113743', 9), ('a19926', 8), ('a28826', 8)]
[DEBUG] 2026-05-23 00:11:13,834 - [EXPANSION] conference sorted scores=[('c597', 725), ('c4096', 1), ('c36', 0), ('c755', 0), ('c1194', 0), ('c1201', 0), ('c1234', 0), ('c1798', 0), ('c1801', 0), ('c1902', 0)]
[DEBUG] 2026-05-23 00:11:14,281 - [EXPANSION] term sorted scores=[('t19', 253), ('t35', 165), ('t63', 162), ('t4', 147), ('t45', 140), ('t461', 88), ('t1', 84), ('t235', 77), ('t38', 75), ('t468', 73)]
[INFO] 2026-05-23 00:11:14,282 - Expanding community 11
[DEBUG] 2026-05-23 00:11:14,366 - [EXPANSION] author sorted scores=[('a27110', 15), ('a39389', 14), ('a16850', 12), ('a12317', 11), ('a20365', 11), ('a16319', 10), ('a25739', 10), ('a26908', 10), ('a16985', 9), ('a17383', 9)]
[DEBUG] 2026-05-23 00:11:14,369 - [EXPANSION] conference sorted scores=[('c3771', 343), ('c1194', 207), ('c4096', 2), ('c36', 0), ('c597', 0), ('c755', 0), ('c1201', 0), ('c1234', 0), ('c1798', 0), ('c1801', 0)]
[DEBUG] 2026-05-23 00:11:14,613 - [EXPANSION] term sorted scores=[('t19', 188), ('t109', 164), ('t4', 148), ('t63', 106), ('t45', 102), ('t458', 94), ('t1', 92), ('t35', 91), ('t468', 71), ('t38', 61)]
[INFO] 2026-05-23 00:11:14,614 - Expanding community 12
[DEBUG] 2026-05-23 00:11:14,656 - [EXPANSION] author sorted scores=[('a934', 26), ('a435', 21), ('a20881', 10), ('a48008', 10), ('a226', 8), ('a18660', 8), ('a448', 7), ('a19623', 7), ('a1313', 6), ('a18837', 6)]
[DEBUG] 2026-05-23 00:11:14,657 - [EXPANSION] conference sorted scores=[('c755', 229), ('c36', 0), ('c597', 0), ('c1194', 0), ('c1201', 0), ('c1234', 0), ('c1798', 0), ('c1801', 0), ('c1902', 0), ('c2180', 0)]
[DEBUG] 2026-05-23 00:11:14,759 - [EXPANSION] term sorted scores=[('t45', 69), ('t19', 65), ('t4', 47), ('t63', 46), ('t428', 36), ('t81', 32), ('t55', 27), ('t35', 26), ('t53', 25), ('t492', 24)]
[INFO] 2026-05-23 00:12:15,477 - [EVAL] Modularity=-0.0224
[INFO] 2026-05-23 00:12:15,478 - [EVAL] Surprise=0.0000
[INFO] 2026-05-23 00:12:15,478 - [EVAL] Keyword coherence=0.3780
[INFO] 2026-05-23 00:12:15,478 - [EVAL] Community stats={'num_communities': 13, 'avg_size': np.float64(1105.8461538461538), 'max_size': np.int64(1823), 'min_size': np.int64(229)}
[INFO] 2026-05-23 00:12:15,480 - [NMI DEBUG] matched_nodes=100
[INFO] 2026-05-23 00:12:15,482 - [NMI] 0.5016
[INFO] 2026-05-23 00:12:15,488 - Saved communities...
