[INFO] 2026-05-22 20:00:31,179 - [MATRIX] writes shape=(14376, 14475)
[INFO] 2026-05-22 20:00:31,202 - [MATRIX] be_written shape=(14475, 14376)
[INFO] 2026-05-22 20:00:31,209 - [MATRIX] published_in shape=(14376, 20)
[INFO] 2026-05-22 20:00:31,216 - [MATRIX] publish shape=(20, 14376)
[INFO] 2026-05-22 20:00:31,272 - [MATRIX] has_term shape=(14376, 8920)
[INFO] 2026-05-22 20:00:31,329 - [MATRIX] term_in shape=(8920, 14376)
[INFO] 2026-05-22 20:00:31,351 - 
========== Building A-P-A ==========
[INFO] 2026-05-22 20:00:31,355 - A-P-A matrix shape=(14475, 14475)
[INFO] 2026-05-22 20:00:31,420 - A-P-A nodes=5264 edges=8789 total_weight=51362.0000
[INFO] 2026-05-22 20:00:31,422 - 
========== Building A-P-C-P-A ==========
[INFO] 2026-05-22 20:00:33,219 - A-P-C-P-A matrix shape=(14475, 14475)
[INFO] 2026-05-22 20:00:46,868 - A-P-C-P-A nodes=14380 edges=1191844 total_weight=19193234.0000
[INFO] 2026-05-22 20:00:46,982 - Running community detection on A-P-A
[INFO] 2026-05-22 20:00:47,435 - A-P-A communities=641
[INFO] 2026-05-22 20:00:47,445 - Running community detection on A-P-C-P-A
[INFO] 2026-05-22 20:01:10,378 - A-P-C-P-A communities=4
[INFO] 2026-05-22 20:01:11,005 - Candidate edges=1195267
[INFO] 2026-05-22 20:01:12,126 - Processed 100000/1195267 candidate edges
[INFO] 2026-05-22 20:01:12,589 - Processed 200000/1195267 candidate edges
[INFO] 2026-05-22 20:01:13,063 - Processed 300000/1195267 candidate edges
[INFO] 2026-05-22 20:01:13,527 - Processed 400000/1195267 candidate edges
[INFO] 2026-05-22 20:01:14,004 - Processed 500000/1195267 candidate edges
[INFO] 2026-05-22 20:01:14,455 - Processed 600000/1195267 candidate edges
[INFO] 2026-05-22 20:01:14,924 - Processed 700000/1195267 candidate edges
[INFO] 2026-05-22 20:01:15,411 - Processed 800000/1195267 candidate edges
[INFO] 2026-05-22 20:01:15,903 - Processed 900000/1195267 candidate edges
[INFO] 2026-05-22 20:01:16,392 - Processed 1000000/1195267 candidate edges
[INFO] 2026-05-22 20:01:16,897 - Processed 1100000/1195267 candidate edges
[INFO] 2026-05-22 20:01:17,351 - Consensus graph nodes=14380 edges=1017789
[INFO] 2026-05-22 20:01:17,351 - Running Louvain on consensus graph
[INFO] 2026-05-22 20:01:35,824 - Seed communities=4
[INFO] 2026-05-22 20:01:37,097 - Expanding community 0
[DEBUG] 2026-05-22 20:01:38,521 - [EXPANSION] paper sorted scores=[('p554317', 18), ('p275255', 17), ('p595690', 17), ('p554114', 16), ('p554348', 16), ('p554349', 16), ('p596744', 16), ('p275258', 15), ('p275165', 14), ('p555663', 14)]
[DEBUG] 2026-05-22 20:01:38,532 - [EXPANSION] conference sorted scores=[('c3594', 1453), ('c1798', 1391), ('c3329', 1347), ('c3027', 432), ('c597', 341), ('c1234', 290), ('c2504', 205), ('c3771', 151), ('c1801', 143), ('c2934', 97)]
[DEBUG] 2026-05-22 20:01:42,159 - [EXPANSION] term sorted scores=[('t19', 1895), ('t4', 1421), ('t63', 1404), ('t35', 1370), ('t45', 1205), ('t461', 1173), ('t1', 846), ('t512', 662), ('t112', 526), ('t54', 517)]
[INFO] 2026-05-22 20:01:42,161 - Expanding community 1
[DEBUG] 2026-05-22 20:01:43,399 - [EXPANSION] paper sorted scores=[('p7745', 20), ('p7746', 18), ('p11744', 15), ('p358620', 13), ('p10831', 12), ('p356670', 12), ('p8031', 11), ('p10518', 10), ('p12278', 10), ('p9096', 9)]
[DEBUG] 2026-05-22 20:01:43,407 - [EXPANSION] conference sorted scores=[('c2180', 1794), ('c36', 1563), ('c1902', 566), ('c755', 226), ('c1201', 136), ('c2504', 136), ('c3318', 104), ('c1801', 88), ('c597', 79), ('c3771', 74)]
[DEBUG] 2026-05-22 20:01:45,494 - [EXPANSION] term sorted scores=[('t19', 1428), ('t4', 1225), ('t63', 1116), ('t45', 998), ('t35', 935), ('t1', 695), ('t12', 695), ('t55', 471), ('t10', 434), ('t38', 420)]
[INFO] 2026-05-22 20:01:45,495 - Expanding community 2
[DEBUG] 2026-05-22 20:01:45,927 - [EXPANSION] paper sorted scores=[('p551464', 13), ('p551708', 12), ('p85737', 10), ('p551520', 10), ('p552252', 10), ('p550757', 9), ('p552202', 8), ('p552505', 8), ('p626255', 8), ('p627109', 8)]
[DEBUG] 2026-05-22 20:01:45,933 - [EXPANSION] conference sorted scores=[('c3318', 1360), ('c597', 535), ('c3771', 282), ('c1194', 199), ('c2504', 98), ('c1902', 94), ('c1801', 89), ('c1798', 84), ('c36', 76), ('c2180', 67)]
[DEBUG] 2026-05-22 20:01:47,624 - [EXPANSION] term sorted scores=[('t19', 1070), ('t4', 773), ('t63', 716), ('t45', 599), ('t468', 585), ('t35', 554), ('t1', 464), ('t235', 432), ('t109', 361), ('t38', 332)]
[INFO] 2026-05-22 20:01:47,626 - Expanding community 3
[DEBUG] 2026-05-22 20:01:47,970 - [EXPANSION] paper sorted scores=[('p536310', 11), ('p436918', 10), ('p437421', 10), ('p436604', 9), ('p500946', 8), ('p500979', 8), ('p436118', 7), ('p436139', 7), ('p436177', 7), ('p436375', 7)]
[DEBUG] 2026-05-22 20:01:47,976 - [EXPANSION] conference sorted scores=[('c2504', 751), ('c1801', 477), ('c2934', 342), ('c3011', 267), ('c3230', 214), ('c1902', 165), ('c1798', 160), ('c597', 154), ('c3594', 86), ('c3771', 83)]
[DEBUG] 2026-05-22 20:01:49,465 - [EXPANSION] term sorted scores=[('t19', 976), ('t4', 724), ('t461', 630), ('t452', 620), ('t63', 585), ('t45', 539), ('t35', 538), ('t38', 306), ('t1', 305), ('t81', 303)]
[INFO] 2026-05-22 20:04:04,693 - [EVAL] Modularity=-0.0043
[INFO] 2026-05-22 20:04:04,693 - [EVAL] Surprise=0.0000
[INFO] 2026-05-22 20:04:04,693 - [EVAL] Keyword coherence=0.0000
[INFO] 2026-05-22 20:04:04,693 - [EVAL] Community stats={'num_communities': 4, 'avg_size': np.float64(3595.0), 'max_size': np.int64(4880), 'min_size': np.int64(2282)}
[INFO] 2026-05-22 20:04:04,700 - [NMI DEBUG] matched_nodes=4057
[INFO] 2026-05-22 20:04:04,703 - [NMI] 0.7845
[INFO] 2026-05-22 20:04:04,710 - Saved communities...
