[INFO] 2026-05-25 00:23:10,176 - [MATRIX] writes shape=(14376, 14475)
[INFO] 2026-05-25 00:23:10,205 - [MATRIX] be_written shape=(14475, 14376)
[INFO] 2026-05-25 00:23:10,215 - [MATRIX] published_in shape=(14376, 20)
[INFO] 2026-05-25 00:23:10,225 - [MATRIX] publish shape=(20, 14376)
[INFO] 2026-05-25 00:23:10,303 - [MATRIX] has_term shape=(14376, 8920)
[INFO] 2026-05-25 00:23:10,382 - [MATRIX] term_in shape=(8920, 14376)
[INFO] 2026-05-25 00:23:10,418 - 
========== Building A-P-A ==========
[INFO] 2026-05-25 00:23:10,421 - A-P-A matrix shape=(14475, 14475)
[INFO] 2026-05-25 00:23:10,481 - A-P-A nodes=5264 edges=8789 total_weight=51362.0000
[INFO] 2026-05-25 00:23:10,483 - 
========== Building A-P-C-P-A ==========
[INFO] 2026-05-25 00:23:12,436 - A-P-C-P-A matrix shape=(14475, 14475)
[INFO] 2026-05-25 00:23:26,619 - A-P-C-P-A nodes=14380 edges=1191844 total_weight=19193234.0000
[INFO] 2026-05-25 00:23:26,854 - Running community detection on A-P-A
[INFO] 2026-05-25 00:23:27,298 - A-P-A communities=638
[INFO] 2026-05-25 00:23:27,305 - Running community detection on A-P-C-P-A
[INFO] 2026-05-25 00:23:55,503 - A-P-C-P-A communities=4
[INFO] 2026-05-25 00:23:56,187 - Candidate edges=1195267
[INFO] 2026-05-25 00:23:57,426 - Processed 100000/1195267 candidate edges
[INFO] 2026-05-25 00:23:57,867 - Processed 200000/1195267 candidate edges
[INFO] 2026-05-25 00:23:58,359 - Processed 300000/1195267 candidate edges
[INFO] 2026-05-25 00:23:58,801 - Processed 400000/1195267 candidate edges
[INFO] 2026-05-25 00:23:59,265 - Processed 500000/1195267 candidate edges
[INFO] 2026-05-25 00:23:59,707 - Processed 600000/1195267 candidate edges
[INFO] 2026-05-25 00:24:00,173 - Processed 700000/1195267 candidate edges
[INFO] 2026-05-25 00:24:00,622 - Processed 800000/1195267 candidate edges
[INFO] 2026-05-25 00:24:01,073 - Processed 900000/1195267 candidate edges
[INFO] 2026-05-25 00:24:01,539 - Processed 1000000/1195267 candidate edges
[INFO] 2026-05-25 00:24:02,026 - Processed 1100000/1195267 candidate edges
[INFO] 2026-05-25 00:24:02,484 - Consensus graph nodes=14380 edges=1017784
[INFO] 2026-05-25 00:24:02,484 - Running Louvain on consensus graph
[INFO] 2026-05-25 00:24:20,796 - Seed communities=4
[INFO] 2026-05-25 00:24:22,346 - Expanding community 0
[DEBUG] 2026-05-25 00:24:23,719 - [EXPANSION] paper sorted scores=[('p554317', 18), ('p275255', 17), ('p595690', 17), ('p554114', 16), ('p554348', 16), ('p554349', 16), ('p596744', 16), ('p275258', 15), ('p275165', 14), ('p555663', 14)]
[DEBUG] 2026-05-25 00:24:23,732 - [EXPANSION] conference sorted scores=[('c3594', 1453), ('c1798', 1391), ('c3329', 1347), ('c3027', 432), ('c597', 342), ('c1234', 292), ('c2504', 205), ('c3771', 151), ('c1801', 143), ('c2934', 97)]
[DEBUG] 2026-05-25 00:24:27,625 - [EXPANSION] term sorted scores=[('t19', 1897), ('t4', 1421), ('t63', 1405), ('t35', 1371), ('t45', 1205), ('t461', 1173), ('t1', 846), ('t512', 662), ('t112', 526), ('t54', 518)]
[INFO] 2026-05-25 00:24:27,627 - Expanding community 1
[DEBUG] 2026-05-25 00:24:28,898 - [EXPANSION] paper sorted scores=[('p7745', 20), ('p7746', 18), ('p11744', 15), ('p358620', 13), ('p10831', 12), ('p356670', 12), ('p8031', 11), ('p10518', 10), ('p12278', 10), ('p9096', 9)]
[DEBUG] 2026-05-25 00:24:28,907 - [EXPANSION] conference sorted scores=[('c2180', 1794), ('c36', 1563), ('c1902', 566), ('c755', 226), ('c1201', 136), ('c2504', 136), ('c3318', 104), ('c1801', 88), ('c597', 79), ('c3771', 74)]
[DEBUG] 2026-05-25 00:24:31,259 - [EXPANSION] term sorted scores=[('t19', 1428), ('t4', 1225), ('t63', 1116), ('t45', 998), ('t35', 935), ('t1', 695), ('t12', 695), ('t55', 472), ('t10', 434), ('t38', 421)]
[INFO] 2026-05-25 00:24:31,261 - Expanding community 2
[DEBUG] 2026-05-25 00:24:31,718 - [EXPANSION] paper sorted scores=[('p551464', 13), ('p551708', 12), ('p85737', 10), ('p551520', 10), ('p552252', 10), ('p550757', 9), ('p552202', 8), ('p552505', 8), ('p626255', 8), ('p627109', 8)]
[DEBUG] 2026-05-25 00:24:31,724 - [EXPANSION] conference sorted scores=[('c3318', 1360), ('c597', 535), ('c3771', 283), ('c1194', 199), ('c2504', 98), ('c1902', 94), ('c1801', 90), ('c1798', 84), ('c36', 76), ('c2180', 67)]
[DEBUG] 2026-05-25 00:24:33,381 - [EXPANSION] term sorted scores=[('t19', 1071), ('t4', 774), ('t63', 716), ('t45', 599), ('t468', 585), ('t35', 555), ('t1', 464), ('t235', 432), ('t109', 361), ('t38', 332)]
[INFO] 2026-05-25 00:24:33,382 - Expanding community 3
[DEBUG] 2026-05-25 00:24:33,711 - [EXPANSION] paper sorted scores=[('p536310', 11), ('p436918', 10), ('p437421', 10), ('p436604', 9), ('p500946', 8), ('p500979', 8), ('p436118', 7), ('p436139', 7), ('p436177', 7), ('p436375', 7)]
[DEBUG] 2026-05-25 00:24:33,718 - [EXPANSION] conference sorted scores=[('c2504', 751), ('c1801', 477), ('c2934', 343), ('c3011', 268), ('c3230', 215), ('c1902', 165), ('c1798', 160), ('c597', 155), ('c3594', 86), ('c3771', 86)]
[DEBUG] 2026-05-25 00:24:35,220 - [EXPANSION] term sorted scores=[('t19', 982), ('t4', 724), ('t461', 632), ('t452', 620), ('t63', 586), ('t45', 541), ('t35', 538), ('t1', 308), ('t38', 307), ('t81', 304)]
[INFO] 2026-05-25 00:24:35,448 - [EVAL] Modularity=0.0000
[INFO] 2026-05-25 00:24:35,448 - [EVAL] Surprise=-0.0000
[INFO] 2026-05-25 00:24:35,448 - [EVAL] Keyword coherence=0.0000
[INFO] 2026-05-25 00:24:35,449 - [EVAL] Community stats={'num_communities': 4, 'avg_size': np.float64(4.0), 'max_size': np.int64(4), 'min_size': np.int64(4)}
[INFO] 2026-05-25 00:24:35,461 - [NMI DEBUG] matched_nodes=4057
[INFO] 2026-05-25 00:24:35,465 - [NMI] 0.7845
[INFO] 2026-05-25 00:24:35,472 - [NMI DEBUG] matched_nodes=109
[INFO] 2026-05-25 00:24:35,474 - [NMI] 0.4931
[INFO] 2026-05-25 00:25:12,158 - [MATRIX] writes shape=(14376, 14475)
[INFO] 2026-05-25 00:25:12,187 - [MATRIX] be_written shape=(14475, 14376)
[INFO] 2026-05-25 00:25:12,197 - [MATRIX] published_in shape=(14376, 20)
[INFO] 2026-05-25 00:25:12,207 - [MATRIX] publish shape=(20, 14376)
[INFO] 2026-05-25 00:25:12,286 - [MATRIX] has_term shape=(14376, 8920)
[INFO] 2026-05-25 00:25:12,366 - [MATRIX] term_in shape=(8920, 14376)
[INFO] 2026-05-25 00:25:12,403 - 
========== Building A-P-A ==========
[INFO] 2026-05-25 00:25:12,406 - A-P-A matrix shape=(14475, 14475)
[INFO] 2026-05-25 00:25:12,466 - A-P-A nodes=5264 edges=8789 total_weight=51362.0000
[INFO] 2026-05-25 00:25:12,468 - 
========== Building A-P-C-P-A ==========
[INFO] 2026-05-25 00:25:14,436 - A-P-C-P-A matrix shape=(14475, 14475)
[INFO] 2026-05-25 00:25:28,374 - A-P-C-P-A nodes=14380 edges=1191844 total_weight=19193234.0000
[INFO] 2026-05-25 00:25:28,599 - Running community detection on A-P-A
[INFO] 2026-05-25 00:25:29,038 - A-P-A communities=636
[INFO] 2026-05-25 00:25:29,044 - Running community detection on A-P-C-P-A
[INFO] 2026-05-25 00:25:57,080 - A-P-C-P-A communities=4
[INFO] 2026-05-25 00:25:57,762 - Candidate edges=1195267
[INFO] 2026-05-25 00:25:59,004 - Processed 100000/1195267 candidate edges
[INFO] 2026-05-25 00:25:59,457 - Processed 200000/1195267 candidate edges
[INFO] 2026-05-25 00:25:59,901 - Processed 300000/1195267 candidate edges
[INFO] 2026-05-25 00:26:00,386 - Processed 400000/1195267 candidate edges
[INFO] 2026-05-25 00:26:00,834 - Processed 500000/1195267 candidate edges
[INFO] 2026-05-25 00:26:01,278 - Processed 600000/1195267 candidate edges
[INFO] 2026-05-25 00:26:01,756 - Processed 700000/1195267 candidate edges
[INFO] 2026-05-25 00:26:02,199 - Processed 800000/1195267 candidate edges
[INFO] 2026-05-25 00:26:02,679 - Processed 900000/1195267 candidate edges
[INFO] 2026-05-25 00:26:03,124 - Processed 1000000/1195267 candidate edges
[INFO] 2026-05-25 00:26:03,596 - Processed 1100000/1195267 candidate edges
[INFO] 2026-05-25 00:26:04,074 - Consensus graph nodes=14380 edges=1017849
[INFO] 2026-05-25 00:26:04,074 - Running Louvain on consensus graph
[INFO] 2026-05-25 00:26:24,222 - Seed communities=4
[INFO] 2026-05-25 00:26:25,745 - Expanding community 0
[DEBUG] 2026-05-25 00:26:27,109 - [EXPANSION] paper sorted scores=[('p554317', 18), ('p275255', 17), ('p595690', 17), ('p554114', 16), ('p554348', 16), ('p554349', 16), ('p596744', 16), ('p275258', 15), ('p275165', 14), ('p555663', 14)]
[DEBUG] 2026-05-25 00:26:27,122 - [EXPANSION] conference sorted scores=[('c3594', 1453), ('c1798', 1391), ('c3329', 1347), ('c3027', 432), ('c597', 342), ('c1234', 292), ('c2504', 205), ('c3771', 151), ('c1801', 143), ('c2934', 97)]
[DEBUG] 2026-05-25 00:26:31,008 - [EXPANSION] term sorted scores=[('t19', 1897), ('t4', 1421), ('t63', 1405), ('t35', 1371), ('t45', 1205), ('t461', 1173), ('t1', 846), ('t512', 662), ('t112', 526), ('t54', 518)]
[INFO] 2026-05-25 00:26:31,010 - Expanding community 1
[DEBUG] 2026-05-25 00:26:32,268 - [EXPANSION] paper sorted scores=[('p7745', 20), ('p7746', 18), ('p11744', 15), ('p358620', 13), ('p10831', 12), ('p356670', 12), ('p8031', 11), ('p10518', 10), ('p12278', 10), ('p9096', 9)]
[DEBUG] 2026-05-25 00:26:32,277 - [EXPANSION] conference sorted scores=[('c2180', 1794), ('c36', 1563), ('c1902', 566), ('c755', 226), ('c1201', 136), ('c2504', 136), ('c3318', 104), ('c1801', 91), ('c597', 79), ('c3771', 74)]
[DEBUG] 2026-05-25 00:26:34,610 - [EXPANSION] term sorted scores=[('t19', 1429), ('t4', 1226), ('t63', 1118), ('t45', 998), ('t35', 937), ('t1', 695), ('t12', 695), ('t55', 472), ('t10', 434), ('t38', 421)]
[INFO] 2026-05-25 00:26:34,612 - Expanding community 2
[DEBUG] 2026-05-25 00:26:35,063 - [EXPANSION] paper sorted scores=[('p551464', 13), ('p551708', 12), ('p85737', 10), ('p551520', 10), ('p552252', 10), ('p550757', 9), ('p552202', 8), ('p552505', 8), ('p626255', 8), ('p627109', 8)]
[DEBUG] 2026-05-25 00:26:35,070 - [EXPANSION] conference sorted scores=[('c3318', 1360), ('c597', 535), ('c3771', 283), ('c1194', 199), ('c2504', 98), ('c1902', 94), ('c1801', 90), ('c1798', 84), ('c36', 76), ('c2180', 67)]
[DEBUG] 2026-05-25 00:26:36,730 - [EXPANSION] term sorted scores=[('t19', 1071), ('t4', 774), ('t63', 716), ('t45', 599), ('t468', 585), ('t35', 555), ('t1', 464), ('t235', 432), ('t109', 361), ('t38', 332)]
[INFO] 2026-05-25 00:26:36,731 - Expanding community 3
[DEBUG] 2026-05-25 00:26:37,014 - [EXPANSION] paper sorted scores=[('p536310', 11), ('p436918', 10), ('p437421', 10), ('p436604', 9), ('p500946', 8), ('p500979', 8), ('p436118', 7), ('p436139', 7), ('p436177', 7), ('p436375', 7)]
[DEBUG] 2026-05-25 00:26:37,020 - [EXPANSION] conference sorted scores=[('c2504', 751), ('c1801', 475), ('c2934', 343), ('c3011', 266), ('c3230', 215), ('c1902', 165), ('c1798', 160), ('c597', 155), ('c3594', 86), ('c3771', 86)]
[DEBUG] 2026-05-25 00:26:38,543 - [EXPANSION] term sorted scores=[('t19', 976), ('t4', 723), ('t461', 632), ('t452', 620), ('t63', 584), ('t45', 539), ('t35', 537), ('t1', 308), ('t38', 307), ('t81', 303)]
[INFO] 2026-05-25 00:26:38,771 - [EVAL] Modularity=0.0000
[INFO] 2026-05-25 00:26:38,771 - [EVAL] Surprise=-0.0000
[INFO] 2026-05-25 00:26:38,771 - [EVAL] Keyword coherence=0.0000
[INFO] 2026-05-25 00:26:38,771 - [EVAL] Community stats={'num_communities': 4, 'avg_size': np.float64(4.0), 'max_size': np.int64(4), 'min_size': np.int64(4)}
[INFO] 2026-05-25 00:26:38,783 - [NMI DEBUG] matched_nodes=4057
[INFO] 2026-05-25 00:26:38,787 - [NMI] 0.7839
[INFO] 2026-05-25 00:26:38,794 - [NMI DEBUG] matched_nodes=109
[INFO] 2026-05-25 00:26:38,796 - [NMI] 0.4931
[INFO] 2026-05-25 00:26:38,801 - [NMI DEBUG] matched_nodes=80
[INFO] 2026-05-25 00:26:38,803 - [NMI] 0.0000
[INFO] 2026-05-25 00:26:38,809 - Saved communities...
[INFO] 2026-05-25 00:38:45,196 - [MATRIX] writes shape=(14376, 14475)
[INFO] 2026-05-25 00:38:45,225 - [MATRIX] be_written shape=(14475, 14376)
[INFO] 2026-05-25 00:38:45,236 - [MATRIX] published_in shape=(14376, 20)
[INFO] 2026-05-25 00:38:45,245 - [MATRIX] publish shape=(20, 14376)
[INFO] 2026-05-25 00:38:45,323 - [MATRIX] has_term shape=(14376, 8920)
[INFO] 2026-05-25 00:38:45,402 - [MATRIX] term_in shape=(8920, 14376)
[INFO] 2026-05-25 00:38:45,437 - 
========== Building A-P-A ==========
[INFO] 2026-05-25 00:38:45,441 - A-P-A matrix shape=(14475, 14475)
[INFO] 2026-05-25 00:38:45,504 - A-P-A nodes=5264 edges=8789 total_weight=51362.0000
[INFO] 2026-05-25 00:38:45,505 - 
========== Building A-P-C-P-A ==========
[INFO] 2026-05-25 00:38:47,480 - A-P-C-P-A matrix shape=(14475, 14475)
[INFO] 2026-05-25 00:39:02,407 - A-P-C-P-A nodes=14380 edges=1191844 total_weight=19193234.0000
[INFO] 2026-05-25 00:39:02,642 - Running community detection on A-P-A
[INFO] 2026-05-25 00:39:03,089 - A-P-A communities=641
[INFO] 2026-05-25 00:39:03,096 - Running community detection on A-P-C-P-A
[INFO] 2026-05-25 00:39:37,250 - A-P-C-P-A communities=4
[INFO] 2026-05-25 00:39:37,914 - Candidate edges=1195267
[INFO] 2026-05-25 00:39:39,135 - Processed 100000/1195267 candidate edges
[INFO] 2026-05-25 00:39:39,574 - Processed 200000/1195267 candidate edges
[INFO] 2026-05-25 00:39:40,031 - Processed 300000/1195267 candidate edges
[INFO] 2026-05-25 00:39:40,467 - Processed 400000/1195267 candidate edges
[INFO] 2026-05-25 00:39:40,931 - Processed 500000/1195267 candidate edges
[INFO] 2026-05-25 00:39:41,393 - Processed 600000/1195267 candidate edges
[INFO] 2026-05-25 00:39:41,836 - Processed 700000/1195267 candidate edges
[INFO] 2026-05-25 00:39:42,308 - Processed 800000/1195267 candidate edges
[INFO] 2026-05-25 00:39:42,765 - Processed 900000/1195267 candidate edges
[INFO] 2026-05-25 00:39:43,209 - Processed 1000000/1195267 candidate edges
[INFO] 2026-05-25 00:39:43,683 - Processed 1100000/1195267 candidate edges
[INFO] 2026-05-25 00:39:44,116 - Consensus graph nodes=14380 edges=1008285
[INFO] 2026-05-25 00:39:44,117 - Running Louvain on consensus graph
[INFO] 2026-05-25 00:40:08,771 - Seed communities=4
[INFO] 2026-05-25 00:42:57,113 - [MATRIX] writes shape=(14376, 14475)
[INFO] 2026-05-25 00:42:57,143 - [MATRIX] be_written shape=(14475, 14376)
[INFO] 2026-05-25 00:42:57,153 - [MATRIX] published_in shape=(14376, 20)
[INFO] 2026-05-25 00:42:57,163 - [MATRIX] publish shape=(20, 14376)
[INFO] 2026-05-25 00:42:57,244 - [MATRIX] has_term shape=(14376, 8920)
[INFO] 2026-05-25 00:42:57,323 - [MATRIX] term_in shape=(8920, 14376)
[INFO] 2026-05-25 00:42:57,360 - 
========== Building A-P-A ==========
[INFO] 2026-05-25 00:42:57,364 - A-P-A matrix shape=(14475, 14475)
[INFO] 2026-05-25 00:42:57,424 - A-P-A nodes=5264 edges=8789 total_weight=51362.0000
[INFO] 2026-05-25 00:42:57,426 - 
========== Building A-P-C-P-A ==========
[INFO] 2026-05-25 00:42:59,359 - A-P-C-P-A matrix shape=(14475, 14475)
[INFO] 2026-05-25 00:43:13,515 - A-P-C-P-A nodes=14380 edges=1191844 total_weight=19193234.0000
[INFO] 2026-05-25 00:43:13,765 - Running community detection on A-P-A
[INFO] 2026-05-25 00:43:14,243 - A-P-A communities=641
[INFO] 2026-05-25 00:43:14,253 - Running community detection on A-P-C-P-A
[INFO] 2026-05-25 00:43:39,976 - A-P-C-P-A communities=4
[INFO] 2026-05-25 00:43:40,645 - Candidate edges=1195267
[INFO] 2026-05-25 00:43:41,884 - Processed 100000/1195267 candidate edges
[INFO] 2026-05-25 00:43:42,339 - Processed 200000/1195267 candidate edges
[INFO] 2026-05-25 00:43:42,825 - Processed 300000/1195267 candidate edges
[INFO] 2026-05-25 00:43:43,277 - Processed 400000/1195267 candidate edges
[INFO] 2026-05-25 00:43:43,730 - Processed 500000/1195267 candidate edges
[INFO] 2026-05-25 00:43:44,183 - Processed 600000/1195267 candidate edges
[INFO] 2026-05-25 00:43:44,669 - Processed 700000/1195267 candidate edges
[INFO] 2026-05-25 00:43:45,125 - Processed 800000/1195267 candidate edges
[INFO] 2026-05-25 00:43:45,629 - Processed 900000/1195267 candidate edges
[INFO] 2026-05-25 00:43:46,088 - Processed 1000000/1195267 candidate edges
[INFO] 2026-05-25 00:43:46,577 - Processed 1100000/1195267 candidate edges
[INFO] 2026-05-25 00:43:47,024 - Consensus graph nodes=14380 edges=1017787
[INFO] 2026-05-25 00:43:47,024 - Running Louvain on consensus graph
[INFO] 2026-05-25 00:44:06,252 - Seed communities=4
[INFO] 2026-05-25 00:44:07,440 - Expanding community 0
[DEBUG] 2026-05-25 00:44:08,874 - [EXPANSION] paper sorted scores=[('p554317', 18), ('p275255', 17), ('p595690', 17), ('p554114', 16), ('p554348', 16), ('p554349', 16), ('p596744', 16), ('p275258', 15), ('p275165', 14), ('p555663', 14)]
[DEBUG] 2026-05-25 00:44:08,888 - [EXPANSION] conference sorted scores=[('c3594', 1453), ('c1798', 1391), ('c3329', 1347), ('c3027', 432), ('c597', 342), ('c1234', 292), ('c2504', 205), ('c3771', 151), ('c1801', 143), ('c2934', 97)]
[DEBUG] 2026-05-25 00:44:12,939 - [EXPANSION] term sorted scores=[('t19', 1897), ('t4', 1421), ('t63', 1405), ('t35', 1371), ('t45', 1205), ('t461', 1173), ('t1', 846), ('t512', 662), ('t112', 526), ('t54', 518)]
[INFO] 2026-05-25 00:44:12,941 - Expanding community 1
[DEBUG] 2026-05-25 00:44:14,223 - [EXPANSION] paper sorted scores=[('p7745', 20), ('p7746', 18), ('p11744', 15), ('p358620', 13), ('p10831', 12), ('p356670', 12), ('p8031', 11), ('p10518', 10), ('p12278', 10), ('p9096', 9)]
[DEBUG] 2026-05-25 00:44:14,233 - [EXPANSION] conference sorted scores=[('c2180', 1794), ('c36', 1563), ('c1902', 566), ('c755', 226), ('c1201', 136), ('c2504', 136), ('c3318', 104), ('c1801', 88), ('c597', 79), ('c3771', 74)]
[DEBUG] 2026-05-25 00:44:16,590 - [EXPANSION] term sorted scores=[('t19', 1428), ('t4', 1225), ('t63', 1116), ('t45', 998), ('t35', 935), ('t1', 695), ('t12', 695), ('t55', 472), ('t10', 434), ('t38', 421)]
[INFO] 2026-05-25 00:44:16,597 - Expanding community 2
[DEBUG] 2026-05-25 00:44:17,037 - [EXPANSION] paper sorted scores=[('p551464', 13), ('p551708', 12), ('p85737', 10), ('p551520', 10), ('p552252', 10), ('p550757', 9), ('p552202', 8), ('p552505', 8), ('p626255', 8), ('p627109', 8)]
[DEBUG] 2026-05-25 00:44:17,045 - [EXPANSION] conference sorted scores=[('c3318', 1360), ('c597', 535), ('c3771', 283), ('c1194', 199), ('c2504', 98), ('c1902', 94), ('c1801', 90), ('c1798', 84), ('c36', 76), ('c2180', 67)]
[DEBUG] 2026-05-25 00:44:18,740 - [EXPANSION] term sorted scores=[('t19', 1071), ('t4', 774), ('t63', 716), ('t45', 599), ('t468', 585), ('t35', 555), ('t1', 464), ('t235', 432), ('t109', 361), ('t38', 332)]
[INFO] 2026-05-25 00:44:18,741 - Expanding community 3
[DEBUG] 2026-05-25 00:44:19,059 - [EXPANSION] paper sorted scores=[('p536310', 11), ('p436918', 10), ('p437421', 10), ('p436604', 9), ('p500946', 8), ('p500979', 8), ('p436118', 7), ('p436139', 7), ('p436177', 7), ('p436375', 7)]
[DEBUG] 2026-05-25 00:44:19,066 - [EXPANSION] conference sorted scores=[('c2504', 751), ('c1801', 477), ('c2934', 343), ('c3011', 268), ('c3230', 215), ('c1902', 165), ('c1798', 160), ('c597', 155), ('c3594', 86), ('c3771', 86)]
[DEBUG] 2026-05-25 00:44:20,631 - [EXPANSION] term sorted scores=[('t19', 982), ('t4', 724), ('t461', 632), ('t452', 620), ('t63', 586), ('t45', 541), ('t35', 538), ('t1', 308), ('t38', 307), ('t81', 304)]
[INFO] 2026-05-25 00:53:09,916 - [MATRIX] writes shape=(14376, 14475)
[INFO] 2026-05-25 00:53:09,951 - [MATRIX] be_written shape=(14475, 14376)
[INFO] 2026-05-25 00:53:09,963 - [MATRIX] published_in shape=(14376, 20)
[INFO] 2026-05-25 00:53:09,974 - [MATRIX] publish shape=(20, 14376)
[INFO] 2026-05-25 00:53:10,056 - [MATRIX] has_term shape=(14376, 8920)
[INFO] 2026-05-25 00:53:10,138 - [MATRIX] term_in shape=(8920, 14376)
[INFO] 2026-05-25 00:53:10,177 - 
========== Building A-P-A ==========
[INFO] 2026-05-25 00:53:10,181 - A-P-A matrix shape=(14475, 14475)
[INFO] 2026-05-25 00:53:10,246 - A-P-A nodes=5264 edges=8789 total_weight=51362.0000
[INFO] 2026-05-25 00:53:10,247 - 
========== Building A-P-C-P-A ==========
[INFO] 2026-05-25 00:53:12,210 - A-P-C-P-A matrix shape=(14475, 14475)
[INFO] 2026-05-25 00:53:26,205 - A-P-C-P-A nodes=14380 edges=1191844 total_weight=19193234.0000
[INFO] 2026-05-25 00:53:26,442 - Running community detection on A-P-A
[INFO] 2026-05-25 00:53:26,894 - A-P-A communities=641
[INFO] 2026-05-25 00:53:26,902 - Running community detection on A-P-C-P-A
[INFO] 2026-05-25 00:53:52,902 - A-P-C-P-A communities=4
[INFO] 2026-05-25 00:53:53,565 - Candidate edges=1195267
[INFO] 2026-05-25 00:53:54,846 - Processed 100000/1195267 candidate edges
[INFO] 2026-05-25 00:53:55,295 - Processed 200000/1195267 candidate edges
[INFO] 2026-05-25 00:53:55,761 - Processed 300000/1195267 candidate edges
[INFO] 2026-05-25 00:53:56,205 - Processed 400000/1195267 candidate edges
[INFO] 2026-05-25 00:53:56,652 - Processed 500000/1195267 candidate edges
[INFO] 2026-05-25 00:53:57,107 - Processed 600000/1195267 candidate edges
[INFO] 2026-05-25 00:53:57,572 - Processed 700000/1195267 candidate edges
[INFO] 2026-05-25 00:53:58,045 - Processed 800000/1195267 candidate edges
[INFO] 2026-05-25 00:53:58,497 - Processed 900000/1195267 candidate edges
[INFO] 2026-05-25 00:53:58,974 - Processed 1000000/1195267 candidate edges
[INFO] 2026-05-25 00:53:59,429 - Processed 1100000/1195267 candidate edges
[INFO] 2026-05-25 00:53:59,898 - Consensus graph nodes=14380 edges=1017784
[INFO] 2026-05-25 00:53:59,898 - Running Louvain on consensus graph
[INFO] 2026-05-25 00:54:19,479 - Seed communities=4
[INFO] 2026-05-25 00:54:20,893 - Expanding community 0
[DEBUG] 2026-05-25 00:54:22,556 - [EXPANSION] paper sorted scores=[('p554317', 18), ('p275255', 17), ('p595690', 17), ('p554114', 16), ('p554348', 16), ('p554349', 16), ('p596744', 16), ('p275258', 15), ('p275165', 14), ('p555663', 14)]
[DEBUG] 2026-05-25 00:54:22,570 - [EXPANSION] conference sorted scores=[('c3594', 1453), ('c1798', 1391), ('c3329', 1347), ('c3027', 432), ('c597', 342), ('c1234', 292), ('c2504', 205), ('c3771', 151), ('c1801', 143), ('c2934', 97)]
[DEBUG] 2026-05-25 00:54:26,484 - [EXPANSION] term sorted scores=[('t19', 1897), ('t4', 1421), ('t63', 1405), ('t35', 1371), ('t45', 1205), ('t461', 1173), ('t1', 846), ('t512', 662), ('t112', 526), ('t54', 518)]
[INFO] 2026-05-25 00:54:26,486 - Expanding community 1
[DEBUG] 2026-05-25 00:54:27,753 - [EXPANSION] paper sorted scores=[('p7745', 20), ('p7746', 18), ('p11744', 15), ('p358620', 13), ('p10831', 12), ('p356670', 12), ('p8031', 11), ('p10518', 10), ('p12278', 10), ('p9096', 9)]
[DEBUG] 2026-05-25 00:54:27,762 - [EXPANSION] conference sorted scores=[('c2180', 1794), ('c36', 1563), ('c1902', 566), ('c755', 226), ('c1201', 136), ('c2504', 136), ('c3318', 104), ('c1801', 88), ('c597', 79), ('c3771', 74)]
[DEBUG] 2026-05-25 00:54:30,067 - [EXPANSION] term sorted scores=[('t19', 1428), ('t4', 1225), ('t63', 1116), ('t45', 998), ('t35', 935), ('t1', 695), ('t12', 695), ('t55', 472), ('t10', 434), ('t38', 421)]
[INFO] 2026-05-25 00:54:30,069 - Expanding community 2
[DEBUG] 2026-05-25 00:54:30,597 - [EXPANSION] paper sorted scores=[('p551464', 13), ('p551708', 12), ('p85737', 10), ('p551520', 10), ('p552252', 10), ('p550757', 9), ('p552202', 8), ('p552505', 8), ('p626255', 8), ('p627109', 8)]
[DEBUG] 2026-05-25 00:54:30,604 - [EXPANSION] conference sorted scores=[('c3318', 1360), ('c597', 535), ('c3771', 283), ('c1194', 199), ('c2504', 98), ('c1902', 94), ('c1801', 90), ('c1798', 84), ('c36', 76), ('c2180', 67)]
[DEBUG] 2026-05-25 00:54:32,282 - [EXPANSION] term sorted scores=[('t19', 1071), ('t4', 774), ('t63', 716), ('t45', 599), ('t468', 585), ('t35', 555), ('t1', 464), ('t235', 432), ('t109', 361), ('t38', 332)]
[INFO] 2026-05-25 00:54:32,283 - Expanding community 3
[DEBUG] 2026-05-25 00:54:32,588 - [EXPANSION] paper sorted scores=[('p536310', 11), ('p436918', 10), ('p437421', 10), ('p436604', 9), ('p500946', 8), ('p500979', 8), ('p436118', 7), ('p436139', 7), ('p436177', 7), ('p436375', 7)]
[DEBUG] 2026-05-25 00:54:32,595 - [EXPANSION] conference sorted scores=[('c2504', 751), ('c1801', 477), ('c2934', 343), ('c3011', 268), ('c3230', 215), ('c1902', 165), ('c1798', 160), ('c597', 155), ('c3594', 86), ('c3771', 86)]
[DEBUG] 2026-05-25 00:54:34,139 - [EXPANSION] term sorted scores=[('t19', 982), ('t4', 724), ('t461', 632), ('t452', 620), ('t63', 586), ('t45', 541), ('t35', 538), ('t1', 308), ('t38', 307), ('t81', 304)]
[INFO] 2026-05-25 01:02:01,906 - [MATRIX] writes shape=(14376, 14475)
[INFO] 2026-05-25 01:02:01,936 - [MATRIX] be_written shape=(14475, 14376)
[INFO] 2026-05-25 01:02:01,946 - [MATRIX] published_in shape=(14376, 20)
[INFO] 2026-05-25 01:02:01,956 - [MATRIX] publish shape=(20, 14376)
[INFO] 2026-05-25 01:02:02,054 - [MATRIX] has_term shape=(14376, 8920)
[INFO] 2026-05-25 01:02:02,135 - [MATRIX] term_in shape=(8920, 14376)
[INFO] 2026-05-25 01:02:02,173 - 
========== Building A-P-A ==========
[INFO] 2026-05-25 01:02:02,177 - A-P-A matrix shape=(14475, 14475)
[INFO] 2026-05-25 01:02:02,239 - A-P-A nodes=5264 edges=8789 total_weight=51362.0000
[INFO] 2026-05-25 01:02:02,240 - 
========== Building A-P-C-P-A ==========
[INFO] 2026-05-25 01:02:04,230 - A-P-C-P-A matrix shape=(14475, 14475)
[INFO] 2026-05-25 01:02:19,489 - A-P-C-P-A nodes=14380 edges=1191844 total_weight=19193234.0000
[INFO] 2026-05-25 01:02:19,721 - Running community detection on A-P-A
[INFO] 2026-05-25 01:02:20,178 - A-P-A communities=639
[INFO] 2026-05-25 01:02:20,187 - Running community detection on A-P-C-P-A
[INFO] 2026-05-25 01:02:50,329 - A-P-C-P-A communities=4
[INFO] 2026-05-25 01:02:50,993 - Candidate edges=1195267
[INFO] 2026-05-25 01:02:52,207 - Processed 100000/1195267 candidate edges
[INFO] 2026-05-25 01:02:52,643 - Processed 200000/1195267 candidate edges
[INFO] 2026-05-25 01:02:53,101 - Processed 300000/1195267 candidate edges
[INFO] 2026-05-25 01:02:53,538 - Processed 400000/1195267 candidate edges
[INFO] 2026-05-25 01:02:54,018 - Processed 500000/1195267 candidate edges
[INFO] 2026-05-25 01:02:54,460 - Processed 600000/1195267 candidate edges
[INFO] 2026-05-25 01:02:54,903 - Processed 700000/1195267 candidate edges
[INFO] 2026-05-25 01:02:55,346 - Processed 800000/1195267 candidate edges
[INFO] 2026-05-25 01:02:55,790 - Processed 900000/1195267 candidate edges
[INFO] 2026-05-25 01:02:56,236 - Processed 1000000/1195267 candidate edges
[INFO] 2026-05-25 01:02:56,711 - Processed 1100000/1195267 candidate edges
[INFO] 2026-05-25 01:02:57,150 - Consensus graph nodes=14380 edges=1017906
[INFO] 2026-05-25 01:02:57,150 - Running Louvain on consensus graph
[INFO] 2026-05-25 01:03:15,831 - Seed communities=4
[INFO] 2026-05-25 01:03:17,011 - Expanding community 0
[DEBUG] 2026-05-25 01:03:18,389 - [EXPANSION] paper sorted scores=[('p554317', 18), ('p275255', 17), ('p595690', 17), ('p554114', 16), ('p554348', 16), ('p554349', 16), ('p596744', 16), ('p275258', 15), ('p275165', 14), ('p555663', 14)]
[DEBUG] 2026-05-25 01:03:18,402 - [EXPANSION] conference sorted scores=[('c3594', 1453), ('c1798', 1391), ('c3329', 1347), ('c3027', 432), ('c597', 342), ('c1234', 292), ('c2504', 205), ('c3771', 151), ('c1801', 143), ('c2934', 97)]
[DEBUG] 2026-05-25 01:03:22,339 - [EXPANSION] term sorted scores=[('t19', 1897), ('t4', 1421), ('t63', 1405), ('t35', 1371), ('t45', 1205), ('t461', 1173), ('t1', 846), ('t512', 662), ('t112', 526), ('t54', 518)]
[INFO] 2026-05-25 01:03:22,341 - Expanding community 1
[DEBUG] 2026-05-25 01:03:23,594 - [EXPANSION] paper sorted scores=[('p7745', 20), ('p7746', 18), ('p11744', 15), ('p358620', 13), ('p10831', 12), ('p356670', 12), ('p8031', 11), ('p10518', 10), ('p12278', 10), ('p9096', 9)]
[DEBUG] 2026-05-25 01:03:23,603 - [EXPANSION] conference sorted scores=[('c2180', 1794), ('c36', 1563), ('c1902', 565), ('c755', 226), ('c1201', 136), ('c2504', 136), ('c3318', 104), ('c1801', 92), ('c597', 79), ('c3771', 76)]
[DEBUG] 2026-05-25 01:03:25,951 - [EXPANSION] term sorted scores=[('t19', 1431), ('t4', 1227), ('t63', 1119), ('t45', 998), ('t35', 937), ('t1', 695), ('t12', 695), ('t55', 472), ('t10', 434), ('t38', 421)]
[INFO] 2026-05-25 01:03:25,953 - Expanding community 2
[DEBUG] 2026-05-25 01:03:26,404 - [EXPANSION] paper sorted scores=[('p551464', 13), ('p551708', 12), ('p85737', 10), ('p551520', 10), ('p552252', 10), ('p550757', 9), ('p552202', 8), ('p552505', 8), ('p626255', 8), ('p627109', 8)]
[DEBUG] 2026-05-25 01:03:26,411 - [EXPANSION] conference sorted scores=[('c3318', 1361), ('c597', 535), ('c3771', 283), ('c1194', 199), ('c2504', 98), ('c1902', 95), ('c1801', 90), ('c1798', 84), ('c36', 76), ('c2180', 68)]
[DEBUG] 2026-05-25 01:03:28,128 - [EXPANSION] term sorted scores=[('t19', 1072), ('t4', 775), ('t63', 716), ('t45', 600), ('t468', 585), ('t35', 555), ('t1', 464), ('t235', 432), ('t109', 361), ('t38', 332)]
[INFO] 2026-05-25 01:03:28,129 - Expanding community 3
[DEBUG] 2026-05-25 01:03:28,445 - [EXPANSION] paper sorted scores=[('p536310', 11), ('p436918', 10), ('p437421', 10), ('p436604', 9), ('p500946', 8), ('p500979', 8), ('p436118', 7), ('p436139', 7), ('p436177', 7), ('p436375', 7)]
[DEBUG] 2026-05-25 01:03:28,451 - [EXPANSION] conference sorted scores=[('c2504', 751), ('c1801', 475), ('c2934', 343), ('c3011', 266), ('c3230', 215), ('c1902', 163), ('c1798', 160), ('c597', 155), ('c3594', 86), ('c3771', 85)]
[DEBUG] 2026-05-25 01:03:29,966 - [EXPANSION] term sorted scores=[('t19', 972), ('t4', 723), ('t461', 631), ('t452', 620), ('t63', 582), ('t45', 539), ('t35', 537), ('t1', 308), ('t38', 306), ('t81', 303)]
[INFO] 2026-05-25 01:07:08,977 - [MATRIX] writes shape=(14376, 14475)
[INFO] 2026-05-25 01:07:09,012 - [MATRIX] be_written shape=(14475, 14376)
[INFO] 2026-05-25 01:07:09,024 - [MATRIX] published_in shape=(14376, 20)
[INFO] 2026-05-25 01:07:09,033 - [MATRIX] publish shape=(20, 14376)
[INFO] 2026-05-25 01:07:09,121 - [MATRIX] has_term shape=(14376, 8920)
[INFO] 2026-05-25 01:07:09,198 - [MATRIX] term_in shape=(8920, 14376)
[INFO] 2026-05-25 01:07:09,233 - 
========== Building A-P-A ==========
[INFO] 2026-05-25 01:07:09,237 - A-P-A matrix shape=(14475, 14475)
[INFO] 2026-05-25 01:07:09,299 - A-P-A nodes=5264 edges=8789 total_weight=51362.0000
[INFO] 2026-05-25 01:07:09,300 - 
========== Building A-P-C-P-A ==========
[INFO] 2026-05-25 01:07:11,247 - A-P-C-P-A matrix shape=(14475, 14475)
[INFO] 2026-05-25 01:07:25,696 - A-P-C-P-A nodes=14380 edges=1191844 total_weight=19193234.0000
[INFO] 2026-05-25 01:07:25,927 - Running community detection on A-P-A
[INFO] 2026-05-25 01:07:26,382 - A-P-A communities=639
[INFO] 2026-05-25 01:07:26,393 - Running community detection on A-P-C-P-A
[INFO] 2026-05-25 01:07:47,412 - A-P-C-P-A communities=4
[INFO] 2026-05-25 01:07:48,110 - Candidate edges=1195267
[INFO] 2026-05-25 01:07:49,353 - Processed 100000/1195267 candidate edges
[INFO] 2026-05-25 01:07:49,826 - Processed 200000/1195267 candidate edges
[INFO] 2026-05-25 01:07:50,272 - Processed 300000/1195267 candidate edges
[INFO] 2026-05-25 01:07:50,737 - Processed 400000/1195267 candidate edges
[INFO] 2026-05-25 01:07:51,192 - Processed 500000/1195267 candidate edges
[INFO] 2026-05-25 01:07:51,666 - Processed 600000/1195267 candidate edges
[INFO] 2026-05-25 01:07:52,115 - Processed 700000/1195267 candidate edges
[INFO] 2026-05-25 01:07:52,561 - Processed 800000/1195267 candidate edges
[INFO] 2026-05-25 01:07:53,046 - Processed 900000/1195267 candidate edges
[INFO] 2026-05-25 01:07:53,495 - Processed 1000000/1195267 candidate edges
[INFO] 2026-05-25 01:07:53,970 - Processed 1100000/1195267 candidate edges
[INFO] 2026-05-25 01:07:54,406 - Consensus graph nodes=14380 edges=1017781
[INFO] 2026-05-25 01:07:54,406 - Running Louvain on consensus graph
[INFO] 2026-05-25 01:08:17,457 - Seed communities=4
[INFO] 2026-05-25 01:08:18,652 - Expanding community 0
[DEBUG] 2026-05-25 01:08:20,051 - [EXPANSION] paper sorted scores=[('p554317', 18), ('p275255', 17), ('p595690', 17), ('p554114', 16), ('p554348', 16), ('p554349', 16), ('p596744', 16), ('p275258', 15), ('p275165', 14), ('p555663', 14)]
[DEBUG] 2026-05-25 01:08:20,064 - [EXPANSION] conference sorted scores=[('c3594', 1453), ('c1798', 1391), ('c3329', 1347), ('c3027', 432), ('c597', 342), ('c1234', 292), ('c2504', 205), ('c3771', 151), ('c1801', 143), ('c2934', 97)]
[DEBUG] 2026-05-25 01:08:24,008 - [EXPANSION] term sorted scores=[('t19', 1897), ('t4', 1421), ('t63', 1405), ('t35', 1371), ('t45', 1205), ('t461', 1173), ('t1', 846), ('t512', 662), ('t112', 526), ('t54', 518)]
[INFO] 2026-05-25 01:08:24,010 - Expanding community 1
[DEBUG] 2026-05-25 01:08:25,315 - [EXPANSION] paper sorted scores=[('p7745', 20), ('p7746', 18), ('p11744', 15), ('p358620', 13), ('p10831', 12), ('p356670', 12), ('p8031', 11), ('p10518', 10), ('p12278', 10), ('p9096', 9)]
[DEBUG] 2026-05-25 01:08:25,325 - [EXPANSION] conference sorted scores=[('c2180', 1794), ('c36', 1563), ('c1902', 566), ('c755', 226), ('c1201', 136), ('c2504', 136), ('c3318', 104), ('c1801', 88), ('c597', 79), ('c3771', 74)]
[DEBUG] 2026-05-25 01:08:27,673 - [EXPANSION] term sorted scores=[('t19', 1428), ('t4', 1225), ('t63', 1116), ('t45', 998), ('t35', 935), ('t1', 695), ('t12', 695), ('t55', 472), ('t10', 434), ('t38', 421)]
[INFO] 2026-05-25 01:08:27,675 - Expanding community 2
[DEBUG] 2026-05-25 01:08:28,117 - [EXPANSION] paper sorted scores=[('p551464', 13), ('p551708', 12), ('p85737', 10), ('p551520', 10), ('p552252', 10), ('p550757', 9), ('p552202', 8), ('p552505', 8), ('p626255', 8), ('p627109', 8)]
[DEBUG] 2026-05-25 01:08:28,125 - [EXPANSION] conference sorted scores=[('c3318', 1360), ('c597', 535), ('c3771', 283), ('c1194', 199), ('c2504', 98), ('c1902', 94), ('c1801', 90), ('c1798', 84), ('c36', 76), ('c2180', 67)]
[DEBUG] 2026-05-25 01:08:29,781 - [EXPANSION] term sorted scores=[('t19', 1071), ('t4', 774), ('t63', 716), ('t45', 599), ('t468', 585), ('t35', 555), ('t1', 464), ('t235', 432), ('t109', 361), ('t38', 332)]
[INFO] 2026-05-25 01:08:29,782 - Expanding community 3
[DEBUG] 2026-05-25 01:08:30,092 - [EXPANSION] paper sorted scores=[('p536310', 11), ('p436918', 10), ('p437421', 10), ('p436604', 9), ('p500946', 8), ('p500979', 8), ('p436118', 7), ('p436139', 7), ('p436177', 7), ('p436375', 7)]
[DEBUG] 2026-05-25 01:08:30,099 - [EXPANSION] conference sorted scores=[('c2504', 751), ('c1801', 477), ('c2934', 343), ('c3011', 268), ('c3230', 215), ('c1902', 165), ('c1798', 160), ('c597', 155), ('c3594', 86), ('c3771', 86)]
[DEBUG] 2026-05-25 01:08:31,592 - [EXPANSION] term sorted scores=[('t19', 982), ('t4', 724), ('t461', 632), ('t452', 620), ('t63', 586), ('t45', 541), ('t35', 538), ('t1', 308), ('t38', 307), ('t81', 304)]
[INFO] 2026-05-25 01:08:33,785 - [EVAL] Modularity=0.5646
[INFO] 2026-05-25 01:08:33,785 - [EVAL] Surprise=0.0000
[INFO] 2026-05-25 01:08:33,785 - [EVAL] Keyword coherence=0.0000
[INFO] 2026-05-25 01:08:33,786 - [EVAL] Community stats={'num_communities': 4, 'avg_size': np.float64(4.0), 'max_size': np.int64(4), 'min_size': np.int64(4)}
[INFO] 2026-05-25 01:08:33,798 - [NMI DEBUG] matched_nodes=4057
[INFO] 2026-05-25 01:08:33,802 - [NMI] 0.7845
[INFO] 2026-05-25 01:08:33,809 - [NMI DEBUG] matched_nodes=109
[INFO] 2026-05-25 01:08:33,810 - [NMI] 0.4931
[INFO] 2026-05-25 01:08:33,816 - [NMI DEBUG] matched_nodes=80
[INFO] 2026-05-25 01:08:33,817 - [NMI] 0.0000
[INFO] 2026-05-25 01:08:33,825 - Saved communities...
