[INFO] 2026-05-26 20:26:36,587 - [MATRIX] writes shape=(14376, 14475)
[INFO] 2026-05-26 20:26:36,623 - [MATRIX] be_written shape=(14475, 14376)
[INFO] 2026-05-26 20:26:36,634 - [MATRIX] published_in shape=(14376, 20)
[INFO] 2026-05-26 20:26:36,645 - [MATRIX] publish shape=(20, 14376)
[INFO] 2026-05-26 20:26:36,732 - [MATRIX] has_term shape=(14376, 8920)
[INFO] 2026-05-26 20:26:36,821 - [MATRIX] term_in shape=(8920, 14376)
[INFO] 2026-05-26 20:26:36,842 - 
========== Building P-A-P ==========
[INFO] 2026-05-26 20:26:36,854 - P-A-P matrix shape=(14376, 14376)
[INFO] 2026-05-26 20:26:41,025 - P-A-P nodes=13774 edges=215663 total_weight=497692.0000
[INFO] 2026-05-26 20:26:41,032 - 
========== Building P-T-P ==========
[INFO] 2026-05-26 20:26:42,693 - P-T-P matrix shape=(14376, 14376)
[INFO] 2026-05-26 20:27:21,089 - P-T-P nodes=4672 edges=14219 total_weight=147202.0000
[INFO] 2026-05-26 20:27:21,091 - 
========== Building P-C-P ==========
[INFO] 2026-05-26 20:27:21,464 - P-C-P matrix shape=(14376, 14376)
[INFO] 2026-05-26 20:30:00,252 - P-C-P nodes=14376 edges=8232454 total_weight=16464908.0000
[INFO] 2026-05-26 20:30:01,486 - Running community detection on P-A-P
[INFO] 2026-05-26 20:30:09,649 - P-A-P communities=437
[INFO] 2026-05-26 20:30:09,655 - Running community detection on P-T-P
[INFO] 2026-05-26 20:30:10,757 - P-T-P communities=354
[INFO] 2026-05-26 20:30:10,776 - Running community detection on P-C-P
[INFO] 2026-05-26 20:32:08,944 - P-C-P communities=20
[INFO] 2026-05-26 20:32:14,981 - Candidate edges=8406726
[INFO] 2026-05-26 20:32:20,251 - Processed 100000/8406726 candidate edges
[INFO] 2026-05-26 20:32:21,385 - Processed 200000/8406726 candidate edges
[INFO] 2026-05-26 20:32:22,431 - Processed 300000/8406726 candidate edges
[INFO] 2026-05-26 20:32:23,438 - Processed 400000/8406726 candidate edges
[INFO] 2026-05-26 20:32:24,377 - Processed 500000/8406726 candidate edges
[INFO] 2026-05-26 20:32:25,273 - Processed 600000/8406726 candidate edges
[INFO] 2026-05-26 20:32:26,160 - Processed 700000/8406726 candidate edges
[INFO] 2026-05-26 20:32:27,048 - Processed 800000/8406726 candidate edges
[INFO] 2026-05-26 20:32:27,924 - Processed 900000/8406726 candidate edges
[INFO] 2026-05-26 20:32:28,828 - Processed 1000000/8406726 candidate edges
[INFO] 2026-05-26 20:32:29,732 - Processed 1100000/8406726 candidate edges
[INFO] 2026-05-26 20:32:30,602 - Processed 1200000/8406726 candidate edges
[INFO] 2026-05-26 20:32:31,483 - Processed 1300000/8406726 candidate edges
[INFO] 2026-05-26 20:32:32,389 - Processed 1400000/8406726 candidate edges
[INFO] 2026-05-26 20:32:33,287 - Processed 1500000/8406726 candidate edges
[INFO] 2026-05-26 20:32:34,208 - Processed 1600000/8406726 candidate edges
[INFO] 2026-05-26 20:32:35,124 - Processed 1700000/8406726 candidate edges
[INFO] 2026-05-26 20:32:36,071 - Processed 1800000/8406726 candidate edges
[INFO] 2026-05-26 20:32:37,056 - Processed 1900000/8406726 candidate edges
[INFO] 2026-05-26 20:32:38,057 - Processed 2000000/8406726 candidate edges
[INFO] 2026-05-26 20:32:39,006 - Processed 2100000/8406726 candidate edges
[INFO] 2026-05-26 20:32:39,896 - Processed 2200000/8406726 candidate edges
[INFO] 2026-05-26 20:32:40,792 - Processed 2300000/8406726 candidate edges
[INFO] 2026-05-26 20:32:41,683 - Processed 2400000/8406726 candidate edges
[INFO] 2026-05-26 20:32:42,555 - Processed 2500000/8406726 candidate edges
[INFO] 2026-05-26 20:32:43,425 - Processed 2600000/8406726 candidate edges
[INFO] 2026-05-26 20:32:44,294 - Processed 2700000/8406726 candidate edges
[INFO] 2026-05-26 20:32:45,213 - Processed 2800000/8406726 candidate edges
[INFO] 2026-05-26 20:32:46,093 - Processed 2900000/8406726 candidate edges
[INFO] 2026-05-26 20:32:46,946 - Processed 3000000/8406726 candidate edges
[INFO] 2026-05-26 20:32:47,848 - Processed 3100000/8406726 candidate edges
[INFO] 2026-05-26 20:32:48,752 - Processed 3200000/8406726 candidate edges
[INFO] 2026-05-26 20:32:49,655 - Processed 3300000/8406726 candidate edges
[INFO] 2026-05-26 20:32:50,564 - Processed 3400000/8406726 candidate edges
[INFO] 2026-05-26 20:32:51,511 - Processed 3500000/8406726 candidate edges
[INFO] 2026-05-26 20:32:52,474 - Processed 3600000/8406726 candidate edges
[INFO] 2026-05-26 20:32:53,391 - Processed 3700000/8406726 candidate edges
[INFO] 2026-05-26 20:32:54,268 - Processed 3800000/8406726 candidate edges
[INFO] 2026-05-26 20:32:55,291 - Processed 3900000/8406726 candidate edges
[INFO] 2026-05-26 20:32:56,210 - Processed 4000000/8406726 candidate edges
[INFO] 2026-05-26 20:32:57,137 - Processed 4100000/8406726 candidate edges
[INFO] 2026-05-26 20:32:58,058 - Processed 4200000/8406726 candidate edges
[INFO] 2026-05-26 20:32:58,950 - Processed 4300000/8406726 candidate edges
[INFO] 2026-05-26 20:32:59,829 - Processed 4400000/8406726 candidate edges
[INFO] 2026-05-26 20:33:00,702 - Processed 4500000/8406726 candidate edges
[INFO] 2026-05-26 20:33:01,567 - Processed 4600000/8406726 candidate edges
[INFO] 2026-05-26 20:33:02,435 - Processed 4700000/8406726 candidate edges
[INFO] 2026-05-26 20:33:03,308 - Processed 4800000/8406726 candidate edges
[INFO] 2026-05-26 20:33:04,174 - Processed 4900000/8406726 candidate edges
[INFO] 2026-05-26 20:33:05,054 - Processed 5000000/8406726 candidate edges
[INFO] 2026-05-26 20:33:05,927 - Processed 5100000/8406726 candidate edges
[INFO] 2026-05-26 20:33:06,860 - Processed 5200000/8406726 candidate edges
[INFO] 2026-05-26 20:33:07,743 - Processed 5300000/8406726 candidate edges
[INFO] 2026-05-26 20:33:08,614 - Processed 5400000/8406726 candidate edges
[INFO] 2026-05-26 20:33:09,494 - Processed 5500000/8406726 candidate edges
[INFO] 2026-05-26 20:33:10,395 - Processed 5600000/8406726 candidate edges
[INFO] 2026-05-26 20:33:11,269 - Processed 5700000/8406726 candidate edges
[INFO] 2026-05-26 20:33:12,131 - Processed 5800000/8406726 candidate edges
[INFO] 2026-05-26 20:33:13,052 - Processed 5900000/8406726 candidate edges
[INFO] 2026-05-26 20:33:13,924 - Processed 6000000/8406726 candidate edges
[INFO] 2026-05-26 20:33:14,780 - Processed 6100000/8406726 candidate edges
[INFO] 2026-05-26 20:33:15,685 - Processed 6200000/8406726 candidate edges
[INFO] 2026-05-26 20:33:16,640 - Processed 6300000/8406726 candidate edges
[INFO] 2026-05-26 20:33:17,571 - Processed 6400000/8406726 candidate edges
[INFO] 2026-05-26 20:33:18,471 - Processed 6500000/8406726 candidate edges
[INFO] 2026-05-26 20:33:19,375 - Processed 6600000/8406726 candidate edges
[INFO] 2026-05-26 20:33:20,307 - Processed 6700000/8406726 candidate edges
[INFO] 2026-05-26 20:33:21,207 - Processed 6800000/8406726 candidate edges
[INFO] 2026-05-26 20:33:22,093 - Processed 6900000/8406726 candidate edges
[INFO] 2026-05-26 20:33:23,028 - Processed 7000000/8406726 candidate edges
[INFO] 2026-05-26 20:33:23,946 - Processed 7100000/8406726 candidate edges
[INFO] 2026-05-26 20:33:24,885 - Processed 7200000/8406726 candidate edges
[INFO] 2026-05-26 20:33:25,828 - Processed 7300000/8406726 candidate edges
[INFO] 2026-05-26 20:33:26,727 - Processed 7400000/8406726 candidate edges
[INFO] 2026-05-26 20:33:27,831 - Processed 7500000/8406726 candidate edges
[INFO] 2026-05-26 20:33:28,823 - Processed 7600000/8406726 candidate edges
[INFO] 2026-05-26 20:33:29,742 - Processed 7700000/8406726 candidate edges
[INFO] 2026-05-26 20:33:30,675 - Processed 7800000/8406726 candidate edges
[INFO] 2026-05-26 20:33:31,583 - Processed 7900000/8406726 candidate edges
[INFO] 2026-05-26 20:33:32,539 - Processed 8000000/8406726 candidate edges
[INFO] 2026-05-26 20:33:33,487 - Processed 8100000/8406726 candidate edges
[INFO] 2026-05-26 20:33:34,397 - Processed 8200000/8406726 candidate edges
[INFO] 2026-05-26 20:33:35,349 - Processed 8300000/8406726 candidate edges
[INFO] 2026-05-26 20:33:36,294 - Processed 8400000/8406726 candidate edges
[INFO] 2026-05-26 20:33:36,363 - Consensus graph nodes=14376 edges=8381238
[INFO] 2026-05-26 20:33:36,363 - Running Louvain on consensus graph
[INFO] 2026-05-26 20:36:19,057 - Seed communities=18
[INFO] 2026-05-26 20:36:21,077 - Expanding community 0
[DEBUG] 2026-05-26 20:36:27,986 - [EXPANSION] author sorted scores=[('a15468', 20), ('a15710', 19), ('a16284', 15), ('a4473', 14), ('a4927', 14), ('a15305', 14), ('a15475', 14), ('a15201', 13), ('a15310', 12), ('a15588', 12)]
[DEBUG] 2026-05-26 20:36:27,993 - [EXPANSION] conference sorted scores=[('c2180', 1823), ('c36', 0), ('c597', 0), ('c755', 0), ('c1194', 0), ('c1201', 0), ('c1234', 0), ('c1798', 0), ('c1801', 0), ('c1902', 0)]
[DEBUG] 2026-05-26 20:36:29,599 - [EXPANSION] term sorted scores=[('t4', 502), ('t63', 483), ('t19', 480), ('t45', 389), ('t35', 371), ('t1', 283), ('t55', 170), ('t12', 160), ('t38', 138), ('t10', 136)]
[INFO] 2026-05-26 20:36:29,600 - Expanding community 1
[DEBUG] 2026-05-26 20:36:30,108 - [EXPANSION] author sorted scores=[('a4473', 26), ('a15481', 22), ('a4561', 19), ('a4927', 18), ('a4472', 15), ('a16641', 15), ('a15468', 14), ('a17424', 13), ('a15493', 12), ('a15710', 11)]
[DEBUG] 2026-05-26 20:36:30,114 - [EXPANSION] conference sorted scores=[('c36', 1598), ('c597', 0), ('c755', 0), ('c1194', 0), ('c1201', 0), ('c1234', 0), ('c1798', 0), ('c1801', 0), ('c1902', 0), ('c2180', 0)]
[DEBUG] 2026-05-26 20:36:31,458 - [EXPANSION] term sorted scores=[('t19', 436), ('t4', 383), ('t63', 371), ('t35', 321), ('t45', 296), ('t1', 233), ('t12', 171), ('t38', 150), ('t55', 145), ('t10', 129)]
[INFO] 2026-05-26 20:36:31,459 - Expanding community 2
[DEBUG] 2026-05-26 20:36:31,899 - [EXPANSION] author sorted scores=[('a19922', 35), ('a12269', 26), ('a113162', 26), ('a113755', 25), ('a37276', 24), ('a19926', 21), ('a33995', 20), ('a87481', 20), ('a13452', 18), ('a33519', 18)]
[DEBUG] 2026-05-26 20:36:31,905 - [EXPANSION] conference sorted scores=[('c3594', 1474), ('c36', 0), ('c597', 0), ('c755', 0), ('c1194', 0), ('c1201', 0), ('c1234', 0), ('c1798', 0), ('c1801', 0), ('c1902', 0)]
[DEBUG] 2026-05-26 20:36:33,272 - [EXPANSION] term sorted scores=[('t19', 455), ('t63', 379), ('t4', 347), ('t461', 333), ('t35', 327), ('t45', 293), ('t1', 265), ('t512', 211), ('t54', 144), ('t112', 127)]
[INFO] 2026-05-26 20:36:33,273 - Expanding community 3
[DEBUG] 2026-05-26 20:36:33,716 - [EXPANSION] author sorted scores=[('a19926', 34), ('a16696', 31), ('a33520', 27), ('a113162', 26), ('a113688', 25), ('a7277', 23), ('a33521', 23), ('a19922', 22), ('a35663', 21), ('a37276', 21)]
[DEBUG] 2026-05-26 20:36:33,721 - [EXPANSION] conference sorted scores=[('c1798', 1424), ('c36', 0), ('c597', 0), ('c755', 0), ('c1194', 0), ('c1201', 0), ('c1234', 0), ('c1801', 0), ('c1902', 0), ('c2180', 0)]
[DEBUG] 2026-05-26 20:36:35,048 - [EXPANSION] term sorted scores=[('t19', 470), ('t35', 350), ('t63', 300), ('t4', 290), ('t461', 289), ('t45', 258), ('t1', 170), ('t512', 154), ('t54', 138), ('t375', 138)]
[INFO] 2026-05-26 20:36:35,049 - Expanding community 4
[DEBUG] 2026-05-26 20:36:35,465 - [EXPANSION] author sorted scores=[('a15946', 62), ('a26577', 25), ('a39389', 20), ('a113748', 20), ('a52890', 19), ('a16564', 18), ('a35663', 18), ('a20146', 17), ('a24026', 17), ('a27514', 17)]
[DEBUG] 2026-05-26 20:36:35,470 - [EXPANSION] conference sorted scores=[('c3318', 1377), ('c36', 0), ('c597', 0), ('c755', 0), ('c1194', 0), ('c1201', 0), ('c1234', 0), ('c1798', 0), ('c1801', 0), ('c1902', 0)]
[DEBUG] 2026-05-26 20:36:36,735 - [EXPANSION] term sorted scores=[('t19', 453), ('t468', 414), ('t4', 351), ('t63', 343), ('t235', 281), ('t45', 265), ('t35', 227), ('t1', 225), ('t81', 155), ('t38', 140)]
[INFO] 2026-05-26 20:36:36,735 - Expanding community 5
[DEBUG] 2026-05-26 20:36:37,139 - [EXPANSION] author sorted scores=[('a12269', 36), ('a113162', 33), ('a37276', 29), ('a19922', 26), ('a19926', 26), ('a82135', 25), ('a87481', 21), ('a33933', 19), ('a34108', 19), ('a82524', 19)]
[DEBUG] 2026-05-26 20:36:37,145 - [EXPANSION] conference sorted scores=[('c3329', 1356), ('c4096', 1), ('c36', 0), ('c597', 0), ('c755', 0), ('c1194', 0), ('c1201', 0), ('c1234', 0), ('c1798', 0), ('c1801', 0)]
[DEBUG] 2026-05-26 20:36:38,430 - [EXPANSION] term sorted scores=[('t19', 393), ('t63', 339), ('t35', 292), ('t4', 276), ('t45', 272), ('t461', 247), ('t512', 190), ('t1', 181), ('t358', 127), ('t375', 123)]
[INFO] 2026-05-26 20:36:38,431 - Expanding community 6
[DEBUG] 2026-05-26 20:36:38,587 - [EXPANSION] author sorted scores=[('a19926', 31), ('a113755', 25), ('a16696', 20), ('a8754', 18), ('a18041', 17), ('a78964', 15), ('a85913', 15), ('a18074', 14), ('a19617', 13), ('a34422', 13)]
[DEBUG] 2026-05-26 20:36:38,591 - [EXPANSION] conference sorted scores=[('c2504', 796), ('c36', 0), ('c597', 0), ('c755', 0), ('c1194', 0), ('c1201', 0), ('c1234', 0), ('c1798', 0), ('c1801', 0), ('c1902', 0)]
[DEBUG] 2026-05-26 20:36:39,433 - [EXPANSION] term sorted scores=[('t19', 260), ('t452', 206), ('t461', 204), ('t4', 185), ('t45', 157), ('t63', 148), ('t35', 145), ('t1', 85), ('t81', 77), ('t226', 65)]
[INFO] 2026-05-26 20:36:39,434 - Expanding community 7
[DEBUG] 2026-05-26 20:36:39,592 - [EXPANSION] author sorted scores=[('a16696', 34), ('a19926', 26), ('a16695', 20), ('a7277', 19), ('a15481', 18), ('a35465', 18), ('a32693', 16), ('a19014', 15), ('a20146', 15), ('a2588', 14)]
[DEBUG] 2026-05-26 20:36:39,596 - [EXPANSION] conference sorted scores=[('c1801', 525), ('c3230', 246), ('c4096', 2), ('c36', 0), ('c597', 0), ('c755', 0), ('c1194', 0), ('c1201', 0), ('c1234', 0), ('c1798', 0)]
[DEBUG] 2026-05-26 20:36:40,378 - [EXPANSION] term sorted scores=[('t19', 242), ('t452', 184), ('t4', 179), ('t461', 172), ('t63', 135), ('t226', 114), ('t35', 110), ('t45', 110), ('t38', 84), ('t81', 81)]
[INFO] 2026-05-26 20:36:40,378 - Expanding community 8
[DEBUG] 2026-05-26 20:36:40,526 - [EXPANSION] author sorted scores=[('a19627', 17), ('a15946', 16), ('a9485', 13), ('a16696', 12), ('a35663', 11), ('a26577', 10), ('a35666', 9), ('a113743', 9), ('a19926', 8), ('a28826', 8)]
[DEBUG] 2026-05-26 20:36:40,530 - [EXPANSION] conference sorted scores=[('c597', 725), ('c4096', 1), ('c36', 0), ('c755', 0), ('c1194', 0), ('c1201', 0), ('c1234', 0), ('c1798', 0), ('c1801', 0), ('c1902', 0)]
[DEBUG] 2026-05-26 20:36:41,357 - [EXPANSION] term sorted scores=[('t19', 253), ('t35', 165), ('t63', 162), ('t4', 147), ('t45', 140), ('t461', 88), ('t1', 84), ('t235', 77), ('t38', 75), ('t468', 73)]
[INFO] 2026-05-26 20:36:41,358 - Expanding community 9
[DEBUG] 2026-05-26 20:36:41,504 - [EXPANSION] author sorted scores=[('a15807', 20), ('a124231', 18), ('a15787', 15), ('a17468', 14), ('a35875', 14), ('a17530', 13), ('a18057', 13), ('a15493', 12), ('a4489', 11), ('a19758', 11)]
[DEBUG] 2026-05-26 20:36:41,507 - [EXPANSION] conference sorted scores=[('c1902', 635), ('c36', 0), ('c597', 0), ('c755', 0), ('c1194', 0), ('c1201', 0), ('c1234', 0), ('c1798', 0), ('c1801', 0), ('c2180', 0)]
[DEBUG] 2026-05-26 20:36:41,995 - [EXPANSION] term sorted scores=[('t12', 259), ('t19', 179), ('t4', 135), ('t45', 115), ('t35', 88), ('t63', 80), ('t10', 72), ('t81', 63), ('t1', 62), ('t55', 51)]
[INFO] 2026-05-26 20:36:41,996 - Expanding community 10
[DEBUG] 2026-05-26 20:36:42,087 - [EXPANSION] author sorted scores=[('a97600', 29), ('a38722', 26), ('a6982', 16), ('a16849', 16), ('a19592', 16), ('a85853', 16), ('a16682', 15), ('a16681', 14), ('a33501', 14), ('a65896', 14)]
[DEBUG] 2026-05-26 20:36:42,089 - [EXPANSION] conference sorted scores=[('c3027', 457), ('c36', 0), ('c597', 0), ('c755', 0), ('c1194', 0), ('c1201', 0), ('c1234', 0), ('c1798', 0), ('c1801', 0), ('c1902', 0)]
[DEBUG] 2026-05-26 20:36:42,341 - [EXPANSION] term sorted scores=[('t4', 145), ('t45', 114), ('t19', 103), ('t1', 79), ('t35', 78), ('t542', 61), ('t63', 57), ('t461', 55), ('t112', 48), ('t375', 45)]
[INFO] 2026-05-26 20:36:42,342 - Expanding community 11
[DEBUG] 2026-05-26 20:36:42,429 - [EXPANSION] author sorted scores=[('a18505', 13), ('a113807', 12), ('a19622', 9), ('a33519', 9), ('a7277', 8), ('a19926', 8), ('a34558', 8), ('a50729', 8), ('a50759', 8), ('a61597', 8)]
[DEBUG] 2026-05-26 20:36:42,432 - [EXPANSION] conference sorted scores=[('c2934', 370), ('c36', 0), ('c597', 0), ('c755', 0), ('c1194', 0), ('c1201', 0), ('c1234', 0), ('c1798', 0), ('c1801', 0), ('c1902', 0)]
[DEBUG] 2026-05-26 20:36:42,779 - [EXPANSION] term sorted scores=[('t19', 129), ('t452', 93), ('t4', 92), ('t461', 83), ('t63', 75), ('t35', 63), ('t38', 57), ('t45', 55), ('t10', 47), ('t81', 46)]
[INFO] 2026-05-26 20:36:42,780 - Expanding community 12
[DEBUG] 2026-05-26 20:36:42,865 - [EXPANSION] author sorted scores=[('a12317', 11), ('a39389', 10), ('a16985', 9), ('a17383', 9), ('a16850', 8), ('a20146', 8), ('a6330', 7), ('a20365', 7), ('a20308', 6), ('a59174', 6)]
[DEBUG] 2026-05-26 20:36:42,867 - [EXPANSION] conference sorted scores=[('c3771', 343), ('c4096', 7), ('c36', 0), ('c597', 0), ('c755', 0), ('c1194', 0), ('c1201', 0), ('c1234', 0), ('c1798', 0), ('c1801', 0)]
[DEBUG] 2026-05-26 20:36:43,266 - [EXPANSION] term sorted scores=[('t109', 136), ('t19', 105), ('t4', 84), ('t45', 65), ('t458', 62), ('t1', 59), ('t63', 57), ('t35', 48), ('t112', 45), ('t38', 38)]
[INFO] 2026-05-26 20:36:43,266 - Expanding community 13
[DEBUG] 2026-05-26 20:36:43,348 - [EXPANSION] author sorted scores=[('a19922', 10), ('a35465', 8), ('a7731', 5), ('a13452', 5), ('a16696', 5), ('a19627', 5), ('a34558', 5), ('a34606', 5), ('a113755', 5), ('a6976', 4)]
[DEBUG] 2026-05-26 20:36:43,351 - [EXPANSION] conference sorted scores=[('c1234', 300), ('c36', 0), ('c597', 0), ('c755', 0), ('c1194', 0), ('c1201', 0), ('c1798', 0), ('c1801', 0), ('c1902', 0), ('c2180', 0)]
[DEBUG] 2026-05-26 20:36:43,615 - [EXPANSION] term sorted scores=[('t19', 96), ('t4', 76), ('t63', 72), ('t35', 64), ('t45', 55), ('t1', 49), ('t461', 48), ('t54', 30), ('t512', 30), ('t542', 29)]
[INFO] 2026-05-26 20:36:43,616 - Expanding community 14
[DEBUG] 2026-05-26 20:36:43,695 - [EXPANSION] author sorted scores=[('a10752', 13), ('a19446', 9), ('a85981', 8), ('a37007', 7), ('a39839', 7), ('a34422', 6), ('a35465', 6), ('a38766', 6), ('a366388', 6), ('a19926', 5)]
[DEBUG] 2026-05-26 20:36:43,697 - [EXPANSION] conference sorted scores=[('c3011', 287), ('c36', 0), ('c597', 0), ('c755', 0), ('c1194', 0), ('c1201', 0), ('c1234', 0), ('c1798', 0), ('c1801', 0), ('c1902', 0)]
[DEBUG] 2026-05-26 20:36:43,934 - [EXPANSION] term sorted scores=[('t19', 90), ('t4', 85), ('t461', 67), ('t452', 62), ('t63', 61), ('t35', 55), ('t45', 41), ('t226', 34), ('t1', 29), ('t108', 28)]
[INFO] 2026-05-26 20:36:43,935 - Expanding community 15
[DEBUG] 2026-05-26 20:36:43,987 - [EXPANSION] author sorted scores=[('a934', 26), ('a435', 21), ('a20881', 10), ('a48008', 10), ('a226', 8), ('a18660', 8), ('a448', 7), ('a19623', 7), ('a1313', 6), ('a18837', 6)]
[DEBUG] 2026-05-26 20:36:43,989 - [EXPANSION] conference sorted scores=[('c755', 229), ('c36', 0), ('c597', 0), ('c1194', 0), ('c1201', 0), ('c1234', 0), ('c1798', 0), ('c1801', 0), ('c1902', 0), ('c2180', 0)]
[DEBUG] 2026-05-26 20:36:44,158 - [EXPANSION] term sorted scores=[('t45', 69), ('t19', 65), ('t4', 47), ('t63', 46), ('t428', 36), ('t81', 32), ('t55', 27), ('t35', 26), ('t53', 25), ('t492', 24)]
[INFO] 2026-05-26 20:36:44,158 - Expanding community 16
[DEBUG] 2026-05-26 20:36:44,209 - [EXPANSION] author sorted scores=[('a27110', 15), ('a25739', 10), ('a16319', 8), ('a114480', 8), ('a26908', 7), ('a113748', 7), ('a4137', 6), ('a26394', 6), ('a35429', 6), ('a52178', 6)]
[DEBUG] 2026-05-26 20:36:44,210 - [EXPANSION] conference sorted scores=[('c1194', 207), ('c36', 0), ('c597', 0), ('c755', 0), ('c1201', 0), ('c1234', 0), ('c1798', 0), ('c1801', 0), ('c1902', 0), ('c2180', 0)]
[DEBUG] 2026-05-26 20:36:44,349 - [EXPANSION] term sorted scores=[('t19', 83), ('t4', 65), ('t468', 62), ('t63', 49), ('t35', 44), ('t45', 37), ('t458', 35), ('t1', 33), ('t235', 29), ('t109', 28)]
[INFO] 2026-05-26 20:36:44,349 - Expanding community 17
[DEBUG] 2026-05-26 20:36:44,402 - [EXPANSION] author sorted scores=[('a22275', 7), ('a17838', 6), ('a20265', 6), ('a18125', 5), ('a19793', 5), ('a74739', 5), ('a17894', 4), ('a19129', 4), ('a35875', 4), ('a38894', 4)]
[DEBUG] 2026-05-26 20:36:44,404 - [EXPANSION] conference sorted scores=[('c1201', 193), ('c36', 0), ('c597', 0), ('c755', 0), ('c1194', 0), ('c1234', 0), ('c1798', 0), ('c1801', 0), ('c1902', 0), ('c2180', 0)]
[DEBUG] 2026-05-26 20:36:44,550 - [EXPANSION] term sorted scores=[('t12', 61), ('t19', 57), ('t4', 44), ('t45', 37), ('t35', 32), ('t63', 27), ('t10', 23), ('t1', 21), ('t38', 21), ('t81', 17)]
[INFO] 2026-05-26 20:37:05,980 - [EVAL] Modularity=0.8519
[INFO] 2026-05-26 20:37:05,980 - [EVAL] Surprise=0.0000
[INFO] 2026-05-26 20:37:05,980 - [EVAL] Keyword coherence=0.0000
[INFO] 2026-05-26 20:37:05,980 - [EVAL] Community stats={'num_communities': 18, 'avg_size': 3676.6666666666665, 'max_size': 7220, 'min_size': 1171}
[INFO] 2026-05-26 20:37:06,000 - [NMI DEBUG] matched_nodes=4057
[INFO] 2026-05-26 20:37:06,008 - [NMI] 0.5445
[INFO] 2026-05-26 20:37:06,017 - [NMI DEBUG] matched_nodes=100
[INFO] 2026-05-26 20:37:06,020 - [NMI] 0.5006
[INFO] 2026-05-26 20:37:06,027 - [NMI DEBUG] matched_nodes=20
[INFO] 2026-05-26 20:37:06,030 - [NMI] 0.6207
[INFO] 2026-05-26 20:37:06,032 - Saved communities...
[INFO] 2026-05-31 22:22:23,908 - [MATRIX] writes shape=(14376, 14475)
[INFO] 2026-05-31 22:22:23,958 - [MATRIX] be_written shape=(14475, 14376)
[INFO] 2026-05-31 22:22:23,975 - [MATRIX] published_in shape=(14376, 20)
[INFO] 2026-05-31 22:22:23,991 - [MATRIX] publish shape=(20, 14376)
[INFO] 2026-05-31 22:22:24,120 - [MATRIX] has_term shape=(14376, 8920)
[INFO] 2026-05-31 22:22:24,247 - [MATRIX] term_in shape=(8920, 14376)
[INFO] 2026-05-31 22:22:24,314 - 
========== Building A-P-A ==========
[INFO] 2026-05-31 22:22:24,320 - A-P-A matrix shape=(14475, 14475)
[INFO] 2026-05-31 22:23:02,261 - [MATRIX] writes shape=(14376, 14475)
[INFO] 2026-05-31 22:23:02,312 - [MATRIX] be_written shape=(14475, 14376)
[INFO] 2026-05-31 22:23:02,329 - [MATRIX] published_in shape=(14376, 20)
[INFO] 2026-05-31 22:23:02,346 - [MATRIX] publish shape=(20, 14376)
[INFO] 2026-05-31 22:23:02,475 - [MATRIX] has_term shape=(14376, 8920)
[INFO] 2026-05-31 22:23:02,604 - [MATRIX] term_in shape=(8920, 14376)
[INFO] 2026-05-31 22:23:02,671 - 
========== Building P-A-P ==========
[INFO] 2026-05-31 22:23:02,686 - P-A-P matrix shape=(14376, 14376)
[INFO] 2026-05-31 22:23:05,859 - P-A-P nodes=13774 edges=215663 total_weight=497692.0000
[INFO] 2026-05-31 22:23:05,868 - 
========== Building P-T-P ==========
[INFO] 2026-05-31 22:23:07,590 - P-T-P matrix shape=(14376, 14376)
[INFO] 2026-05-31 22:23:37,941 - P-T-P nodes=215 edges=119 total_weight=2102.0000
[INFO] 2026-05-31 22:23:37,941 - 
========== Building P-C-P ==========
[INFO] 2026-05-31 22:23:38,358 - P-C-P matrix shape=(14376, 14376)
[INFO] 2026-05-31 22:25:40,209 - P-C-P nodes=14376 edges=8232454 total_weight=16464908.0000
[INFO] 2026-05-31 22:25:42,388 - Running community detection on P-A-P
[INFO] 2026-05-31 22:25:50,763 - P-A-P communities=437
[INFO] 2026-05-31 22:25:50,765 - Running community detection on P-T-P
[INFO] 2026-05-31 22:25:50,782 - P-T-P communities=99
[INFO] 2026-05-31 22:25:50,799 - Running community detection on P-C-P
[INFO] 2026-05-31 22:28:27,538 - P-C-P communities=20
[INFO] 2026-05-31 22:28:42,321 - Candidate edges=8396542
[INFO] 2026-05-31 22:28:43,357 - Processed 100000/8396542 candidate edges
[INFO] 2026-05-31 22:28:44,359 - Processed 200000/8396542 candidate edges
[INFO] 2026-05-31 22:28:45,576 - Processed 300000/8396542 candidate edges
[INFO] 2026-05-31 22:28:46,691 - Processed 400000/8396542 candidate edges
[INFO] 2026-05-31 22:28:47,704 - Processed 500000/8396542 candidate edges
[INFO] 2026-05-31 22:28:48,709 - Processed 600000/8396542 candidate edges
[INFO] 2026-05-31 22:28:49,713 - Processed 700000/8396542 candidate edges
[INFO] 2026-05-31 22:28:50,701 - Processed 800000/8396542 candidate edges
[INFO] 2026-05-31 22:28:51,757 - Processed 900000/8396542 candidate edges
[INFO] 2026-05-31 22:28:52,816 - Processed 1000000/8396542 candidate edges
[INFO] 2026-05-31 22:28:53,860 - Processed 1100000/8396542 candidate edges
[INFO] 2026-05-31 22:28:54,895 - Processed 1200000/8396542 candidate edges
[INFO] 2026-05-31 22:28:55,950 - Processed 1300000/8396542 candidate edges
[INFO] 2026-05-31 22:28:56,999 - Processed 1400000/8396542 candidate edges
[INFO] 2026-05-31 22:28:58,064 - Processed 1500000/8396542 candidate edges
[INFO] 2026-05-31 22:28:59,136 - Processed 1600000/8396542 candidate edges
[INFO] 2026-05-31 22:29:00,201 - Processed 1700000/8396542 candidate edges
[INFO] 2026-05-31 22:29:01,239 - Processed 1800000/8396542 candidate edges
[INFO] 2026-05-31 22:29:02,248 - Processed 1900000/8396542 candidate edges
[INFO] 2026-05-31 22:29:03,268 - Processed 2000000/8396542 candidate edges
[INFO] 2026-05-31 22:29:04,303 - Processed 2100000/8396542 candidate edges
[INFO] 2026-05-31 22:29:05,299 - Processed 2200000/8396542 candidate edges
[INFO] 2026-05-31 22:29:06,290 - Processed 2300000/8396542 candidate edges
[INFO] 2026-05-31 22:29:07,277 - Processed 2400000/8396542 candidate edges
[INFO] 2026-05-31 22:29:08,285 - Processed 2500000/8396542 candidate edges
[INFO] 2026-05-31 22:29:09,286 - Processed 2600000/8396542 candidate edges
[INFO] 2026-05-31 22:29:10,267 - Processed 2700000/8396542 candidate edges
[INFO] 2026-05-31 22:29:11,322 - Processed 2800000/8396542 candidate edges
[INFO] 2026-05-31 22:29:12,363 - Processed 2900000/8396542 candidate edges
[INFO] 2026-05-31 22:29:13,376 - Processed 3000000/8396542 candidate edges
[INFO] 2026-05-31 22:29:14,438 - Processed 3100000/8396542 candidate edges
[INFO] 2026-05-31 22:29:15,482 - Processed 3200000/8396542 candidate edges
[INFO] 2026-05-31 22:29:16,512 - Processed 3300000/8396542 candidate edges
[INFO] 2026-05-31 22:29:17,492 - Processed 3400000/8396542 candidate edges
[INFO] 2026-05-31 22:29:18,525 - Processed 3500000/8396542 candidate edges
[INFO] 2026-05-31 22:29:19,517 - Processed 3600000/8396542 candidate edges
[INFO] 2026-05-31 22:29:20,808 - Processed 3700000/8396542 candidate edges
[INFO] 2026-05-31 22:29:21,869 - Processed 3800000/8396542 candidate edges
[INFO] 2026-05-31 22:29:22,936 - Processed 3900000/8396542 candidate edges
[INFO] 2026-05-31 22:29:24,003 - Processed 4000000/8396542 candidate edges
[INFO] 2026-05-31 22:29:25,098 - Processed 4100000/8396542 candidate edges
[INFO] 2026-05-31 22:29:26,171 - Processed 4200000/8396542 candidate edges
[INFO] 2026-05-31 22:29:27,229 - Processed 4300000/8396542 candidate edges
[INFO] 2026-05-31 22:29:28,326 - Processed 4400000/8396542 candidate edges
[INFO] 2026-05-31 22:29:29,419 - Processed 4500000/8396542 candidate edges
[INFO] 2026-05-31 22:29:30,483 - Processed 4600000/8396542 candidate edges
[INFO] 2026-05-31 22:29:31,578 - Processed 4700000/8396542 candidate edges
[INFO] 2026-05-31 22:29:32,629 - Processed 4800000/8396542 candidate edges
[INFO] 2026-05-31 22:29:33,686 - Processed 4900000/8396542 candidate edges
[INFO] 2026-05-31 22:29:34,792 - Processed 5000000/8396542 candidate edges
[INFO] 2026-05-31 22:29:35,872 - Processed 5100000/8396542 candidate edges
[INFO] 2026-05-31 22:29:36,960 - Processed 5200000/8396542 candidate edges
[INFO] 2026-05-31 22:29:38,082 - Processed 5300000/8396542 candidate edges
[INFO] 2026-05-31 22:29:39,180 - Processed 5400000/8396542 candidate edges
[INFO] 2026-05-31 22:29:40,259 - Processed 5500000/8396542 candidate edges
[INFO] 2026-05-31 22:29:41,395 - Processed 5600000/8396542 candidate edges
[INFO] 2026-05-31 22:29:42,523 - Processed 5700000/8396542 candidate edges
[INFO] 2026-05-31 22:29:43,626 - Processed 5800000/8396542 candidate edges
[INFO] 2026-05-31 22:29:44,745 - Processed 5900000/8396542 candidate edges
[INFO] 2026-05-31 22:29:45,825 - Processed 6000000/8396542 candidate edges
[INFO] 2026-05-31 22:29:46,909 - Processed 6100000/8396542 candidate edges
[INFO] 2026-05-31 22:29:48,003 - Processed 6200000/8396542 candidate edges
[INFO] 2026-05-31 22:29:49,065 - Processed 6300000/8396542 candidate edges
[INFO] 2026-05-31 22:29:50,142 - Processed 6400000/8396542 candidate edges
[INFO] 2026-05-31 22:29:51,183 - Processed 6500000/8396542 candidate edges
[INFO] 2026-05-31 22:29:52,219 - Processed 6600000/8396542 candidate edges
[INFO] 2026-05-31 22:29:53,238 - Processed 6700000/8396542 candidate edges
[INFO] 2026-05-31 22:29:54,277 - Processed 6800000/8396542 candidate edges
[INFO] 2026-05-31 22:29:55,409 - Processed 6900000/8396542 candidate edges
[INFO] 2026-05-31 22:29:56,431 - Processed 7000000/8396542 candidate edges
[INFO] 2026-05-31 22:29:57,502 - Processed 7100000/8396542 candidate edges
[INFO] 2026-05-31 22:29:58,565 - Processed 7200000/8396542 candidate edges
[INFO] 2026-05-31 22:29:59,620 - Processed 7300000/8396542 candidate edges
[INFO] 2026-05-31 22:30:00,653 - Processed 7400000/8396542 candidate edges
[INFO] 2026-05-31 22:30:01,661 - Processed 7500000/8396542 candidate edges
[INFO] 2026-05-31 22:30:02,698 - Processed 7600000/8396542 candidate edges
[INFO] 2026-05-31 22:30:03,728 - Processed 7700000/8396542 candidate edges
[INFO] 2026-05-31 22:30:04,761 - Processed 7800000/8396542 candidate edges
[INFO] 2026-05-31 22:30:05,785 - Processed 7900000/8396542 candidate edges
[INFO] 2026-05-31 22:30:06,787 - Processed 8000000/8396542 candidate edges
[INFO] 2026-05-31 22:30:07,827 - Processed 8100000/8396542 candidate edges
[INFO] 2026-05-31 22:30:08,844 - Processed 8200000/8396542 candidate edges
[INFO] 2026-05-31 22:30:09,877 - Processed 8300000/8396542 candidate edges
[INFO] 2026-05-31 22:30:10,901 - Consensus graph nodes=14376 edges=8377138
[INFO] 2026-05-31 22:30:10,901 - Running Louvain on consensus graph
[INFO] 2026-05-31 22:34:45,079 - Seed communities=18
[INFO] 2026-05-31 22:34:57,014 - Expanding community 0
[DEBUG] 2026-05-31 22:34:57,294 - [EXPANSION] author sorted scores=[('a15468', 20), ('a15710', 19), ('a16284', 15), ('a4473', 14), ('a4927', 14), ('a15305', 14), ('a15475', 14), ('a15201', 13), ('a15310', 12), ('a15588', 12)]
[DEBUG] 2026-05-31 22:34:57,303 - [EXPANSION] conference sorted scores=[('c2180', 1823), ('c36', 0), ('c597', 0), ('c755', 0), ('c1194', 0), ('c1201', 0), ('c1234', 0), ('c1798', 0), ('c1801', 0), ('c1902', 0)]
[DEBUG] 2026-05-31 22:34:58,825 - [EXPANSION] term sorted scores=[('t4', 502), ('t63', 483), ('t19', 480), ('t45', 389), ('t35', 371), ('t1', 283), ('t55', 170), ('t12', 160), ('t38', 138), ('t10', 136)]
[INFO] 2026-05-31 22:34:58,827 - Expanding community 1
[DEBUG] 2026-05-31 22:34:59,085 - [EXPANSION] author sorted scores=[('a4473', 26), ('a15481', 22), ('a4561', 19), ('a4927', 18), ('a4472', 15), ('a16641', 15), ('a15468', 14), ('a17424', 13), ('a15493', 12), ('a15710', 11)]
[DEBUG] 2026-05-31 22:34:59,092 - [EXPANSION] conference sorted scores=[('c36', 1598), ('c597', 0), ('c755', 0), ('c1194', 0), ('c1201', 0), ('c1234', 0), ('c1798', 0), ('c1801', 0), ('c1902', 0), ('c2180', 0)]
[DEBUG] 2026-05-31 22:35:00,385 - [EXPANSION] term sorted scores=[('t19', 436), ('t4', 383), ('t63', 371), ('t35', 321), ('t45', 296), ('t1', 233), ('t12', 171), ('t38', 150), ('t55', 145), ('t10', 129)]
[INFO] 2026-05-31 22:35:00,387 - Expanding community 2
[DEBUG] 2026-05-31 22:35:00,639 - [EXPANSION] author sorted scores=[('a19922', 35), ('a12269', 26), ('a113162', 26), ('a113755', 25), ('a37276', 24), ('a19926', 21), ('a33995', 20), ('a87481', 20), ('a13452', 18), ('a33519', 18)]
[DEBUG] 2026-05-31 22:35:00,646 - [EXPANSION] conference sorted scores=[('c3594', 1474), ('c36', 0), ('c597', 0), ('c755', 0), ('c1194', 0), ('c1201', 0), ('c1234', 0), ('c1798', 0), ('c1801', 0), ('c1902', 0)]
[DEBUG] 2026-05-31 22:35:01,944 - [EXPANSION] term sorted scores=[('t19', 455), ('t63', 379), ('t4', 347), ('t461', 333), ('t35', 327), ('t45', 293), ('t1', 265), ('t512', 211), ('t54', 144), ('t112', 127)]
[INFO] 2026-05-31 22:35:01,946 - Expanding community 3
[DEBUG] 2026-05-31 22:35:02,211 - [EXPANSION] author sorted scores=[('a19926', 34), ('a16696', 31), ('a33520', 27), ('a113162', 26), ('a113688', 25), ('a7277', 23), ('a33521', 23), ('a19922', 22), ('a35663', 21), ('a37276', 21)]
[DEBUG] 2026-05-31 22:35:02,219 - [EXPANSION] conference sorted scores=[('c1798', 1424), ('c36', 0), ('c597', 0), ('c755', 0), ('c1194', 0), ('c1201', 0), ('c1234', 0), ('c1801', 0), ('c1902', 0), ('c2180', 0)]
[DEBUG] 2026-05-31 22:35:03,467 - [EXPANSION] term sorted scores=[('t19', 470), ('t35', 350), ('t63', 300), ('t4', 290), ('t461', 289), ('t45', 258), ('t1', 170), ('t512', 154), ('t54', 138), ('t375', 138)]
[INFO] 2026-05-31 22:35:03,469 - Expanding community 4
[DEBUG] 2026-05-31 22:35:03,721 - [EXPANSION] author sorted scores=[('a15946', 62), ('a26577', 25), ('a39389', 20), ('a113748', 20), ('a52890', 19), ('a16564', 18), ('a35663', 18), ('a20146', 17), ('a24026', 17), ('a27514', 17)]
[DEBUG] 2026-05-31 22:35:03,729 - [EXPANSION] conference sorted scores=[('c3318', 1377), ('c36', 0), ('c597', 0), ('c755', 0), ('c1194', 0), ('c1201', 0), ('c1234', 0), ('c1798', 0), ('c1801', 0), ('c1902', 0)]
[DEBUG] 2026-05-31 22:35:04,893 - [EXPANSION] term sorted scores=[('t19', 453), ('t468', 414), ('t4', 351), ('t63', 343), ('t235', 281), ('t45', 265), ('t35', 227), ('t1', 225), ('t81', 155), ('t38', 140)]
[INFO] 2026-05-31 22:35:04,895 - Expanding community 5
[DEBUG] 2026-05-31 22:35:05,149 - [EXPANSION] author sorted scores=[('a12269', 36), ('a113162', 33), ('a37276', 29), ('a19922', 26), ('a19926', 26), ('a82135', 25), ('a87481', 21), ('a33933', 19), ('a34108', 19), ('a82524', 19)]
[DEBUG] 2026-05-31 22:35:05,156 - [EXPANSION] conference sorted scores=[('c3329', 1356), ('c4096', 1), ('c36', 0), ('c597', 0), ('c755', 0), ('c1194', 0), ('c1201', 0), ('c1234', 0), ('c1798', 0), ('c1801', 0)]
[DEBUG] 2026-05-31 22:35:06,378 - [EXPANSION] term sorted scores=[('t19', 393), ('t63', 339), ('t35', 292), ('t4', 276), ('t45', 272), ('t461', 247), ('t512', 190), ('t1', 181), ('t358', 127), ('t375', 123)]
[INFO] 2026-05-31 22:35:06,380 - Expanding community 6
[DEBUG] 2026-05-31 22:35:06,564 - [EXPANSION] author sorted scores=[('a19926', 31), ('a113755', 25), ('a16696', 20), ('a8754', 18), ('a18041', 17), ('a78964', 15), ('a85913', 15), ('a18074', 14), ('a19617', 13), ('a34422', 13)]
[DEBUG] 2026-05-31 22:35:06,570 - [EXPANSION] conference sorted scores=[('c2504', 796), ('c36', 0), ('c597', 0), ('c755', 0), ('c1194', 0), ('c1201', 0), ('c1234', 0), ('c1798', 0), ('c1801', 0), ('c1902', 0)]
[DEBUG] 2026-05-31 22:35:07,187 - [EXPANSION] term sorted scores=[('t19', 260), ('t452', 206), ('t461', 204), ('t4', 185), ('t45', 157), ('t63', 148), ('t35', 145), ('t1', 85), ('t81', 77), ('t226', 65)]
[INFO] 2026-05-31 22:35:07,189 - Expanding community 7
[DEBUG] 2026-05-31 22:35:07,363 - [EXPANSION] author sorted scores=[('a16696', 34), ('a19926', 26), ('a16695', 20), ('a7277', 19), ('a15481', 18), ('a35465', 18), ('a32693', 16), ('a19014', 15), ('a20146', 15), ('a2588', 14)]
[DEBUG] 2026-05-31 22:35:07,368 - [EXPANSION] conference sorted scores=[('c1801', 525), ('c3230', 246), ('c4096', 2), ('c36', 0), ('c597', 0), ('c755', 0), ('c1194', 0), ('c1201', 0), ('c1234', 0), ('c1798', 0)]
[DEBUG] 2026-05-31 22:35:07,900 - [EXPANSION] term sorted scores=[('t19', 242), ('t452', 184), ('t4', 179), ('t461', 172), ('t63', 135), ('t226', 114), ('t35', 110), ('t45', 110), ('t38', 84), ('t81', 81)]
[INFO] 2026-05-31 22:35:07,902 - Expanding community 8
[DEBUG] 2026-05-31 22:35:08,089 - [EXPANSION] author sorted scores=[('a19627', 17), ('a15946', 16), ('a9485', 13), ('a16696', 12), ('a35663', 11), ('a26577', 10), ('a35666', 9), ('a113743', 9), ('a19926', 8), ('a28826', 8)]
[DEBUG] 2026-05-31 22:35:08,095 - [EXPANSION] conference sorted scores=[('c597', 725), ('c4096', 1), ('c36', 0), ('c755', 0), ('c1194', 0), ('c1201', 0), ('c1234', 0), ('c1798', 0), ('c1801', 0), ('c1902', 0)]
[DEBUG] 2026-05-31 22:35:08,685 - [EXPANSION] term sorted scores=[('t19', 253), ('t35', 165), ('t63', 162), ('t4', 147), ('t45', 140), ('t461', 88), ('t1', 84), ('t235', 77), ('t38', 75), ('t468', 73)]
[INFO] 2026-05-31 22:35:08,687 - Expanding community 9
[DEBUG] 2026-05-31 22:35:08,851 - [EXPANSION] author sorted scores=[('a15807', 20), ('a124231', 18), ('a15787', 15), ('a17468', 14), ('a35875', 14), ('a17530', 13), ('a18057', 13), ('a15493', 12), ('a4489', 11), ('a19758', 11)]
[DEBUG] 2026-05-31 22:35:08,856 - [EXPANSION] conference sorted scores=[('c1902', 635), ('c36', 0), ('c597', 0), ('c755', 0), ('c1194', 0), ('c1201', 0), ('c1234', 0), ('c1798', 0), ('c1801', 0), ('c2180', 0)]
[DEBUG] 2026-05-31 22:35:09,166 - [EXPANSION] term sorted scores=[('t12', 259), ('t19', 179), ('t4', 135), ('t45', 115), ('t35', 88), ('t63', 80), ('t10', 72), ('t81', 63), ('t1', 62), ('t55', 51)]
[INFO] 2026-05-31 22:35:09,168 - Expanding community 10
[DEBUG] 2026-05-31 22:35:09,258 - [EXPANSION] author sorted scores=[('a97600', 29), ('a38722', 26), ('a6982', 16), ('a16849', 16), ('a19592', 16), ('a85853', 16), ('a16682', 15), ('a16681', 14), ('a33501', 14), ('a65896', 14)]
[DEBUG] 2026-05-31 22:35:09,262 - [EXPANSION] conference sorted scores=[('c3027', 457), ('c36', 0), ('c597', 0), ('c755', 0), ('c1194', 0), ('c1201', 0), ('c1234', 0), ('c1798', 0), ('c1801', 0), ('c1902', 0)]
[DEBUG] 2026-05-31 22:35:09,500 - [EXPANSION] term sorted scores=[('t4', 145), ('t45', 114), ('t19', 103), ('t1', 79), ('t35', 78), ('t542', 61), ('t63', 57), ('t461', 55), ('t112', 48), ('t375', 45)]
[INFO] 2026-05-31 22:35:09,502 - Expanding community 11
[DEBUG] 2026-05-31 22:35:09,587 - [EXPANSION] author sorted scores=[('a18505', 13), ('a113807', 12), ('a19622', 9), ('a33519', 9), ('a7277', 8), ('a19926', 8), ('a34558', 8), ('a50729', 8), ('a50759', 8), ('a61597', 8)]
[DEBUG] 2026-05-31 22:35:09,591 - [EXPANSION] conference sorted scores=[('c2934', 370), ('c36', 0), ('c597', 0), ('c755', 0), ('c1194', 0), ('c1201', 0), ('c1234', 0), ('c1798', 0), ('c1801', 0), ('c1902', 0)]
[DEBUG] 2026-05-31 22:35:09,827 - [EXPANSION] term sorted scores=[('t19', 129), ('t452', 93), ('t4', 92), ('t461', 83), ('t63', 75), ('t35', 63), ('t38', 57), ('t45', 55), ('t10', 47), ('t81', 46)]
[INFO] 2026-05-31 22:35:09,829 - Expanding community 12
[DEBUG] 2026-05-31 22:35:09,927 - [EXPANSION] author sorted scores=[('a12317', 11), ('a39389', 10), ('a16985', 9), ('a17383', 9), ('a16850', 8), ('a20146', 8), ('a6330', 7), ('a20365', 7), ('a20308', 6), ('a59174', 6)]
[DEBUG] 2026-05-31 22:35:09,931 - [EXPANSION] conference sorted scores=[('c3771', 343), ('c4096', 7), ('c36', 0), ('c597', 0), ('c755', 0), ('c1194', 0), ('c1201', 0), ('c1234', 0), ('c1798', 0), ('c1801', 0)]
[DEBUG] 2026-05-31 22:35:10,195 - [EXPANSION] term sorted scores=[('t109', 136), ('t19', 105), ('t4', 84), ('t45', 65), ('t458', 62), ('t1', 59), ('t63', 57), ('t35', 48), ('t112', 45), ('t38', 38)]
[INFO] 2026-05-31 22:35:10,196 - Expanding community 13
[DEBUG] 2026-05-31 22:35:10,277 - [EXPANSION] author sorted scores=[('a19922', 10), ('a35465', 8), ('a7731', 5), ('a13452', 5), ('a16696', 5), ('a19627', 5), ('a34558', 5), ('a34606', 5), ('a113755', 5), ('a6976', 4)]
[DEBUG] 2026-05-31 22:35:10,281 - [EXPANSION] conference sorted scores=[('c1234', 300), ('c36', 0), ('c597', 0), ('c755', 0), ('c1194', 0), ('c1201', 0), ('c1798', 0), ('c1801', 0), ('c1902', 0), ('c2180', 0)]
[DEBUG] 2026-05-31 22:35:10,501 - [EXPANSION] term sorted scores=[('t19', 96), ('t4', 76), ('t63', 72), ('t35', 64), ('t45', 55), ('t1', 49), ('t461', 48), ('t54', 30), ('t512', 30), ('t542', 29)]
[INFO] 2026-05-31 22:35:10,503 - Expanding community 14
[DEBUG] 2026-05-31 22:35:10,583 - [EXPANSION] author sorted scores=[('a10752', 13), ('a19446', 9), ('a85981', 8), ('a37007', 7), ('a39839', 7), ('a34422', 6), ('a35465', 6), ('a38766', 6), ('a366388', 6), ('a19926', 5)]
[DEBUG] 2026-05-31 22:35:10,587 - [EXPANSION] conference sorted scores=[('c3011', 287), ('c36', 0), ('c597', 0), ('c755', 0), ('c1194', 0), ('c1201', 0), ('c1234', 0), ('c1798', 0), ('c1801', 0), ('c1902', 0)]
[DEBUG] 2026-05-31 22:35:10,783 - [EXPANSION] term sorted scores=[('t19', 90), ('t4', 85), ('t461', 67), ('t452', 62), ('t63', 61), ('t35', 55), ('t45', 41), ('t226', 34), ('t1', 29), ('t108', 28)]
[INFO] 2026-05-31 22:35:10,784 - Expanding community 15
[DEBUG] 2026-05-31 22:35:10,842 - [EXPANSION] author sorted scores=[('a934', 26), ('a435', 21), ('a20881', 10), ('a48008', 10), ('a226', 8), ('a18660', 8), ('a448', 7), ('a19623', 7), ('a1313', 6), ('a18837', 6)]
[DEBUG] 2026-05-31 22:35:10,845 - [EXPANSION] conference sorted scores=[('c755', 229), ('c36', 0), ('c597', 0), ('c1194', 0), ('c1201', 0), ('c1234', 0), ('c1798', 0), ('c1801', 0), ('c1902', 0), ('c2180', 0)]
[DEBUG] 2026-05-31 22:35:11,008 - [EXPANSION] term sorted scores=[('t45', 69), ('t19', 65), ('t4', 47), ('t63', 46), ('t428', 36), ('t81', 32), ('t55', 27), ('t35', 26), ('t53', 25), ('t492', 24)]
[INFO] 2026-05-31 22:35:11,010 - Expanding community 16
[DEBUG] 2026-05-31 22:35:11,066 - [EXPANSION] author sorted scores=[('a27110', 15), ('a25739', 10), ('a16319', 8), ('a114480', 8), ('a26908', 7), ('a113748', 7), ('a4137', 6), ('a26394', 6), ('a35429', 6), ('a52178', 6)]
[DEBUG] 2026-05-31 22:35:11,069 - [EXPANSION] conference sorted scores=[('c1194', 207), ('c36', 0), ('c597', 0), ('c755', 0), ('c1201', 0), ('c1234', 0), ('c1798', 0), ('c1801', 0), ('c1902', 0), ('c2180', 0)]
[DEBUG] 2026-05-31 22:35:11,225 - [EXPANSION] term sorted scores=[('t19', 83), ('t4', 65), ('t468', 62), ('t63', 49), ('t35', 44), ('t45', 37), ('t458', 35), ('t1', 33), ('t235', 29), ('t109', 28)]
[INFO] 2026-05-31 22:35:11,226 - Expanding community 17
[DEBUG] 2026-05-31 22:35:11,282 - [EXPANSION] author sorted scores=[('a22275', 7), ('a17838', 6), ('a20265', 6), ('a18125', 5), ('a19793', 5), ('a74739', 5), ('a17894', 4), ('a19129', 4), ('a35875', 4), ('a38894', 4)]
[DEBUG] 2026-05-31 22:35:11,286 - [EXPANSION] conference sorted scores=[('c1201', 193), ('c36', 0), ('c597', 0), ('c755', 0), ('c1194', 0), ('c1234', 0), ('c1798', 0), ('c1801', 0), ('c1902', 0), ('c2180', 0)]
[DEBUG] 2026-05-31 22:35:11,443 - [EXPANSION] term sorted scores=[('t12', 61), ('t19', 57), ('t4', 44), ('t45', 37), ('t35', 32), ('t63', 27), ('t10', 23), ('t1', 21), ('t38', 21), ('t81', 17)]
[INFO] 2026-05-31 22:35:42,165 - [EVAL] Modularity=0.8555
[INFO] 2026-05-31 22:35:42,166 - [EVAL] Surprise=0.0000
[INFO] 2026-05-31 22:35:42,166 - [EVAL] Keyword coherence=0.0000
[INFO] 2026-05-31 22:35:42,166 - [EVAL] Community stats={'num_communities': 18, 'avg_size': 3676.6666666666665, 'max_size': 7220, 'min_size': 1171}
[INFO] 2026-05-31 22:35:42,196 - [NMI DEBUG] matched_nodes=4057
[INFO] 2026-05-31 22:35:42,202 - [NMI] 0.5445
[INFO] 2026-05-31 22:35:42,218 - [NMI DEBUG] matched_nodes=100
[INFO] 2026-05-31 22:35:42,220 - [NMI] 0.5006
[INFO] 2026-05-31 22:35:42,233 - [NMI DEBUG] matched_nodes=20
[INFO] 2026-05-31 22:35:42,235 - [NMI] 0.6207
[INFO] 2026-05-31 22:35:42,236 - Saved communities...
[INFO] 2026-05-31 22:58:42,768 - [MATRIX] writes shape=(14376, 14475)
[INFO] 2026-05-31 22:58:42,811 - [MATRIX] be_written shape=(14475, 14376)
[INFO] 2026-05-31 22:58:42,826 - [MATRIX] published_in shape=(14376, 20)
[INFO] 2026-05-31 22:58:42,841 - [MATRIX] publish shape=(20, 14376)
[INFO] 2026-05-31 22:58:42,958 - [MATRIX] has_term shape=(14376, 8920)
[INFO] 2026-05-31 22:58:43,072 - [MATRIX] term_in shape=(8920, 14376)
[INFO] 2026-05-31 22:58:43,132 - 
========== Building P-A-P ==========
[INFO] 2026-05-31 22:58:43,143 - P-A-P matrix shape=(14376, 14376)
