[INFO] 2026-05-22 18:45:19,163 - [MATRIX] writes shape=(14376, 14475)
[INFO] 2026-05-22 18:45:19,197 - [MATRIX] be_written shape=(14475, 14376)
[INFO] 2026-05-22 18:45:19,208 - [MATRIX] published_in shape=(14376, 20)
[INFO] 2026-05-22 18:45:19,218 - [MATRIX] publish shape=(20, 14376)
[INFO] 2026-05-22 18:45:19,306 - [MATRIX] has_term shape=(14376, 8920)
[INFO] 2026-05-22 18:45:19,370 - [MATRIX] term_in shape=(8920, 14376)
[INFO] 2026-05-22 18:45:19,386 - 
========== Building A-P-A ==========
[INFO] 2026-05-22 18:45:19,389 - A-P-A matrix shape=(14475, 14475)
[INFO] 2026-05-22 18:45:19,620 - A-P-A nodes=14036 edges=40269 total_weight=114322.0000
[INFO] 2026-05-22 18:45:19,625 - 
========== Building A-P-T-P-A ==========
[INFO] 2026-05-22 18:45:28,173 - A-P-T-P-A matrix shape=(14475, 14475)
[INFO] 2026-05-22 18:52:37,746 - A-P-T-P-A nodes=14475 edges=63406282 total_weight=235980581.4644
[INFO] 2026-05-22 18:52:37,755 - 
========== Building A-P-C-P-A ==========
[INFO] 2026-05-22 18:52:39,599 - A-P-C-P-A matrix shape=(14475, 14475)
[INFO] 2026-05-22 18:54:50,938 - A-P-C-P-A nodes=14475 edges=19445349 total_weight=45443186.0105
[INFO] 2026-05-22 18:54:52,732 - Running community detection on A-P-A
[INFO] 2026-05-22 18:54:54,342 - A-P-A communities=609
[INFO] 2026-05-22 18:54:54,395 - Running community detection on A-P-T-P-A
[INFO] 2026-05-22 19:39:01,678 - A-P-T-P-A communities=5
[INFO] 2026-05-22 19:39:01,723 - Running community detection on A-P-C-P-A
[INFO] 2026-05-22 19:46:20,537 - A-P-C-P-A communities=4
[INFO] 2026-05-22 19:47:59,017 - Candidate edges=68066212
[INFO] 2026-05-22 19:47:59,784 - Processed 100000/68066212 candidate edges
[INFO] 2026-05-22 19:48:00,467 - Processed 200000/68066212 candidate edges
[INFO] 2026-05-22 19:48:01,116 - Processed 300000/68066212 candidate edges
[INFO] 2026-05-22 19:48:01,809 - Processed 400000/68066212 candidate edges
[INFO] 2026-05-22 19:48:02,495 - Processed 500000/68066212 candidate edges
[INFO] 2026-05-22 19:48:03,145 - Processed 600000/68066212 candidate edges
[INFO] 2026-05-22 19:48:03,798 - Processed 700000/68066212 candidate edges
[INFO] 2026-05-22 19:48:04,445 - Processed 800000/68066212 candidate edges
[INFO] 2026-05-22 19:48:05,064 - Processed 900000/68066212 candidate edges
[INFO] 2026-05-22 19:48:05,671 - Processed 1000000/68066212 candidate edges
[INFO] 2026-05-22 19:48:06,279 - Processed 1100000/68066212 candidate edges
[INFO] 2026-05-22 19:48:06,909 - Processed 1200000/68066212 candidate edges
[INFO] 2026-05-22 19:48:07,505 - Processed 1300000/68066212 candidate edges
[INFO] 2026-05-22 19:48:08,110 - Processed 1400000/68066212 candidate edges
[INFO] 2026-05-22 19:48:08,711 - Processed 1500000/68066212 candidate edges
[INFO] 2026-05-22 19:48:09,318 - Processed 1600000/68066212 candidate edges
[INFO] 2026-05-22 19:48:09,927 - Processed 1700000/68066212 candidate edges
[INFO] 2026-05-22 19:48:10,568 - Processed 1800000/68066212 candidate edges
[INFO] 2026-05-22 19:48:11,167 - Processed 1900000/68066212 candidate edges
[INFO] 2026-05-22 19:48:11,734 - Processed 2000000/68066212 candidate edges
[INFO] 2026-05-22 19:48:12,279 - Processed 2100000/68066212 candidate edges
[INFO] 2026-05-22 19:48:12,837 - Processed 2200000/68066212 candidate edges
[INFO] 2026-05-22 19:48:13,378 - Processed 2300000/68066212 candidate edges
[INFO] 2026-05-22 19:48:13,926 - Processed 2400000/68066212 candidate edges
[INFO] 2026-05-22 19:48:14,469 - Processed 2500000/68066212 candidate edges
[INFO] 2026-05-22 19:48:15,031 - Processed 2600000/68066212 candidate edges
[INFO] 2026-05-22 19:48:15,579 - Processed 2700000/68066212 candidate edges
[INFO] 2026-05-22 19:48:16,130 - Processed 2800000/68066212 candidate edges
[INFO] 2026-05-22 19:48:16,680 - Processed 2900000/68066212 candidate edges
[INFO] 2026-05-22 19:48:17,229 - Processed 3000000/68066212 candidate edges
[INFO] 2026-05-22 19:48:17,770 - Processed 3100000/68066212 candidate edges
[INFO] 2026-05-22 19:48:18,313 - Processed 3200000/68066212 candidate edges
[INFO] 2026-05-22 19:48:18,869 - Processed 3300000/68066212 candidate edges
[INFO] 2026-05-22 19:48:19,426 - Processed 3400000/68066212 candidate edges
[INFO] 2026-05-22 19:48:19,975 - Processed 3500000/68066212 candidate edges
[INFO] 2026-05-22 19:48:20,520 - Processed 3600000/68066212 candidate edges
[INFO] 2026-05-22 19:48:21,085 - Processed 3700000/68066212 candidate edges
[INFO] 2026-05-22 19:48:21,632 - Processed 3800000/68066212 candidate edges
[INFO] 2026-05-22 19:48:22,178 - Processed 3900000/68066212 candidate edges
[INFO] 2026-05-22 19:48:22,724 - Processed 4000000/68066212 candidate edges
[INFO] 2026-05-22 19:48:23,280 - Processed 4100000/68066212 candidate edges
[INFO] 2026-05-22 19:48:23,896 - Processed 4200000/68066212 candidate edges
[INFO] 2026-05-22 19:48:24,489 - Processed 4300000/68066212 candidate edges
[INFO] 2026-05-22 19:48:25,094 - Processed 4400000/68066212 candidate edges
[INFO] 2026-05-22 19:48:25,746 - Processed 4500000/68066212 candidate edges
[INFO] 2026-05-22 19:48:26,405 - Processed 4600000/68066212 candidate edges
[INFO] 2026-05-22 19:48:27,056 - Processed 4700000/68066212 candidate edges
[INFO] 2026-05-22 19:48:27,697 - Processed 4800000/68066212 candidate edges
[INFO] 2026-05-22 19:48:28,329 - Processed 4900000/68066212 candidate edges
[INFO] 2026-05-22 19:48:28,936 - Processed 5000000/68066212 candidate edges
[INFO] 2026-05-22 19:48:29,558 - Processed 5100000/68066212 candidate edges
[INFO] 2026-05-22 19:48:30,168 - Processed 5200000/68066212 candidate edges
[INFO] 2026-05-22 19:48:30,780 - Processed 5300000/68066212 candidate edges
[INFO] 2026-05-22 19:48:31,387 - Processed 5400000/68066212 candidate edges
[INFO] 2026-05-22 19:48:32,009 - Processed 5500000/68066212 candidate edges
[INFO] 2026-05-22 19:48:32,625 - Processed 5600000/68066212 candidate edges
[INFO] 2026-05-22 19:48:33,251 - Processed 5700000/68066212 candidate edges
[INFO] 2026-05-22 19:48:33,891 - Processed 5800000/68066212 candidate edges
[INFO] 2026-05-22 19:48:34,500 - Processed 5900000/68066212 candidate edges
[INFO] 2026-05-22 19:48:35,102 - Processed 6000000/68066212 candidate edges
[INFO] 2026-05-22 19:48:35,675 - Processed 6100000/68066212 candidate edges
[INFO] 2026-05-22 19:48:36,262 - Processed 6200000/68066212 candidate edges
[INFO] 2026-05-22 19:48:36,854 - Processed 6300000/68066212 candidate edges
[INFO] 2026-05-22 19:48:37,424 - Processed 6400000/68066212 candidate edges
[INFO] 2026-05-22 19:48:38,020 - Processed 6500000/68066212 candidate edges
[INFO] 2026-05-22 19:48:38,582 - Processed 6600000/68066212 candidate edges
[INFO] 2026-05-22 19:48:39,151 - Processed 6700000/68066212 candidate edges
[INFO] 2026-05-22 19:48:39,719 - Processed 6800000/68066212 candidate edges
[INFO] 2026-05-22 19:48:40,322 - Processed 6900000/68066212 candidate edges
[INFO] 2026-05-22 19:48:40,908 - Processed 7000000/68066212 candidate edges
[INFO] 2026-05-22 19:48:41,510 - Processed 7100000/68066212 candidate edges
[INFO] 2026-05-22 19:48:42,112 - Processed 7200000/68066212 candidate edges
[INFO] 2026-05-22 19:48:42,721 - Processed 7300000/68066212 candidate edges
[INFO] 2026-05-22 19:48:43,326 - Processed 7400000/68066212 candidate edges
[INFO] 2026-05-22 19:48:43,948 - Processed 7500000/68066212 candidate edges
[INFO] 2026-05-22 19:48:44,591 - Processed 7600000/68066212 candidate edges
[INFO] 2026-05-22 19:48:45,229 - Processed 7700000/68066212 candidate edges
[INFO] 2026-05-22 19:48:45,841 - Processed 7800000/68066212 candidate edges
[INFO] 2026-05-22 19:48:46,476 - Processed 7900000/68066212 candidate edges
[INFO] 2026-05-22 19:48:47,072 - Processed 8000000/68066212 candidate edges
[INFO] 2026-05-22 19:48:47,676 - Processed 8100000/68066212 candidate edges
[INFO] 2026-05-22 19:48:48,255 - Processed 8200000/68066212 candidate edges
[INFO] 2026-05-22 19:48:48,858 - Processed 8300000/68066212 candidate edges
[INFO] 2026-05-22 19:48:49,441 - Processed 8400000/68066212 candidate edges
[INFO] 2026-05-22 19:48:50,063 - Processed 8500000/68066212 candidate edges
[INFO] 2026-05-22 19:48:50,670 - Processed 8600000/68066212 candidate edges
[INFO] 2026-05-22 19:48:51,284 - Processed 8700000/68066212 candidate edges
[INFO] 2026-05-22 19:48:51,870 - Processed 8800000/68066212 candidate edges
[INFO] 2026-05-22 19:48:52,466 - Processed 8900000/68066212 candidate edges
[INFO] 2026-05-22 19:48:53,042 - Processed 9000000/68066212 candidate edges
[INFO] 2026-05-22 19:48:53,624 - Processed 9100000/68066212 candidate edges
[INFO] 2026-05-22 19:48:54,220 - Processed 9200000/68066212 candidate edges
[INFO] 2026-05-22 19:48:54,834 - Processed 9300000/68066212 candidate edges
[INFO] 2026-05-22 19:48:55,428 - Processed 9400000/68066212 candidate edges
[INFO] 2026-05-22 19:48:56,003 - Processed 9500000/68066212 candidate edges
[INFO] 2026-05-22 19:48:56,592 - Processed 9600000/68066212 candidate edges
[INFO] 2026-05-22 19:48:57,193 - Processed 9700000/68066212 candidate edges
[INFO] 2026-05-22 19:48:57,772 - Processed 9800000/68066212 candidate edges
[INFO] 2026-05-22 19:48:58,299 - Processed 9900000/68066212 candidate edges
[INFO] 2026-05-22 19:48:58,824 - Processed 10000000/68066212 candidate edges
[INFO] 2026-05-22 19:48:59,365 - Processed 10100000/68066212 candidate edges
[INFO] 2026-05-22 19:48:59,887 - Processed 10200000/68066212 candidate edges
[INFO] 2026-05-22 19:49:00,409 - Processed 10300000/68066212 candidate edges
[INFO] 2026-05-22 19:49:00,931 - Processed 10400000/68066212 candidate edges
[INFO] 2026-05-22 19:49:01,472 - Processed 10500000/68066212 candidate edges
[INFO] 2026-05-22 19:49:01,992 - Processed 10600000/68066212 candidate edges
[INFO] 2026-05-22 19:49:02,509 - Processed 10700000/68066212 candidate edges
[INFO] 2026-05-22 19:49:03,028 - Processed 10800000/68066212 candidate edges
[INFO] 2026-05-22 19:49:03,550 - Processed 10900000/68066212 candidate edges
[INFO] 2026-05-22 19:49:04,071 - Processed 11000000/68066212 candidate edges
[INFO] 2026-05-22 19:49:04,586 - Processed 11100000/68066212 candidate edges
[INFO] 2026-05-22 19:49:05,111 - Processed 11200000/68066212 candidate edges
[INFO] 2026-05-22 19:49:05,646 - Processed 11300000/68066212 candidate edges
[INFO] 2026-05-22 19:49:06,179 - Processed 11400000/68066212 candidate edges
[INFO] 2026-05-22 19:49:06,701 - Processed 11500000/68066212 candidate edges
[INFO] 2026-05-22 19:49:07,220 - Processed 11600000/68066212 candidate edges
[INFO] 2026-05-22 19:49:07,749 - Processed 11700000/68066212 candidate edges
[INFO] 2026-05-22 19:49:08,271 - Processed 11800000/68066212 candidate edges
[INFO] 2026-05-22 19:49:08,804 - Processed 11900000/68066212 candidate edges
[INFO] 2026-05-22 19:49:09,349 - Processed 12000000/68066212 candidate edges
[INFO] 2026-05-22 19:49:09,922 - Processed 12100000/68066212 candidate edges
[INFO] 2026-05-22 19:49:10,496 - Processed 12200000/68066212 candidate edges
[INFO] 2026-05-22 19:49:11,083 - Processed 12300000/68066212 candidate edges
[INFO] 2026-05-22 19:49:11,680 - Processed 12400000/68066212 candidate edges
[INFO] 2026-05-22 19:49:12,260 - Processed 12500000/68066212 candidate edges
[INFO] 2026-05-22 19:49:12,827 - Processed 12600000/68066212 candidate edges
[INFO] 2026-05-22 19:49:13,426 - Processed 12700000/68066212 candidate edges
[INFO] 2026-05-22 19:49:14,027 - Processed 12800000/68066212 candidate edges
[INFO] 2026-05-22 19:49:14,608 - Processed 12900000/68066212 candidate edges
[INFO] 2026-05-22 19:49:15,188 - Processed 13000000/68066212 candidate edges
[INFO] 2026-05-22 19:49:15,791 - Processed 13100000/68066212 candidate edges
[INFO] 2026-05-22 19:49:16,387 - Processed 13200000/68066212 candidate edges
[INFO] 2026-05-22 19:49:16,970 - Processed 13300000/68066212 candidate edges
[INFO] 2026-05-22 19:49:17,544 - Processed 13400000/68066212 candidate edges
[INFO] 2026-05-22 19:49:18,141 - Processed 13500000/68066212 candidate edges
[INFO] 2026-05-22 19:49:18,723 - Processed 13600000/68066212 candidate edges
[INFO] 2026-05-22 19:49:19,310 - Processed 13700000/68066212 candidate edges
[INFO] 2026-05-22 19:49:19,907 - Processed 13800000/68066212 candidate edges
[INFO] 2026-05-22 19:49:20,471 - Processed 13900000/68066212 candidate edges
[INFO] 2026-05-22 19:49:21,045 - Processed 14000000/68066212 candidate edges
[INFO] 2026-05-22 19:49:21,611 - Processed 14100000/68066212 candidate edges
[INFO] 2026-05-22 19:49:22,197 - Processed 14200000/68066212 candidate edges
[INFO] 2026-05-22 19:49:22,760 - Processed 14300000/68066212 candidate edges
[INFO] 2026-05-22 19:49:23,316 - Processed 14400000/68066212 candidate edges
[INFO] 2026-05-22 19:49:23,877 - Processed 14500000/68066212 candidate edges
[INFO] 2026-05-22 19:49:24,440 - Processed 14600000/68066212 candidate edges
[INFO] 2026-05-22 19:49:24,995 - Processed 14700000/68066212 candidate edges
[INFO] 2026-05-22 19:49:25,551 - Processed 14800000/68066212 candidate edges
[INFO] 2026-05-22 19:49:26,120 - Processed 14900000/68066212 candidate edges
[INFO] 2026-05-22 19:49:26,689 - Processed 15000000/68066212 candidate edges
[INFO] 2026-05-22 19:49:27,258 - Processed 15100000/68066212 candidate edges
[INFO] 2026-05-22 19:49:27,835 - Processed 15200000/68066212 candidate edges
[INFO] 2026-05-22 19:49:28,422 - Processed 15300000/68066212 candidate edges
[INFO] 2026-05-22 19:49:28,975 - Processed 15400000/68066212 candidate edges
[INFO] 2026-05-22 19:49:29,505 - Processed 15500000/68066212 candidate edges
[INFO] 2026-05-22 19:49:30,033 - Processed 15600000/68066212 candidate edges
[INFO] 2026-05-22 19:49:30,562 - Processed 15700000/68066212 candidate edges
[INFO] 2026-05-22 19:49:31,103 - Processed 15800000/68066212 candidate edges
[INFO] 2026-05-22 19:49:31,633 - Processed 15900000/68066212 candidate edges
[INFO] 2026-05-22 19:49:32,218 - Processed 16000000/68066212 candidate edges
[INFO] 2026-05-22 19:49:32,831 - Processed 16100000/68066212 candidate edges
[INFO] 2026-05-22 19:49:33,440 - Processed 16200000/68066212 candidate edges
[INFO] 2026-05-22 19:49:34,044 - Processed 16300000/68066212 candidate edges
[INFO] 2026-05-22 19:49:34,666 - Processed 16400000/68066212 candidate edges
[INFO] 2026-05-22 19:49:35,258 - Processed 16500000/68066212 candidate edges
[INFO] 2026-05-22 19:49:35,863 - Processed 16600000/68066212 candidate edges
[INFO] 2026-05-22 19:49:36,475 - Processed 16700000/68066212 candidate edges
[INFO] 2026-05-22 19:49:37,102 - Processed 16800000/68066212 candidate edges
[INFO] 2026-05-22 19:49:37,717 - Processed 16900000/68066212 candidate edges
[INFO] 2026-05-22 19:49:38,329 - Processed 17000000/68066212 candidate edges
[INFO] 2026-05-22 19:49:38,938 - Processed 17100000/68066212 candidate edges
[INFO] 2026-05-22 19:49:39,528 - Processed 17200000/68066212 candidate edges
[INFO] 2026-05-22 19:49:40,123 - Processed 17300000/68066212 candidate edges
[INFO] 2026-05-22 19:49:40,711 - Processed 17400000/68066212 candidate edges
[INFO] 2026-05-22 19:49:41,314 - Processed 17500000/68066212 candidate edges
[INFO] 2026-05-22 19:49:41,892 - Processed 17600000/68066212 candidate edges
[INFO] 2026-05-22 19:49:42,429 - Processed 17700000/68066212 candidate edges
[INFO] 2026-05-22 19:49:42,964 - Processed 17800000/68066212 candidate edges
[INFO] 2026-05-22 19:49:43,496 - Processed 17900000/68066212 candidate edges
[INFO] 2026-05-22 19:49:44,032 - Processed 18000000/68066212 candidate edges
[INFO] 2026-05-22 19:49:44,564 - Processed 18100000/68066212 candidate edges
[INFO] 2026-05-22 19:49:45,107 - Processed 18200000/68066212 candidate edges
[INFO] 2026-05-22 19:49:45,642 - Processed 18300000/68066212 candidate edges
[INFO] 2026-05-22 19:49:46,176 - Processed 18400000/68066212 candidate edges
[INFO] 2026-05-22 19:49:46,705 - Processed 18500000/68066212 candidate edges
[INFO] 2026-05-22 19:49:47,244 - Processed 18600000/68066212 candidate edges
[INFO] 2026-05-22 19:49:47,771 - Processed 18700000/68066212 candidate edges
[INFO] 2026-05-22 19:49:48,299 - Processed 18800000/68066212 candidate edges
[INFO] 2026-05-22 19:49:48,825 - Processed 18900000/68066212 candidate edges
[INFO] 2026-05-22 19:49:49,354 - Processed 19000000/68066212 candidate edges
[INFO] 2026-05-22 19:49:49,882 - Processed 19100000/68066212 candidate edges
[INFO] 2026-05-22 19:49:50,411 - Processed 19200000/68066212 candidate edges
[INFO] 2026-05-22 19:49:50,940 - Processed 19300000/68066212 candidate edges
[INFO] 2026-05-22 19:49:51,484 - Processed 19400000/68066212 candidate edges
[INFO] 2026-05-22 19:49:52,015 - Processed 19500000/68066212 candidate edges
[INFO] 2026-05-22 19:49:52,541 - Processed 19600000/68066212 candidate edges
[INFO] 2026-05-22 19:49:53,072 - Processed 19700000/68066212 candidate edges
[INFO] 2026-05-22 19:49:53,604 - Processed 19800000/68066212 candidate edges
[INFO] 2026-05-22 19:49:54,169 - Processed 19900000/68066212 candidate edges
[INFO] 2026-05-22 19:49:54,740 - Processed 20000000/68066212 candidate edges
[INFO] 2026-05-22 19:49:55,315 - Processed 20100000/68066212 candidate edges
[INFO] 2026-05-22 19:49:55,897 - Processed 20200000/68066212 candidate edges
[INFO] 2026-05-22 19:49:56,479 - Processed 20300000/68066212 candidate edges
[INFO] 2026-05-22 19:49:57,045 - Processed 20400000/68066212 candidate edges
[INFO] 2026-05-22 19:49:57,611 - Processed 20500000/68066212 candidate edges
[INFO] 2026-05-22 19:49:58,173 - Processed 20600000/68066212 candidate edges
[INFO] 2026-05-22 19:49:58,727 - Processed 20700000/68066212 candidate edges
[INFO] 2026-05-22 19:49:59,291 - Processed 20800000/68066212 candidate edges
[INFO] 2026-05-22 19:49:59,890 - Processed 20900000/68066212 candidate edges
[INFO] 2026-05-22 19:50:00,461 - Processed 21000000/68066212 candidate edges
[INFO] 2026-05-22 19:50:01,055 - Processed 21100000/68066212 candidate edges
[INFO] 2026-05-22 19:50:01,646 - Processed 21200000/68066212 candidate edges
[INFO] 2026-05-22 19:50:02,267 - Processed 21300000/68066212 candidate edges
[INFO] 2026-05-22 19:50:02,842 - Processed 21400000/68066212 candidate edges
[INFO] 2026-05-22 19:50:03,421 - Processed 21500000/68066212 candidate edges
[INFO] 2026-05-22 19:50:04,007 - Processed 21600000/68066212 candidate edges
[INFO] 2026-05-22 19:50:04,555 - Processed 21700000/68066212 candidate edges
[INFO] 2026-05-22 19:50:05,145 - Processed 21800000/68066212 candidate edges
[INFO] 2026-05-22 19:50:05,712 - Processed 21900000/68066212 candidate edges
[INFO] 2026-05-22 19:50:06,250 - Processed 22000000/68066212 candidate edges
[INFO] 2026-05-22 19:50:06,784 - Processed 22100000/68066212 candidate edges
[INFO] 2026-05-22 19:50:07,313 - Processed 22200000/68066212 candidate edges
[INFO] 2026-05-22 19:50:07,851 - Processed 22300000/68066212 candidate edges
[INFO] 2026-05-22 19:50:08,398 - Processed 22400000/68066212 candidate edges
[INFO] 2026-05-22 19:50:08,942 - Processed 22500000/68066212 candidate edges
[INFO] 2026-05-22 19:50:09,478 - Processed 22600000/68066212 candidate edges
[INFO] 2026-05-22 19:50:10,015 - Processed 22700000/68066212 candidate edges
[INFO] 2026-05-22 19:50:10,568 - Processed 22800000/68066212 candidate edges
[INFO] 2026-05-22 19:50:11,108 - Processed 22900000/68066212 candidate edges
[INFO] 2026-05-22 19:50:11,640 - Processed 23000000/68066212 candidate edges
[INFO] 2026-05-22 19:50:12,179 - Processed 23100000/68066212 candidate edges
[INFO] 2026-05-22 19:50:12,734 - Processed 23200000/68066212 candidate edges
[INFO] 2026-05-22 19:50:13,286 - Processed 23300000/68066212 candidate edges
[INFO] 2026-05-22 19:50:13,847 - Processed 23400000/68066212 candidate edges
[INFO] 2026-05-22 19:50:14,421 - Processed 23500000/68066212 candidate edges
[INFO] 2026-05-22 19:50:14,984 - Processed 23600000/68066212 candidate edges
[INFO] 2026-05-22 19:50:15,551 - Processed 23700000/68066212 candidate edges
[INFO] 2026-05-22 19:50:16,112 - Processed 23800000/68066212 candidate edges
[INFO] 2026-05-22 19:50:16,738 - Processed 23900000/68066212 candidate edges
[INFO] 2026-05-22 19:50:17,343 - Processed 24000000/68066212 candidate edges
[INFO] 2026-05-22 19:50:17,946 - Processed 24100000/68066212 candidate edges
[INFO] 2026-05-22 19:50:18,558 - Processed 24200000/68066212 candidate edges
[INFO] 2026-05-22 19:50:19,196 - Processed 24300000/68066212 candidate edges
[INFO] 2026-05-22 19:50:19,805 - Processed 24400000/68066212 candidate edges
[INFO] 2026-05-22 19:50:20,414 - Processed 24500000/68066212 candidate edges
[INFO] 2026-05-22 19:50:21,039 - Processed 24600000/68066212 candidate edges
[INFO] 2026-05-22 19:50:21,671 - Processed 24700000/68066212 candidate edges
[INFO] 2026-05-22 19:50:22,291 - Processed 24800000/68066212 candidate edges
[INFO] 2026-05-22 19:50:22,901 - Processed 24900000/68066212 candidate edges
[INFO] 2026-05-22 19:50:23,488 - Processed 25000000/68066212 candidate edges
[INFO] 2026-05-22 19:50:24,073 - Processed 25100000/68066212 candidate edges
[INFO] 2026-05-22 19:50:24,641 - Processed 25200000/68066212 candidate edges
[INFO] 2026-05-22 19:50:25,234 - Processed 25300000/68066212 candidate edges
[INFO] 2026-05-22 19:50:25,811 - Processed 25400000/68066212 candidate edges
[INFO] 2026-05-22 19:50:26,401 - Processed 25500000/68066212 candidate edges
[INFO] 2026-05-22 19:50:26,949 - Processed 25600000/68066212 candidate edges
[INFO] 2026-05-22 19:50:27,497 - Processed 25700000/68066212 candidate edges
[INFO] 2026-05-22 19:50:28,046 - Processed 25800000/68066212 candidate edges
[INFO] 2026-05-22 19:50:28,596 - Processed 25900000/68066212 candidate edges
[INFO] 2026-05-22 19:50:29,156 - Processed 26000000/68066212 candidate edges
[INFO] 2026-05-22 19:50:29,717 - Processed 26100000/68066212 candidate edges
[INFO] 2026-05-22 19:50:30,274 - Processed 26200000/68066212 candidate edges
[INFO] 2026-05-22 19:50:30,844 - Processed 26300000/68066212 candidate edges
[INFO] 2026-05-22 19:50:31,430 - Processed 26400000/68066212 candidate edges
[INFO] 2026-05-22 19:50:31,979 - Processed 26500000/68066212 candidate edges
[INFO] 2026-05-22 19:50:32,522 - Processed 26600000/68066212 candidate edges
[INFO] 2026-05-22 19:50:33,070 - Processed 26700000/68066212 candidate edges
[INFO] 2026-05-22 19:50:33,621 - Processed 26800000/68066212 candidate edges
[INFO] 2026-05-22 19:50:34,172 - Processed 26900000/68066212 candidate edges
[INFO] 2026-05-22 19:50:34,706 - Processed 27000000/68066212 candidate edges
[INFO] 2026-05-22 19:50:35,242 - Processed 27100000/68066212 candidate edges
[INFO] 2026-05-22 19:50:35,802 - Processed 27200000/68066212 candidate edges
[INFO] 2026-05-22 19:50:36,340 - Processed 27300000/68066212 candidate edges
[INFO] 2026-05-22 19:50:36,875 - Processed 27400000/68066212 candidate edges
[INFO] 2026-05-22 19:50:37,407 - Processed 27500000/68066212 candidate edges
[INFO] 2026-05-22 19:50:37,942 - Processed 27600000/68066212 candidate edges
[INFO] 2026-05-22 19:50:38,487 - Processed 27700000/68066212 candidate edges
[INFO] 2026-05-22 19:50:39,062 - Processed 27800000/68066212 candidate edges
[INFO] 2026-05-22 19:50:39,659 - Processed 27900000/68066212 candidate edges
[INFO] 2026-05-22 19:50:40,245 - Processed 28000000/68066212 candidate edges
[INFO] 2026-05-22 19:50:40,823 - Processed 28100000/68066212 candidate edges
[INFO] 2026-05-22 19:50:41,412 - Processed 28200000/68066212 candidate edges
[INFO] 2026-05-22 19:50:42,005 - Processed 28300000/68066212 candidate edges
[INFO] 2026-05-22 19:50:42,581 - Processed 28400000/68066212 candidate edges
[INFO] 2026-05-22 19:50:43,176 - Processed 28500000/68066212 candidate edges
[INFO] 2026-05-22 19:50:43,773 - Processed 28600000/68066212 candidate edges
[INFO] 2026-05-22 19:50:44,373 - Processed 28700000/68066212 candidate edges
[INFO] 2026-05-22 19:50:44,955 - Processed 28800000/68066212 candidate edges
[INFO] 2026-05-22 19:50:45,518 - Processed 28900000/68066212 candidate edges
[INFO] 2026-05-22 19:50:46,095 - Processed 29000000/68066212 candidate edges
[INFO] 2026-05-22 19:50:46,662 - Processed 29100000/68066212 candidate edges
[INFO] 2026-05-22 19:50:47,218 - Processed 29200000/68066212 candidate edges
[INFO] 2026-05-22 19:50:47,773 - Processed 29300000/68066212 candidate edges
[INFO] 2026-05-22 19:50:48,352 - Processed 29400000/68066212 candidate edges
[INFO] 2026-05-22 19:50:48,904 - Processed 29500000/68066212 candidate edges
[INFO] 2026-05-22 19:50:49,468 - Processed 29600000/68066212 candidate edges
[INFO] 2026-05-22 19:50:50,029 - Processed 29700000/68066212 candidate edges
[INFO] 2026-05-22 19:50:50,607 - Processed 29800000/68066212 candidate edges
[INFO] 2026-05-22 19:50:51,183 - Processed 29900000/68066212 candidate edges
[INFO] 2026-05-22 19:50:51,760 - Processed 30000000/68066212 candidate edges
[INFO] 2026-05-22 19:50:52,337 - Processed 30100000/68066212 candidate edges
[INFO] 2026-05-22 19:50:52,909 - Processed 30200000/68066212 candidate edges
[INFO] 2026-05-22 19:50:53,487 - Processed 30300000/68066212 candidate edges
[INFO] 2026-05-22 19:50:54,068 - Processed 30400000/68066212 candidate edges
[INFO] 2026-05-22 19:50:54,659 - Processed 30500000/68066212 candidate edges
[INFO] 2026-05-22 19:50:55,235 - Processed 30600000/68066212 candidate edges
[INFO] 2026-05-22 19:50:55,826 - Processed 30700000/68066212 candidate edges
[INFO] 2026-05-22 19:50:56,419 - Processed 30800000/68066212 candidate edges
[INFO] 2026-05-22 19:50:57,029 - Processed 30900000/68066212 candidate edges
[INFO] 2026-05-22 19:50:57,643 - Processed 31000000/68066212 candidate edges
[INFO] 2026-05-22 19:50:58,235 - Processed 31100000/68066212 candidate edges
[INFO] 2026-05-22 19:50:58,849 - Processed 31200000/68066212 candidate edges
[INFO] 2026-05-22 19:50:59,429 - Processed 31300000/68066212 candidate edges
[INFO] 2026-05-22 19:51:00,019 - Processed 31400000/68066212 candidate edges
[INFO] 2026-05-22 19:51:00,607 - Processed 31500000/68066212 candidate edges
[INFO] 2026-05-22 19:51:01,203 - Processed 31600000/68066212 candidate edges
[INFO] 2026-05-22 19:51:01,786 - Processed 31700000/68066212 candidate edges
[INFO] 2026-05-22 19:51:02,363 - Processed 31800000/68066212 candidate edges
[INFO] 2026-05-22 19:51:02,953 - Processed 31900000/68066212 candidate edges
[INFO] 2026-05-22 19:51:03,528 - Processed 32000000/68066212 candidate edges
[INFO] 2026-05-22 19:51:04,125 - Processed 32100000/68066212 candidate edges
[INFO] 2026-05-22 19:51:04,753 - Processed 32200000/68066212 candidate edges
[INFO] 2026-05-22 19:51:05,391 - Processed 32300000/68066212 candidate edges
[INFO] 2026-05-22 19:51:06,000 - Processed 32400000/68066212 candidate edges
[INFO] 2026-05-22 19:51:06,633 - Processed 32500000/68066212 candidate edges
[INFO] 2026-05-22 19:51:07,289 - Processed 32600000/68066212 candidate edges
[INFO] 2026-05-22 19:51:07,925 - Processed 32700000/68066212 candidate edges
[INFO] 2026-05-22 19:51:08,534 - Processed 32800000/68066212 candidate edges
[INFO] 2026-05-22 19:51:09,169 - Processed 32900000/68066212 candidate edges
[INFO] 2026-05-22 19:51:09,796 - Processed 33000000/68066212 candidate edges
[INFO] 2026-05-22 19:51:10,419 - Processed 33100000/68066212 candidate edges
[INFO] 2026-05-22 19:51:11,058 - Processed 33200000/68066212 candidate edges
[INFO] 2026-05-22 19:51:11,704 - Processed 33300000/68066212 candidate edges
[INFO] 2026-05-22 19:51:12,340 - Processed 33400000/68066212 candidate edges
[INFO] 2026-05-22 19:51:12,991 - Processed 33500000/68066212 candidate edges
[INFO] 2026-05-22 19:51:13,581 - Processed 33600000/68066212 candidate edges
[INFO] 2026-05-22 19:51:14,157 - Processed 33700000/68066212 candidate edges
[INFO] 2026-05-22 19:51:14,737 - Processed 33800000/68066212 candidate edges
[INFO] 2026-05-22 19:51:15,302 - Processed 33900000/68066212 candidate edges
[INFO] 2026-05-22 19:51:15,861 - Processed 34000000/68066212 candidate edges
[INFO] 2026-05-22 19:51:16,400 - Processed 34100000/68066212 candidate edges
[INFO] 2026-05-22 19:51:16,932 - Processed 34200000/68066212 candidate edges
[INFO] 2026-05-22 19:51:17,468 - Processed 34300000/68066212 candidate edges
[INFO] 2026-05-22 19:51:18,004 - Processed 34400000/68066212 candidate edges
[INFO] 2026-05-22 19:51:18,543 - Processed 34500000/68066212 candidate edges
[INFO] 2026-05-22 19:51:19,086 - Processed 34600000/68066212 candidate edges
[INFO] 2026-05-22 19:51:19,641 - Processed 34700000/68066212 candidate edges
[INFO] 2026-05-22 19:51:20,197 - Processed 34800000/68066212 candidate edges
[INFO] 2026-05-22 19:51:20,759 - Processed 34900000/68066212 candidate edges
[INFO] 2026-05-22 19:51:21,326 - Processed 35000000/68066212 candidate edges
[INFO] 2026-05-22 19:51:21,895 - Processed 35100000/68066212 candidate edges
[INFO] 2026-05-22 19:51:22,458 - Processed 35200000/68066212 candidate edges
[INFO] 2026-05-22 19:51:23,016 - Processed 35300000/68066212 candidate edges
[INFO] 2026-05-22 19:51:23,571 - Processed 35400000/68066212 candidate edges
[INFO] 2026-05-22 19:51:24,147 - Processed 35500000/68066212 candidate edges
[INFO] 2026-05-22 19:51:24,703 - Processed 35600000/68066212 candidate edges
[INFO] 2026-05-22 19:51:25,272 - Processed 35700000/68066212 candidate edges
[INFO] 2026-05-22 19:51:25,867 - Processed 35800000/68066212 candidate edges
[INFO] 2026-05-22 19:51:26,460 - Processed 35900000/68066212 candidate edges
[INFO] 2026-05-22 19:51:27,035 - Processed 36000000/68066212 candidate edges
[INFO] 2026-05-22 19:51:27,609 - Processed 36100000/68066212 candidate edges
[INFO] 2026-05-22 19:51:28,190 - Processed 36200000/68066212 candidate edges
[INFO] 2026-05-22 19:51:28,759 - Processed 36300000/68066212 candidate edges
[INFO] 2026-05-22 19:51:29,318 - Processed 36400000/68066212 candidate edges
[INFO] 2026-05-22 19:51:29,873 - Processed 36500000/68066212 candidate edges
[INFO] 2026-05-22 19:51:30,451 - Processed 36600000/68066212 candidate edges
[INFO] 2026-05-22 19:51:31,028 - Processed 36700000/68066212 candidate edges
[INFO] 2026-05-22 19:51:31,594 - Processed 36800000/68066212 candidate edges
[INFO] 2026-05-22 19:51:32,172 - Processed 36900000/68066212 candidate edges
[INFO] 2026-05-22 19:51:32,747 - Processed 37000000/68066212 candidate edges
[INFO] 2026-05-22 19:51:33,308 - Processed 37100000/68066212 candidate edges
[INFO] 2026-05-22 19:51:33,870 - Processed 37200000/68066212 candidate edges
[INFO] 2026-05-22 19:51:34,451 - Processed 37300000/68066212 candidate edges
[INFO] 2026-05-22 19:51:35,014 - Processed 37400000/68066212 candidate edges
[INFO] 2026-05-22 19:51:35,551 - Processed 37500000/68066212 candidate edges
[INFO] 2026-05-22 19:51:36,084 - Processed 37600000/68066212 candidate edges
[INFO] 2026-05-22 19:51:36,623 - Processed 37700000/68066212 candidate edges
[INFO] 2026-05-22 19:51:37,151 - Processed 37800000/68066212 candidate edges
[INFO] 2026-05-22 19:51:37,679 - Processed 37900000/68066212 candidate edges
[INFO] 2026-05-22 19:51:38,210 - Processed 38000000/68066212 candidate edges
[INFO] 2026-05-22 19:51:38,744 - Processed 38100000/68066212 candidate edges
[INFO] 2026-05-22 19:51:39,274 - Processed 38200000/68066212 candidate edges
[INFO] 2026-05-22 19:51:39,806 - Processed 38300000/68066212 candidate edges
[INFO] 2026-05-22 19:51:40,340 - Processed 38400000/68066212 candidate edges
[INFO] 2026-05-22 19:51:40,877 - Processed 38500000/68066212 candidate edges
[INFO] 2026-05-22 19:51:41,412 - Processed 38600000/68066212 candidate edges
[INFO] 2026-05-22 19:51:41,943 - Processed 38700000/68066212 candidate edges
[INFO] 2026-05-22 19:51:42,474 - Processed 38800000/68066212 candidate edges
[INFO] 2026-05-22 19:51:43,015 - Processed 38900000/68066212 candidate edges
[INFO] 2026-05-22 19:51:43,548 - Processed 39000000/68066212 candidate edges
[INFO] 2026-05-22 19:51:44,078 - Processed 39100000/68066212 candidate edges
[INFO] 2026-05-22 19:51:44,612 - Processed 39200000/68066212 candidate edges
[INFO] 2026-05-22 19:51:45,148 - Processed 39300000/68066212 candidate edges
[INFO] 2026-05-22 19:51:45,673 - Processed 39400000/68066212 candidate edges
[INFO] 2026-05-22 19:51:46,202 - Processed 39500000/68066212 candidate edges
[INFO] 2026-05-22 19:51:46,734 - Processed 39600000/68066212 candidate edges
[INFO] 2026-05-22 19:51:47,291 - Processed 39700000/68066212 candidate edges
[INFO] 2026-05-22 19:51:47,896 - Processed 39800000/68066212 candidate edges
[INFO] 2026-05-22 19:51:48,463 - Processed 39900000/68066212 candidate edges
[INFO] 2026-05-22 19:51:49,035 - Processed 40000000/68066212 candidate edges
[INFO] 2026-05-22 19:51:49,610 - Processed 40100000/68066212 candidate edges
[INFO] 2026-05-22 19:51:50,181 - Processed 40200000/68066212 candidate edges
[INFO] 2026-05-22 19:51:50,763 - Processed 40300000/68066212 candidate edges
[INFO] 2026-05-22 19:51:51,341 - Processed 40400000/68066212 candidate edges
[INFO] 2026-05-22 19:51:51,902 - Processed 40500000/68066212 candidate edges
[INFO] 2026-05-22 19:51:52,483 - Processed 40600000/68066212 candidate edges
[INFO] 2026-05-22 19:51:53,083 - Processed 40700000/68066212 candidate edges
[INFO] 2026-05-22 19:51:53,684 - Processed 40800000/68066212 candidate edges
[INFO] 2026-05-22 19:51:54,285 - Processed 40900000/68066212 candidate edges
[INFO] 2026-05-22 19:51:54,867 - Processed 41000000/68066212 candidate edges
[INFO] 2026-05-22 19:51:55,475 - Processed 41100000/68066212 candidate edges
[INFO] 2026-05-22 19:51:56,061 - Processed 41200000/68066212 candidate edges
[INFO] 2026-05-22 19:51:56,649 - Processed 41300000/68066212 candidate edges
[INFO] 2026-05-22 19:51:57,245 - Processed 41400000/68066212 candidate edges
[INFO] 2026-05-22 19:51:57,826 - Processed 41500000/68066212 candidate edges
[INFO] 2026-05-22 19:51:58,395 - Processed 41600000/68066212 candidate edges
[INFO] 2026-05-22 19:51:58,960 - Processed 41700000/68066212 candidate edges
[INFO] 2026-05-22 19:51:59,529 - Processed 41800000/68066212 candidate edges
[INFO] 2026-05-22 19:52:00,098 - Processed 41900000/68066212 candidate edges
[INFO] 2026-05-22 19:52:00,659 - Processed 42000000/68066212 candidate edges
[INFO] 2026-05-22 19:52:01,215 - Processed 42100000/68066212 candidate edges
[INFO] 2026-05-22 19:52:01,773 - Processed 42200000/68066212 candidate edges
[INFO] 2026-05-22 19:52:02,336 - Processed 42300000/68066212 candidate edges
[INFO] 2026-05-22 19:52:02,895 - Processed 42400000/68066212 candidate edges
[INFO] 2026-05-22 19:52:03,463 - Processed 42500000/68066212 candidate edges
[INFO] 2026-05-22 19:52:04,054 - Processed 42600000/68066212 candidate edges
[INFO] 2026-05-22 19:52:04,634 - Processed 42700000/68066212 candidate edges
[INFO] 2026-05-22 19:52:05,213 - Processed 42800000/68066212 candidate edges
[INFO] 2026-05-22 19:52:05,786 - Processed 42900000/68066212 candidate edges
[INFO] 2026-05-22 19:52:06,353 - Processed 43000000/68066212 candidate edges
[INFO] 2026-05-22 19:52:06,918 - Processed 43100000/68066212 candidate edges
[INFO] 2026-05-22 19:52:07,470 - Processed 43200000/68066212 candidate edges
[INFO] 2026-05-22 19:52:08,019 - Processed 43300000/68066212 candidate edges
[INFO] 2026-05-22 19:52:08,560 - Processed 43400000/68066212 candidate edges
[INFO] 2026-05-22 19:52:09,096 - Processed 43500000/68066212 candidate edges
[INFO] 2026-05-22 19:52:09,659 - Processed 43600000/68066212 candidate edges
[INFO] 2026-05-22 19:52:10,266 - Processed 43700000/68066212 candidate edges
[INFO] 2026-05-22 19:52:10,857 - Processed 43800000/68066212 candidate edges
[INFO] 2026-05-22 19:52:11,453 - Processed 43900000/68066212 candidate edges
[INFO] 2026-05-22 19:52:12,074 - Processed 44000000/68066212 candidate edges
[INFO] 2026-05-22 19:52:12,708 - Processed 44100000/68066212 candidate edges
[INFO] 2026-05-22 19:52:13,315 - Processed 44200000/68066212 candidate edges
[INFO] 2026-05-22 19:52:13,931 - Processed 44300000/68066212 candidate edges
[INFO] 2026-05-22 19:52:14,576 - Processed 44400000/68066212 candidate edges
[INFO] 2026-05-22 19:52:15,217 - Processed 44500000/68066212 candidate edges
[INFO] 2026-05-22 19:52:15,847 - Processed 44600000/68066212 candidate edges
[INFO] 2026-05-22 19:52:16,477 - Processed 44700000/68066212 candidate edges
[INFO] 2026-05-22 19:52:17,089 - Processed 44800000/68066212 candidate edges
[INFO] 2026-05-22 19:52:17,689 - Processed 44900000/68066212 candidate edges
[INFO] 2026-05-22 19:52:18,282 - Processed 45000000/68066212 candidate edges
[INFO] 2026-05-22 19:52:18,891 - Processed 45100000/68066212 candidate edges
[INFO] 2026-05-22 19:52:19,464 - Processed 45200000/68066212 candidate edges
[INFO] 2026-05-22 19:52:20,012 - Processed 45300000/68066212 candidate edges
[INFO] 2026-05-22 19:52:20,551 - Processed 45400000/68066212 candidate edges
[INFO] 2026-05-22 19:52:21,124 - Processed 45500000/68066212 candidate edges
[INFO] 2026-05-22 19:52:21,664 - Processed 45600000/68066212 candidate edges
[INFO] 2026-05-22 19:52:22,199 - Processed 45700000/68066212 candidate edges
[INFO] 2026-05-22 19:52:22,738 - Processed 45800000/68066212 candidate edges
[INFO] 2026-05-22 19:52:23,276 - Processed 45900000/68066212 candidate edges
[INFO] 2026-05-22 19:52:23,809 - Processed 46000000/68066212 candidate edges
[INFO] 2026-05-22 19:52:24,348 - Processed 46100000/68066212 candidate edges
[INFO] 2026-05-22 19:52:24,895 - Processed 46200000/68066212 candidate edges
[INFO] 2026-05-22 19:52:25,426 - Processed 46300000/68066212 candidate edges
[INFO] 2026-05-22 19:52:25,958 - Processed 46400000/68066212 candidate edges
[INFO] 2026-05-22 19:52:26,492 - Processed 46500000/68066212 candidate edges
[INFO] 2026-05-22 19:52:27,035 - Processed 46600000/68066212 candidate edges
[INFO] 2026-05-22 19:52:27,567 - Processed 46700000/68066212 candidate edges
[INFO] 2026-05-22 19:52:28,093 - Processed 46800000/68066212 candidate edges
[INFO] 2026-05-22 19:52:28,622 - Processed 46900000/68066212 candidate edges
[INFO] 2026-05-22 19:52:29,154 - Processed 47000000/68066212 candidate edges
[INFO] 2026-05-22 19:52:29,684 - Processed 47100000/68066212 candidate edges
[INFO] 2026-05-22 19:52:30,210 - Processed 47200000/68066212 candidate edges
[INFO] 2026-05-22 19:52:30,740 - Processed 47300000/68066212 candidate edges
[INFO] 2026-05-22 19:52:31,318 - Processed 47400000/68066212 candidate edges
[INFO] 2026-05-22 19:52:31,905 - Processed 47500000/68066212 candidate edges
[INFO] 2026-05-22 19:52:32,483 - Processed 47600000/68066212 candidate edges
[INFO] 2026-05-22 19:52:33,059 - Processed 47700000/68066212 candidate edges
[INFO] 2026-05-22 19:52:33,631 - Processed 47800000/68066212 candidate edges
[INFO] 2026-05-22 19:52:34,199 - Processed 47900000/68066212 candidate edges
[INFO] 2026-05-22 19:52:34,783 - Processed 48000000/68066212 candidate edges
[INFO] 2026-05-22 19:52:35,360 - Processed 48100000/68066212 candidate edges
[INFO] 2026-05-22 19:52:35,934 - Processed 48200000/68066212 candidate edges
[INFO] 2026-05-22 19:52:36,507 - Processed 48300000/68066212 candidate edges
[INFO] 2026-05-22 19:52:37,064 - Processed 48400000/68066212 candidate edges
[INFO] 2026-05-22 19:52:37,652 - Processed 48500000/68066212 candidate edges
[INFO] 2026-05-22 19:52:38,238 - Processed 48600000/68066212 candidate edges
[INFO] 2026-05-22 19:52:38,823 - Processed 48700000/68066212 candidate edges
[INFO] 2026-05-22 19:52:39,423 - Processed 48800000/68066212 candidate edges
[INFO] 2026-05-22 19:52:40,030 - Processed 48900000/68066212 candidate edges
[INFO] 2026-05-22 19:52:40,617 - Processed 49000000/68066212 candidate edges
[INFO] 2026-05-22 19:52:41,205 - Processed 49100000/68066212 candidate edges
[INFO] 2026-05-22 19:52:41,813 - Processed 49200000/68066212 candidate edges
[INFO] 2026-05-22 19:52:42,357 - Processed 49300000/68066212 candidate edges
[INFO] 2026-05-22 19:52:42,895 - Processed 49400000/68066212 candidate edges
[INFO] 2026-05-22 19:52:43,436 - Processed 49500000/68066212 candidate edges
[INFO] 2026-05-22 19:52:43,985 - Processed 49600000/68066212 candidate edges
[INFO] 2026-05-22 19:52:44,535 - Processed 49700000/68066212 candidate edges
[INFO] 2026-05-22 19:52:45,092 - Processed 49800000/68066212 candidate edges
[INFO] 2026-05-22 19:52:45,637 - Processed 49900000/68066212 candidate edges
[INFO] 2026-05-22 19:52:46,211 - Processed 50000000/68066212 candidate edges
[INFO] 2026-05-22 19:52:46,761 - Processed 50100000/68066212 candidate edges
[INFO] 2026-05-22 19:52:47,311 - Processed 50200000/68066212 candidate edges
[INFO] 2026-05-22 19:52:47,850 - Processed 50300000/68066212 candidate edges
[INFO] 2026-05-22 19:52:48,414 - Processed 50400000/68066212 candidate edges
[INFO] 2026-05-22 19:52:48,971 - Processed 50500000/68066212 candidate edges
[INFO] 2026-05-22 19:52:49,536 - Processed 50600000/68066212 candidate edges
[INFO] 2026-05-22 19:52:50,116 - Processed 50700000/68066212 candidate edges
[INFO] 2026-05-22 19:52:50,687 - Processed 50800000/68066212 candidate edges
[INFO] 2026-05-22 19:52:51,263 - Processed 50900000/68066212 candidate edges
[INFO] 2026-05-22 19:52:51,832 - Processed 51000000/68066212 candidate edges
[INFO] 2026-05-22 19:52:52,396 - Processed 51100000/68066212 candidate edges
[INFO] 2026-05-22 19:52:52,960 - Processed 51200000/68066212 candidate edges
[INFO] 2026-05-22 19:52:53,516 - Processed 51300000/68066212 candidate edges
[INFO] 2026-05-22 19:52:54,139 - Processed 51400000/68066212 candidate edges
[INFO] 2026-05-22 19:52:54,793 - Processed 51500000/68066212 candidate edges
[INFO] 2026-05-22 19:52:55,418 - Processed 51600000/68066212 candidate edges
[INFO] 2026-05-22 19:52:56,065 - Processed 51700000/68066212 candidate edges
[INFO] 2026-05-22 19:52:56,745 - Processed 51800000/68066212 candidate edges
[INFO] 2026-05-22 19:52:57,410 - Processed 51900000/68066212 candidate edges
[INFO] 2026-05-22 19:52:58,049 - Processed 52000000/68066212 candidate edges
[INFO] 2026-05-22 19:52:58,680 - Processed 52100000/68066212 candidate edges
[INFO] 2026-05-22 19:52:59,293 - Processed 52200000/68066212 candidate edges
[INFO] 2026-05-22 19:52:59,889 - Processed 52300000/68066212 candidate edges
[INFO] 2026-05-22 19:53:00,484 - Processed 52400000/68066212 candidate edges
[INFO] 2026-05-22 19:53:01,079 - Processed 52500000/68066212 candidate edges
[INFO] 2026-05-22 19:53:01,674 - Processed 52600000/68066212 candidate edges
[INFO] 2026-05-22 19:53:02,269 - Processed 52700000/68066212 candidate edges
[INFO] 2026-05-22 19:53:02,904 - Processed 52800000/68066212 candidate edges
[INFO] 2026-05-22 19:53:03,510 - Processed 52900000/68066212 candidate edges
[INFO] 2026-05-22 19:53:04,115 - Processed 53000000/68066212 candidate edges
[INFO] 2026-05-22 19:53:04,736 - Processed 53100000/68066212 candidate edges
[INFO] 2026-05-22 19:53:05,369 - Processed 53200000/68066212 candidate edges
[INFO] 2026-05-22 19:53:05,985 - Processed 53300000/68066212 candidate edges
[INFO] 2026-05-22 19:53:06,600 - Processed 53400000/68066212 candidate edges
[INFO] 2026-05-22 19:53:07,235 - Processed 53500000/68066212 candidate edges
[INFO] 2026-05-22 19:53:07,852 - Processed 53600000/68066212 candidate edges
[INFO] 2026-05-22 19:53:08,457 - Processed 53700000/68066212 candidate edges
[INFO] 2026-05-22 19:53:09,064 - Processed 53800000/68066212 candidate edges
[INFO] 2026-05-22 19:53:09,654 - Processed 53900000/68066212 candidate edges
[INFO] 2026-05-22 19:53:10,250 - Processed 54000000/68066212 candidate edges
[INFO] 2026-05-22 19:53:10,848 - Processed 54100000/68066212 candidate edges
[INFO] 2026-05-22 19:53:11,466 - Processed 54200000/68066212 candidate edges
[INFO] 2026-05-22 19:53:12,064 - Processed 54300000/68066212 candidate edges
[INFO] 2026-05-22 19:53:12,654 - Processed 54400000/68066212 candidate edges
[INFO] 2026-05-22 19:53:13,252 - Processed 54500000/68066212 candidate edges
[INFO] 2026-05-22 19:53:13,850 - Processed 54600000/68066212 candidate edges
[INFO] 2026-05-22 19:53:14,439 - Processed 54700000/68066212 candidate edges
[INFO] 2026-05-22 19:53:15,042 - Processed 54800000/68066212 candidate edges
[INFO] 2026-05-22 19:53:15,630 - Processed 54900000/68066212 candidate edges
[INFO] 2026-05-22 19:53:16,222 - Processed 55000000/68066212 candidate edges
[INFO] 2026-05-22 19:53:16,804 - Processed 55100000/68066212 candidate edges
[INFO] 2026-05-22 19:53:17,409 - Processed 55200000/68066212 candidate edges
[INFO] 2026-05-22 19:53:17,986 - Processed 55300000/68066212 candidate edges
[INFO] 2026-05-22 19:53:18,572 - Processed 55400000/68066212 candidate edges
[INFO] 2026-05-22 19:53:19,179 - Processed 55500000/68066212 candidate edges
[INFO] 2026-05-22 19:53:19,760 - Processed 55600000/68066212 candidate edges
[INFO] 2026-05-22 19:53:20,360 - Processed 55700000/68066212 candidate edges
[INFO] 2026-05-22 19:53:20,950 - Processed 55800000/68066212 candidate edges
[INFO] 2026-05-22 19:53:21,545 - Processed 55900000/68066212 candidate edges
[INFO] 2026-05-22 19:53:22,130 - Processed 56000000/68066212 candidate edges
[INFO] 2026-05-22 19:53:22,716 - Processed 56100000/68066212 candidate edges
[INFO] 2026-05-22 19:53:23,299 - Processed 56200000/68066212 candidate edges
[INFO] 2026-05-22 19:53:23,890 - Processed 56300000/68066212 candidate edges
[INFO] 2026-05-22 19:53:24,481 - Processed 56400000/68066212 candidate edges
[INFO] 2026-05-22 19:53:25,072 - Processed 56500000/68066212 candidate edges
[INFO] 2026-05-22 19:53:25,661 - Processed 56600000/68066212 candidate edges
[INFO] 2026-05-22 19:53:26,268 - Processed 56700000/68066212 candidate edges
[INFO] 2026-05-22 19:53:26,848 - Processed 56800000/68066212 candidate edges
[INFO] 2026-05-22 19:53:27,453 - Processed 56900000/68066212 candidate edges
[INFO] 2026-05-22 19:53:28,032 - Processed 57000000/68066212 candidate edges
[INFO] 2026-05-22 19:53:28,559 - Processed 57100000/68066212 candidate edges
[INFO] 2026-05-22 19:53:29,095 - Processed 57200000/68066212 candidate edges
[INFO] 2026-05-22 19:53:29,630 - Processed 57300000/68066212 candidate edges
[INFO] 2026-05-22 19:53:30,177 - Processed 57400000/68066212 candidate edges
[INFO] 2026-05-22 19:53:30,714 - Processed 57500000/68066212 candidate edges
[INFO] 2026-05-22 19:53:31,293 - Processed 57600000/68066212 candidate edges
[INFO] 2026-05-22 19:53:31,833 - Processed 57700000/68066212 candidate edges
[INFO] 2026-05-22 19:53:32,386 - Processed 57800000/68066212 candidate edges
[INFO] 2026-05-22 19:53:32,934 - Processed 57900000/68066212 candidate edges
[INFO] 2026-05-22 19:53:33,478 - Processed 58000000/68066212 candidate edges
[INFO] 2026-05-22 19:53:34,020 - Processed 58100000/68066212 candidate edges
[INFO] 2026-05-22 19:53:34,574 - Processed 58200000/68066212 candidate edges
[INFO] 2026-05-22 19:53:35,125 - Processed 58300000/68066212 candidate edges
[INFO] 2026-05-22 19:53:35,672 - Processed 58400000/68066212 candidate edges
[INFO] 2026-05-22 19:53:36,222 - Processed 58500000/68066212 candidate edges
[INFO] 2026-05-22 19:53:36,776 - Processed 58600000/68066212 candidate edges
[INFO] 2026-05-22 19:53:37,327 - Processed 58700000/68066212 candidate edges
[INFO] 2026-05-22 19:53:37,874 - Processed 58800000/68066212 candidate edges
[INFO] 2026-05-22 19:53:38,432 - Processed 58900000/68066212 candidate edges
[INFO] 2026-05-22 19:53:38,980 - Processed 59000000/68066212 candidate edges
[INFO] 2026-05-22 19:53:39,532 - Processed 59100000/68066212 candidate edges
[INFO] 2026-05-22 19:53:40,118 - Processed 59200000/68066212 candidate edges
[INFO] 2026-05-22 19:53:40,768 - Processed 59300000/68066212 candidate edges
[INFO] 2026-05-22 19:53:41,410 - Processed 59400000/68066212 candidate edges
[INFO] 2026-05-22 19:53:42,033 - Processed 59500000/68066212 candidate edges
[INFO] 2026-05-22 19:53:42,660 - Processed 59600000/68066212 candidate edges
[INFO] 2026-05-22 19:53:43,281 - Processed 59700000/68066212 candidate edges
[INFO] 2026-05-22 19:53:43,900 - Processed 59800000/68066212 candidate edges
[INFO] 2026-05-22 19:53:44,528 - Processed 59900000/68066212 candidate edges
[INFO] 2026-05-22 19:53:45,188 - Processed 60000000/68066212 candidate edges
[INFO] 2026-05-22 19:53:45,844 - Processed 60100000/68066212 candidate edges
[INFO] 2026-05-22 19:53:46,499 - Processed 60200000/68066212 candidate edges
[INFO] 2026-05-22 19:53:47,170 - Processed 60300000/68066212 candidate edges
[INFO] 2026-05-22 19:53:47,798 - Processed 60400000/68066212 candidate edges
[INFO] 2026-05-22 19:53:48,441 - Processed 60500000/68066212 candidate edges
[INFO] 2026-05-22 19:53:49,094 - Processed 60600000/68066212 candidate edges
[INFO] 2026-05-22 19:53:49,739 - Processed 60700000/68066212 candidate edges
[INFO] 2026-05-22 19:53:50,343 - Processed 60800000/68066212 candidate edges
[INFO] 2026-05-22 19:53:50,907 - Processed 60900000/68066212 candidate edges
[INFO] 2026-05-22 19:53:51,470 - Processed 61000000/68066212 candidate edges
[INFO] 2026-05-22 19:53:52,001 - Processed 61100000/68066212 candidate edges
[INFO] 2026-05-22 19:53:52,536 - Processed 61200000/68066212 candidate edges
[INFO] 2026-05-22 19:53:53,090 - Processed 61300000/68066212 candidate edges
[INFO] 2026-05-22 19:53:53,641 - Processed 61400000/68066212 candidate edges
[INFO] 2026-05-22 19:53:54,195 - Processed 61500000/68066212 candidate edges
[INFO] 2026-05-22 19:53:54,772 - Processed 61600000/68066212 candidate edges
[INFO] 2026-05-22 19:53:55,366 - Processed 61700000/68066212 candidate edges
[INFO] 2026-05-22 19:53:55,929 - Processed 61800000/68066212 candidate edges
[INFO] 2026-05-22 19:53:56,512 - Processed 61900000/68066212 candidate edges
[INFO] 2026-05-22 19:53:57,089 - Processed 62000000/68066212 candidate edges
[INFO] 2026-05-22 19:53:57,664 - Processed 62100000/68066212 candidate edges
[INFO] 2026-05-22 19:53:58,226 - Processed 62200000/68066212 candidate edges
[INFO] 2026-05-22 19:53:58,781 - Processed 62300000/68066212 candidate edges
[INFO] 2026-05-22 19:53:59,347 - Processed 62400000/68066212 candidate edges
[INFO] 2026-05-22 19:53:59,908 - Processed 62500000/68066212 candidate edges
[INFO] 2026-05-22 19:54:00,462 - Processed 62600000/68066212 candidate edges
[INFO] 2026-05-22 19:54:01,012 - Processed 62700000/68066212 candidate edges
[INFO] 2026-05-22 19:54:01,582 - Processed 62800000/68066212 candidate edges
[INFO] 2026-05-22 19:54:02,122 - Processed 62900000/68066212 candidate edges
[INFO] 2026-05-22 19:54:02,706 - Processed 63000000/68066212 candidate edges
[INFO] 2026-05-22 19:54:03,305 - Processed 63100000/68066212 candidate edges
[INFO] 2026-05-22 19:54:03,909 - Processed 63200000/68066212 candidate edges
[INFO] 2026-05-22 19:54:04,502 - Processed 63300000/68066212 candidate edges
[INFO] 2026-05-22 19:54:05,093 - Processed 63400000/68066212 candidate edges
[INFO] 2026-05-22 19:54:05,670 - Processed 63500000/68066212 candidate edges
[INFO] 2026-05-22 19:54:06,235 - Processed 63600000/68066212 candidate edges
[INFO] 2026-05-22 19:54:06,808 - Processed 63700000/68066212 candidate edges
[INFO] 2026-05-22 19:54:07,378 - Processed 63800000/68066212 candidate edges
[INFO] 2026-05-22 19:54:07,978 - Processed 63900000/68066212 candidate edges
[INFO] 2026-05-22 19:54:08,545 - Processed 64000000/68066212 candidate edges
[INFO] 2026-05-22 19:54:09,125 - Processed 64100000/68066212 candidate edges
[INFO] 2026-05-22 19:54:09,702 - Processed 64200000/68066212 candidate edges
[INFO] 2026-05-22 19:54:10,304 - Processed 64300000/68066212 candidate edges
[INFO] 2026-05-22 19:54:10,902 - Processed 64400000/68066212 candidate edges
[INFO] 2026-05-22 19:54:11,498 - Processed 64500000/68066212 candidate edges
[INFO] 2026-05-22 19:54:12,102 - Processed 64600000/68066212 candidate edges
[INFO] 2026-05-22 19:54:12,651 - Processed 64700000/68066212 candidate edges
[INFO] 2026-05-22 19:54:13,201 - Processed 64800000/68066212 candidate edges
[INFO] 2026-05-22 19:54:13,743 - Processed 64900000/68066212 candidate edges
[INFO] 2026-05-22 19:54:14,286 - Processed 65000000/68066212 candidate edges
[INFO] 2026-05-22 19:54:14,854 - Processed 65100000/68066212 candidate edges
[INFO] 2026-05-22 19:54:15,433 - Processed 65200000/68066212 candidate edges
[INFO] 2026-05-22 19:54:15,989 - Processed 65300000/68066212 candidate edges
[INFO] 2026-05-22 19:54:16,537 - Processed 65400000/68066212 candidate edges
[INFO] 2026-05-22 19:54:17,065 - Processed 65500000/68066212 candidate edges
[INFO] 2026-05-22 19:54:17,590 - Processed 65600000/68066212 candidate edges
[INFO] 2026-05-22 19:54:18,116 - Processed 65700000/68066212 candidate edges
[INFO] 2026-05-22 19:54:18,651 - Processed 65800000/68066212 candidate edges
[INFO] 2026-05-22 19:54:19,178 - Processed 65900000/68066212 candidate edges
[INFO] 2026-05-22 19:54:19,708 - Processed 66000000/68066212 candidate edges
[INFO] 2026-05-22 19:54:20,243 - Processed 66100000/68066212 candidate edges
[INFO] 2026-05-22 19:54:20,785 - Processed 66200000/68066212 candidate edges
[INFO] 2026-05-22 19:54:21,329 - Processed 66300000/68066212 candidate edges
[INFO] 2026-05-22 19:54:21,868 - Processed 66400000/68066212 candidate edges
[INFO] 2026-05-22 19:54:22,410 - Processed 66500000/68066212 candidate edges
[INFO] 2026-05-22 19:54:22,957 - Processed 66600000/68066212 candidate edges
[INFO] 2026-05-22 19:54:23,501 - Processed 66700000/68066212 candidate edges
[INFO] 2026-05-22 19:54:24,046 - Processed 66800000/68066212 candidate edges
[INFO] 2026-05-22 19:54:24,668 - Processed 66900000/68066212 candidate edges
[INFO] 2026-05-22 19:54:25,278 - Processed 67000000/68066212 candidate edges
[INFO] 2026-05-22 19:54:25,871 - Processed 67100000/68066212 candidate edges
[INFO] 2026-05-22 19:54:26,489 - Processed 67200000/68066212 candidate edges
[INFO] 2026-05-22 19:54:27,096 - Processed 67300000/68066212 candidate edges
[INFO] 2026-05-22 19:54:27,704 - Processed 67400000/68066212 candidate edges
[INFO] 2026-05-22 19:54:28,309 - Processed 67500000/68066212 candidate edges
[INFO] 2026-05-22 19:54:28,927 - Processed 67600000/68066212 candidate edges
[INFO] 2026-05-22 19:54:29,535 - Processed 67700000/68066212 candidate edges
[INFO] 2026-05-22 19:54:30,146 - Processed 67800000/68066212 candidate edges
[INFO] 2026-05-22 19:54:30,818 - Processed 67900000/68066212 candidate edges
[INFO] 2026-05-22 19:54:31,459 - Processed 68000000/68066212 candidate edges
[INFO] 2026-05-22 19:54:31,881 - Consensus graph nodes=14475 edges=32041295
[INFO] 2026-05-22 19:54:31,882 - Running Louvain on consensus graph
[INFO] 2026-05-22 20:04:12,166 - Seed communities=4
[INFO] 2026-05-22 20:05:03,295 - Expanding community 0
[DEBUG] 2026-05-22 20:05:04,806 - [EXPANSION] paper sorted scores=[('p7745', 18), ('p7746', 16), ('p554348', 14), ('p554349', 14), ('p554943', 14), ('p595690', 14), ('p10831', 12), ('p595377', 11), ('p552252', 10), ('p10518', 9)]
[DEBUG] 2026-05-22 20:05:04,819 - [EXPANSION] conference sorted scores=[('c2180', 1106), ('c36', 898), ('c3318', 753), ('c3594', 643), ('c3329', 622), ('c1798', 565), ('c3027', 326), ('c597', 291), ('c2504', 280), ('c1902', 256)]
[DEBUG] 2026-05-22 20:05:08,356 - [EXPANSION] term sorted scores=[('t4', 2606), ('t45', 1650), ('t1', 1502), ('t35', 1281), ('t19', 1233), ('t63', 1204), ('t112', 687), ('t10', 563), ('t55', 538), ('t38', 510)]
[INFO] 2026-05-22 20:05:08,357 - Expanding community 1
[DEBUG] 2026-05-22 20:05:08,926 - [EXPANSION] paper sorted scores=[('p551708', 11), ('p437079', 10), ('p437421', 10), ('p551520', 10), ('p554670', 10), ('p275849', 9), ('p9451', 8), ('p11675', 8), ('p11851', 8), ('p12278', 8)]
[DEBUG] 2026-05-22 20:05:08,936 - [EXPANSION] conference sorted scores=[('c3318', 793), ('c36', 711), ('c2180', 653), ('c1902', 506), ('c1798', 431), ('c2504', 423), ('c3594', 387), ('c3329', 370), ('c597', 363), ('c1801', 263)]
[DEBUG] 2026-05-22 20:05:11,864 - [EXPANSION] term sorted scores=[('t19', 2764), ('t45', 998), ('t4', 930), ('t63', 789), ('t35', 712), ('t12', 693), ('t81', 588), ('t38', 573), ('t461', 522), ('t1', 479)]
[INFO] 2026-05-22 20:05:11,865 - Expanding community 2
[DEBUG] 2026-05-22 20:05:12,328 - [EXPANSION] paper sorted scores=[('p275258', 15), ('p11744', 13), ('p358620', 12), ('p554317', 12), ('p555629', 12), ('p595446', 12), ('p8031', 11), ('p275698', 11), ('p551464', 11), ('p555390', 11)]
[DEBUG] 2026-05-22 20:05:12,335 - [EXPANSION] conference sorted scores=[('c3594', 627), ('c2180', 604), ('c3329', 602), ('c36', 530), ('c1798', 527), ('c3318', 397), ('c597', 248), ('c2504', 181), ('c1234', 125), ('c3027', 122)]
[DEBUG] 2026-05-22 20:05:14,264 - [EXPANSION] term sorted scores=[('t63', 2229), ('t19', 1654), ('t45', 790), ('t35', 763), ('t4', 757), ('t1', 488), ('t55', 461), ('t461', 459), ('t358', 443), ('t38', 423)]
[INFO] 2026-05-22 20:05:14,265 - Expanding community 3
[DEBUG] 2026-05-22 20:05:14,724 - [EXPANSION] paper sorted scores=[('p554174', 12), ('p596744', 12), ('p436918', 11), ('p536310', 11), ('p555130', 11), ('p275351', 10), ('p554435', 10), ('p275255', 9), ('p278444', 9), ('p436604', 9)]
[DEBUG] 2026-05-22 20:05:14,733 - [EXPANSION] conference sorted scores=[('c1798', 913), ('c3594', 868), ('c3329', 843), ('c2504', 453), ('c597', 306), ('c1801', 281), ('c2180', 245), ('c36', 209), ('c2934', 204), ('c3027', 200)]
[DEBUG] 2026-05-22 20:05:17,435 - [EXPANSION] term sorted scores=[('t35', 1666), ('t19', 1374), ('t461', 1351), ('t45', 986), ('t4', 921), ('t63', 876), ('t452', 602), ('t1', 493), ('t112', 415), ('t38', 399)]
[INFO] 2026-05-22 20:07:32,392 - [EVAL] Modularity=-0.0038
[INFO] 2026-05-22 20:07:32,393 - [EVAL] Surprise=0.0000
[INFO] 2026-05-22 20:07:32,393 - [EVAL] Keyword coherence=0.0000
[INFO] 2026-05-22 20:07:32,393 - [EVAL] Community stats={'num_communities': 4, 'avg_size': np.float64(3618.75), 'max_size': np.int64(4383), 'min_size': np.int64(2948)}
[INFO] 2026-05-22 20:07:32,398 - [NMI DEBUG] matched_nodes=4057
[INFO] 2026-05-22 20:07:32,403 - [NMI] 0.0564
[INFO] 2026-05-22 20:07:32,409 - Saved communities...
