[INFO] 2026-05-25 01:30:11,542 - [MATRIX] writes shape=(14376, 14475)
[INFO] 2026-05-25 01:30:11,571 - [MATRIX] be_written shape=(14475, 14376)
[INFO] 2026-05-25 01:30:11,581 - [MATRIX] published_in shape=(14376, 20)
[INFO] 2026-05-25 01:30:11,591 - [MATRIX] publish shape=(20, 14376)
[INFO] 2026-05-25 01:30:11,669 - [MATRIX] has_term shape=(14376, 8920)
[INFO] 2026-05-25 01:30:11,746 - [MATRIX] term_in shape=(8920, 14376)
[INFO] 2026-05-25 01:30:11,782 - 
========== Building P-A-P ==========
[INFO] 2026-05-25 01:30:11,790 - P-A-P matrix shape=(14376, 14376)
[INFO] 2026-05-25 01:30:12,904 - P-A-P nodes=13774 edges=215663 total_weight=497692.0000
[INFO] 2026-05-25 01:30:12,909 - 
========== Building P-T-P ==========
[INFO] 2026-05-25 01:30:14,150 - P-T-P matrix shape=(14376, 14376)
[INFO] 2026-05-25 01:30:28,861 - P-T-P nodes=4672 edges=14219 total_weight=147202.0000
[INFO] 2026-05-25 01:30:28,862 - 
========== Building P-C-P ==========
[INFO] 2026-05-25 01:30:29,132 - P-C-P matrix shape=(14376, 14376)
[INFO] 2026-05-25 01:31:13,495 - P-C-P nodes=14376 edges=8232454 total_weight=16464908.0000
[INFO] 2026-05-25 01:31:14,781 - Running community detection on P-A-P
[INFO] 2026-05-25 01:31:20,973 - P-A-P communities=436
[INFO] 2026-05-25 01:31:20,976 - Running community detection on P-T-P
[INFO] 2026-05-25 01:31:21,637 - P-T-P communities=357
[INFO] 2026-05-25 01:31:21,647 - Running community detection on P-C-P
[INFO] 2026-05-25 01:32:57,080 - P-C-P communities=20
[INFO] 2026-05-25 01:33:02,195 - Candidate edges=8406726
[INFO] 2026-05-25 01:33:02,960 - Processed 100000/8406726 candidate edges
[INFO] 2026-05-25 01:33:03,651 - Processed 200000/8406726 candidate edges
[INFO] 2026-05-25 01:33:04,305 - Processed 300000/8406726 candidate edges
[INFO] 2026-05-25 01:33:04,958 - Processed 400000/8406726 candidate edges
[INFO] 2026-05-25 01:33:05,608 - Processed 500000/8406726 candidate edges
[INFO] 2026-05-25 01:33:06,233 - Processed 600000/8406726 candidate edges
[INFO] 2026-05-25 01:33:06,855 - Processed 700000/8406726 candidate edges
[INFO] 2026-05-25 01:33:07,490 - Processed 800000/8406726 candidate edges
[INFO] 2026-05-25 01:33:08,101 - Processed 900000/8406726 candidate edges
[INFO] 2026-05-25 01:33:08,744 - Processed 1000000/8406726 candidate edges
[INFO] 2026-05-25 01:33:09,379 - Processed 1100000/8406726 candidate edges
[INFO] 2026-05-25 01:33:09,995 - Processed 1200000/8406726 candidate edges
[INFO] 2026-05-25 01:33:10,626 - Processed 1300000/8406726 candidate edges
[INFO] 2026-05-25 01:33:11,260 - Processed 1400000/8406726 candidate edges
[INFO] 2026-05-25 01:33:11,864 - Processed 1500000/8406726 candidate edges
[INFO] 2026-05-25 01:33:12,516 - Processed 1600000/8406726 candidate edges
[INFO] 2026-05-25 01:33:13,147 - Processed 1700000/8406726 candidate edges
[INFO] 2026-05-25 01:33:13,764 - Processed 1800000/8406726 candidate edges
[INFO] 2026-05-25 01:33:14,407 - Processed 1900000/8406726 candidate edges
[INFO] 2026-05-25 01:33:15,060 - Processed 2000000/8406726 candidate edges
[INFO] 2026-05-25 01:33:15,691 - Processed 2100000/8406726 candidate edges
[INFO] 2026-05-25 01:33:16,335 - Processed 2200000/8406726 candidate edges
[INFO] 2026-05-25 01:33:16,933 - Processed 2300000/8406726 candidate edges
[INFO] 2026-05-25 01:33:17,555 - Processed 2400000/8406726 candidate edges
[INFO] 2026-05-25 01:33:18,190 - Processed 2500000/8406726 candidate edges
[INFO] 2026-05-25 01:33:18,791 - Processed 2600000/8406726 candidate edges
[INFO] 2026-05-25 01:33:19,416 - Processed 2700000/8406726 candidate edges
[INFO] 2026-05-25 01:33:20,020 - Processed 2800000/8406726 candidate edges
[INFO] 2026-05-25 01:33:20,679 - Processed 2900000/8406726 candidate edges
[INFO] 2026-05-25 01:33:21,301 - Processed 3000000/8406726 candidate edges
[INFO] 2026-05-25 01:33:21,953 - Processed 3100000/8406726 candidate edges
[INFO] 2026-05-25 01:33:22,595 - Processed 3200000/8406726 candidate edges
[INFO] 2026-05-25 01:33:23,210 - Processed 3300000/8406726 candidate edges
[INFO] 2026-05-25 01:33:23,858 - Processed 3400000/8406726 candidate edges
[INFO] 2026-05-25 01:33:24,520 - Processed 3500000/8406726 candidate edges
[INFO] 2026-05-25 01:33:25,147 - Processed 3600000/8406726 candidate edges
[INFO] 2026-05-25 01:33:25,800 - Processed 3700000/8406726 candidate edges
[INFO] 2026-05-25 01:33:26,469 - Processed 3800000/8406726 candidate edges
[INFO] 2026-05-25 01:33:27,111 - Processed 3900000/8406726 candidate edges
[INFO] 2026-05-25 01:33:27,767 - Processed 4000000/8406726 candidate edges
[INFO] 2026-05-25 01:33:28,401 - Processed 4100000/8406726 candidate edges
[INFO] 2026-05-25 01:33:29,079 - Processed 4200000/8406726 candidate edges
[INFO] 2026-05-25 01:33:29,738 - Processed 4300000/8406726 candidate edges
[INFO] 2026-05-25 01:33:30,359 - Processed 4400000/8406726 candidate edges
[INFO] 2026-05-25 01:33:30,992 - Processed 4500000/8406726 candidate edges
[INFO] 2026-05-25 01:33:31,638 - Processed 4600000/8406726 candidate edges
[INFO] 2026-05-25 01:33:32,264 - Processed 4700000/8406726 candidate edges
[INFO] 2026-05-25 01:33:32,924 - Processed 4800000/8406726 candidate edges
[INFO] 2026-05-25 01:33:33,525 - Processed 4900000/8406726 candidate edges
[INFO] 2026-05-25 01:33:34,129 - Processed 5000000/8406726 candidate edges
[INFO] 2026-05-25 01:33:34,755 - Processed 5100000/8406726 candidate edges
[INFO] 2026-05-25 01:33:35,354 - Processed 5200000/8406726 candidate edges
[INFO] 2026-05-25 01:33:35,949 - Processed 5300000/8406726 candidate edges
[INFO] 2026-05-25 01:33:36,574 - Processed 5400000/8406726 candidate edges
[INFO] 2026-05-25 01:33:37,199 - Processed 5500000/8406726 candidate edges
[INFO] 2026-05-25 01:33:37,802 - Processed 5600000/8406726 candidate edges
[INFO] 2026-05-25 01:33:38,401 - Processed 5700000/8406726 candidate edges
[INFO] 2026-05-25 01:33:39,000 - Processed 5800000/8406726 candidate edges
[INFO] 2026-05-25 01:33:39,615 - Processed 5900000/8406726 candidate edges
[INFO] 2026-05-25 01:33:40,220 - Processed 6000000/8406726 candidate edges
[INFO] 2026-05-25 01:33:40,821 - Processed 6100000/8406726 candidate edges
[INFO] 2026-05-25 01:33:41,435 - Processed 6200000/8406726 candidate edges
[INFO] 2026-05-25 01:33:42,082 - Processed 6300000/8406726 candidate edges
[INFO] 2026-05-25 01:33:42,710 - Processed 6400000/8406726 candidate edges
[INFO] 2026-05-25 01:33:43,315 - Processed 6500000/8406726 candidate edges
[INFO] 2026-05-25 01:33:43,912 - Processed 6600000/8406726 candidate edges
[INFO] 2026-05-25 01:33:44,514 - Processed 6700000/8406726 candidate edges
[INFO] 2026-05-25 01:33:45,117 - Processed 6800000/8406726 candidate edges
[INFO] 2026-05-25 01:33:45,717 - Processed 6900000/8406726 candidate edges
[INFO] 2026-05-25 01:33:46,321 - Processed 7000000/8406726 candidate edges
[INFO] 2026-05-25 01:33:46,938 - Processed 7100000/8406726 candidate edges
[INFO] 2026-05-25 01:33:47,602 - Processed 7200000/8406726 candidate edges
[INFO] 2026-05-25 01:33:48,232 - Processed 7300000/8406726 candidate edges
[INFO] 2026-05-25 01:33:48,837 - Processed 7400000/8406726 candidate edges
[INFO] 2026-05-25 01:33:49,444 - Processed 7500000/8406726 candidate edges
[INFO] 2026-05-25 01:33:50,059 - Processed 7600000/8406726 candidate edges
[INFO] 2026-05-25 01:33:50,674 - Processed 7700000/8406726 candidate edges
[INFO] 2026-05-25 01:33:51,294 - Processed 7800000/8406726 candidate edges
[INFO] 2026-05-25 01:33:51,923 - Processed 7900000/8406726 candidate edges
[INFO] 2026-05-25 01:33:52,545 - Processed 8000000/8406726 candidate edges
[INFO] 2026-05-25 01:33:53,157 - Processed 8100000/8406726 candidate edges
[INFO] 2026-05-25 01:33:53,757 - Processed 8200000/8406726 candidate edges
[INFO] 2026-05-25 01:33:54,377 - Processed 8300000/8406726 candidate edges
[INFO] 2026-05-25 01:33:55,008 - Processed 8400000/8406726 candidate edges
[INFO] 2026-05-25 01:33:55,056 - Consensus graph nodes=14376 edges=8382874
[INFO] 2026-05-25 01:33:55,056 - Running Louvain on consensus graph
[INFO] 2026-05-25 01:36:06,094 - Seed communities=18
[INFO] 2026-05-25 01:36:07,810 - Expanding community 0
[DEBUG] 2026-05-25 01:36:07,970 - [EXPANSION] author sorted scores=[('a15468', 20), ('a15710', 19), ('a16284', 15), ('a4473', 14), ('a4927', 14), ('a15305', 14), ('a15475', 14), ('a15201', 13), ('a15310', 12), ('a15588', 12)]
[DEBUG] 2026-05-25 01:36:07,982 - [EXPANSION] conference sorted scores=[('c2180', 1823), ('c36', 0), ('c597', 0), ('c755', 0), ('c1194', 0), ('c1201', 0), ('c1234', 0), ('c1798', 0), ('c1801', 0), ('c1902', 0)]
[DEBUG] 2026-05-25 01:36:09,089 - [EXPANSION] term sorted scores=[('t4', 502), ('t63', 483), ('t19', 480), ('t45', 389), ('t35', 371), ('t1', 283), ('t55', 170), ('t12', 160), ('t38', 138), ('t10', 136)]
[INFO] 2026-05-25 01:36:09,091 - Expanding community 1
[DEBUG] 2026-05-25 01:36:09,238 - [EXPANSION] author sorted scores=[('a4473', 26), ('a15481', 22), ('a4561', 19), ('a4927', 18), ('a4472', 15), ('a16641', 15), ('a15468', 14), ('a17424', 13), ('a15493', 12), ('a15710', 11)]
[DEBUG] 2026-05-25 01:36:09,243 - [EXPANSION] conference sorted scores=[('c36', 1598), ('c597', 0), ('c755', 0), ('c1194', 0), ('c1201', 0), ('c1234', 0), ('c1798', 0), ('c1801', 0), ('c1902', 0), ('c2180', 0)]
[DEBUG] 2026-05-25 01:36:10,127 - [EXPANSION] term sorted scores=[('t19', 436), ('t4', 383), ('t63', 371), ('t35', 321), ('t45', 296), ('t1', 233), ('t12', 171), ('t38', 150), ('t55', 145), ('t10', 129)]
[INFO] 2026-05-25 01:36:10,127 - Expanding community 2
[DEBUG] 2026-05-25 01:36:10,266 - [EXPANSION] author sorted scores=[('a19922', 35), ('a12269', 26), ('a113162', 26), ('a113755', 25), ('a37276', 24), ('a19926', 21), ('a33995', 20), ('a87481', 20), ('a13452', 18), ('a33519', 18)]
[DEBUG] 2026-05-25 01:36:10,271 - [EXPANSION] conference sorted scores=[('c3594', 1474), ('c36', 0), ('c597', 0), ('c755', 0), ('c1194', 0), ('c1201', 0), ('c1234', 0), ('c1798', 0), ('c1801', 0), ('c1902', 0)]
[DEBUG] 2026-05-25 01:36:11,161 - [EXPANSION] term sorted scores=[('t19', 455), ('t63', 379), ('t4', 347), ('t461', 333), ('t35', 327), ('t45', 293), ('t1', 265), ('t512', 211), ('t54', 144), ('t112', 127)]
[INFO] 2026-05-25 01:36:11,162 - Expanding community 3
[DEBUG] 2026-05-25 01:36:11,298 - [EXPANSION] author sorted scores=[('a19926', 34), ('a16696', 31), ('a33520', 27), ('a113162', 26), ('a113688', 25), ('a7277', 23), ('a33521', 23), ('a19922', 22), ('a35663', 21), ('a37276', 21)]
[DEBUG] 2026-05-25 01:36:11,302 - [EXPANSION] conference sorted scores=[('c1798', 1424), ('c36', 0), ('c597', 0), ('c755', 0), ('c1194', 0), ('c1201', 0), ('c1234', 0), ('c1801', 0), ('c1902', 0), ('c2180', 0)]
[DEBUG] 2026-05-25 01:36:12,178 - [EXPANSION] term sorted scores=[('t19', 470), ('t35', 350), ('t63', 300), ('t4', 290), ('t461', 289), ('t45', 258), ('t1', 170), ('t512', 154), ('t54', 138), ('t375', 138)]
[INFO] 2026-05-25 01:36:12,179 - Expanding community 4
[DEBUG] 2026-05-25 01:36:12,310 - [EXPANSION] author sorted scores=[('a15946', 62), ('a26577', 25), ('a39389', 20), ('a113748', 20), ('a52890', 19), ('a16564', 18), ('a35663', 18), ('a20146', 17), ('a24026', 17), ('a27514', 17)]
[DEBUG] 2026-05-25 01:36:12,314 - [EXPANSION] conference sorted scores=[('c3318', 1377), ('c36', 0), ('c597', 0), ('c755', 0), ('c1194', 0), ('c1201', 0), ('c1234', 0), ('c1798', 0), ('c1801', 0), ('c1902', 0)]
[DEBUG] 2026-05-25 01:36:13,118 - [EXPANSION] term sorted scores=[('t19', 453), ('t468', 414), ('t4', 351), ('t63', 343), ('t235', 281), ('t45', 265), ('t35', 227), ('t1', 225), ('t81', 155), ('t38', 140)]
[INFO] 2026-05-25 01:36:13,119 - Expanding community 5
[DEBUG] 2026-05-25 01:36:13,256 - [EXPANSION] author sorted scores=[('a12269', 36), ('a113162', 33), ('a37276', 29), ('a19922', 26), ('a19926', 26), ('a82135', 25), ('a87481', 21), ('a33933', 19), ('a34108', 19), ('a82524', 19)]
[DEBUG] 2026-05-25 01:36:13,261 - [EXPANSION] conference sorted scores=[('c3329', 1356), ('c4096', 1), ('c36', 0), ('c597', 0), ('c755', 0), ('c1194', 0), ('c1201', 0), ('c1234', 0), ('c1798', 0), ('c1801', 0)]
[DEBUG] 2026-05-25 01:36:14,100 - [EXPANSION] term sorted scores=[('t19', 393), ('t63', 339), ('t35', 292), ('t4', 276), ('t45', 272), ('t461', 247), ('t512', 190), ('t1', 181), ('t358', 127), ('t375', 123)]
[INFO] 2026-05-25 01:36:14,102 - Expanding community 6
[DEBUG] 2026-05-25 01:36:14,211 - [EXPANSION] author sorted scores=[('a19926', 31), ('a113755', 25), ('a16696', 20), ('a8754', 18), ('a18041', 17), ('a78964', 15), ('a85913', 15), ('a18074', 14), ('a19617', 13), ('a34422', 13)]
[DEBUG] 2026-05-25 01:36:14,215 - [EXPANSION] conference sorted scores=[('c2504', 796), ('c36', 0), ('c597', 0), ('c755', 0), ('c1194', 0), ('c1201', 0), ('c1234', 0), ('c1798', 0), ('c1801', 0), ('c1902', 0)]
[DEBUG] 2026-05-25 01:36:14,708 - [EXPANSION] term sorted scores=[('t19', 260), ('t452', 206), ('t461', 204), ('t4', 185), ('t45', 157), ('t63', 148), ('t35', 145), ('t1', 85), ('t81', 77), ('t226', 65)]
[INFO] 2026-05-25 01:36:14,709 - Expanding community 7
[DEBUG] 2026-05-25 01:36:14,813 - [EXPANSION] author sorted scores=[('a16696', 34), ('a19926', 26), ('a16695', 20), ('a7277', 19), ('a15481', 18), ('a35465', 18), ('a32693', 16), ('a19014', 15), ('a20146', 15), ('a2588', 14)]
[DEBUG] 2026-05-25 01:36:14,817 - [EXPANSION] conference sorted scores=[('c1801', 525), ('c3230', 246), ('c4096', 2), ('c36', 0), ('c597', 0), ('c755', 0), ('c1194', 0), ('c1201', 0), ('c1234', 0), ('c1798', 0)]
[DEBUG] 2026-05-25 01:36:15,275 - [EXPANSION] term sorted scores=[('t19', 242), ('t452', 184), ('t4', 179), ('t461', 172), ('t63', 135), ('t226', 114), ('t35', 110), ('t45', 110), ('t38', 84), ('t81', 81)]
[INFO] 2026-05-25 01:36:15,276 - Expanding community 8
[DEBUG] 2026-05-25 01:36:15,377 - [EXPANSION] author sorted scores=[('a19627', 17), ('a15946', 16), ('a9485', 13), ('a16696', 12), ('a35663', 11), ('a26577', 10), ('a35666', 9), ('a113743', 9), ('a19926', 8), ('a28826', 8)]
[DEBUG] 2026-05-25 01:36:15,381 - [EXPANSION] conference sorted scores=[('c597', 725), ('c4096', 1), ('c36', 0), ('c755', 0), ('c1194', 0), ('c1201', 0), ('c1234', 0), ('c1798', 0), ('c1801', 0), ('c1902', 0)]
[DEBUG] 2026-05-25 01:36:15,905 - [EXPANSION] term sorted scores=[('t19', 253), ('t35', 165), ('t63', 162), ('t4', 147), ('t45', 140), ('t461', 88), ('t1', 84), ('t235', 77), ('t38', 75), ('t468', 73)]
[INFO] 2026-05-25 01:36:15,906 - Expanding community 9
[DEBUG] 2026-05-25 01:36:16,000 - [EXPANSION] author sorted scores=[('a15807', 20), ('a124231', 18), ('a15787', 15), ('a17468', 14), ('a35875', 14), ('a17530', 13), ('a18057', 13), ('a15493', 12), ('a4489', 11), ('a19758', 11)]
[DEBUG] 2026-05-25 01:36:16,003 - [EXPANSION] conference sorted scores=[('c1902', 635), ('c36', 0), ('c597', 0), ('c755', 0), ('c1194', 0), ('c1201', 0), ('c1234', 0), ('c1798', 0), ('c1801', 0), ('c2180', 0)]
[DEBUG] 2026-05-25 01:36:16,223 - [EXPANSION] term sorted scores=[('t12', 259), ('t19', 179), ('t4', 135), ('t45', 115), ('t35', 88), ('t63', 80), ('t10', 72), ('t81', 63), ('t1', 62), ('t55', 51)]
[INFO] 2026-05-25 01:36:16,224 - Expanding community 10
[DEBUG] 2026-05-25 01:36:16,279 - [EXPANSION] author sorted scores=[('a97600', 29), ('a38722', 26), ('a6982', 16), ('a16849', 16), ('a19592', 16), ('a85853', 16), ('a16682', 15), ('a16681', 14), ('a33501', 14), ('a65896', 14)]
[DEBUG] 2026-05-25 01:36:16,282 - [EXPANSION] conference sorted scores=[('c3027', 457), ('c36', 0), ('c597', 0), ('c755', 0), ('c1194', 0), ('c1201', 0), ('c1234', 0), ('c1798', 0), ('c1801', 0), ('c1902', 0)]
[DEBUG] 2026-05-25 01:36:16,501 - [EXPANSION] term sorted scores=[('t4', 145), ('t45', 114), ('t19', 103), ('t1', 79), ('t35', 78), ('t542', 61), ('t63', 57), ('t461', 55), ('t112', 48), ('t375', 45)]
[INFO] 2026-05-25 01:36:16,502 - Expanding community 11
[DEBUG] 2026-05-25 01:36:16,550 - [EXPANSION] author sorted scores=[('a18505', 13), ('a113807', 12), ('a19622', 9), ('a33519', 9), ('a7277', 8), ('a19926', 8), ('a34558', 8), ('a50729', 8), ('a50759', 8), ('a61597', 8)]
[DEBUG] 2026-05-25 01:36:16,552 - [EXPANSION] conference sorted scores=[('c2934', 370), ('c36', 0), ('c597', 0), ('c755', 0), ('c1194', 0), ('c1201', 0), ('c1234', 0), ('c1798', 0), ('c1801', 0), ('c1902', 0)]
[DEBUG] 2026-05-25 01:36:16,700 - [EXPANSION] term sorted scores=[('t19', 129), ('t452', 93), ('t4', 92), ('t461', 83), ('t63', 75), ('t35', 63), ('t38', 57), ('t45', 55), ('t10', 47), ('t81', 46)]
[INFO] 2026-05-25 01:36:16,701 - Expanding community 12
[DEBUG] 2026-05-25 01:36:16,747 - [EXPANSION] author sorted scores=[('a12317', 11), ('a39389', 10), ('a16985', 9), ('a17383', 9), ('a16850', 8), ('a20146', 8), ('a6330', 7), ('a20365', 7), ('a20308', 6), ('a59174', 6)]
[DEBUG] 2026-05-25 01:36:16,749 - [EXPANSION] conference sorted scores=[('c3771', 343), ('c4096', 7), ('c36', 0), ('c597', 0), ('c755', 0), ('c1194', 0), ('c1201', 0), ('c1234', 0), ('c1798', 0), ('c1801', 0)]
[DEBUG] 2026-05-25 01:36:16,913 - [EXPANSION] term sorted scores=[('t109', 136), ('t19', 105), ('t4', 84), ('t45', 65), ('t458', 62), ('t1', 59), ('t63', 57), ('t35', 48), ('t112', 45), ('t38', 38)]
[INFO] 2026-05-25 01:36:16,914 - Expanding community 13
[DEBUG] 2026-05-25 01:36:16,957 - [EXPANSION] author sorted scores=[('a19922', 10), ('a35465', 8), ('a7731', 5), ('a13452', 5), ('a16696', 5), ('a19627', 5), ('a34558', 5), ('a34606', 5), ('a113755', 5), ('a6976', 4)]
[DEBUG] 2026-05-25 01:36:16,959 - [EXPANSION] conference sorted scores=[('c1234', 300), ('c36', 0), ('c597', 0), ('c755', 0), ('c1194', 0), ('c1201', 0), ('c1798', 0), ('c1801', 0), ('c1902', 0), ('c2180', 0)]
[DEBUG] 2026-05-25 01:36:17,101 - [EXPANSION] term sorted scores=[('t19', 96), ('t4', 76), ('t63', 72), ('t35', 64), ('t45', 55), ('t1', 49), ('t461', 48), ('t54', 30), ('t512', 30), ('t542', 29)]
[INFO] 2026-05-25 01:36:17,102 - Expanding community 14
[DEBUG] 2026-05-25 01:36:17,145 - [EXPANSION] author sorted scores=[('a10752', 13), ('a19446', 9), ('a85981', 8), ('a37007', 7), ('a39839', 7), ('a34422', 6), ('a35465', 6), ('a38766', 6), ('a366388', 6), ('a19926', 5)]
[DEBUG] 2026-05-25 01:36:17,148 - [EXPANSION] conference sorted scores=[('c3011', 287), ('c36', 0), ('c597', 0), ('c755', 0), ('c1194', 0), ('c1201', 0), ('c1234', 0), ('c1798', 0), ('c1801', 0), ('c1902', 0)]
[DEBUG] 2026-05-25 01:36:17,273 - [EXPANSION] term sorted scores=[('t19', 90), ('t4', 85), ('t461', 67), ('t452', 62), ('t63', 61), ('t35', 55), ('t45', 41), ('t226', 34), ('t1', 29), ('t108', 28)]
[INFO] 2026-05-25 01:36:17,274 - Expanding community 15
[DEBUG] 2026-05-25 01:36:17,311 - [EXPANSION] author sorted scores=[('a934', 26), ('a435', 21), ('a20881', 10), ('a48008', 10), ('a226', 8), ('a18660', 8), ('a448', 7), ('a19623', 7), ('a1313', 6), ('a18837', 6)]
[DEBUG] 2026-05-25 01:36:17,313 - [EXPANSION] conference sorted scores=[('c755', 229), ('c36', 0), ('c597', 0), ('c1194', 0), ('c1201', 0), ('c1234', 0), ('c1798', 0), ('c1801', 0), ('c1902', 0), ('c2180', 0)]
[DEBUG] 2026-05-25 01:36:17,418 - [EXPANSION] term sorted scores=[('t45', 69), ('t19', 65), ('t4', 47), ('t63', 46), ('t428', 36), ('t81', 32), ('t55', 27), ('t35', 26), ('t53', 25), ('t492', 24)]
[INFO] 2026-05-25 01:36:17,418 - Expanding community 16
[DEBUG] 2026-05-25 01:36:17,453 - [EXPANSION] author sorted scores=[('a27110', 15), ('a25739', 10), ('a16319', 8), ('a114480', 8), ('a26908', 7), ('a113748', 7), ('a4137', 6), ('a26394', 6), ('a35429', 6), ('a52178', 6)]
[DEBUG] 2026-05-25 01:36:17,455 - [EXPANSION] conference sorted scores=[('c1194', 207), ('c36', 0), ('c597', 0), ('c755', 0), ('c1201', 0), ('c1234', 0), ('c1798', 0), ('c1801', 0), ('c1902', 0), ('c2180', 0)]
[DEBUG] 2026-05-25 01:36:17,591 - [EXPANSION] term sorted scores=[('t19', 83), ('t4', 65), ('t468', 62), ('t63', 49), ('t35', 44), ('t45', 37), ('t458', 35), ('t1', 33), ('t235', 29), ('t109', 28)]
[INFO] 2026-05-25 01:36:17,592 - Expanding community 17
[DEBUG] 2026-05-25 01:36:17,623 - [EXPANSION] author sorted scores=[('a22275', 7), ('a17838', 6), ('a20265', 6), ('a18125', 5), ('a19793', 5), ('a74739', 5), ('a17894', 4), ('a19129', 4), ('a35875', 4), ('a38894', 4)]
[DEBUG] 2026-05-25 01:36:17,625 - [EXPANSION] conference sorted scores=[('c1201', 193), ('c36', 0), ('c597', 0), ('c755', 0), ('c1194', 0), ('c1234', 0), ('c1798', 0), ('c1801', 0), ('c1902', 0), ('c2180', 0)]
[DEBUG] 2026-05-25 01:36:17,721 - [EXPANSION] term sorted scores=[('t12', 61), ('t19', 57), ('t4', 44), ('t45', 37), ('t35', 32), ('t63', 27), ('t10', 23), ('t1', 21), ('t38', 21), ('t81', 17)]
[INFO] 2026-05-25 01:36:35,903 - [EVAL] Modularity=0.8516
[INFO] 2026-05-25 01:36:35,904 - [EVAL] Surprise=0.0000
[INFO] 2026-05-25 01:36:35,904 - [EVAL] Keyword coherence=0.0000
[INFO] 2026-05-25 01:36:35,904 - [EVAL] Community stats={'num_communities': 18, 'avg_size': np.float64(4.0), 'max_size': np.int64(4), 'min_size': np.int64(4)}
[INFO] 2026-05-25 01:36:35,921 - [NMI DEBUG] matched_nodes=9076
[INFO] 2026-05-25 01:36:35,928 - [NMI] 0.3185
[INFO] 2026-05-25 01:36:35,936 - [NMI DEBUG] matched_nodes=100
[INFO] 2026-05-25 01:36:35,937 - [NMI] 0.5006
[INFO] 2026-05-25 01:36:35,944 - [NMI DEBUG] matched_nodes=23
[INFO] 2026-05-25 01:36:35,946 - [NMI] 0.5842
[INFO] 2026-05-25 01:36:35,952 - Saved communities...
