[INFO] 2026-05-28 15:53:20,126 - [MATRIX] writes shape=(14376, 14475)
[INFO] 2026-05-28 15:53:20,151 - [MATRIX] be_written shape=(14475, 14376)
[INFO] 2026-05-28 15:53:20,160 - [MATRIX] published_in shape=(14376, 20)
[INFO] 2026-05-28 15:53:20,169 - [MATRIX] publish shape=(20, 14376)
[INFO] 2026-05-28 15:53:20,240 - [MATRIX] has_term shape=(14376, 8920)
[INFO] 2026-05-28 15:53:20,316 - [MATRIX] term_in shape=(8920, 14376)
[INFO] 2026-05-28 15:53:20,380 - 
========== Building A-P-A ==========
[INFO] 2026-05-28 15:53:20,385 - A-P-A matrix shape=(14475, 14475)
[INFO] 2026-05-28 15:53:20,497 - A-P-A nodes=5264 edges=8789 total_weight=51362.0000
[INFO] 2026-05-28 15:53:20,498 - 
========== Building A-P-T-P-A ==========
[INFO] 2026-05-28 15:53:31,260 - A-P-T-P-A matrix shape=(14475, 14475)
[INFO] 2026-05-28 15:54:00,410 - A-P-T-P-A nodes=86 edges=351 total_weight=699532.0000
[INFO] 2026-05-28 15:54:00,410 - 
========== Building A-P-C-P-A ==========
[INFO] 2026-05-28 15:54:02,949 - A-P-C-P-A matrix shape=(14475, 14475)
[INFO] 2026-05-28 15:54:13,553 - A-P-C-P-A nodes=5689 edges=92426 total_weight=6194038.0000
[INFO] 2026-05-28 15:54:13,608 - Running community detection on A-P-A
[INFO] 2026-05-28 15:54:14,004 - A-P-A communities=637
[INFO] 2026-05-28 15:54:14,005 - Running community detection on A-P-T-P-A
[INFO] 2026-05-28 15:54:14,010 - A-P-T-P-A communities=3
[INFO] 2026-05-28 15:54:14,013 - Running community detection on A-P-C-P-A
[INFO] 2026-05-28 15:54:15,784 - A-P-C-P-A communities=4
[INFO] 2026-05-28 15:54:15,840 - Candidate edges=99516
[INFO] 2026-05-28 15:54:16,426 - Consensus graph nodes=6933 edges=78929
[INFO] 2026-05-28 15:54:16,426 - Running Louvain on consensus graph
[INFO] 2026-05-28 15:54:17,979 - Seed communities=108
[INFO] 2026-05-28 15:54:18,225 - Expanding community 0
[DEBUG] 2026-05-28 15:54:18,669 - [EXPANSION] paper sorted scores=[('p554348', 14), ('p554349', 14), ('p275258', 9), ('p275255', 8), ('p275858', 8), ('p436375', 8), ('p437432', 8), ('p554317', 8), ('p554457', 8), ('p595446', 8)]
[DEBUG] 2026-05-28 15:54:18,683 - [EXPANSION] conference sorted scores=[('c1798', 1022), ('c3594', 947), ('c3329', 915), ('c2504', 648), ('c1801', 400), ('c597', 317), ('c2934', 256), ('c3011', 208), ('c3230', 189), ('c1234', 185)]
[DEBUG] 2026-05-28 15:54:22,330 - [EXPANSION] term sorted scores=[('t19', 1853), ('t4', 1343), ('t63', 1294), ('t35', 1169), ('t461', 1163), ('t45', 1067), ('t1', 704), ('t452', 598), ('t38', 486), ('t112', 486)]
[INFO] 2026-05-28 15:54:22,332 - Expanding community 1
[DEBUG] 2026-05-28 15:54:22,700 - [EXPANSION] paper sorted scores=[('p551464', 13), ('p551708', 12), ('p551520', 10), ('p552252', 10), ('p550757', 9), ('p552202', 8), ('p552505', 8), ('p85737', 7), ('p86565', 7), ('p86567', 7)]
[DEBUG] 2026-05-28 15:54:22,707 - [EXPANSION] conference sorted scores=[('c3318', 1360), ('c597', 302), ('c1194', 187), ('c3771', 160), ('c2180', 91), ('c2504', 90), ('c36', 84), ('c1801', 82), ('c1902', 81), ('c1798', 77)]
[DEBUG] 2026-05-28 15:54:23,881 - [EXPANSION] term sorted scores=[('t19', 923), ('t4', 668), ('t63', 622), ('t468', 560), ('t45', 514), ('t35', 459), ('t1', 409), ('t235', 398), ('t109', 299), ('t38', 286)]
[INFO] 2026-05-28 15:54:23,882 - Expanding community 2
[DEBUG] 2026-05-28 15:54:24,086 - [EXPANSION] paper sorted scores=[('p7745', 15), ('p7746', 14), ('p8636', 8), ('p10405', 8), ('p10518', 8), ('p10519', 8), ('p11686', 8), ('p554943', 8), ('p625832', 8), ('p8380', 7)]
[DEBUG] 2026-05-28 15:54:24,094 - [EXPANSION] conference sorted scores=[('c36', 1373), ('c2180', 1360), ('c1902', 497), ('c755', 205), ('c2504', 112), ('c1201', 110), ('c3318', 99), ('c1801', 72), ('c3771', 61), ('c597', 56)]
[DEBUG] 2026-05-28 15:54:25,959 - [EXPANSION] term sorted scores=[('t19', 1147), ('t4', 978), ('t63', 882), ('t45', 816), ('t35', 759), ('t12', 599), ('t1', 572), ('t55', 390), ('t10', 360), ('t38', 343)]
[INFO] 2026-05-28 15:54:25,960 - Expanding community 3
[DEBUG] 2026-05-28 15:54:26,075 - [EXPANSION] paper sorted scores=[('p554816', 8), ('p555361', 8), ('p555663', 8), ('p595556', 8), ('p554317', 7), ('p597371', 7), ('p162538', 6), ('p275231', 6), ('p275431', 6), ('p554199', 6)]
[DEBUG] 2026-05-28 15:54:26,082 - [EXPANSION] conference sorted scores=[('c3594', 1098), ('c3329', 1036), ('c1798', 1016), ('c3027', 407), ('c597', 257), ('c1234', 224), ('c2504', 109), ('c3771', 109), ('c1801', 59), ('c2934', 51)]
[DEBUG] 2026-05-28 15:54:27,632 - [EXPANSION] term sorted scores=[('t19', 1359), ('t4', 1025), ('t35', 1006), ('t63', 950), ('t45', 910), ('t461', 839), ('t1', 622), ('t512', 479), ('t375', 414), ('t112', 397)]
[INFO] 2026-05-28 15:54:27,634 - Expanding community 4
[DEBUG] 2026-05-28 15:54:27,657 - [EXPANSION] paper sorted scores=[('p11290', 5), ('p86642', 5), ('p556319', 2), ('p357177', 1), ('p7601', 0), ('p7604', 0), ('p7605', 0), ('p7610', 0), ('p7612', 0), ('p7613', 0)]
[DEBUG] 2026-05-28 15:54:27,659 - [EXPANSION] conference sorted scores=[('c36', 1), ('c597', 1), ('c2180', 1), ('c3329', 1), ('c755', 0), ('c1194', 0), ('c1201', 0), ('c1234', 0), ('c1798', 0), ('c1801', 0)]
[DEBUG] 2026-05-28 15:54:27,676 - [EXPANSION] term sorted scores=[('t19', 3), ('t355', 2), ('t26', 1), ('t35', 1), ('t42', 1), ('t45', 1), ('t63', 1), ('t84', 1), ('t226', 1), ('t307', 1)]
[INFO] 2026-05-28 15:54:27,676 - Expanding community 5
[DEBUG] 2026-05-28 15:54:27,697 - [EXPANSION] paper sorted scores=[('p436624', 5), ('p536388', 5), ('p7601', 0), ('p7604', 0), ('p7605', 0), ('p7610', 0), ('p7612', 0), ('p7613', 0), ('p7621', 0), ('p7630', 0)]
[DEBUG] 2026-05-28 15:54:27,698 - [EXPANSION] conference sorted scores=[('c2504', 1), ('c3230', 1), ('c36', 0), ('c597', 0), ('c755', 0), ('c1194', 0), ('c1201', 0), ('c1234', 0), ('c1798', 0), ('c1801', 0)]
[DEBUG] 2026-05-28 15:54:27,713 - [EXPANSION] term sorted scores=[('t1', 2), ('t35', 2), ('t183', 2), ('t452', 2), ('t461', 2), ('t986', 2), ('t1737', 2), ('t1994', 2), ('t6321', 2), ('t9451', 2)]
[INFO] 2026-05-28 15:54:27,713 - Expanding community 6
[DEBUG] 2026-05-28 15:54:27,731 - [EXPANSION] paper sorted scores=[('p278072', 5), ('p500407', 5), ('p536225', 5), ('p486582', 2), ('p158822', 1), ('p7601', 0), ('p7604', 0), ('p7605', 0), ('p7610', 0), ('p7612', 0)]
[DEBUG] 2026-05-28 15:54:27,732 - [EXPANSION] conference sorted scores=[('c1201', 1), ('c1801', 1), ('c2934', 1), ('c3011', 1), ('c3230', 1), ('c36', 0), ('c597', 0), ('c755', 0), ('c1194', 0), ('c1234', 0)]
[DEBUG] 2026-05-28 15:54:27,745 - [EXPANSION] term sorted scores=[('t19', 3), ('t249', 3), ('t461', 3), ('t795', 3), ('t45', 2), ('t108', 2), ('t452', 2), ('t1973', 2), ('t53', 1), ('t71', 1)]
[INFO] 2026-05-28 15:54:27,746 - Expanding community 7
[DEBUG] 2026-05-28 15:54:27,762 - [EXPANSION] paper sorted scores=[('p162593', 4), ('p595351', 4), ('p625579', 2), ('p500515', 1), ('p7601', 0), ('p7604', 0), ('p7605', 0), ('p7610', 0), ('p7612', 0), ('p7613', 0)]
[DEBUG] 2026-05-28 15:54:27,763 - [EXPANSION] conference sorted scores=[('c1234', 1), ('c3011', 1), ('c3594', 1), ('c3771', 1), ('c36', 0), ('c597', 0), ('c755', 0), ('c1194', 0), ('c1201', 0), ('c1798', 0)]
[DEBUG] 2026-05-28 15:54:27,775 - [EXPANSION] term sorted scores=[('t460', 4), ('t55', 2), ('t461', 2), ('t5007', 2), ('t35', 1), ('t38', 1), ('t45', 1), ('t54', 1), ('t63', 1), ('t69', 1)]
[INFO] 2026-05-28 15:54:27,775 - Expanding community 8
[DEBUG] 2026-05-28 15:54:27,791 - [EXPANSION] paper sorted scores=[('p162583', 2), ('p358700', 2), ('p500730', 2), ('p554924', 2), ('p159070', 1), ('p7601', 0), ('p7604', 0), ('p7605', 0), ('p7610', 0), ('p7612', 0)]
[DEBUG] 2026-05-28 15:54:27,792 - [EXPANSION] conference sorted scores=[('c1201', 1), ('c1234', 1), ('c2180', 1), ('c3011', 1), ('c3329', 1), ('c36', 0), ('c597', 0), ('c755', 0), ('c1194', 0), ('c1798', 0)]
[DEBUG] 2026-05-28 15:54:27,805 - [EXPANSION] term sorted scores=[('t187', 3), ('t235', 3), ('t445', 3), ('t19', 2), ('t90', 2), ('t471', 2), ('t570', 2), ('t12', 1), ('t30', 1), ('t35', 1)]
[INFO] 2026-05-28 15:54:27,805 - Expanding community 9
[DEBUG] 2026-05-28 15:54:27,823 - [EXPANSION] paper sorted scores=[('p357725', 3), ('p503819', 3), ('p86768', 2), ('p86832', 2), ('p7663', 1), ('p308094', 1), ('p500441', 1), ('p7601', 0), ('p7604', 0), ('p7605', 0)]
[DEBUG] 2026-05-28 15:54:27,824 - [EXPANSION] conference sorted scores=[('c597', 2), ('c36', 1), ('c1902', 1), ('c2180', 1), ('c3011', 1), ('c3027', 1), ('c755', 0), ('c1194', 0), ('c1201', 0), ('c1234', 0)]
[DEBUG] 2026-05-28 15:54:27,837 - [EXPANSION] term sorted scores=[('t4', 3), ('t35', 2), ('t38', 2), ('t220', 2), ('t1434', 2), ('t2154', 2), ('t2665', 2), ('t5059', 2), ('t9', 1), ('t81', 1)]
[INFO] 2026-05-28 15:54:27,837 - Expanding community 10
[DEBUG] 2026-05-28 15:54:27,853 - [EXPANSION] paper sorted scores=[('p436685', 3), ('p158920', 2), ('p159254', 2), ('p500993', 2), ('p7601', 0), ('p7604', 0), ('p7605', 0), ('p7610', 0), ('p7612', 0), ('p7613', 0)]
[DEBUG] 2026-05-28 15:54:27,854 - [EXPANSION] conference sorted scores=[('c1201', 2), ('c2504', 1), ('c3011', 1), ('c36', 0), ('c597', 0), ('c755', 0), ('c1194', 0), ('c1234', 0), ('c1798', 0), ('c1801', 0)]
[DEBUG] 2026-05-28 15:54:27,866 - [EXPANSION] term sorted scores=[('t19', 2), ('t452', 2), ('t38', 1), ('t135', 1), ('t349', 1), ('t461', 1), ('t521', 1), ('t560', 1), ('t634', 1), ('t821', 1)]
[INFO] 2026-05-28 15:54:27,866 - Expanding community 11
[DEBUG] 2026-05-28 15:54:27,885 - [EXPANSION] paper sorted scores=[('p436579', 3), ('p500550', 3), ('p158952', 1), ('p7601', 0), ('p7604', 0), ('p7605', 0), ('p7610', 0), ('p7612', 0), ('p7613', 0), ('p7621', 0)]
[DEBUG] 2026-05-28 15:54:27,887 - [EXPANSION] conference sorted scores=[('c1201', 1), ('c2504', 1), ('c3011', 1), ('c36', 0), ('c597', 0), ('c755', 0), ('c1194', 0), ('c1234', 0), ('c1798', 0), ('c1801', 0)]
[DEBUG] 2026-05-28 15:54:27,898 - [EXPANSION] term sorted scores=[('t1', 1), ('t10', 1), ('t26', 1), ('t55', 1), ('t153', 1), ('t190', 1), ('t220', 1), ('t231', 1), ('t282', 1), ('t358', 1)]
[INFO] 2026-05-28 15:54:27,899 - Expanding community 12
[DEBUG] 2026-05-28 15:54:27,916 - [EXPANSION] paper sorted scores=[('p278520', 3), ('p278521', 3), ('p7601', 0), ('p7604', 0), ('p7605', 0), ('p7610', 0), ('p7612', 0), ('p7613', 0), ('p7621', 0), ('p7630', 0)]
[DEBUG] 2026-05-28 15:54:27,918 - [EXPANSION] conference sorted scores=[('c1801', 2), ('c36', 0), ('c597', 0), ('c755', 0), ('c1194', 0), ('c1201', 0), ('c1234', 0), ('c1798', 0), ('c1902', 0), ('c2180', 0)]
[DEBUG] 2026-05-28 15:54:27,929 - [EXPANSION] term sorted scores=[('t55', 2), ('t109', 2), ('t452', 2), ('t1', 1), ('t35', 1), ('t45', 1), ('t63', 1), ('t293', 1), ('t315', 1), ('t461', 1)]
[INFO] 2026-05-28 15:54:27,929 - Expanding community 13
[DEBUG] 2026-05-28 15:54:27,945 - [EXPANSION] paper sorted scores=[('p487197', 3), ('p11483', 2), ('p308965', 2), ('p308967', 2), ('p360582', 1), ('p7601', 0), ('p7604', 0), ('p7605', 0), ('p7610', 0), ('p7612', 0)]
[DEBUG] 2026-05-28 15:54:27,946 - [EXPANSION] conference sorted scores=[('c1902', 2), ('c36', 1), ('c2180', 1), ('c2934', 1), ('c597', 0), ('c755', 0), ('c1194', 0), ('c1201', 0), ('c1234', 0), ('c1798', 0)]
[DEBUG] 2026-05-28 15:54:27,958 - [EXPANSION] term sorted scores=[('t4', 4), ('t1', 2), ('t114', 2), ('t649', 2), ('t2206', 2), ('t2207', 2), ('t6', 1), ('t35', 1), ('t38', 1), ('t45', 1)]
[INFO] 2026-05-28 15:54:27,958 - Expanding community 14
[DEBUG] 2026-05-28 15:54:27,973 - [EXPANSION] paper sorted scores=[('p86239', 3), ('p162824', 3), ('p162825', 3), ('p86241', 2), ('p163029', 2), ('p7601', 0), ('p7604', 0), ('p7605', 0), ('p7610', 0), ('p7612', 0)]
[DEBUG] 2026-05-28 15:54:27,975 - [EXPANSION] conference sorted scores=[('c1234', 3), ('c597', 2), ('c36', 0), ('c755', 0), ('c1194', 0), ('c1201', 0), ('c1798', 0), ('c1801', 0), ('c1902', 0), ('c2180', 0)]
[DEBUG] 2026-05-28 15:54:27,986 - [EXPANSION] term sorted scores=[('t19', 3), ('t51', 2), ('t63', 2), ('t726', 2), ('t794', 2), ('t2553', 2), ('t1', 1), ('t35', 1), ('t54', 1), ('t155', 1)]
[INFO] 2026-05-28 15:54:27,986 - Expanding community 15
[DEBUG] 2026-05-28 15:54:28,001 - [EXPANSION] paper sorted scores=[('p357566', 3), ('p357567', 3), ('p7601', 0), ('p7604', 0), ('p7605', 0), ('p7610', 0), ('p7612', 0), ('p7613', 0), ('p7621', 0), ('p7630', 0)]
[DEBUG] 2026-05-28 15:54:28,003 - [EXPANSION] conference sorted scores=[('c2180', 2), ('c36', 0), ('c597', 0), ('c755', 0), ('c1194', 0), ('c1201', 0), ('c1234', 0), ('c1798', 0), ('c1801', 0), ('c1902', 0)]
[DEBUG] 2026-05-28 15:54:28,013 - [EXPANSION] term sorted scores=[('t767', 2), ('t4', 1), ('t45', 1), ('t48', 1), ('t1081', 1), ('t1172', 1), ('t1244', 1), ('t1578', 1), ('t1922', 1), ('t1932', 1)]
[INFO] 2026-05-28 15:54:28,014 - Expanding community 16
[DEBUG] 2026-05-28 15:54:28,029 - [EXPANSION] paper sorted scores=[('p487349', 3), ('p158781', 2), ('p308453', 2), ('p308454', 2), ('p500603', 2), ('p500605', 2), ('p500609', 2), ('p158780', 1), ('p7601', 0), ('p7604', 0)]
[DEBUG] 2026-05-28 15:54:28,030 - [EXPANSION] conference sorted scores=[('c3011', 3), ('c1201', 2), ('c1902', 2), ('c2934', 1), ('c36', 0), ('c597', 0), ('c755', 0), ('c1194', 0), ('c1234', 0), ('c1798', 0)]
[DEBUG] 2026-05-28 15:54:28,044 - [EXPANSION] term sorted scores=[('t63', 3), ('t108', 3), ('t6468', 3), ('t19', 2), ('t35', 2), ('t55', 2), ('t98', 2), ('t142', 2), ('t250', 2), ('t461', 2)]
[INFO] 2026-05-28 15:54:28,045 - Expanding community 17
[DEBUG] 2026-05-28 15:54:28,061 - [EXPANSION] paper sorted scores=[('p437077', 3), ('p501013', 3), ('p7601', 0), ('p7604', 0), ('p7605', 0), ('p7610', 0), ('p7612', 0), ('p7613', 0), ('p7621', 0), ('p7630', 0)]
[DEBUG] 2026-05-28 15:54:28,063 - [EXPANSION] conference sorted scores=[('c2504', 1), ('c3011', 1), ('c36', 0), ('c597', 0), ('c755', 0), ('c1194', 0), ('c1201', 0), ('c1234', 0), ('c1798', 0), ('c1801', 0)]
[DEBUG] 2026-05-28 15:54:28,073 - [EXPANSION] term sorted scores=[('t63', 2), ('t112', 2), ('t483', 2), ('t489', 2), ('t1043', 2), ('t1044', 2), ('t26', 1), ('t271', 1), ('t452', 1), ('t461', 1)]
[INFO] 2026-05-28 15:54:28,074 - Expanding community 18
[DEBUG] 2026-05-28 15:54:28,089 - [EXPANSION] paper sorted scores=[('p554709', 3), ('p625790', 3), ('p7601', 0), ('p7604', 0), ('p7605', 0), ('p7610', 0), ('p7612', 0), ('p7613', 0), ('p7621', 0), ('p7630', 0)]
[DEBUG] 2026-05-28 15:54:28,090 - [EXPANSION] conference sorted scores=[('c3329', 1), ('c3771', 1), ('c36', 0), ('c597', 0), ('c755', 0), ('c1194', 0), ('c1201', 0), ('c1234', 0), ('c1798', 0), ('c1801', 0)]
[DEBUG] 2026-05-28 15:54:28,101 - [EXPANSION] term sorted scores=[('t119', 2), ('t461', 2), ('t4', 1), ('t109', 1), ('t402', 1), ('t648', 1), ('t2278', 1), ('t4452', 1), ('t12068', 1), ('t1', 0)]
[INFO] 2026-05-28 15:54:28,101 - Expanding community 19
[DEBUG] 2026-05-28 15:54:28,117 - [EXPANSION] paper sorted scores=[('p487424', 3), ('p487505', 3), ('p487524', 2), ('p536489', 2), ('p7601', 0), ('p7604', 0), ('p7605', 0), ('p7610', 0), ('p7612', 0), ('p7613', 0)]
[DEBUG] 2026-05-28 15:54:28,118 - [EXPANSION] conference sorted scores=[('c2934', 3), ('c3230', 1), ('c36', 0), ('c597', 0), ('c755', 0), ('c1194', 0), ('c1201', 0), ('c1234', 0), ('c1798', 0), ('c1801', 0)]
[DEBUG] 2026-05-28 15:54:28,129 - [EXPANSION] term sorted scores=[('t1340', 2), ('t1', 1), ('t19', 1), ('t26', 1), ('t38', 1), ('t45', 1), ('t63', 1), ('t112', 1), ('t115', 1), ('t148', 1)]
[INFO] 2026-05-28 15:54:28,130 - Expanding community 20
[DEBUG] 2026-05-28 15:54:28,145 - [EXPANSION] paper sorted scores=[('p437012', 3), ('p626669', 3), ('p7601', 0), ('p7604', 0), ('p7605', 0), ('p7610', 0), ('p7612', 0), ('p7613', 0), ('p7621', 0), ('p7630', 0)]
[DEBUG] 2026-05-28 15:54:28,146 - [EXPANSION] conference sorted scores=[('c2504', 1), ('c3771', 1), ('c36', 0), ('c597', 0), ('c755', 0), ('c1194', 0), ('c1201', 0), ('c1234', 0), ('c1798', 0), ('c1801', 0)]
[DEBUG] 2026-05-28 15:54:28,157 - [EXPANSION] term sorted scores=[('t109', 2), ('t233', 2), ('t10', 1), ('t35', 1), ('t39', 1), ('t45', 1), ('t55', 1), ('t63', 1), ('t107', 1), ('t365', 1)]
[INFO] 2026-05-28 15:54:28,157 - Expanding community 21
[DEBUG] 2026-05-28 15:54:28,172 - [EXPANSION] paper sorted scores=[('p86553', 3), ('p504434', 3), ('p597171', 3), ('p7601', 0), ('p7604', 0), ('p7605', 0), ('p7610', 0), ('p7612', 0), ('p7613', 0), ('p7621', 0)]
[DEBUG] 2026-05-28 15:54:28,173 - [EXPANSION] conference sorted scores=[('c597', 1), ('c3027', 1), ('c3594', 1), ('c36', 0), ('c755', 0), ('c1194', 0), ('c1201', 0), ('c1234', 0), ('c1798', 0), ('c1801', 0)]
[DEBUG] 2026-05-28 15:54:28,183 - [EXPANSION] term sorted scores=[('t4', 2), ('t19', 1), ('t35', 1), ('t45', 1), ('t63', 1), ('t84', 1), ('t114', 1), ('t128', 1), ('t134', 1), ('t180', 1)]
[INFO] 2026-05-28 15:54:28,184 - Expanding community 22
[DEBUG] 2026-05-28 15:54:28,198 - [EXPANSION] paper sorted scores=[('p357715', 3), ('p360829', 3), ('p308386', 2), ('p309850', 1), ('p7601', 0), ('p7604', 0), ('p7605', 0), ('p7610', 0), ('p7612', 0), ('p7613', 0)]
[DEBUG] 2026-05-28 15:54:28,200 - [EXPANSION] conference sorted scores=[('c1902', 2), ('c2180', 2), ('c36', 0), ('c597', 0), ('c755', 0), ('c1194', 0), ('c1201', 0), ('c1234', 0), ('c1798', 0), ('c1801', 0)]
[DEBUG] 2026-05-28 15:54:28,213 - [EXPANSION] term sorted scores=[('t19', 3), ('t12', 2), ('t385', 2), ('t1', 1), ('t4', 1), ('t35', 1), ('t45', 1), ('t46', 1), ('t119', 1), ('t134', 1)]
[INFO] 2026-05-28 15:54:28,213 - Expanding community 23
[DEBUG] 2026-05-28 15:54:28,229 - [EXPANSION] paper sorted scores=[('p356978', 3), ('p358268', 3), ('p7601', 0), ('p7604', 0), ('p7605', 0), ('p7610', 0), ('p7612', 0), ('p7613', 0), ('p7621', 0), ('p7630', 0)]
[DEBUG] 2026-05-28 15:54:28,230 - [EXPANSION] conference sorted scores=[('c2180', 2), ('c36', 0), ('c597', 0), ('c755', 0), ('c1194', 0), ('c1201', 0), ('c1234', 0), ('c1798', 0), ('c1801', 0), ('c1902', 0)]
[DEBUG] 2026-05-28 15:54:28,241 - [EXPANSION] term sorted scores=[('t4', 2), ('t1077', 2), ('t1', 1), ('t63', 1), ('t67', 1), ('t112', 1), ('t173', 1), ('t238', 1), ('t428', 1), ('t847', 1)]
[INFO] 2026-05-28 15:54:28,242 - Expanding community 24
[DEBUG] 2026-05-28 15:54:28,257 - [EXPANSION] paper sorted scores=[('p357958', 3), ('p359805', 3), ('p7601', 0), ('p7604', 0), ('p7605', 0), ('p7610', 0), ('p7612', 0), ('p7613', 0), ('p7621', 0), ('p7630', 0)]
[DEBUG] 2026-05-28 15:54:28,259 - [EXPANSION] conference sorted scores=[('c2180', 2), ('c36', 0), ('c597', 0), ('c755', 0), ('c1194', 0), ('c1201', 0), ('c1234', 0), ('c1798', 0), ('c1801', 0), ('c1902', 0)]
[DEBUG] 2026-05-28 15:54:28,269 - [EXPANSION] term sorted scores=[('t358', 2), ('t4', 1), ('t17', 1), ('t19', 1), ('t37', 1), ('t63', 1), ('t298', 1), ('t405', 1), ('t428', 1), ('t847', 1)]
[INFO] 2026-05-28 15:54:28,270 - Expanding community 25
[DEBUG] 2026-05-28 15:54:28,286 - [EXPANSION] paper sorted scores=[('p278374', 3), ('p536343', 3), ('p7601', 0), ('p7604', 0), ('p7605', 0), ('p7610', 0), ('p7612', 0), ('p7613', 0), ('p7621', 0), ('p7630', 0)]
[DEBUG] 2026-05-28 15:54:28,287 - [EXPANSION] conference sorted scores=[('c1801', 1), ('c3230', 1), ('c36', 0), ('c597', 0), ('c755', 0), ('c1194', 0), ('c1201', 0), ('c1234', 0), ('c1798', 0), ('c1902', 0)]
[DEBUG] 2026-05-28 15:54:28,298 - [EXPANSION] term sorted scores=[('t103', 2), ('t220', 2), ('t2665', 2), ('t19', 1), ('t298', 1), ('t1343', 1), ('t1', 0), ('t2', 0), ('t3', 0), ('t4', 0)]
[INFO] 2026-05-28 15:54:28,298 - Expanding community 26
[DEBUG] 2026-05-28 15:54:28,313 - [EXPANSION] paper sorted scores=[('p436145', 3), ('p536283', 3), ('p162813', 1), ('p7601', 0), ('p7604', 0), ('p7605', 0), ('p7610', 0), ('p7612', 0), ('p7613', 0), ('p7621', 0)]
[DEBUG] 2026-05-28 15:54:28,314 - [EXPANSION] conference sorted scores=[('c1234', 1), ('c2504', 1), ('c3230', 1), ('c36', 0), ('c597', 0), ('c755', 0), ('c1194', 0), ('c1201', 0), ('c1798', 0), ('c1801', 0)]
[DEBUG] 2026-05-28 15:54:28,326 - [EXPANSION] term sorted scores=[('t45', 2), ('t461', 2), ('t955', 2), ('t4', 1), ('t19', 1), ('t53', 1), ('t63', 1), ('t81', 1), ('t108', 1), ('t163', 1)]
[INFO] 2026-05-28 15:54:28,326 - Expanding community 27
[DEBUG] 2026-05-28 15:54:28,341 - [EXPANSION] paper sorted scores=[('p504557', 3), ('p555889', 3), ('p536234', 2), ('p118053', 1), ('p7601', 0), ('p7604', 0), ('p7605', 0), ('p7610', 0), ('p7612', 0), ('p7613', 0)]
[DEBUG] 2026-05-28 15:54:28,342 - [EXPANSION] conference sorted scores=[('c755', 1), ('c3027', 1), ('c3230', 1), ('c3329', 1), ('c36', 0), ('c597', 0), ('c1194', 0), ('c1201', 0), ('c1234', 0), ('c1798', 0)]
[DEBUG] 2026-05-28 15:54:28,355 - [EXPANSION] term sorted scores=[('t55', 2), ('t63', 2), ('t177', 2), ('t461', 2), ('t501', 2), ('t521', 2), ('t19', 1), ('t35', 1), ('t45', 1), ('t54', 1)]
[INFO] 2026-05-28 15:54:28,355 - Expanding community 28
[DEBUG] 2026-05-28 15:54:28,370 - [EXPANSION] paper sorted scores=[('p486690', 2), ('p486692', 2), ('p486697', 2), ('p500553', 2), ('p275916', 1), ('p500554', 1), ('p7601', 0), ('p7604', 0), ('p7605', 0), ('p7610', 0)]
[DEBUG] 2026-05-28 15:54:28,372 - [EXPANSION] conference sorted scores=[('c2934', 3), ('c3011', 2), ('c1798', 1), ('c36', 0), ('c597', 0), ('c755', 0), ('c1194', 0), ('c1201', 0), ('c1234', 0), ('c1801', 0)]
[DEBUG] 2026-05-28 15:54:28,383 - [EXPANSION] term sorted scores=[('t226', 4), ('t461', 4), ('t4', 2), ('t19', 2), ('t35', 2), ('t45', 2), ('t57', 2), ('t103', 2), ('t1107', 2), ('t1434', 2)]
[INFO] 2026-05-28 15:54:28,384 - Expanding community 29
[DEBUG] 2026-05-28 15:54:28,400 - [EXPANSION] paper sorted scores=[('p278304', 3), ('p357168', 3), ('p8721', 2), ('p536370', 1), ('p536552', 1), ('p7601', 0), ('p7604', 0), ('p7605', 0), ('p7610', 0), ('p7612', 0)]
[DEBUG] 2026-05-28 15:54:28,402 - [EXPANSION] conference sorted scores=[('c3230', 2), ('c36', 1), ('c1801', 1), ('c2180', 1), ('c597', 0), ('c755', 0), ('c1194', 0), ('c1201', 0), ('c1234', 0), ('c1798', 0)]
[DEBUG] 2026-05-28 15:54:28,415 - [EXPANSION] term sorted scores=[('t19', 3), ('t737', 3), ('t38', 2), ('t354', 2), ('t890', 2), ('t1575', 2), ('t2287', 2), ('t4', 1), ('t10', 1), ('t21', 1)]
[INFO] 2026-05-28 15:54:28,415 - Expanding community 30
[DEBUG] 2026-05-28 15:54:28,433 - [EXPANSION] paper sorted scores=[('p86945', 3), ('p157133', 3), ('p7601', 0), ('p7604', 0), ('p7605', 0), ('p7610', 0), ('p7612', 0), ('p7613', 0), ('p7621', 0), ('p7630', 0)]
[DEBUG] 2026-05-28 15:54:28,434 - [EXPANSION] conference sorted scores=[('c597', 1), ('c1194', 1), ('c36', 0), ('c755', 0), ('c1201', 0), ('c1234', 0), ('c1798', 0), ('c1801', 0), ('c1902', 0), ('c2180', 0)]
[DEBUG] 2026-05-28 15:54:28,446 - [EXPANSION] term sorted scores=[('t49', 2), ('t1837', 2), ('t81', 1), ('t91', 1), ('t368', 1), ('t534', 1), ('t844', 1), ('t1248', 1), ('t1', 0), ('t2', 0)]
[INFO] 2026-05-28 15:54:28,446 - Expanding community 31
[DEBUG] 2026-05-28 15:54:28,463 - [EXPANSION] paper sorted scores=[('p86386', 3), ('p278275', 3), ('p7601', 0), ('p7604', 0), ('p7605', 0), ('p7610', 0), ('p7612', 0), ('p7613', 0), ('p7621', 0), ('p7630', 0)]
[DEBUG] 2026-05-28 15:54:28,464 - [EXPANSION] conference sorted scores=[('c597', 1), ('c1801', 1), ('c36', 0), ('c755', 0), ('c1194', 0), ('c1201', 0), ('c1234', 0), ('c1798', 0), ('c1902', 0), ('c2180', 0)]
[DEBUG] 2026-05-28 15:54:28,475 - [EXPANSION] term sorted scores=[('t4', 2), ('t478', 2), ('t10', 1), ('t37', 1), ('t54', 1), ('t114', 1), ('t228', 1), ('t479', 1), ('t560', 1), ('t1261', 1)]
[INFO] 2026-05-28 15:54:28,475 - Expanding community 32
[DEBUG] 2026-05-28 15:54:28,492 - [EXPANSION] paper sorted scores=[('p504514', 3), ('p556433', 3), ('p7601', 0), ('p7604', 0), ('p7605', 0), ('p7610', 0), ('p7612', 0), ('p7613', 0), ('p7621', 0), ('p7630', 0)]
[DEBUG] 2026-05-28 15:54:28,493 - [EXPANSION] conference sorted scores=[('c3027', 1), ('c3329', 1), ('c36', 0), ('c597', 0), ('c755', 0), ('c1194', 0), ('c1201', 0), ('c1234', 0), ('c1798', 0), ('c1801', 0)]
[DEBUG] 2026-05-28 15:54:28,503 - [EXPANSION] term sorted scores=[('t55', 2), ('t2534', 2), ('t19', 1), ('t45', 1), ('t82', 1), ('t209', 1), ('t343', 1), ('t344', 1), ('t375', 1), ('t1213', 1)]
[INFO] 2026-05-28 15:54:28,503 - Expanding community 33
[DEBUG] 2026-05-28 15:54:28,519 - [EXPANSION] paper sorted scores=[('p163066', 3), ('p556465', 3), ('p7601', 0), ('p7604', 0), ('p7605', 0), ('p7610', 0), ('p7612', 0), ('p7613', 0), ('p7621', 0), ('p7630', 0)]
[DEBUG] 2026-05-28 15:54:28,521 - [EXPANSION] conference sorted scores=[('c1234', 1), ('c3329', 1), ('c36', 0), ('c597', 0), ('c755', 0), ('c1194', 0), ('c1201', 0), ('c1798', 0), ('c1801', 0), ('c1902', 0)]
[DEBUG] 2026-05-28 15:54:28,531 - [EXPANSION] term sorted scores=[('t1', 2), ('t998', 2), ('t6787', 2), ('t4', 1), ('t63', 1), ('t358', 1), ('t524', 1), ('t651', 1), ('t657', 1), ('t733', 1)]
[INFO] 2026-05-28 15:54:28,531 - Expanding community 34
[DEBUG] 2026-05-28 15:54:28,546 - [EXPANSION] paper sorted scores=[('p359989', 3), ('p360768', 3), ('p7601', 0), ('p7604', 0), ('p7605', 0), ('p7610', 0), ('p7612', 0), ('p7613', 0), ('p7621', 0), ('p7630', 0)]
[DEBUG] 2026-05-28 15:54:28,547 - [EXPANSION] conference sorted scores=[('c2180', 2), ('c36', 0), ('c597', 0), ('c755', 0), ('c1194', 0), ('c1201', 0), ('c1234', 0), ('c1798', 0), ('c1801', 0), ('c1902', 0)]
[DEBUG] 2026-05-28 15:54:28,559 - [EXPANSION] term sorted scores=[('t4', 2), ('t35', 1), ('t114', 1), ('t187', 1), ('t249', 1), ('t391', 1), ('t436', 1), ('t502', 1), ('t937', 1), ('t1209', 1)]
[INFO] 2026-05-28 15:54:28,559 - Expanding community 35
[DEBUG] 2026-05-28 15:54:28,574 - [EXPANSION] paper sorted scores=[('p86814', 3), ('p156993', 3), ('p86354', 1), ('p7601', 0), ('p7604', 0), ('p7605', 0), ('p7610', 0), ('p7612', 0), ('p7613', 0), ('p7621', 0)]
[DEBUG] 2026-05-28 15:54:28,575 - [EXPANSION] conference sorted scores=[('c597', 2), ('c1194', 1), ('c36', 0), ('c755', 0), ('c1201', 0), ('c1234', 0), ('c1798', 0), ('c1801', 0), ('c1902', 0), ('c2180', 0)]
[DEBUG] 2026-05-28 15:54:28,587 - [EXPANSION] term sorted scores=[('t81', 2), ('t568', 2), ('t1656', 2), ('t2244', 2), ('t35', 1), ('t38', 1), ('t45', 1), ('t112', 1), ('t133', 1), ('t148', 1)]
[INFO] 2026-05-28 15:54:28,587 - Expanding community 36
[DEBUG] 2026-05-28 15:54:28,605 - [EXPANSION] paper sorted scores=[('p11916', 3), ('p86843', 3), ('p501011', 1), ('p7601', 0), ('p7604', 0), ('p7605', 0), ('p7610', 0), ('p7612', 0), ('p7613', 0), ('p7621', 0)]
[DEBUG] 2026-05-28 15:54:28,606 - [EXPANSION] conference sorted scores=[('c36', 1), ('c597', 1), ('c3011', 1), ('c755', 0), ('c1194', 0), ('c1201', 0), ('c1234', 0), ('c1798', 0), ('c1801', 0), ('c1902', 0)]
[DEBUG] 2026-05-28 15:54:28,618 - [EXPANSION] term sorted scores=[('t147', 2), ('t4', 1), ('t10', 1), ('t12', 1), ('t19', 1), ('t26', 1), ('t38', 1), ('t45', 1), ('t55', 1), ('t81', 1)]
[INFO] 2026-05-28 15:54:28,618 - Expanding community 37
[DEBUG] 2026-05-28 15:54:28,634 - [EXPANSION] paper sorted scores=[('p278734', 2), ('p279035', 2), ('p7601', 0), ('p7604', 0), ('p7605', 0), ('p7610', 0), ('p7612', 0), ('p7613', 0), ('p7621', 0), ('p7630', 0)]
[DEBUG] 2026-05-28 15:54:28,635 - [EXPANSION] conference sorted scores=[('c1801', 2), ('c36', 0), ('c597', 0), ('c755', 0), ('c1194', 0), ('c1201', 0), ('c1234', 0), ('c1798', 0), ('c1902', 0), ('c2180', 0)]
[DEBUG] 2026-05-28 15:54:28,646 - [EXPANSION] term sorted scores=[('t63', 2), ('t19', 1), ('t38', 1), ('t40', 1), ('t51', 1), ('t81', 1), ('t128', 1), ('t249', 1), ('t368', 1), ('t452', 1)]
[INFO] 2026-05-28 15:54:28,646 - Expanding community 38
[DEBUG] 2026-05-28 15:54:28,662 - [EXPANSION] paper sorted scores=[('p357679', 2), ('p359756', 2), ('p596572', 1), ('p7601', 0), ('p7604', 0), ('p7605', 0), ('p7610', 0), ('p7612', 0), ('p7613', 0), ('p7621', 0)]
[DEBUG] 2026-05-28 15:54:28,663 - [EXPANSION] conference sorted scores=[('c2180', 2), ('c3594', 1), ('c36', 0), ('c597', 0), ('c755', 0), ('c1194', 0), ('c1201', 0), ('c1234', 0), ('c1798', 0), ('c1801', 0)]
[DEBUG] 2026-05-28 15:54:28,674 - [EXPANSION] term sorted scores=[('t19', 2), ('t419', 2), ('t35', 1), ('t38', 1), ('t54', 1), ('t280', 1), ('t309', 1), ('t312', 1), ('t558', 1), ('t933', 1)]
[INFO] 2026-05-28 15:54:28,674 - Expanding community 39
[DEBUG] 2026-05-28 15:54:28,689 - [EXPANSION] paper sorted scores=[('p85881', 2), ('p85883', 2), ('p503769', 1), ('p554168', 1), ('p7601', 0), ('p7604', 0), ('p7605', 0), ('p7610', 0), ('p7612', 0), ('p7613', 0)]
[DEBUG] 2026-05-28 15:54:28,690 - [EXPANSION] conference sorted scores=[('c597', 2), ('c3027', 1), ('c3329', 1), ('c36', 0), ('c755', 0), ('c1194', 0), ('c1201', 0), ('c1234', 0), ('c1798', 0), ('c1801', 0)]
[DEBUG] 2026-05-28 15:54:28,701 - [EXPANSION] term sorted scores=[('t4', 2), ('t235', 2), ('t985', 2), ('t3991', 2), ('t1', 1), ('t10', 1), ('t19', 1), ('t35', 1), ('t274', 1), ('t468', 1)]
[INFO] 2026-05-28 15:54:28,702 - Expanding community 40
[DEBUG] 2026-05-28 15:54:28,717 - [EXPANSION] paper sorted scores=[('p85611', 2), ('p278078', 2), ('p7601', 0), ('p7604', 0), ('p7605', 0), ('p7610', 0), ('p7612', 0), ('p7613', 0), ('p7621', 0), ('p7630', 0)]
[DEBUG] 2026-05-28 15:54:28,718 - [EXPANSION] conference sorted scores=[('c597', 1), ('c1801', 1), ('c36', 0), ('c755', 0), ('c1194', 0), ('c1201', 0), ('c1234', 0), ('c1798', 0), ('c1902', 0), ('c2180', 0)]
[DEBUG] 2026-05-28 15:54:28,728 - [EXPANSION] term sorted scores=[('t231', 2), ('t4', 1), ('t10', 1), ('t26', 1), ('t63', 1), ('t282', 1), ('t452', 1), ('t478', 1), ('t479', 1), ('t1806', 1)]
[INFO] 2026-05-28 15:54:28,729 - Expanding community 41
[DEBUG] 2026-05-28 15:54:28,745 - [EXPANSION] paper sorted scores=[('p356999', 2), ('p357324', 2), ('p7601', 0), ('p7604', 0), ('p7605', 0), ('p7610', 0), ('p7612', 0), ('p7613', 0), ('p7621', 0), ('p7630', 0)]
[DEBUG] 2026-05-28 15:54:28,746 - [EXPANSION] conference sorted scores=[('c2180', 2), ('c36', 0), ('c597', 0), ('c755', 0), ('c1194', 0), ('c1201', 0), ('c1234', 0), ('c1798', 0), ('c1801', 0), ('c1902', 0)]
[DEBUG] 2026-05-28 15:54:28,760 - [EXPANSION] term sorted scores=[('t19', 1), ('t35', 1), ('t45', 1), ('t51', 1), ('t175', 1), ('t176', 1), ('t256', 1), ('t434', 1), ('t558', 1), ('t589', 1)]
[INFO] 2026-05-28 15:54:28,760 - Expanding community 42
[DEBUG] 2026-05-28 15:54:28,777 - [EXPANSION] paper sorted scores=[('p11425', 2), ('p360520', 2), ('p7601', 0), ('p7604', 0), ('p7605', 0), ('p7610', 0), ('p7612', 0), ('p7613', 0), ('p7621', 0), ('p7630', 0)]
[DEBUG] 2026-05-28 15:54:28,778 - [EXPANSION] conference sorted scores=[('c36', 1), ('c2180', 1), ('c597', 0), ('c755', 0), ('c1194', 0), ('c1201', 0), ('c1234', 0), ('c1798', 0), ('c1801', 0), ('c1902', 0)]
[DEBUG] 2026-05-28 15:54:28,789 - [EXPANSION] term sorted scores=[('t55', 1), ('t174', 1), ('t175', 1), ('t216', 1), ('t250', 1), ('t295', 1), ('t560', 1), ('t943', 1), ('t967', 1), ('t1083', 1)]
[INFO] 2026-05-28 15:54:28,789 - Expanding community 43
[DEBUG] 2026-05-28 15:54:28,806 - [EXPANSION] paper sorted scores=[('p8387', 2), ('p359099', 2), ('p7601', 0), ('p7604', 0), ('p7605', 0), ('p7610', 0), ('p7612', 0), ('p7613', 0), ('p7621', 0), ('p7630', 0)]
[DEBUG] 2026-05-28 15:54:28,807 - [EXPANSION] conference sorted scores=[('c36', 1), ('c2180', 1), ('c597', 0), ('c755', 0), ('c1194', 0), ('c1201', 0), ('c1234', 0), ('c1798', 0), ('c1801', 0), ('c1902', 0)]
[DEBUG] 2026-05-28 15:54:28,818 - [EXPANSION] term sorted scores=[('t1526', 2), ('t10', 1), ('t39', 1), ('t55', 1), ('t81', 1), ('t174', 1), ('t1457', 1), ('t1612', 1), ('t1872', 1), ('t1873', 1)]
[INFO] 2026-05-28 15:54:28,818 - Expanding community 44
[DEBUG] 2026-05-28 15:54:28,835 - [EXPANSION] paper sorted scores=[('p162643', 2), ('p595794', 2), ('p7601', 0), ('p7604', 0), ('p7605', 0), ('p7610', 0), ('p7612', 0), ('p7613', 0), ('p7621', 0), ('p7630', 0)]
[DEBUG] 2026-05-28 15:54:28,836 - [EXPANSION] conference sorted scores=[('c1234', 1), ('c3594', 1), ('c36', 0), ('c597', 0), ('c755', 0), ('c1194', 0), ('c1201', 0), ('c1798', 0), ('c1801', 0), ('c1902', 0)]
[DEBUG] 2026-05-28 15:54:28,847 - [EXPANSION] term sorted scores=[('t19', 2), ('t6563', 2), ('t112', 1), ('t336', 1), ('t342', 1), ('t524', 1), ('t1241', 1), ('t2151', 1), ('t1', 0), ('t2', 0)]
[INFO] 2026-05-28 15:54:28,847 - Expanding community 45
[DEBUG] 2026-05-28 15:54:28,862 - [EXPANSION] paper sorted scores=[('p437181', 2), ('p487364', 2), ('p7601', 0), ('p7604', 0), ('p7605', 0), ('p7610', 0), ('p7612', 0), ('p7613', 0), ('p7621', 0), ('p7630', 0)]
[DEBUG] 2026-05-28 15:54:28,863 - [EXPANSION] conference sorted scores=[('c2504', 1), ('c2934', 1), ('c36', 0), ('c597', 0), ('c755', 0), ('c1194', 0), ('c1201', 0), ('c1234', 0), ('c1798', 0), ('c1801', 0)]
[DEBUG] 2026-05-28 15:54:28,874 - [EXPANSION] term sorted scores=[('t19', 1), ('t220', 1), ('t304', 1), ('t452', 1), ('t499', 1), ('t578', 1), ('t634', 1), ('t1456', 1), ('t3144', 1), ('t6250', 1)]
[INFO] 2026-05-28 15:54:28,875 - Expanding community 46
[DEBUG] 2026-05-28 15:54:28,892 - [EXPANSION] paper sorted scores=[('p308605', 2), ('p436440', 2), ('p159085', 1), ('p7601', 0), ('p7604', 0), ('p7605', 0), ('p7610', 0), ('p7612', 0), ('p7613', 0), ('p7621', 0)]
[DEBUG] 2026-05-28 15:54:28,893 - [EXPANSION] conference sorted scores=[('c1201', 1), ('c1902', 1), ('c2504', 1), ('c36', 0), ('c597', 0), ('c755', 0), ('c1194', 0), ('c1234', 0), ('c1798', 0), ('c1801', 0)]
[DEBUG] 2026-05-28 15:54:28,905 - [EXPANSION] term sorted scores=[('t4', 2), ('t126', 2), ('t150', 2), ('t744', 2), ('t890', 2), ('t1', 1), ('t10', 1), ('t12', 1), ('t35', 1), ('t63', 1)]
[INFO] 2026-05-28 15:54:28,906 - Expanding community 47
[DEBUG] 2026-05-28 15:54:28,923 - [EXPANSION] paper sorted scores=[('p437417', 2), ('p536523', 2), ('p158789', 1), ('p7601', 0), ('p7604', 0), ('p7605', 0), ('p7610', 0), ('p7612', 0), ('p7613', 0), ('p7621', 0)]
[DEBUG] 2026-05-28 15:54:28,925 - [EXPANSION] conference sorted scores=[('c1201', 1), ('c2504', 1), ('c3230', 1), ('c36', 0), ('c597', 0), ('c755', 0), ('c1194', 0), ('c1234', 0), ('c1798', 0), ('c1801', 0)]
[DEBUG] 2026-05-28 15:54:28,936 - [EXPANSION] term sorted scores=[('t10', 2), ('t12', 2), ('t461', 2), ('t4', 1), ('t21', 1), ('t35', 1), ('t53', 1), ('t91', 1), ('t150', 1), ('t354', 1)]
[INFO] 2026-05-28 15:54:28,937 - Expanding community 48
[DEBUG] 2026-05-28 15:54:28,953 - [EXPANSION] paper sorted scores=[('p12264', 2), ('p360595', 2), ('p7601', 0), ('p7604', 0), ('p7605', 0), ('p7610', 0), ('p7612', 0), ('p7613', 0), ('p7621', 0), ('p7630', 0)]
[DEBUG] 2026-05-28 15:54:28,954 - [EXPANSION] conference sorted scores=[('c36', 1), ('c2180', 1), ('c597', 0), ('c755', 0), ('c1194', 0), ('c1201', 0), ('c1234', 0), ('c1798', 0), ('c1801', 0), ('c1902', 0)]
[DEBUG] 2026-05-28 15:54:28,965 - [EXPANSION] term sorted scores=[('t174', 2), ('t4', 1), ('t35', 1), ('t63', 1), ('t300', 1), ('t554', 1), ('t723', 1), ('t1194', 1), ('t1313', 1), ('t1321', 1)]
[INFO] 2026-05-28 15:54:28,965 - Expanding community 49
[DEBUG] 2026-05-28 15:54:28,981 - [EXPANSION] paper sorted scores=[('p487113', 2), ('p487114', 2), ('p487397', 1), ('p7601', 0), ('p7604', 0), ('p7605', 0), ('p7610', 0), ('p7612', 0), ('p7613', 0), ('p7621', 0)]
[DEBUG] 2026-05-28 15:54:28,982 - [EXPANSION] conference sorted scores=[('c2934', 3), ('c36', 0), ('c597', 0), ('c755', 0), ('c1194', 0), ('c1201', 0), ('c1234', 0), ('c1798', 0), ('c1801', 0), ('c1902', 0)]
[DEBUG] 2026-05-28 15:54:28,993 - [EXPANSION] term sorted scores=[('t226', 3), ('t452', 3), ('t461', 3), ('t1035', 3), ('t1036', 3), ('t19', 2), ('t45', 1), ('t63', 1), ('t171', 1), ('t172', 1)]
[INFO] 2026-05-28 15:54:28,993 - Expanding community 50
[DEBUG] 2026-05-28 15:54:29,008 - [EXPANSION] paper sorted scores=[('p86299', 2), ('p436681', 2), ('p7601', 0), ('p7604', 0), ('p7605', 0), ('p7610', 0), ('p7612', 0), ('p7613', 0), ('p7621', 0), ('p7630', 0)]
[DEBUG] 2026-05-28 15:54:29,009 - [EXPANSION] conference sorted scores=[('c597', 1), ('c2504', 1), ('c36', 0), ('c755', 0), ('c1194', 0), ('c1201', 0), ('c1234', 0), ('c1798', 0), ('c1801', 0), ('c1902', 0)]
[DEBUG] 2026-05-28 15:54:29,020 - [EXPANSION] term sorted scores=[('t38', 2), ('t461', 2), ('t4', 1), ('t55', 1), ('t63', 1), ('t112', 1), ('t114', 1), ('t124', 1), ('t282', 1), ('t397', 1)]
[INFO] 2026-05-28 15:54:29,020 - Expanding community 51
[DEBUG] 2026-05-28 15:54:29,035 - [EXPANSION] paper sorted scores=[('p486954', 2), ('p500737', 2), ('p278400', 1), ('p7601', 0), ('p7604', 0), ('p7605', 0), ('p7610', 0), ('p7612', 0), ('p7613', 0), ('p7621', 0)]
[DEBUG] 2026-05-28 15:54:29,036 - [EXPANSION] conference sorted scores=[('c1801', 1), ('c2934', 1), ('c3011', 1), ('c36', 0), ('c597', 0), ('c755', 0), ('c1194', 0), ('c1201', 0), ('c1234', 0), ('c1798', 0)]
[DEBUG] 2026-05-28 15:54:29,048 - [EXPANSION] term sorted scores=[('t19', 2), ('t35', 2), ('t368', 2), ('t63', 1), ('t108', 1), ('t114', 1), ('t173', 1), ('t226', 1), ('t271', 1), ('t418', 1)]
[INFO] 2026-05-28 15:54:29,048 - Expanding community 52
[DEBUG] 2026-05-28 15:54:29,063 - [EXPANSION] paper sorted scores=[('p278283', 2), ('p487180', 2), ('p7601', 0), ('p7604', 0), ('p7605', 0), ('p7610', 0), ('p7612', 0), ('p7613', 0), ('p7621', 0), ('p7630', 0)]
[DEBUG] 2026-05-28 15:54:29,064 - [EXPANSION] conference sorted scores=[('c1801', 1), ('c2934', 1), ('c36', 0), ('c597', 0), ('c755', 0), ('c1194', 0), ('c1201', 0), ('c1234', 0), ('c1798', 0), ('c1902', 0)]
[DEBUG] 2026-05-28 15:54:29,076 - [EXPANSION] term sorted scores=[('t560', 2), ('t4', 1), ('t35', 1), ('t63', 1), ('t82', 1), ('t226', 1), ('t231', 1), ('t327', 1), ('t368', 1), ('t461', 1)]
[INFO] 2026-05-28 15:54:29,077 - Expanding community 53
[DEBUG] 2026-05-28 15:54:29,093 - [EXPANSION] paper sorted scores=[('p436222', 2), ('p500486', 2), ('p500488', 1), ('p7601', 0), ('p7604', 0), ('p7605', 0), ('p7610', 0), ('p7612', 0), ('p7613', 0), ('p7621', 0)]
[DEBUG] 2026-05-28 15:54:29,095 - [EXPANSION] conference sorted scores=[('c3011', 2), ('c2504', 1), ('c36', 0), ('c597', 0), ('c755', 0), ('c1194', 0), ('c1201', 0), ('c1234', 0), ('c1798', 0), ('c1801', 0)]
[DEBUG] 2026-05-28 15:54:29,106 - [EXPANSION] term sorted scores=[('t461', 2), ('t19', 1), ('t38', 1), ('t45', 1), ('t53', 1), ('t55', 1), ('t63', 1), ('t82', 1), ('t91', 1), ('t112', 1)]
[INFO] 2026-05-28 15:54:29,106 - Expanding community 54
[DEBUG] 2026-05-28 15:54:29,122 - [EXPANSION] paper sorted scores=[('p500883', 2), ('p500885', 2), ('p437110', 1), ('p437328', 1), ('p500834', 1), ('p7601', 0), ('p7604', 0), ('p7605', 0), ('p7610', 0), ('p7612', 0)]
[DEBUG] 2026-05-28 15:54:29,124 - [EXPANSION] conference sorted scores=[('c3011', 3), ('c2504', 2), ('c36', 0), ('c597', 0), ('c755', 0), ('c1194', 0), ('c1201', 0), ('c1234', 0), ('c1798', 0), ('c1801', 0)]
[DEBUG] 2026-05-28 15:54:29,135 - [EXPANSION] term sorted scores=[('t4', 3), ('t19', 3), ('t226', 3), ('t82', 2), ('t12', 1), ('t35', 1), ('t38', 1), ('t63', 1), ('t77', 1), ('t86', 1)]
[INFO] 2026-05-28 15:54:29,135 - Expanding community 55
[DEBUG] 2026-05-28 15:54:29,151 - [EXPANSION] paper sorted scores=[('p486930', 2), ('p486932', 2), ('p555763', 2), ('p7601', 0), ('p7604', 0), ('p7605', 0), ('p7610', 0), ('p7612', 0), ('p7613', 0), ('p7621', 0)]
[DEBUG] 2026-05-28 15:54:29,152 - [EXPANSION] conference sorted scores=[('c2934', 2), ('c3329', 1), ('c36', 0), ('c597', 0), ('c755', 0), ('c1194', 0), ('c1201', 0), ('c1234', 0), ('c1798', 0), ('c1801', 0)]
[DEBUG] 2026-05-28 15:54:29,163 - [EXPANSION] term sorted scores=[('t45', 2), ('t103', 2), ('t461', 2), ('t1', 1), ('t4', 1), ('t35', 1), ('t38', 1), ('t55', 1), ('t63', 1), ('t108', 1)]
[INFO] 2026-05-28 15:54:29,164 - Expanding community 56
[DEBUG] 2026-05-28 15:54:29,180 - [EXPANSION] paper sorted scores=[('p437046', 2), ('p486590', 2), ('p486591', 2), ('p158914', 1), ('p7601', 0), ('p7604', 0), ('p7605', 0), ('p7610', 0), ('p7612', 0), ('p7613', 0)]
[DEBUG] 2026-05-28 15:54:29,181 - [EXPANSION] conference sorted scores=[('c2934', 2), ('c1201', 1), ('c2504', 1), ('c36', 0), ('c597', 0), ('c755', 0), ('c1194', 0), ('c1234', 0), ('c1798', 0), ('c1801', 0)]
[DEBUG] 2026-05-28 15:54:29,192 - [EXPANSION] term sorted scores=[('t53', 3), ('t4', 2), ('t461', 2), ('t808', 2), ('t1542', 2), ('t1', 1), ('t63', 1), ('t108', 1), ('t112', 1), ('t235', 1)]
[INFO] 2026-05-28 15:54:29,193 - Expanding community 57
[DEBUG] 2026-05-28 15:54:29,208 - [EXPANSION] paper sorted scores=[('p487279', 2), ('p487350', 2), ('p536294', 1), ('p7601', 0), ('p7604', 0), ('p7605', 0), ('p7610', 0), ('p7612', 0), ('p7613', 0), ('p7621', 0)]
[DEBUG] 2026-05-28 15:54:29,209 - [EXPANSION] conference sorted scores=[('c2934', 2), ('c3230', 1), ('c36', 0), ('c597', 0), ('c755', 0), ('c1194', 0), ('c1201', 0), ('c1234', 0), ('c1798', 0), ('c1801', 0)]
[DEBUG] 2026-05-28 15:54:29,220 - [EXPANSION] term sorted scores=[('t623', 2), ('t809', 2), ('t980', 2), ('t10', 1), ('t12', 1), ('t13', 1), ('t19', 1), ('t26', 1), ('t38', 1), ('t63', 1)]
[INFO] 2026-05-28 15:54:29,220 - Expanding community 58
[DEBUG] 2026-05-28 15:54:29,235 - [EXPANSION] paper sorted scores=[('p159143', 2), ('p358410', 2), ('p308688', 1), ('p7601', 0), ('p7604', 0), ('p7605', 0), ('p7610', 0), ('p7612', 0), ('p7613', 0), ('p7621', 0)]
[DEBUG] 2026-05-28 15:54:29,236 - [EXPANSION] conference sorted scores=[('c1201', 1), ('c1902', 1), ('c2180', 1), ('c36', 0), ('c597', 0), ('c755', 0), ('c1194', 0), ('c1234', 0), ('c1798', 0), ('c1801', 0)]
[DEBUG] 2026-05-28 15:54:29,250 - [EXPANSION] term sorted scores=[('t4', 2), ('t12', 2), ('t1', 1), ('t26', 1), ('t35', 1), ('t45', 1), ('t55', 1), ('t61', 1), ('t81', 1), ('t82', 1)]
[INFO] 2026-05-28 15:54:29,250 - Expanding community 59
[DEBUG] 2026-05-28 15:54:29,267 - [EXPANSION] paper sorted scores=[('p158976', 2), ('p436771', 2), ('p7601', 0), ('p7604', 0), ('p7605', 0), ('p7610', 0), ('p7612', 0), ('p7613', 0), ('p7621', 0), ('p7630', 0)]
[DEBUG] 2026-05-28 15:54:29,268 - [EXPANSION] conference sorted scores=[('c1201', 1), ('c2504', 1), ('c36', 0), ('c597', 0), ('c755', 0), ('c1194', 0), ('c1234', 0), ('c1798', 0), ('c1801', 0), ('c1902', 0)]
[DEBUG] 2026-05-28 15:54:29,279 - [EXPANSION] term sorted scores=[('t461', 2), ('t19', 1), ('t35', 1), ('t53', 1), ('t55', 1), ('t63', 1), ('t344', 1), ('t388', 1), ('t452', 1), ('t580', 1)]
[INFO] 2026-05-28 15:54:29,279 - Expanding community 60
[DEBUG] 2026-05-28 15:54:29,294 - [EXPANSION] paper sorted scores=[('p86468', 2), ('p162650', 2), ('p436899', 2), ('p7601', 0), ('p7604', 0), ('p7605', 0), ('p7610', 0), ('p7612', 0), ('p7613', 0), ('p7621', 0)]
[DEBUG] 2026-05-28 15:54:29,296 - [EXPANSION] conference sorted scores=[('c597', 1), ('c1234', 1), ('c2504', 1), ('c36', 0), ('c755', 0), ('c1194', 0), ('c1201', 0), ('c1798', 0), ('c1801', 0), ('c1902', 0)]
[DEBUG] 2026-05-28 15:54:29,306 - [EXPANSION] term sorted scores=[('t114', 2), ('t6', 1), ('t19', 1), ('t39', 1), ('t45', 1), ('t60', 1), ('t63', 1), ('t81', 1), ('t107', 1), ('t235', 1)]
[INFO] 2026-05-28 15:54:29,306 - Expanding community 61
[DEBUG] 2026-05-28 15:54:29,321 - [EXPANSION] paper sorted scores=[('p86432', 2), ('p159126', 2), ('p7601', 0), ('p7604', 0), ('p7605', 0), ('p7610', 0), ('p7612', 0), ('p7613', 0), ('p7621', 0), ('p7630', 0)]
[DEBUG] 2026-05-28 15:54:29,322 - [EXPANSION] conference sorted scores=[('c597', 1), ('c1201', 1), ('c36', 0), ('c755', 0), ('c1194', 0), ('c1234', 0), ('c1798', 0), ('c1801', 0), ('c1902', 0), ('c2180', 0)]
[DEBUG] 2026-05-28 15:54:29,333 - [EXPANSION] term sorted scores=[('t26', 2), ('t142', 2), ('t616', 2), ('t2708', 2), ('t19', 1), ('t206', 1), ('t401', 1), ('t514', 1), ('t671', 1), ('t791', 1)]
[INFO] 2026-05-28 15:54:29,333 - Expanding community 62
[DEBUG] 2026-05-28 15:54:29,348 - [EXPANSION] paper sorted scores=[('p436612', 2), ('p486892', 2), ('p7601', 0), ('p7604', 0), ('p7605', 0), ('p7610', 0), ('p7612', 0), ('p7613', 0), ('p7621', 0), ('p7630', 0)]
[DEBUG] 2026-05-28 15:54:29,350 - [EXPANSION] conference sorted scores=[('c2504', 1), ('c2934', 1), ('c36', 0), ('c597', 0), ('c755', 0), ('c1194', 0), ('c1201', 0), ('c1234', 0), ('c1798', 0), ('c1801', 0)]
[DEBUG] 2026-05-28 15:54:29,360 - [EXPANSION] term sorted scores=[('t10', 2), ('t1', 1), ('t19', 1), ('t61', 1), ('t147', 1), ('t334', 1), ('t354', 1), ('t402', 1), ('t452', 1), ('t461', 1)]
[INFO] 2026-05-28 15:54:29,361 - Expanding community 63
[DEBUG] 2026-05-28 15:54:29,377 - [EXPANSION] paper sorted scores=[('p156917', 2), ('p277438', 2), ('p7601', 0), ('p7604', 0), ('p7605', 0), ('p7610', 0), ('p7612', 0), ('p7613', 0), ('p7621', 0), ('p7630', 0)]
[DEBUG] 2026-05-28 15:54:29,378 - [EXPANSION] conference sorted scores=[('c1194', 1), ('c1798', 1), ('c36', 0), ('c597', 0), ('c755', 0), ('c1201', 0), ('c1234', 0), ('c1801', 0), ('c1902', 0), ('c2180', 0)]
[DEBUG] 2026-05-28 15:54:29,389 - [EXPANSION] term sorted scores=[('t2356', 2), ('t10', 1), ('t35', 1), ('t45', 1), ('t460', 1), ('t503', 1), ('t568', 1), ('t570', 1), ('t849', 1), ('t2471', 1)]
[INFO] 2026-05-28 15:54:29,389 - Expanding community 64
[DEBUG] 2026-05-28 15:54:29,404 - [EXPANSION] paper sorted scores=[('p278636', 2), ('p487449', 2), ('p7601', 0), ('p7604', 0), ('p7605', 0), ('p7610', 0), ('p7612', 0), ('p7613', 0), ('p7621', 0), ('p7630', 0)]
[DEBUG] 2026-05-28 15:54:29,405 - [EXPANSION] conference sorted scores=[('c1801', 1), ('c2934', 1), ('c36', 0), ('c597', 0), ('c755', 0), ('c1194', 0), ('c1201', 0), ('c1234', 0), ('c1798', 0), ('c1902', 0)]
[DEBUG] 2026-05-28 15:54:29,416 - [EXPANSION] term sorted scores=[('t10', 1), ('t55', 1), ('t90', 1), ('t448', 1), ('t521', 1), ('t744', 1), ('t953', 1), ('t1106', 1), ('t1138', 1), ('t1384', 1)]
[INFO] 2026-05-28 15:54:29,416 - Expanding community 65
[DEBUG] 2026-05-28 15:54:29,432 - [EXPANSION] paper sorted scores=[('p162736', 2), ('p275084', 2), ('p7601', 0), ('p7604', 0), ('p7605', 0), ('p7610', 0), ('p7612', 0), ('p7613', 0), ('p7621', 0), ('p7630', 0)]
[DEBUG] 2026-05-28 15:54:29,434 - [EXPANSION] conference sorted scores=[('c1234', 1), ('c1798', 1), ('c36', 0), ('c597', 0), ('c755', 0), ('c1194', 0), ('c1201', 0), ('c1801', 0), ('c1902', 0), ('c2180', 0)]
[DEBUG] 2026-05-28 15:54:29,445 - [EXPANSION] term sorted scores=[('t35', 2), ('t91', 1), ('t134', 1), ('t305', 1), ('t611', 1), ('t674', 1), ('t723', 1), ('t837', 1), ('t1024', 1), ('t1791', 1)]
[INFO] 2026-05-28 15:54:29,446 - Expanding community 66
[DEBUG] 2026-05-28 15:54:29,461 - [EXPANSION] paper sorted scores=[('p437016', 2), ('p487023', 2), ('p7601', 0), ('p7604', 0), ('p7605', 0), ('p7610', 0), ('p7612', 0), ('p7613', 0), ('p7621', 0), ('p7630', 0)]
[DEBUG] 2026-05-28 15:54:29,462 - [EXPANSION] conference sorted scores=[('c2504', 1), ('c2934', 1), ('c36', 0), ('c597', 0), ('c755', 0), ('c1194', 0), ('c1201', 0), ('c1234', 0), ('c1798', 0), ('c1801', 0)]
[DEBUG] 2026-05-28 15:54:29,473 - [EXPANSION] term sorted scores=[('t35', 1), ('t112', 1), ('t232', 1), ('t535', 1), ('t689', 1), ('t1055', 1), ('t1102', 1), ('t1711', 1), ('t3397', 1), ('t9829', 1)]
[INFO] 2026-05-28 15:54:29,473 - Expanding community 67
[DEBUG] 2026-05-28 15:54:29,488 - [EXPANSION] paper sorted scores=[('p436949', 2), ('p536379', 2), ('p7601', 0), ('p7604', 0), ('p7605', 0), ('p7610', 0), ('p7612', 0), ('p7613', 0), ('p7621', 0), ('p7630', 0)]
[DEBUG] 2026-05-28 15:54:29,489 - [EXPANSION] conference sorted scores=[('c2504', 1), ('c3230', 1), ('c36', 0), ('c597', 0), ('c755', 0), ('c1194', 0), ('c1201', 0), ('c1234', 0), ('c1798', 0), ('c1801', 0)]
[DEBUG] 2026-05-28 15:54:29,499 - [EXPANSION] term sorted scores=[('t792', 2), ('t4', 1), ('t26', 1), ('t45', 1), ('t81', 1), ('t126', 1), ('t150', 1), ('t349', 1), ('t774', 1), ('t899', 1)]
[INFO] 2026-05-28 15:54:29,499 - Expanding community 68
[DEBUG] 2026-05-28 15:54:29,515 - [EXPANSION] paper sorted scores=[('p86957', 2), ('p597669', 2), ('p7601', 0), ('p7604', 0), ('p7605', 0), ('p7610', 0), ('p7612', 0), ('p7613', 0), ('p7621', 0), ('p7630', 0)]
[DEBUG] 2026-05-28 15:54:29,516 - [EXPANSION] conference sorted scores=[('c597', 1), ('c3594', 1), ('c36', 0), ('c755', 0), ('c1194', 0), ('c1201', 0), ('c1234', 0), ('c1798', 0), ('c1801', 0), ('c1902', 0)]
[DEBUG] 2026-05-28 15:54:29,525 - [EXPANSION] term sorted scores=[('t19', 1), ('t45', 1), ('t63', 1), ('t375', 1), ('t383', 1), ('t557', 1), ('t656', 1), ('t718', 1), ('t1325', 1), ('t4672', 1)]
[INFO] 2026-05-28 15:54:29,525 - Expanding community 69
[DEBUG] 2026-05-28 15:54:29,541 - [EXPANSION] paper sorted scores=[('p358141', 2), ('p358143', 2), ('p7601', 0), ('p7604', 0), ('p7605', 0), ('p7610', 0), ('p7612', 0), ('p7613', 0), ('p7621', 0), ('p7630', 0)]
[DEBUG] 2026-05-28 15:54:29,542 - [EXPANSION] conference sorted scores=[('c2180', 2), ('c36', 0), ('c597', 0), ('c755', 0), ('c1194', 0), ('c1201', 0), ('c1234', 0), ('c1798', 0), ('c1801', 0), ('c1902', 0)]
[DEBUG] 2026-05-28 15:54:29,553 - [EXPANSION] term sorted scores=[('t10', 1), ('t37', 1), ('t45', 1), ('t46', 1), ('t55', 1), ('t63', 1), ('t110', 1), ('t299', 1), ('t680', 1), ('t744', 1)]
[INFO] 2026-05-28 15:54:29,553 - Expanding community 70
[DEBUG] 2026-05-28 15:54:29,569 - [EXPANSION] paper sorted scores=[('p359205', 2), ('p359428', 2), ('p437360', 1), ('p500627', 1), ('p500879', 1), ('p7601', 0), ('p7604', 0), ('p7605', 0), ('p7610', 0), ('p7612', 0)]
[DEBUG] 2026-05-28 15:54:29,570 - [EXPANSION] conference sorted scores=[('c2180', 2), ('c3011', 2), ('c2504', 1), ('c36', 0), ('c597', 0), ('c755', 0), ('c1194', 0), ('c1201', 0), ('c1234', 0), ('c1798', 0)]
[DEBUG] 2026-05-28 15:54:29,581 - [EXPANSION] term sorted scores=[('t63', 2), ('t134', 2), ('t452', 2), ('t10', 1), ('t19', 1), ('t26', 1), ('t35', 1), ('t76', 1), ('t84', 1), ('t135', 1)]
[INFO] 2026-05-28 15:54:29,582 - Expanding community 71
[DEBUG] 2026-05-28 15:54:29,596 - [EXPANSION] paper sorted scores=[('p158665', 2), ('p356948', 2), ('p356947', 1), ('p7601', 0), ('p7604', 0), ('p7605', 0), ('p7610', 0), ('p7612', 0), ('p7613', 0), ('p7621', 0)]
[DEBUG] 2026-05-28 15:54:29,598 - [EXPANSION] conference sorted scores=[('c2180', 2), ('c1201', 1), ('c36', 0), ('c597', 0), ('c755', 0), ('c1194', 0), ('c1234', 0), ('c1798', 0), ('c1801', 0), ('c1902', 0)]
[DEBUG] 2026-05-28 15:54:29,609 - [EXPANSION] term sorted scores=[('t1', 2), ('t55', 2), ('t280', 2), ('t4', 1), ('t10', 1), ('t12', 1), ('t45', 1), ('t61', 1), ('t82', 1), ('t232', 1)]
[INFO] 2026-05-28 15:54:29,609 - Expanding community 72
[DEBUG] 2026-05-28 15:54:29,626 - [EXPANSION] paper sorted scores=[('p7926', 2), ('p358120', 2), ('p555026', 1), ('p7601', 0), ('p7604', 0), ('p7605', 0), ('p7610', 0), ('p7612', 0), ('p7613', 0), ('p7621', 0)]
[DEBUG] 2026-05-28 15:54:29,628 - [EXPANSION] conference sorted scores=[('c36', 1), ('c2180', 1), ('c3329', 1), ('c597', 0), ('c755', 0), ('c1194', 0), ('c1201', 0), ('c1234', 0), ('c1798', 0), ('c1801', 0)]
[DEBUG] 2026-05-28 15:54:29,641 - [EXPANSION] term sorted scores=[('t81', 3), ('t1355', 2), ('t39', 1), ('t82', 1), ('t271', 1), ('t305', 1), ('t482', 1), ('t839', 1), ('t986', 1), ('t1178', 1)]
[INFO] 2026-05-28 15:54:29,641 - Expanding community 73
[DEBUG] 2026-05-28 15:54:29,657 - [EXPANSION] paper sorted scores=[('p9130', 2), ('p358201', 2), ('p536280', 1), ('p7601', 0), ('p7604', 0), ('p7605', 0), ('p7610', 0), ('p7612', 0), ('p7613', 0), ('p7621', 0)]
[DEBUG] 2026-05-28 15:54:29,658 - [EXPANSION] conference sorted scores=[('c36', 1), ('c2180', 1), ('c3230', 1), ('c597', 0), ('c755', 0), ('c1194', 0), ('c1201', 0), ('c1234', 0), ('c1798', 0), ('c1801', 0)]
[DEBUG] 2026-05-28 15:54:29,670 - [EXPANSION] term sorted scores=[('t1', 1), ('t4', 1), ('t19', 1), ('t35', 1), ('t45', 1), ('t126', 1), ('t134', 1), ('t177', 1), ('t239', 1), ('t304', 1)]
[INFO] 2026-05-28 15:54:29,671 - Expanding community 74
[DEBUG] 2026-05-28 15:54:29,687 - [EXPANSION] paper sorted scores=[('p359440', 2), ('p597009', 2), ('p360289', 1), ('p7601', 0), ('p7604', 0), ('p7605', 0), ('p7610', 0), ('p7612', 0), ('p7613', 0), ('p7621', 0)]
[DEBUG] 2026-05-28 15:54:29,688 - [EXPANSION] conference sorted scores=[('c2180', 2), ('c3594', 1), ('c36', 0), ('c597', 0), ('c755', 0), ('c1194', 0), ('c1201', 0), ('c1234', 0), ('c1798', 0), ('c1801', 0)]
[DEBUG] 2026-05-28 15:54:29,699 - [EXPANSION] term sorted scores=[('t63', 3), ('t38', 2), ('t135', 2), ('t19', 1), ('t45', 1), ('t55', 1), ('t118', 1), ('t175', 1), ('t235', 1), ('t280', 1)]
[INFO] 2026-05-28 15:54:29,699 - Expanding community 75
[DEBUG] 2026-05-28 15:54:29,714 - [EXPANSION] paper sorted scores=[('p436804', 2), ('p500753', 2), ('p10499', 1), ('p359524', 1), ('p7601', 0), ('p7604', 0), ('p7605', 0), ('p7610', 0), ('p7612', 0), ('p7613', 0)]
[DEBUG] 2026-05-28 15:54:29,715 - [EXPANSION] conference sorted scores=[('c36', 1), ('c2180', 1), ('c2504', 1), ('c3011', 1), ('c597', 0), ('c755', 0), ('c1194', 0), ('c1201', 0), ('c1234', 0), ('c1798', 0)]
[DEBUG] 2026-05-28 15:54:29,727 - [EXPANSION] term sorted scores=[('t19', 3), ('t45', 2), ('t6199', 2), ('t4', 1), ('t35', 1), ('t82', 1), ('t108', 1), ('t174', 1), ('t234', 1), ('t277', 1)]
[INFO] 2026-05-28 15:54:29,728 - Expanding community 76
[DEBUG] 2026-05-28 15:54:29,745 - [EXPANSION] paper sorted scores=[('p162717', 2), ('p275665', 2), ('p7601', 0), ('p7604', 0), ('p7605', 0), ('p7610', 0), ('p7612', 0), ('p7613', 0), ('p7621', 0), ('p7630', 0)]
[DEBUG] 2026-05-28 15:54:29,747 - [EXPANSION] conference sorted scores=[('c1234', 1), ('c1798', 1), ('c36', 0), ('c597', 0), ('c755', 0), ('c1194', 0), ('c1201', 0), ('c1801', 0), ('c1902', 0), ('c2180', 0)]
[DEBUG] 2026-05-28 15:54:29,759 - [EXPANSION] term sorted scores=[('t35', 2), ('t63', 2), ('t19', 1), ('t55', 1), ('t282', 1), ('t330', 1), ('t334', 1), ('t434', 1), ('t461', 1), ('t519', 1)]
[INFO] 2026-05-28 15:54:29,759 - Expanding community 77
[DEBUG] 2026-05-28 15:54:29,779 - [EXPANSION] paper sorted scores=[('p357116', 2), ('p357117', 2), ('p7601', 0), ('p7604', 0), ('p7605', 0), ('p7610', 0), ('p7612', 0), ('p7613', 0), ('p7621', 0), ('p7630', 0)]
[DEBUG] 2026-05-28 15:54:29,780 - [EXPANSION] conference sorted scores=[('c2180', 2), ('c36', 0), ('c597', 0), ('c755', 0), ('c1194', 0), ('c1201', 0), ('c1234', 0), ('c1798', 0), ('c1801', 0), ('c1902', 0)]
[DEBUG] 2026-05-28 15:54:29,792 - [EXPANSION] term sorted scores=[('t2', 1), ('t13', 1), ('t19', 1), ('t63', 1), ('t73', 1), ('t77', 1), ('t208', 1), ('t300', 1), ('t372', 1), ('t553', 1)]
[INFO] 2026-05-28 15:54:29,792 - Expanding community 78
[DEBUG] 2026-05-28 15:54:29,809 - [EXPANSION] paper sorted scores=[('p308416', 2), ('p486671', 2), ('p486673', 1), ('p486686', 1), ('p7601', 0), ('p7604', 0), ('p7605', 0), ('p7610', 0), ('p7612', 0), ('p7613', 0)]
[DEBUG] 2026-05-28 15:54:29,810 - [EXPANSION] conference sorted scores=[('c2934', 3), ('c1902', 1), ('c36', 0), ('c597', 0), ('c755', 0), ('c1194', 0), ('c1201', 0), ('c1234', 0), ('c1798', 0), ('c1801', 0)]
[DEBUG] 2026-05-28 15:54:29,823 - [EXPANSION] term sorted scores=[('t1', 2), ('t45', 2), ('t1305', 2), ('t7165', 2), ('t35', 1), ('t81', 1), ('t109', 1), ('t114', 1), ('t147', 1), ('t148', 1)]
[INFO] 2026-05-28 15:54:29,823 - Expanding community 79
[DEBUG] 2026-05-28 15:54:29,840 - [EXPANSION] paper sorted scores=[('p9035', 2), ('p358106', 2), ('p436367', 1), ('p7601', 0), ('p7604', 0), ('p7605', 0), ('p7610', 0), ('p7612', 0), ('p7613', 0), ('p7621', 0)]
[DEBUG] 2026-05-28 15:54:29,841 - [EXPANSION] conference sorted scores=[('c36', 1), ('c2180', 1), ('c2504', 1), ('c597', 0), ('c755', 0), ('c1194', 0), ('c1201', 0), ('c1234', 0), ('c1798', 0), ('c1801', 0)]
[DEBUG] 2026-05-28 15:54:29,852 - [EXPANSION] term sorted scores=[('t10', 1), ('t19', 1), ('t42', 1), ('t45', 1), ('t54', 1), ('t82', 1), ('t220', 1), ('t452', 1), ('t521', 1), ('t818', 1)]
[INFO] 2026-05-28 15:54:29,852 - Expanding community 80
[DEBUG] 2026-05-28 15:54:29,870 - [EXPANSION] paper sorted scores=[('p86383', 2), ('p156922', 2), ('p156931', 1), ('p7601', 0), ('p7604', 0), ('p7605', 0), ('p7610', 0), ('p7612', 0), ('p7613', 0), ('p7621', 0)]
[DEBUG] 2026-05-28 15:54:29,871 - [EXPANSION] conference sorted scores=[('c1194', 2), ('c597', 1), ('c36', 0), ('c755', 0), ('c1201', 0), ('c1234', 0), ('c1798', 0), ('c1801', 0), ('c1902', 0), ('c2180', 0)]
[DEBUG] 2026-05-28 15:54:29,882 - [EXPANSION] term sorted scores=[('t19', 3), ('t468', 2), ('t38', 1), ('t45', 1), ('t49', 1), ('t53', 1), ('t55', 1), ('t77', 1), ('t134', 1), ('t163', 1)]
[INFO] 2026-05-28 15:54:29,883 - Expanding community 81
[DEBUG] 2026-05-28 15:54:29,898 - [EXPANSION] paper sorted scores=[('p162788', 2), ('p275348', 2), ('p7601', 0), ('p7604', 0), ('p7605', 0), ('p7610', 0), ('p7612', 0), ('p7613', 0), ('p7621', 0), ('p7630', 0)]
[DEBUG] 2026-05-28 15:54:29,900 - [EXPANSION] conference sorted scores=[('c1234', 1), ('c1798', 1), ('c36', 0), ('c597', 0), ('c755', 0), ('c1194', 0), ('c1201', 0), ('c1801', 0), ('c1902', 0), ('c2180', 0)]
[DEBUG] 2026-05-28 15:54:29,909 - [EXPANSION] term sorted scores=[('t19', 1), ('t35', 1), ('t45', 1), ('t63', 1), ('t82', 1), ('t84', 1), ('t121', 1), ('t176', 1), ('t199', 1), ('t343', 1)]
[INFO] 2026-05-28 15:54:29,909 - Expanding community 82
[DEBUG] 2026-05-28 15:54:29,926 - [EXPANSION] paper sorted scores=[('p486588', 2), ('p487170', 2), ('p487168', 1), ('p7601', 0), ('p7604', 0), ('p7605', 0), ('p7610', 0), ('p7612', 0), ('p7613', 0), ('p7621', 0)]
[DEBUG] 2026-05-28 15:54:29,927 - [EXPANSION] conference sorted scores=[('c2934', 3), ('c36', 0), ('c597', 0), ('c755', 0), ('c1194', 0), ('c1201', 0), ('c1234', 0), ('c1798', 0), ('c1801', 0), ('c1902', 0)]
[DEBUG] 2026-05-28 15:54:29,937 - [EXPANSION] term sorted scores=[('t63', 3), ('t19', 2), ('t4', 1), ('t35', 1), ('t38', 1), ('t45', 1), ('t54', 1), ('t264', 1), ('t282', 1), ('t322', 1)]
[INFO] 2026-05-28 15:54:29,937 - Expanding community 83
[DEBUG] 2026-05-28 15:54:29,952 - [EXPANSION] paper sorted scores=[('p7718', 2), ('p361064', 2), ('p7601', 0), ('p7604', 0), ('p7605', 0), ('p7610', 0), ('p7612', 0), ('p7613', 0), ('p7621', 0), ('p7630', 0)]
[DEBUG] 2026-05-28 15:54:29,953 - [EXPANSION] conference sorted scores=[('c36', 1), ('c2180', 1), ('c597', 0), ('c755', 0), ('c1194', 0), ('c1201', 0), ('c1234', 0), ('c1798', 0), ('c1801', 0), ('c1902', 0)]
[DEBUG] 2026-05-28 15:54:29,964 - [EXPANSION] term sorted scores=[('t12', 2), ('t45', 2), ('t19', 1), ('t39', 1), ('t40', 1), ('t81', 1), ('t108', 1), ('t111', 1), ('t142', 1), ('t239', 1)]
[INFO] 2026-05-28 15:54:29,964 - Expanding community 84
[DEBUG] 2026-05-28 15:54:29,980 - [EXPANSION] paper sorted scores=[('p11874', 2), ('p309483', 2), ('p117545', 1), ('p356994', 1), ('p7601', 0), ('p7604', 0), ('p7605', 0), ('p7610', 0), ('p7612', 0), ('p7613', 0)]
[DEBUG] 2026-05-28 15:54:29,981 - [EXPANSION] conference sorted scores=[('c36', 1), ('c755', 1), ('c1902', 1), ('c2180', 1), ('c597', 0), ('c1194', 0), ('c1201', 0), ('c1234', 0), ('c1798', 0), ('c1801', 0)]
[DEBUG] 2026-05-28 15:54:29,993 - [EXPANSION] term sorted scores=[('t81', 2), ('t578', 2), ('t4', 1), ('t6', 1), ('t10', 1), ('t12', 1), ('t35', 1), ('t38', 1), ('t65', 1), ('t87', 1)]
[INFO] 2026-05-28 15:54:29,994 - Expanding community 85
[DEBUG] 2026-05-28 15:54:30,009 - [EXPANSION] paper sorted scores=[('p625963', 2), ('p627202', 2), ('p7601', 0), ('p7604', 0), ('p7605', 0), ('p7610', 0), ('p7612', 0), ('p7613', 0), ('p7621', 0), ('p7630', 0)]
[DEBUG] 2026-05-28 15:54:30,010 - [EXPANSION] conference sorted scores=[('c3771', 2), ('c36', 0), ('c597', 0), ('c755', 0), ('c1194', 0), ('c1201', 0), ('c1234', 0), ('c1798', 0), ('c1801', 0), ('c1902', 0)]
[DEBUG] 2026-05-28 15:54:30,021 - [EXPANSION] term sorted scores=[('t109', 2), ('t1', 1), ('t4', 1), ('t19', 1), ('t63', 1), ('t686', 1), ('t715', 1), ('t880', 1), ('t926', 1), ('t1294', 1)]
[INFO] 2026-05-28 15:54:30,021 - Expanding community 86
[DEBUG] 2026-05-28 15:54:30,038 - [EXPANSION] paper sorted scores=[('p278427', 2), ('p596841', 2), ('p7601', 0), ('p7604', 0), ('p7605', 0), ('p7610', 0), ('p7612', 0), ('p7613', 0), ('p7621', 0), ('p7630', 0)]
[DEBUG] 2026-05-28 15:54:30,040 - [EXPANSION] conference sorted scores=[('c1801', 1), ('c3594', 1), ('c36', 0), ('c597', 0), ('c755', 0), ('c1194', 0), ('c1201', 0), ('c1234', 0), ('c1798', 0), ('c1902', 0)]
[DEBUG] 2026-05-28 15:54:30,053 - [EXPANSION] term sorted scores=[('t4', 2), ('t1', 1), ('t35', 1), ('t55', 1), ('t206', 1), ('t225', 1), ('t226', 1), ('t461', 1), ('t512', 1), ('t514', 1)]
[INFO] 2026-05-28 15:54:30,053 - Expanding community 87
[DEBUG] 2026-05-28 15:54:30,071 - [EXPANSION] paper sorted scores=[('p308368', 2), ('p437033', 2), ('p158612', 1), ('p159239', 1), ('p7601', 0), ('p7604', 0), ('p7605', 0), ('p7610', 0), ('p7612', 0), ('p7613', 0)]
[DEBUG] 2026-05-28 15:54:30,072 - [EXPANSION] conference sorted scores=[('c1201', 2), ('c1902', 1), ('c2504', 1), ('c36', 0), ('c597', 0), ('c755', 0), ('c1194', 0), ('c1234', 0), ('c1798', 0), ('c1801', 0)]
[DEBUG] 2026-05-28 15:54:30,085 - [EXPANSION] term sorted scores=[('t12', 2), ('t38', 2), ('t4', 1), ('t26', 1), ('t35', 1), ('t45', 1), ('t63', 1), ('t134', 1), ('t135', 1), ('t297', 1)]
[INFO] 2026-05-28 15:54:30,086 - Expanding community 88
[DEBUG] 2026-05-28 15:54:30,100 - [EXPANSION] paper sorted scores=[('p437315', 2), ('p536497', 2), ('p7601', 0), ('p7604', 0), ('p7605', 0), ('p7610', 0), ('p7612', 0), ('p7613', 0), ('p7621', 0), ('p7630', 0)]
[DEBUG] 2026-05-28 15:54:30,101 - [EXPANSION] conference sorted scores=[('c2504', 1), ('c3230', 1), ('c36', 0), ('c597', 0), ('c755', 0), ('c1194', 0), ('c1201', 0), ('c1234', 0), ('c1798', 0), ('c1801', 0)]
[DEBUG] 2026-05-28 15:54:30,111 - [EXPANSION] term sorted scores=[('t4', 2), ('t452', 2), ('t903', 2), ('t19', 1), ('t45', 1), ('t108', 1), ('t128', 1), ('t133', 1), ('t153', 1), ('t373', 1)]
[INFO] 2026-05-28 15:54:30,112 - Expanding community 89
[DEBUG] 2026-05-28 15:54:30,128 - [EXPANSION] paper sorted scores=[('p486681', 2), ('p486929', 2), ('p159178', 1), ('p487230', 1), ('p7601', 0), ('p7604', 0), ('p7605', 0), ('p7610', 0), ('p7612', 0), ('p7613', 0)]
[DEBUG] 2026-05-28 15:54:30,129 - [EXPANSION] conference sorted scores=[('c2934', 3), ('c1201', 1), ('c36', 0), ('c597', 0), ('c755', 0), ('c1194', 0), ('c1234', 0), ('c1798', 0), ('c1801', 0), ('c1902', 0)]
[DEBUG] 2026-05-28 15:54:30,139 - [EXPANSION] term sorted scores=[('t39', 2), ('t3519', 2), ('t1', 1), ('t10', 1), ('t35', 1), ('t38', 1), ('t51', 1), ('t53', 1), ('t63', 1), ('t84', 1)]
[INFO] 2026-05-28 15:54:30,139 - Expanding community 90
[DEBUG] 2026-05-28 15:54:30,155 - [EXPANSION] paper sorted scores=[('p278218', 2), ('p536270', 2), ('p536538', 2), ('p7601', 0), ('p7604', 0), ('p7605', 0), ('p7610', 0), ('p7612', 0), ('p7613', 0), ('p7621', 0)]
[DEBUG] 2026-05-28 15:54:30,156 - [EXPANSION] conference sorted scores=[('c3230', 2), ('c1801', 1), ('c36', 0), ('c597', 0), ('c755', 0), ('c1194', 0), ('c1201', 0), ('c1234', 0), ('c1798', 0), ('c1902', 0)]
[DEBUG] 2026-05-28 15:54:30,167 - [EXPANSION] term sorted scores=[('t226', 2), ('t568', 2), ('t38', 1), ('t55', 1), ('t82', 1), ('t112', 1), ('t121', 1), ('t521', 1), ('t541', 1), ('t547', 1)]
[INFO] 2026-05-28 15:54:30,167 - Expanding community 91
[DEBUG] 2026-05-28 15:54:30,183 - [EXPANSION] paper sorted scores=[('p309740', 2), ('p487463', 2), ('p275916', 1), ('p7601', 0), ('p7604', 0), ('p7605', 0), ('p7610', 0), ('p7612', 0), ('p7613', 0), ('p7621', 0)]
[DEBUG] 2026-05-28 15:54:30,185 - [EXPANSION] conference sorted scores=[('c1798', 1), ('c1902', 1), ('c2934', 1), ('c36', 0), ('c597', 0), ('c755', 0), ('c1194', 0), ('c1201', 0), ('c1234', 0), ('c1801', 0)]
[DEBUG] 2026-05-28 15:54:30,197 - [EXPANSION] term sorted scores=[('t1043', 2), ('t10', 1), ('t12', 1), ('t35', 1), ('t225', 1), ('t226', 1), ('t233', 1), ('t327', 1), ('t385', 1), ('t458', 1)]
[INFO] 2026-05-28 15:54:30,198 - Expanding community 92
[DEBUG] 2026-05-28 15:54:30,214 - [EXPANSION] paper sorted scores=[('p356754', 2), ('p360763', 2), ('p158622', 1), ('p7601', 0), ('p7604', 0), ('p7605', 0), ('p7610', 0), ('p7612', 0), ('p7613', 0), ('p7621', 0)]
[DEBUG] 2026-05-28 15:54:30,215 - [EXPANSION] conference sorted scores=[('c2180', 2), ('c1201', 1), ('c36', 0), ('c597', 0), ('c755', 0), ('c1194', 0), ('c1234', 0), ('c1798', 0), ('c1801', 0), ('c1902', 0)]
[DEBUG] 2026-05-28 15:54:30,227 - [EXPANSION] term sorted scores=[('t126', 3), ('t1', 2), ('t150', 2), ('t4', 1), ('t10', 1), ('t35', 1), ('t45', 1), ('t63', 1), ('t81', 1), ('t114', 1)]
[INFO] 2026-05-28 15:54:30,228 - Expanding community 93
[DEBUG] 2026-05-28 15:54:30,243 - [EXPANSION] paper sorted scores=[('p277806', 2), ('p504508', 2), ('p7601', 0), ('p7604', 0), ('p7605', 0), ('p7610', 0), ('p7612', 0), ('p7613', 0), ('p7621', 0), ('p7630', 0)]
[DEBUG] 2026-05-28 15:54:30,244 - [EXPANSION] conference sorted scores=[('c1798', 1), ('c3027', 1), ('c36', 0), ('c597', 0), ('c755', 0), ('c1194', 0), ('c1201', 0), ('c1234', 0), ('c1801', 0), ('c1902', 0)]
[DEBUG] 2026-05-28 15:54:30,255 - [EXPANSION] term sorted scores=[('t147', 2), ('t498', 2), ('t2452', 2), ('t4372', 2), ('t798', 1), ('t2252', 1), ('t1', 0), ('t2', 0), ('t3', 0), ('t4', 0)]
[INFO] 2026-05-28 15:54:30,255 - Expanding community 94
[DEBUG] 2026-05-28 15:54:30,272 - [EXPANSION] paper sorted scores=[('p11101', 2), ('p359747', 2), ('p7601', 0), ('p7604', 0), ('p7605', 0), ('p7610', 0), ('p7612', 0), ('p7613', 0), ('p7621', 0), ('p7630', 0)]
[DEBUG] 2026-05-28 15:54:30,273 - [EXPANSION] conference sorted scores=[('c36', 1), ('c2180', 1), ('c597', 0), ('c755', 0), ('c1194', 0), ('c1201', 0), ('c1234', 0), ('c1798', 0), ('c1801', 0), ('c1902', 0)]
[DEBUG] 2026-05-28 15:54:30,284 - [EXPANSION] term sorted scores=[('t45', 2), ('t13', 1), ('t19', 1), ('t35', 1), ('t42', 1), ('t46', 1), ('t167', 1), ('t174', 1), ('t184', 1), ('t318', 1)]
[INFO] 2026-05-28 15:54:30,284 - Expanding community 95
[DEBUG] 2026-05-28 15:54:30,300 - [EXPANSION] paper sorted scores=[('p278140', 2), ('p436388', 2), ('p504096', 2), ('p7601', 0), ('p7604', 0), ('p7605', 0), ('p7610', 0), ('p7612', 0), ('p7613', 0), ('p7621', 0)]
[DEBUG] 2026-05-28 15:54:30,302 - [EXPANSION] conference sorted scores=[('c1801', 1), ('c2504', 1), ('c3027', 1), ('c36', 0), ('c597', 0), ('c755', 0), ('c1194', 0), ('c1201', 0), ('c1234', 0), ('c1798', 0)]
[DEBUG] 2026-05-28 15:54:30,313 - [EXPANSION] term sorted scores=[('t65', 1), ('t81', 1), ('t171', 1), ('t478', 1), ('t479', 1), ('t490', 1), ('t591', 1), ('t620', 1), ('t887', 1), ('t930', 1)]
[INFO] 2026-05-28 15:54:30,313 - Expanding community 96
[DEBUG] 2026-05-28 15:54:30,328 - [EXPANSION] paper sorted scores=[('p278086', 2), ('p500462', 2), ('p595497', 1), ('p7601', 0), ('p7604', 0), ('p7605', 0), ('p7610', 0), ('p7612', 0), ('p7613', 0), ('p7621', 0)]
[DEBUG] 2026-05-28 15:54:30,330 - [EXPANSION] conference sorted scores=[('c1801', 1), ('c3011', 1), ('c3594', 1), ('c36', 0), ('c597', 0), ('c755', 0), ('c1194', 0), ('c1201', 0), ('c1234', 0), ('c1798', 0)]
[DEBUG] 2026-05-28 15:54:30,341 - [EXPANSION] term sorted scores=[('t26', 2), ('t55', 2), ('t282', 2), ('t479', 2), ('t4', 1), ('t35', 1), ('t63', 1), ('t82', 1), ('t114', 1), ('t134', 1)]
[INFO] 2026-05-28 15:54:30,341 - Expanding community 97
[DEBUG] 2026-05-28 15:54:30,356 - [EXPANSION] paper sorted scores=[('p359505', 2), ('p361045', 2), ('p7601', 0), ('p7604', 0), ('p7605', 0), ('p7610', 0), ('p7612', 0), ('p7613', 0), ('p7621', 0), ('p7630', 0)]
[DEBUG] 2026-05-28 15:54:30,358 - [EXPANSION] conference sorted scores=[('c2180', 2), ('c36', 0), ('c597', 0), ('c755', 0), ('c1194', 0), ('c1201', 0), ('c1234', 0), ('c1798', 0), ('c1801', 0), ('c1902', 0)]
[DEBUG] 2026-05-28 15:54:30,368 - [EXPANSION] term sorted scores=[('t19', 1), ('t21', 1), ('t65', 1), ('t126', 1), ('t419', 1), ('t458', 1), ('t1268', 1), ('t1349', 1), ('t1504', 1), ('t2525', 1)]
[INFO] 2026-05-28 15:54:30,369 - Expanding community 98
[DEBUG] 2026-05-28 15:54:30,387 - [EXPANSION] paper sorted scores=[('p436051', 2), ('p536439', 2), ('p7601', 0), ('p7604', 0), ('p7605', 0), ('p7610', 0), ('p7612', 0), ('p7613', 0), ('p7621', 0), ('p7630', 0)]
[DEBUG] 2026-05-28 15:54:30,388 - [EXPANSION] conference sorted scores=[('c2504', 1), ('c3230', 1), ('c36', 0), ('c597', 0), ('c755', 0), ('c1194', 0), ('c1201', 0), ('c1234', 0), ('c1798', 0), ('c1801', 0)]
[DEBUG] 2026-05-28 15:54:30,399 - [EXPANSION] term sorted scores=[('t19', 2), ('t452', 2), ('t39', 1), ('t54', 1), ('t225', 1), ('t461', 1), ('t674', 1), ('t903', 1), ('t943', 1), ('t2229', 1)]
[INFO] 2026-05-28 15:54:30,400 - Expanding community 99
[DEBUG] 2026-05-28 15:54:30,415 - [EXPANSION] paper sorted scores=[('p437030', 2), ('p500979', 2), ('p500564', 1), ('p500877', 1), ('p7601', 0), ('p7604', 0), ('p7605', 0), ('p7610', 0), ('p7612', 0), ('p7613', 0)]
[DEBUG] 2026-05-28 15:54:30,417 - [EXPANSION] conference sorted scores=[('c3011', 3), ('c2504', 1), ('c36', 0), ('c597', 0), ('c755', 0), ('c1194', 0), ('c1201', 0), ('c1234', 0), ('c1798', 0), ('c1801', 0)]
[DEBUG] 2026-05-28 15:54:30,428 - [EXPANSION] term sorted scores=[('t19', 3), ('t35', 2), ('t63', 2), ('t452', 2), ('t4', 1), ('t39', 1), ('t54', 1), ('t82', 1), ('t108', 1), ('t190', 1)]
[INFO] 2026-05-28 15:54:30,428 - Expanding community 100
[DEBUG] 2026-05-28 15:54:30,443 - [EXPANSION] paper sorted scores=[('p308092', 2), ('p356682', 2), ('p8379', 1), ('p158710', 1), ('p308295', 1), ('p7601', 0), ('p7604', 0), ('p7605', 0), ('p7610', 0), ('p7612', 0)]
[DEBUG] 2026-05-28 15:54:30,444 - [EXPANSION] conference sorted scores=[('c1902', 2), ('c36', 1), ('c1201', 1), ('c2180', 1), ('c597', 0), ('c755', 0), ('c1194', 0), ('c1234', 0), ('c1798', 0), ('c1801', 0)]
[DEBUG] 2026-05-28 15:54:30,465 - [EXPANSION] term sorted scores=[('t19', 4), ('t992', 3), ('t4', 2), ('t45', 2), ('t12', 1), ('t26', 1), ('t44', 1), ('t63', 1), ('t77', 1), ('t114', 1)]
[INFO] 2026-05-28 15:54:30,466 - Expanding community 101
[DEBUG] 2026-05-28 15:54:30,485 - [EXPANSION] paper sorted scores=[('p358112', 2), ('p358114', 2), ('p7601', 0), ('p7604', 0), ('p7605', 0), ('p7610', 0), ('p7612', 0), ('p7613', 0), ('p7621', 0), ('p7630', 0)]
[DEBUG] 2026-05-28 15:54:30,486 - [EXPANSION] conference sorted scores=[('c2180', 2), ('c36', 0), ('c597', 0), ('c755', 0), ('c1194', 0), ('c1201', 0), ('c1234', 0), ('c1798', 0), ('c1801', 0), ('c1902', 0)]
[DEBUG] 2026-05-28 15:54:30,497 - [EXPANSION] term sorted scores=[('t45', 2), ('t280', 2), ('t738', 2), ('t1', 1), ('t19', 1), ('t91', 1), ('t112', 1), ('t298', 1), ('t689', 1), ('t859', 1)]
[INFO] 2026-05-28 15:54:30,497 - Expanding community 102
[DEBUG] 2026-05-28 15:54:30,512 - [EXPANSION] paper sorted scores=[('p85794', 2), ('p596160', 2), ('p7601', 0), ('p7604', 0), ('p7605', 0), ('p7610', 0), ('p7612', 0), ('p7613', 0), ('p7621', 0), ('p7630', 0)]
[DEBUG] 2026-05-28 15:54:30,514 - [EXPANSION] conference sorted scores=[('c597', 1), ('c3594', 1), ('c36', 0), ('c755', 0), ('c1194', 0), ('c1201', 0), ('c1234', 0), ('c1798', 0), ('c1801', 0), ('c1902', 0)]
[DEBUG] 2026-05-28 15:54:30,525 - [EXPANSION] term sorted scores=[('t35', 2), ('t54', 2), ('t45', 1), ('t90', 1), ('t235', 1), ('t609', 1), ('t645', 1), ('t943', 1), ('t949', 1), ('t950', 1)]
[INFO] 2026-05-28 15:54:30,525 - Expanding community 103
[DEBUG] 2026-05-28 15:54:30,540 - [EXPANSION] paper sorted scores=[('p8749', 2), ('p357840', 2), ('p7601', 0), ('p7604', 0), ('p7605', 0), ('p7610', 0), ('p7612', 0), ('p7613', 0), ('p7621', 0), ('p7630', 0)]
[DEBUG] 2026-05-28 15:54:30,541 - [EXPANSION] conference sorted scores=[('c36', 1), ('c2180', 1), ('c597', 0), ('c755', 0), ('c1194', 0), ('c1201', 0), ('c1234', 0), ('c1798', 0), ('c1801', 0), ('c1902', 0)]
[DEBUG] 2026-05-28 15:54:30,552 - [EXPANSION] term sorted scores=[('t174', 2), ('t2866', 2), ('t35', 1), ('t38', 1), ('t55', 1), ('t63', 1), ('t81', 1), ('t135', 1), ('t299', 1), ('t490', 1)]
[INFO] 2026-05-28 15:54:30,553 - Expanding community 104
[DEBUG] 2026-05-28 15:54:30,570 - [EXPANSION] paper sorted scores=[('p487199', 2), ('p536462', 2), ('p536464', 2), ('p7601', 0), ('p7604', 0), ('p7605', 0), ('p7610', 0), ('p7612', 0), ('p7613', 0), ('p7621', 0)]
[DEBUG] 2026-05-28 15:54:30,572 - [EXPANSION] conference sorted scores=[('c3230', 2), ('c2934', 1), ('c36', 0), ('c597', 0), ('c755', 0), ('c1194', 0), ('c1201', 0), ('c1234', 0), ('c1798', 0), ('c1801', 0)]
[DEBUG] 2026-05-28 15:54:30,583 - [EXPANSION] term sorted scores=[('t10', 3), ('t452', 3), ('t1343', 3), ('t63', 2), ('t206', 2), ('t496', 2), ('t904', 2), ('t45', 1), ('t847', 1), ('t903', 1)]
[INFO] 2026-05-28 15:54:30,583 - Expanding community 105
[DEBUG] 2026-05-28 15:54:30,599 - [EXPANSION] paper sorted scores=[('p626975', 2), ('p627253', 2), ('p7601', 0), ('p7604', 0), ('p7605', 0), ('p7610', 0), ('p7612', 0), ('p7613', 0), ('p7621', 0), ('p7630', 0)]
[DEBUG] 2026-05-28 15:54:30,600 - [EXPANSION] conference sorted scores=[('c3771', 2), ('c36', 0), ('c597', 0), ('c755', 0), ('c1194', 0), ('c1201', 0), ('c1234', 0), ('c1798', 0), ('c1801', 0), ('c1902', 0)]
[DEBUG] 2026-05-28 15:54:30,611 - [EXPANSION] term sorted scores=[('t45', 2), ('t35', 1), ('t39', 1), ('t216', 1), ('t298', 1), ('t410', 1), ('t499', 1), ('t544', 1), ('t578', 1), ('t895', 1)]
[INFO] 2026-05-28 15:54:30,611 - Expanding community 106
[DEBUG] 2026-05-28 15:54:30,627 - [EXPANSION] paper sorted scores=[('p626578', 2), ('p627240', 2), ('p7601', 0), ('p7604', 0), ('p7605', 0), ('p7610', 0), ('p7612', 0), ('p7613', 0), ('p7621', 0), ('p7630', 0)]
[DEBUG] 2026-05-28 15:54:30,628 - [EXPANSION] conference sorted scores=[('c3771', 2), ('c36', 0), ('c597', 0), ('c755', 0), ('c1194', 0), ('c1201', 0), ('c1234', 0), ('c1798', 0), ('c1801', 0), ('c1902', 0)]
[DEBUG] 2026-05-28 15:54:30,639 - [EXPANSION] term sorted scores=[('t19', 2), ('t109', 2), ('t155', 2), ('t461', 2), ('t107', 1), ('t471', 1), ('t862', 1), ('t928', 1), ('t3822', 1), ('t12986', 1)]
[INFO] 2026-05-28 15:54:30,639 - Expanding community 107
[DEBUG] 2026-05-28 15:54:30,654 - [EXPANSION] paper sorted scores=[('p8238', 2), ('p359828', 2), ('p7601', 0), ('p7604', 0), ('p7605', 0), ('p7610', 0), ('p7612', 0), ('p7613', 0), ('p7621', 0), ('p7630', 0)]
[DEBUG] 2026-05-28 15:54:30,656 - [EXPANSION] conference sorted scores=[('c36', 1), ('c2180', 1), ('c597', 0), ('c755', 0), ('c1194', 0), ('c1201', 0), ('c1234', 0), ('c1798', 0), ('c1801', 0), ('c1902', 0)]
[DEBUG] 2026-05-28 15:54:30,666 - [EXPANSION] term sorted scores=[('t1', 2), ('t63', 2), ('t458', 2), ('t1707', 2), ('t10', 1), ('t19', 1), ('t45', 1), ('t289', 1), ('t384', 1), ('t388', 1)]
[INFO] 2026-05-28 15:54:31,074 - [EVAL] Modularity=0.5983
[INFO] 2026-05-28 15:54:31,074 - [EVAL] Surprise=0.0000
[INFO] 2026-05-28 15:54:31,074 - [EVAL] Keyword coherence=0.0000
[INFO] 2026-05-28 15:54:31,074 - [EVAL] Community stats={'num_communities': 108, 'avg_size': 411.69444444444446, 'max_size': 13547, 'min_size': 12}
[INFO] 2026-05-28 15:54:31,088 - [NMI DEBUG] matched_nodes=3080
[INFO] 2026-05-28 15:54:31,092 - [NMI] 0.6056
[INFO] 2026-05-28 15:54:31,099 - [NMI DEBUG] matched_nodes=68
[INFO] 2026-05-28 15:54:31,101 - [NMI] 0.4775
[INFO] 2026-05-28 15:54:31,107 - [NMI DEBUG] matched_nodes=20
[INFO] 2026-05-28 15:54:31,108 - [NMI] 0.0000
[INFO] 2026-05-28 15:54:31,111 - Saved communities...
