[INFO] 2026-05-27 00:01:57,694 - [MATRIX] writes shape=(14376, 14475)
[INFO] 2026-05-27 00:01:57,735 - [MATRIX] be_written shape=(14475, 14376)
[INFO] 2026-05-27 00:01:57,749 - [MATRIX] published_in shape=(14376, 20)
[INFO] 2026-05-27 00:01:57,760 - [MATRIX] publish shape=(20, 14376)
[INFO] 2026-05-27 00:01:57,857 - [MATRIX] has_term shape=(14376, 8920)
[INFO] 2026-05-27 00:01:57,953 - [MATRIX] term_in shape=(8920, 14376)
[INFO] 2026-05-27 00:01:57,982 - 
========== Building P-A-P ==========
[INFO] 2026-05-27 00:01:57,996 - P-A-P matrix shape=(14376, 14376)
[INFO] 2026-05-27 00:02:02,512 - P-A-P nodes=13774 edges=215663 total_weight=497692.0000
[INFO] 2026-05-27 00:02:02,520 - 
========== Building P-T-P ==========
[INFO] 2026-05-27 00:02:04,244 - P-T-P matrix shape=(14376, 14376)
[INFO] 2026-05-27 00:03:02,424 - P-T-P nodes=12865 edges=980027 total_weight=6154376.0000
[INFO] 2026-05-27 00:03:02,435 - 
========== Building P-C-P ==========
[INFO] 2026-05-27 00:03:02,836 - P-C-P matrix shape=(14376, 14376)
[INFO] 2026-05-27 00:03:11,971 - P-C-P nodes=0 edges=0 total_weight=0.0000
[WARNING] 2026-05-27 00:03:11,971 - [SKIP] P-C-P generated empty graph.
[INFO] 2026-05-27 00:03:12,007 - Running community detection on P-A-P
[INFO] 2026-05-27 00:03:20,900 - P-A-P communities=437
[INFO] 2026-05-27 00:03:20,916 - Running community detection on P-T-P
[INFO] 2026-05-27 00:05:33,184 - P-T-P communities=32
[WARNING] 2026-05-27 00:05:33,186 - [SKIP] P-C-P is empty.
[INFO] 2026-05-27 00:05:34,053 - Candidate edges=1186810
[INFO] 2026-05-27 00:05:34,759 - Processed 100000/1186810 candidate edges
[INFO] 2026-05-27 00:05:35,423 - Processed 200000/1186810 candidate edges
[INFO] 2026-05-27 00:05:36,099 - Processed 300000/1186810 candidate edges
[INFO] 2026-05-27 00:05:36,755 - Processed 400000/1186810 candidate edges
[INFO] 2026-05-27 00:05:37,407 - Processed 500000/1186810 candidate edges
[INFO] 2026-05-27 00:05:38,059 - Processed 600000/1186810 candidate edges
[INFO] 2026-05-27 00:05:38,680 - Processed 700000/1186810 candidate edges
[INFO] 2026-05-27 00:05:39,313 - Processed 800000/1186810 candidate edges
[INFO] 2026-05-27 00:05:40,008 - Processed 900000/1186810 candidate edges
[INFO] 2026-05-27 00:05:40,696 - Processed 1000000/1186810 candidate edges
[INFO] 2026-05-27 00:05:41,291 - Processed 1100000/1186810 candidate edges
[INFO] 2026-05-27 00:05:41,905 - Consensus graph nodes=14306 edges=670814
[INFO] 2026-05-27 00:05:41,905 - Running Louvain on consensus graph
[INFO] 2026-05-27 00:06:49,458 - Seed communities=16
[INFO] 2026-05-27 00:06:49,992 - Expanding community 0
[DEBUG] 2026-05-27 00:06:51,257 - [EXPANSION] author sorted scores=[('a19926', 140), ('a16696', 110), ('a113755', 102), ('a19922', 75), ('a35465', 75), ('a7277', 60), ('a113688', 56), ('a19617', 51), ('a33521', 51), ('a18041', 45)]
[DEBUG] 2026-05-27 00:06:51,273 - [EXPANSION] conference sorted scores=[('c1798', 608), ('c3594', 483), ('c3329', 470), ('c2504', 356), ('c1801', 235), ('c597', 208), ('c2934', 166), ('c2180', 145), ('c3027', 144), ('c36', 138)]
[DEBUG] 2026-05-27 00:06:54,572 - [EXPANSION] term sorted scores=[('t19', 1302), ('t461', 920), ('t35', 600), ('t4', 575), ('t452', 503), ('t45', 388), ('t560', 381), ('t82', 375), ('t38', 308), ('t542', 275)]
[INFO] 2026-05-27 00:06:54,574 - Expanding community 1
[DEBUG] 2026-05-27 00:06:55,129 - [EXPANSION] author sorted scores=[('a16319', 16), ('a35663', 16), ('a37276', 14), ('a85853', 12), ('a10752', 11), ('a17383', 11), ('a65896', 11), ('a12269', 10), ('a15157', 10), ('a16849', 10)]
[DEBUG] 2026-05-27 00:06:55,137 - [EXPANSION] conference sorted scores=[('c2180', 368), ('c36', 337), ('c3594', 188), ('c3318', 186), ('c3329', 136), ('c1798', 118), ('c2504', 80), ('c3027', 79), ('c597', 77), ('c3771', 75)]
[DEBUG] 2026-05-27 00:06:57,107 - [EXPANSION] term sorted scores=[('t4', 1348), ('t1', 1111), ('t35', 574), ('t63', 491), ('t112', 458), ('t19', 251), ('t109', 173), ('t461', 165), ('t38', 152), ('t82', 129)]
[INFO] 2026-05-27 00:06:57,108 - Expanding community 2
[DEBUG] 2026-05-27 00:06:57,665 - [EXPANSION] author sorted scores=[('a33995', 34), ('a6982', 33), ('a113851', 28), ('a15710', 26), ('a435', 23), ('a16849', 22), ('a6985', 19), ('a16681', 19), ('a34819', 19), ('a38722', 19)]
[DEBUG] 2026-05-27 00:06:57,672 - [EXPANSION] conference sorted scores=[('c2180', 312), ('c36', 226), ('c3594', 202), ('c3329', 176), ('c1798', 155), ('c3027', 137), ('c3318', 112), ('c597', 63), ('c2504', 63), ('c755', 43)]
[DEBUG] 2026-05-27 00:06:59,421 - [EXPANSION] term sorted scores=[('t45', 1094), ('t4', 559), ('t35', 544), ('t1', 313), ('t461', 174), ('t10', 116), ('t81', 116), ('t63', 110), ('t54', 96), ('t19', 88)]
[INFO] 2026-05-27 00:06:59,422 - Expanding community 3
[DEBUG] 2026-05-27 00:06:59,969 - [EXPANSION] author sorted scores=[('a15481', 65), ('a20146', 43), ('a39389', 40), ('a18125', 32), ('a4561', 30), ('a2588', 25), ('a20265', 25), ('a12317', 22), ('a15468', 22), ('a15493', 22)]
[DEBUG] 2026-05-27 00:06:59,975 - [EXPANSION] conference sorted scores=[('c36', 341), ('c1902', 313), ('c2180', 269), ('c3318', 110), ('c2504', 102), ('c1801', 89), ('c1201', 77), ('c2934', 46), ('c597', 45), ('c3230', 42)]
[DEBUG] 2026-05-27 00:07:01,322 - [EXPANSION] term sorted scores=[('t12', 491), ('t19', 413), ('t10', 198), ('t81', 187), ('t35', 177), ('t4', 159), ('t45', 139), ('t26', 112), ('t38', 104), ('t1340', 93)]
[INFO] 2026-05-27 00:07:01,323 - Expanding community 4
[DEBUG] 2026-05-27 00:07:01,847 - [EXPANSION] author sorted scores=[('a37276', 17), ('a19922', 15), ('a16695', 13), ('a16696', 13), ('a19926', 13), ('a35465', 12), ('a19627', 10), ('a33554', 10), ('a85913', 10), ('a113755', 10)]
[DEBUG] 2026-05-27 00:07:01,854 - [EXPANSION] conference sorted scores=[('c2180', 253), ('c3594', 215), ('c1798', 184), ('c3329', 180), ('c36', 179), ('c3318', 101), ('c2504', 79), ('c597', 78), ('c1801', 58), ('c2934', 45)]
[DEBUG] 2026-05-27 00:07:03,701 - [EXPANSION] term sorted scores=[('t63', 1360), ('t19', 1053), ('t35', 324), ('t358', 287), ('t461', 281), ('t38', 212), ('t512', 170), ('t121', 148), ('t368', 118), ('t656', 116)]
[INFO] 2026-05-27 00:07:03,702 - Expanding community 5
[DEBUG] 2026-05-27 00:07:04,117 - [EXPANSION] author sorted scores=[('a35663', 24), ('a13148', 18), ('a28499', 15), ('a35666', 15), ('a16416', 12), ('a37891', 12), ('a15305', 11), ('a124335', 11), ('a15588', 10), ('a90715', 10)]
[DEBUG] 2026-05-27 00:07:04,123 - [EXPANSION] conference sorted scores=[('c2180', 182), ('c36', 137), ('c3318', 122), ('c3329', 91), ('c1798', 90), ('c3594', 90), ('c597', 54), ('c2504', 53), ('c755', 43), ('c1902', 39)]
[DEBUG] 2026-05-27 00:07:05,366 - [EXPANSION] term sorted scores=[('t19', 663), ('t45', 656), ('t63', 518), ('t4', 408), ('t38', 91), ('t114', 86), ('t10', 82), ('t109', 76), ('t458', 73), ('t112', 72)]
[INFO] 2026-05-27 00:07:05,367 - Expanding community 6
[DEBUG] 2026-05-27 00:07:05,745 - [EXPANSION] author sorted scores=[('a15946', 73), ('a26577', 29), ('a113748', 22), ('a24026', 20), ('a27110', 20), ('a26908', 19), ('a24028', 16), ('a60018', 15), ('a52890', 14), ('a25739', 13)]
[DEBUG] 2026-05-27 00:07:05,750 - [EXPANSION] conference sorted scores=[('c3318', 558), ('c597', 118), ('c1194', 87), ('c2180', 69), ('c36', 44), ('c3594', 29), ('c3329', 27), ('c1798', 26), ('c3771', 26), ('c1234', 16)]
[DEBUG] 2026-05-27 00:07:06,847 - [EXPANSION] term sorted scores=[('t468', 477), ('t235', 418), ('t19', 391), ('t35', 177), ('t4', 160), ('t63', 143), ('t38', 131), ('t45', 120), ('t81', 117), ('t84', 91)]
[INFO] 2026-05-27 00:07:06,848 - Expanding community 7
[DEBUG] 2026-05-27 00:07:07,212 - [EXPANSION] author sorted scores=[('a22275', 14), ('a16850', 9), ('a124231', 9), ('a48008', 8), ('a84014', 8), ('a84077', 8), ('a86323', 8), ('a33579', 7), ('a35663', 7), ('a74558', 7)]
[DEBUG] 2026-05-27 00:07:07,218 - [EXPANSION] conference sorted scores=[('c2180', 180), ('c36', 158), ('c3318', 98), ('c3594', 91), ('c1798', 77), ('c3329', 60), ('c1902', 56), ('c597', 51), ('c2504', 46), ('c1801', 37)]
[DEBUG] 2026-05-27 00:07:08,455 - [EXPANSION] term sorted scores=[('t55', 706), ('t63', 398), ('t282', 366), ('t45', 180), ('t82', 161), ('t35', 148), ('t461', 122), ('t81', 117), ('t4', 115), ('t38', 101)]
[INFO] 2026-05-27 00:07:08,457 - Expanding community 8
[DEBUG] 2026-05-27 00:07:08,623 - [EXPANSION] author sorted scores=[('a113162', 66), ('a12269', 37), ('a37276', 29), ('a82135', 29), ('a13452', 26), ('a29037', 24), ('a77756', 19), ('a82524', 19), ('a260219', 18), ('a95186', 17)]
[DEBUG] 2026-05-27 00:07:08,627 - [EXPANSION] conference sorted scores=[('c3329', 199), ('c1798', 152), ('c3594', 151), ('c597', 29), ('c3027', 29), ('c1234', 27), ('c2180', 20), ('c36', 15), ('c3318', 9), ('c3771', 3)]
[DEBUG] 2026-05-27 00:07:09,194 - [EXPANSION] term sorted scores=[('t35', 219), ('t512', 187), ('t134', 162), ('t19', 134), ('t90', 114), ('t471', 103), ('t4', 64), ('t305', 60), ('t375', 58), ('t1', 54)]
[INFO] 2026-05-27 00:07:09,195 - Expanding community 9
[DEBUG] 2026-05-27 00:07:09,223 - [EXPANSION] author sorted scores=[('a152606', 5), ('a422518', 3), ('a438176', 3), ('a124995', 2), ('a438235', 2), ('a438237', 2), ('a133475', 1), ('a218555', 1), ('a260390', 1), ('a260391', 1)]
[DEBUG] 2026-05-27 00:07:09,224 - [EXPANSION] conference sorted scores=[('c3594', 5), ('c3329', 2), ('c1798', 1), ('c36', 0), ('c597', 0), ('c755', 0), ('c1194', 0), ('c1201', 0), ('c1234', 0), ('c1801', 0)]
[DEBUG] 2026-05-27 00:07:09,248 - [EXPANSION] term sorted scores=[('t7509', 7), ('t605', 4), ('t1', 2), ('t35', 2), ('t522', 2), ('t2463', 2), ('t3704', 2), ('t4', 1), ('t10', 1), ('t82', 1)]
[INFO] 2026-05-27 00:07:09,248 - Expanding community 10
[DEBUG] 2026-05-27 00:07:09,273 - [EXPANSION] author sorted scores=[('a20036', 3), ('a20037', 1), ('a76', 0), ('a124', 0), ('a192', 0), ('a226', 0), ('a234', 0), ('a250', 0), ('a310', 0), ('a325', 0)]
[DEBUG] 2026-05-27 00:07:09,274 - [EXPANSION] conference sorted scores=[('c36', 3), ('c597', 0), ('c755', 0), ('c1194', 0), ('c1201', 0), ('c1234', 0), ('c1798', 0), ('c1801', 0), ('c1902', 0), ('c2180', 0)]
[DEBUG] 2026-05-27 00:07:09,293 - [EXPANSION] term sorted scores=[('t39', 3), ('t51', 3), ('t4462', 3), ('t443', 2), ('t818', 2), ('t210', 1), ('t318', 1), ('t578', 1), ('t1', 0), ('t2', 0)]
[INFO] 2026-05-27 00:07:09,293 - Expanding community 11
[DEBUG] 2026-05-27 00:07:09,316 - [EXPANSION] author sorted scores=[('a20057', 2), ('a20056', 1), ('a20704', 1), ('a76', 0), ('a124', 0), ('a192', 0), ('a226', 0), ('a234', 0), ('a250', 0), ('a310', 0)]
[DEBUG] 2026-05-27 00:07:09,317 - [EXPANSION] conference sorted scores=[('c36', 2), ('c597', 0), ('c755', 0), ('c1194', 0), ('c1201', 0), ('c1234', 0), ('c1798', 0), ('c1801', 0), ('c1902', 0), ('c2180', 0)]
[DEBUG] 2026-05-27 00:07:09,334 - [EXPANSION] term sorted scores=[('t2', 1), ('t27', 1), ('t524', 1), ('t2837', 1), ('t4083', 1), ('t4189', 1), ('t4838', 1), ('t1', 0), ('t3', 0), ('t4', 0)]
[INFO] 2026-05-27 00:07:09,335 - Expanding community 12
[DEBUG] 2026-05-27 00:07:09,359 - [EXPANSION] author sorted scores=[('a316574', 2), ('a19258', 1), ('a76', 0), ('a124', 0), ('a192', 0), ('a226', 0), ('a234', 0), ('a250', 0), ('a310', 0), ('a325', 0)]
[DEBUG] 2026-05-27 00:07:09,360 - [EXPANSION] conference sorted scores=[('c2180', 2), ('c36', 0), ('c597', 0), ('c755', 0), ('c1194', 0), ('c1201', 0), ('c1234', 0), ('c1798', 0), ('c1801', 0), ('c1902', 0)]
[DEBUG] 2026-05-27 00:07:09,378 - [EXPANSION] term sorted scores=[('t4', 1), ('t261', 1), ('t458', 1), ('t1162', 1), ('t1175', 1), ('t1230', 1), ('t1265', 1), ('t1388', 1), ('t2637', 1), ('t1', 0)]
[INFO] 2026-05-27 00:07:09,378 - Expanding community 13
[DEBUG] 2026-05-27 00:07:09,404 - [EXPANSION] author sorted scores=[('a16578', 2), ('a16579', 2), ('a16580', 1), ('a76', 0), ('a124', 0), ('a192', 0), ('a226', 0), ('a234', 0), ('a250', 0), ('a310', 0)]
[DEBUG] 2026-05-27 00:07:09,405 - [EXPANSION] conference sorted scores=[('c36', 2), ('c597', 0), ('c755', 0), ('c1194', 0), ('c1201', 0), ('c1234', 0), ('c1798', 0), ('c1801', 0), ('c1902', 0), ('c2180', 0)]
[DEBUG] 2026-05-27 00:07:09,421 - [EXPANSION] term sorted scores=[('t15', 2), ('t175', 1), ('t458', 1), ('t887', 1), ('t1175', 1), ('t1455', 1), ('t1504', 1), ('t1', 0), ('t2', 0), ('t3', 0)]
[INFO] 2026-05-27 00:07:09,422 - Expanding community 14
[DEBUG] 2026-05-27 00:07:09,448 - [EXPANSION] author sorted scores=[('a18356', 2), ('a76', 0), ('a124', 0), ('a192', 0), ('a226', 0), ('a234', 0), ('a250', 0), ('a310', 0), ('a325', 0), ('a337', 0)]
[DEBUG] 2026-05-27 00:07:09,449 - [EXPANSION] conference sorted scores=[('c36', 1), ('c2180', 1), ('c597', 0), ('c755', 0), ('c1194', 0), ('c1201', 0), ('c1234', 0), ('c1798', 0), ('c1801', 0), ('c1902', 0)]
[DEBUG] 2026-05-27 00:07:09,466 - [EXPANSION] term sorted scores=[('t55', 1), ('t82', 1), ('t300', 1), ('t685', 1), ('t792', 1), ('t986', 1), ('t1287', 1), ('t1597', 1), ('t1982', 1), ('t2041', 1)]
[INFO] 2026-05-27 00:07:09,466 - Expanding community 15
[DEBUG] 2026-05-27 00:07:09,491 - [EXPANSION] author sorted scores=[('a31852', 2), ('a198388', 2), ('a76', 0), ('a124', 0), ('a192', 0), ('a226', 0), ('a234', 0), ('a250', 0), ('a310', 0), ('a325', 0)]
[DEBUG] 2026-05-27 00:07:09,492 - [EXPANSION] conference sorted scores=[('c3329', 2), ('c36', 0), ('c597', 0), ('c755', 0), ('c1194', 0), ('c1201', 0), ('c1234', 0), ('c1798', 0), ('c1801', 0), ('c1902', 0)]
[DEBUG] 2026-05-27 00:07:09,508 - [EXPANSION] term sorted scores=[('t600', 1), ('t1256', 1), ('t3488', 1), ('t3941', 1), ('t4967', 1), ('t6903', 1), ('t11774', 1), ('t1', 0), ('t2', 0), ('t3', 0)]
[INFO] 2026-05-27 00:07:11,506 - [EVAL] Modularity=0.7606
[INFO] 2026-05-27 00:07:11,506 - [EVAL] Surprise=0.0000
[INFO] 2026-05-27 00:07:11,506 - [EVAL] Keyword coherence=0.0000
[INFO] 2026-05-27 00:07:11,507 - [EVAL] Community stats={'num_communities': 16, 'avg_size': 3859.5, 'max_size': 12405, 'min_size': 12}
[INFO] 2026-05-27 00:07:11,527 - [NMI DEBUG] matched_nodes=3987
[INFO] 2026-05-27 00:07:11,535 - [NMI] 0.1110
[INFO] 2026-05-27 00:07:11,546 - [NMI DEBUG] matched_nodes=94
[INFO] 2026-05-27 00:07:11,549 - [NMI] 0.1899
[INFO] 2026-05-27 00:07:11,559 - [NMI DEBUG] matched_nodes=20
[INFO] 2026-05-27 00:07:11,561 - [NMI] 0.0000
[INFO] 2026-05-27 00:07:11,562 - Saved communities...
