[INFO] 2026-05-26 23:38:44,140 - [MATRIX] writes shape=(14376, 14475)
[INFO] 2026-05-26 23:38:44,174 - [MATRIX] be_written shape=(14475, 14376)
[INFO] 2026-05-26 23:38:44,186 - [MATRIX] published_in shape=(14376, 20)
[INFO] 2026-05-26 23:38:44,197 - [MATRIX] publish shape=(20, 14376)
[INFO] 2026-05-26 23:38:44,288 - [MATRIX] has_term shape=(14376, 8920)
[INFO] 2026-05-26 23:38:44,376 - [MATRIX] term_in shape=(8920, 14376)
[INFO] 2026-05-26 23:38:44,397 - 
========== Building P-A-P ==========
[INFO] 2026-05-26 23:38:44,409 - P-A-P matrix shape=(14376, 14376)
[INFO] 2026-05-26 23:38:48,564 - P-A-P nodes=13774 edges=215663 total_weight=497692.0000
[INFO] 2026-05-26 23:38:48,572 - 
========== Building P-T-P ==========
[INFO] 2026-05-26 23:38:50,220 - P-T-P matrix shape=(14376, 14376)
[INFO] 2026-05-26 23:39:26,243 - P-T-P nodes=46 edges=23 total_weight=512.0000
[INFO] 2026-05-26 23:39:26,243 - 
========== Building P-C-P ==========
[INFO] 2026-05-26 23:39:26,611 - P-C-P matrix shape=(14376, 14376)
[INFO] 2026-05-26 23:39:35,301 - P-C-P nodes=0 edges=0 total_weight=0.0000
[WARNING] 2026-05-26 23:39:35,301 - [SKIP] P-C-P generated empty graph.
[INFO] 2026-05-26 23:39:35,321 - 
========== MASSE Reliability ==========
[INFO] 2026-05-26 23:39:35,554 - P-A-P reliability=0.075625
[INFO] 2026-05-26 23:39:35,554 - P-T-P reliability=0.242226
[INFO] 2026-05-26 23:39:35,555 - P-C-P reliability=0.000000
[INFO] 2026-05-26 23:39:45,451 - [INTERACTION] P-A-P <-> P-T-P = 0.9443
[INFO] 2026-05-26 23:39:45,457 - [INTERACTION] P-T-P <-> P-A-P = 0.9443
[INFO] 2026-05-26 23:39:50,789 - MASSE consensus nodes=13774 edges=189733
[INFO] 2026-05-26 23:39:57,758 - MASSE communities=442
[INFO] 2026-05-26 23:39:58,274 - [MASSE] Expanding 0
[INFO] 2026-05-26 23:39:59,844 - [MASSE] Expanding 1
[INFO] 2026-05-26 23:40:01,474 - [MASSE] Expanding 2
[INFO] 2026-05-26 23:40:03,122 - [MASSE] Expanding 3
[INFO] 2026-05-26 23:40:04,766 - [MASSE] Expanding 4
[INFO] 2026-05-26 23:40:06,238 - [MASSE] Expanding 5
[INFO] 2026-05-26 23:40:07,643 - [MASSE] Expanding 6
[INFO] 2026-05-26 23:40:09,147 - [MASSE] Expanding 7
[INFO] 2026-05-26 23:40:10,510 - [MASSE] Expanding 8
[INFO] 2026-05-26 23:40:12,039 - [MASSE] Expanding 9
[INFO] 2026-05-26 23:40:13,295 - [MASSE] Expanding 10
[INFO] 2026-05-26 23:40:14,538 - [MASSE] Expanding 11
[INFO] 2026-05-26 23:40:15,688 - [MASSE] Expanding 12
[INFO] 2026-05-26 23:40:16,858 - [MASSE] Expanding 13
[INFO] 2026-05-26 23:40:17,978 - [MASSE] Expanding 14
[INFO] 2026-05-26 23:40:19,120 - [MASSE] Expanding 15
[INFO] 2026-05-26 23:40:20,206 - [MASSE] Expanding 16
[INFO] 2026-05-26 23:40:21,317 - [MASSE] Expanding 17
[INFO] 2026-05-26 23:40:22,379 - [MASSE] Expanding 18
[INFO] 2026-05-26 23:40:23,328 - [MASSE] Expanding 19
[INFO] 2026-05-26 23:40:24,286 - [MASSE] Expanding 20
[INFO] 2026-05-26 23:40:25,221 - [MASSE] Expanding 21
[INFO] 2026-05-26 23:40:26,076 - [MASSE] Expanding 22
[INFO] 2026-05-26 23:40:27,021 - [MASSE] Expanding 23
[INFO] 2026-05-26 23:40:27,955 - [MASSE] Expanding 24
[INFO] 2026-05-26 23:40:28,950 - [MASSE] Expanding 25
[INFO] 2026-05-26 23:40:29,932 - [MASSE] Expanding 26
[INFO] 2026-05-26 23:40:30,828 - [MASSE] Expanding 27
[INFO] 2026-05-26 23:40:31,777 - [MASSE] Expanding 28
[INFO] 2026-05-26 23:40:32,729 - [MASSE] Expanding 29
[INFO] 2026-05-26 23:40:33,567 - [MASSE] Expanding 30
[INFO] 2026-05-26 23:40:34,446 - [MASSE] Expanding 31
[INFO] 2026-05-26 23:40:35,339 - [MASSE] Expanding 32
[INFO] 2026-05-26 23:40:36,129 - [MASSE] Expanding 33
[INFO] 2026-05-26 23:40:36,890 - [MASSE] Expanding 34
[INFO] 2026-05-26 23:40:37,646 - [MASSE] Expanding 35
[INFO] 2026-05-26 23:40:38,395 - [MASSE] Expanding 36
[INFO] 2026-05-26 23:40:39,136 - [MASSE] Expanding 37
[INFO] 2026-05-26 23:40:39,889 - [MASSE] Expanding 38
[INFO] 2026-05-26 23:40:40,612 - [MASSE] Expanding 39
[INFO] 2026-05-26 23:40:41,364 - [MASSE] Expanding 40
[INFO] 2026-05-26 23:40:42,104 - [MASSE] Expanding 41
[INFO] 2026-05-26 23:40:42,807 - [MASSE] Expanding 42
[INFO] 2026-05-26 23:40:43,506 - [MASSE] Expanding 43
[INFO] 2026-05-26 23:40:44,179 - [MASSE] Expanding 44
[INFO] 2026-05-26 23:40:44,826 - [MASSE] Expanding 45
[INFO] 2026-05-26 23:40:45,467 - [MASSE] Expanding 46
[INFO] 2026-05-26 23:40:46,109 - [MASSE] Expanding 47
[INFO] 2026-05-26 23:40:46,741 - [MASSE] Expanding 48
[INFO] 2026-05-26 23:40:47,350 - [MASSE] Expanding 49
[INFO] 2026-05-26 23:40:47,952 - [MASSE] Expanding 50
[INFO] 2026-05-26 23:40:48,534 - [MASSE] Expanding 51
[INFO] 2026-05-26 23:40:49,110 - [MASSE] Expanding 52
[INFO] 2026-05-26 23:40:49,692 - [MASSE] Expanding 53
[INFO] 2026-05-26 23:40:50,293 - [MASSE] Expanding 54
[INFO] 2026-05-26 23:40:50,859 - [MASSE] Expanding 55
[INFO] 2026-05-26 23:40:51,425 - [MASSE] Expanding 56
[INFO] 2026-05-26 23:40:51,987 - [MASSE] Expanding 57
[INFO] 2026-05-26 23:40:52,548 - [MASSE] Expanding 58
[INFO] 2026-05-26 23:40:53,103 - [MASSE] Expanding 59
[INFO] 2026-05-26 23:40:53,675 - [MASSE] Expanding 60
[INFO] 2026-05-26 23:40:54,246 - [MASSE] Expanding 61
[INFO] 2026-05-26 23:40:54,809 - [MASSE] Expanding 62
[INFO] 2026-05-26 23:40:55,375 - [MASSE] Expanding 63
[INFO] 2026-05-26 23:40:55,958 - [MASSE] Expanding 64
[INFO] 2026-05-26 23:40:56,520 - [MASSE] Expanding 65
[INFO] 2026-05-26 23:40:57,090 - [MASSE] Expanding 66
[INFO] 2026-05-26 23:40:57,656 - [MASSE] Expanding 67
[INFO] 2026-05-26 23:40:58,216 - [MASSE] Expanding 68
[INFO] 2026-05-26 23:40:58,778 - [MASSE] Expanding 69
[INFO] 2026-05-26 23:40:59,345 - [MASSE] Expanding 70
[INFO] 2026-05-26 23:40:59,911 - [MASSE] Expanding 71
[INFO] 2026-05-26 23:41:00,469 - [MASSE] Expanding 72
[INFO] 2026-05-26 23:41:01,019 - [MASSE] Expanding 73
[INFO] 2026-05-26 23:41:01,580 - [MASSE] Expanding 74
[INFO] 2026-05-26 23:41:02,146 - [MASSE] Expanding 75
[INFO] 2026-05-26 23:41:02,700 - [MASSE] Expanding 76
[INFO] 2026-05-26 23:41:03,274 - [MASSE] Expanding 77
[INFO] 2026-05-26 23:41:03,835 - [MASSE] Expanding 78
[INFO] 2026-05-26 23:41:04,394 - [MASSE] Expanding 79
[INFO] 2026-05-26 23:41:04,953 - [MASSE] Expanding 80
[INFO] 2026-05-26 23:41:05,522 - [MASSE] Expanding 81
[INFO] 2026-05-26 23:41:06,125 - [MASSE] Expanding 82
[INFO] 2026-05-26 23:41:06,777 - [MASSE] Expanding 83
[INFO] 2026-05-26 23:41:07,401 - [MASSE] Expanding 84
[INFO] 2026-05-26 23:41:08,023 - [MASSE] Expanding 85
[INFO] 2026-05-26 23:41:08,603 - [MASSE] Expanding 86
[INFO] 2026-05-26 23:41:09,163 - [MASSE] Expanding 87
[INFO] 2026-05-26 23:41:09,724 - [MASSE] Expanding 88
[INFO] 2026-05-26 23:41:10,287 - [MASSE] Expanding 89
[INFO] 2026-05-26 23:41:10,878 - [MASSE] Expanding 90
[INFO] 2026-05-26 23:41:11,498 - [MASSE] Expanding 91
[INFO] 2026-05-26 23:41:12,105 - [MASSE] Expanding 92
[INFO] 2026-05-26 23:41:12,665 - [MASSE] Expanding 93
[INFO] 2026-05-26 23:41:13,218 - [MASSE] Expanding 94
[INFO] 2026-05-26 23:41:13,781 - [MASSE] Expanding 95
[INFO] 2026-05-26 23:41:14,342 - [MASSE] Expanding 96
[INFO] 2026-05-26 23:41:14,902 - [MASSE] Expanding 97
[INFO] 2026-05-26 23:41:15,469 - [MASSE] Expanding 98
[INFO] 2026-05-26 23:41:16,041 - [MASSE] Expanding 99
[INFO] 2026-05-26 23:41:16,608 - [MASSE] Expanding 100
[INFO] 2026-05-26 23:41:17,175 - [MASSE] Expanding 101
[INFO] 2026-05-26 23:41:17,750 - [MASSE] Expanding 102
[INFO] 2026-05-26 23:41:18,346 - [MASSE] Expanding 103
[INFO] 2026-05-26 23:41:18,903 - [MASSE] Expanding 104
[INFO] 2026-05-26 23:41:19,456 - [MASSE] Expanding 105
[INFO] 2026-05-26 23:41:20,012 - [MASSE] Expanding 106
[INFO] 2026-05-26 23:41:20,573 - [MASSE] Expanding 107
[INFO] 2026-05-26 23:41:21,135 - [MASSE] Expanding 108
[INFO] 2026-05-26 23:41:21,696 - [MASSE] Expanding 109
[INFO] 2026-05-26 23:41:22,251 - [MASSE] Expanding 110
[INFO] 2026-05-26 23:41:22,811 - [MASSE] Expanding 111
[INFO] 2026-05-26 23:41:23,366 - [MASSE] Expanding 112
[INFO] 2026-05-26 23:41:23,921 - [MASSE] Expanding 113
[INFO] 2026-05-26 23:41:24,470 - [MASSE] Expanding 114
[INFO] 2026-05-26 23:41:25,031 - [MASSE] Expanding 115
[INFO] 2026-05-26 23:41:25,585 - [MASSE] Expanding 116
[INFO] 2026-05-26 23:41:26,164 - [MASSE] Expanding 117
[INFO] 2026-05-26 23:41:26,733 - [MASSE] Expanding 118
[INFO] 2026-05-26 23:41:27,299 - [MASSE] Expanding 119
[INFO] 2026-05-26 23:41:27,865 - [MASSE] Expanding 120
[INFO] 2026-05-26 23:41:28,427 - [MASSE] Expanding 121
[INFO] 2026-05-26 23:41:28,983 - [MASSE] Expanding 122
[INFO] 2026-05-26 23:41:29,537 - [MASSE] Expanding 123
[INFO] 2026-05-26 23:41:30,086 - [MASSE] Expanding 124
[INFO] 2026-05-26 23:41:30,642 - [MASSE] Expanding 125
[INFO] 2026-05-26 23:41:31,203 - [MASSE] Expanding 126
[INFO] 2026-05-26 23:41:31,760 - [MASSE] Expanding 127
[INFO] 2026-05-26 23:41:32,315 - [MASSE] Expanding 128
[INFO] 2026-05-26 23:41:32,862 - [MASSE] Expanding 129
[INFO] 2026-05-26 23:41:33,422 - [MASSE] Expanding 130
[INFO] 2026-05-26 23:41:33,975 - [MASSE] Expanding 131
[INFO] 2026-05-26 23:41:34,530 - [MASSE] Expanding 132
[INFO] 2026-05-26 23:41:35,086 - [MASSE] Expanding 133
[INFO] 2026-05-26 23:41:35,643 - [MASSE] Expanding 134
[INFO] 2026-05-26 23:41:36,190 - [MASSE] Expanding 135
[INFO] 2026-05-26 23:41:36,754 - [MASSE] Expanding 136
[INFO] 2026-05-26 23:41:37,313 - [MASSE] Expanding 137
[INFO] 2026-05-26 23:41:37,895 - [MASSE] Expanding 138
[INFO] 2026-05-26 23:41:38,482 - [MASSE] Expanding 139
[INFO] 2026-05-26 23:41:39,042 - [MASSE] Expanding 140
[INFO] 2026-05-26 23:41:39,599 - [MASSE] Expanding 141
[INFO] 2026-05-26 23:41:40,156 - [MASSE] Expanding 142
[INFO] 2026-05-26 23:41:40,717 - [MASSE] Expanding 143
[INFO] 2026-05-26 23:41:41,281 - [MASSE] Expanding 144
[INFO] 2026-05-26 23:41:41,839 - [MASSE] Expanding 145
[INFO] 2026-05-26 23:41:42,393 - [MASSE] Expanding 146
[INFO] 2026-05-26 23:41:42,956 - [MASSE] Expanding 147
[INFO] 2026-05-26 23:41:43,551 - [MASSE] Expanding 148
[INFO] 2026-05-26 23:41:44,098 - [MASSE] Expanding 149
[INFO] 2026-05-26 23:41:44,646 - [MASSE] Expanding 150
[INFO] 2026-05-26 23:41:45,192 - [MASSE] Expanding 151
[INFO] 2026-05-26 23:41:45,752 - [MASSE] Expanding 152
[INFO] 2026-05-26 23:41:46,312 - [MASSE] Expanding 153
[INFO] 2026-05-26 23:41:46,870 - [MASSE] Expanding 154
[INFO] 2026-05-26 23:41:47,440 - [MASSE] Expanding 155
[INFO] 2026-05-26 23:41:48,009 - [MASSE] Expanding 156
[INFO] 2026-05-26 23:41:48,585 - [MASSE] Expanding 157
[INFO] 2026-05-26 23:41:49,146 - [MASSE] Expanding 158
[INFO] 2026-05-26 23:41:49,736 - [MASSE] Expanding 159
[INFO] 2026-05-26 23:41:50,335 - [MASSE] Expanding 160
[INFO] 2026-05-26 23:41:50,922 - [MASSE] Expanding 161
[INFO] 2026-05-26 23:41:51,512 - [MASSE] Expanding 162
[INFO] 2026-05-26 23:41:52,115 - [MASSE] Expanding 163
[INFO] 2026-05-26 23:41:52,686 - [MASSE] Expanding 164
[INFO] 2026-05-26 23:41:53,378 - [MASSE] Expanding 165
[INFO] 2026-05-26 23:41:54,001 - [MASSE] Expanding 166
[INFO] 2026-05-26 23:41:54,620 - [MASSE] Expanding 167
[INFO] 2026-05-26 23:41:55,252 - [MASSE] Expanding 168
[INFO] 2026-05-26 23:41:55,882 - [MASSE] Expanding 169
[INFO] 2026-05-26 23:41:56,530 - [MASSE] Expanding 170
[INFO] 2026-05-26 23:41:57,166 - [MASSE] Expanding 171
[INFO] 2026-05-26 23:41:57,796 - [MASSE] Expanding 172
[INFO] 2026-05-26 23:41:58,427 - [MASSE] Expanding 173
[INFO] 2026-05-26 23:41:59,056 - [MASSE] Expanding 174
[INFO] 2026-05-26 23:41:59,617 - [MASSE] Expanding 175
[INFO] 2026-05-26 23:42:00,165 - [MASSE] Expanding 176
[INFO] 2026-05-26 23:42:00,707 - [MASSE] Expanding 177
[INFO] 2026-05-26 23:42:01,252 - [MASSE] Expanding 178
[INFO] 2026-05-26 23:42:01,796 - [MASSE] Expanding 179
[INFO] 2026-05-26 23:42:02,342 - [MASSE] Expanding 180
[INFO] 2026-05-26 23:42:02,887 - [MASSE] Expanding 181
[INFO] 2026-05-26 23:42:03,433 - [MASSE] Expanding 182
[INFO] 2026-05-26 23:42:03,971 - [MASSE] Expanding 183
[INFO] 2026-05-26 23:42:04,521 - [MASSE] Expanding 184
[INFO] 2026-05-26 23:42:05,077 - [MASSE] Expanding 185
[INFO] 2026-05-26 23:42:05,631 - [MASSE] Expanding 186
[INFO] 2026-05-26 23:42:06,180 - [MASSE] Expanding 187
[INFO] 2026-05-26 23:42:06,735 - [MASSE] Expanding 188
[INFO] 2026-05-26 23:42:07,274 - [MASSE] Expanding 189
[INFO] 2026-05-26 23:42:07,824 - [MASSE] Expanding 190
[INFO] 2026-05-26 23:42:08,375 - [MASSE] Expanding 191
[INFO] 2026-05-26 23:42:08,926 - [MASSE] Expanding 192
[INFO] 2026-05-26 23:42:09,472 - [MASSE] Expanding 193
[INFO] 2026-05-26 23:42:10,027 - [MASSE] Expanding 194
[INFO] 2026-05-26 23:42:10,580 - [MASSE] Expanding 195
[INFO] 2026-05-26 23:42:11,132 - [MASSE] Expanding 196
[INFO] 2026-05-26 23:42:11,676 - [MASSE] Expanding 197
[INFO] 2026-05-26 23:42:12,221 - [MASSE] Expanding 198
[INFO] 2026-05-26 23:42:12,767 - [MASSE] Expanding 199
[INFO] 2026-05-26 23:42:13,307 - [MASSE] Expanding 200
[INFO] 2026-05-26 23:42:13,850 - [MASSE] Expanding 201
[INFO] 2026-05-26 23:42:14,408 - [MASSE] Expanding 202
[INFO] 2026-05-26 23:42:14,958 - [MASSE] Expanding 203
[INFO] 2026-05-26 23:42:15,511 - [MASSE] Expanding 204
[INFO] 2026-05-26 23:42:16,062 - [MASSE] Expanding 205
[INFO] 2026-05-26 23:42:16,611 - [MASSE] Expanding 206
[INFO] 2026-05-26 23:42:17,154 - [MASSE] Expanding 207
[INFO] 2026-05-26 23:42:17,708 - [MASSE] Expanding 208
[INFO] 2026-05-26 23:42:18,262 - [MASSE] Expanding 209
[INFO] 2026-05-26 23:42:18,813 - [MASSE] Expanding 210
[INFO] 2026-05-26 23:42:19,360 - [MASSE] Expanding 211
[INFO] 2026-05-26 23:42:19,929 - [MASSE] Expanding 212
[INFO] 2026-05-26 23:42:20,473 - [MASSE] Expanding 213
[INFO] 2026-05-26 23:42:21,014 - [MASSE] Expanding 214
[INFO] 2026-05-26 23:42:21,568 - [MASSE] Expanding 215
[INFO] 2026-05-26 23:42:22,108 - [MASSE] Expanding 216
[INFO] 2026-05-26 23:42:22,643 - [MASSE] Expanding 217
[INFO] 2026-05-26 23:42:23,186 - [MASSE] Expanding 218
[INFO] 2026-05-26 23:42:23,736 - [MASSE] Expanding 219
[INFO] 2026-05-26 23:42:24,284 - [MASSE] Expanding 220
[INFO] 2026-05-26 23:42:24,832 - [MASSE] Expanding 221
[INFO] 2026-05-26 23:42:25,378 - [MASSE] Expanding 222
[INFO] 2026-05-26 23:42:25,922 - [MASSE] Expanding 223
[INFO] 2026-05-26 23:42:26,469 - [MASSE] Expanding 224
[INFO] 2026-05-26 23:42:27,011 - [MASSE] Expanding 225
[INFO] 2026-05-26 23:42:27,560 - [MASSE] Expanding 226
[INFO] 2026-05-26 23:42:28,107 - [MASSE] Expanding 227
[INFO] 2026-05-26 23:42:28,653 - [MASSE] Expanding 228
[INFO] 2026-05-26 23:42:29,193 - [MASSE] Expanding 229
[INFO] 2026-05-26 23:42:29,743 - [MASSE] Expanding 230
[INFO] 2026-05-26 23:42:30,284 - [MASSE] Expanding 231
[INFO] 2026-05-26 23:42:30,821 - [MASSE] Expanding 232
[INFO] 2026-05-26 23:42:31,361 - [MASSE] Expanding 233
[INFO] 2026-05-26 23:42:31,911 - [MASSE] Expanding 234
[INFO] 2026-05-26 23:42:32,452 - [MASSE] Expanding 235
[INFO] 2026-05-26 23:42:32,993 - [MASSE] Expanding 236
[INFO] 2026-05-26 23:42:33,536 - [MASSE] Expanding 237
[INFO] 2026-05-26 23:42:34,071 - [MASSE] Expanding 238
[INFO] 2026-05-26 23:42:34,613 - [MASSE] Expanding 239
[INFO] 2026-05-26 23:42:35,158 - [MASSE] Expanding 240
[INFO] 2026-05-26 23:42:35,701 - [MASSE] Expanding 241
[INFO] 2026-05-26 23:42:36,243 - [MASSE] Expanding 242
[INFO] 2026-05-26 23:42:36,776 - [MASSE] Expanding 243
[INFO] 2026-05-26 23:42:37,318 - [MASSE] Expanding 244
[INFO] 2026-05-26 23:42:37,852 - [MASSE] Expanding 245
[INFO] 2026-05-26 23:42:38,395 - [MASSE] Expanding 246
[INFO] 2026-05-26 23:42:38,925 - [MASSE] Expanding 247
[INFO] 2026-05-26 23:42:39,470 - [MASSE] Expanding 248
[INFO] 2026-05-26 23:42:40,020 - [MASSE] Expanding 249
[INFO] 2026-05-26 23:42:40,561 - [MASSE] Expanding 250
[INFO] 2026-05-26 23:42:41,107 - [MASSE] Expanding 251
[INFO] 2026-05-26 23:42:41,646 - [MASSE] Expanding 252
[INFO] 2026-05-26 23:42:42,186 - [MASSE] Expanding 253
[INFO] 2026-05-26 23:42:42,727 - [MASSE] Expanding 254
[INFO] 2026-05-26 23:42:43,270 - [MASSE] Expanding 255
[INFO] 2026-05-26 23:42:43,809 - [MASSE] Expanding 256
[INFO] 2026-05-26 23:42:44,362 - [MASSE] Expanding 257
[INFO] 2026-05-26 23:42:44,884 - [MASSE] Expanding 258
[INFO] 2026-05-26 23:42:45,409 - [MASSE] Expanding 259
[INFO] 2026-05-26 23:42:45,937 - [MASSE] Expanding 260
[INFO] 2026-05-26 23:42:46,470 - [MASSE] Expanding 261
[INFO] 2026-05-26 23:42:47,006 - [MASSE] Expanding 262
[INFO] 2026-05-26 23:42:47,539 - [MASSE] Expanding 263
[INFO] 2026-05-26 23:42:48,093 - [MASSE] Expanding 264
[INFO] 2026-05-26 23:42:48,732 - [MASSE] Expanding 265
[INFO] 2026-05-26 23:42:49,275 - [MASSE] Expanding 266
[INFO] 2026-05-26 23:42:49,821 - [MASSE] Expanding 267
[INFO] 2026-05-26 23:42:50,368 - [MASSE] Expanding 268
[INFO] 2026-05-26 23:42:50,924 - [MASSE] Expanding 269
[INFO] 2026-05-26 23:42:51,481 - [MASSE] Expanding 270
[INFO] 2026-05-26 23:42:52,027 - [MASSE] Expanding 271
[INFO] 2026-05-26 23:42:52,575 - [MASSE] Expanding 272
[INFO] 2026-05-26 23:42:53,114 - [MASSE] Expanding 273
[INFO] 2026-05-26 23:42:53,668 - [MASSE] Expanding 274
[INFO] 2026-05-26 23:42:54,203 - [MASSE] Expanding 275
[INFO] 2026-05-26 23:42:54,735 - [MASSE] Expanding 276
[INFO] 2026-05-26 23:42:55,283 - [MASSE] Expanding 277
[INFO] 2026-05-26 23:42:55,826 - [MASSE] Expanding 278
[INFO] 2026-05-26 23:42:56,367 - [MASSE] Expanding 279
[INFO] 2026-05-26 23:42:56,914 - [MASSE] Expanding 280
[INFO] 2026-05-26 23:42:57,454 - [MASSE] Expanding 281
[INFO] 2026-05-26 23:42:58,003 - [MASSE] Expanding 282
[INFO] 2026-05-26 23:42:58,551 - [MASSE] Expanding 283
[INFO] 2026-05-26 23:42:59,098 - [MASSE] Expanding 284
[INFO] 2026-05-26 23:42:59,645 - [MASSE] Expanding 285
[INFO] 2026-05-26 23:43:00,192 - [MASSE] Expanding 286
[INFO] 2026-05-26 23:43:00,735 - [MASSE] Expanding 287
[INFO] 2026-05-26 23:43:01,280 - [MASSE] Expanding 288
[INFO] 2026-05-26 23:43:01,831 - [MASSE] Expanding 289
[INFO] 2026-05-26 23:43:02,375 - [MASSE] Expanding 290
[INFO] 2026-05-26 23:43:02,934 - [MASSE] Expanding 291
[INFO] 2026-05-26 23:43:03,479 - [MASSE] Expanding 292
[INFO] 2026-05-26 23:43:04,017 - [MASSE] Expanding 293
[INFO] 2026-05-26 23:43:04,551 - [MASSE] Expanding 294
[INFO] 2026-05-26 23:43:05,092 - [MASSE] Expanding 295
[INFO] 2026-05-26 23:43:05,632 - [MASSE] Expanding 296
[INFO] 2026-05-26 23:43:06,175 - [MASSE] Expanding 297
[INFO] 2026-05-26 23:43:06,722 - [MASSE] Expanding 298
[INFO] 2026-05-26 23:43:07,260 - [MASSE] Expanding 299
[INFO] 2026-05-26 23:43:07,807 - [MASSE] Expanding 300
[INFO] 2026-05-26 23:43:08,348 - [MASSE] Expanding 301
[INFO] 2026-05-26 23:43:08,888 - [MASSE] Expanding 302
[INFO] 2026-05-26 23:43:09,436 - [MASSE] Expanding 303
[INFO] 2026-05-26 23:43:09,981 - [MASSE] Expanding 304
[INFO] 2026-05-26 23:43:10,532 - [MASSE] Expanding 305
[INFO] 2026-05-26 23:43:11,078 - [MASSE] Expanding 306
[INFO] 2026-05-26 23:43:11,619 - [MASSE] Expanding 307
[INFO] 2026-05-26 23:43:12,189 - [MASSE] Expanding 308
[INFO] 2026-05-26 23:43:12,759 - [MASSE] Expanding 309
[INFO] 2026-05-26 23:43:13,320 - [MASSE] Expanding 310
[INFO] 2026-05-26 23:43:13,850 - [MASSE] Expanding 311
[INFO] 2026-05-26 23:43:14,385 - [MASSE] Expanding 312
[INFO] 2026-05-26 23:43:14,915 - [MASSE] Expanding 313
[INFO] 2026-05-26 23:43:15,444 - [MASSE] Expanding 314
[INFO] 2026-05-26 23:43:15,979 - [MASSE] Expanding 315
[INFO] 2026-05-26 23:43:16,516 - [MASSE] Expanding 316
[INFO] 2026-05-26 23:43:17,070 - [MASSE] Expanding 317
[INFO] 2026-05-26 23:43:17,606 - [MASSE] Expanding 318
[INFO] 2026-05-26 23:43:18,137 - [MASSE] Expanding 319
[INFO] 2026-05-26 23:43:18,665 - [MASSE] Expanding 320
[INFO] 2026-05-26 23:43:19,200 - [MASSE] Expanding 321
[INFO] 2026-05-26 23:43:19,726 - [MASSE] Expanding 322
[INFO] 2026-05-26 23:43:20,258 - [MASSE] Expanding 323
[INFO] 2026-05-26 23:43:20,793 - [MASSE] Expanding 324
[INFO] 2026-05-26 23:43:21,330 - [MASSE] Expanding 325
[INFO] 2026-05-26 23:43:21,861 - [MASSE] Expanding 326
[INFO] 2026-05-26 23:43:22,393 - [MASSE] Expanding 327
[INFO] 2026-05-26 23:43:22,924 - [MASSE] Expanding 328
[INFO] 2026-05-26 23:43:23,450 - [MASSE] Expanding 329
[INFO] 2026-05-26 23:43:23,988 - [MASSE] Expanding 330
[INFO] 2026-05-26 23:43:24,523 - [MASSE] Expanding 331
[INFO] 2026-05-26 23:43:25,060 - [MASSE] Expanding 332
[INFO] 2026-05-26 23:43:25,592 - [MASSE] Expanding 333
[INFO] 2026-05-26 23:43:26,125 - [MASSE] Expanding 334
[INFO] 2026-05-26 23:43:26,661 - [MASSE] Expanding 335
[INFO] 2026-05-26 23:43:27,197 - [MASSE] Expanding 336
[INFO] 2026-05-26 23:43:27,728 - [MASSE] Expanding 337
[INFO] 2026-05-26 23:43:28,264 - [MASSE] Expanding 338
[INFO] 2026-05-26 23:43:28,811 - [MASSE] Expanding 339
[INFO] 2026-05-26 23:43:29,347 - [MASSE] Expanding 340
[INFO] 2026-05-26 23:43:29,881 - [MASSE] Expanding 341
[INFO] 2026-05-26 23:43:30,418 - [MASSE] Expanding 342
[INFO] 2026-05-26 23:43:31,005 - [MASSE] Expanding 343
[INFO] 2026-05-26 23:43:31,643 - [MASSE] Expanding 344
[INFO] 2026-05-26 23:43:32,188 - [MASSE] Expanding 345
[INFO] 2026-05-26 23:43:32,736 - [MASSE] Expanding 346
[INFO] 2026-05-26 23:43:33,303 - [MASSE] Expanding 347
[INFO] 2026-05-26 23:43:33,845 - [MASSE] Expanding 348
[INFO] 2026-05-26 23:43:34,391 - [MASSE] Expanding 349
[INFO] 2026-05-26 23:43:34,931 - [MASSE] Expanding 350
[INFO] 2026-05-26 23:43:35,482 - [MASSE] Expanding 351
[INFO] 2026-05-26 23:43:36,028 - [MASSE] Expanding 352
[INFO] 2026-05-26 23:43:36,581 - [MASSE] Expanding 353
[INFO] 2026-05-26 23:43:37,138 - [MASSE] Expanding 354
[INFO] 2026-05-26 23:43:37,678 - [MASSE] Expanding 355
[INFO] 2026-05-26 23:43:38,225 - [MASSE] Expanding 356
[INFO] 2026-05-26 23:43:38,763 - [MASSE] Expanding 357
[INFO] 2026-05-26 23:43:39,311 - [MASSE] Expanding 358
[INFO] 2026-05-26 23:43:39,853 - [MASSE] Expanding 359
[INFO] 2026-05-26 23:43:40,402 - [MASSE] Expanding 360
[INFO] 2026-05-26 23:43:40,948 - [MASSE] Expanding 361
[INFO] 2026-05-26 23:43:41,490 - [MASSE] Expanding 362
[INFO] 2026-05-26 23:43:42,038 - [MASSE] Expanding 363
[INFO] 2026-05-26 23:43:42,581 - [MASSE] Expanding 364
[INFO] 2026-05-26 23:43:43,123 - [MASSE] Expanding 365
[INFO] 2026-05-26 23:43:43,668 - [MASSE] Expanding 366
[INFO] 2026-05-26 23:43:44,209 - [MASSE] Expanding 367
[INFO] 2026-05-26 23:43:44,747 - [MASSE] Expanding 368
[INFO] 2026-05-26 23:43:45,342 - [MASSE] Expanding 369
[INFO] 2026-05-26 23:43:45,887 - [MASSE] Expanding 370
[INFO] 2026-05-26 23:43:46,431 - [MASSE] Expanding 371
[INFO] 2026-05-26 23:43:46,977 - [MASSE] Expanding 372
[INFO] 2026-05-26 23:43:47,523 - [MASSE] Expanding 373
[INFO] 2026-05-26 23:43:48,151 - [MASSE] Expanding 374
[INFO] 2026-05-26 23:43:48,710 - [MASSE] Expanding 375
[INFO] 2026-05-26 23:43:49,353 - [MASSE] Expanding 376
[INFO] 2026-05-26 23:43:49,908 - [MASSE] Expanding 377
[INFO] 2026-05-26 23:43:50,449 - [MASSE] Expanding 378
[INFO] 2026-05-26 23:43:50,984 - [MASSE] Expanding 379
[INFO] 2026-05-26 23:43:51,523 - [MASSE] Expanding 380
[INFO] 2026-05-26 23:43:52,062 - [MASSE] Expanding 381
[INFO] 2026-05-26 23:43:52,608 - [MASSE] Expanding 382
[INFO] 2026-05-26 23:43:53,144 - [MASSE] Expanding 383
[INFO] 2026-05-26 23:43:53,682 - [MASSE] Expanding 384
[INFO] 2026-05-26 23:43:54,222 - [MASSE] Expanding 385
[INFO] 2026-05-26 23:43:54,759 - [MASSE] Expanding 386
[INFO] 2026-05-26 23:43:55,290 - [MASSE] Expanding 387
[INFO] 2026-05-26 23:43:55,913 - [MASSE] Expanding 388
[INFO] 2026-05-26 23:43:56,470 - [MASSE] Expanding 389
[INFO] 2026-05-26 23:43:57,024 - [MASSE] Expanding 390
[INFO] 2026-05-26 23:43:57,566 - [MASSE] Expanding 391
[INFO] 2026-05-26 23:43:58,109 - [MASSE] Expanding 392
[INFO] 2026-05-26 23:43:58,649 - [MASSE] Expanding 393
[INFO] 2026-05-26 23:43:59,184 - [MASSE] Expanding 394
[INFO] 2026-05-26 23:43:59,725 - [MASSE] Expanding 395
[INFO] 2026-05-26 23:44:00,275 - [MASSE] Expanding 396
[INFO] 2026-05-26 23:44:00,812 - [MASSE] Expanding 397
[INFO] 2026-05-26 23:44:01,409 - [MASSE] Expanding 398
[INFO] 2026-05-26 23:44:01,946 - [MASSE] Expanding 399
[INFO] 2026-05-26 23:44:02,570 - [MASSE] Expanding 400
[INFO] 2026-05-26 23:44:03,185 - [MASSE] Expanding 401
[INFO] 2026-05-26 23:44:03,736 - [MASSE] Expanding 402
[INFO] 2026-05-26 23:44:04,271 - [MASSE] Expanding 403
[INFO] 2026-05-26 23:44:04,810 - [MASSE] Expanding 404
[INFO] 2026-05-26 23:44:05,347 - [MASSE] Expanding 405
[INFO] 2026-05-26 23:44:05,886 - [MASSE] Expanding 406
[INFO] 2026-05-26 23:44:06,424 - [MASSE] Expanding 407
[INFO] 2026-05-26 23:44:06,961 - [MASSE] Expanding 408
[INFO] 2026-05-26 23:44:07,492 - [MASSE] Expanding 409
[INFO] 2026-05-26 23:44:08,026 - [MASSE] Expanding 410
[INFO] 2026-05-26 23:44:08,569 - [MASSE] Expanding 411
[INFO] 2026-05-26 23:44:09,102 - [MASSE] Expanding 412
[INFO] 2026-05-26 23:44:09,639 - [MASSE] Expanding 413
[INFO] 2026-05-26 23:44:10,176 - [MASSE] Expanding 414
[INFO] 2026-05-26 23:44:10,713 - [MASSE] Expanding 415
[INFO] 2026-05-26 23:44:11,257 - [MASSE] Expanding 416
[INFO] 2026-05-26 23:44:11,793 - [MASSE] Expanding 417
[INFO] 2026-05-26 23:44:12,331 - [MASSE] Expanding 418
[INFO] 2026-05-26 23:44:12,871 - [MASSE] Expanding 419
[INFO] 2026-05-26 23:44:13,435 - [MASSE] Expanding 420
[INFO] 2026-05-26 23:44:13,977 - [MASSE] Expanding 421
[INFO] 2026-05-26 23:44:14,525 - [MASSE] Expanding 422
[INFO] 2026-05-26 23:44:15,070 - [MASSE] Expanding 423
[INFO] 2026-05-26 23:44:15,610 - [MASSE] Expanding 424
[INFO] 2026-05-26 23:44:16,149 - [MASSE] Expanding 425
[INFO] 2026-05-26 23:44:16,688 - [MASSE] Expanding 426
[INFO] 2026-05-26 23:44:17,219 - [MASSE] Expanding 427
[INFO] 2026-05-26 23:44:17,795 - [MASSE] Expanding 428
[INFO] 2026-05-26 23:44:18,392 - [MASSE] Expanding 429
[INFO] 2026-05-26 23:44:18,964 - [MASSE] Expanding 430
[INFO] 2026-05-26 23:44:19,513 - [MASSE] Expanding 431
[INFO] 2026-05-26 23:44:20,062 - [MASSE] Expanding 432
[INFO] 2026-05-26 23:44:20,611 - [MASSE] Expanding 433
[INFO] 2026-05-26 23:44:21,163 - [MASSE] Expanding 434
[INFO] 2026-05-26 23:44:21,712 - [MASSE] Expanding 435
[INFO] 2026-05-26 23:44:22,275 - [MASSE] Expanding 436
[INFO] 2026-05-26 23:44:22,819 - [MASSE] Expanding 437
[INFO] 2026-05-26 23:44:23,358 - [MASSE] Expanding 438
[INFO] 2026-05-26 23:44:23,931 - [MASSE] Expanding 439
[INFO] 2026-05-26 23:44:24,515 - [MASSE] Expanding 440
[INFO] 2026-05-26 23:44:25,146 - [MASSE] Expanding 441
[INFO] 2026-05-26 23:44:26,340 - [EVAL] Modularity=0.9404
[INFO] 2026-05-26 23:44:26,340 - [EVAL] Surprise=0.0000
[INFO] 2026-05-26 23:44:26,340 - [EVAL] Keyword coherence=0.0000
[INFO] 2026-05-26 23:44:26,340 - [EVAL] Community stats={'num_communities': 442, 'avg_size': 109.79638009049773, 'max_size': 2093, 'min_size': 3}
[INFO] 2026-05-26 23:44:26,357 - [NMI DEBUG] matched_nodes=3423
[INFO] 2026-05-26 23:44:26,364 - [NMI] 0.2263
[INFO] 2026-05-26 23:44:26,375 - [NMI DEBUG] matched_nodes=76
[INFO] 2026-05-26 23:44:26,377 - [NMI] 0.3758
[INFO] 2026-05-26 23:44:26,384 - [NMI DEBUG] matched_nodes=19
[INFO] 2026-05-26 23:44:26,386 - [NMI] 0.5817
[INFO] 2026-05-26 23:44:26,394 - Saved communities...
