[INFO] 2026-05-28 15:17:08,042 - [MATRIX] writes shape=(14376, 14475)
[INFO] 2026-05-28 15:17:08,070 - [MATRIX] be_written shape=(14475, 14376)
[INFO] 2026-05-28 15:17:08,081 - [MATRIX] published_in shape=(14376, 20)
[INFO] 2026-05-28 15:17:08,091 - [MATRIX] publish shape=(20, 14376)
[INFO] 2026-05-28 15:17:08,166 - [MATRIX] has_term shape=(14376, 8920)
[INFO] 2026-05-28 15:17:08,233 - [MATRIX] term_in shape=(8920, 14376)
[INFO] 2026-05-28 15:17:08,295 - 
========== Building A-P-A ==========
[INFO] 2026-05-28 15:17:08,300 - A-P-A matrix shape=(14475, 14475)
[INFO] 2026-05-28 15:17:08,397 - A-P-A nodes=5264 edges=8789 total_weight=51362.0000
[INFO] 2026-05-28 15:17:08,399 - 
========== Building A-P-T-P-A ==========
[INFO] 2026-05-28 15:17:18,612 - A-P-T-P-A matrix shape=(14475, 14475)
[INFO] 2026-05-28 15:17:46,595 - A-P-T-P-A nodes=86 edges=351 total_weight=699532.0000
[INFO] 2026-05-28 15:17:46,596 - 
========== Building A-P-C-P-A ==========
[INFO] 2026-05-28 15:17:49,063 - A-P-C-P-A matrix shape=(14475, 14475)
[INFO] 2026-05-28 15:17:58,629 - A-P-C-P-A nodes=5689 edges=92426 total_weight=6194038.0000
[INFO] 2026-05-28 15:17:58,683 - 
========== MASSE Reliability ==========
[INFO] 2026-05-28 15:17:58,693 - A-P-A reliability=0.100661
[INFO] 2026-05-28 15:17:58,693 - A-P-T-P-A reliability=0.147091
[INFO] 2026-05-28 15:17:58,751 - A-P-C-P-A reliability=0.081947
[INFO] 2026-05-28 15:18:00,445 - [INTERACTION] A-P-A <-> A-P-T-P-A = 0.1755
[INFO] 2026-05-28 15:18:00,451 - [INTERACTION] A-P-A <-> A-P-C-P-A = 0.2489
[INFO] 2026-05-28 15:18:00,454 - [INTERACTION] A-P-T-P-A <-> A-P-A = 0.1755
[INFO] 2026-05-28 15:18:00,457 - [INTERACTION] A-P-T-P-A <-> A-P-C-P-A = 0.0979
[INFO] 2026-05-28 15:18:00,462 - [INTERACTION] A-P-C-P-A <-> A-P-A = 0.2489
[INFO] 2026-05-28 15:18:00,465 - [INTERACTION] A-P-C-P-A <-> A-P-T-P-A = 0.0979
[INFO] 2026-05-28 15:18:01,568 - MASSE consensus nodes=6933 edges=80611
[INFO] 2026-05-28 15:18:02,847 - MASSE communities=105
[INFO] 2026-05-28 15:18:03,079 - [MASSE] Expanding 0
[INFO] 2026-05-28 15:18:06,985 - [MASSE] Expanding 1
[INFO] 2026-05-28 15:18:11,325 - [MASSE] Expanding 2
[INFO] 2026-05-28 15:18:16,288 - [MASSE] Expanding 3
[INFO] 2026-05-28 15:18:20,545 - [MASSE] Expanding 4
[INFO] 2026-05-28 15:18:21,015 - [MASSE] Expanding 5
[INFO] 2026-05-28 15:18:21,297 - [MASSE] Expanding 6
[INFO] 2026-05-28 15:18:21,562 - [MASSE] Expanding 7
[INFO] 2026-05-28 15:18:21,820 - [MASSE] Expanding 8
[INFO] 2026-05-28 15:18:22,083 - [MASSE] Expanding 9
[INFO] 2026-05-28 15:18:22,336 - [MASSE] Expanding 10
[INFO] 2026-05-28 15:18:22,588 - [MASSE] Expanding 11
[INFO] 2026-05-28 15:18:22,835 - [MASSE] Expanding 12
[INFO] 2026-05-28 15:18:23,088 - [MASSE] Expanding 13
[INFO] 2026-05-28 15:18:23,338 - [MASSE] Expanding 14
[INFO] 2026-05-28 15:18:23,595 - [MASSE] Expanding 15
[INFO] 2026-05-28 15:18:23,850 - [MASSE] Expanding 16
[INFO] 2026-05-28 15:18:24,096 - [MASSE] Expanding 17
[INFO] 2026-05-28 15:18:24,364 - [MASSE] Expanding 18
[INFO] 2026-05-28 15:18:24,614 - [MASSE] Expanding 19
[INFO] 2026-05-28 15:18:24,862 - [MASSE] Expanding 20
[INFO] 2026-05-28 15:18:25,120 - [MASSE] Expanding 21
[INFO] 2026-05-28 15:18:25,377 - [MASSE] Expanding 22
[INFO] 2026-05-28 15:18:25,634 - [MASSE] Expanding 23
[INFO] 2026-05-28 15:18:25,877 - [MASSE] Expanding 24
[INFO] 2026-05-28 15:18:26,146 - [MASSE] Expanding 25
[INFO] 2026-05-28 15:18:26,406 - [MASSE] Expanding 26
[INFO] 2026-05-28 15:18:26,654 - [MASSE] Expanding 27
[INFO] 2026-05-28 15:18:26,912 - [MASSE] Expanding 28
[INFO] 2026-05-28 15:18:27,169 - [MASSE] Expanding 29
[INFO] 2026-05-28 15:18:27,421 - [MASSE] Expanding 30
[INFO] 2026-05-28 15:18:27,683 - [MASSE] Expanding 31
[INFO] 2026-05-28 15:18:27,945 - [MASSE] Expanding 32
[INFO] 2026-05-28 15:18:28,201 - [MASSE] Expanding 33
[INFO] 2026-05-28 15:18:28,474 - [MASSE] Expanding 34
[INFO] 2026-05-28 15:18:28,741 - [MASSE] Expanding 35
[INFO] 2026-05-28 15:18:29,002 - [MASSE] Expanding 36
[INFO] 2026-05-28 15:18:29,262 - [MASSE] Expanding 37
[INFO] 2026-05-28 15:18:29,516 - [MASSE] Expanding 38
[INFO] 2026-05-28 15:18:29,779 - [MASSE] Expanding 39
[INFO] 2026-05-28 15:18:30,031 - [MASSE] Expanding 40
[INFO] 2026-05-28 15:18:30,283 - [MASSE] Expanding 41
[INFO] 2026-05-28 15:18:30,530 - [MASSE] Expanding 42
[INFO] 2026-05-28 15:18:30,791 - [MASSE] Expanding 43
[INFO] 2026-05-28 15:18:31,061 - [MASSE] Expanding 44
[INFO] 2026-05-28 15:18:31,306 - [MASSE] Expanding 45
[INFO] 2026-05-28 15:18:31,541 - [MASSE] Expanding 46
[INFO] 2026-05-28 15:18:31,789 - [MASSE] Expanding 47
[INFO] 2026-05-28 15:18:32,053 - [MASSE] Expanding 48
[INFO] 2026-05-28 15:18:32,295 - [MASSE] Expanding 49
[INFO] 2026-05-28 15:18:32,534 - [MASSE] Expanding 50
[INFO] 2026-05-28 15:18:32,778 - [MASSE] Expanding 51
[INFO] 2026-05-28 15:18:33,033 - [MASSE] Expanding 52
[INFO] 2026-05-28 15:18:33,287 - [MASSE] Expanding 53
[INFO] 2026-05-28 15:18:33,521 - [MASSE] Expanding 54
[INFO] 2026-05-28 15:18:33,770 - [MASSE] Expanding 55
[INFO] 2026-05-28 15:18:34,036 - [MASSE] Expanding 56
[INFO] 2026-05-28 15:18:34,274 - [MASSE] Expanding 57
[INFO] 2026-05-28 15:18:34,522 - [MASSE] Expanding 58
[INFO] 2026-05-28 15:18:34,757 - [MASSE] Expanding 59
[INFO] 2026-05-28 15:18:34,993 - [MASSE] Expanding 60
[INFO] 2026-05-28 15:18:35,244 - [MASSE] Expanding 61
[INFO] 2026-05-28 15:18:35,501 - [MASSE] Expanding 62
[INFO] 2026-05-28 15:18:35,756 - [MASSE] Expanding 63
[INFO] 2026-05-28 15:18:36,012 - [MASSE] Expanding 64
[INFO] 2026-05-28 15:18:36,262 - [MASSE] Expanding 65
[INFO] 2026-05-28 15:18:36,503 - [MASSE] Expanding 66
[INFO] 2026-05-28 15:18:36,745 - [MASSE] Expanding 67
[INFO] 2026-05-28 15:18:36,998 - [MASSE] Expanding 68
[INFO] 2026-05-28 15:18:37,244 - [MASSE] Expanding 69
[INFO] 2026-05-28 15:18:37,504 - [MASSE] Expanding 70
[INFO] 2026-05-28 15:18:37,760 - [MASSE] Expanding 71
[INFO] 2026-05-28 15:18:38,008 - [MASSE] Expanding 72
[INFO] 2026-05-28 15:18:38,263 - [MASSE] Expanding 73
[INFO] 2026-05-28 15:18:38,514 - [MASSE] Expanding 74
[INFO] 2026-05-28 15:18:38,764 - [MASSE] Expanding 75
[INFO] 2026-05-28 15:18:39,015 - [MASSE] Expanding 76
[INFO] 2026-05-28 15:18:39,276 - [MASSE] Expanding 77
[INFO] 2026-05-28 15:18:39,531 - [MASSE] Expanding 78
[INFO] 2026-05-28 15:18:39,785 - [MASSE] Expanding 79
[INFO] 2026-05-28 15:18:40,043 - [MASSE] Expanding 80
[INFO] 2026-05-28 15:18:40,296 - [MASSE] Expanding 81
[INFO] 2026-05-28 15:18:40,549 - [MASSE] Expanding 82
[INFO] 2026-05-28 15:18:40,801 - [MASSE] Expanding 83
[INFO] 2026-05-28 15:18:41,058 - [MASSE] Expanding 84
[INFO] 2026-05-28 15:18:41,309 - [MASSE] Expanding 85
[INFO] 2026-05-28 15:18:41,561 - [MASSE] Expanding 86
[INFO] 2026-05-28 15:18:41,829 - [MASSE] Expanding 87
[INFO] 2026-05-28 15:18:42,085 - [MASSE] Expanding 88
[INFO] 2026-05-28 15:18:42,331 - [MASSE] Expanding 89
[INFO] 2026-05-28 15:18:42,588 - [MASSE] Expanding 90
[INFO] 2026-05-28 15:18:42,837 - [MASSE] Expanding 91
[INFO] 2026-05-28 15:18:43,082 - [MASSE] Expanding 92
[INFO] 2026-05-28 15:18:43,325 - [MASSE] Expanding 93
[INFO] 2026-05-28 15:18:43,574 - [MASSE] Expanding 94
[INFO] 2026-05-28 15:18:43,838 - [MASSE] Expanding 95
[INFO] 2026-05-28 15:18:44,100 - [MASSE] Expanding 96
[INFO] 2026-05-28 15:18:44,352 - [MASSE] Expanding 97
[INFO] 2026-05-28 15:18:44,618 - [MASSE] Expanding 98
[INFO] 2026-05-28 15:18:44,868 - [MASSE] Expanding 99
[INFO] 2026-05-28 15:18:45,131 - [MASSE] Expanding 100
[INFO] 2026-05-28 15:18:45,378 - [MASSE] Expanding 101
[INFO] 2026-05-28 15:18:45,624 - [MASSE] Expanding 102
[INFO] 2026-05-28 15:18:45,883 - [MASSE] Expanding 103
[INFO] 2026-05-28 15:18:46,154 - [MASSE] Expanding 104
[INFO] 2026-05-28 15:18:46,816 - [EVAL] Modularity=0.4874
[INFO] 2026-05-28 15:18:46,816 - [EVAL] Surprise=0.0000
[INFO] 2026-05-28 15:18:46,816 - [EVAL] Keyword coherence=0.0000
[INFO] 2026-05-28 15:18:46,816 - [EVAL] Community stats={'num_communities': 105, 'avg_size': 358.2857142857143, 'max_size': 9953, 'min_size': 4}
[INFO] 2026-05-28 15:18:46,826 - [NMI DEBUG] matched_nodes=3080
[INFO] 2026-05-28 15:18:46,829 - [NMI] 0.6208
[INFO] 2026-05-28 15:18:46,834 - [NMI DEBUG] matched_nodes=65
[INFO] 2026-05-28 15:18:46,836 - [NMI] 0.4989
[INFO] 2026-05-28 15:18:46,840 - [NMI DEBUG] matched_nodes=20
[INFO] 2026-05-28 15:18:46,842 - [NMI] 0.5771
[INFO] 2026-05-28 15:18:46,843 - Saved communities...
