[INFO] 2026-05-28 15:29:59,650 - [MATRIX] writes shape=(14376, 14475)
[INFO] 2026-05-28 15:29:59,693 - [MATRIX] be_written shape=(14475, 14376)
[INFO] 2026-05-28 15:29:59,708 - [MATRIX] published_in shape=(14376, 20)
[INFO] 2026-05-28 15:29:59,722 - [MATRIX] publish shape=(20, 14376)
[INFO] 2026-05-28 15:29:59,854 - [MATRIX] has_term shape=(14376, 8920)
[INFO] 2026-05-28 15:29:59,973 - [MATRIX] term_in shape=(8920, 14376)
[INFO] 2026-05-28 15:30:00,090 - 
========== Building A-P-A ==========
[INFO] 2026-05-28 15:30:00,097 - A-P-A matrix shape=(14475, 14475)
[INFO] 2026-05-28 15:30:00,261 - A-P-A nodes=5264 edges=8789 total_weight=51362.0000
[INFO] 2026-05-28 15:30:00,263 - 
========== Building A-P-T-P-A ==========
[INFO] 2026-05-28 15:30:10,175 - A-P-T-P-A matrix shape=(14475, 14475)
[INFO] 2026-05-28 15:30:36,938 - A-P-T-P-A nodes=86 edges=351 total_weight=699532.0000
[INFO] 2026-05-28 15:30:36,938 - 
========== Building A-P-C-P-A ==========
[INFO] 2026-05-28 15:30:39,236 - A-P-C-P-A matrix shape=(14475, 14475)
[INFO] 2026-05-28 15:30:48,987 - A-P-C-P-A nodes=5689 edges=92426 total_weight=6194038.0000
[INFO] 2026-05-28 15:30:49,044 - 
========== MASSE Reliability ==========
[INFO] 2026-05-28 15:30:49,054 - A-P-A reliability=0.100661
[INFO] 2026-05-28 15:30:49,054 - A-P-T-P-A reliability=0.147091
[INFO] 2026-05-28 15:30:49,117 - A-P-C-P-A reliability=0.081947
[INFO] 2026-05-28 15:30:50,831 - [INTERACTION] A-P-A <-> A-P-T-P-A = 0.1981
[INFO] 2026-05-28 15:30:50,837 - [INTERACTION] A-P-A <-> A-P-C-P-A = 0.2503
[INFO] 2026-05-28 15:30:50,839 - [INTERACTION] A-P-T-P-A <-> A-P-A = 0.1981
[INFO] 2026-05-28 15:30:50,842 - [INTERACTION] A-P-T-P-A <-> A-P-C-P-A = 0.0945
[INFO] 2026-05-28 15:30:50,847 - [INTERACTION] A-P-C-P-A <-> A-P-A = 0.2503
[INFO] 2026-05-28 15:30:50,850 - [INTERACTION] A-P-C-P-A <-> A-P-T-P-A = 0.0945
[INFO] 2026-05-28 15:30:52,041 - MASSE consensus nodes=6933 edges=80584
[INFO] 2026-05-28 15:30:53,244 - MASSE communities=113
[INFO] 2026-05-28 15:30:53,474 - [MASSE] Expanding 0
[INFO] 2026-05-28 15:31:07,742 - [MASSE] Expanding 1
[INFO] 2026-05-28 15:31:23,533 - [MASSE] Expanding 2
[INFO] 2026-05-28 15:31:38,285 - [MASSE] Expanding 3
[INFO] 2026-05-28 15:31:52,540 - [MASSE] Expanding 4
[INFO] 2026-05-28 15:32:04,686 - [MASSE] Expanding 5
[INFO] 2026-05-28 15:32:16,577 - [MASSE] Expanding 6
[INFO] 2026-05-28 15:32:28,308 - [MASSE] Expanding 7
[INFO] 2026-05-28 15:32:40,115 - [MASSE] Expanding 8
[INFO] 2026-05-28 15:32:52,075 - [MASSE] Expanding 9
[INFO] 2026-05-28 15:33:04,102 - [MASSE] Expanding 10
[INFO] 2026-05-28 15:33:16,271 - [MASSE] Expanding 11
[INFO] 2026-05-28 15:33:28,079 - [MASSE] Expanding 12
[INFO] 2026-05-28 15:33:39,935 - [MASSE] Expanding 13
[INFO] 2026-05-28 15:33:51,725 - [MASSE] Expanding 14
[INFO] 2026-05-28 15:34:03,423 - [MASSE] Expanding 15
[INFO] 2026-05-28 15:34:15,094 - [MASSE] Expanding 16
[INFO] 2026-05-28 15:34:26,794 - [MASSE] Expanding 17
[INFO] 2026-05-28 15:34:38,688 - [MASSE] Expanding 18
[INFO] 2026-05-28 15:34:50,797 - [MASSE] Expanding 19
[INFO] 2026-05-28 15:35:02,874 - [MASSE] Expanding 20
[INFO] 2026-05-28 15:35:14,689 - [MASSE] Expanding 21
[INFO] 2026-05-28 15:35:26,609 - [MASSE] Expanding 22
[INFO] 2026-05-28 15:35:38,449 - [MASSE] Expanding 23
[INFO] 2026-05-28 15:35:50,370 - [MASSE] Expanding 24
[INFO] 2026-05-28 15:36:02,197 - [MASSE] Expanding 25
[INFO] 2026-05-28 15:36:14,262 - [MASSE] Expanding 26
[INFO] 2026-05-28 15:36:26,614 - [MASSE] Expanding 27
[INFO] 2026-05-28 15:36:38,984 - [MASSE] Expanding 28
[INFO] 2026-05-28 15:36:51,236 - [MASSE] Expanding 29
[INFO] 2026-05-28 15:37:02,930 - [MASSE] Expanding 30
[INFO] 2026-05-28 15:37:14,582 - [MASSE] Expanding 31
[INFO] 2026-05-28 15:37:26,267 - [MASSE] Expanding 32
[INFO] 2026-05-28 15:37:38,489 - [MASSE] Expanding 33
[INFO] 2026-05-28 15:37:50,710 - [MASSE] Expanding 34
[INFO] 2026-05-28 15:38:02,962 - [MASSE] Expanding 35
[INFO] 2026-05-28 15:38:15,555 - [MASSE] Expanding 36
[INFO] 2026-05-28 15:38:28,743 - [MASSE] Expanding 37
[INFO] 2026-05-28 15:38:40,894 - [MASSE] Expanding 38
[INFO] 2026-05-28 15:38:52,779 - [MASSE] Expanding 39
[INFO] 2026-05-28 15:39:05,036 - [MASSE] Expanding 40
[INFO] 2026-05-28 15:39:17,737 - [MASSE] Expanding 41
[INFO] 2026-05-28 15:39:30,258 - [MASSE] Expanding 42
[INFO] 2026-05-28 15:39:43,724 - [MASSE] Expanding 43
[INFO] 2026-05-28 15:39:56,787 - [MASSE] Expanding 44
[INFO] 2026-05-28 15:40:09,993 - [MASSE] Expanding 45
[INFO] 2026-05-28 15:40:23,102 - [MASSE] Expanding 46
[INFO] 2026-05-28 15:40:36,159 - [MASSE] Expanding 47
[INFO] 2026-05-28 15:40:49,215 - [MASSE] Expanding 48
[INFO] 2026-05-28 15:41:02,232 - [MASSE] Expanding 49
[INFO] 2026-05-28 15:41:15,230 - [MASSE] Expanding 50
[INFO] 2026-05-28 15:41:27,712 - [MASSE] Expanding 51
[INFO] 2026-05-28 15:41:40,307 - [MASSE] Expanding 52
[INFO] 2026-05-28 15:41:54,783 - [MASSE] Expanding 53
[INFO] 2026-05-28 15:42:07,428 - [MASSE] Expanding 54
[INFO] 2026-05-28 15:42:19,889 - [MASSE] Expanding 55
[INFO] 2026-05-28 15:42:32,544 - [MASSE] Expanding 56
[INFO] 2026-05-28 15:42:45,153 - [MASSE] Expanding 57
[INFO] 2026-05-28 15:42:57,499 - [MASSE] Expanding 58
[INFO] 2026-05-28 15:43:11,063 - [MASSE] Expanding 59
[INFO] 2026-05-28 15:43:23,566 - [MASSE] Expanding 60
[INFO] 2026-05-28 15:43:37,070 - [MASSE] Expanding 61
[INFO] 2026-05-28 15:43:49,682 - [MASSE] Expanding 62
[INFO] 2026-05-28 15:44:01,954 - [MASSE] Expanding 63
[INFO] 2026-05-28 15:44:14,112 - [MASSE] Expanding 64
[INFO] 2026-05-28 15:44:26,583 - [MASSE] Expanding 65
[INFO] 2026-05-28 15:44:39,032 - [MASSE] Expanding 66
[INFO] 2026-05-28 15:44:51,056 - [MASSE] Expanding 67
[INFO] 2026-05-28 15:45:02,777 - [MASSE] Expanding 68
[INFO] 2026-05-28 15:45:14,686 - [MASSE] Expanding 69
[INFO] 2026-05-28 15:45:28,446 - [MASSE] Expanding 70
[INFO] 2026-05-28 15:45:40,596 - [MASSE] Expanding 71
[INFO] 2026-05-28 15:45:52,513 - [MASSE] Expanding 72
[INFO] 2026-05-28 15:46:04,275 - [MASSE] Expanding 73
[INFO] 2026-05-28 15:46:15,970 - [MASSE] Expanding 74
[INFO] 2026-05-28 15:46:27,757 - [MASSE] Expanding 75
[INFO] 2026-05-28 15:46:39,527 - [MASSE] Expanding 76
[INFO] 2026-05-28 15:46:51,307 - [MASSE] Expanding 77
[INFO] 2026-05-28 15:47:03,402 - [MASSE] Expanding 78
[INFO] 2026-05-28 15:47:15,429 - [MASSE] Expanding 79
[INFO] 2026-05-28 15:47:27,551 - [MASSE] Expanding 80
[INFO] 2026-05-28 15:47:39,389 - [MASSE] Expanding 81
[INFO] 2026-05-28 15:47:51,322 - [MASSE] Expanding 82
[INFO] 2026-05-28 15:48:03,179 - [MASSE] Expanding 83
[INFO] 2026-05-28 15:48:15,105 - [MASSE] Expanding 84
[INFO] 2026-05-28 15:48:27,155 - [MASSE] Expanding 85
[INFO] 2026-05-28 15:48:38,976 - [MASSE] Expanding 86
[INFO] 2026-05-28 15:48:51,506 - [MASSE] Expanding 87
[INFO] 2026-05-28 15:49:03,735 - [MASSE] Expanding 88
[INFO] 2026-05-28 15:49:16,271 - [MASSE] Expanding 89
[INFO] 2026-05-28 15:49:28,269 - [MASSE] Expanding 90
[INFO] 2026-05-28 15:49:40,043 - [MASSE] Expanding 91
[INFO] 2026-05-28 15:49:52,215 - [MASSE] Expanding 92
[INFO] 2026-05-28 15:50:04,323 - [MASSE] Expanding 93
[INFO] 2026-05-28 15:50:16,466 - [MASSE] Expanding 94
[INFO] 2026-05-28 15:50:28,565 - [MASSE] Expanding 95
[INFO] 2026-05-28 15:50:41,694 - [MASSE] Expanding 96
[INFO] 2026-05-28 15:50:54,790 - [MASSE] Expanding 97
[INFO] 2026-05-28 15:51:06,484 - [MASSE] Expanding 98
[INFO] 2026-05-28 15:51:18,194 - [MASSE] Expanding 99
[INFO] 2026-05-28 15:51:29,955 - [MASSE] Expanding 100
[INFO] 2026-05-28 15:51:41,716 - [MASSE] Expanding 101
[INFO] 2026-05-28 15:51:53,465 - [MASSE] Expanding 102
[INFO] 2026-05-28 15:52:05,040 - [MASSE] Expanding 103
[INFO] 2026-05-28 15:52:16,603 - [MASSE] Expanding 104
[INFO] 2026-05-28 15:52:28,626 - [MASSE] Expanding 105
[INFO] 2026-05-28 15:52:40,648 - [MASSE] Expanding 106
[INFO] 2026-05-28 15:52:52,490 - [MASSE] Expanding 107
[INFO] 2026-05-28 15:53:04,145 - [MASSE] Expanding 108
[INFO] 2026-05-28 15:53:15,908 - [MASSE] Expanding 109
[INFO] 2026-05-28 15:53:28,322 - [MASSE] Expanding 110
[INFO] 2026-05-28 15:53:40,712 - [MASSE] Expanding 111
[INFO] 2026-05-28 15:53:53,093 - [MASSE] Expanding 112
[INFO] 2026-05-28 15:54:06,712 - [EVAL] Modularity=0.4991
[INFO] 2026-05-28 15:54:06,712 - [EVAL] Surprise=0.0000
[INFO] 2026-05-28 15:54:06,712 - [EVAL] Keyword coherence=0.0000
[INFO] 2026-05-28 15:54:06,712 - [EVAL] Community stats={'num_communities': 113, 'avg_size': 23377.353982300883, 'max_size': 25387, 'min_size': 23318}
[INFO] 2026-05-28 15:54:07,208 - [NMI DEBUG] matched_nodes=3080
[INFO] 2026-05-28 15:54:07,212 - [NMI] 0.6231
[INFO] 2026-05-28 15:54:07,583 - [NMI DEBUG] matched_nodes=100
[INFO] 2026-05-28 15:54:07,585 - [NMI] 0.0000
[INFO] 2026-05-28 15:54:07,899 - [NMI DEBUG] matched_nodes=20
[INFO] 2026-05-28 15:54:07,901 - [NMI] 0.0000
[INFO] 2026-05-28 15:54:07,902 - Saved communities...
