[INFO] 2026-05-28 15:27:16,918 - [MATRIX] writes shape=(14376, 14475)
[INFO] 2026-05-28 15:27:16,945 - [MATRIX] be_written shape=(14475, 14376)
[INFO] 2026-05-28 15:27:16,953 - [MATRIX] published_in shape=(14376, 20)
[INFO] 2026-05-28 15:27:16,961 - [MATRIX] publish shape=(20, 14376)
[INFO] 2026-05-28 15:27:17,028 - [MATRIX] has_term shape=(14376, 8920)
[INFO] 2026-05-28 15:27:17,100 - [MATRIX] term_in shape=(8920, 14376)
[INFO] 2026-05-28 15:27:17,160 - 
========== Building A-P-A ==========
[INFO] 2026-05-28 15:27:17,165 - A-P-A matrix shape=(14475, 14475)
[INFO] 2026-05-28 15:27:17,273 - A-P-A nodes=5264 edges=8789 total_weight=51362.0000
[INFO] 2026-05-28 15:27:17,275 - 
========== Building A-P-T-P-A ==========
[INFO] 2026-05-28 15:27:27,824 - A-P-T-P-A matrix shape=(14475, 14475)
[INFO] 2026-05-28 15:27:55,783 - A-P-T-P-A nodes=86 edges=351 total_weight=699532.0000
[INFO] 2026-05-28 15:27:55,783 - 
========== Building A-P-C-P-A ==========
[INFO] 2026-05-28 15:27:58,204 - A-P-C-P-A matrix shape=(14475, 14475)
[INFO] 2026-05-28 15:28:07,825 - A-P-C-P-A nodes=5689 edges=92426 total_weight=6194038.0000
[INFO] 2026-05-28 15:28:07,880 - 
========== MASSE Reliability ==========
[INFO] 2026-05-28 15:28:07,890 - A-P-A reliability=0.100661
[INFO] 2026-05-28 15:28:07,891 - A-P-T-P-A reliability=0.147091
[INFO] 2026-05-28 15:28:07,950 - A-P-C-P-A reliability=0.081947
[INFO] 2026-05-28 15:28:09,848 - [INTERACTION] A-P-A <-> A-P-T-P-A = 0.2262
[INFO] 2026-05-28 15:28:09,854 - [INTERACTION] A-P-A <-> A-P-C-P-A = 0.2349
[INFO] 2026-05-28 15:28:09,857 - [INTERACTION] A-P-T-P-A <-> A-P-A = 0.2262
[INFO] 2026-05-28 15:28:09,859 - [INTERACTION] A-P-T-P-A <-> A-P-C-P-A = 0.1583
[INFO] 2026-05-28 15:28:09,864 - [INTERACTION] A-P-C-P-A <-> A-P-A = 0.2349
[INFO] 2026-05-28 15:28:09,867 - [INTERACTION] A-P-C-P-A <-> A-P-T-P-A = 0.1583
[INFO] 2026-05-28 15:28:10,937 - MASSE consensus nodes=6933 edges=77336
[INFO] 2026-05-28 15:28:12,169 - MASSE communities=99
[INFO] 2026-05-28 15:28:12,394 - [MASSE] Expanding 0
[INFO] 2026-05-28 15:28:19,999 - [MASSE] Expanding 1
[INFO] 2026-05-28 15:28:23,911 - [MASSE] Expanding 2
[INFO] 2026-05-28 15:28:29,076 - [MASSE] Expanding 3
[INFO] 2026-05-28 15:28:32,158 - [MASSE] Expanding 4
[INFO] 2026-05-28 15:28:32,425 - [MASSE] Expanding 5
[INFO] 2026-05-28 15:28:32,685 - [MASSE] Expanding 6
[INFO] 2026-05-28 15:28:32,937 - [MASSE] Expanding 7
[INFO] 2026-05-28 15:28:33,195 - [MASSE] Expanding 8
[INFO] 2026-05-28 15:28:33,457 - [MASSE] Expanding 9
[INFO] 2026-05-28 15:28:33,709 - [MASSE] Expanding 10
[INFO] 2026-05-28 15:28:33,962 - [MASSE] Expanding 11
[INFO] 2026-05-28 15:28:34,224 - [MASSE] Expanding 12
[INFO] 2026-05-28 15:28:34,475 - [MASSE] Expanding 13
[INFO] 2026-05-28 15:28:34,716 - [MASSE] Expanding 14
[INFO] 2026-05-28 15:28:34,971 - [MASSE] Expanding 15
[INFO] 2026-05-28 15:28:35,222 - [MASSE] Expanding 16
[INFO] 2026-05-28 15:28:35,473 - [MASSE] Expanding 17
[INFO] 2026-05-28 15:28:35,723 - [MASSE] Expanding 18
[INFO] 2026-05-28 15:28:35,966 - [MASSE] Expanding 19
[INFO] 2026-05-28 15:28:36,218 - [MASSE] Expanding 20
[INFO] 2026-05-28 15:28:36,478 - [MASSE] Expanding 21
[INFO] 2026-05-28 15:28:36,743 - [MASSE] Expanding 22
[INFO] 2026-05-28 15:28:37,007 - [MASSE] Expanding 23
[INFO] 2026-05-28 15:28:37,257 - [MASSE] Expanding 24
[INFO] 2026-05-28 15:28:37,516 - [MASSE] Expanding 25
[INFO] 2026-05-28 15:28:37,783 - [MASSE] Expanding 26
[INFO] 2026-05-28 15:28:38,036 - [MASSE] Expanding 27
[INFO] 2026-05-28 15:28:38,286 - [MASSE] Expanding 28
[INFO] 2026-05-28 15:28:38,536 - [MASSE] Expanding 29
[INFO] 2026-05-28 15:28:38,798 - [MASSE] Expanding 30
[INFO] 2026-05-28 15:28:39,071 - [MASSE] Expanding 31
[INFO] 2026-05-28 15:28:39,336 - [MASSE] Expanding 32
[INFO] 2026-05-28 15:28:39,598 - [MASSE] Expanding 33
[INFO] 2026-05-28 15:28:39,866 - [MASSE] Expanding 34
[INFO] 2026-05-28 15:28:40,121 - [MASSE] Expanding 35
[INFO] 2026-05-28 15:28:40,369 - [MASSE] Expanding 36
[INFO] 2026-05-28 15:28:40,620 - [MASSE] Expanding 37
[INFO] 2026-05-28 15:28:40,874 - [MASSE] Expanding 38
[INFO] 2026-05-28 15:28:41,130 - [MASSE] Expanding 39
[INFO] 2026-05-28 15:28:41,390 - [MASSE] Expanding 40
[INFO] 2026-05-28 15:28:41,645 - [MASSE] Expanding 41
[INFO] 2026-05-28 15:28:41,894 - [MASSE] Expanding 42
[INFO] 2026-05-28 15:28:42,156 - [MASSE] Expanding 43
[INFO] 2026-05-28 15:28:42,401 - [MASSE] Expanding 44
[INFO] 2026-05-28 15:28:42,644 - [MASSE] Expanding 45
[INFO] 2026-05-28 15:28:42,887 - [MASSE] Expanding 46
[INFO] 2026-05-28 15:28:43,134 - [MASSE] Expanding 47
[INFO] 2026-05-28 15:28:43,381 - [MASSE] Expanding 48
[INFO] 2026-05-28 15:28:43,626 - [MASSE] Expanding 49
[INFO] 2026-05-28 15:28:43,873 - [MASSE] Expanding 50
[INFO] 2026-05-28 15:28:44,131 - [MASSE] Expanding 51
[INFO] 2026-05-28 15:28:44,383 - [MASSE] Expanding 52
[INFO] 2026-05-28 15:28:44,645 - [MASSE] Expanding 53
[INFO] 2026-05-28 15:28:44,898 - [MASSE] Expanding 54
[INFO] 2026-05-28 15:28:45,157 - [MASSE] Expanding 55
[INFO] 2026-05-28 15:28:45,408 - [MASSE] Expanding 56
[INFO] 2026-05-28 15:28:45,654 - [MASSE] Expanding 57
[INFO] 2026-05-28 15:28:45,903 - [MASSE] Expanding 58
[INFO] 2026-05-28 15:28:46,155 - [MASSE] Expanding 59
[INFO] 2026-05-28 15:28:46,420 - [MASSE] Expanding 60
[INFO] 2026-05-28 15:28:46,668 - [MASSE] Expanding 61
[INFO] 2026-05-28 15:28:46,928 - [MASSE] Expanding 62
[INFO] 2026-05-28 15:28:47,182 - [MASSE] Expanding 63
[INFO] 2026-05-28 15:28:47,429 - [MASSE] Expanding 64
[INFO] 2026-05-28 15:28:47,681 - [MASSE] Expanding 65
[INFO] 2026-05-28 15:28:47,934 - [MASSE] Expanding 66
[INFO] 2026-05-28 15:28:48,192 - [MASSE] Expanding 67
[INFO] 2026-05-28 15:28:48,451 - [MASSE] Expanding 68
[INFO] 2026-05-28 15:28:48,711 - [MASSE] Expanding 69
[INFO] 2026-05-28 15:28:48,976 - [MASSE] Expanding 70
[INFO] 2026-05-28 15:28:49,235 - [MASSE] Expanding 71
[INFO] 2026-05-28 15:28:49,508 - [MASSE] Expanding 72
[INFO] 2026-05-28 15:28:49,763 - [MASSE] Expanding 73
[INFO] 2026-05-28 15:28:50,022 - [MASSE] Expanding 74
[INFO] 2026-05-28 15:28:50,278 - [MASSE] Expanding 75
[INFO] 2026-05-28 15:28:50,538 - [MASSE] Expanding 76
[INFO] 2026-05-28 15:28:50,795 - [MASSE] Expanding 77
[INFO] 2026-05-28 15:28:51,057 - [MASSE] Expanding 78
[INFO] 2026-05-28 15:28:51,315 - [MASSE] Expanding 79
[INFO] 2026-05-28 15:28:51,568 - [MASSE] Expanding 80
[INFO] 2026-05-28 15:28:51,835 - [MASSE] Expanding 81
[INFO] 2026-05-28 15:28:52,099 - [MASSE] Expanding 82
[INFO] 2026-05-28 15:28:52,348 - [MASSE] Expanding 83
[INFO] 2026-05-28 15:28:52,604 - [MASSE] Expanding 84
[INFO] 2026-05-28 15:28:52,869 - [MASSE] Expanding 85
[INFO] 2026-05-28 15:28:53,125 - [MASSE] Expanding 86
[INFO] 2026-05-28 15:28:53,365 - [MASSE] Expanding 87
[INFO] 2026-05-28 15:28:53,608 - [MASSE] Expanding 88
[INFO] 2026-05-28 15:28:53,866 - [MASSE] Expanding 89
[INFO] 2026-05-28 15:28:54,134 - [MASSE] Expanding 90
[INFO] 2026-05-28 15:28:54,395 - [MASSE] Expanding 91
[INFO] 2026-05-28 15:28:54,648 - [MASSE] Expanding 92
[INFO] 2026-05-28 15:28:54,905 - [MASSE] Expanding 93
[INFO] 2026-05-28 15:28:55,165 - [MASSE] Expanding 94
[INFO] 2026-05-28 15:28:55,423 - [MASSE] Expanding 95
[INFO] 2026-05-28 15:28:55,676 - [MASSE] Expanding 96
[INFO] 2026-05-28 15:28:55,927 - [MASSE] Expanding 97
[INFO] 2026-05-28 15:28:56,181 - [MASSE] Expanding 98
[INFO] 2026-05-28 15:28:56,814 - [EVAL] Modularity=0.5902
[INFO] 2026-05-28 15:28:56,814 - [EVAL] Surprise=0.0000
[INFO] 2026-05-28 15:28:56,815 - [EVAL] Keyword coherence=0.0000
[INFO] 2026-05-28 15:28:56,815 - [EVAL] Community stats={'num_communities': 99, 'avg_size': 387.4848484848485, 'max_size': 12531, 'min_size': 4}
[INFO] 2026-05-28 15:28:56,825 - [NMI DEBUG] matched_nodes=3080
[INFO] 2026-05-28 15:28:56,828 - [NMI] 0.6030
[INFO] 2026-05-28 15:28:56,834 - [NMI DEBUG] matched_nodes=64
[INFO] 2026-05-28 15:28:56,836 - [NMI] 0.4761
[INFO] 2026-05-28 15:28:56,840 - [NMI DEBUG] matched_nodes=20
[INFO] 2026-05-28 15:28:56,841 - [NMI] 0.3723
[INFO] 2026-05-28 15:28:56,842 - Saved communities...
