[INFO] 2026-05-28 15:24:26,188 - [MATRIX] writes shape=(14376, 14475)
[INFO] 2026-05-28 15:24:26,213 - [MATRIX] be_written shape=(14475, 14376)
[INFO] 2026-05-28 15:24:26,223 - [MATRIX] published_in shape=(14376, 20)
[INFO] 2026-05-28 15:24:26,231 - [MATRIX] publish shape=(20, 14376)
[INFO] 2026-05-28 15:24:26,306 - [MATRIX] has_term shape=(14376, 8920)
[INFO] 2026-05-28 15:24:26,372 - [MATRIX] term_in shape=(8920, 14376)
[INFO] 2026-05-28 15:24:26,431 - 
========== Building A-P-A ==========
[INFO] 2026-05-28 15:24:26,436 - A-P-A matrix shape=(14475, 14475)
[INFO] 2026-05-28 15:24:26,539 - A-P-A nodes=5264 edges=8789 total_weight=51362.0000
[INFO] 2026-05-28 15:24:26,540 - 
========== Building A-P-T-P-A ==========
[INFO] 2026-05-28 15:24:36,980 - A-P-T-P-A matrix shape=(14475, 14475)
[INFO] 2026-05-28 15:25:04,733 - A-P-T-P-A nodes=86 edges=351 total_weight=699532.0000
[INFO] 2026-05-28 15:25:04,733 - 
========== Building A-P-C-P-A ==========
[INFO] 2026-05-28 15:25:07,226 - A-P-C-P-A matrix shape=(14475, 14475)
[INFO] 2026-05-28 15:25:16,814 - A-P-C-P-A nodes=5689 edges=92426 total_weight=6194038.0000
[INFO] 2026-05-28 15:25:16,871 - 
========== MASSE Reliability ==========
[INFO] 2026-05-28 15:25:16,882 - A-P-A reliability=0.100661
[INFO] 2026-05-28 15:25:16,882 - A-P-T-P-A reliability=0.147091
[INFO] 2026-05-28 15:25:16,945 - A-P-C-P-A reliability=0.081947
[INFO] 2026-05-28 15:25:18,887 - [INTERACTION] A-P-A <-> A-P-T-P-A = 0.1944
[INFO] 2026-05-28 15:25:18,892 - [INTERACTION] A-P-A <-> A-P-C-P-A = 0.2237
[INFO] 2026-05-28 15:25:18,895 - [INTERACTION] A-P-T-P-A <-> A-P-A = 0.1944
[INFO] 2026-05-28 15:25:18,897 - [INTERACTION] A-P-T-P-A <-> A-P-C-P-A = 0.0517
[INFO] 2026-05-28 15:25:18,903 - [INTERACTION] A-P-C-P-A <-> A-P-A = 0.2237
[INFO] 2026-05-28 15:25:18,906 - [INTERACTION] A-P-C-P-A <-> A-P-T-P-A = 0.0517
[INFO] 2026-05-28 15:25:20,054 - MASSE consensus nodes=6933 edges=78933
[INFO] 2026-05-28 15:25:21,469 - MASSE communities=109
[INFO] 2026-05-28 15:25:21,721 - [MASSE] Expanding 0
[INFO] 2026-05-28 15:25:28,950 - [MASSE] Expanding 1
[INFO] 2026-05-28 15:25:32,832 - [MASSE] Expanding 2
[INFO] 2026-05-28 15:25:38,113 - [MASSE] Expanding 3
[INFO] 2026-05-28 15:25:41,414 - [MASSE] Expanding 4
[INFO] 2026-05-28 15:25:41,684 - [MASSE] Expanding 5
[INFO] 2026-05-28 15:25:41,952 - [MASSE] Expanding 6
[INFO] 2026-05-28 15:25:42,211 - [MASSE] Expanding 7
[INFO] 2026-05-28 15:25:42,473 - [MASSE] Expanding 8
[INFO] 2026-05-28 15:25:42,733 - [MASSE] Expanding 9
[INFO] 2026-05-28 15:25:42,995 - [MASSE] Expanding 10
[INFO] 2026-05-28 15:25:43,263 - [MASSE] Expanding 11
[INFO] 2026-05-28 15:25:43,534 - [MASSE] Expanding 12
[INFO] 2026-05-28 15:25:43,797 - [MASSE] Expanding 13
[INFO] 2026-05-28 15:25:44,063 - [MASSE] Expanding 14
[INFO] 2026-05-28 15:25:44,334 - [MASSE] Expanding 15
[INFO] 2026-05-28 15:25:44,583 - [MASSE] Expanding 16
[INFO] 2026-05-28 15:25:44,845 - [MASSE] Expanding 17
[INFO] 2026-05-28 15:25:45,114 - [MASSE] Expanding 18
[INFO] 2026-05-28 15:25:45,377 - [MASSE] Expanding 19
[INFO] 2026-05-28 15:25:45,645 - [MASSE] Expanding 20
[INFO] 2026-05-28 15:25:45,904 - [MASSE] Expanding 21
[INFO] 2026-05-28 15:25:46,155 - [MASSE] Expanding 22
[INFO] 2026-05-28 15:25:46,409 - [MASSE] Expanding 23
[INFO] 2026-05-28 15:25:46,672 - [MASSE] Expanding 24
[INFO] 2026-05-28 15:25:46,924 - [MASSE] Expanding 25
[INFO] 2026-05-28 15:25:47,189 - [MASSE] Expanding 26
[INFO] 2026-05-28 15:25:47,445 - [MASSE] Expanding 27
[INFO] 2026-05-28 15:25:47,705 - [MASSE] Expanding 28
[INFO] 2026-05-28 15:25:47,962 - [MASSE] Expanding 29
[INFO] 2026-05-28 15:25:48,218 - [MASSE] Expanding 30
[INFO] 2026-05-28 15:25:48,474 - [MASSE] Expanding 31
[INFO] 2026-05-28 15:25:48,733 - [MASSE] Expanding 32
[INFO] 2026-05-28 15:25:48,982 - [MASSE] Expanding 33
[INFO] 2026-05-28 15:25:49,231 - [MASSE] Expanding 34
[INFO] 2026-05-28 15:25:49,486 - [MASSE] Expanding 35
[INFO] 2026-05-28 15:25:49,751 - [MASSE] Expanding 36
[INFO] 2026-05-28 15:25:50,012 - [MASSE] Expanding 37
[INFO] 2026-05-28 15:25:50,266 - [MASSE] Expanding 38
[INFO] 2026-05-28 15:25:50,528 - [MASSE] Expanding 39
[INFO] 2026-05-28 15:25:50,791 - [MASSE] Expanding 40
[INFO] 2026-05-28 15:25:51,052 - [MASSE] Expanding 41
[INFO] 2026-05-28 15:25:51,303 - [MASSE] Expanding 42
[INFO] 2026-05-28 15:25:51,549 - [MASSE] Expanding 43
[INFO] 2026-05-28 15:25:51,808 - [MASSE] Expanding 44
[INFO] 2026-05-28 15:25:52,073 - [MASSE] Expanding 45
[INFO] 2026-05-28 15:25:52,331 - [MASSE] Expanding 46
[INFO] 2026-05-28 15:25:52,582 - [MASSE] Expanding 47
[INFO] 2026-05-28 15:25:52,840 - [MASSE] Expanding 48
[INFO] 2026-05-28 15:25:53,101 - [MASSE] Expanding 49
[INFO] 2026-05-28 15:25:53,363 - [MASSE] Expanding 50
[INFO] 2026-05-28 15:25:53,624 - [MASSE] Expanding 51
[INFO] 2026-05-28 15:25:53,882 - [MASSE] Expanding 52
[INFO] 2026-05-28 15:25:54,149 - [MASSE] Expanding 53
[INFO] 2026-05-28 15:25:54,409 - [MASSE] Expanding 54
[INFO] 2026-05-28 15:25:54,663 - [MASSE] Expanding 55
[INFO] 2026-05-28 15:25:54,930 - [MASSE] Expanding 56
[INFO] 2026-05-28 15:25:55,187 - [MASSE] Expanding 57
[INFO] 2026-05-28 15:25:55,453 - [MASSE] Expanding 58
[INFO] 2026-05-28 15:25:55,723 - [MASSE] Expanding 59
[INFO] 2026-05-28 15:25:55,994 - [MASSE] Expanding 60
[INFO] 2026-05-28 15:25:56,268 - [MASSE] Expanding 61
[INFO] 2026-05-28 15:25:56,539 - [MASSE] Expanding 62
[INFO] 2026-05-28 15:25:56,809 - [MASSE] Expanding 63
[INFO] 2026-05-28 15:25:57,074 - [MASSE] Expanding 64
[INFO] 2026-05-28 15:25:57,332 - [MASSE] Expanding 65
[INFO] 2026-05-28 15:25:57,592 - [MASSE] Expanding 66
[INFO] 2026-05-28 15:25:57,866 - [MASSE] Expanding 67
[INFO] 2026-05-28 15:25:58,133 - [MASSE] Expanding 68
[INFO] 2026-05-28 15:25:58,400 - [MASSE] Expanding 69
[INFO] 2026-05-28 15:25:58,677 - [MASSE] Expanding 70
[INFO] 2026-05-28 15:25:58,955 - [MASSE] Expanding 71
[INFO] 2026-05-28 15:25:59,223 - [MASSE] Expanding 72
[INFO] 2026-05-28 15:25:59,493 - [MASSE] Expanding 73
[INFO] 2026-05-28 15:25:59,761 - [MASSE] Expanding 74
[INFO] 2026-05-28 15:26:00,029 - [MASSE] Expanding 75
[INFO] 2026-05-28 15:26:00,296 - [MASSE] Expanding 76
[INFO] 2026-05-28 15:26:00,573 - [MASSE] Expanding 77
[INFO] 2026-05-28 15:26:00,850 - [MASSE] Expanding 78
[INFO] 2026-05-28 15:26:01,117 - [MASSE] Expanding 79
[INFO] 2026-05-28 15:26:01,373 - [MASSE] Expanding 80
[INFO] 2026-05-28 15:26:01,634 - [MASSE] Expanding 81
[INFO] 2026-05-28 15:26:01,910 - [MASSE] Expanding 82
[INFO] 2026-05-28 15:26:02,171 - [MASSE] Expanding 83
[INFO] 2026-05-28 15:26:02,436 - [MASSE] Expanding 84
[INFO] 2026-05-28 15:26:02,704 - [MASSE] Expanding 85
[INFO] 2026-05-28 15:26:02,973 - [MASSE] Expanding 86
[INFO] 2026-05-28 15:26:03,227 - [MASSE] Expanding 87
[INFO] 2026-05-28 15:26:03,533 - [MASSE] Expanding 88
[INFO] 2026-05-28 15:26:03,796 - [MASSE] Expanding 89
[INFO] 2026-05-28 15:26:04,054 - [MASSE] Expanding 90
[INFO] 2026-05-28 15:26:04,321 - [MASSE] Expanding 91
[INFO] 2026-05-28 15:26:04,580 - [MASSE] Expanding 92
[INFO] 2026-05-28 15:26:04,850 - [MASSE] Expanding 93
[INFO] 2026-05-28 15:26:05,114 - [MASSE] Expanding 94
[INFO] 2026-05-28 15:26:05,364 - [MASSE] Expanding 95
[INFO] 2026-05-28 15:26:05,621 - [MASSE] Expanding 96
[INFO] 2026-05-28 15:26:05,886 - [MASSE] Expanding 97
[INFO] 2026-05-28 15:26:06,152 - [MASSE] Expanding 98
[INFO] 2026-05-28 15:26:06,408 - [MASSE] Expanding 99
[INFO] 2026-05-28 15:26:06,666 - [MASSE] Expanding 100
[INFO] 2026-05-28 15:26:06,923 - [MASSE] Expanding 101
[INFO] 2026-05-28 15:26:07,182 - [MASSE] Expanding 102
[INFO] 2026-05-28 15:26:07,440 - [MASSE] Expanding 103
[INFO] 2026-05-28 15:26:07,692 - [MASSE] Expanding 104
[INFO] 2026-05-28 15:26:07,947 - [MASSE] Expanding 105
[INFO] 2026-05-28 15:26:08,201 - [MASSE] Expanding 106
[INFO] 2026-05-28 15:26:08,447 - [MASSE] Expanding 107
[INFO] 2026-05-28 15:26:08,700 - [MASSE] Expanding 108
[INFO] 2026-05-28 15:26:09,363 - [EVAL] Modularity=0.5669
[INFO] 2026-05-28 15:26:09,363 - [EVAL] Surprise=0.0000
[INFO] 2026-05-28 15:26:09,363 - [EVAL] Keyword coherence=0.0000
[INFO] 2026-05-28 15:26:09,363 - [EVAL] Community stats={'num_communities': 109, 'avg_size': 350.6880733944954, 'max_size': 12217, 'min_size': 4}
[INFO] 2026-05-28 15:26:09,375 - [NMI DEBUG] matched_nodes=3080
[INFO] 2026-05-28 15:26:09,378 - [NMI] 0.6056
[INFO] 2026-05-28 15:26:09,384 - [NMI DEBUG] matched_nodes=64
[INFO] 2026-05-28 15:26:09,385 - [NMI] 0.4761
[INFO] 2026-05-28 15:26:09,390 - [NMI DEBUG] matched_nodes=20
[INFO] 2026-05-28 15:26:09,391 - [NMI] 0.3723
[INFO] 2026-05-28 15:26:09,393 - Saved communities...
