[INFO] 2026-05-28 15:30:53,097 - [MATRIX] writes shape=(14376, 14475)
[INFO] 2026-05-28 15:30:53,130 - [MATRIX] be_written shape=(14475, 14376)
[INFO] 2026-05-28 15:30:53,142 - [MATRIX] published_in shape=(14376, 20)
[INFO] 2026-05-28 15:30:53,153 - [MATRIX] publish shape=(20, 14376)
[INFO] 2026-05-28 15:30:53,245 - [MATRIX] has_term shape=(14376, 8920)
[INFO] 2026-05-28 15:30:53,333 - [MATRIX] term_in shape=(8920, 14376)
[INFO] 2026-05-28 15:30:53,408 - 
========== Building A-P-A ==========
[INFO] 2026-05-28 15:30:53,414 - A-P-A matrix shape=(14475, 14475)
[INFO] 2026-05-28 15:30:53,569 - A-P-A nodes=5264 edges=8789 total_weight=51362.0000
[INFO] 2026-05-28 15:30:53,571 - 
========== Building A-P-T-P-A ==========
[INFO] 2026-05-28 15:31:03,776 - A-P-T-P-A matrix shape=(14475, 14475)
[INFO] 2026-05-28 15:31:31,543 - A-P-T-P-A nodes=86 edges=351 total_weight=699532.0000
[INFO] 2026-05-28 15:31:31,543 - 
========== Building A-P-C-P-A ==========
[INFO] 2026-05-28 15:31:33,945 - A-P-C-P-A matrix shape=(14475, 14475)
[INFO] 2026-05-28 15:31:43,208 - A-P-C-P-A nodes=5689 edges=92426 total_weight=6194038.0000
[INFO] 2026-05-28 15:31:43,265 - 
========== MASSE Reliability ==========
[INFO] 2026-05-28 15:31:43,275 - A-P-A reliability=0.100661
[INFO] 2026-05-28 15:31:43,275 - A-P-T-P-A reliability=0.147091
[INFO] 2026-05-28 15:31:43,348 - A-P-C-P-A reliability=0.081947
[INFO] 2026-05-28 15:31:45,084 - [INTERACTION] A-P-A <-> A-P-T-P-A = 0.2043
[INFO] 2026-05-28 15:31:45,090 - [INTERACTION] A-P-A <-> A-P-C-P-A = 0.2412
[INFO] 2026-05-28 15:31:45,093 - [INTERACTION] A-P-T-P-A <-> A-P-A = 0.2043
[INFO] 2026-05-28 15:31:45,095 - [INTERACTION] A-P-T-P-A <-> A-P-C-P-A = 0.0974
[INFO] 2026-05-28 15:31:45,101 - [INTERACTION] A-P-C-P-A <-> A-P-A = 0.2412
[INFO] 2026-05-28 15:31:45,103 - [INTERACTION] A-P-C-P-A <-> A-P-T-P-A = 0.0974
[INFO] 2026-05-28 15:31:46,215 - MASSE consensus nodes=6933 edges=81310
[INFO] 2026-05-28 15:31:47,362 - MASSE communities=116
[INFO] 2026-05-28 15:31:47,582 - [MASSE] Expanding 0
[INFO] 2026-05-28 15:31:48,340 - [MASSE] Expanding 1
[INFO] 2026-05-28 15:31:48,893 - [MASSE] Expanding 2
[INFO] 2026-05-28 15:31:49,415 - [MASSE] Expanding 3
[INFO] 2026-05-28 15:31:49,915 - [MASSE] Expanding 4
[INFO] 2026-05-28 15:31:50,190 - [MASSE] Expanding 5
[INFO] 2026-05-28 15:31:50,442 - [MASSE] Expanding 6
[INFO] 2026-05-28 15:31:50,686 - [MASSE] Expanding 7
[INFO] 2026-05-28 15:31:50,930 - [MASSE] Expanding 8
[INFO] 2026-05-28 15:31:51,181 - [MASSE] Expanding 9
[INFO] 2026-05-28 15:31:51,428 - [MASSE] Expanding 10
[INFO] 2026-05-28 15:31:51,690 - [MASSE] Expanding 11
[INFO] 2026-05-28 15:31:51,948 - [MASSE] Expanding 12
[INFO] 2026-05-28 15:31:52,199 - [MASSE] Expanding 13
[INFO] 2026-05-28 15:31:52,445 - [MASSE] Expanding 14
[INFO] 2026-05-28 15:31:52,688 - [MASSE] Expanding 15
[INFO] 2026-05-28 15:31:52,926 - [MASSE] Expanding 16
[INFO] 2026-05-28 15:31:53,176 - [MASSE] Expanding 17
[INFO] 2026-05-28 15:31:53,414 - [MASSE] Expanding 18
[INFO] 2026-05-28 15:31:53,654 - [MASSE] Expanding 19
[INFO] 2026-05-28 15:31:53,906 - [MASSE] Expanding 20
[INFO] 2026-05-28 15:31:54,159 - [MASSE] Expanding 21
[INFO] 2026-05-28 15:31:54,404 - [MASSE] Expanding 22
[INFO] 2026-05-28 15:31:54,641 - [MASSE] Expanding 23
[INFO] 2026-05-28 15:31:54,895 - [MASSE] Expanding 24
[INFO] 2026-05-28 15:31:55,137 - [MASSE] Expanding 25
[INFO] 2026-05-28 15:31:55,384 - [MASSE] Expanding 26
[INFO] 2026-05-28 15:31:55,626 - [MASSE] Expanding 27
[INFO] 2026-05-28 15:31:55,866 - [MASSE] Expanding 28
[INFO] 2026-05-28 15:31:56,117 - [MASSE] Expanding 29
[INFO] 2026-05-28 15:31:56,357 - [MASSE] Expanding 30
[INFO] 2026-05-28 15:31:56,596 - [MASSE] Expanding 31
[INFO] 2026-05-28 15:31:56,841 - [MASSE] Expanding 32
[INFO] 2026-05-28 15:31:57,082 - [MASSE] Expanding 33
[INFO] 2026-05-28 15:31:57,326 - [MASSE] Expanding 34
[INFO] 2026-05-28 15:31:57,584 - [MASSE] Expanding 35
[INFO] 2026-05-28 15:31:57,846 - [MASSE] Expanding 36
[INFO] 2026-05-28 15:31:58,089 - [MASSE] Expanding 37
[INFO] 2026-05-28 15:31:58,350 - [MASSE] Expanding 38
[INFO] 2026-05-28 15:31:58,589 - [MASSE] Expanding 39
[INFO] 2026-05-28 15:31:58,838 - [MASSE] Expanding 40
[INFO] 2026-05-28 15:31:59,084 - [MASSE] Expanding 41
[INFO] 2026-05-28 15:31:59,348 - [MASSE] Expanding 42
[INFO] 2026-05-28 15:31:59,594 - [MASSE] Expanding 43
[INFO] 2026-05-28 15:31:59,833 - [MASSE] Expanding 44
[INFO] 2026-05-28 15:32:00,098 - [MASSE] Expanding 45
[INFO] 2026-05-28 15:32:00,349 - [MASSE] Expanding 46
[INFO] 2026-05-28 15:32:00,588 - [MASSE] Expanding 47
[INFO] 2026-05-28 15:32:00,829 - [MASSE] Expanding 48
[INFO] 2026-05-28 15:32:01,075 - [MASSE] Expanding 49
[INFO] 2026-05-28 15:32:01,317 - [MASSE] Expanding 50
[INFO] 2026-05-28 15:32:01,550 - [MASSE] Expanding 51
[INFO] 2026-05-28 15:32:01,783 - [MASSE] Expanding 52
[INFO] 2026-05-28 15:32:02,019 - [MASSE] Expanding 53
[INFO] 2026-05-28 15:32:02,268 - [MASSE] Expanding 54
[INFO] 2026-05-28 15:32:02,515 - [MASSE] Expanding 55
[INFO] 2026-05-28 15:32:02,777 - [MASSE] Expanding 56
[INFO] 2026-05-28 15:32:03,020 - [MASSE] Expanding 57
[INFO] 2026-05-28 15:32:03,262 - [MASSE] Expanding 58
[INFO] 2026-05-28 15:32:03,500 - [MASSE] Expanding 59
[INFO] 2026-05-28 15:32:03,739 - [MASSE] Expanding 60
[INFO] 2026-05-28 15:32:03,973 - [MASSE] Expanding 61
[INFO] 2026-05-28 15:32:04,220 - [MASSE] Expanding 62
[INFO] 2026-05-28 15:32:04,459 - [MASSE] Expanding 63
[INFO] 2026-05-28 15:32:04,701 - [MASSE] Expanding 64
[INFO] 2026-05-28 15:32:04,956 - [MASSE] Expanding 65
[INFO] 2026-05-28 15:32:05,199 - [MASSE] Expanding 66
[INFO] 2026-05-28 15:32:05,436 - [MASSE] Expanding 67
[INFO] 2026-05-28 15:32:05,675 - [MASSE] Expanding 68
[INFO] 2026-05-28 15:32:05,909 - [MASSE] Expanding 69
[INFO] 2026-05-28 15:32:06,157 - [MASSE] Expanding 70
[INFO] 2026-05-28 15:32:06,394 - [MASSE] Expanding 71
[INFO] 2026-05-28 15:32:06,631 - [MASSE] Expanding 72
[INFO] 2026-05-28 15:32:06,865 - [MASSE] Expanding 73
[INFO] 2026-05-28 15:32:07,116 - [MASSE] Expanding 74
[INFO] 2026-05-28 15:32:07,352 - [MASSE] Expanding 75
[INFO] 2026-05-28 15:32:07,590 - [MASSE] Expanding 76
[INFO] 2026-05-28 15:32:07,832 - [MASSE] Expanding 77
[INFO] 2026-05-28 15:32:08,070 - [MASSE] Expanding 78
[INFO] 2026-05-28 15:32:08,309 - [MASSE] Expanding 79
[INFO] 2026-05-28 15:32:08,544 - [MASSE] Expanding 80
[INFO] 2026-05-28 15:32:08,779 - [MASSE] Expanding 81
[INFO] 2026-05-28 15:32:09,014 - [MASSE] Expanding 82
[INFO] 2026-05-28 15:32:09,263 - [MASSE] Expanding 83
[INFO] 2026-05-28 15:32:09,501 - [MASSE] Expanding 84
[INFO] 2026-05-28 15:32:09,736 - [MASSE] Expanding 85
[INFO] 2026-05-28 15:32:09,972 - [MASSE] Expanding 86
[INFO] 2026-05-28 15:32:10,211 - [MASSE] Expanding 87
[INFO] 2026-05-28 15:32:10,444 - [MASSE] Expanding 88
[INFO] 2026-05-28 15:32:10,678 - [MASSE] Expanding 89
[INFO] 2026-05-28 15:32:10,910 - [MASSE] Expanding 90
[INFO] 2026-05-28 15:32:11,148 - [MASSE] Expanding 91
[INFO] 2026-05-28 15:32:11,403 - [MASSE] Expanding 92
[INFO] 2026-05-28 15:32:11,637 - [MASSE] Expanding 93
[INFO] 2026-05-28 15:32:11,870 - [MASSE] Expanding 94
[INFO] 2026-05-28 15:32:12,103 - [MASSE] Expanding 95
[INFO] 2026-05-28 15:32:12,341 - [MASSE] Expanding 96
[INFO] 2026-05-28 15:32:12,576 - [MASSE] Expanding 97
[INFO] 2026-05-28 15:32:12,813 - [MASSE] Expanding 98
[INFO] 2026-05-28 15:32:13,049 - [MASSE] Expanding 99
[INFO] 2026-05-28 15:32:13,282 - [MASSE] Expanding 100
[INFO] 2026-05-28 15:32:13,535 - [MASSE] Expanding 101
[INFO] 2026-05-28 15:32:13,770 - [MASSE] Expanding 102
[INFO] 2026-05-28 15:32:14,006 - [MASSE] Expanding 103
[INFO] 2026-05-28 15:32:14,253 - [MASSE] Expanding 104
[INFO] 2026-05-28 15:32:14,492 - [MASSE] Expanding 105
[INFO] 2026-05-28 15:32:14,729 - [MASSE] Expanding 106
[INFO] 2026-05-28 15:32:14,965 - [MASSE] Expanding 107
[INFO] 2026-05-28 15:32:15,233 - [MASSE] Expanding 108
[INFO] 2026-05-28 15:32:15,494 - [MASSE] Expanding 109
[INFO] 2026-05-28 15:32:15,742 - [MASSE] Expanding 110
[INFO] 2026-05-28 15:32:15,981 - [MASSE] Expanding 111
[INFO] 2026-05-28 15:32:16,224 - [MASSE] Expanding 112
[INFO] 2026-05-28 15:32:16,465 - [MASSE] Expanding 113
[INFO] 2026-05-28 15:32:16,704 - [MASSE] Expanding 114
[INFO] 2026-05-28 15:32:16,944 - [MASSE] Expanding 115
[INFO] 2026-05-28 15:32:17,563 - [EVAL] Modularity=0.4932
[INFO] 2026-05-28 15:32:17,563 - [EVAL] Surprise=0.0000
[INFO] 2026-05-28 15:32:17,563 - [EVAL] Keyword coherence=0.0000
[INFO] 2026-05-28 15:32:17,563 - [EVAL] Community stats={'num_communities': 116, 'avg_size': 59.76724137931034, 'max_size': 2081, 'min_size': 2}
[INFO] 2026-05-28 15:32:17,568 - [NMI DEBUG] matched_nodes=3080
[INFO] 2026-05-28 15:32:17,571 - [NMI] 0.6120
[INFO] 2026-05-28 15:32:17,572 - [NMI DEBUG] matched_nodes=0
[INFO] 2026-05-28 15:32:17,573 - [NMI DEBUG] matched_nodes=0
[INFO] 2026-05-28 15:32:17,574 - Saved communities...
