[INFO] 2026-05-31 22:12:37,343 - [MATRIX] writes shape=(14376, 14475)
[INFO] 2026-05-31 22:12:37,393 - [MATRIX] be_written shape=(14475, 14376)
[INFO] 2026-05-31 22:12:37,411 - [MATRIX] published_in shape=(14376, 20)
[INFO] 2026-05-31 22:12:37,428 - [MATRIX] publish shape=(20, 14376)
[INFO] 2026-05-31 22:12:37,559 - [MATRIX] has_term shape=(14376, 8920)
[INFO] 2026-05-31 22:12:37,685 - [MATRIX] term_in shape=(8920, 14376)
[INFO] 2026-05-31 22:12:37,754 - 
========== Building A-P-A ==========
[INFO] 2026-05-31 22:12:37,760 - A-P-A matrix shape=(14475, 14475)
[INFO] 2026-05-31 22:12:37,922 - A-P-A nodes=5264 edges=8789 total_weight=51362.0000
[INFO] 2026-05-31 22:12:37,925 - 
========== Building A-P-T-P-A ==========
[INFO] 2026-05-31 22:12:51,803 - A-P-T-P-A matrix shape=(14475, 14475)
[INFO] 2026-05-31 22:13:49,378 - A-P-T-P-A nodes=86 edges=351 total_weight=699532.0000
[INFO] 2026-05-31 22:13:49,378 - 
========== Building A-P-C-P-A ==========
[INFO] 2026-05-31 22:13:52,403 - A-P-C-P-A matrix shape=(14475, 14475)
[INFO] 2026-05-31 22:14:11,821 - A-P-C-P-A nodes=5689 edges=92426 total_weight=6194038.0000
[INFO] 2026-05-31 22:14:11,910 - 
========== MASSE Reliability ==========
[INFO] 2026-05-31 22:14:11,928 - A-P-A reliability=0.100661
[INFO] 2026-05-31 22:14:11,929 - A-P-T-P-A reliability=0.147091
[INFO] 2026-05-31 22:14:12,081 - A-P-C-P-A reliability=0.081947
[INFO] 2026-05-31 22:14:16,056 - [INTERACTION] A-P-A <-> A-P-T-P-A = 0.2086
[INFO] 2026-05-31 22:14:16,064 - [INTERACTION] A-P-A <-> A-P-C-P-A = 0.2225
[INFO] 2026-05-31 22:14:16,068 - [INTERACTION] A-P-T-P-A <-> A-P-A = 0.2086
[INFO] 2026-05-31 22:14:16,071 - [INTERACTION] A-P-T-P-A <-> A-P-C-P-A = 0.0561
[INFO] 2026-05-31 22:14:16,079 - [INTERACTION] A-P-C-P-A <-> A-P-A = 0.2225
[INFO] 2026-05-31 22:14:16,082 - [INTERACTION] A-P-C-P-A <-> A-P-T-P-A = 0.0561
[INFO] 2026-05-31 22:14:16,554 - [SUBSPACE] {1: ['A-P-A', 'A-P-C-P-A'], 0: ['A-P-T-P-A']}
[INFO] 2026-05-31 22:14:16,555 - [LOCAL] Subspace 1: ['A-P-A', 'A-P-C-P-A']
[INFO] 2026-05-31 22:14:20,582 - [LOCAL] communities=107
[INFO] 2026-05-31 22:14:20,583 - [LOCAL] Subspace 0: ['A-P-T-P-A']
[INFO] 2026-05-31 22:14:20,597 - [LOCAL] communities=3
[INFO] 2026-05-31 22:14:44,743 - MASSE consensus nodes=6933 edges=6392417
[INFO] 2026-05-31 22:17:20,879 - MASSE communities=107
[INFO] 2026-05-31 22:17:29,134 - [MASSE] Expanding 0
[INFO] 2026-05-31 22:17:30,917 - [MASSE] Expanding 1
[INFO] 2026-05-31 22:17:32,500 - [MASSE] Expanding 2
[INFO] 2026-05-31 22:17:33,329 - [MASSE] Expanding 3
[INFO] 2026-05-31 22:17:33,925 - [MASSE] Expanding 4
[INFO] 2026-05-31 22:17:34,327 - [MASSE] Expanding 5
[INFO] 2026-05-31 22:17:34,726 - [MASSE] Expanding 6
[INFO] 2026-05-31 22:17:35,127 - [MASSE] Expanding 7
[INFO] 2026-05-31 22:17:35,526 - [MASSE] Expanding 8
[INFO] 2026-05-31 22:17:35,929 - [MASSE] Expanding 9
[INFO] 2026-05-31 22:17:36,321 - [MASSE] Expanding 10
[INFO] 2026-05-31 22:17:36,724 - [MASSE] Expanding 11
[INFO] 2026-05-31 22:17:37,117 - [MASSE] Expanding 12
[INFO] 2026-05-31 22:17:37,509 - [MASSE] Expanding 13
[INFO] 2026-05-31 22:17:37,897 - [MASSE] Expanding 14
[INFO] 2026-05-31 22:17:38,292 - [MASSE] Expanding 15
[INFO] 2026-05-31 22:17:38,695 - [MASSE] Expanding 16
[INFO] 2026-05-31 22:17:39,092 - [MASSE] Expanding 17
[INFO] 2026-05-31 22:17:39,484 - [MASSE] Expanding 18
[INFO] 2026-05-31 22:17:39,876 - [MASSE] Expanding 19
[INFO] 2026-05-31 22:17:40,266 - [MASSE] Expanding 20
[INFO] 2026-05-31 22:17:40,658 - [MASSE] Expanding 21
[INFO] 2026-05-31 22:17:41,049 - [MASSE] Expanding 22
[INFO] 2026-05-31 22:17:41,443 - [MASSE] Expanding 23
[INFO] 2026-05-31 22:17:41,843 - [MASSE] Expanding 24
[INFO] 2026-05-31 22:17:42,238 - [MASSE] Expanding 25
[INFO] 2026-05-31 22:17:42,633 - [MASSE] Expanding 26
[INFO] 2026-05-31 22:17:43,029 - [MASSE] Expanding 27
[INFO] 2026-05-31 22:17:43,423 - [MASSE] Expanding 28
[INFO] 2026-05-31 22:17:43,819 - [MASSE] Expanding 29
[INFO] 2026-05-31 22:17:44,213 - [MASSE] Expanding 30
[INFO] 2026-05-31 22:17:44,615 - [MASSE] Expanding 31
[INFO] 2026-05-31 22:17:45,017 - [MASSE] Expanding 32
[INFO] 2026-05-31 22:17:45,415 - [MASSE] Expanding 33
[INFO] 2026-05-31 22:17:45,809 - [MASSE] Expanding 34
[INFO] 2026-05-31 22:17:46,206 - [MASSE] Expanding 35
[INFO] 2026-05-31 22:17:46,601 - [MASSE] Expanding 36
[INFO] 2026-05-31 22:17:46,997 - [MASSE] Expanding 37
[INFO] 2026-05-31 22:17:47,392 - [MASSE] Expanding 38
[INFO] 2026-05-31 22:17:47,795 - [MASSE] Expanding 39
[INFO] 2026-05-31 22:17:48,189 - [MASSE] Expanding 40
[INFO] 2026-05-31 22:17:48,581 - [MASSE] Expanding 41
[INFO] 2026-05-31 22:17:48,967 - [MASSE] Expanding 42
[INFO] 2026-05-31 22:17:49,358 - [MASSE] Expanding 43
[INFO] 2026-05-31 22:17:49,752 - [MASSE] Expanding 44
[INFO] 2026-05-31 22:17:50,148 - [MASSE] Expanding 45
[INFO] 2026-05-31 22:17:50,549 - [MASSE] Expanding 46
[INFO] 2026-05-31 22:17:50,945 - [MASSE] Expanding 47
[INFO] 2026-05-31 22:17:51,337 - [MASSE] Expanding 48
[INFO] 2026-05-31 22:17:51,727 - [MASSE] Expanding 49
[INFO] 2026-05-31 22:17:52,130 - [MASSE] Expanding 50
[INFO] 2026-05-31 22:17:52,523 - [MASSE] Expanding 51
[INFO] 2026-05-31 22:17:52,910 - [MASSE] Expanding 52
[INFO] 2026-05-31 22:17:53,307 - [MASSE] Expanding 53
[INFO] 2026-05-31 22:17:53,704 - [MASSE] Expanding 54
[INFO] 2026-05-31 22:17:54,095 - [MASSE] Expanding 55
[INFO] 2026-05-31 22:17:54,489 - [MASSE] Expanding 56
[INFO] 2026-05-31 22:17:54,881 - [MASSE] Expanding 57
[INFO] 2026-05-31 22:17:55,276 - [MASSE] Expanding 58
[INFO] 2026-05-31 22:17:55,670 - [MASSE] Expanding 59
[INFO] 2026-05-31 22:17:56,064 - [MASSE] Expanding 60
[INFO] 2026-05-31 22:17:56,464 - [MASSE] Expanding 61
[INFO] 2026-05-31 22:17:56,863 - [MASSE] Expanding 62
[INFO] 2026-05-31 22:17:57,263 - [MASSE] Expanding 63
[INFO] 2026-05-31 22:17:57,660 - [MASSE] Expanding 64
[INFO] 2026-05-31 22:17:58,054 - [MASSE] Expanding 65
[INFO] 2026-05-31 22:17:58,447 - [MASSE] Expanding 66
[INFO] 2026-05-31 22:17:58,844 - [MASSE] Expanding 67
[INFO] 2026-05-31 22:17:59,239 - [MASSE] Expanding 68
[INFO] 2026-05-31 22:17:59,636 - [MASSE] Expanding 69
[INFO] 2026-05-31 22:18:00,032 - [MASSE] Expanding 70
[INFO] 2026-05-31 22:18:00,426 - [MASSE] Expanding 71
[INFO] 2026-05-31 22:18:00,821 - [MASSE] Expanding 72
[INFO] 2026-05-31 22:18:01,218 - [MASSE] Expanding 73
[INFO] 2026-05-31 22:18:01,613 - [MASSE] Expanding 74
[INFO] 2026-05-31 22:18:02,008 - [MASSE] Expanding 75
[INFO] 2026-05-31 22:18:02,403 - [MASSE] Expanding 76
[INFO] 2026-05-31 22:18:02,796 - [MASSE] Expanding 77
[INFO] 2026-05-31 22:18:03,188 - [MASSE] Expanding 78
[INFO] 2026-05-31 22:18:03,586 - [MASSE] Expanding 79
[INFO] 2026-05-31 22:18:03,989 - [MASSE] Expanding 80
[INFO] 2026-05-31 22:18:04,403 - [MASSE] Expanding 81
[INFO] 2026-05-31 22:18:04,815 - [MASSE] Expanding 82
[INFO] 2026-05-31 22:18:05,229 - [MASSE] Expanding 83
[INFO] 2026-05-31 22:18:05,646 - [MASSE] Expanding 84
[INFO] 2026-05-31 22:18:06,059 - [MASSE] Expanding 85
[INFO] 2026-05-31 22:18:06,454 - [MASSE] Expanding 86
[INFO] 2026-05-31 22:18:06,857 - [MASSE] Expanding 87
[INFO] 2026-05-31 22:18:07,252 - [MASSE] Expanding 88
[INFO] 2026-05-31 22:18:07,652 - [MASSE] Expanding 89
[INFO] 2026-05-31 22:18:08,048 - [MASSE] Expanding 90
[INFO] 2026-05-31 22:18:08,442 - [MASSE] Expanding 91
[INFO] 2026-05-31 22:18:08,838 - [MASSE] Expanding 92
[INFO] 2026-05-31 22:18:09,235 - [MASSE] Expanding 93
[INFO] 2026-05-31 22:18:09,629 - [MASSE] Expanding 94
[INFO] 2026-05-31 22:18:10,021 - [MASSE] Expanding 95
[INFO] 2026-05-31 22:18:10,414 - [MASSE] Expanding 96
[INFO] 2026-05-31 22:18:10,807 - [MASSE] Expanding 97
[INFO] 2026-05-31 22:18:11,205 - [MASSE] Expanding 98
[INFO] 2026-05-31 22:18:11,605 - [MASSE] Expanding 99
[INFO] 2026-05-31 22:18:12,004 - [MASSE] Expanding 100
[INFO] 2026-05-31 22:18:12,404 - [MASSE] Expanding 101
[INFO] 2026-05-31 22:18:12,804 - [MASSE] Expanding 102
[INFO] 2026-05-31 22:18:13,198 - [MASSE] Expanding 103
[INFO] 2026-05-31 22:18:13,594 - [MASSE] Expanding 104
[INFO] 2026-05-31 22:18:13,989 - [MASSE] Expanding 105
[INFO] 2026-05-31 22:18:14,384 - [MASSE] Expanding 106
[INFO] 2026-05-31 22:18:31,690 - [EVAL] Modularity=0.6567
[INFO] 2026-05-31 22:18:31,690 - [EVAL] Surprise=0.0000
[INFO] 2026-05-31 22:18:31,690 - [EVAL] Keyword coherence=0.0000
[INFO] 2026-05-31 22:18:31,690 - [EVAL] Community stats={'num_communities': 107, 'avg_size': 65.09345794392523, 'max_size': 2382, 'min_size': 2}
[INFO] 2026-05-31 22:18:31,699 - [NMI DEBUG] matched_nodes=3080
[INFO] 2026-05-31 22:18:31,704 - [NMI] 0.6012
[INFO] 2026-05-31 22:18:31,706 - [NMI DEBUG] matched_nodes=0
[INFO] 2026-05-31 22:18:31,708 - [NMI DEBUG] matched_nodes=0
[INFO] 2026-05-31 22:18:31,710 - Saved communities...
