[INFO] 2026-05-28 15:17:32,981 - [MATRIX] writes shape=(14376, 14475)
[INFO] 2026-05-28 15:17:33,006 - [MATRIX] be_written shape=(14475, 14376)
[INFO] 2026-05-28 15:17:33,016 - [MATRIX] published_in shape=(14376, 20)
[INFO] 2026-05-28 15:17:33,024 - [MATRIX] publish shape=(20, 14376)
[INFO] 2026-05-28 15:17:33,101 - [MATRIX] has_term shape=(14376, 8920)
[INFO] 2026-05-28 15:17:33,170 - [MATRIX] term_in shape=(8920, 14376)
[INFO] 2026-05-28 15:17:33,229 - 
========== Building A-P-A ==========
[INFO] 2026-05-28 15:17:33,233 - A-P-A matrix shape=(14475, 14475)
[INFO] 2026-05-28 15:17:33,329 - A-P-A nodes=5264 edges=8789 total_weight=51362.0000
[INFO] 2026-05-28 15:17:33,330 - 
========== Building A-P-T-P-A ==========
[INFO] 2026-05-28 15:17:43,752 - A-P-T-P-A matrix shape=(14475, 14475)
[INFO] 2026-05-28 15:18:11,437 - A-P-T-P-A nodes=86 edges=351 total_weight=699532.0000
[INFO] 2026-05-28 15:18:11,438 - 
========== Building A-P-C-P-A ==========
[INFO] 2026-05-28 15:18:13,860 - A-P-C-P-A matrix shape=(14475, 14475)
[INFO] 2026-05-28 15:18:23,507 - A-P-C-P-A nodes=5689 edges=92426 total_weight=6194038.0000
[INFO] 2026-05-28 15:18:23,565 - 
========== MASSE Reliability ==========
[INFO] 2026-05-28 15:18:23,576 - A-P-A reliability=0.100661
[INFO] 2026-05-28 15:18:23,577 - A-P-T-P-A reliability=0.147091
[INFO] 2026-05-28 15:18:23,649 - A-P-C-P-A reliability=0.081947
[INFO] 2026-05-28 15:18:25,584 - [INTERACTION] A-P-A <-> A-P-T-P-A = 0.1883
[INFO] 2026-05-28 15:18:25,590 - [INTERACTION] A-P-A <-> A-P-C-P-A = 0.2474
[INFO] 2026-05-28 15:18:25,593 - [INTERACTION] A-P-T-P-A <-> A-P-A = 0.1883
[INFO] 2026-05-28 15:18:25,595 - [INTERACTION] A-P-T-P-A <-> A-P-C-P-A = 0.0979
[INFO] 2026-05-28 15:18:25,601 - [INTERACTION] A-P-C-P-A <-> A-P-A = 0.2474
[INFO] 2026-05-28 15:18:25,603 - [INTERACTION] A-P-C-P-A <-> A-P-T-P-A = 0.0979
[INFO] 2026-05-28 15:18:26,718 - MASSE consensus nodes=6933 edges=80609
[INFO] 2026-05-28 15:18:28,067 - MASSE communities=108
[INFO] 2026-05-28 15:18:28,308 - [MASSE] Expanding 0
[INFO] 2026-05-28 15:18:32,271 - [MASSE] Expanding 1
[INFO] 2026-05-28 15:18:36,604 - [MASSE] Expanding 2
[INFO] 2026-05-28 15:18:41,789 - [MASSE] Expanding 3
[INFO] 2026-05-28 15:18:46,235 - [MASSE] Expanding 4
[INFO] 2026-05-28 15:18:46,712 - [MASSE] Expanding 5
[INFO] 2026-05-28 15:18:46,980 - [MASSE] Expanding 6
[INFO] 2026-05-28 15:18:47,248 - [MASSE] Expanding 7
[INFO] 2026-05-28 15:18:47,507 - [MASSE] Expanding 8
[INFO] 2026-05-28 15:18:47,768 - [MASSE] Expanding 9
[INFO] 2026-05-28 15:18:48,034 - [MASSE] Expanding 10
[INFO] 2026-05-28 15:18:48,317 - [MASSE] Expanding 11
[INFO] 2026-05-28 15:18:48,581 - [MASSE] Expanding 12
[INFO] 2026-05-28 15:18:48,848 - [MASSE] Expanding 13
[INFO] 2026-05-28 15:18:49,122 - [MASSE] Expanding 14
[INFO] 2026-05-28 15:18:49,387 - [MASSE] Expanding 15
[INFO] 2026-05-28 15:18:49,648 - [MASSE] Expanding 16
[INFO] 2026-05-28 15:18:49,905 - [MASSE] Expanding 17
[INFO] 2026-05-28 15:18:50,161 - [MASSE] Expanding 18
[INFO] 2026-05-28 15:18:50,433 - [MASSE] Expanding 19
[INFO] 2026-05-28 15:18:50,693 - [MASSE] Expanding 20
[INFO] 2026-05-28 15:18:50,956 - [MASSE] Expanding 21
[INFO] 2026-05-28 15:18:51,228 - [MASSE] Expanding 22
[INFO] 2026-05-28 15:18:51,504 - [MASSE] Expanding 23
[INFO] 2026-05-28 15:18:51,771 - [MASSE] Expanding 24
[INFO] 2026-05-28 15:18:52,044 - [MASSE] Expanding 25
[INFO] 2026-05-28 15:18:52,298 - [MASSE] Expanding 26
[INFO] 2026-05-28 15:18:52,554 - [MASSE] Expanding 27
[INFO] 2026-05-28 15:18:52,812 - [MASSE] Expanding 28
[INFO] 2026-05-28 15:18:53,049 - [MASSE] Expanding 29
[INFO] 2026-05-28 15:18:53,290 - [MASSE] Expanding 30
[INFO] 2026-05-28 15:18:53,536 - [MASSE] Expanding 31
[INFO] 2026-05-28 15:18:53,799 - [MASSE] Expanding 32
[INFO] 2026-05-28 15:18:54,044 - [MASSE] Expanding 33
[INFO] 2026-05-28 15:18:54,302 - [MASSE] Expanding 34
[INFO] 2026-05-28 15:18:54,560 - [MASSE] Expanding 35
[INFO] 2026-05-28 15:18:54,847 - [MASSE] Expanding 36
[INFO] 2026-05-28 15:18:55,102 - [MASSE] Expanding 37
[INFO] 2026-05-28 15:18:55,342 - [MASSE] Expanding 38
[INFO] 2026-05-28 15:18:55,569 - [MASSE] Expanding 39
[INFO] 2026-05-28 15:18:55,812 - [MASSE] Expanding 40
[INFO] 2026-05-28 15:18:56,072 - [MASSE] Expanding 41
[INFO] 2026-05-28 15:18:56,325 - [MASSE] Expanding 42
[INFO] 2026-05-28 15:18:56,571 - [MASSE] Expanding 43
[INFO] 2026-05-28 15:18:56,821 - [MASSE] Expanding 44
[INFO] 2026-05-28 15:18:57,100 - [MASSE] Expanding 45
[INFO] 2026-05-28 15:18:57,347 - [MASSE] Expanding 46
[INFO] 2026-05-28 15:18:57,610 - [MASSE] Expanding 47
[INFO] 2026-05-28 15:18:57,850 - [MASSE] Expanding 48
[INFO] 2026-05-28 15:18:58,104 - [MASSE] Expanding 49
[INFO] 2026-05-28 15:18:58,357 - [MASSE] Expanding 50
[INFO] 2026-05-28 15:18:58,606 - [MASSE] Expanding 51
[INFO] 2026-05-28 15:18:58,856 - [MASSE] Expanding 52
[INFO] 2026-05-28 15:18:59,118 - [MASSE] Expanding 53
[INFO] 2026-05-28 15:18:59,364 - [MASSE] Expanding 54
[INFO] 2026-05-28 15:18:59,610 - [MASSE] Expanding 55
[INFO] 2026-05-28 15:18:59,869 - [MASSE] Expanding 56
[INFO] 2026-05-28 15:19:00,118 - [MASSE] Expanding 57
[INFO] 2026-05-28 15:19:00,359 - [MASSE] Expanding 58
[INFO] 2026-05-28 15:19:00,613 - [MASSE] Expanding 59
[INFO] 2026-05-28 15:19:00,863 - [MASSE] Expanding 60
[INFO] 2026-05-28 15:19:01,108 - [MASSE] Expanding 61
[INFO] 2026-05-28 15:19:01,374 - [MASSE] Expanding 62
[INFO] 2026-05-28 15:19:01,620 - [MASSE] Expanding 63
[INFO] 2026-05-28 15:19:01,859 - [MASSE] Expanding 64
[INFO] 2026-05-28 15:19:02,114 - [MASSE] Expanding 65
[INFO] 2026-05-28 15:19:02,354 - [MASSE] Expanding 66
[INFO] 2026-05-28 15:19:02,588 - [MASSE] Expanding 67
[INFO] 2026-05-28 15:19:02,823 - [MASSE] Expanding 68
[INFO] 2026-05-28 15:19:03,079 - [MASSE] Expanding 69
[INFO] 2026-05-28 15:19:03,338 - [MASSE] Expanding 70
[INFO] 2026-05-28 15:19:03,588 - [MASSE] Expanding 71
[INFO] 2026-05-28 15:19:03,836 - [MASSE] Expanding 72
[INFO] 2026-05-28 15:19:04,094 - [MASSE] Expanding 73
[INFO] 2026-05-28 15:19:04,334 - [MASSE] Expanding 74
[INFO] 2026-05-28 15:19:04,600 - [MASSE] Expanding 75
[INFO] 2026-05-28 15:19:04,858 - [MASSE] Expanding 76
[INFO] 2026-05-28 15:19:05,110 - [MASSE] Expanding 77
[INFO] 2026-05-28 15:19:05,369 - [MASSE] Expanding 78
[INFO] 2026-05-28 15:19:05,642 - [MASSE] Expanding 79
[INFO] 2026-05-28 15:19:05,893 - [MASSE] Expanding 80
[INFO] 2026-05-28 15:19:06,145 - [MASSE] Expanding 81
[INFO] 2026-05-28 15:19:06,391 - [MASSE] Expanding 82
[INFO] 2026-05-28 15:19:06,649 - [MASSE] Expanding 83
[INFO] 2026-05-28 15:19:06,904 - [MASSE] Expanding 84
[INFO] 2026-05-28 15:19:07,153 - [MASSE] Expanding 85
[INFO] 2026-05-28 15:19:07,402 - [MASSE] Expanding 86
[INFO] 2026-05-28 15:19:07,648 - [MASSE] Expanding 87
[INFO] 2026-05-28 15:19:07,893 - [MASSE] Expanding 88
[INFO] 2026-05-28 15:19:08,124 - [MASSE] Expanding 89
[INFO] 2026-05-28 15:19:08,361 - [MASSE] Expanding 90
[INFO] 2026-05-28 15:19:08,598 - [MASSE] Expanding 91
[INFO] 2026-05-28 15:19:08,823 - [MASSE] Expanding 92
[INFO] 2026-05-28 15:19:09,056 - [MASSE] Expanding 93
[INFO] 2026-05-28 15:19:09,298 - [MASSE] Expanding 94
[INFO] 2026-05-28 15:19:09,534 - [MASSE] Expanding 95
[INFO] 2026-05-28 15:19:09,765 - [MASSE] Expanding 96
[INFO] 2026-05-28 15:19:10,029 - [MASSE] Expanding 97
[INFO] 2026-05-28 15:19:10,266 - [MASSE] Expanding 98
[INFO] 2026-05-28 15:19:10,493 - [MASSE] Expanding 99
[INFO] 2026-05-28 15:19:10,719 - [MASSE] Expanding 100
[INFO] 2026-05-28 15:19:10,946 - [MASSE] Expanding 101
[INFO] 2026-05-28 15:19:11,179 - [MASSE] Expanding 102
[INFO] 2026-05-28 15:19:11,413 - [MASSE] Expanding 103
[INFO] 2026-05-28 15:19:11,646 - [MASSE] Expanding 104
[INFO] 2026-05-28 15:19:11,884 - [MASSE] Expanding 105
[INFO] 2026-05-28 15:19:12,128 - [MASSE] Expanding 106
[INFO] 2026-05-28 15:19:12,361 - [MASSE] Expanding 107
[INFO] 2026-05-28 15:19:12,975 - [EVAL] Modularity=0.4873
[INFO] 2026-05-28 15:19:12,975 - [EVAL] Surprise=0.0000
[INFO] 2026-05-28 15:19:12,975 - [EVAL] Keyword coherence=0.0000
[INFO] 2026-05-28 15:19:12,975 - [EVAL] Community stats={'num_communities': 108, 'avg_size': 348.44444444444446, 'max_size': 9959, 'min_size': 4}
[INFO] 2026-05-28 15:19:12,985 - [NMI DEBUG] matched_nodes=3080
[INFO] 2026-05-28 15:19:12,989 - [NMI] 0.6216
[INFO] 2026-05-28 15:19:12,994 - [NMI DEBUG] matched_nodes=65
[INFO] 2026-05-28 15:19:12,995 - [NMI] 0.4989
[INFO] 2026-05-28 15:19:12,999 - [NMI DEBUG] matched_nodes=20
[INFO] 2026-05-28 15:19:13,001 - [NMI] 0.5771
[INFO] 2026-05-28 15:19:13,002 - Saved communities...
