[INFO] 2026-05-26 23:56:45,390 - [MATRIX] writes shape=(14376, 14475)
[INFO] 2026-05-26 23:56:45,428 - [MATRIX] be_written shape=(14475, 14376)
[INFO] 2026-05-26 23:56:45,441 - [MATRIX] published_in shape=(14376, 20)
[INFO] 2026-05-26 23:56:45,453 - [MATRIX] publish shape=(20, 14376)
[INFO] 2026-05-26 23:56:45,547 - [MATRIX] has_term shape=(14376, 8920)
[INFO] 2026-05-26 23:56:45,645 - [MATRIX] term_in shape=(8920, 14376)
[INFO] 2026-05-26 23:56:45,670 - 
========== Building P-A-P ==========
[INFO] 2026-05-26 23:56:45,683 - P-A-P matrix shape=(14376, 14376)
[INFO] 2026-05-26 23:56:50,096 - P-A-P nodes=13774 edges=215663 total_weight=497692.0000
[INFO] 2026-05-26 23:56:50,106 - 
========== Building P-T-P ==========
[INFO] 2026-05-26 23:56:51,914 - P-T-P matrix shape=(14376, 14376)
[INFO] 2026-05-26 23:57:30,225 - P-T-P nodes=4672 edges=14219 total_weight=147202.0000
[INFO] 2026-05-26 23:57:30,229 - 
========== Building P-C-P ==========
[INFO] 2026-05-26 23:57:30,663 - P-C-P matrix shape=(14376, 14376)
[INFO] 2026-05-26 23:57:39,548 - P-C-P nodes=0 edges=0 total_weight=0.0000
[WARNING] 2026-05-26 23:57:39,549 - [SKIP] P-C-P generated empty graph.
[INFO] 2026-05-26 23:57:39,570 - 
========== MASSE Reliability ==========
[INFO] 2026-05-26 23:57:39,862 - P-A-P reliability=0.075625
[INFO] 2026-05-26 23:57:39,883 - P-T-P reliability=0.094718
[INFO] 2026-05-26 23:57:39,883 - P-C-P reliability=0.000000
[INFO] 2026-05-26 23:57:49,898 - [INTERACTION] P-A-P <-> P-T-P = 0.2803
[INFO] 2026-05-26 23:57:49,909 - [INTERACTION] P-T-P <-> P-A-P = 0.2803
[INFO] 2026-05-26 23:57:55,691 - MASSE consensus nodes=13964 edges=199326
[INFO] 2026-05-26 23:58:07,103 - MASSE communities=198
[INFO] 2026-05-26 23:58:07,841 - [MASSE] Expanding 0
[INFO] 2026-05-26 23:58:10,559 - [MASSE] Expanding 1
[INFO] 2026-05-26 23:58:12,433 - [MASSE] Expanding 2
[INFO] 2026-05-26 23:58:14,557 - [MASSE] Expanding 3
[INFO] 2026-05-26 23:58:16,782 - [MASSE] Expanding 4
[INFO] 2026-05-26 23:58:18,524 - [MASSE] Expanding 5
[INFO] 2026-05-26 23:58:20,113 - [MASSE] Expanding 6
[INFO] 2026-05-26 23:58:21,819 - [MASSE] Expanding 7
[INFO] 2026-05-26 23:58:23,290 - [MASSE] Expanding 8
[INFO] 2026-05-26 23:58:24,884 - [MASSE] Expanding 9
[INFO] 2026-05-26 23:58:26,391 - [MASSE] Expanding 10
[INFO] 2026-05-26 23:58:27,782 - [MASSE] Expanding 11
[INFO] 2026-05-26 23:58:29,250 - [MASSE] Expanding 12
[INFO] 2026-05-26 23:58:30,782 - [MASSE] Expanding 13
[INFO] 2026-05-26 23:58:32,293 - [MASSE] Expanding 14
[INFO] 2026-05-26 23:58:33,543 - [MASSE] Expanding 15
[INFO] 2026-05-26 23:58:34,733 - [MASSE] Expanding 16
[INFO] 2026-05-26 23:58:35,917 - [MASSE] Expanding 17
[INFO] 2026-05-26 23:58:37,143 - [MASSE] Expanding 18
[INFO] 2026-05-26 23:58:38,132 - [MASSE] Expanding 19
[INFO] 2026-05-26 23:58:39,210 - [MASSE] Expanding 20
[INFO] 2026-05-26 23:58:40,291 - [MASSE] Expanding 21
[INFO] 2026-05-26 23:58:41,367 - [MASSE] Expanding 22
[INFO] 2026-05-26 23:58:42,529 - [MASSE] Expanding 23
[INFO] 2026-05-26 23:58:43,569 - [MASSE] Expanding 24
[INFO] 2026-05-26 23:58:44,651 - [MASSE] Expanding 25
[INFO] 2026-05-26 23:58:45,695 - [MASSE] Expanding 26
[INFO] 2026-05-26 23:58:46,627 - [MASSE] Expanding 27
[INFO] 2026-05-26 23:58:47,572 - [MASSE] Expanding 28
[INFO] 2026-05-26 23:58:48,615 - [MASSE] Expanding 29
[INFO] 2026-05-26 23:58:49,558 - [MASSE] Expanding 30
[INFO] 2026-05-26 23:58:50,461 - [MASSE] Expanding 31
[INFO] 2026-05-26 23:58:51,355 - [MASSE] Expanding 32
[INFO] 2026-05-26 23:58:52,284 - [MASSE] Expanding 33
[INFO] 2026-05-26 23:58:53,191 - [MASSE] Expanding 34
[INFO] 2026-05-26 23:58:54,065 - [MASSE] Expanding 35
[INFO] 2026-05-26 23:58:54,833 - [MASSE] Expanding 36
[INFO] 2026-05-26 23:58:55,617 - [MASSE] Expanding 37
[INFO] 2026-05-26 23:58:56,321 - [MASSE] Expanding 38
[INFO] 2026-05-26 23:58:57,053 - [MASSE] Expanding 39
[INFO] 2026-05-26 23:58:57,617 - [MASSE] Expanding 40
[INFO] 2026-05-26 23:58:58,179 - [MASSE] Expanding 41
[INFO] 2026-05-26 23:58:58,749 - [MASSE] Expanding 42
[INFO] 2026-05-26 23:58:59,321 - [MASSE] Expanding 43
[INFO] 2026-05-26 23:58:59,895 - [MASSE] Expanding 44
[INFO] 2026-05-26 23:59:00,458 - [MASSE] Expanding 45
[INFO] 2026-05-26 23:59:01,006 - [MASSE] Expanding 46
[INFO] 2026-05-26 23:59:01,578 - [MASSE] Expanding 47
[INFO] 2026-05-26 23:59:02,131 - [MASSE] Expanding 48
[INFO] 2026-05-26 23:59:02,676 - [MASSE] Expanding 49
[INFO] 2026-05-26 23:59:03,220 - [MASSE] Expanding 50
[INFO] 2026-05-26 23:59:03,762 - [MASSE] Expanding 51
[INFO] 2026-05-26 23:59:04,316 - [MASSE] Expanding 52
[INFO] 2026-05-26 23:59:04,859 - [MASSE] Expanding 53
[INFO] 2026-05-26 23:59:05,410 - [MASSE] Expanding 54
[INFO] 2026-05-26 23:59:05,974 - [MASSE] Expanding 55
[INFO] 2026-05-26 23:59:06,519 - [MASSE] Expanding 56
[INFO] 2026-05-26 23:59:07,068 - [MASSE] Expanding 57
[INFO] 2026-05-26 23:59:07,609 - [MASSE] Expanding 58
[INFO] 2026-05-26 23:59:08,191 - [MASSE] Expanding 59
[INFO] 2026-05-26 23:59:08,741 - [MASSE] Expanding 60
[INFO] 2026-05-26 23:59:09,293 - [MASSE] Expanding 61
[INFO] 2026-05-26 23:59:09,839 - [MASSE] Expanding 62
[INFO] 2026-05-26 23:59:10,385 - [MASSE] Expanding 63
[INFO] 2026-05-26 23:59:10,928 - [MASSE] Expanding 64
[INFO] 2026-05-26 23:59:11,468 - [MASSE] Expanding 65
[INFO] 2026-05-26 23:59:12,003 - [MASSE] Expanding 66
[INFO] 2026-05-26 23:59:12,536 - [MASSE] Expanding 67
[INFO] 2026-05-26 23:59:13,112 - [MASSE] Expanding 68
[INFO] 2026-05-26 23:59:13,667 - [MASSE] Expanding 69
[INFO] 2026-05-26 23:59:14,228 - [MASSE] Expanding 70
[INFO] 2026-05-26 23:59:14,785 - [MASSE] Expanding 71
[INFO] 2026-05-26 23:59:15,346 - [MASSE] Expanding 72
[INFO] 2026-05-26 23:59:15,912 - [MASSE] Expanding 73
[INFO] 2026-05-26 23:59:16,464 - [MASSE] Expanding 74
[INFO] 2026-05-26 23:59:17,028 - [MASSE] Expanding 75
[INFO] 2026-05-26 23:59:17,582 - [MASSE] Expanding 76
[INFO] 2026-05-26 23:59:18,140 - [MASSE] Expanding 77
[INFO] 2026-05-26 23:59:18,696 - [MASSE] Expanding 78
[INFO] 2026-05-26 23:59:19,253 - [MASSE] Expanding 79
[INFO] 2026-05-26 23:59:19,809 - [MASSE] Expanding 80
[INFO] 2026-05-26 23:59:20,364 - [MASSE] Expanding 81
[INFO] 2026-05-26 23:59:20,916 - [MASSE] Expanding 82
[INFO] 2026-05-26 23:59:21,463 - [MASSE] Expanding 83
[INFO] 2026-05-26 23:59:22,024 - [MASSE] Expanding 84
[INFO] 2026-05-26 23:59:22,603 - [MASSE] Expanding 85
[INFO] 2026-05-26 23:59:23,174 - [MASSE] Expanding 86
[INFO] 2026-05-26 23:59:23,720 - [MASSE] Expanding 87
[INFO] 2026-05-26 23:59:24,261 - [MASSE] Expanding 88
[INFO] 2026-05-26 23:59:24,817 - [MASSE] Expanding 89
[INFO] 2026-05-26 23:59:25,368 - [MASSE] Expanding 90
[INFO] 2026-05-26 23:59:25,922 - [MASSE] Expanding 91
[INFO] 2026-05-26 23:59:26,462 - [MASSE] Expanding 92
[INFO] 2026-05-26 23:59:27,012 - [MASSE] Expanding 93
[INFO] 2026-05-26 23:59:27,558 - [MASSE] Expanding 94
[INFO] 2026-05-26 23:59:28,112 - [MASSE] Expanding 95
[INFO] 2026-05-26 23:59:28,671 - [MASSE] Expanding 96
[INFO] 2026-05-26 23:59:29,243 - [MASSE] Expanding 97
[INFO] 2026-05-26 23:59:29,785 - [MASSE] Expanding 98
[INFO] 2026-05-26 23:59:30,341 - [MASSE] Expanding 99
[INFO] 2026-05-26 23:59:30,881 - [MASSE] Expanding 100
[INFO] 2026-05-26 23:59:31,427 - [MASSE] Expanding 101
[INFO] 2026-05-26 23:59:31,979 - [MASSE] Expanding 102
[INFO] 2026-05-26 23:59:32,532 - [MASSE] Expanding 103
[INFO] 2026-05-26 23:59:33,081 - [MASSE] Expanding 104
[INFO] 2026-05-26 23:59:33,636 - [MASSE] Expanding 105
[INFO] 2026-05-26 23:59:34,195 - [MASSE] Expanding 106
[INFO] 2026-05-26 23:59:34,755 - [MASSE] Expanding 107
[INFO] 2026-05-26 23:59:35,319 - [MASSE] Expanding 108
[INFO] 2026-05-26 23:59:35,863 - [MASSE] Expanding 109
[INFO] 2026-05-26 23:59:36,412 - [MASSE] Expanding 110
[INFO] 2026-05-26 23:59:36,973 - [MASSE] Expanding 111
[INFO] 2026-05-26 23:59:37,537 - [MASSE] Expanding 112
[INFO] 2026-05-26 23:59:38,084 - [MASSE] Expanding 113
[INFO] 2026-05-26 23:59:38,627 - [MASSE] Expanding 114
[INFO] 2026-05-26 23:59:39,168 - [MASSE] Expanding 115
[INFO] 2026-05-26 23:59:39,710 - [MASSE] Expanding 116
[INFO] 2026-05-26 23:59:40,256 - [MASSE] Expanding 117
[INFO] 2026-05-26 23:59:40,850 - [MASSE] Expanding 118
[INFO] 2026-05-26 23:59:41,434 - [MASSE] Expanding 119
[INFO] 2026-05-26 23:59:42,008 - [MASSE] Expanding 120
[INFO] 2026-05-26 23:59:42,563 - [MASSE] Expanding 121
[INFO] 2026-05-26 23:59:43,114 - [MASSE] Expanding 122
[INFO] 2026-05-26 23:59:43,672 - [MASSE] Expanding 123
[INFO] 2026-05-26 23:59:44,284 - [MASSE] Expanding 124
[INFO] 2026-05-26 23:59:44,852 - [MASSE] Expanding 125
[INFO] 2026-05-26 23:59:45,411 - [MASSE] Expanding 126
[INFO] 2026-05-26 23:59:45,962 - [MASSE] Expanding 127
[INFO] 2026-05-26 23:59:46,507 - [MASSE] Expanding 128
[INFO] 2026-05-26 23:59:47,058 - [MASSE] Expanding 129
[INFO] 2026-05-26 23:59:47,611 - [MASSE] Expanding 130
[INFO] 2026-05-26 23:59:48,159 - [MASSE] Expanding 131
[INFO] 2026-05-26 23:59:48,707 - [MASSE] Expanding 132
[INFO] 2026-05-26 23:59:49,251 - [MASSE] Expanding 133
[INFO] 2026-05-26 23:59:49,803 - [MASSE] Expanding 134
[INFO] 2026-05-26 23:59:50,384 - [MASSE] Expanding 135
[INFO] 2026-05-26 23:59:50,934 - [MASSE] Expanding 136
[INFO] 2026-05-26 23:59:51,490 - [MASSE] Expanding 137
[INFO] 2026-05-26 23:59:52,037 - [MASSE] Expanding 138
[INFO] 2026-05-26 23:59:52,581 - [MASSE] Expanding 139
[INFO] 2026-05-26 23:59:53,129 - [MASSE] Expanding 140
[INFO] 2026-05-26 23:59:53,677 - [MASSE] Expanding 141
[INFO] 2026-05-26 23:59:54,209 - [MASSE] Expanding 142
[INFO] 2026-05-26 23:59:54,745 - [MASSE] Expanding 143
[INFO] 2026-05-26 23:59:55,291 - [MASSE] Expanding 144
[INFO] 2026-05-26 23:59:55,837 - [MASSE] Expanding 145
[INFO] 2026-05-26 23:59:56,389 - [MASSE] Expanding 146
[INFO] 2026-05-26 23:59:56,940 - [MASSE] Expanding 147
[INFO] 2026-05-26 23:59:57,496 - [MASSE] Expanding 148
[INFO] 2026-05-26 23:59:58,044 - [MASSE] Expanding 149
[INFO] 2026-05-26 23:59:58,597 - [MASSE] Expanding 150
[INFO] 2026-05-26 23:59:59,141 - [MASSE] Expanding 151
[INFO] 2026-05-26 23:59:59,690 - [MASSE] Expanding 152
[INFO] 2026-05-27 00:00:00,245 - [MASSE] Expanding 153
[INFO] 2026-05-27 00:00:00,801 - [MASSE] Expanding 154
[INFO] 2026-05-27 00:00:01,337 - [MASSE] Expanding 155
[INFO] 2026-05-27 00:00:01,874 - [MASSE] Expanding 156
[INFO] 2026-05-27 00:00:02,411 - [MASSE] Expanding 157
[INFO] 2026-05-27 00:00:02,972 - [MASSE] Expanding 158
[INFO] 2026-05-27 00:00:03,522 - [MASSE] Expanding 159
[INFO] 2026-05-27 00:00:04,066 - [MASSE] Expanding 160
[INFO] 2026-05-27 00:00:04,629 - [MASSE] Expanding 161
[INFO] 2026-05-27 00:00:05,182 - [MASSE] Expanding 162
[INFO] 2026-05-27 00:00:05,787 - [MASSE] Expanding 163
[INFO] 2026-05-27 00:00:06,332 - [MASSE] Expanding 164
[INFO] 2026-05-27 00:00:06,874 - [MASSE] Expanding 165
[INFO] 2026-05-27 00:00:07,416 - [MASSE] Expanding 166
[INFO] 2026-05-27 00:00:07,973 - [MASSE] Expanding 167
[INFO] 2026-05-27 00:00:08,517 - [MASSE] Expanding 168
[INFO] 2026-05-27 00:00:09,068 - [MASSE] Expanding 169
[INFO] 2026-05-27 00:00:09,599 - [MASSE] Expanding 170
[INFO] 2026-05-27 00:00:10,146 - [MASSE] Expanding 171
[INFO] 2026-05-27 00:00:10,690 - [MASSE] Expanding 172
[INFO] 2026-05-27 00:00:11,238 - [MASSE] Expanding 173
[INFO] 2026-05-27 00:00:11,784 - [MASSE] Expanding 174
[INFO] 2026-05-27 00:00:12,323 - [MASSE] Expanding 175
[INFO] 2026-05-27 00:00:12,855 - [MASSE] Expanding 176
[INFO] 2026-05-27 00:00:13,398 - [MASSE] Expanding 177
[INFO] 2026-05-27 00:00:13,951 - [MASSE] Expanding 178
[INFO] 2026-05-27 00:00:14,496 - [MASSE] Expanding 179
[INFO] 2026-05-27 00:00:15,046 - [MASSE] Expanding 180
[INFO] 2026-05-27 00:00:15,602 - [MASSE] Expanding 181
[INFO] 2026-05-27 00:00:16,146 - [MASSE] Expanding 182
[INFO] 2026-05-27 00:00:16,689 - [MASSE] Expanding 183
[INFO] 2026-05-27 00:00:17,247 - [MASSE] Expanding 184
[INFO] 2026-05-27 00:00:17,789 - [MASSE] Expanding 185
[INFO] 2026-05-27 00:00:18,330 - [MASSE] Expanding 186
[INFO] 2026-05-27 00:00:18,867 - [MASSE] Expanding 187
[INFO] 2026-05-27 00:00:19,403 - [MASSE] Expanding 188
[INFO] 2026-05-27 00:00:19,941 - [MASSE] Expanding 189
[INFO] 2026-05-27 00:00:20,485 - [MASSE] Expanding 190
[INFO] 2026-05-27 00:00:21,032 - [MASSE] Expanding 191
[INFO] 2026-05-27 00:00:21,583 - [MASSE] Expanding 192
[INFO] 2026-05-27 00:00:22,126 - [MASSE] Expanding 193
[INFO] 2026-05-27 00:00:22,671 - [MASSE] Expanding 194
[INFO] 2026-05-27 00:00:23,210 - [MASSE] Expanding 195
[INFO] 2026-05-27 00:00:23,752 - [MASSE] Expanding 196
[INFO] 2026-05-27 00:00:24,297 - [MASSE] Expanding 197
[INFO] 2026-05-27 00:00:25,553 - [EVAL] Modularity=0.8285
[INFO] 2026-05-27 00:00:25,553 - [EVAL] Surprise=0.0000
[INFO] 2026-05-27 00:00:25,553 - [EVAL] Keyword coherence=0.0000
[INFO] 2026-05-27 00:00:25,553 - [EVAL] Community stats={'num_communities': 198, 'avg_size': 258.67171717171715, 'max_size': 3266, 'min_size': 3}
[INFO] 2026-05-27 00:00:25,569 - [NMI DEBUG] matched_nodes=3628
[INFO] 2026-05-27 00:00:25,575 - [NMI] 0.1799
[INFO] 2026-05-27 00:00:25,582 - [NMI DEBUG] matched_nodes=82
[INFO] 2026-05-27 00:00:25,584 - [NMI] 0.3167
[INFO] 2026-05-27 00:00:25,591 - [NMI DEBUG] matched_nodes=20
[INFO] 2026-05-27 00:00:25,593 - [NMI] 0.7306
[INFO] 2026-05-27 00:00:25,596 - Saved communities...
