[INFO] 2026-05-28 15:21:55,746 - [MATRIX] writes shape=(14376, 14475)
[INFO] 2026-05-28 15:21:55,779 - [MATRIX] be_written shape=(14475, 14376)
[INFO] 2026-05-28 15:21:55,790 - [MATRIX] published_in shape=(14376, 20)
[INFO] 2026-05-28 15:21:55,798 - [MATRIX] publish shape=(20, 14376)
[INFO] 2026-05-28 15:21:55,870 - [MATRIX] has_term shape=(14376, 8920)
[INFO] 2026-05-28 15:21:55,932 - [MATRIX] term_in shape=(8920, 14376)
[INFO] 2026-05-28 15:21:55,997 - 
========== Building A-P-A ==========
[INFO] 2026-05-28 15:21:56,001 - A-P-A matrix shape=(14475, 14475)
[INFO] 2026-05-28 15:21:56,100 - A-P-A nodes=5264 edges=8789 total_weight=51362.0000
[INFO] 2026-05-28 15:21:56,102 - 
========== Building A-P-T-P-A ==========
[INFO] 2026-05-28 15:22:06,473 - A-P-T-P-A matrix shape=(14475, 14475)
[INFO] 2026-05-28 15:22:35,251 - A-P-T-P-A nodes=86 edges=351 total_weight=699532.0000
[INFO] 2026-05-28 15:22:35,251 - 
========== Building A-P-C-P-A ==========
[INFO] 2026-05-28 15:22:37,581 - A-P-C-P-A matrix shape=(14475, 14475)
[INFO] 2026-05-28 15:22:47,194 - A-P-C-P-A nodes=5689 edges=92426 total_weight=6194038.0000
[INFO] 2026-05-28 15:22:47,246 - 
========== MASSE Reliability ==========
[INFO] 2026-05-28 15:22:47,256 - A-P-A reliability=0.100661
[INFO] 2026-05-28 15:22:47,256 - A-P-T-P-A reliability=0.147091
[INFO] 2026-05-28 15:22:47,317 - A-P-C-P-A reliability=0.081947
[INFO] 2026-05-28 15:22:49,197 - [INTERACTION] A-P-A <-> A-P-T-P-A = 0.1637
[INFO] 2026-05-28 15:22:49,202 - [INTERACTION] A-P-A <-> A-P-C-P-A = 0.2303
[INFO] 2026-05-28 15:22:49,205 - [INTERACTION] A-P-T-P-A <-> A-P-A = 0.1637
[INFO] 2026-05-28 15:22:49,207 - [INTERACTION] A-P-T-P-A <-> A-P-C-P-A = 0.1673
[INFO] 2026-05-28 15:22:49,213 - [INTERACTION] A-P-C-P-A <-> A-P-A = 0.2303
[INFO] 2026-05-28 15:22:49,216 - [INTERACTION] A-P-C-P-A <-> A-P-T-P-A = 0.1673
[INFO] 2026-05-28 15:22:50,256 - MASSE consensus nodes=6933 edges=77378
[INFO] 2026-05-28 15:22:51,307 - MASSE communities=99
[INFO] 2026-05-28 15:22:51,526 - [MASSE] Expanding 0
[INFO] 2026-05-28 15:22:58,762 - [MASSE] Expanding 1
[INFO] 2026-05-28 15:23:02,464 - [MASSE] Expanding 2
[INFO] 2026-05-28 15:23:07,360 - [MASSE] Expanding 3
[INFO] 2026-05-28 15:23:10,361 - [MASSE] Expanding 4
[INFO] 2026-05-28 15:23:10,624 - [MASSE] Expanding 5
[INFO] 2026-05-28 15:23:10,890 - [MASSE] Expanding 6
[INFO] 2026-05-28 15:23:11,154 - [MASSE] Expanding 7
[INFO] 2026-05-28 15:23:11,407 - [MASSE] Expanding 8
[INFO] 2026-05-28 15:23:11,659 - [MASSE] Expanding 9
[INFO] 2026-05-28 15:23:11,909 - [MASSE] Expanding 10
[INFO] 2026-05-28 15:23:12,164 - [MASSE] Expanding 11
[INFO] 2026-05-28 15:23:12,430 - [MASSE] Expanding 12
[INFO] 2026-05-28 15:23:12,689 - [MASSE] Expanding 13
[INFO] 2026-05-28 15:23:12,957 - [MASSE] Expanding 14
[INFO] 2026-05-28 15:23:13,205 - [MASSE] Expanding 15
[INFO] 2026-05-28 15:23:13,464 - [MASSE] Expanding 16
[INFO] 2026-05-28 15:23:13,708 - [MASSE] Expanding 17
[INFO] 2026-05-28 15:23:13,958 - [MASSE] Expanding 18
[INFO] 2026-05-28 15:23:14,203 - [MASSE] Expanding 19
[INFO] 2026-05-28 15:23:14,473 - [MASSE] Expanding 20
[INFO] 2026-05-28 15:23:14,738 - [MASSE] Expanding 21
[INFO] 2026-05-28 15:23:15,025 - [MASSE] Expanding 22
[INFO] 2026-05-28 15:23:15,282 - [MASSE] Expanding 23
[INFO] 2026-05-28 15:23:15,530 - [MASSE] Expanding 24
[INFO] 2026-05-28 15:23:15,769 - [MASSE] Expanding 25
[INFO] 2026-05-28 15:23:16,019 - [MASSE] Expanding 26
[INFO] 2026-05-28 15:23:16,263 - [MASSE] Expanding 27
[INFO] 2026-05-28 15:23:16,495 - [MASSE] Expanding 28
[INFO] 2026-05-28 15:23:16,745 - [MASSE] Expanding 29
[INFO] 2026-05-28 15:23:16,998 - [MASSE] Expanding 30
[INFO] 2026-05-28 15:23:17,260 - [MASSE] Expanding 31
[INFO] 2026-05-28 15:23:17,502 - [MASSE] Expanding 32
[INFO] 2026-05-28 15:23:17,754 - [MASSE] Expanding 33
[INFO] 2026-05-28 15:23:17,993 - [MASSE] Expanding 34
[INFO] 2026-05-28 15:23:18,235 - [MASSE] Expanding 35
[INFO] 2026-05-28 15:23:18,471 - [MASSE] Expanding 36
[INFO] 2026-05-28 15:23:18,714 - [MASSE] Expanding 37
[INFO] 2026-05-28 15:23:18,970 - [MASSE] Expanding 38
[INFO] 2026-05-28 15:23:19,221 - [MASSE] Expanding 39
[INFO] 2026-05-28 15:23:19,469 - [MASSE] Expanding 40
[INFO] 2026-05-28 15:23:19,700 - [MASSE] Expanding 41
[INFO] 2026-05-28 15:23:19,936 - [MASSE] Expanding 42
[INFO] 2026-05-28 15:23:20,174 - [MASSE] Expanding 43
[INFO] 2026-05-28 15:23:20,415 - [MASSE] Expanding 44
[INFO] 2026-05-28 15:23:20,647 - [MASSE] Expanding 45
[INFO] 2026-05-28 15:23:20,879 - [MASSE] Expanding 46
[INFO] 2026-05-28 15:23:21,111 - [MASSE] Expanding 47
[INFO] 2026-05-28 15:23:21,355 - [MASSE] Expanding 48
[INFO] 2026-05-28 15:23:21,616 - [MASSE] Expanding 49
[INFO] 2026-05-28 15:23:21,856 - [MASSE] Expanding 50
[INFO] 2026-05-28 15:23:22,094 - [MASSE] Expanding 51
[INFO] 2026-05-28 15:23:22,338 - [MASSE] Expanding 52
[INFO] 2026-05-28 15:23:22,588 - [MASSE] Expanding 53
[INFO] 2026-05-28 15:23:22,829 - [MASSE] Expanding 54
[INFO] 2026-05-28 15:23:23,070 - [MASSE] Expanding 55
[INFO] 2026-05-28 15:23:23,319 - [MASSE] Expanding 56
[INFO] 2026-05-28 15:23:23,575 - [MASSE] Expanding 57
[INFO] 2026-05-28 15:23:23,814 - [MASSE] Expanding 58
[INFO] 2026-05-28 15:23:24,055 - [MASSE] Expanding 59
[INFO] 2026-05-28 15:23:24,299 - [MASSE] Expanding 60
[INFO] 2026-05-28 15:23:24,538 - [MASSE] Expanding 61
[INFO] 2026-05-28 15:23:24,769 - [MASSE] Expanding 62
[INFO] 2026-05-28 15:23:25,004 - [MASSE] Expanding 63
[INFO] 2026-05-28 15:23:25,246 - [MASSE] Expanding 64
[INFO] 2026-05-28 15:23:25,486 - [MASSE] Expanding 65
[INFO] 2026-05-28 15:23:25,712 - [MASSE] Expanding 66
[INFO] 2026-05-28 15:23:25,956 - [MASSE] Expanding 67
[INFO] 2026-05-28 15:23:26,208 - [MASSE] Expanding 68
[INFO] 2026-05-28 15:23:26,448 - [MASSE] Expanding 69
[INFO] 2026-05-28 15:23:26,681 - [MASSE] Expanding 70
[INFO] 2026-05-28 15:23:26,921 - [MASSE] Expanding 71
[INFO] 2026-05-28 15:23:27,163 - [MASSE] Expanding 72
[INFO] 2026-05-28 15:23:27,417 - [MASSE] Expanding 73
[INFO] 2026-05-28 15:23:27,668 - [MASSE] Expanding 74
[INFO] 2026-05-28 15:23:27,919 - [MASSE] Expanding 75
[INFO] 2026-05-28 15:23:28,172 - [MASSE] Expanding 76
[INFO] 2026-05-28 15:23:28,423 - [MASSE] Expanding 77
[INFO] 2026-05-28 15:23:28,697 - [MASSE] Expanding 78
[INFO] 2026-05-28 15:23:28,945 - [MASSE] Expanding 79
[INFO] 2026-05-28 15:23:29,200 - [MASSE] Expanding 80
[INFO] 2026-05-28 15:23:29,449 - [MASSE] Expanding 81
[INFO] 2026-05-28 15:23:29,709 - [MASSE] Expanding 82
[INFO] 2026-05-28 15:23:29,981 - [MASSE] Expanding 83
[INFO] 2026-05-28 15:23:30,250 - [MASSE] Expanding 84
[INFO] 2026-05-28 15:23:30,497 - [MASSE] Expanding 85
[INFO] 2026-05-28 15:23:30,740 - [MASSE] Expanding 86
[INFO] 2026-05-28 15:23:30,974 - [MASSE] Expanding 87
[INFO] 2026-05-28 15:23:31,211 - [MASSE] Expanding 88
[INFO] 2026-05-28 15:23:31,448 - [MASSE] Expanding 89
[INFO] 2026-05-28 15:23:31,684 - [MASSE] Expanding 90
[INFO] 2026-05-28 15:23:31,923 - [MASSE] Expanding 91
[INFO] 2026-05-28 15:23:32,164 - [MASSE] Expanding 92
[INFO] 2026-05-28 15:23:32,412 - [MASSE] Expanding 93
[INFO] 2026-05-28 15:23:32,647 - [MASSE] Expanding 94
[INFO] 2026-05-28 15:23:32,883 - [MASSE] Expanding 95
[INFO] 2026-05-28 15:23:33,129 - [MASSE] Expanding 96
[INFO] 2026-05-28 15:23:33,364 - [MASSE] Expanding 97
[INFO] 2026-05-28 15:23:33,598 - [MASSE] Expanding 98
[INFO] 2026-05-28 15:23:34,222 - [EVAL] Modularity=0.5908
[INFO] 2026-05-28 15:23:34,222 - [EVAL] Surprise=0.0000
[INFO] 2026-05-28 15:23:34,222 - [EVAL] Keyword coherence=0.0000
[INFO] 2026-05-28 15:23:34,222 - [EVAL] Community stats={'num_communities': 99, 'avg_size': 387.3939393939394, 'max_size': 12551, 'min_size': 4}
[INFO] 2026-05-28 15:23:34,232 - [NMI DEBUG] matched_nodes=3080
[INFO] 2026-05-28 15:23:34,235 - [NMI] 0.6009
[INFO] 2026-05-28 15:23:34,241 - [NMI DEBUG] matched_nodes=64
[INFO] 2026-05-28 15:23:34,243 - [NMI] 0.4761
[INFO] 2026-05-28 15:23:34,248 - [NMI DEBUG] matched_nodes=20
[INFO] 2026-05-28 15:23:34,250 - [NMI] 0.3723
[INFO] 2026-05-28 15:23:34,251 - Saved communities...
