[INFO] 2026-05-28 15:15:23,659 - [MATRIX] writes shape=(14376, 14475)
[INFO] 2026-05-28 15:15:23,702 - [MATRIX] be_written shape=(14475, 14376)
[INFO] 2026-05-28 15:15:23,717 - [MATRIX] published_in shape=(14376, 20)
[INFO] 2026-05-28 15:15:23,732 - [MATRIX] publish shape=(20, 14376)
[INFO] 2026-05-28 15:15:23,851 - [MATRIX] has_term shape=(14376, 8920)
[INFO] 2026-05-28 15:15:23,977 - [MATRIX] term_in shape=(8920, 14376)
[INFO] 2026-05-28 15:15:24,091 - 
========== Building A-P-A ==========
[INFO] 2026-05-28 15:15:24,098 - A-P-A matrix shape=(14475, 14475)
[INFO] 2026-05-28 15:15:24,262 - A-P-A nodes=5264 edges=8789 total_weight=51362.0000
[INFO] 2026-05-28 15:15:24,264 - 
========== Building A-P-T-P-A ==========
[INFO] 2026-05-28 15:15:34,198 - A-P-T-P-A matrix shape=(14475, 14475)
[INFO] 2026-05-28 15:16:00,095 - A-P-T-P-A nodes=86 edges=351 total_weight=699532.0000
[INFO] 2026-05-28 15:16:00,096 - 
========== Building A-P-C-P-A ==========
[INFO] 2026-05-28 15:16:02,449 - A-P-C-P-A matrix shape=(14475, 14475)
[INFO] 2026-05-28 15:16:11,943 - A-P-C-P-A nodes=5689 edges=92426 total_weight=6194038.0000
[INFO] 2026-05-28 15:16:11,999 - 
========== MASSE Reliability ==========
[INFO] 2026-05-28 15:16:12,009 - A-P-A reliability=0.100661
[INFO] 2026-05-28 15:16:12,009 - A-P-T-P-A reliability=0.147091
[INFO] 2026-05-28 15:16:12,069 - A-P-C-P-A reliability=0.081947
[INFO] 2026-05-28 15:16:14,101 - [INTERACTION] A-P-A <-> A-P-T-P-A = 0.1930
[INFO] 2026-05-28 15:16:14,107 - [INTERACTION] A-P-A <-> A-P-C-P-A = 0.2221
[INFO] 2026-05-28 15:16:14,109 - [INTERACTION] A-P-T-P-A <-> A-P-A = 0.1930
[INFO] 2026-05-28 15:16:14,112 - [INTERACTION] A-P-T-P-A <-> A-P-C-P-A = 0.0517
[INFO] 2026-05-28 15:16:14,117 - [INTERACTION] A-P-C-P-A <-> A-P-A = 0.2221
[INFO] 2026-05-28 15:16:14,120 - [INTERACTION] A-P-C-P-A <-> A-P-T-P-A = 0.0517
[INFO] 2026-05-28 15:16:15,240 - MASSE consensus nodes=6933 edges=78819
[INFO] 2026-05-28 15:16:16,518 - MASSE communities=109
[INFO] 2026-05-28 15:16:16,752 - [MASSE] Expanding 0
[INFO] 2026-05-28 15:16:24,030 - [MASSE] Expanding 1
[INFO] 2026-05-28 15:16:27,847 - [MASSE] Expanding 2
[INFO] 2026-05-28 15:16:32,905 - [MASSE] Expanding 3
[INFO] 2026-05-28 15:16:36,154 - [MASSE] Expanding 4
[INFO] 2026-05-28 15:16:36,438 - [MASSE] Expanding 5
[INFO] 2026-05-28 15:16:36,695 - [MASSE] Expanding 6
[INFO] 2026-05-28 15:16:36,954 - [MASSE] Expanding 7
[INFO] 2026-05-28 15:16:37,216 - [MASSE] Expanding 8
[INFO] 2026-05-28 15:16:37,474 - [MASSE] Expanding 9
[INFO] 2026-05-28 15:16:37,752 - [MASSE] Expanding 10
[INFO] 2026-05-28 15:16:38,015 - [MASSE] Expanding 11
[INFO] 2026-05-28 15:16:38,276 - [MASSE] Expanding 12
[INFO] 2026-05-28 15:16:38,529 - [MASSE] Expanding 13
[INFO] 2026-05-28 15:16:38,797 - [MASSE] Expanding 14
[INFO] 2026-05-28 15:16:39,054 - [MASSE] Expanding 15
[INFO] 2026-05-28 15:16:39,328 - [MASSE] Expanding 16
[INFO] 2026-05-28 15:16:39,595 - [MASSE] Expanding 17
[INFO] 2026-05-28 15:16:39,889 - [MASSE] Expanding 18
[INFO] 2026-05-28 15:16:40,173 - [MASSE] Expanding 19
[INFO] 2026-05-28 15:16:40,441 - [MASSE] Expanding 20
[INFO] 2026-05-28 15:16:40,709 - [MASSE] Expanding 21
[INFO] 2026-05-28 15:16:40,986 - [MASSE] Expanding 22
[INFO] 2026-05-28 15:16:41,243 - [MASSE] Expanding 23
[INFO] 2026-05-28 15:16:41,494 - [MASSE] Expanding 24
[INFO] 2026-05-28 15:16:41,752 - [MASSE] Expanding 25
[INFO] 2026-05-28 15:16:42,020 - [MASSE] Expanding 26
[INFO] 2026-05-28 15:16:42,288 - [MASSE] Expanding 27
[INFO] 2026-05-28 15:16:42,552 - [MASSE] Expanding 28
[INFO] 2026-05-28 15:16:42,809 - [MASSE] Expanding 29
[INFO] 2026-05-28 15:16:43,058 - [MASSE] Expanding 30
[INFO] 2026-05-28 15:16:43,322 - [MASSE] Expanding 31
[INFO] 2026-05-28 15:16:43,583 - [MASSE] Expanding 32
[INFO] 2026-05-28 15:16:43,840 - [MASSE] Expanding 33
[INFO] 2026-05-28 15:16:44,114 - [MASSE] Expanding 34
[INFO] 2026-05-28 15:16:44,383 - [MASSE] Expanding 35
[INFO] 2026-05-28 15:16:44,648 - [MASSE] Expanding 36
[INFO] 2026-05-28 15:16:44,919 - [MASSE] Expanding 37
[INFO] 2026-05-28 15:16:45,182 - [MASSE] Expanding 38
[INFO] 2026-05-28 15:16:45,438 - [MASSE] Expanding 39
[INFO] 2026-05-28 15:16:45,693 - [MASSE] Expanding 40
[INFO] 2026-05-28 15:16:45,960 - [MASSE] Expanding 41
[INFO] 2026-05-28 15:16:46,225 - [MASSE] Expanding 42
[INFO] 2026-05-28 15:16:46,487 - [MASSE] Expanding 43
[INFO] 2026-05-28 15:16:46,742 - [MASSE] Expanding 44
[INFO] 2026-05-28 15:16:46,997 - [MASSE] Expanding 45
[INFO] 2026-05-28 15:16:47,252 - [MASSE] Expanding 46
[INFO] 2026-05-28 15:16:47,512 - [MASSE] Expanding 47
[INFO] 2026-05-28 15:16:47,781 - [MASSE] Expanding 48
[INFO] 2026-05-28 15:16:48,032 - [MASSE] Expanding 49
[INFO] 2026-05-28 15:16:48,280 - [MASSE] Expanding 50
[INFO] 2026-05-28 15:16:48,535 - [MASSE] Expanding 51
[INFO] 2026-05-28 15:16:48,786 - [MASSE] Expanding 52
[INFO] 2026-05-28 15:16:49,024 - [MASSE] Expanding 53
[INFO] 2026-05-28 15:16:49,285 - [MASSE] Expanding 54
[INFO] 2026-05-28 15:16:49,539 - [MASSE] Expanding 55
[INFO] 2026-05-28 15:16:49,787 - [MASSE] Expanding 56
[INFO] 2026-05-28 15:16:50,042 - [MASSE] Expanding 57
[INFO] 2026-05-28 15:16:50,287 - [MASSE] Expanding 58
[INFO] 2026-05-28 15:16:50,541 - [MASSE] Expanding 59
[INFO] 2026-05-28 15:16:50,803 - [MASSE] Expanding 60
[INFO] 2026-05-28 15:16:51,058 - [MASSE] Expanding 61
[INFO] 2026-05-28 15:16:51,314 - [MASSE] Expanding 62
[INFO] 2026-05-28 15:16:51,569 - [MASSE] Expanding 63
[INFO] 2026-05-28 15:16:51,822 - [MASSE] Expanding 64
[INFO] 2026-05-28 15:16:52,064 - [MASSE] Expanding 65
[INFO] 2026-05-28 15:16:52,320 - [MASSE] Expanding 66
[INFO] 2026-05-28 15:16:52,582 - [MASSE] Expanding 67
[INFO] 2026-05-28 15:16:52,904 - [MASSE] Expanding 68
[INFO] 2026-05-28 15:16:53,170 - [MASSE] Expanding 69
[INFO] 2026-05-28 15:16:53,432 - [MASSE] Expanding 70
[INFO] 2026-05-28 15:16:53,684 - [MASSE] Expanding 71
[INFO] 2026-05-28 15:16:53,939 - [MASSE] Expanding 72
[INFO] 2026-05-28 15:16:54,195 - [MASSE] Expanding 73
[INFO] 2026-05-28 15:16:54,454 - [MASSE] Expanding 74
[INFO] 2026-05-28 15:16:54,724 - [MASSE] Expanding 75
[INFO] 2026-05-28 15:16:54,991 - [MASSE] Expanding 76
[INFO] 2026-05-28 15:16:55,253 - [MASSE] Expanding 77
[INFO] 2026-05-28 15:16:55,512 - [MASSE] Expanding 78
[INFO] 2026-05-28 15:16:55,770 - [MASSE] Expanding 79
[INFO] 2026-05-28 15:16:56,043 - [MASSE] Expanding 80
[INFO] 2026-05-28 15:16:56,310 - [MASSE] Expanding 81
[INFO] 2026-05-28 15:16:56,561 - [MASSE] Expanding 82
[INFO] 2026-05-28 15:16:56,811 - [MASSE] Expanding 83
[INFO] 2026-05-28 15:16:57,067 - [MASSE] Expanding 84
[INFO] 2026-05-28 15:16:57,339 - [MASSE] Expanding 85
[INFO] 2026-05-28 15:16:57,612 - [MASSE] Expanding 86
[INFO] 2026-05-28 15:16:57,889 - [MASSE] Expanding 87
[INFO] 2026-05-28 15:16:58,164 - [MASSE] Expanding 88
[INFO] 2026-05-28 15:16:58,427 - [MASSE] Expanding 89
[INFO] 2026-05-28 15:16:58,693 - [MASSE] Expanding 90
[INFO] 2026-05-28 15:16:58,939 - [MASSE] Expanding 91
[INFO] 2026-05-28 15:16:59,205 - [MASSE] Expanding 92
[INFO] 2026-05-28 15:16:59,482 - [MASSE] Expanding 93
[INFO] 2026-05-28 15:16:59,742 - [MASSE] Expanding 94
[INFO] 2026-05-28 15:17:00,005 - [MASSE] Expanding 95
[INFO] 2026-05-28 15:17:00,275 - [MASSE] Expanding 96
[INFO] 2026-05-28 15:17:00,527 - [MASSE] Expanding 97
[INFO] 2026-05-28 15:17:00,789 - [MASSE] Expanding 98
[INFO] 2026-05-28 15:17:01,059 - [MASSE] Expanding 99
[INFO] 2026-05-28 15:17:01,319 - [MASSE] Expanding 100
[INFO] 2026-05-28 15:17:01,579 - [MASSE] Expanding 101
[INFO] 2026-05-28 15:17:01,845 - [MASSE] Expanding 102
[INFO] 2026-05-28 15:17:02,117 - [MASSE] Expanding 103
[INFO] 2026-05-28 15:17:02,372 - [MASSE] Expanding 104
[INFO] 2026-05-28 15:17:02,619 - [MASSE] Expanding 105
[INFO] 2026-05-28 15:17:02,879 - [MASSE] Expanding 106
[INFO] 2026-05-28 15:17:03,131 - [MASSE] Expanding 107
[INFO] 2026-05-28 15:17:03,381 - [MASSE] Expanding 108
[INFO] 2026-05-28 15:17:04,055 - [EVAL] Modularity=0.5677
[INFO] 2026-05-28 15:17:04,055 - [EVAL] Surprise=0.0000
[INFO] 2026-05-28 15:17:04,055 - [EVAL] Keyword coherence=0.0000
[INFO] 2026-05-28 15:17:04,055 - [EVAL] Community stats={'num_communities': 109, 'avg_size': 351.1284403669725, 'max_size': 12317, 'min_size': 4}
[INFO] 2026-05-28 15:17:04,066 - [NMI DEBUG] matched_nodes=3080
[INFO] 2026-05-28 15:17:04,069 - [NMI] 0.6076
[INFO] 2026-05-28 15:17:04,075 - [NMI DEBUG] matched_nodes=64
[INFO] 2026-05-28 15:17:04,077 - [NMI] 0.4761
[INFO] 2026-05-28 15:17:04,082 - [NMI DEBUG] matched_nodes=20
[INFO] 2026-05-28 15:17:04,083 - [NMI] 0.3723
[INFO] 2026-05-28 15:17:04,084 - Saved communities...
