[INFO] 2026-05-28 15:08:15,033 - [MATRIX] writes shape=(14376, 14475)
[INFO] 2026-05-28 15:08:15,058 - [MATRIX] be_written shape=(14475, 14376)
[INFO] 2026-05-28 15:08:15,067 - [MATRIX] published_in shape=(14376, 20)
[INFO] 2026-05-28 15:08:15,076 - [MATRIX] publish shape=(20, 14376)
[INFO] 2026-05-28 15:08:15,154 - [MATRIX] has_term shape=(14376, 8920)
[INFO] 2026-05-28 15:08:15,223 - [MATRIX] term_in shape=(8920, 14376)
[INFO] 2026-05-28 15:08:15,284 - 
========== Building A-P-A ==========
[INFO] 2026-05-28 15:08:15,288 - A-P-A matrix shape=(14475, 14475)
[INFO] 2026-05-28 15:08:15,394 - A-P-A nodes=5264 edges=8789 total_weight=51362.0000
[INFO] 2026-05-28 15:08:15,396 - 
========== Building A-P-T-P-A ==========
[INFO] 2026-05-28 15:08:26,241 - A-P-T-P-A matrix shape=(14475, 14475)
[INFO] 2026-05-28 15:08:53,383 - A-P-T-P-A nodes=86 edges=351 total_weight=699532.0000
[INFO] 2026-05-28 15:08:53,383 - 
========== Building A-P-C-P-A ==========
[INFO] 2026-05-28 15:08:55,874 - A-P-C-P-A matrix shape=(14475, 14475)
[INFO] 2026-05-28 15:09:05,735 - A-P-C-P-A nodes=5689 edges=92426 total_weight=6194038.0000
[INFO] 2026-05-28 15:09:05,791 - 
========== MASSE Reliability ==========
[INFO] 2026-05-28 15:09:05,801 - A-P-A reliability=0.100661
[INFO] 2026-05-28 15:09:05,801 - A-P-T-P-A reliability=0.147091
[INFO] 2026-05-28 15:09:05,868 - A-P-C-P-A reliability=0.081947
[INFO] 2026-05-28 15:09:07,721 - [INTERACTION] A-P-A <-> A-P-T-P-A = 0.2135
[INFO] 2026-05-28 15:09:07,727 - [INTERACTION] A-P-A <-> A-P-C-P-A = 0.2211
[INFO] 2026-05-28 15:09:07,730 - [INTERACTION] A-P-T-P-A <-> A-P-A = 0.2135
[INFO] 2026-05-28 15:09:07,732 - [INTERACTION] A-P-T-P-A <-> A-P-C-P-A = 0.0403
[INFO] 2026-05-28 15:09:07,738 - [INTERACTION] A-P-C-P-A <-> A-P-A = 0.2211
[INFO] 2026-05-28 15:09:07,740 - [INTERACTION] A-P-C-P-A <-> A-P-T-P-A = 0.0403
[INFO] 2026-05-28 15:09:08,879 - MASSE consensus nodes=6933 edges=78467
[INFO] 2026-05-28 15:09:10,376 - MASSE communities=102
[INFO] 2026-05-28 15:09:10,620 - [MASSE] Expanding 0
[INFO] 2026-05-28 15:09:18,731 - [MASSE] Expanding 1
[INFO] 2026-05-28 15:09:22,592 - [MASSE] Expanding 2
[INFO] 2026-05-28 15:09:27,816 - [MASSE] Expanding 3
[INFO] 2026-05-28 15:09:30,988 - [MASSE] Expanding 4
[INFO] 2026-05-28 15:09:31,257 - [MASSE] Expanding 5
[INFO] 2026-05-28 15:09:31,529 - [MASSE] Expanding 6
[INFO] 2026-05-28 15:09:31,796 - [MASSE] Expanding 7
[INFO] 2026-05-28 15:09:32,065 - [MASSE] Expanding 8
[INFO] 2026-05-28 15:09:32,343 - [MASSE] Expanding 9
[INFO] 2026-05-28 15:09:32,622 - [MASSE] Expanding 10
[INFO] 2026-05-28 15:09:32,886 - [MASSE] Expanding 11
[INFO] 2026-05-28 15:09:33,170 - [MASSE] Expanding 12
[INFO] 2026-05-28 15:09:33,449 - [MASSE] Expanding 13
[INFO] 2026-05-28 15:09:33,720 - [MASSE] Expanding 14
[INFO] 2026-05-28 15:09:33,990 - [MASSE] Expanding 15
[INFO] 2026-05-28 15:09:34,253 - [MASSE] Expanding 16
[INFO] 2026-05-28 15:09:34,529 - [MASSE] Expanding 17
[INFO] 2026-05-28 15:09:34,801 - [MASSE] Expanding 18
[INFO] 2026-05-28 15:09:35,059 - [MASSE] Expanding 19
[INFO] 2026-05-28 15:09:35,318 - [MASSE] Expanding 20
[INFO] 2026-05-28 15:09:35,572 - [MASSE] Expanding 21
[INFO] 2026-05-28 15:09:35,834 - [MASSE] Expanding 22
[INFO] 2026-05-28 15:09:36,100 - [MASSE] Expanding 23
[INFO] 2026-05-28 15:09:36,362 - [MASSE] Expanding 24
[INFO] 2026-05-28 15:09:36,696 - [MASSE] Expanding 25
[INFO] 2026-05-28 15:09:36,972 - [MASSE] Expanding 26
[INFO] 2026-05-28 15:09:37,237 - [MASSE] Expanding 27
[INFO] 2026-05-28 15:09:37,497 - [MASSE] Expanding 28
[INFO] 2026-05-28 15:09:37,754 - [MASSE] Expanding 29
[INFO] 2026-05-28 15:09:38,028 - [MASSE] Expanding 30
[INFO] 2026-05-28 15:09:38,301 - [MASSE] Expanding 31
[INFO] 2026-05-28 15:09:38,571 - [MASSE] Expanding 32
[INFO] 2026-05-28 15:09:38,852 - [MASSE] Expanding 33
[INFO] 2026-05-28 15:09:39,145 - [MASSE] Expanding 34
[INFO] 2026-05-28 15:09:39,425 - [MASSE] Expanding 35
[INFO] 2026-05-28 15:09:39,696 - [MASSE] Expanding 36
[INFO] 2026-05-28 15:09:39,981 - [MASSE] Expanding 37
[INFO] 2026-05-28 15:09:40,266 - [MASSE] Expanding 38
[INFO] 2026-05-28 15:09:40,546 - [MASSE] Expanding 39
[INFO] 2026-05-28 15:09:40,832 - [MASSE] Expanding 40
[INFO] 2026-05-28 15:09:41,125 - [MASSE] Expanding 41
[INFO] 2026-05-28 15:09:41,395 - [MASSE] Expanding 42
[INFO] 2026-05-28 15:09:41,665 - [MASSE] Expanding 43
[INFO] 2026-05-28 15:09:41,933 - [MASSE] Expanding 44
[INFO] 2026-05-28 15:09:42,216 - [MASSE] Expanding 45
[INFO] 2026-05-28 15:09:42,489 - [MASSE] Expanding 46
[INFO] 2026-05-28 15:09:42,753 - [MASSE] Expanding 47
[INFO] 2026-05-28 15:09:43,019 - [MASSE] Expanding 48
[INFO] 2026-05-28 15:09:43,285 - [MASSE] Expanding 49
[INFO] 2026-05-28 15:09:43,542 - [MASSE] Expanding 50
[INFO] 2026-05-28 15:09:43,802 - [MASSE] Expanding 51
[INFO] 2026-05-28 15:09:44,061 - [MASSE] Expanding 52
[INFO] 2026-05-28 15:09:44,319 - [MASSE] Expanding 53
[INFO] 2026-05-28 15:09:44,576 - [MASSE] Expanding 54
[INFO] 2026-05-28 15:09:44,837 - [MASSE] Expanding 55
[INFO] 2026-05-28 15:09:45,096 - [MASSE] Expanding 56
[INFO] 2026-05-28 15:09:45,371 - [MASSE] Expanding 57
[INFO] 2026-05-28 15:09:45,639 - [MASSE] Expanding 58
[INFO] 2026-05-28 15:09:45,905 - [MASSE] Expanding 59
[INFO] 2026-05-28 15:09:46,172 - [MASSE] Expanding 60
[INFO] 2026-05-28 15:09:46,431 - [MASSE] Expanding 61
[INFO] 2026-05-28 15:09:46,692 - [MASSE] Expanding 62
[INFO] 2026-05-28 15:09:46,953 - [MASSE] Expanding 63
[INFO] 2026-05-28 15:09:47,221 - [MASSE] Expanding 64
[INFO] 2026-05-28 15:09:47,524 - [MASSE] Expanding 65
[INFO] 2026-05-28 15:09:47,793 - [MASSE] Expanding 66
[INFO] 2026-05-28 15:09:48,052 - [MASSE] Expanding 67
[INFO] 2026-05-28 15:09:48,314 - [MASSE] Expanding 68
[INFO] 2026-05-28 15:09:48,575 - [MASSE] Expanding 69
[INFO] 2026-05-28 15:09:48,835 - [MASSE] Expanding 70
[INFO] 2026-05-28 15:09:49,093 - [MASSE] Expanding 71
[INFO] 2026-05-28 15:09:49,359 - [MASSE] Expanding 72
[INFO] 2026-05-28 15:09:49,624 - [MASSE] Expanding 73
[INFO] 2026-05-28 15:09:49,891 - [MASSE] Expanding 74
[INFO] 2026-05-28 15:09:50,147 - [MASSE] Expanding 75
[INFO] 2026-05-28 15:09:50,418 - [MASSE] Expanding 76
[INFO] 2026-05-28 15:09:50,686 - [MASSE] Expanding 77
[INFO] 2026-05-28 15:09:50,957 - [MASSE] Expanding 78
[INFO] 2026-05-28 15:09:51,228 - [MASSE] Expanding 79
[INFO] 2026-05-28 15:09:51,492 - [MASSE] Expanding 80
[INFO] 2026-05-28 15:09:51,759 - [MASSE] Expanding 81
[INFO] 2026-05-28 15:09:52,032 - [MASSE] Expanding 82
[INFO] 2026-05-28 15:09:52,297 - [MASSE] Expanding 83
[INFO] 2026-05-28 15:09:52,560 - [MASSE] Expanding 84
[INFO] 2026-05-28 15:09:52,822 - [MASSE] Expanding 85
[INFO] 2026-05-28 15:09:53,075 - [MASSE] Expanding 86
[INFO] 2026-05-28 15:09:53,331 - [MASSE] Expanding 87
[INFO] 2026-05-28 15:09:53,592 - [MASSE] Expanding 88
[INFO] 2026-05-28 15:09:53,857 - [MASSE] Expanding 89
[INFO] 2026-05-28 15:09:54,129 - [MASSE] Expanding 90
[INFO] 2026-05-28 15:09:54,391 - [MASSE] Expanding 91
[INFO] 2026-05-28 15:09:54,653 - [MASSE] Expanding 92
[INFO] 2026-05-28 15:09:54,913 - [MASSE] Expanding 93
[INFO] 2026-05-28 15:09:55,171 - [MASSE] Expanding 94
[INFO] 2026-05-28 15:09:55,437 - [MASSE] Expanding 95
[INFO] 2026-05-28 15:09:55,694 - [MASSE] Expanding 96
[INFO] 2026-05-28 15:09:55,959 - [MASSE] Expanding 97
[INFO] 2026-05-28 15:09:56,234 - [MASSE] Expanding 98
[INFO] 2026-05-28 15:09:56,510 - [MASSE] Expanding 99
[INFO] 2026-05-28 15:09:56,778 - [MASSE] Expanding 100
[INFO] 2026-05-28 15:09:57,046 - [MASSE] Expanding 101
[INFO] 2026-05-28 15:09:57,736 - [EVAL] Modularity=0.6068
[INFO] 2026-05-28 15:09:57,736 - [EVAL] Surprise=0.0000
[INFO] 2026-05-28 15:09:57,736 - [EVAL] Keyword coherence=0.0000
[INFO] 2026-05-28 15:09:57,736 - [EVAL] Community stats={'num_communities': 102, 'avg_size': 375.54901960784315, 'max_size': 12863, 'min_size': 4}
[INFO] 2026-05-28 15:09:57,748 - [NMI DEBUG] matched_nodes=3080
[INFO] 2026-05-28 15:09:57,752 - [NMI] 0.6028
[INFO] 2026-05-28 15:09:57,758 - [NMI DEBUG] matched_nodes=64
[INFO] 2026-05-28 15:09:57,759 - [NMI] 0.4761
[INFO] 2026-05-28 15:09:57,764 - [NMI DEBUG] matched_nodes=20
[INFO] 2026-05-28 15:09:57,765 - [NMI] 0.3723
[INFO] 2026-05-28 15:09:57,766 - Saved communities...
