[INFO] 2026-05-28 15:45:26,281 - [MATRIX] writes shape=(14376, 14475)
[INFO] 2026-05-28 15:45:26,314 - [MATRIX] be_written shape=(14475, 14376)
[INFO] 2026-05-28 15:45:26,325 - [MATRIX] published_in shape=(14376, 20)
[INFO] 2026-05-28 15:45:26,335 - [MATRIX] publish shape=(20, 14376)
[INFO] 2026-05-28 15:45:26,422 - [MATRIX] has_term shape=(14376, 8920)
[INFO] 2026-05-28 15:45:26,506 - [MATRIX] term_in shape=(8920, 14376)
[INFO] 2026-05-28 15:45:26,568 - 
========== Building A-P-A ==========
[INFO] 2026-05-28 15:45:26,572 - A-P-A matrix shape=(14475, 14475)
[INFO] 2026-05-28 15:45:26,666 - A-P-A nodes=5264 edges=8789 total_weight=51362.0000
[INFO] 2026-05-28 15:45:26,667 - 
========== Building A-P-T-P-A ==========
[INFO] 2026-05-28 15:45:36,757 - A-P-T-P-A matrix shape=(14475, 14475)
[INFO] 2026-05-28 15:46:03,530 - A-P-T-P-A nodes=86 edges=351 total_weight=699532.0000
[INFO] 2026-05-28 15:46:03,531 - 
========== Building A-P-C-P-A ==========
[INFO] 2026-05-28 15:46:05,779 - A-P-C-P-A matrix shape=(14475, 14475)
[INFO] 2026-05-28 15:46:14,773 - A-P-C-P-A nodes=5689 edges=92426 total_weight=6194038.0000
[INFO] 2026-05-28 15:46:14,825 - 
========== MASSE Reliability ==========
[INFO] 2026-05-28 15:46:14,835 - A-P-A reliability=0.100661
[INFO] 2026-05-28 15:46:14,835 - A-P-T-P-A reliability=0.147091
[INFO] 2026-05-28 15:46:14,896 - A-P-C-P-A reliability=0.081947
[INFO] 2026-05-28 15:46:16,530 - [INTERACTION] A-P-A <-> A-P-T-P-A = 0.2239
[INFO] 2026-05-28 15:46:16,536 - [INTERACTION] A-P-A <-> A-P-C-P-A = 0.2262
[INFO] 2026-05-28 15:46:16,538 - [INTERACTION] A-P-T-P-A <-> A-P-A = 0.2239
[INFO] 2026-05-28 15:46:16,541 - [INTERACTION] A-P-T-P-A <-> A-P-C-P-A = 0.0353
[INFO] 2026-05-28 15:46:16,546 - [INTERACTION] A-P-C-P-A <-> A-P-A = 0.2262
[INFO] 2026-05-28 15:46:16,548 - [INTERACTION] A-P-C-P-A <-> A-P-T-P-A = 0.0353
[INFO] 2026-05-28 15:46:17,589 - MASSE consensus nodes=6933 edges=78926
[INFO] 2026-05-28 15:46:18,821 - MASSE communities=108
[INFO] 2026-05-28 15:46:19,037 - [MASSE] Expanding 0
[INFO] 2026-05-28 15:46:25,728 - [MASSE] Expanding 1
[INFO] 2026-05-28 15:46:29,291 - [MASSE] Expanding 2
[INFO] 2026-05-28 15:46:33,963 - [MASSE] Expanding 3
[INFO] 2026-05-28 15:46:36,970 - [MASSE] Expanding 4
[INFO] 2026-05-28 15:46:37,217 - [MASSE] Expanding 5
[INFO] 2026-05-28 15:46:37,451 - [MASSE] Expanding 6
[INFO] 2026-05-28 15:46:37,701 - [MASSE] Expanding 7
[INFO] 2026-05-28 15:46:37,934 - [MASSE] Expanding 8
[INFO] 2026-05-28 15:46:38,183 - [MASSE] Expanding 9
[INFO] 2026-05-28 15:46:38,426 - [MASSE] Expanding 10
[INFO] 2026-05-28 15:46:38,658 - [MASSE] Expanding 11
[INFO] 2026-05-28 15:46:38,893 - [MASSE] Expanding 12
[INFO] 2026-05-28 15:46:39,137 - [MASSE] Expanding 13
[INFO] 2026-05-28 15:46:39,369 - [MASSE] Expanding 14
[INFO] 2026-05-28 15:46:39,597 - [MASSE] Expanding 15
[INFO] 2026-05-28 15:46:39,830 - [MASSE] Expanding 16
[INFO] 2026-05-28 15:46:40,060 - [MASSE] Expanding 17
[INFO] 2026-05-28 15:46:40,313 - [MASSE] Expanding 18
[INFO] 2026-05-28 15:46:40,556 - [MASSE] Expanding 19
[INFO] 2026-05-28 15:46:40,793 - [MASSE] Expanding 20
[INFO] 2026-05-28 15:46:41,033 - [MASSE] Expanding 21
[INFO] 2026-05-28 15:46:41,271 - [MASSE] Expanding 22
[INFO] 2026-05-28 15:46:41,499 - [MASSE] Expanding 23
[INFO] 2026-05-28 15:46:41,726 - [MASSE] Expanding 24
[INFO] 2026-05-28 15:46:41,953 - [MASSE] Expanding 25
[INFO] 2026-05-28 15:46:42,192 - [MASSE] Expanding 26
[INFO] 2026-05-28 15:46:42,420 - [MASSE] Expanding 27
[INFO] 2026-05-28 15:46:42,649 - [MASSE] Expanding 28
[INFO] 2026-05-28 15:46:42,886 - [MASSE] Expanding 29
[INFO] 2026-05-28 15:46:43,115 - [MASSE] Expanding 30
[INFO] 2026-05-28 15:46:43,344 - [MASSE] Expanding 31
[INFO] 2026-05-28 15:46:43,587 - [MASSE] Expanding 32
[INFO] 2026-05-28 15:46:43,817 - [MASSE] Expanding 33
[INFO] 2026-05-28 15:46:44,047 - [MASSE] Expanding 34
[INFO] 2026-05-28 15:46:44,279 - [MASSE] Expanding 35
[INFO] 2026-05-28 15:46:44,503 - [MASSE] Expanding 36
[INFO] 2026-05-28 15:46:44,731 - [MASSE] Expanding 37
[INFO] 2026-05-28 15:46:44,962 - [MASSE] Expanding 38
[INFO] 2026-05-28 15:46:45,193 - [MASSE] Expanding 39
[INFO] 2026-05-28 15:46:45,420 - [MASSE] Expanding 40
[INFO] 2026-05-28 15:46:45,661 - [MASSE] Expanding 41
[INFO] 2026-05-28 15:46:45,893 - [MASSE] Expanding 42
[INFO] 2026-05-28 15:46:46,126 - [MASSE] Expanding 43
[INFO] 2026-05-28 15:46:46,357 - [MASSE] Expanding 44
[INFO] 2026-05-28 15:46:46,584 - [MASSE] Expanding 45
[INFO] 2026-05-28 15:46:46,822 - [MASSE] Expanding 46
[INFO] 2026-05-28 15:46:47,057 - [MASSE] Expanding 47
[INFO] 2026-05-28 15:46:47,294 - [MASSE] Expanding 48
[INFO] 2026-05-28 15:46:47,523 - [MASSE] Expanding 49
[INFO] 2026-05-28 15:46:47,765 - [MASSE] Expanding 50
[INFO] 2026-05-28 15:46:48,003 - [MASSE] Expanding 51
[INFO] 2026-05-28 15:46:48,231 - [MASSE] Expanding 52
[INFO] 2026-05-28 15:46:48,460 - [MASSE] Expanding 53
[INFO] 2026-05-28 15:46:48,684 - [MASSE] Expanding 54
[INFO] 2026-05-28 15:46:48,913 - [MASSE] Expanding 55
[INFO] 2026-05-28 15:46:49,143 - [MASSE] Expanding 56
[INFO] 2026-05-28 15:46:49,371 - [MASSE] Expanding 57
[INFO] 2026-05-28 15:46:49,600 - [MASSE] Expanding 58
[INFO] 2026-05-28 15:46:49,846 - [MASSE] Expanding 59
[INFO] 2026-05-28 15:46:50,088 - [MASSE] Expanding 60
[INFO] 2026-05-28 15:46:50,316 - [MASSE] Expanding 61
[INFO] 2026-05-28 15:46:50,543 - [MASSE] Expanding 62
[INFO] 2026-05-28 15:46:50,772 - [MASSE] Expanding 63
[INFO] 2026-05-28 15:46:51,007 - [MASSE] Expanding 64
[INFO] 2026-05-28 15:46:51,246 - [MASSE] Expanding 65
[INFO] 2026-05-28 15:46:51,475 - [MASSE] Expanding 66
[INFO] 2026-05-28 15:46:51,701 - [MASSE] Expanding 67
[INFO] 2026-05-28 15:46:51,931 - [MASSE] Expanding 68
[INFO] 2026-05-28 15:46:52,164 - [MASSE] Expanding 69
[INFO] 2026-05-28 15:46:52,394 - [MASSE] Expanding 70
[INFO] 2026-05-28 15:46:52,622 - [MASSE] Expanding 71
[INFO] 2026-05-28 15:46:52,856 - [MASSE] Expanding 72
[INFO] 2026-05-28 15:46:53,090 - [MASSE] Expanding 73
[INFO] 2026-05-28 15:46:53,334 - [MASSE] Expanding 74
[INFO] 2026-05-28 15:46:53,576 - [MASSE] Expanding 75
[INFO] 2026-05-28 15:46:53,810 - [MASSE] Expanding 76
[INFO] 2026-05-28 15:46:54,039 - [MASSE] Expanding 77
[INFO] 2026-05-28 15:46:54,271 - [MASSE] Expanding 78
[INFO] 2026-05-28 15:46:54,518 - [MASSE] Expanding 79
[INFO] 2026-05-28 15:46:54,759 - [MASSE] Expanding 80
[INFO] 2026-05-28 15:46:55,009 - [MASSE] Expanding 81
[INFO] 2026-05-28 15:46:55,271 - [MASSE] Expanding 82
[INFO] 2026-05-28 15:46:55,513 - [MASSE] Expanding 83
[INFO] 2026-05-28 15:46:55,772 - [MASSE] Expanding 84
[INFO] 2026-05-28 15:46:56,015 - [MASSE] Expanding 85
[INFO] 2026-05-28 15:46:56,260 - [MASSE] Expanding 86
[INFO] 2026-05-28 15:46:56,505 - [MASSE] Expanding 87
[INFO] 2026-05-28 15:46:56,741 - [MASSE] Expanding 88
[INFO] 2026-05-28 15:46:57,004 - [MASSE] Expanding 89
[INFO] 2026-05-28 15:46:57,269 - [MASSE] Expanding 90
[INFO] 2026-05-28 15:46:57,514 - [MASSE] Expanding 91
[INFO] 2026-05-28 15:46:57,776 - [MASSE] Expanding 92
[INFO] 2026-05-28 15:46:58,033 - [MASSE] Expanding 93
[INFO] 2026-05-28 15:46:58,272 - [MASSE] Expanding 94
[INFO] 2026-05-28 15:46:58,505 - [MASSE] Expanding 95
[INFO] 2026-05-28 15:46:58,755 - [MASSE] Expanding 96
[INFO] 2026-05-28 15:46:59,004 - [MASSE] Expanding 97
[INFO] 2026-05-28 15:46:59,235 - [MASSE] Expanding 98
[INFO] 2026-05-28 15:46:59,471 - [MASSE] Expanding 99
[INFO] 2026-05-28 15:46:59,706 - [MASSE] Expanding 100
[INFO] 2026-05-28 15:46:59,943 - [MASSE] Expanding 101
[INFO] 2026-05-28 15:47:00,174 - [MASSE] Expanding 102
[INFO] 2026-05-28 15:47:00,403 - [MASSE] Expanding 103
[INFO] 2026-05-28 15:47:00,643 - [MASSE] Expanding 104
[INFO] 2026-05-28 15:47:00,898 - [MASSE] Expanding 105
[INFO] 2026-05-28 15:47:01,137 - [MASSE] Expanding 106
[INFO] 2026-05-28 15:47:01,371 - [MASSE] Expanding 107
[INFO] 2026-05-28 15:47:02,001 - [EVAL] Modularity=0.5665
[INFO] 2026-05-28 15:47:02,001 - [EVAL] Surprise=0.0000
[INFO] 2026-05-28 15:47:02,001 - [EVAL] Keyword coherence=0.0000
[INFO] 2026-05-28 15:47:02,001 - [EVAL] Community stats={'num_communities': 108, 'avg_size': 353.962962962963, 'max_size': 12208, 'min_size': 4}
[INFO] 2026-05-28 15:47:02,012 - [NMI DEBUG] matched_nodes=3080
[INFO] 2026-05-28 15:47:02,015 - [NMI] 0.6046
[INFO] 2026-05-28 15:47:02,022 - [NMI DEBUG] matched_nodes=64
[INFO] 2026-05-28 15:47:02,023 - [NMI] 0.4761
[INFO] 2026-05-28 15:47:02,027 - [NMI DEBUG] matched_nodes=20
[INFO] 2026-05-28 15:47:02,029 - [NMI] 0.3723
[INFO] 2026-05-28 15:47:02,030 - Saved communities...
