[INFO] 2026-05-26 23:48:56,116 - [MATRIX] writes shape=(14376, 14475)
[INFO] 2026-05-26 23:48:56,152 - [MATRIX] be_written shape=(14475, 14376)
[INFO] 2026-05-26 23:48:56,164 - [MATRIX] published_in shape=(14376, 20)
[INFO] 2026-05-26 23:48:56,175 - [MATRIX] publish shape=(20, 14376)
[INFO] 2026-05-26 23:48:56,265 - [MATRIX] has_term shape=(14376, 8920)
[INFO] 2026-05-26 23:48:56,356 - [MATRIX] term_in shape=(8920, 14376)
[INFO] 2026-05-26 23:48:56,377 - 
========== Building P-A-P ==========
[INFO] 2026-05-26 23:48:56,389 - P-A-P matrix shape=(14376, 14376)
[INFO] 2026-05-26 23:49:00,553 - P-A-P nodes=13774 edges=215663 total_weight=497692.0000
[INFO] 2026-05-26 23:49:00,559 - 
========== Building P-T-P ==========
[INFO] 2026-05-26 23:49:02,223 - P-T-P matrix shape=(14376, 14376)
[INFO] 2026-05-26 23:49:38,209 - P-T-P nodes=46 edges=23 total_weight=512.0000
[INFO] 2026-05-26 23:49:38,209 - 
========== Building P-C-P ==========
[INFO] 2026-05-26 23:49:38,577 - P-C-P matrix shape=(14376, 14376)
[INFO] 2026-05-26 23:49:47,180 - P-C-P nodes=0 edges=0 total_weight=0.0000
[WARNING] 2026-05-26 23:49:47,180 - [SKIP] P-C-P generated empty graph.
[INFO] 2026-05-26 23:49:47,200 - 
========== MASSE Reliability ==========
[INFO] 2026-05-26 23:49:47,432 - P-A-P reliability=0.075625
[INFO] 2026-05-26 23:49:47,432 - P-T-P reliability=0.242226
[INFO] 2026-05-26 23:49:47,432 - P-C-P reliability=0.000000
[INFO] 2026-05-26 23:49:56,085 - [INTERACTION] P-A-P <-> P-T-P = 0.9655
[INFO] 2026-05-26 23:49:56,090 - [INTERACTION] P-T-P <-> P-A-P = 0.9655
[INFO] 2026-05-26 23:50:01,341 - MASSE consensus nodes=13774 edges=190201
[INFO] 2026-05-26 23:50:08,284 - MASSE communities=443
[INFO] 2026-05-26 23:50:08,841 - [MASSE] Expanding 0
[INFO] 2026-05-26 23:50:10,987 - [MASSE] Expanding 1
[INFO] 2026-05-26 23:50:12,611 - [MASSE] Expanding 2
[INFO] 2026-05-26 23:50:14,416 - [MASSE] Expanding 3
[INFO] 2026-05-26 23:50:15,934 - [MASSE] Expanding 4
[INFO] 2026-05-26 23:50:17,419 - [MASSE] Expanding 5
[INFO] 2026-05-26 23:50:18,887 - [MASSE] Expanding 6
[INFO] 2026-05-26 23:50:20,351 - [MASSE] Expanding 7
[INFO] 2026-05-26 23:50:21,658 - [MASSE] Expanding 8
[INFO] 2026-05-26 23:50:22,858 - [MASSE] Expanding 9
[INFO] 2026-05-26 23:50:24,015 - [MASSE] Expanding 10
[INFO] 2026-05-26 23:50:25,169 - [MASSE] Expanding 11
[INFO] 2026-05-26 23:50:26,249 - [MASSE] Expanding 12
[INFO] 2026-05-26 23:50:27,278 - [MASSE] Expanding 13
[INFO] 2026-05-26 23:50:28,336 - [MASSE] Expanding 14
[INFO] 2026-05-26 23:50:29,298 - [MASSE] Expanding 15
[INFO] 2026-05-26 23:50:30,290 - [MASSE] Expanding 16
[INFO] 2026-05-26 23:50:31,313 - [MASSE] Expanding 17
[INFO] 2026-05-26 23:50:32,276 - [MASSE] Expanding 18
[INFO] 2026-05-26 23:50:33,230 - [MASSE] Expanding 19
[INFO] 2026-05-26 23:50:34,238 - [MASSE] Expanding 20
[INFO] 2026-05-26 23:50:35,275 - [MASSE] Expanding 21
[INFO] 2026-05-26 23:50:36,240 - [MASSE] Expanding 22
[INFO] 2026-05-26 23:50:37,129 - [MASSE] Expanding 23
[INFO] 2026-05-26 23:50:38,112 - [MASSE] Expanding 24
[INFO] 2026-05-26 23:50:38,979 - [MASSE] Expanding 25
[INFO] 2026-05-26 23:50:39,956 - [MASSE] Expanding 26
[INFO] 2026-05-26 23:50:40,887 - [MASSE] Expanding 27
[INFO] 2026-05-26 23:50:41,842 - [MASSE] Expanding 28
[INFO] 2026-05-26 23:50:42,578 - [MASSE] Expanding 29
[INFO] 2026-05-26 23:50:43,294 - [MASSE] Expanding 30
[INFO] 2026-05-26 23:50:44,053 - [MASSE] Expanding 31
[INFO] 2026-05-26 23:50:44,824 - [MASSE] Expanding 32
[INFO] 2026-05-26 23:50:45,591 - [MASSE] Expanding 33
[INFO] 2026-05-26 23:50:46,306 - [MASSE] Expanding 34
[INFO] 2026-05-26 23:50:47,020 - [MASSE] Expanding 35
[INFO] 2026-05-26 23:50:47,735 - [MASSE] Expanding 36
[INFO] 2026-05-26 23:50:48,426 - [MASSE] Expanding 37
[INFO] 2026-05-26 23:50:49,138 - [MASSE] Expanding 38
[INFO] 2026-05-26 23:50:49,832 - [MASSE] Expanding 39
[INFO] 2026-05-26 23:50:50,564 - [MASSE] Expanding 40
[INFO] 2026-05-26 23:50:51,249 - [MASSE] Expanding 41
[INFO] 2026-05-26 23:50:51,956 - [MASSE] Expanding 42
[INFO] 2026-05-26 23:50:52,641 - [MASSE] Expanding 43
[INFO] 2026-05-26 23:50:53,303 - [MASSE] Expanding 44
[INFO] 2026-05-26 23:50:53,948 - [MASSE] Expanding 45
[INFO] 2026-05-26 23:50:54,571 - [MASSE] Expanding 46
[INFO] 2026-05-26 23:50:55,193 - [MASSE] Expanding 47
[INFO] 2026-05-26 23:50:55,788 - [MASSE] Expanding 48
[INFO] 2026-05-26 23:50:56,368 - [MASSE] Expanding 49
[INFO] 2026-05-26 23:50:56,951 - [MASSE] Expanding 50
[INFO] 2026-05-26 23:50:57,525 - [MASSE] Expanding 51
[INFO] 2026-05-26 23:50:58,083 - [MASSE] Expanding 52
[INFO] 2026-05-26 23:50:58,650 - [MASSE] Expanding 53
[INFO] 2026-05-26 23:50:59,223 - [MASSE] Expanding 54
[INFO] 2026-05-26 23:50:59,805 - [MASSE] Expanding 55
[INFO] 2026-05-26 23:51:00,378 - [MASSE] Expanding 56
[INFO] 2026-05-26 23:51:00,939 - [MASSE] Expanding 57
[INFO] 2026-05-26 23:51:01,505 - [MASSE] Expanding 58
[INFO] 2026-05-26 23:51:02,066 - [MASSE] Expanding 59
[INFO] 2026-05-26 23:51:02,622 - [MASSE] Expanding 60
[INFO] 2026-05-26 23:51:03,193 - [MASSE] Expanding 61
[INFO] 2026-05-26 23:51:03,755 - [MASSE] Expanding 62
[INFO] 2026-05-26 23:51:04,311 - [MASSE] Expanding 63
[INFO] 2026-05-26 23:51:04,865 - [MASSE] Expanding 64
[INFO] 2026-05-26 23:51:05,447 - [MASSE] Expanding 65
[INFO] 2026-05-26 23:51:06,002 - [MASSE] Expanding 66
[INFO] 2026-05-26 23:51:06,548 - [MASSE] Expanding 67
[INFO] 2026-05-26 23:51:07,141 - [MASSE] Expanding 68
[INFO] 2026-05-26 23:51:07,704 - [MASSE] Expanding 69
[INFO] 2026-05-26 23:51:08,282 - [MASSE] Expanding 70
[INFO] 2026-05-26 23:51:08,835 - [MASSE] Expanding 71
[INFO] 2026-05-26 23:51:09,370 - [MASSE] Expanding 72
[INFO] 2026-05-26 23:51:09,913 - [MASSE] Expanding 73
[INFO] 2026-05-26 23:51:10,463 - [MASSE] Expanding 74
[INFO] 2026-05-26 23:51:10,998 - [MASSE] Expanding 75
[INFO] 2026-05-26 23:51:11,550 - [MASSE] Expanding 76
[INFO] 2026-05-26 23:51:12,091 - [MASSE] Expanding 77
[INFO] 2026-05-26 23:51:12,633 - [MASSE] Expanding 78
[INFO] 2026-05-26 23:51:13,173 - [MASSE] Expanding 79
[INFO] 2026-05-26 23:51:13,714 - [MASSE] Expanding 80
[INFO] 2026-05-26 23:51:14,250 - [MASSE] Expanding 81
[INFO] 2026-05-26 23:51:14,796 - [MASSE] Expanding 82
[INFO] 2026-05-26 23:51:15,340 - [MASSE] Expanding 83
[INFO] 2026-05-26 23:51:15,877 - [MASSE] Expanding 84
[INFO] 2026-05-26 23:51:16,415 - [MASSE] Expanding 85
[INFO] 2026-05-26 23:51:16,961 - [MASSE] Expanding 86
[INFO] 2026-05-26 23:51:17,512 - [MASSE] Expanding 87
[INFO] 2026-05-26 23:51:18,048 - [MASSE] Expanding 88
[INFO] 2026-05-26 23:51:18,597 - [MASSE] Expanding 89
[INFO] 2026-05-26 23:51:19,135 - [MASSE] Expanding 90
[INFO] 2026-05-26 23:51:19,668 - [MASSE] Expanding 91
[INFO] 2026-05-26 23:51:20,200 - [MASSE] Expanding 92
[INFO] 2026-05-26 23:51:20,729 - [MASSE] Expanding 93
[INFO] 2026-05-26 23:51:21,272 - [MASSE] Expanding 94
[INFO] 2026-05-26 23:51:21,816 - [MASSE] Expanding 95
[INFO] 2026-05-26 23:51:22,356 - [MASSE] Expanding 96
[INFO] 2026-05-26 23:51:22,904 - [MASSE] Expanding 97
[INFO] 2026-05-26 23:51:23,452 - [MASSE] Expanding 98
[INFO] 2026-05-26 23:51:23,997 - [MASSE] Expanding 99
[INFO] 2026-05-26 23:51:24,551 - [MASSE] Expanding 100
[INFO] 2026-05-26 23:51:25,104 - [MASSE] Expanding 101
[INFO] 2026-05-26 23:51:25,654 - [MASSE] Expanding 102
[INFO] 2026-05-26 23:51:26,194 - [MASSE] Expanding 103
[INFO] 2026-05-26 23:51:26,732 - [MASSE] Expanding 104
[INFO] 2026-05-26 23:51:27,284 - [MASSE] Expanding 105
[INFO] 2026-05-26 23:51:27,827 - [MASSE] Expanding 106
[INFO] 2026-05-26 23:51:28,375 - [MASSE] Expanding 107
[INFO] 2026-05-26 23:51:28,914 - [MASSE] Expanding 108
[INFO] 2026-05-26 23:51:29,448 - [MASSE] Expanding 109
[INFO] 2026-05-26 23:51:29,986 - [MASSE] Expanding 110
[INFO] 2026-05-26 23:51:30,526 - [MASSE] Expanding 111
[INFO] 2026-05-26 23:51:31,067 - [MASSE] Expanding 112
[INFO] 2026-05-26 23:51:31,615 - [MASSE] Expanding 113
[INFO] 2026-05-26 23:51:32,159 - [MASSE] Expanding 114
[INFO] 2026-05-26 23:51:32,693 - [MASSE] Expanding 115
[INFO] 2026-05-26 23:51:33,248 - [MASSE] Expanding 116
[INFO] 2026-05-26 23:51:33,804 - [MASSE] Expanding 117
[INFO] 2026-05-26 23:51:34,356 - [MASSE] Expanding 118
[INFO] 2026-05-26 23:51:34,895 - [MASSE] Expanding 119
[INFO] 2026-05-26 23:51:35,439 - [MASSE] Expanding 120
[INFO] 2026-05-26 23:51:35,981 - [MASSE] Expanding 121
[INFO] 2026-05-26 23:51:36,522 - [MASSE] Expanding 122
[INFO] 2026-05-26 23:51:37,061 - [MASSE] Expanding 123
[INFO] 2026-05-26 23:51:37,598 - [MASSE] Expanding 124
[INFO] 2026-05-26 23:51:38,153 - [MASSE] Expanding 125
[INFO] 2026-05-26 23:51:38,697 - [MASSE] Expanding 126
[INFO] 2026-05-26 23:51:39,244 - [MASSE] Expanding 127
[INFO] 2026-05-26 23:51:39,807 - [MASSE] Expanding 128
[INFO] 2026-05-26 23:51:40,369 - [MASSE] Expanding 129
[INFO] 2026-05-26 23:51:40,906 - [MASSE] Expanding 130
[INFO] 2026-05-26 23:51:41,450 - [MASSE] Expanding 131
[INFO] 2026-05-26 23:51:41,987 - [MASSE] Expanding 132
[INFO] 2026-05-26 23:51:42,522 - [MASSE] Expanding 133
[INFO] 2026-05-26 23:51:43,066 - [MASSE] Expanding 134
[INFO] 2026-05-26 23:51:43,608 - [MASSE] Expanding 135
[INFO] 2026-05-26 23:51:44,152 - [MASSE] Expanding 136
[INFO] 2026-05-26 23:51:44,755 - [MASSE] Expanding 137
[INFO] 2026-05-26 23:51:45,305 - [MASSE] Expanding 138
[INFO] 2026-05-26 23:51:45,845 - [MASSE] Expanding 139
[INFO] 2026-05-26 23:51:46,388 - [MASSE] Expanding 140
[INFO] 2026-05-26 23:51:46,926 - [MASSE] Expanding 141
[INFO] 2026-05-26 23:51:47,471 - [MASSE] Expanding 142
[INFO] 2026-05-26 23:51:48,012 - [MASSE] Expanding 143
[INFO] 2026-05-26 23:51:48,558 - [MASSE] Expanding 144
[INFO] 2026-05-26 23:51:49,138 - [MASSE] Expanding 145
[INFO] 2026-05-26 23:51:49,690 - [MASSE] Expanding 146
[INFO] 2026-05-26 23:51:50,236 - [MASSE] Expanding 147
[INFO] 2026-05-26 23:51:50,788 - [MASSE] Expanding 148
[INFO] 2026-05-26 23:51:51,330 - [MASSE] Expanding 149
[INFO] 2026-05-26 23:51:51,871 - [MASSE] Expanding 150
[INFO] 2026-05-26 23:51:52,405 - [MASSE] Expanding 151
[INFO] 2026-05-26 23:51:52,945 - [MASSE] Expanding 152
[INFO] 2026-05-26 23:51:53,485 - [MASSE] Expanding 153
[INFO] 2026-05-26 23:51:54,026 - [MASSE] Expanding 154
[INFO] 2026-05-26 23:51:54,565 - [MASSE] Expanding 155
[INFO] 2026-05-26 23:51:55,111 - [MASSE] Expanding 156
[INFO] 2026-05-26 23:51:55,651 - [MASSE] Expanding 157
[INFO] 2026-05-26 23:51:56,195 - [MASSE] Expanding 158
[INFO] 2026-05-26 23:51:56,741 - [MASSE] Expanding 159
[INFO] 2026-05-26 23:51:57,329 - [MASSE] Expanding 160
[INFO] 2026-05-26 23:51:57,874 - [MASSE] Expanding 161
[INFO] 2026-05-26 23:51:58,406 - [MASSE] Expanding 162
[INFO] 2026-05-26 23:51:58,941 - [MASSE] Expanding 163
[INFO] 2026-05-26 23:51:59,479 - [MASSE] Expanding 164
[INFO] 2026-05-26 23:52:00,026 - [MASSE] Expanding 165
[INFO] 2026-05-26 23:52:00,572 - [MASSE] Expanding 166
[INFO] 2026-05-26 23:52:01,108 - [MASSE] Expanding 167
[INFO] 2026-05-26 23:52:01,649 - [MASSE] Expanding 168
[INFO] 2026-05-26 23:52:02,190 - [MASSE] Expanding 169
[INFO] 2026-05-26 23:52:02,728 - [MASSE] Expanding 170
[INFO] 2026-05-26 23:52:03,266 - [MASSE] Expanding 171
[INFO] 2026-05-26 23:52:03,804 - [MASSE] Expanding 172
[INFO] 2026-05-26 23:52:04,347 - [MASSE] Expanding 173
[INFO] 2026-05-26 23:52:04,885 - [MASSE] Expanding 174
[INFO] 2026-05-26 23:52:05,422 - [MASSE] Expanding 175
[INFO] 2026-05-26 23:52:05,966 - [MASSE] Expanding 176
[INFO] 2026-05-26 23:52:06,500 - [MASSE] Expanding 177
[INFO] 2026-05-26 23:52:07,033 - [MASSE] Expanding 178
[INFO] 2026-05-26 23:52:07,565 - [MASSE] Expanding 179
[INFO] 2026-05-26 23:52:08,095 - [MASSE] Expanding 180
[INFO] 2026-05-26 23:52:08,631 - [MASSE] Expanding 181
[INFO] 2026-05-26 23:52:09,179 - [MASSE] Expanding 182
[INFO] 2026-05-26 23:52:09,722 - [MASSE] Expanding 183
[INFO] 2026-05-26 23:52:10,262 - [MASSE] Expanding 184
[INFO] 2026-05-26 23:52:10,802 - [MASSE] Expanding 185
[INFO] 2026-05-26 23:52:11,350 - [MASSE] Expanding 186
[INFO] 2026-05-26 23:52:11,884 - [MASSE] Expanding 187
[INFO] 2026-05-26 23:52:12,414 - [MASSE] Expanding 188
[INFO] 2026-05-26 23:52:12,942 - [MASSE] Expanding 189
[INFO] 2026-05-26 23:52:13,476 - [MASSE] Expanding 190
[INFO] 2026-05-26 23:52:14,012 - [MASSE] Expanding 191
[INFO] 2026-05-26 23:52:14,553 - [MASSE] Expanding 192
[INFO] 2026-05-26 23:52:15,096 - [MASSE] Expanding 193
[INFO] 2026-05-26 23:52:15,628 - [MASSE] Expanding 194
[INFO] 2026-05-26 23:52:16,160 - [MASSE] Expanding 195
[INFO] 2026-05-26 23:52:16,689 - [MASSE] Expanding 196
[INFO] 2026-05-26 23:52:17,224 - [MASSE] Expanding 197
[INFO] 2026-05-26 23:52:17,754 - [MASSE] Expanding 198
[INFO] 2026-05-26 23:52:18,290 - [MASSE] Expanding 199
[INFO] 2026-05-26 23:52:18,823 - [MASSE] Expanding 200
[INFO] 2026-05-26 23:52:19,356 - [MASSE] Expanding 201
[INFO] 2026-05-26 23:52:19,898 - [MASSE] Expanding 202
[INFO] 2026-05-26 23:52:20,435 - [MASSE] Expanding 203
[INFO] 2026-05-26 23:52:20,975 - [MASSE] Expanding 204
[INFO] 2026-05-26 23:52:21,536 - [MASSE] Expanding 205
[INFO] 2026-05-26 23:52:22,064 - [MASSE] Expanding 206
[INFO] 2026-05-26 23:52:22,591 - [MASSE] Expanding 207
[INFO] 2026-05-26 23:52:23,114 - [MASSE] Expanding 208
[INFO] 2026-05-26 23:52:23,639 - [MASSE] Expanding 209
[INFO] 2026-05-26 23:52:24,162 - [MASSE] Expanding 210
[INFO] 2026-05-26 23:52:24,686 - [MASSE] Expanding 211
[INFO] 2026-05-26 23:52:25,216 - [MASSE] Expanding 212
[INFO] 2026-05-26 23:52:25,749 - [MASSE] Expanding 213
[INFO] 2026-05-26 23:52:26,290 - [MASSE] Expanding 214
[INFO] 2026-05-26 23:52:26,817 - [MASSE] Expanding 215
[INFO] 2026-05-26 23:52:27,351 - [MASSE] Expanding 216
[INFO] 2026-05-26 23:52:27,881 - [MASSE] Expanding 217
[INFO] 2026-05-26 23:52:28,414 - [MASSE] Expanding 218
[INFO] 2026-05-26 23:52:28,948 - [MASSE] Expanding 219
[INFO] 2026-05-26 23:52:29,484 - [MASSE] Expanding 220
[INFO] 2026-05-26 23:52:30,030 - [MASSE] Expanding 221
[INFO] 2026-05-26 23:52:30,563 - [MASSE] Expanding 222
[INFO] 2026-05-26 23:52:31,093 - [MASSE] Expanding 223
[INFO] 2026-05-26 23:52:31,627 - [MASSE] Expanding 224
[INFO] 2026-05-26 23:52:32,176 - [MASSE] Expanding 225
[INFO] 2026-05-26 23:52:32,714 - [MASSE] Expanding 226
[INFO] 2026-05-26 23:52:33,245 - [MASSE] Expanding 227
[INFO] 2026-05-26 23:52:33,783 - [MASSE] Expanding 228
[INFO] 2026-05-26 23:52:34,320 - [MASSE] Expanding 229
[INFO] 2026-05-26 23:52:34,866 - [MASSE] Expanding 230
[INFO] 2026-05-26 23:52:35,416 - [MASSE] Expanding 231
[INFO] 2026-05-26 23:52:35,954 - [MASSE] Expanding 232
[INFO] 2026-05-26 23:52:36,494 - [MASSE] Expanding 233
[INFO] 2026-05-26 23:52:37,046 - [MASSE] Expanding 234
[INFO] 2026-05-26 23:52:37,588 - [MASSE] Expanding 235
[INFO] 2026-05-26 23:52:38,117 - [MASSE] Expanding 236
[INFO] 2026-05-26 23:52:38,646 - [MASSE] Expanding 237
[INFO] 2026-05-26 23:52:39,170 - [MASSE] Expanding 238
[INFO] 2026-05-26 23:52:39,722 - [MASSE] Expanding 239
[INFO] 2026-05-26 23:52:40,306 - [MASSE] Expanding 240
[INFO] 2026-05-26 23:52:40,901 - [MASSE] Expanding 241
[INFO] 2026-05-26 23:52:41,492 - [MASSE] Expanding 242
[INFO] 2026-05-26 23:52:42,086 - [MASSE] Expanding 243
[INFO] 2026-05-26 23:52:42,662 - [MASSE] Expanding 244
[INFO] 2026-05-26 23:52:43,250 - [MASSE] Expanding 245
[INFO] 2026-05-26 23:52:43,834 - [MASSE] Expanding 246
[INFO] 2026-05-26 23:52:44,420 - [MASSE] Expanding 247
[INFO] 2026-05-26 23:52:45,007 - [MASSE] Expanding 248
[INFO] 2026-05-26 23:52:45,587 - [MASSE] Expanding 249
[INFO] 2026-05-26 23:52:46,171 - [MASSE] Expanding 250
[INFO] 2026-05-26 23:52:46,762 - [MASSE] Expanding 251
[INFO] 2026-05-26 23:52:47,342 - [MASSE] Expanding 252
[INFO] 2026-05-26 23:52:47,875 - [MASSE] Expanding 253
[INFO] 2026-05-26 23:52:48,402 - [MASSE] Expanding 254
[INFO] 2026-05-26 23:52:48,931 - [MASSE] Expanding 255
[INFO] 2026-05-26 23:52:49,466 - [MASSE] Expanding 256
[INFO] 2026-05-26 23:52:50,000 - [MASSE] Expanding 257
[INFO] 2026-05-26 23:52:50,535 - [MASSE] Expanding 258
[INFO] 2026-05-26 23:52:51,066 - [MASSE] Expanding 259
[INFO] 2026-05-26 23:52:51,597 - [MASSE] Expanding 260
[INFO] 2026-05-26 23:52:52,132 - [MASSE] Expanding 261
[INFO] 2026-05-26 23:52:52,667 - [MASSE] Expanding 262
[INFO] 2026-05-26 23:52:53,196 - [MASSE] Expanding 263
[INFO] 2026-05-26 23:52:53,727 - [MASSE] Expanding 264
[INFO] 2026-05-26 23:52:54,259 - [MASSE] Expanding 265
[INFO] 2026-05-26 23:52:54,792 - [MASSE] Expanding 266
[INFO] 2026-05-26 23:52:55,332 - [MASSE] Expanding 267
[INFO] 2026-05-26 23:52:55,863 - [MASSE] Expanding 268
[INFO] 2026-05-26 23:52:56,388 - [MASSE] Expanding 269
[INFO] 2026-05-26 23:52:56,907 - [MASSE] Expanding 270
[INFO] 2026-05-26 23:52:57,426 - [MASSE] Expanding 271
[INFO] 2026-05-26 23:52:57,957 - [MASSE] Expanding 272
[INFO] 2026-05-26 23:52:58,484 - [MASSE] Expanding 273
[INFO] 2026-05-26 23:52:58,997 - [MASSE] Expanding 274
[INFO] 2026-05-26 23:52:59,513 - [MASSE] Expanding 275
[INFO] 2026-05-26 23:53:00,044 - [MASSE] Expanding 276
[INFO] 2026-05-26 23:53:00,587 - [MASSE] Expanding 277
[INFO] 2026-05-26 23:53:01,113 - [MASSE] Expanding 278
[INFO] 2026-05-26 23:53:01,640 - [MASSE] Expanding 279
[INFO] 2026-05-26 23:53:02,166 - [MASSE] Expanding 280
[INFO] 2026-05-26 23:53:02,700 - [MASSE] Expanding 281
[INFO] 2026-05-26 23:53:03,236 - [MASSE] Expanding 282
[INFO] 2026-05-26 23:53:03,762 - [MASSE] Expanding 283
[INFO] 2026-05-26 23:53:04,291 - [MASSE] Expanding 284
[INFO] 2026-05-26 23:53:04,821 - [MASSE] Expanding 285
[INFO] 2026-05-26 23:53:05,353 - [MASSE] Expanding 286
[INFO] 2026-05-26 23:53:05,882 - [MASSE] Expanding 287
[INFO] 2026-05-26 23:53:06,417 - [MASSE] Expanding 288
[INFO] 2026-05-26 23:53:06,946 - [MASSE] Expanding 289
[INFO] 2026-05-26 23:53:07,462 - [MASSE] Expanding 290
[INFO] 2026-05-26 23:53:07,986 - [MASSE] Expanding 291
[INFO] 2026-05-26 23:53:08,517 - [MASSE] Expanding 292
[INFO] 2026-05-26 23:53:09,040 - [MASSE] Expanding 293
[INFO] 2026-05-26 23:53:09,570 - [MASSE] Expanding 294
[INFO] 2026-05-26 23:53:10,105 - [MASSE] Expanding 295
[INFO] 2026-05-26 23:53:10,635 - [MASSE] Expanding 296
[INFO] 2026-05-26 23:53:11,167 - [MASSE] Expanding 297
[INFO] 2026-05-26 23:53:11,698 - [MASSE] Expanding 298
[INFO] 2026-05-26 23:53:12,236 - [MASSE] Expanding 299
[INFO] 2026-05-26 23:53:12,768 - [MASSE] Expanding 300
[INFO] 2026-05-26 23:53:13,291 - [MASSE] Expanding 301
[INFO] 2026-05-26 23:53:13,817 - [MASSE] Expanding 302
[INFO] 2026-05-26 23:53:14,348 - [MASSE] Expanding 303
[INFO] 2026-05-26 23:53:14,892 - [MASSE] Expanding 304
[INFO] 2026-05-26 23:53:15,419 - [MASSE] Expanding 305
[INFO] 2026-05-26 23:53:15,941 - [MASSE] Expanding 306
[INFO] 2026-05-26 23:53:16,472 - [MASSE] Expanding 307
[INFO] 2026-05-26 23:53:16,995 - [MASSE] Expanding 308
[INFO] 2026-05-26 23:53:17,532 - [MASSE] Expanding 309
[INFO] 2026-05-26 23:53:18,105 - [MASSE] Expanding 310
[INFO] 2026-05-26 23:53:18,688 - [MASSE] Expanding 311
[INFO] 2026-05-26 23:53:19,268 - [MASSE] Expanding 312
[INFO] 2026-05-26 23:53:19,803 - [MASSE] Expanding 313
[INFO] 2026-05-26 23:53:20,332 - [MASSE] Expanding 314
[INFO] 2026-05-26 23:53:20,865 - [MASSE] Expanding 315
[INFO] 2026-05-26 23:53:21,405 - [MASSE] Expanding 316
[INFO] 2026-05-26 23:53:22,000 - [MASSE] Expanding 317
[INFO] 2026-05-26 23:53:22,588 - [MASSE] Expanding 318
[INFO] 2026-05-26 23:53:23,168 - [MASSE] Expanding 319
[INFO] 2026-05-26 23:53:23,709 - [MASSE] Expanding 320
[INFO] 2026-05-26 23:53:24,252 - [MASSE] Expanding 321
[INFO] 2026-05-26 23:53:24,784 - [MASSE] Expanding 322
[INFO] 2026-05-26 23:53:25,327 - [MASSE] Expanding 323
[INFO] 2026-05-26 23:53:25,910 - [MASSE] Expanding 324
[INFO] 2026-05-26 23:53:26,504 - [MASSE] Expanding 325
[INFO] 2026-05-26 23:53:27,089 - [MASSE] Expanding 326
[INFO] 2026-05-26 23:53:27,672 - [MASSE] Expanding 327
[INFO] 2026-05-26 23:53:28,260 - [MASSE] Expanding 328
[INFO] 2026-05-26 23:53:28,844 - [MASSE] Expanding 329
[INFO] 2026-05-26 23:53:29,419 - [MASSE] Expanding 330
[INFO] 2026-05-26 23:53:30,003 - [MASSE] Expanding 331
[INFO] 2026-05-26 23:53:30,591 - [MASSE] Expanding 332
[INFO] 2026-05-26 23:53:31,151 - [MASSE] Expanding 333
[INFO] 2026-05-26 23:53:31,675 - [MASSE] Expanding 334
[INFO] 2026-05-26 23:53:32,203 - [MASSE] Expanding 335
[INFO] 2026-05-26 23:53:32,737 - [MASSE] Expanding 336
[INFO] 2026-05-26 23:53:33,266 - [MASSE] Expanding 337
[INFO] 2026-05-26 23:53:33,791 - [MASSE] Expanding 338
[INFO] 2026-05-26 23:53:34,322 - [MASSE] Expanding 339
[INFO] 2026-05-26 23:53:34,851 - [MASSE] Expanding 340
[INFO] 2026-05-26 23:53:35,376 - [MASSE] Expanding 341
[INFO] 2026-05-26 23:53:35,904 - [MASSE] Expanding 342
[INFO] 2026-05-26 23:53:36,436 - [MASSE] Expanding 343
[INFO] 2026-05-26 23:53:36,960 - [MASSE] Expanding 344
[INFO] 2026-05-26 23:53:37,488 - [MASSE] Expanding 345
[INFO] 2026-05-26 23:53:38,013 - [MASSE] Expanding 346
[INFO] 2026-05-26 23:53:38,544 - [MASSE] Expanding 347
[INFO] 2026-05-26 23:53:39,078 - [MASSE] Expanding 348
[INFO] 2026-05-26 23:53:39,608 - [MASSE] Expanding 349
[INFO] 2026-05-26 23:53:40,155 - [MASSE] Expanding 350
[INFO] 2026-05-26 23:53:40,687 - [MASSE] Expanding 351
[INFO] 2026-05-26 23:53:41,218 - [MASSE] Expanding 352
[INFO] 2026-05-26 23:53:41,745 - [MASSE] Expanding 353
[INFO] 2026-05-26 23:53:42,284 - [MASSE] Expanding 354
[INFO] 2026-05-26 23:53:42,817 - [MASSE] Expanding 355
[INFO] 2026-05-26 23:53:43,345 - [MASSE] Expanding 356
[INFO] 2026-05-26 23:53:43,873 - [MASSE] Expanding 357
[INFO] 2026-05-26 23:53:44,404 - [MASSE] Expanding 358
[INFO] 2026-05-26 23:53:44,943 - [MASSE] Expanding 359
[INFO] 2026-05-26 23:53:45,480 - [MASSE] Expanding 360
[INFO] 2026-05-26 23:53:46,023 - [MASSE] Expanding 361
[INFO] 2026-05-26 23:53:46,562 - [MASSE] Expanding 362
[INFO] 2026-05-26 23:53:47,111 - [MASSE] Expanding 363
[INFO] 2026-05-26 23:53:47,644 - [MASSE] Expanding 364
[INFO] 2026-05-26 23:53:48,180 - [MASSE] Expanding 365
[INFO] 2026-05-26 23:53:48,720 - [MASSE] Expanding 366
[INFO] 2026-05-26 23:53:49,266 - [MASSE] Expanding 367
[INFO] 2026-05-26 23:53:49,792 - [MASSE] Expanding 368
[INFO] 2026-05-26 23:53:50,340 - [MASSE] Expanding 369
[INFO] 2026-05-26 23:53:50,867 - [MASSE] Expanding 370
[INFO] 2026-05-26 23:53:51,406 - [MASSE] Expanding 371
[INFO] 2026-05-26 23:53:51,945 - [MASSE] Expanding 372
[INFO] 2026-05-26 23:53:52,475 - [MASSE] Expanding 373
[INFO] 2026-05-26 23:53:53,004 - [MASSE] Expanding 374
[INFO] 2026-05-26 23:53:53,534 - [MASSE] Expanding 375
[INFO] 2026-05-26 23:53:54,070 - [MASSE] Expanding 376
[INFO] 2026-05-26 23:53:54,609 - [MASSE] Expanding 377
[INFO] 2026-05-26 23:53:55,265 - [MASSE] Expanding 378
[INFO] 2026-05-26 23:53:55,839 - [MASSE] Expanding 379
[INFO] 2026-05-26 23:53:56,400 - [MASSE] Expanding 380
[INFO] 2026-05-26 23:53:56,968 - [MASSE] Expanding 381
[INFO] 2026-05-26 23:53:57,514 - [MASSE] Expanding 382
[INFO] 2026-05-26 23:53:58,058 - [MASSE] Expanding 383
[INFO] 2026-05-26 23:53:58,625 - [MASSE] Expanding 384
[INFO] 2026-05-26 23:53:59,217 - [MASSE] Expanding 385
[INFO] 2026-05-26 23:53:59,757 - [MASSE] Expanding 386
[INFO] 2026-05-26 23:54:00,298 - [MASSE] Expanding 387
[INFO] 2026-05-26 23:54:00,842 - [MASSE] Expanding 388
[INFO] 2026-05-26 23:54:01,388 - [MASSE] Expanding 389
[INFO] 2026-05-26 23:54:01,926 - [MASSE] Expanding 390
[INFO] 2026-05-26 23:54:02,468 - [MASSE] Expanding 391
[INFO] 2026-05-26 23:54:03,016 - [MASSE] Expanding 392
[INFO] 2026-05-26 23:54:03,567 - [MASSE] Expanding 393
[INFO] 2026-05-26 23:54:04,141 - [MASSE] Expanding 394
[INFO] 2026-05-26 23:54:04,728 - [MASSE] Expanding 395
[INFO] 2026-05-26 23:54:05,263 - [MASSE] Expanding 396
[INFO] 2026-05-26 23:54:05,809 - [MASSE] Expanding 397
[INFO] 2026-05-26 23:54:06,355 - [MASSE] Expanding 398
[INFO] 2026-05-26 23:54:06,887 - [MASSE] Expanding 399
[INFO] 2026-05-26 23:54:07,435 - [MASSE] Expanding 400
[INFO] 2026-05-26 23:54:07,974 - [MASSE] Expanding 401
[INFO] 2026-05-26 23:54:08,511 - [MASSE] Expanding 402
[INFO] 2026-05-26 23:54:09,045 - [MASSE] Expanding 403
[INFO] 2026-05-26 23:54:09,588 - [MASSE] Expanding 404
[INFO] 2026-05-26 23:54:10,130 - [MASSE] Expanding 405
[INFO] 2026-05-26 23:54:10,666 - [MASSE] Expanding 406
[INFO] 2026-05-26 23:54:11,210 - [MASSE] Expanding 407
[INFO] 2026-05-26 23:54:11,756 - [MASSE] Expanding 408
[INFO] 2026-05-26 23:54:12,414 - [MASSE] Expanding 409
[INFO] 2026-05-26 23:54:12,974 - [MASSE] Expanding 410
[INFO] 2026-05-26 23:54:13,509 - [MASSE] Expanding 411
[INFO] 2026-05-26 23:54:14,055 - [MASSE] Expanding 412
[INFO] 2026-05-26 23:54:14,615 - [MASSE] Expanding 413
[INFO] 2026-05-26 23:54:15,167 - [MASSE] Expanding 414
[INFO] 2026-05-26 23:54:15,714 - [MASSE] Expanding 415
[INFO] 2026-05-26 23:54:16,266 - [MASSE] Expanding 416
[INFO] 2026-05-26 23:54:16,807 - [MASSE] Expanding 417
[INFO] 2026-05-26 23:54:17,350 - [MASSE] Expanding 418
[INFO] 2026-05-26 23:54:17,893 - [MASSE] Expanding 419
[INFO] 2026-05-26 23:54:18,484 - [MASSE] Expanding 420
[INFO] 2026-05-26 23:54:19,125 - [MASSE] Expanding 421
[INFO] 2026-05-26 23:54:19,726 - [MASSE] Expanding 422
[INFO] 2026-05-26 23:54:20,306 - [MASSE] Expanding 423
[INFO] 2026-05-26 23:54:20,848 - [MASSE] Expanding 424
[INFO] 2026-05-26 23:54:21,394 - [MASSE] Expanding 425
[INFO] 2026-05-26 23:54:21,938 - [MASSE] Expanding 426
[INFO] 2026-05-26 23:54:22,481 - [MASSE] Expanding 427
[INFO] 2026-05-26 23:54:23,023 - [MASSE] Expanding 428
[INFO] 2026-05-26 23:54:23,560 - [MASSE] Expanding 429
[INFO] 2026-05-26 23:54:24,106 - [MASSE] Expanding 430
[INFO] 2026-05-26 23:54:24,663 - [MASSE] Expanding 431
[INFO] 2026-05-26 23:54:25,213 - [MASSE] Expanding 432
[INFO] 2026-05-26 23:54:25,761 - [MASSE] Expanding 433
[INFO] 2026-05-26 23:54:26,298 - [MASSE] Expanding 434
[INFO] 2026-05-26 23:54:26,843 - [MASSE] Expanding 435
[INFO] 2026-05-26 23:54:27,389 - [MASSE] Expanding 436
[INFO] 2026-05-26 23:54:27,939 - [MASSE] Expanding 437
[INFO] 2026-05-26 23:54:28,584 - [MASSE] Expanding 438
[INFO] 2026-05-26 23:54:29,143 - [MASSE] Expanding 439
[INFO] 2026-05-26 23:54:29,680 - [MASSE] Expanding 440
[INFO] 2026-05-26 23:54:30,220 - [MASSE] Expanding 441
[INFO] 2026-05-26 23:54:30,761 - [MASSE] Expanding 442
[INFO] 2026-05-26 23:54:31,949 - [EVAL] Modularity=0.9387
[INFO] 2026-05-26 23:54:31,949 - [EVAL] Surprise=0.0000
[INFO] 2026-05-26 23:54:31,949 - [EVAL] Keyword coherence=0.0000
[INFO] 2026-05-26 23:54:31,949 - [EVAL] Community stats={'num_communities': 443, 'avg_size': 109.42889390519187, 'max_size': 2705, 'min_size': 3}
[INFO] 2026-05-26 23:54:31,965 - [NMI DEBUG] matched_nodes=3423
[INFO] 2026-05-26 23:54:31,972 - [NMI] 0.2258
[INFO] 2026-05-26 23:54:31,980 - [NMI DEBUG] matched_nodes=76
[INFO] 2026-05-26 23:54:31,982 - [NMI] 0.4007
[INFO] 2026-05-26 23:54:31,988 - [NMI DEBUG] matched_nodes=19
[INFO] 2026-05-26 23:54:31,991 - [NMI] 0.6429
[INFO] 2026-05-26 23:54:31,998 - Saved communities...
