[INFO] 2026-05-31 22:08:29,036 - [MATRIX] writes shape=(14376, 14475)
[INFO] 2026-05-31 22:08:29,088 - [MATRIX] be_written shape=(14475, 14376)
[INFO] 2026-05-31 22:08:29,106 - [MATRIX] published_in shape=(14376, 20)
[INFO] 2026-05-31 22:08:29,124 - [MATRIX] publish shape=(20, 14376)
[INFO] 2026-05-31 22:08:29,258 - [MATRIX] has_term shape=(14376, 8920)
[INFO] 2026-05-31 22:08:29,384 - [MATRIX] term_in shape=(8920, 14376)
[INFO] 2026-05-31 22:08:29,456 - 
========== Building A-P-A ==========
[INFO] 2026-05-31 22:08:29,463 - A-P-A matrix shape=(14475, 14475)
[INFO] 2026-05-31 22:08:29,634 - A-P-A nodes=5264 edges=8789 total_weight=51362.0000
[INFO] 2026-05-31 22:08:29,637 - 
========== Building A-P-T-P-A ==========
[INFO] 2026-05-31 22:08:43,495 - A-P-T-P-A matrix shape=(14475, 14475)
[INFO] 2026-05-31 22:09:40,544 - A-P-T-P-A nodes=86 edges=351 total_weight=699532.0000
[INFO] 2026-05-31 22:09:40,545 - 
========== Building A-P-C-P-A ==========
[INFO] 2026-05-31 22:09:43,452 - A-P-C-P-A matrix shape=(14475, 14475)
[INFO] 2026-05-31 22:10:02,698 - A-P-C-P-A nodes=5689 edges=92426 total_weight=6194038.0000
[INFO] 2026-05-31 22:10:02,783 - 
========== MASSE Reliability ==========
[INFO] 2026-05-31 22:10:02,801 - A-P-A reliability=0.100661
[INFO] 2026-05-31 22:10:02,802 - A-P-T-P-A reliability=0.147091
[INFO] 2026-05-31 22:10:02,949 - A-P-C-P-A reliability=0.081947
[INFO] 2026-05-31 22:10:07,166 - [INTERACTION] A-P-A <-> A-P-T-P-A = 0.1840
[INFO] 2026-05-31 22:10:07,175 - [INTERACTION] A-P-A <-> A-P-C-P-A = 0.2502
[INFO] 2026-05-31 22:10:07,178 - [INTERACTION] A-P-T-P-A <-> A-P-A = 0.1840
[INFO] 2026-05-31 22:10:07,181 - [INTERACTION] A-P-T-P-A <-> A-P-C-P-A = 0.0769
[INFO] 2026-05-31 22:10:07,189 - [INTERACTION] A-P-C-P-A <-> A-P-A = 0.2502
[INFO] 2026-05-31 22:10:07,192 - [INTERACTION] A-P-C-P-A <-> A-P-T-P-A = 0.0769
[INFO] 2026-05-31 22:10:07,671 - [SUBSPACE] {1: ['A-P-A'], 0: ['A-P-T-P-A'], 2: ['A-P-C-P-A']}
[INFO] 2026-05-31 22:10:07,672 - [LOCAL] Subspace 1: ['A-P-A']
[INFO] 2026-05-31 22:10:08,459 - [LOCAL] communities=643
[INFO] 2026-05-31 22:10:08,460 - [LOCAL] Subspace 0: ['A-P-T-P-A']
[INFO] 2026-05-31 22:10:08,476 - [LOCAL] communities=3
[INFO] 2026-05-31 22:10:08,476 - [LOCAL] Subspace 2: ['A-P-C-P-A']
[INFO] 2026-05-31 22:10:13,350 - [LOCAL] communities=4
[INFO] 2026-05-31 22:10:32,524 - MASSE consensus nodes=6933 edges=5010572
[INFO] 2026-05-31 22:12:28,428 - MASSE communities=107
[INFO] 2026-05-31 22:12:29,938 - [MASSE] Expanding 0
[INFO] 2026-05-31 22:12:39,646 - [MASSE] Expanding 1
[INFO] 2026-05-31 22:12:44,328 - [MASSE] Expanding 2
[INFO] 2026-05-31 22:12:51,169 - [MASSE] Expanding 3
[INFO] 2026-05-31 22:12:55,645 - [MASSE] Expanding 4
[INFO] 2026-05-31 22:12:56,089 - [MASSE] Expanding 5
[INFO] 2026-05-31 22:12:56,512 - [MASSE] Expanding 6
[INFO] 2026-05-31 22:12:56,937 - [MASSE] Expanding 7
[INFO] 2026-05-31 22:12:57,346 - [MASSE] Expanding 8
[INFO] 2026-05-31 22:12:57,757 - [MASSE] Expanding 9
[INFO] 2026-05-31 22:12:58,164 - [MASSE] Expanding 10
[INFO] 2026-05-31 22:12:58,562 - [MASSE] Expanding 11
[INFO] 2026-05-31 22:12:58,961 - [MASSE] Expanding 12
[INFO] 2026-05-31 22:12:59,358 - [MASSE] Expanding 13
[INFO] 2026-05-31 22:12:59,758 - [MASSE] Expanding 14
[INFO] 2026-05-31 22:13:00,161 - [MASSE] Expanding 15
[INFO] 2026-05-31 22:13:00,557 - [MASSE] Expanding 16
[INFO] 2026-05-31 22:13:00,957 - [MASSE] Expanding 17
[INFO] 2026-05-31 22:13:01,358 - [MASSE] Expanding 18
[INFO] 2026-05-31 22:13:01,757 - [MASSE] Expanding 19
[INFO] 2026-05-31 22:13:02,165 - [MASSE] Expanding 20
[INFO] 2026-05-31 22:13:02,563 - [MASSE] Expanding 21
[INFO] 2026-05-31 22:13:02,958 - [MASSE] Expanding 22
[INFO] 2026-05-31 22:13:03,351 - [MASSE] Expanding 23
[INFO] 2026-05-31 22:13:03,746 - [MASSE] Expanding 24
[INFO] 2026-05-31 22:13:04,140 - [MASSE] Expanding 25
[INFO] 2026-05-31 22:13:04,540 - [MASSE] Expanding 26
[INFO] 2026-05-31 22:13:04,936 - [MASSE] Expanding 27
[INFO] 2026-05-31 22:13:05,330 - [MASSE] Expanding 28
[INFO] 2026-05-31 22:13:05,732 - [MASSE] Expanding 29
[INFO] 2026-05-31 22:13:06,131 - [MASSE] Expanding 30
[INFO] 2026-05-31 22:13:06,529 - [MASSE] Expanding 31
[INFO] 2026-05-31 22:13:06,929 - [MASSE] Expanding 32
[INFO] 2026-05-31 22:13:07,324 - [MASSE] Expanding 33
[INFO] 2026-05-31 22:13:07,717 - [MASSE] Expanding 34
[INFO] 2026-05-31 22:13:08,112 - [MASSE] Expanding 35
[INFO] 2026-05-31 22:13:08,505 - [MASSE] Expanding 36
[INFO] 2026-05-31 22:13:08,900 - [MASSE] Expanding 37
[INFO] 2026-05-31 22:13:09,297 - [MASSE] Expanding 38
[INFO] 2026-05-31 22:13:09,697 - [MASSE] Expanding 39
[INFO] 2026-05-31 22:13:10,093 - [MASSE] Expanding 40
[INFO] 2026-05-31 22:13:10,489 - [MASSE] Expanding 41
[INFO] 2026-05-31 22:13:10,885 - [MASSE] Expanding 42
[INFO] 2026-05-31 22:13:11,282 - [MASSE] Expanding 43
[INFO] 2026-05-31 22:13:11,684 - [MASSE] Expanding 44
[INFO] 2026-05-31 22:13:12,086 - [MASSE] Expanding 45
[INFO] 2026-05-31 22:13:12,482 - [MASSE] Expanding 46
[INFO] 2026-05-31 22:13:12,877 - [MASSE] Expanding 47
[INFO] 2026-05-31 22:13:13,272 - [MASSE] Expanding 48
[INFO] 2026-05-31 22:13:13,667 - [MASSE] Expanding 49
[INFO] 2026-05-31 22:13:14,066 - [MASSE] Expanding 50
[INFO] 2026-05-31 22:13:14,461 - [MASSE] Expanding 51
[INFO] 2026-05-31 22:13:14,857 - [MASSE] Expanding 52
[INFO] 2026-05-31 22:13:15,253 - [MASSE] Expanding 53
[INFO] 2026-05-31 22:13:15,649 - [MASSE] Expanding 54
[INFO] 2026-05-31 22:13:16,048 - [MASSE] Expanding 55
[INFO] 2026-05-31 22:13:16,442 - [MASSE] Expanding 56
[INFO] 2026-05-31 22:13:16,841 - [MASSE] Expanding 57
[INFO] 2026-05-31 22:13:17,243 - [MASSE] Expanding 58
[INFO] 2026-05-31 22:13:17,645 - [MASSE] Expanding 59
[INFO] 2026-05-31 22:13:18,041 - [MASSE] Expanding 60
[INFO] 2026-05-31 22:13:18,438 - [MASSE] Expanding 61
[INFO] 2026-05-31 22:13:18,835 - [MASSE] Expanding 62
[INFO] 2026-05-31 22:13:19,229 - [MASSE] Expanding 63
[INFO] 2026-05-31 22:13:19,624 - [MASSE] Expanding 64
[INFO] 2026-05-31 22:13:20,018 - [MASSE] Expanding 65
[INFO] 2026-05-31 22:13:20,412 - [MASSE] Expanding 66
[INFO] 2026-05-31 22:13:20,812 - [MASSE] Expanding 67
[INFO] 2026-05-31 22:13:21,210 - [MASSE] Expanding 68
[INFO] 2026-05-31 22:13:21,606 - [MASSE] Expanding 69
[INFO] 2026-05-31 22:13:22,005 - [MASSE] Expanding 70
[INFO] 2026-05-31 22:13:22,401 - [MASSE] Expanding 71
[INFO] 2026-05-31 22:13:22,795 - [MASSE] Expanding 72
[INFO] 2026-05-31 22:13:23,190 - [MASSE] Expanding 73
[INFO] 2026-05-31 22:13:23,586 - [MASSE] Expanding 74
[INFO] 2026-05-31 22:13:23,982 - [MASSE] Expanding 75
[INFO] 2026-05-31 22:13:24,381 - [MASSE] Expanding 76
[INFO] 2026-05-31 22:13:24,777 - [MASSE] Expanding 77
[INFO] 2026-05-31 22:13:25,174 - [MASSE] Expanding 78
[INFO] 2026-05-31 22:13:25,570 - [MASSE] Expanding 79
[INFO] 2026-05-31 22:13:25,968 - [MASSE] Expanding 80
[INFO] 2026-05-31 22:13:26,364 - [MASSE] Expanding 81
[INFO] 2026-05-31 22:13:26,761 - [MASSE] Expanding 82
[INFO] 2026-05-31 22:13:27,161 - [MASSE] Expanding 83
[INFO] 2026-05-31 22:13:27,558 - [MASSE] Expanding 84
[INFO] 2026-05-31 22:13:27,954 - [MASSE] Expanding 85
[INFO] 2026-05-31 22:13:28,350 - [MASSE] Expanding 86
[INFO] 2026-05-31 22:13:28,745 - [MASSE] Expanding 87
[INFO] 2026-05-31 22:13:29,139 - [MASSE] Expanding 88
[INFO] 2026-05-31 22:13:29,534 - [MASSE] Expanding 89
[INFO] 2026-05-31 22:13:29,935 - [MASSE] Expanding 90
[INFO] 2026-05-31 22:13:30,331 - [MASSE] Expanding 91
[INFO] 2026-05-31 22:13:30,725 - [MASSE] Expanding 92
[INFO] 2026-05-31 22:13:31,122 - [MASSE] Expanding 93
[INFO] 2026-05-31 22:13:31,519 - [MASSE] Expanding 94
[INFO] 2026-05-31 22:13:31,916 - [MASSE] Expanding 95
[INFO] 2026-05-31 22:13:32,311 - [MASSE] Expanding 96
[INFO] 2026-05-31 22:13:32,704 - [MASSE] Expanding 97
[INFO] 2026-05-31 22:13:33,101 - [MASSE] Expanding 98
[INFO] 2026-05-31 22:13:33,498 - [MASSE] Expanding 99
[INFO] 2026-05-31 22:13:33,895 - [MASSE] Expanding 100
[INFO] 2026-05-31 22:13:34,289 - [MASSE] Expanding 101
[INFO] 2026-05-31 22:13:34,684 - [MASSE] Expanding 102
[INFO] 2026-05-31 22:13:35,079 - [MASSE] Expanding 103
[INFO] 2026-05-31 22:13:35,472 - [MASSE] Expanding 104
[INFO] 2026-05-31 22:13:35,864 - [MASSE] Expanding 105
[INFO] 2026-05-31 22:13:36,257 - [MASSE] Expanding 106
[INFO] 2026-05-31 22:13:56,825 - [EVAL] Modularity=0.6110
[INFO] 2026-05-31 22:13:56,825 - [EVAL] Surprise=0.0000
[INFO] 2026-05-31 22:13:56,825 - [EVAL] Keyword coherence=0.0000
[INFO] 2026-05-31 22:13:56,825 - [EVAL] Community stats={'num_communities': 107, 'avg_size': 364.14953271028037, 'max_size': 12616, 'min_size': 4}
[INFO] 2026-05-31 22:13:56,845 - [NMI DEBUG] matched_nodes=3080
[INFO] 2026-05-31 22:13:56,849 - [NMI] 0.5852
[INFO] 2026-05-31 22:13:56,859 - [NMI DEBUG] matched_nodes=63
[INFO] 2026-05-31 22:13:56,861 - [NMI] 0.4745
[INFO] 2026-05-31 22:13:56,868 - [NMI DEBUG] matched_nodes=20
[INFO] 2026-05-31 22:13:56,870 - [NMI] 0.3723
[INFO] 2026-05-31 22:13:56,872 - Saved communities...
