[INFO] 2026-05-31 22:12:02,340 - [MATRIX] writes shape=(14376, 14475)
[INFO] 2026-05-31 22:12:02,392 - [MATRIX] be_written shape=(14475, 14376)
[INFO] 2026-05-31 22:12:02,410 - [MATRIX] published_in shape=(14376, 20)
[INFO] 2026-05-31 22:12:02,428 - [MATRIX] publish shape=(20, 14376)
[INFO] 2026-05-31 22:12:02,562 - [MATRIX] has_term shape=(14376, 8920)
[INFO] 2026-05-31 22:12:02,692 - [MATRIX] term_in shape=(8920, 14376)
[INFO] 2026-05-31 22:12:02,762 - 
========== Building A-P-A ==========
[INFO] 2026-05-31 22:12:02,768 - A-P-A matrix shape=(14475, 14475)
[INFO] 2026-05-31 22:12:02,933 - A-P-A nodes=5264 edges=8789 total_weight=51362.0000
[INFO] 2026-05-31 22:12:02,936 - 
========== Building A-P-T-P-A ==========
[INFO] 2026-05-31 22:12:16,644 - A-P-T-P-A matrix shape=(14475, 14475)
[INFO] 2026-05-31 22:13:13,237 - A-P-T-P-A nodes=86 edges=351 total_weight=699532.0000
[INFO] 2026-05-31 22:13:13,238 - 
========== Building A-P-C-P-A ==========
[INFO] 2026-05-31 22:13:16,222 - A-P-C-P-A matrix shape=(14475, 14475)
[INFO] 2026-05-31 22:13:35,502 - A-P-C-P-A nodes=5689 edges=92426 total_weight=6194038.0000
[INFO] 2026-05-31 22:13:35,585 - 
========== MASSE Reliability ==========
[INFO] 2026-05-31 22:13:35,603 - A-P-A reliability=0.100661
[INFO] 2026-05-31 22:13:35,604 - A-P-T-P-A reliability=0.147091
[INFO] 2026-05-31 22:13:35,753 - A-P-C-P-A reliability=0.081947
[INFO] 2026-05-31 22:13:39,904 - [INTERACTION] A-P-A <-> A-P-T-P-A = 0.2364
[INFO] 2026-05-31 22:13:39,913 - [INTERACTION] A-P-A <-> A-P-C-P-A = 0.2245
[INFO] 2026-05-31 22:13:39,916 - [INTERACTION] A-P-T-P-A <-> A-P-A = 0.2364
[INFO] 2026-05-31 22:13:39,919 - [INTERACTION] A-P-T-P-A <-> A-P-C-P-A = 0.0360
[INFO] 2026-05-31 22:13:39,928 - [INTERACTION] A-P-C-P-A <-> A-P-A = 0.2245
[INFO] 2026-05-31 22:13:39,931 - [INTERACTION] A-P-C-P-A <-> A-P-T-P-A = 0.0360
[INFO] 2026-05-31 22:13:40,417 - [SUBSPACE] {0: ['A-P-A', 'A-P-T-P-A'], 1: ['A-P-C-P-A']}
[INFO] 2026-05-31 22:13:40,418 - [LOCAL] Subspace 0: ['A-P-A', 'A-P-T-P-A']
[INFO] 2026-05-31 22:13:41,420 - [LOCAL] communities=651
[INFO] 2026-05-31 22:13:41,421 - [LOCAL] Subspace 1: ['A-P-C-P-A']
[INFO] 2026-05-31 22:13:44,725 - [LOCAL] communities=4
[INFO] 2026-05-31 22:14:06,411 - MASSE consensus nodes=6933 edges=5423368
[INFO] 2026-05-31 22:16:25,940 - MASSE communities=105
[INFO] 2026-05-31 22:16:27,552 - [MASSE] Expanding 0
[INFO] 2026-05-31 22:16:46,410 - [MASSE] Expanding 1
[INFO] 2026-05-31 22:17:04,064 - [MASSE] Expanding 2
[INFO] 2026-05-31 22:17:22,821 - [MASSE] Expanding 3
[INFO] 2026-05-31 22:17:39,974 - [MASSE] Expanding 4
[INFO] 2026-05-31 22:17:55,943 - [MASSE] Expanding 5
[INFO] 2026-05-31 22:18:11,796 - [MASSE] Expanding 6
[INFO] 2026-05-31 22:18:27,986 - [MASSE] Expanding 7
[INFO] 2026-05-31 22:18:43,816 - [MASSE] Expanding 8
[INFO] 2026-05-31 22:18:59,678 - [MASSE] Expanding 9
[INFO] 2026-05-31 22:19:15,563 - [MASSE] Expanding 10
[INFO] 2026-05-31 22:19:31,543 - [MASSE] Expanding 11
[INFO] 2026-05-31 22:19:47,190 - [MASSE] Expanding 12
[INFO] 2026-05-31 22:20:02,866 - [MASSE] Expanding 13
[INFO] 2026-05-31 22:20:18,552 - [MASSE] Expanding 14
[INFO] 2026-05-31 22:20:34,199 - [MASSE] Expanding 15
[INFO] 2026-05-31 22:20:50,262 - [MASSE] Expanding 16
[INFO] 2026-05-31 22:21:06,131 - [MASSE] Expanding 17
[INFO] 2026-05-31 22:21:21,975 - [MASSE] Expanding 18
[INFO] 2026-05-31 22:21:37,782 - [MASSE] Expanding 19
[INFO] 2026-05-31 22:21:53,651 - [MASSE] Expanding 20
[INFO] 2026-05-31 22:22:09,448 - [MASSE] Expanding 21
[INFO] 2026-05-31 22:22:25,274 - [MASSE] Expanding 22
[INFO] 2026-05-31 22:22:41,048 - [MASSE] Expanding 23
[INFO] 2026-05-31 22:22:56,872 - [MASSE] Expanding 24
[INFO] 2026-05-31 22:23:12,907 - [MASSE] Expanding 25
[INFO] 2026-05-31 22:23:28,721 - [MASSE] Expanding 26
[INFO] 2026-05-31 22:23:44,536 - [MASSE] Expanding 27
[INFO] 2026-05-31 22:24:00,411 - [MASSE] Expanding 28
[INFO] 2026-05-31 22:24:16,317 - [MASSE] Expanding 29
[INFO] 2026-05-31 22:24:32,171 - [MASSE] Expanding 30
[INFO] 2026-05-31 22:24:48,050 - [MASSE] Expanding 31
[INFO] 2026-05-31 22:25:03,960 - [MASSE] Expanding 32
[INFO] 2026-05-31 22:25:19,823 - [MASSE] Expanding 33
[INFO] 2026-05-31 22:25:35,897 - [MASSE] Expanding 34
[INFO] 2026-05-31 22:25:51,850 - [MASSE] Expanding 35
[INFO] 2026-05-31 22:26:07,721 - [MASSE] Expanding 36
[INFO] 2026-05-31 22:26:23,552 - [MASSE] Expanding 37
[INFO] 2026-05-31 22:26:39,424 - [MASSE] Expanding 38
[INFO] 2026-05-31 22:26:55,268 - [MASSE] Expanding 39
[INFO] 2026-05-31 22:27:11,048 - [MASSE] Expanding 40
[INFO] 2026-05-31 22:27:26,904 - [MASSE] Expanding 41
[INFO] 2026-05-31 22:27:42,799 - [MASSE] Expanding 42
[INFO] 2026-05-31 22:27:58,643 - [MASSE] Expanding 43
[INFO] 2026-05-31 22:28:14,181 - [MASSE] Expanding 44
[INFO] 2026-05-31 22:28:29,719 - [MASSE] Expanding 45
[INFO] 2026-05-31 22:28:45,247 - [MASSE] Expanding 46
[INFO] 2026-05-31 22:29:00,722 - [MASSE] Expanding 47
[INFO] 2026-05-31 22:29:16,320 - [MASSE] Expanding 48
[INFO] 2026-05-31 22:29:31,841 - [MASSE] Expanding 49
[INFO] 2026-05-31 22:29:47,535 - [MASSE] Expanding 50
[INFO] 2026-05-31 22:30:03,061 - [MASSE] Expanding 51
[INFO] 2026-05-31 22:30:18,879 - [MASSE] Expanding 52
[INFO] 2026-05-31 22:30:34,469 - [MASSE] Expanding 53
[INFO] 2026-05-31 22:30:50,103 - [MASSE] Expanding 54
[INFO] 2026-05-31 22:31:05,640 - [MASSE] Expanding 55
[INFO] 2026-05-31 22:31:21,282 - [MASSE] Expanding 56
[INFO] 2026-05-31 22:31:36,901 - [MASSE] Expanding 57
[INFO] 2026-05-31 22:31:52,514 - [MASSE] Expanding 58
[INFO] 2026-05-31 22:32:08,138 - [MASSE] Expanding 59
[INFO] 2026-05-31 22:32:23,770 - [MASSE] Expanding 60
[INFO] 2026-05-31 22:32:39,457 - [MASSE] Expanding 61
[INFO] 2026-05-31 22:32:54,976 - [MASSE] Expanding 62
[INFO] 2026-05-31 22:33:10,493 - [MASSE] Expanding 63
[INFO] 2026-05-31 22:33:25,853 - [MASSE] Expanding 64
[INFO] 2026-05-31 22:33:41,326 - [MASSE] Expanding 65
[INFO] 2026-05-31 22:33:56,889 - [MASSE] Expanding 66
[INFO] 2026-05-31 22:34:12,480 - [MASSE] Expanding 67
[INFO] 2026-05-31 22:34:28,009 - [MASSE] Expanding 68
[INFO] 2026-05-31 22:34:43,514 - [MASSE] Expanding 69
[INFO] 2026-05-31 22:34:59,282 - [MASSE] Expanding 70
[INFO] 2026-05-31 22:35:14,802 - [MASSE] Expanding 71
[INFO] 2026-05-31 22:35:30,338 - [MASSE] Expanding 72
[INFO] 2026-05-31 22:35:45,824 - [MASSE] Expanding 73
[INFO] 2026-05-31 22:36:01,426 - [MASSE] Expanding 74
[INFO] 2026-05-31 22:36:16,853 - [MASSE] Expanding 75
[INFO] 2026-05-31 22:36:32,363 - [MASSE] Expanding 76
[INFO] 2026-05-31 22:36:47,770 - [MASSE] Expanding 77
[INFO] 2026-05-31 22:37:03,240 - [MASSE] Expanding 78
[INFO] 2026-05-31 22:37:19,015 - [MASSE] Expanding 79
[INFO] 2026-05-31 22:37:34,560 - [MASSE] Expanding 80
[INFO] 2026-05-31 22:37:50,112 - [MASSE] Expanding 81
[INFO] 2026-05-31 22:38:05,650 - [MASSE] Expanding 82
[INFO] 2026-05-31 22:38:21,266 - [MASSE] Expanding 83
[INFO] 2026-05-31 22:38:36,892 - [MASSE] Expanding 84
[INFO] 2026-05-31 22:38:52,561 - [MASSE] Expanding 85
[INFO] 2026-05-31 22:39:08,265 - [MASSE] Expanding 86
[INFO] 2026-05-31 22:39:24,142 - [MASSE] Expanding 87
[INFO] 2026-05-31 22:39:39,995 - [MASSE] Expanding 88
[INFO] 2026-05-31 22:39:55,639 - [MASSE] Expanding 89
[INFO] 2026-05-31 22:40:11,339 - [MASSE] Expanding 90
[INFO] 2026-05-31 22:40:26,996 - [MASSE] Expanding 91
[INFO] 2026-05-31 22:40:42,561 - [MASSE] Expanding 92
[INFO] 2026-05-31 22:40:58,088 - [MASSE] Expanding 93
[INFO] 2026-05-31 22:41:13,500 - [MASSE] Expanding 94
[INFO] 2026-05-31 22:41:28,972 - [MASSE] Expanding 95
[INFO] 2026-05-31 22:41:44,485 - [MASSE] Expanding 96
[INFO] 2026-05-31 22:42:00,175 - [MASSE] Expanding 97
[INFO] 2026-05-31 22:42:15,729 - [MASSE] Expanding 98
[INFO] 2026-05-31 22:42:31,318 - [MASSE] Expanding 99
[INFO] 2026-05-31 22:42:47,134 - [MASSE] Expanding 100
[INFO] 2026-05-31 22:43:02,790 - [MASSE] Expanding 101
[INFO] 2026-05-31 22:43:18,406 - [MASSE] Expanding 102
[INFO] 2026-05-31 22:43:34,003 - [MASSE] Expanding 103
[INFO] 2026-05-31 22:43:49,630 - [MASSE] Expanding 104
[INFO] 2026-05-31 22:44:26,878 - [EVAL] Modularity=0.5598
[INFO] 2026-05-31 22:44:26,878 - [EVAL] Surprise=0.0000
[INFO] 2026-05-31 22:44:26,878 - [EVAL] Keyword coherence=0.0000
[INFO] 2026-05-31 22:44:26,878 - [EVAL] Community stats={'num_communities': 105, 'avg_size': 23382.02857142857, 'max_size': 25835, 'min_size': 23318}
[INFO] 2026-05-31 22:44:27,639 - [NMI DEBUG] matched_nodes=3080
[INFO] 2026-05-31 22:44:27,644 - [NMI] 0.5903
[INFO] 2026-05-31 22:44:28,201 - [NMI DEBUG] matched_nodes=100
[INFO] 2026-05-31 22:44:28,203 - [NMI] 0.0000
[INFO] 2026-05-31 22:44:28,682 - [NMI DEBUG] matched_nodes=20
[INFO] 2026-05-31 22:44:28,684 - [NMI] 0.0000
[INFO] 2026-05-31 22:44:28,687 - Saved communities...
