[INFO] 2026-05-25 01:36:14,504 - [MATRIX] writes shape=(14376, 14475)
[INFO] 2026-05-25 01:36:14,533 - [MATRIX] be_written shape=(14475, 14376)
[INFO] 2026-05-25 01:36:14,544 - [MATRIX] published_in shape=(14376, 20)
[INFO] 2026-05-25 01:36:14,553 - [MATRIX] publish shape=(20, 14376)
[INFO] 2026-05-25 01:36:14,631 - [MATRIX] has_term shape=(14376, 8920)
[INFO] 2026-05-25 01:36:14,709 - [MATRIX] term_in shape=(8920, 14376)
[INFO] 2026-05-25 01:36:14,746 - 
========== Building A-P-A ==========
[INFO] 2026-05-25 01:36:14,749 - A-P-A matrix shape=(14475, 14475)
[INFO] 2026-05-25 01:36:14,811 - A-P-A nodes=5264 edges=8789 total_weight=51362.0000
[INFO] 2026-05-25 01:36:14,812 - 
========== Building A-P-C-P-A ==========
[INFO] 2026-05-25 01:36:16,762 - A-P-C-P-A matrix shape=(14475, 14475)
[INFO] 2026-05-25 01:36:25,267 - A-P-C-P-A nodes=5689 edges=92426 total_weight=6194038.0000
[INFO] 2026-05-25 01:36:25,310 - 
========== MASSE Reliability ==========
[INFO] 2026-05-25 01:36:25,321 - A-P-A reliability=0.100661
[INFO] 2026-05-25 01:36:25,393 - A-P-C-P-A reliability=0.081947
[INFO] 2026-05-25 01:36:27,517 - [INTERACTION] A-P-A <-> A-P-C-P-A = 0.2519
[INFO] 2026-05-25 01:36:27,522 - [INTERACTION] A-P-C-P-A <-> A-P-A = 0.2519
[INFO] 2026-05-25 01:36:28,473 - MASSE consensus nodes=6933 edges=80496
[INFO] 2026-05-25 01:36:29,753 - MASSE communities=114
[INFO] 2026-05-25 01:36:30,211 - [MASSE] Expanding 0
[INFO] 2026-05-25 01:36:42,621 - [MASSE] Expanding 1
[INFO] 2026-05-25 01:36:55,675 - [MASSE] Expanding 2
[INFO] 2026-05-25 01:37:08,949 - [MASSE] Expanding 3
[INFO] 2026-05-25 01:37:21,795 - [MASSE] Expanding 4
[INFO] 2026-05-25 01:37:33,050 - [MASSE] Expanding 5
[INFO] 2026-05-25 01:37:44,090 - [MASSE] Expanding 6
[INFO] 2026-05-25 01:37:55,112 - [MASSE] Expanding 7
[INFO] 2026-05-25 01:38:06,215 - [MASSE] Expanding 8
[INFO] 2026-05-25 01:38:17,331 - [MASSE] Expanding 9
[INFO] 2026-05-25 01:38:28,279 - [MASSE] Expanding 10
[INFO] 2026-05-25 01:38:39,260 - [MASSE] Expanding 11
[INFO] 2026-05-25 01:38:50,329 - [MASSE] Expanding 12
[INFO] 2026-05-25 01:39:01,593 - [MASSE] Expanding 13
[INFO] 2026-05-25 01:39:12,789 - [MASSE] Expanding 14
[INFO] 2026-05-25 01:39:24,027 - [MASSE] Expanding 15
[INFO] 2026-05-25 01:39:35,076 - [MASSE] Expanding 16
[INFO] 2026-05-25 01:39:46,125 - [MASSE] Expanding 17
[INFO] 2026-05-25 01:39:57,165 - [MASSE] Expanding 18
[INFO] 2026-05-25 01:40:08,184 - [MASSE] Expanding 19
[INFO] 2026-05-25 01:40:19,241 - [MASSE] Expanding 20
[INFO] 2026-05-25 01:40:30,453 - [MASSE] Expanding 21
[INFO] 2026-05-25 01:40:41,494 - [MASSE] Expanding 22
[INFO] 2026-05-25 01:40:52,675 - [MASSE] Expanding 23
[INFO] 2026-05-25 01:41:04,008 - [MASSE] Expanding 24
[INFO] 2026-05-25 01:41:15,325 - [MASSE] Expanding 25
[INFO] 2026-05-25 01:41:27,405 - [MASSE] Expanding 26
[INFO] 2026-05-25 01:41:38,669 - [MASSE] Expanding 27
[INFO] 2026-05-25 01:41:49,927 - [MASSE] Expanding 28
[INFO] 2026-05-25 01:42:01,186 - [MASSE] Expanding 29
[INFO] 2026-05-25 01:42:12,438 - [MASSE] Expanding 30
[INFO] 2026-05-25 01:42:23,701 - [MASSE] Expanding 31
[INFO] 2026-05-25 01:42:34,938 - [MASSE] Expanding 32
[INFO] 2026-05-25 01:42:46,315 - [MASSE] Expanding 33
[INFO] 2026-05-25 01:42:57,751 - [MASSE] Expanding 34
[INFO] 2026-05-25 01:43:09,214 - [MASSE] Expanding 35
[INFO] 2026-05-25 01:43:20,503 - [MASSE] Expanding 36
[INFO] 2026-05-25 01:43:31,724 - [MASSE] Expanding 37
[INFO] 2026-05-25 01:43:43,020 - [MASSE] Expanding 38
[INFO] 2026-05-25 01:43:54,343 - [MASSE] Expanding 39
[INFO] 2026-05-25 01:44:05,534 - [MASSE] Expanding 40
[INFO] 2026-05-25 01:44:16,672 - [MASSE] Expanding 41
[INFO] 2026-05-25 01:44:27,825 - [MASSE] Expanding 42
[INFO] 2026-05-25 01:44:39,073 - [MASSE] Expanding 43
[INFO] 2026-05-25 01:44:50,384 - [MASSE] Expanding 44
[INFO] 2026-05-25 01:45:02,168 - [MASSE] Expanding 45
[INFO] 2026-05-25 01:45:13,815 - [MASSE] Expanding 46
[INFO] 2026-05-25 01:45:24,955 - [MASSE] Expanding 47
[INFO] 2026-05-25 01:45:36,099 - [MASSE] Expanding 48
[INFO] 2026-05-25 01:45:47,260 - [MASSE] Expanding 49
[INFO] 2026-05-25 01:45:58,400 - [MASSE] Expanding 50
[INFO] 2026-05-25 01:46:09,587 - [MASSE] Expanding 51
[INFO] 2026-05-25 01:46:20,710 - [MASSE] Expanding 52
[INFO] 2026-05-25 01:46:31,884 - [MASSE] Expanding 53
[INFO] 2026-05-25 01:46:43,177 - [MASSE] Expanding 54
[INFO] 2026-05-25 01:46:55,900 - [MASSE] Expanding 55
[INFO] 2026-05-25 01:47:07,820 - [MASSE] Expanding 56
[INFO] 2026-05-25 01:47:19,008 - [MASSE] Expanding 57
[INFO] 2026-05-25 01:47:30,051 - [MASSE] Expanding 58
[INFO] 2026-05-25 01:47:41,074 - [MASSE] Expanding 59
[INFO] 2026-05-25 01:47:52,051 - [MASSE] Expanding 60
[INFO] 2026-05-25 01:48:03,047 - [MASSE] Expanding 61
[INFO] 2026-05-25 01:48:14,090 - [MASSE] Expanding 62
[INFO] 2026-05-25 01:48:25,101 - [MASSE] Expanding 63
[INFO] 2026-05-25 01:48:36,287 - [MASSE] Expanding 64
[INFO] 2026-05-25 01:48:47,526 - [MASSE] Expanding 65
[INFO] 2026-05-25 01:48:58,705 - [MASSE] Expanding 66
[INFO] 2026-05-25 01:49:09,706 - [MASSE] Expanding 67
[INFO] 2026-05-25 01:49:20,756 - [MASSE] Expanding 68
[INFO] 2026-05-25 01:49:31,765 - [MASSE] Expanding 69
[INFO] 2026-05-25 01:49:42,741 - [MASSE] Expanding 70
[INFO] 2026-05-25 01:49:53,809 - [MASSE] Expanding 71
[INFO] 2026-05-25 01:50:04,837 - [MASSE] Expanding 72
[INFO] 2026-05-25 01:50:15,866 - [MASSE] Expanding 73
[INFO] 2026-05-25 01:50:26,988 - [MASSE] Expanding 74
[INFO] 2026-05-25 01:50:38,375 - [MASSE] Expanding 75
[INFO] 2026-05-25 01:50:49,561 - [MASSE] Expanding 76
[INFO] 2026-05-25 01:51:00,669 - [MASSE] Expanding 77
[INFO] 2026-05-25 01:51:11,738 - [MASSE] Expanding 78
[INFO] 2026-05-25 01:51:22,761 - [MASSE] Expanding 79
[INFO] 2026-05-25 01:51:33,779 - [MASSE] Expanding 80
[INFO] 2026-05-25 01:51:44,807 - [MASSE] Expanding 81
[INFO] 2026-05-25 01:51:55,843 - [MASSE] Expanding 82
[INFO] 2026-05-25 01:52:06,868 - [MASSE] Expanding 83
[INFO] 2026-05-25 01:52:17,908 - [MASSE] Expanding 84
[INFO] 2026-05-25 01:52:29,100 - [MASSE] Expanding 85
[INFO] 2026-05-25 01:52:40,290 - [MASSE] Expanding 86
[INFO] 2026-05-25 01:52:51,459 - [MASSE] Expanding 87
[INFO] 2026-05-25 01:53:02,464 - [MASSE] Expanding 88
[INFO] 2026-05-25 01:53:13,474 - [MASSE] Expanding 89
[INFO] 2026-05-25 01:53:24,542 - [MASSE] Expanding 90
[INFO] 2026-05-25 01:53:35,592 - [MASSE] Expanding 91
[INFO] 2026-05-25 01:53:46,624 - [MASSE] Expanding 92
[INFO] 2026-05-25 01:53:57,749 - [MASSE] Expanding 93
[INFO] 2026-05-25 01:54:08,749 - [MASSE] Expanding 94
[INFO] 2026-05-25 01:54:19,898 - [MASSE] Expanding 95
[INFO] 2026-05-25 01:54:31,145 - [MASSE] Expanding 96
[INFO] 2026-05-25 01:54:42,342 - [MASSE] Expanding 97
[INFO] 2026-05-25 01:54:53,462 - [MASSE] Expanding 98
[INFO] 2026-05-25 01:55:04,496 - [MASSE] Expanding 99
[INFO] 2026-05-25 01:55:15,505 - [MASSE] Expanding 100
[INFO] 2026-05-25 01:55:26,497 - [MASSE] Expanding 101
[INFO] 2026-05-25 01:55:37,525 - [MASSE] Expanding 102
[INFO] 2026-05-25 01:55:48,560 - [MASSE] Expanding 103
[INFO] 2026-05-25 01:55:59,561 - [MASSE] Expanding 104
[INFO] 2026-05-25 01:56:10,640 - [MASSE] Expanding 105
[INFO] 2026-05-25 01:56:21,845 - [MASSE] Expanding 106
[INFO] 2026-05-25 01:56:33,073 - [MASSE] Expanding 107
[INFO] 2026-05-25 01:56:44,245 - [MASSE] Expanding 108
[INFO] 2026-05-25 01:56:55,262 - [MASSE] Expanding 109
[INFO] 2026-05-25 01:57:06,312 - [MASSE] Expanding 110
[INFO] 2026-05-25 01:57:17,512 - [MASSE] Expanding 111
[INFO] 2026-05-25 01:57:28,525 - [MASSE] Expanding 112
[INFO] 2026-05-25 01:57:39,573 - [MASSE] Expanding 113
[INFO] 2026-05-25 01:57:51,054 - [EVAL] Modularity=0.5407
[INFO] 2026-05-25 01:57:51,054 - [EVAL] Surprise=0.0000
[INFO] 2026-05-25 01:57:51,054 - [EVAL] Keyword coherence=0.0000
[INFO] 2026-05-25 01:57:51,054 - [EVAL] Community stats={'num_communities': 114, 'avg_size': np.float64(4.0), 'max_size': np.int64(4), 'min_size': np.int64(4)}
[INFO] 2026-05-25 01:57:51,540 - [NMI DEBUG] matched_nodes=3080
[INFO] 2026-05-25 01:57:51,544 - [NMI] 0.6221
[INFO] 2026-05-25 01:57:51,922 - [NMI DEBUG] matched_nodes=11400
[INFO] 2026-05-25 01:57:51,928 - [NMI] 0.0000
[INFO] 2026-05-25 01:57:52,230 - [NMI DEBUG] matched_nodes=2280
[INFO] 2026-05-25 01:57:52,232 - [NMI] 0.0000
[INFO] 2026-05-25 01:57:52,237 - Saved communities...
