[INFO] 2026-05-28 15:21:19,058 - [MATRIX] writes shape=(14376, 14475)
[INFO] 2026-05-28 15:21:19,081 - [MATRIX] be_written shape=(14475, 14376)
[INFO] 2026-05-28 15:21:19,089 - [MATRIX] published_in shape=(14376, 20)
[INFO] 2026-05-28 15:21:19,098 - [MATRIX] publish shape=(20, 14376)
[INFO] 2026-05-28 15:21:19,165 - [MATRIX] has_term shape=(14376, 8920)
[INFO] 2026-05-28 15:21:19,233 - [MATRIX] term_in shape=(8920, 14376)
[INFO] 2026-05-28 15:21:19,291 - 
========== Building A-P-A ==========
[INFO] 2026-05-28 15:21:19,295 - A-P-A matrix shape=(14475, 14475)
[INFO] 2026-05-28 15:21:19,387 - A-P-A nodes=5264 edges=8789 total_weight=51362.0000
[INFO] 2026-05-28 15:21:19,388 - 
========== Building A-P-T-P-A ==========
[INFO] 2026-05-28 15:21:29,388 - A-P-T-P-A matrix shape=(14475, 14475)
[INFO] 2026-05-28 15:21:55,629 - A-P-T-P-A nodes=86 edges=351 total_weight=699532.0000
[INFO] 2026-05-28 15:21:55,630 - 
========== Building A-P-C-P-A ==========
[INFO] 2026-05-28 15:21:58,043 - A-P-C-P-A matrix shape=(14475, 14475)
[INFO] 2026-05-28 15:22:07,807 - A-P-C-P-A nodes=5689 edges=92426 total_weight=6194038.0000
[INFO] 2026-05-28 15:22:07,865 - 
========== MASSE Reliability ==========
[INFO] 2026-05-28 15:22:07,876 - A-P-A reliability=0.100661
[INFO] 2026-05-28 15:22:07,876 - A-P-T-P-A reliability=0.147091
[INFO] 2026-05-28 15:22:07,952 - A-P-C-P-A reliability=0.081947
[INFO] 2026-05-28 15:22:09,828 - [INTERACTION] A-P-A <-> A-P-T-P-A = 0.2308
[INFO] 2026-05-28 15:22:09,834 - [INTERACTION] A-P-A <-> A-P-C-P-A = 0.2144
[INFO] 2026-05-28 15:22:09,836 - [INTERACTION] A-P-T-P-A <-> A-P-A = 0.2308
[INFO] 2026-05-28 15:22:09,839 - [INTERACTION] A-P-T-P-A <-> A-P-C-P-A = 0.0453
[INFO] 2026-05-28 15:22:09,844 - [INTERACTION] A-P-C-P-A <-> A-P-A = 0.2144
[INFO] 2026-05-28 15:22:09,847 - [INTERACTION] A-P-C-P-A <-> A-P-T-P-A = 0.0453
[INFO] 2026-05-28 15:22:11,042 - MASSE consensus nodes=6933 edges=78189
[INFO] 2026-05-28 15:22:12,494 - MASSE communities=102
[INFO] 2026-05-28 15:22:12,721 - [MASSE] Expanding 0
[INFO] 2026-05-28 15:22:20,956 - [MASSE] Expanding 1
[INFO] 2026-05-28 15:22:24,833 - [MASSE] Expanding 2
[INFO] 2026-05-28 15:22:30,020 - [MASSE] Expanding 3
[INFO] 2026-05-28 15:22:32,945 - [MASSE] Expanding 4
[INFO] 2026-05-28 15:22:33,201 - [MASSE] Expanding 5
[INFO] 2026-05-28 15:22:33,448 - [MASSE] Expanding 6
[INFO] 2026-05-28 15:22:33,698 - [MASSE] Expanding 7
[INFO] 2026-05-28 15:22:33,958 - [MASSE] Expanding 8
[INFO] 2026-05-28 15:22:34,216 - [MASSE] Expanding 9
[INFO] 2026-05-28 15:22:34,462 - [MASSE] Expanding 10
[INFO] 2026-05-28 15:22:34,703 - [MASSE] Expanding 11
[INFO] 2026-05-28 15:22:34,949 - [MASSE] Expanding 12
[INFO] 2026-05-28 15:22:35,199 - [MASSE] Expanding 13
[INFO] 2026-05-28 15:22:35,438 - [MASSE] Expanding 14
[INFO] 2026-05-28 15:22:35,690 - [MASSE] Expanding 15
[INFO] 2026-05-28 15:22:35,943 - [MASSE] Expanding 16
[INFO] 2026-05-28 15:22:36,191 - [MASSE] Expanding 17
[INFO] 2026-05-28 15:22:36,437 - [MASSE] Expanding 18
[INFO] 2026-05-28 15:22:36,682 - [MASSE] Expanding 19
[INFO] 2026-05-28 15:22:36,916 - [MASSE] Expanding 20
[INFO] 2026-05-28 15:22:37,153 - [MASSE] Expanding 21
[INFO] 2026-05-28 15:22:37,399 - [MASSE] Expanding 22
[INFO] 2026-05-28 15:22:37,642 - [MASSE] Expanding 23
[INFO] 2026-05-28 15:22:37,902 - [MASSE] Expanding 24
[INFO] 2026-05-28 15:22:38,151 - [MASSE] Expanding 25
[INFO] 2026-05-28 15:22:38,406 - [MASSE] Expanding 26
[INFO] 2026-05-28 15:22:38,659 - [MASSE] Expanding 27
[INFO] 2026-05-28 15:22:38,911 - [MASSE] Expanding 28
[INFO] 2026-05-28 15:22:39,157 - [MASSE] Expanding 29
[INFO] 2026-05-28 15:22:39,408 - [MASSE] Expanding 30
[INFO] 2026-05-28 15:22:39,662 - [MASSE] Expanding 31
[INFO] 2026-05-28 15:22:39,906 - [MASSE] Expanding 32
[INFO] 2026-05-28 15:22:40,162 - [MASSE] Expanding 33
[INFO] 2026-05-28 15:22:40,421 - [MASSE] Expanding 34
[INFO] 2026-05-28 15:22:40,657 - [MASSE] Expanding 35
[INFO] 2026-05-28 15:22:40,919 - [MASSE] Expanding 36
[INFO] 2026-05-28 15:22:41,172 - [MASSE] Expanding 37
[INFO] 2026-05-28 15:22:41,410 - [MASSE] Expanding 38
[INFO] 2026-05-28 15:22:41,656 - [MASSE] Expanding 39
[INFO] 2026-05-28 15:22:41,918 - [MASSE] Expanding 40
[INFO] 2026-05-28 15:22:42,162 - [MASSE] Expanding 41
[INFO] 2026-05-28 15:22:42,401 - [MASSE] Expanding 42
[INFO] 2026-05-28 15:22:42,641 - [MASSE] Expanding 43
[INFO] 2026-05-28 15:22:42,894 - [MASSE] Expanding 44
[INFO] 2026-05-28 15:22:43,142 - [MASSE] Expanding 45
[INFO] 2026-05-28 15:22:43,376 - [MASSE] Expanding 46
[INFO] 2026-05-28 15:22:43,609 - [MASSE] Expanding 47
[INFO] 2026-05-28 15:22:43,844 - [MASSE] Expanding 48
[INFO] 2026-05-28 15:22:44,105 - [MASSE] Expanding 49
[INFO] 2026-05-28 15:22:44,361 - [MASSE] Expanding 50
[INFO] 2026-05-28 15:22:44,615 - [MASSE] Expanding 51
[INFO] 2026-05-28 15:22:44,860 - [MASSE] Expanding 52
[INFO] 2026-05-28 15:22:45,110 - [MASSE] Expanding 53
[INFO] 2026-05-28 15:22:45,350 - [MASSE] Expanding 54
[INFO] 2026-05-28 15:22:45,599 - [MASSE] Expanding 55
[INFO] 2026-05-28 15:22:45,839 - [MASSE] Expanding 56
[INFO] 2026-05-28 15:22:46,080 - [MASSE] Expanding 57
[INFO] 2026-05-28 15:22:46,319 - [MASSE] Expanding 58
[INFO] 2026-05-28 15:22:46,561 - [MASSE] Expanding 59
[INFO] 2026-05-28 15:22:46,827 - [MASSE] Expanding 60
[INFO] 2026-05-28 15:22:47,071 - [MASSE] Expanding 61
[INFO] 2026-05-28 15:22:47,316 - [MASSE] Expanding 62
[INFO] 2026-05-28 15:22:47,560 - [MASSE] Expanding 63
[INFO] 2026-05-28 15:22:47,810 - [MASSE] Expanding 64
[INFO] 2026-05-28 15:22:48,047 - [MASSE] Expanding 65
[INFO] 2026-05-28 15:22:48,284 - [MASSE] Expanding 66
[INFO] 2026-05-28 15:22:48,541 - [MASSE] Expanding 67
[INFO] 2026-05-28 15:22:48,800 - [MASSE] Expanding 68
[INFO] 2026-05-28 15:22:49,058 - [MASSE] Expanding 69
[INFO] 2026-05-28 15:22:49,301 - [MASSE] Expanding 70
[INFO] 2026-05-28 15:22:49,545 - [MASSE] Expanding 71
[INFO] 2026-05-28 15:22:49,782 - [MASSE] Expanding 72
[INFO] 2026-05-28 15:22:50,029 - [MASSE] Expanding 73
[INFO] 2026-05-28 15:22:50,278 - [MASSE] Expanding 74
[INFO] 2026-05-28 15:22:50,513 - [MASSE] Expanding 75
[INFO] 2026-05-28 15:22:50,745 - [MASSE] Expanding 76
[INFO] 2026-05-28 15:22:50,987 - [MASSE] Expanding 77
[INFO] 2026-05-28 15:22:51,247 - [MASSE] Expanding 78
[INFO] 2026-05-28 15:22:51,480 - [MASSE] Expanding 79
[INFO] 2026-05-28 15:22:51,718 - [MASSE] Expanding 80
[INFO] 2026-05-28 15:22:51,969 - [MASSE] Expanding 81
[INFO] 2026-05-28 15:22:52,208 - [MASSE] Expanding 82
[INFO] 2026-05-28 15:22:52,435 - [MASSE] Expanding 83
[INFO] 2026-05-28 15:22:52,671 - [MASSE] Expanding 84
[INFO] 2026-05-28 15:22:52,921 - [MASSE] Expanding 85
[INFO] 2026-05-28 15:22:53,153 - [MASSE] Expanding 86
[INFO] 2026-05-28 15:22:53,410 - [MASSE] Expanding 87
[INFO] 2026-05-28 15:22:53,642 - [MASSE] Expanding 88
[INFO] 2026-05-28 15:22:53,895 - [MASSE] Expanding 89
[INFO] 2026-05-28 15:22:54,139 - [MASSE] Expanding 90
[INFO] 2026-05-28 15:22:54,373 - [MASSE] Expanding 91
[INFO] 2026-05-28 15:22:54,618 - [MASSE] Expanding 92
[INFO] 2026-05-28 15:22:54,868 - [MASSE] Expanding 93
[INFO] 2026-05-28 15:22:55,124 - [MASSE] Expanding 94
[INFO] 2026-05-28 15:22:55,361 - [MASSE] Expanding 95
[INFO] 2026-05-28 15:22:55,604 - [MASSE] Expanding 96
[INFO] 2026-05-28 15:22:55,838 - [MASSE] Expanding 97
[INFO] 2026-05-28 15:22:56,082 - [MASSE] Expanding 98
[INFO] 2026-05-28 15:22:56,315 - [MASSE] Expanding 99
[INFO] 2026-05-28 15:22:56,549 - [MASSE] Expanding 100
[INFO] 2026-05-28 15:22:56,789 - [MASSE] Expanding 101
[INFO] 2026-05-28 15:22:57,422 - [EVAL] Modularity=0.6156
[INFO] 2026-05-28 15:22:57,423 - [EVAL] Surprise=0.0000
[INFO] 2026-05-28 15:22:57,423 - [EVAL] Keyword coherence=0.0000
[INFO] 2026-05-28 15:22:57,423 - [EVAL] Community stats={'num_communities': 102, 'avg_size': 375.8137254901961, 'max_size': 12997, 'min_size': 4}
[INFO] 2026-05-28 15:22:57,434 - [NMI DEBUG] matched_nodes=3080
[INFO] 2026-05-28 15:22:57,437 - [NMI] 0.6033
[INFO] 2026-05-28 15:22:57,443 - [NMI DEBUG] matched_nodes=64
[INFO] 2026-05-28 15:22:57,445 - [NMI] 0.4761
[INFO] 2026-05-28 15:22:57,450 - [NMI DEBUG] matched_nodes=20
[INFO] 2026-05-28 15:22:57,452 - [NMI] 0.3723
[INFO] 2026-05-28 15:22:57,453 - Saved communities...
