[INFO] 2026-05-28 15:37:30,919 - [MATRIX] writes shape=(14376, 14475)
[INFO] 2026-05-28 15:37:30,945 - [MATRIX] be_written shape=(14475, 14376)
[INFO] 2026-05-28 15:37:30,953 - [MATRIX] published_in shape=(14376, 20)
[INFO] 2026-05-28 15:37:30,962 - [MATRIX] publish shape=(20, 14376)
[INFO] 2026-05-28 15:37:31,031 - [MATRIX] has_term shape=(14376, 8920)
[INFO] 2026-05-28 15:37:31,095 - [MATRIX] term_in shape=(8920, 14376)
[INFO] 2026-05-28 15:37:31,153 - 
========== Building A-P-A ==========
[INFO] 2026-05-28 15:37:31,158 - A-P-A matrix shape=(14475, 14475)
[INFO] 2026-05-28 15:37:31,258 - A-P-A nodes=5264 edges=8789 total_weight=51362.0000
[INFO] 2026-05-28 15:37:31,259 - 
========== Building A-P-T-P-A ==========
[INFO] 2026-05-28 15:37:41,220 - A-P-T-P-A matrix shape=(14475, 14475)
[INFO] 2026-05-28 15:38:07,553 - A-P-T-P-A nodes=86 edges=351 total_weight=699532.0000
[INFO] 2026-05-28 15:38:07,553 - 
========== Building A-P-C-P-A ==========
[INFO] 2026-05-28 15:38:09,931 - A-P-C-P-A matrix shape=(14475, 14475)
[INFO] 2026-05-28 15:38:19,588 - A-P-C-P-A nodes=5689 edges=92426 total_weight=6194038.0000
[INFO] 2026-05-28 15:38:19,641 - 
========== MASSE Reliability ==========
[INFO] 2026-05-28 15:38:19,651 - A-P-A reliability=0.100661
[INFO] 2026-05-28 15:38:19,651 - A-P-T-P-A reliability=0.147091
[INFO] 2026-05-28 15:38:19,720 - A-P-C-P-A reliability=0.081947
[INFO] 2026-05-28 15:38:21,485 - [INTERACTION] A-P-A <-> A-P-T-P-A = 0.2084
[INFO] 2026-05-28 15:38:21,491 - [INTERACTION] A-P-A <-> A-P-C-P-A = 0.2482
[INFO] 2026-05-28 15:38:21,494 - [INTERACTION] A-P-T-P-A <-> A-P-A = 0.2084
[INFO] 2026-05-28 15:38:21,497 - [INTERACTION] A-P-T-P-A <-> A-P-C-P-A = 0.0994
[INFO] 2026-05-28 15:38:21,502 - [INTERACTION] A-P-C-P-A <-> A-P-A = 0.2482
[INFO] 2026-05-28 15:38:21,505 - [INTERACTION] A-P-C-P-A <-> A-P-T-P-A = 0.0994
[INFO] 2026-05-28 15:38:22,646 - MASSE consensus nodes=6933 edges=81974
[INFO] 2026-05-28 15:38:24,003 - MASSE communities=115
[INFO] 2026-05-28 15:38:24,229 - [MASSE] Expanding 0
[INFO] 2026-05-28 15:38:27,875 - [MASSE] Expanding 1
[INFO] 2026-05-28 15:38:31,998 - [MASSE] Expanding 2
[INFO] 2026-05-28 15:38:36,798 - [MASSE] Expanding 3
[INFO] 2026-05-28 15:38:41,121 - [MASSE] Expanding 4
[INFO] 2026-05-28 15:38:41,565 - [MASSE] Expanding 5
[INFO] 2026-05-28 15:38:41,828 - [MASSE] Expanding 6
[INFO] 2026-05-28 15:38:42,078 - [MASSE] Expanding 7
[INFO] 2026-05-28 15:38:42,315 - [MASSE] Expanding 8
[INFO] 2026-05-28 15:38:42,563 - [MASSE] Expanding 9
[INFO] 2026-05-28 15:38:42,809 - [MASSE] Expanding 10
[INFO] 2026-05-28 15:38:43,042 - [MASSE] Expanding 11
[INFO] 2026-05-28 15:38:43,285 - [MASSE] Expanding 12
[INFO] 2026-05-28 15:38:43,525 - [MASSE] Expanding 13
[INFO] 2026-05-28 15:38:43,774 - [MASSE] Expanding 14
[INFO] 2026-05-28 15:38:44,036 - [MASSE] Expanding 15
[INFO] 2026-05-28 15:38:44,290 - [MASSE] Expanding 16
[INFO] 2026-05-28 15:38:44,538 - [MASSE] Expanding 17
[INFO] 2026-05-28 15:38:44,782 - [MASSE] Expanding 18
[INFO] 2026-05-28 15:38:45,023 - [MASSE] Expanding 19
[INFO] 2026-05-28 15:38:45,267 - [MASSE] Expanding 20
[INFO] 2026-05-28 15:38:45,513 - [MASSE] Expanding 21
[INFO] 2026-05-28 15:38:45,756 - [MASSE] Expanding 22
[INFO] 2026-05-28 15:38:46,011 - [MASSE] Expanding 23
[INFO] 2026-05-28 15:38:46,253 - [MASSE] Expanding 24
[INFO] 2026-05-28 15:38:46,489 - [MASSE] Expanding 25
[INFO] 2026-05-28 15:38:46,726 - [MASSE] Expanding 26
[INFO] 2026-05-28 15:38:46,961 - [MASSE] Expanding 27
[INFO] 2026-05-28 15:38:47,200 - [MASSE] Expanding 28
[INFO] 2026-05-28 15:38:47,452 - [MASSE] Expanding 29
[INFO] 2026-05-28 15:38:47,718 - [MASSE] Expanding 30
[INFO] 2026-05-28 15:38:47,967 - [MASSE] Expanding 31
[INFO] 2026-05-28 15:38:48,208 - [MASSE] Expanding 32
[INFO] 2026-05-28 15:38:48,444 - [MASSE] Expanding 33
[INFO] 2026-05-28 15:38:48,681 - [MASSE] Expanding 34
[INFO] 2026-05-28 15:38:48,916 - [MASSE] Expanding 35
[INFO] 2026-05-28 15:38:49,157 - [MASSE] Expanding 36
[INFO] 2026-05-28 15:38:49,388 - [MASSE] Expanding 37
[INFO] 2026-05-28 15:38:49,630 - [MASSE] Expanding 38
[INFO] 2026-05-28 15:38:49,875 - [MASSE] Expanding 39
[INFO] 2026-05-28 15:38:50,128 - [MASSE] Expanding 40
[INFO] 2026-05-28 15:38:50,397 - [MASSE] Expanding 41
[INFO] 2026-05-28 15:38:50,640 - [MASSE] Expanding 42
[INFO] 2026-05-28 15:38:50,876 - [MASSE] Expanding 43
[INFO] 2026-05-28 15:38:51,120 - [MASSE] Expanding 44
[INFO] 2026-05-28 15:38:51,357 - [MASSE] Expanding 45
[INFO] 2026-05-28 15:38:51,596 - [MASSE] Expanding 46
[INFO] 2026-05-28 15:38:51,829 - [MASSE] Expanding 47
[INFO] 2026-05-28 15:38:52,066 - [MASSE] Expanding 48
[INFO] 2026-05-28 15:38:52,297 - [MASSE] Expanding 49
[INFO] 2026-05-28 15:38:52,535 - [MASSE] Expanding 50
[INFO] 2026-05-28 15:38:52,771 - [MASSE] Expanding 51
[INFO] 2026-05-28 15:38:53,007 - [MASSE] Expanding 52
[INFO] 2026-05-28 15:38:53,238 - [MASSE] Expanding 53
[INFO] 2026-05-28 15:38:53,472 - [MASSE] Expanding 54
[INFO] 2026-05-28 15:38:53,704 - [MASSE] Expanding 55
[INFO] 2026-05-28 15:38:53,936 - [MASSE] Expanding 56
[INFO] 2026-05-28 15:38:54,178 - [MASSE] Expanding 57
[INFO] 2026-05-28 15:38:54,423 - [MASSE] Expanding 58
[INFO] 2026-05-28 15:38:54,680 - [MASSE] Expanding 59
[INFO] 2026-05-28 15:38:54,927 - [MASSE] Expanding 60
[INFO] 2026-05-28 15:38:55,171 - [MASSE] Expanding 61
[INFO] 2026-05-28 15:38:55,412 - [MASSE] Expanding 62
[INFO] 2026-05-28 15:38:55,646 - [MASSE] Expanding 63
[INFO] 2026-05-28 15:38:55,879 - [MASSE] Expanding 64
[INFO] 2026-05-28 15:38:56,130 - [MASSE] Expanding 65
[INFO] 2026-05-28 15:38:56,361 - [MASSE] Expanding 66
[INFO] 2026-05-28 15:38:56,590 - [MASSE] Expanding 67
[INFO] 2026-05-28 15:38:56,826 - [MASSE] Expanding 68
[INFO] 2026-05-28 15:38:57,067 - [MASSE] Expanding 69
[INFO] 2026-05-28 15:38:57,296 - [MASSE] Expanding 70
[INFO] 2026-05-28 15:38:57,550 - [MASSE] Expanding 71
[INFO] 2026-05-28 15:38:57,801 - [MASSE] Expanding 72
[INFO] 2026-05-28 15:38:58,068 - [MASSE] Expanding 73
[INFO] 2026-05-28 15:38:58,319 - [MASSE] Expanding 74
[INFO] 2026-05-28 15:38:58,562 - [MASSE] Expanding 75
[INFO] 2026-05-28 15:38:58,811 - [MASSE] Expanding 76
[INFO] 2026-05-28 15:38:59,069 - [MASSE] Expanding 77
[INFO] 2026-05-28 15:38:59,328 - [MASSE] Expanding 78
[INFO] 2026-05-28 15:38:59,577 - [MASSE] Expanding 79
[INFO] 2026-05-28 15:38:59,824 - [MASSE] Expanding 80
[INFO] 2026-05-28 15:39:00,080 - [MASSE] Expanding 81
[INFO] 2026-05-28 15:39:00,335 - [MASSE] Expanding 82
[INFO] 2026-05-28 15:39:00,590 - [MASSE] Expanding 83
[INFO] 2026-05-28 15:39:00,848 - [MASSE] Expanding 84
[INFO] 2026-05-28 15:39:01,112 - [MASSE] Expanding 85
[INFO] 2026-05-28 15:39:01,370 - [MASSE] Expanding 86
[INFO] 2026-05-28 15:39:01,628 - [MASSE] Expanding 87
[INFO] 2026-05-28 15:39:01,881 - [MASSE] Expanding 88
[INFO] 2026-05-28 15:39:02,149 - [MASSE] Expanding 89
[INFO] 2026-05-28 15:39:02,408 - [MASSE] Expanding 90
[INFO] 2026-05-28 15:39:02,666 - [MASSE] Expanding 91
[INFO] 2026-05-28 15:39:02,934 - [MASSE] Expanding 92
[INFO] 2026-05-28 15:39:03,189 - [MASSE] Expanding 93
[INFO] 2026-05-28 15:39:03,461 - [MASSE] Expanding 94
[INFO] 2026-05-28 15:39:03,723 - [MASSE] Expanding 95
[INFO] 2026-05-28 15:39:03,986 - [MASSE] Expanding 96
[INFO] 2026-05-28 15:39:04,244 - [MASSE] Expanding 97
[INFO] 2026-05-28 15:39:04,506 - [MASSE] Expanding 98
[INFO] 2026-05-28 15:39:04,770 - [MASSE] Expanding 99
[INFO] 2026-05-28 15:39:05,034 - [MASSE] Expanding 100
[INFO] 2026-05-28 15:39:05,307 - [MASSE] Expanding 101
[INFO] 2026-05-28 15:39:05,576 - [MASSE] Expanding 102
[INFO] 2026-05-28 15:39:05,839 - [MASSE] Expanding 103
[INFO] 2026-05-28 15:39:06,112 - [MASSE] Expanding 104
[INFO] 2026-05-28 15:39:06,378 - [MASSE] Expanding 105
[INFO] 2026-05-28 15:39:06,642 - [MASSE] Expanding 106
[INFO] 2026-05-28 15:39:06,910 - [MASSE] Expanding 107
[INFO] 2026-05-28 15:39:07,180 - [MASSE] Expanding 108
[INFO] 2026-05-28 15:39:07,457 - [MASSE] Expanding 109
[INFO] 2026-05-28 15:39:07,734 - [MASSE] Expanding 110
[INFO] 2026-05-28 15:39:07,999 - [MASSE] Expanding 111
[INFO] 2026-05-28 15:39:08,260 - [MASSE] Expanding 112
[INFO] 2026-05-28 15:39:08,525 - [MASSE] Expanding 113
[INFO] 2026-05-28 15:39:08,784 - [MASSE] Expanding 114
[INFO] 2026-05-28 15:39:09,456 - [EVAL] Modularity=0.4729
[INFO] 2026-05-28 15:39:09,456 - [EVAL] Surprise=0.0000
[INFO] 2026-05-28 15:39:09,456 - [EVAL] Keyword coherence=0.0000
[INFO] 2026-05-28 15:39:09,456 - [EVAL] Community stats={'num_communities': 115, 'avg_size': 327.8086956521739, 'max_size': 10128, 'min_size': 4}
[INFO] 2026-05-28 15:39:09,466 - [NMI DEBUG] matched_nodes=3080
[INFO] 2026-05-28 15:39:09,469 - [NMI] 0.6214
[INFO] 2026-05-28 15:39:09,475 - [NMI DEBUG] matched_nodes=65
[INFO] 2026-05-28 15:39:09,476 - [NMI] 0.5274
[INFO] 2026-05-28 15:39:09,480 - [NMI DEBUG] matched_nodes=20
[INFO] 2026-05-28 15:39:09,482 - [NMI] 0.5771
[INFO] 2026-05-28 15:39:09,483 - Saved communities...
