[INFO] 2026-05-26 21:31:35,807 - [MATRIX] writes shape=(14376, 14475)
[INFO] 2026-05-26 21:31:35,842 - [MATRIX] be_written shape=(14475, 14376)
[INFO] 2026-05-26 21:31:35,853 - [MATRIX] published_in shape=(14376, 20)
[INFO] 2026-05-26 21:31:35,864 - [MATRIX] publish shape=(20, 14376)
[INFO] 2026-05-26 21:31:35,954 - [MATRIX] has_term shape=(14376, 8920)
[INFO] 2026-05-26 21:31:36,046 - [MATRIX] term_in shape=(8920, 14376)
[INFO] 2026-05-26 21:31:36,068 - 
========== Building P-A-P ==========
[INFO] 2026-05-26 21:31:36,080 - P-A-P matrix shape=(14376, 14376)
[INFO] 2026-05-26 21:31:40,230 - P-A-P nodes=13774 edges=215663 total_weight=497692.0000
[INFO] 2026-05-26 21:31:40,236 - 
========== Building P-T-P ==========
[INFO] 2026-05-26 21:31:41,943 - P-T-P matrix shape=(14376, 14376)
[INFO] 2026-05-26 21:32:18,150 - P-T-P nodes=46 edges=23 total_weight=512.0000
[INFO] 2026-05-26 21:32:18,150 - 
========== Building P-C-P ==========
[INFO] 2026-05-26 21:32:18,582 - P-C-P matrix shape=(14376, 14376)
[INFO] 2026-05-26 21:35:03,586 - P-C-P nodes=14376 edges=8232454 total_weight=16464908.0000
[INFO] 2026-05-26 21:35:05,056 - 
========== MASSE Reliability ==========
[INFO] 2026-05-26 21:35:05,308 - P-A-P reliability=0.075625
[INFO] 2026-05-26 21:35:05,308 - P-T-P reliability=0.242226
[INFO] 2026-05-26 21:35:14,341 - P-C-P reliability=0.059089
[INFO] 2026-05-26 21:37:34,478 - [INTERACTION] P-A-P <-> P-T-P = 0.9756
[INFO] 2026-05-26 21:37:34,497 - [INTERACTION] P-A-P <-> P-C-P = 0.2236
[INFO] 2026-05-26 21:37:34,502 - [INTERACTION] P-T-P <-> P-A-P = 0.9756
[INFO] 2026-05-26 21:37:34,506 - [INTERACTION] P-T-P <-> P-C-P = 0.7631
[INFO] 2026-05-26 21:37:34,524 - [INTERACTION] P-C-P <-> P-A-P = 0.2236
[INFO] 2026-05-26 21:37:34,529 - [INTERACTION] P-C-P <-> P-T-P = 0.7631
[INFO] 2026-05-26 21:42:04,278 - MASSE consensus nodes=14376 edges=8375495
[INFO] 2026-05-26 21:45:20,477 - MASSE communities=17
[INFO] 2026-05-26 21:45:22,566 - [MASSE] Expanding 0
[INFO] 2026-05-26 21:45:27,414 - [MASSE] Expanding 1
[INFO] 2026-05-26 21:45:32,785 - [MASSE] Expanding 2
[INFO] 2026-05-26 21:45:37,051 - [MASSE] Expanding 3
[INFO] 2026-05-26 21:45:41,113 - [MASSE] Expanding 4
[INFO] 2026-05-26 21:45:44,718 - [MASSE] Expanding 5
[INFO] 2026-05-26 21:45:48,556 - [MASSE] Expanding 6
[INFO] 2026-05-26 21:45:51,051 - [MASSE] Expanding 7
[INFO] 2026-05-26 21:45:53,594 - [MASSE] Expanding 8
[INFO] 2026-05-26 21:45:56,040 - [MASSE] Expanding 9
[INFO] 2026-05-26 21:45:57,913 - [MASSE] Expanding 10
[INFO] 2026-05-26 21:45:59,489 - [MASSE] Expanding 11
[INFO] 2026-05-26 21:46:00,922 - [MASSE] Expanding 12
[INFO] 2026-05-26 21:46:02,376 - [MASSE] Expanding 13
[INFO] 2026-05-26 21:46:03,997 - [MASSE] Expanding 14
[INFO] 2026-05-26 21:46:05,377 - [MASSE] Expanding 15
[INFO] 2026-05-26 21:46:06,500 - [MASSE] Expanding 16
[INFO] 2026-05-26 21:46:39,995 - [EVAL] Modularity=0.8498
[INFO] 2026-05-26 21:46:39,995 - [EVAL] Surprise=0.0000
[INFO] 2026-05-26 21:46:39,996 - [EVAL] Keyword coherence=0.0000
[INFO] 2026-05-26 21:46:39,996 - [EVAL] Community stats={'num_communities': 17, 'avg_size': 3408.5882352941176, 'max_size': 6861, 'min_size': 810}
[INFO] 2026-05-26 21:46:40,015 - [NMI DEBUG] matched_nodes=4057
[INFO] 2026-05-26 21:46:40,020 - [NMI] 0.5565
[INFO] 2026-05-26 21:46:40,029 - [NMI DEBUG] matched_nodes=100
[INFO] 2026-05-26 21:46:40,032 - [NMI] 0.5006
[INFO] 2026-05-26 21:46:40,040 - [NMI DEBUG] matched_nodes=20
[INFO] 2026-05-26 21:46:40,042 - [NMI] 0.6310
[INFO] 2026-05-26 21:46:40,043 - Saved communities...
