[INFO] 2026-05-28 15:22:07,862 - [MATRIX] writes shape=(14376, 14475)
[INFO] 2026-05-28 15:22:07,898 - [MATRIX] be_written shape=(14475, 14376)
[INFO] 2026-05-28 15:22:07,910 - [MATRIX] published_in shape=(14376, 20)
[INFO] 2026-05-28 15:22:07,921 - [MATRIX] publish shape=(20, 14376)
[INFO] 2026-05-28 15:22:08,016 - [MATRIX] has_term shape=(14376, 8920)
[INFO] 2026-05-28 15:22:08,107 - [MATRIX] term_in shape=(8920, 14376)
[INFO] 2026-05-28 15:22:08,182 - 
========== Building A-P-A ==========
[INFO] 2026-05-28 15:22:08,188 - A-P-A matrix shape=(14475, 14475)
[INFO] 2026-05-28 15:22:08,342 - A-P-A nodes=5264 edges=8789 total_weight=51362.0000
[INFO] 2026-05-28 15:22:08,344 - 
========== Building A-P-T-P-A ==========
[INFO] 2026-05-28 15:22:19,091 - A-P-T-P-A matrix shape=(14475, 14475)
[INFO] 2026-05-28 15:22:46,302 - A-P-T-P-A nodes=86 edges=351 total_weight=699532.0000
[INFO] 2026-05-28 15:22:46,302 - 
========== Building A-P-C-P-A ==========
[INFO] 2026-05-28 15:22:48,653 - A-P-C-P-A matrix shape=(14475, 14475)
[INFO] 2026-05-28 15:22:58,162 - A-P-C-P-A nodes=5689 edges=92426 total_weight=6194038.0000
[INFO] 2026-05-28 15:22:58,216 - 
========== MASSE Reliability ==========
[INFO] 2026-05-28 15:22:58,227 - A-P-A reliability=0.100661
[INFO] 2026-05-28 15:22:58,227 - A-P-T-P-A reliability=0.147091
[INFO] 2026-05-28 15:22:58,292 - A-P-C-P-A reliability=0.081947
[INFO] 2026-05-28 15:22:59,956 - [INTERACTION] A-P-A <-> A-P-T-P-A = 0.1906
[INFO] 2026-05-28 15:22:59,961 - [INTERACTION] A-P-A <-> A-P-C-P-A = 0.2239
[INFO] 2026-05-28 15:22:59,964 - [INTERACTION] A-P-T-P-A <-> A-P-A = 0.1906
[INFO] 2026-05-28 15:22:59,966 - [INTERACTION] A-P-T-P-A <-> A-P-C-P-A = 0.0555
[INFO] 2026-05-28 15:22:59,971 - [INTERACTION] A-P-C-P-A <-> A-P-A = 0.2239
[INFO] 2026-05-28 15:22:59,974 - [INTERACTION] A-P-C-P-A <-> A-P-T-P-A = 0.0555
[INFO] 2026-05-28 15:23:00,999 - MASSE consensus nodes=6933 edges=78465
[INFO] 2026-05-28 15:23:02,108 - MASSE communities=101
[INFO] 2026-05-28 15:23:02,329 - [MASSE] Expanding 0
[INFO] 2026-05-28 15:23:09,863 - [MASSE] Expanding 1
[INFO] 2026-05-28 15:23:13,606 - [MASSE] Expanding 2
[INFO] 2026-05-28 15:23:18,591 - [MASSE] Expanding 3
[INFO] 2026-05-28 15:23:21,538 - [MASSE] Expanding 4
[INFO] 2026-05-28 15:23:21,784 - [MASSE] Expanding 5
[INFO] 2026-05-28 15:23:22,029 - [MASSE] Expanding 6
[INFO] 2026-05-28 15:23:22,276 - [MASSE] Expanding 7
[INFO] 2026-05-28 15:23:22,531 - [MASSE] Expanding 8
[INFO] 2026-05-28 15:23:22,778 - [MASSE] Expanding 9
[INFO] 2026-05-28 15:23:23,022 - [MASSE] Expanding 10
[INFO] 2026-05-28 15:23:23,269 - [MASSE] Expanding 11
[INFO] 2026-05-28 15:23:23,531 - [MASSE] Expanding 12
[INFO] 2026-05-28 15:23:23,775 - [MASSE] Expanding 13
[INFO] 2026-05-28 15:23:24,019 - [MASSE] Expanding 14
[INFO] 2026-05-28 15:23:24,259 - [MASSE] Expanding 15
[INFO] 2026-05-28 15:23:24,501 - [MASSE] Expanding 16
[INFO] 2026-05-28 15:23:24,730 - [MASSE] Expanding 17
[INFO] 2026-05-28 15:23:24,965 - [MASSE] Expanding 18
[INFO] 2026-05-28 15:23:25,205 - [MASSE] Expanding 19
[INFO] 2026-05-28 15:23:25,446 - [MASSE] Expanding 20
[INFO] 2026-05-28 15:23:25,676 - [MASSE] Expanding 21
[INFO] 2026-05-28 15:23:25,918 - [MASSE] Expanding 22
[INFO] 2026-05-28 15:23:26,183 - [MASSE] Expanding 23
[INFO] 2026-05-28 15:23:26,422 - [MASSE] Expanding 24
[INFO] 2026-05-28 15:23:26,658 - [MASSE] Expanding 25
[INFO] 2026-05-28 15:23:26,899 - [MASSE] Expanding 26
[INFO] 2026-05-28 15:23:27,142 - [MASSE] Expanding 27
[INFO] 2026-05-28 15:23:27,392 - [MASSE] Expanding 28
[INFO] 2026-05-28 15:23:27,651 - [MASSE] Expanding 29
[INFO] 2026-05-28 15:23:27,908 - [MASSE] Expanding 30
[INFO] 2026-05-28 15:23:28,161 - [MASSE] Expanding 31
[INFO] 2026-05-28 15:23:28,407 - [MASSE] Expanding 32
[INFO] 2026-05-28 15:23:28,673 - [MASSE] Expanding 33
[INFO] 2026-05-28 15:23:28,924 - [MASSE] Expanding 34
[INFO] 2026-05-28 15:23:29,178 - [MASSE] Expanding 35
[INFO] 2026-05-28 15:23:29,426 - [MASSE] Expanding 36
[INFO] 2026-05-28 15:23:29,686 - [MASSE] Expanding 37
[INFO] 2026-05-28 15:23:29,951 - [MASSE] Expanding 38
[INFO] 2026-05-28 15:23:30,224 - [MASSE] Expanding 39
[INFO] 2026-05-28 15:23:30,466 - [MASSE] Expanding 40
[INFO] 2026-05-28 15:23:30,706 - [MASSE] Expanding 41
[INFO] 2026-05-28 15:23:30,942 - [MASSE] Expanding 42
[INFO] 2026-05-28 15:23:31,181 - [MASSE] Expanding 43
[INFO] 2026-05-28 15:23:31,416 - [MASSE] Expanding 44
[INFO] 2026-05-28 15:23:31,648 - [MASSE] Expanding 45
[INFO] 2026-05-28 15:23:31,884 - [MASSE] Expanding 46
[INFO] 2026-05-28 15:23:32,125 - [MASSE] Expanding 47
[INFO] 2026-05-28 15:23:32,376 - [MASSE] Expanding 48
[INFO] 2026-05-28 15:23:32,608 - [MASSE] Expanding 49
[INFO] 2026-05-28 15:23:32,841 - [MASSE] Expanding 50
[INFO] 2026-05-28 15:23:33,082 - [MASSE] Expanding 51
[INFO] 2026-05-28 15:23:33,319 - [MASSE] Expanding 52
[INFO] 2026-05-28 15:23:33,550 - [MASSE] Expanding 53
[INFO] 2026-05-28 15:23:33,787 - [MASSE] Expanding 54
[INFO] 2026-05-28 15:23:34,038 - [MASSE] Expanding 55
[INFO] 2026-05-28 15:23:34,290 - [MASSE] Expanding 56
[INFO] 2026-05-28 15:23:34,549 - [MASSE] Expanding 57
[INFO] 2026-05-28 15:23:34,810 - [MASSE] Expanding 58
[INFO] 2026-05-28 15:23:35,059 - [MASSE] Expanding 59
[INFO] 2026-05-28 15:23:35,290 - [MASSE] Expanding 60
[INFO] 2026-05-28 15:23:35,518 - [MASSE] Expanding 61
[INFO] 2026-05-28 15:23:35,745 - [MASSE] Expanding 62
[INFO] 2026-05-28 15:23:35,973 - [MASSE] Expanding 63
[INFO] 2026-05-28 15:23:36,221 - [MASSE] Expanding 64
[INFO] 2026-05-28 15:23:36,459 - [MASSE] Expanding 65
[INFO] 2026-05-28 15:23:36,713 - [MASSE] Expanding 66
[INFO] 2026-05-28 15:23:36,957 - [MASSE] Expanding 67
[INFO] 2026-05-28 15:23:37,194 - [MASSE] Expanding 68
[INFO] 2026-05-28 15:23:37,428 - [MASSE] Expanding 69
[INFO] 2026-05-28 15:23:37,662 - [MASSE] Expanding 70
[INFO] 2026-05-28 15:23:37,913 - [MASSE] Expanding 71
[INFO] 2026-05-28 15:23:38,165 - [MASSE] Expanding 72
[INFO] 2026-05-28 15:23:38,404 - [MASSE] Expanding 73
[INFO] 2026-05-28 15:23:38,658 - [MASSE] Expanding 74
[INFO] 2026-05-28 15:23:38,916 - [MASSE] Expanding 75
[INFO] 2026-05-28 15:23:39,154 - [MASSE] Expanding 76
[INFO] 2026-05-28 15:23:39,406 - [MASSE] Expanding 77
[INFO] 2026-05-28 15:23:39,658 - [MASSE] Expanding 78
[INFO] 2026-05-28 15:23:39,902 - [MASSE] Expanding 79
[INFO] 2026-05-28 15:23:40,143 - [MASSE] Expanding 80
[INFO] 2026-05-28 15:23:40,379 - [MASSE] Expanding 81
[INFO] 2026-05-28 15:23:40,625 - [MASSE] Expanding 82
[INFO] 2026-05-28 15:23:40,875 - [MASSE] Expanding 83
[INFO] 2026-05-28 15:23:41,135 - [MASSE] Expanding 84
[INFO] 2026-05-28 15:23:41,379 - [MASSE] Expanding 85
[INFO] 2026-05-28 15:23:41,619 - [MASSE] Expanding 86
[INFO] 2026-05-28 15:23:41,851 - [MASSE] Expanding 87
[INFO] 2026-05-28 15:23:42,097 - [MASSE] Expanding 88
[INFO] 2026-05-28 15:23:42,332 - [MASSE] Expanding 89
[INFO] 2026-05-28 15:23:42,588 - [MASSE] Expanding 90
[INFO] 2026-05-28 15:23:42,849 - [MASSE] Expanding 91
[INFO] 2026-05-28 15:23:43,109 - [MASSE] Expanding 92
[INFO] 2026-05-28 15:23:43,351 - [MASSE] Expanding 93
[INFO] 2026-05-28 15:23:43,590 - [MASSE] Expanding 94
[INFO] 2026-05-28 15:23:43,835 - [MASSE] Expanding 95
[INFO] 2026-05-28 15:23:44,094 - [MASSE] Expanding 96
[INFO] 2026-05-28 15:23:44,347 - [MASSE] Expanding 97
[INFO] 2026-05-28 15:23:44,601 - [MASSE] Expanding 98
[INFO] 2026-05-28 15:23:44,844 - [MASSE] Expanding 99
[INFO] 2026-05-28 15:23:45,104 - [MASSE] Expanding 100
[INFO] 2026-05-28 15:23:45,767 - [EVAL] Modularity=0.6080
[INFO] 2026-05-28 15:23:45,767 - [EVAL] Surprise=0.0000
[INFO] 2026-05-28 15:23:45,767 - [EVAL] Keyword coherence=0.0000
[INFO] 2026-05-28 15:23:45,767 - [EVAL] Community stats={'num_communities': 101, 'avg_size': 379.1980198019802, 'max_size': 12886, 'min_size': 4}
[INFO] 2026-05-28 15:23:45,778 - [NMI DEBUG] matched_nodes=3080
[INFO] 2026-05-28 15:23:45,781 - [NMI] 0.6034
[INFO] 2026-05-28 15:23:45,786 - [NMI DEBUG] matched_nodes=64
[INFO] 2026-05-28 15:23:45,788 - [NMI] 0.4761
[INFO] 2026-05-28 15:23:45,792 - [NMI DEBUG] matched_nodes=20
[INFO] 2026-05-28 15:23:45,793 - [NMI] 0.3723
[INFO] 2026-05-28 15:23:45,794 - Saved communities...
