[INFO] 2026-05-31 22:07:19,514 - [MATRIX] writes shape=(14376, 14475)
[INFO] 2026-05-31 22:07:19,565 - [MATRIX] be_written shape=(14475, 14376)
[INFO] 2026-05-31 22:07:19,582 - [MATRIX] published_in shape=(14376, 20)
[INFO] 2026-05-31 22:07:19,598 - [MATRIX] publish shape=(20, 14376)
[INFO] 2026-05-31 22:07:19,727 - [MATRIX] has_term shape=(14376, 8920)
[INFO] 2026-05-31 22:07:19,854 - [MATRIX] term_in shape=(8920, 14376)
[INFO] 2026-05-31 22:07:19,923 - 
========== Building A-P-A ==========
[INFO] 2026-05-31 22:07:19,929 - A-P-A matrix shape=(14475, 14475)
[INFO] 2026-05-31 22:07:20,091 - A-P-A nodes=5264 edges=8789 total_weight=51362.0000
[INFO] 2026-05-31 22:07:20,094 - 
========== Building A-P-T-P-A ==========
[INFO] 2026-05-31 22:07:33,637 - A-P-T-P-A matrix shape=(14475, 14475)
[INFO] 2026-05-31 22:08:31,814 - A-P-T-P-A nodes=86 edges=351 total_weight=699532.0000
[INFO] 2026-05-31 22:08:31,814 - 
========== Building A-P-C-P-A ==========
[INFO] 2026-05-31 22:08:34,795 - A-P-C-P-A matrix shape=(14475, 14475)
[INFO] 2026-05-31 22:08:54,114 - A-P-C-P-A nodes=5689 edges=92426 total_weight=6194038.0000
[INFO] 2026-05-31 22:08:54,198 - 
========== MASSE Reliability ==========
[INFO] 2026-05-31 22:08:54,216 - A-P-A reliability=0.100661
[INFO] 2026-05-31 22:08:54,217 - A-P-T-P-A reliability=0.147091
[INFO] 2026-05-31 22:08:54,366 - A-P-C-P-A reliability=0.081947
[INFO] 2026-05-31 22:08:58,449 - [INTERACTION] A-P-A <-> A-P-T-P-A = 0.2245
[INFO] 2026-05-31 22:08:58,458 - [INTERACTION] A-P-A <-> A-P-C-P-A = 0.2215
[INFO] 2026-05-31 22:08:58,462 - [INTERACTION] A-P-T-P-A <-> A-P-A = 0.2245
[INFO] 2026-05-31 22:08:58,465 - [INTERACTION] A-P-T-P-A <-> A-P-C-P-A = 0.0407
[INFO] 2026-05-31 22:08:58,473 - [INTERACTION] A-P-C-P-A <-> A-P-A = 0.2215
[INFO] 2026-05-31 22:08:58,476 - [INTERACTION] A-P-C-P-A <-> A-P-T-P-A = 0.0407
[INFO] 2026-05-31 22:08:58,960 - [SUBSPACE] {0: ['A-P-A', 'A-P-T-P-A', 'A-P-C-P-A']}
[INFO] 2026-05-31 22:08:58,960 - [LOCAL] Subspace 0: ['A-P-A', 'A-P-T-P-A', 'A-P-C-P-A']
[INFO] 2026-05-31 22:09:03,151 - [LOCAL] communities=108
[INFO] 2026-05-31 22:09:27,747 - MASSE consensus nodes=6933 edges=6678556
[INFO] 2026-05-31 22:12:12,105 - MASSE communities=108
[INFO] 2026-05-31 22:12:20,343 - [MASSE] Expanding 0
[INFO] 2026-05-31 22:12:29,538 - [MASSE] Expanding 1
[INFO] 2026-05-31 22:12:34,578 - [MASSE] Expanding 2
[INFO] 2026-05-31 22:12:41,048 - [MASSE] Expanding 3
[INFO] 2026-05-31 22:12:45,308 - [MASSE] Expanding 4
[INFO] 2026-05-31 22:12:45,719 - [MASSE] Expanding 5
[INFO] 2026-05-31 22:12:46,120 - [MASSE] Expanding 6
[INFO] 2026-05-31 22:12:46,520 - [MASSE] Expanding 7
[INFO] 2026-05-31 22:12:46,924 - [MASSE] Expanding 8
[INFO] 2026-05-31 22:12:47,326 - [MASSE] Expanding 9
[INFO] 2026-05-31 22:12:47,733 - [MASSE] Expanding 10
[INFO] 2026-05-31 22:12:48,132 - [MASSE] Expanding 11
[INFO] 2026-05-31 22:12:48,533 - [MASSE] Expanding 12
[INFO] 2026-05-31 22:12:48,932 - [MASSE] Expanding 13
[INFO] 2026-05-31 22:12:49,329 - [MASSE] Expanding 14
[INFO] 2026-05-31 22:12:49,724 - [MASSE] Expanding 15
[INFO] 2026-05-31 22:12:50,123 - [MASSE] Expanding 16
[INFO] 2026-05-31 22:12:50,519 - [MASSE] Expanding 17
[INFO] 2026-05-31 22:12:50,920 - [MASSE] Expanding 18
[INFO] 2026-05-31 22:12:51,317 - [MASSE] Expanding 19
[INFO] 2026-05-31 22:12:51,716 - [MASSE] Expanding 20
[INFO] 2026-05-31 22:12:52,118 - [MASSE] Expanding 21
[INFO] 2026-05-31 22:12:52,516 - [MASSE] Expanding 22
[INFO] 2026-05-31 22:12:52,914 - [MASSE] Expanding 23
[INFO] 2026-05-31 22:12:53,321 - [MASSE] Expanding 24
[INFO] 2026-05-31 22:12:53,725 - [MASSE] Expanding 25
[INFO] 2026-05-31 22:12:54,130 - [MASSE] Expanding 26
[INFO] 2026-05-31 22:12:54,527 - [MASSE] Expanding 27
[INFO] 2026-05-31 22:12:54,934 - [MASSE] Expanding 28
[INFO] 2026-05-31 22:12:55,338 - [MASSE] Expanding 29
[INFO] 2026-05-31 22:12:55,739 - [MASSE] Expanding 30
[INFO] 2026-05-31 22:12:56,136 - [MASSE] Expanding 31
[INFO] 2026-05-31 22:12:56,534 - [MASSE] Expanding 32
[INFO] 2026-05-31 22:12:56,935 - [MASSE] Expanding 33
[INFO] 2026-05-31 22:12:57,340 - [MASSE] Expanding 34
[INFO] 2026-05-31 22:12:57,746 - [MASSE] Expanding 35
[INFO] 2026-05-31 22:12:58,147 - [MASSE] Expanding 36
[INFO] 2026-05-31 22:12:58,546 - [MASSE] Expanding 37
[INFO] 2026-05-31 22:12:58,944 - [MASSE] Expanding 38
[INFO] 2026-05-31 22:12:59,342 - [MASSE] Expanding 39
[INFO] 2026-05-31 22:12:59,743 - [MASSE] Expanding 40
[INFO] 2026-05-31 22:13:00,138 - [MASSE] Expanding 41
[INFO] 2026-05-31 22:13:00,537 - [MASSE] Expanding 42
[INFO] 2026-05-31 22:13:00,937 - [MASSE] Expanding 43
[INFO] 2026-05-31 22:13:01,340 - [MASSE] Expanding 44
[INFO] 2026-05-31 22:13:01,741 - [MASSE] Expanding 45
[INFO] 2026-05-31 22:13:02,137 - [MASSE] Expanding 46
[INFO] 2026-05-31 22:13:02,533 - [MASSE] Expanding 47
[INFO] 2026-05-31 22:13:02,932 - [MASSE] Expanding 48
[INFO] 2026-05-31 22:13:03,325 - [MASSE] Expanding 49
[INFO] 2026-05-31 22:13:03,719 - [MASSE] Expanding 50
[INFO] 2026-05-31 22:13:04,117 - [MASSE] Expanding 51
[INFO] 2026-05-31 22:13:04,516 - [MASSE] Expanding 52
[INFO] 2026-05-31 22:13:04,916 - [MASSE] Expanding 53
[INFO] 2026-05-31 22:13:05,311 - [MASSE] Expanding 54
[INFO] 2026-05-31 22:13:05,709 - [MASSE] Expanding 55
[INFO] 2026-05-31 22:13:06,103 - [MASSE] Expanding 56
[INFO] 2026-05-31 22:13:06,504 - [MASSE] Expanding 57
[INFO] 2026-05-31 22:13:06,901 - [MASSE] Expanding 58
[INFO] 2026-05-31 22:13:07,295 - [MASSE] Expanding 59
[INFO] 2026-05-31 22:13:07,688 - [MASSE] Expanding 60
[INFO] 2026-05-31 22:13:08,086 - [MASSE] Expanding 61
[INFO] 2026-05-31 22:13:08,490 - [MASSE] Expanding 62
[INFO] 2026-05-31 22:13:08,886 - [MASSE] Expanding 63
[INFO] 2026-05-31 22:13:09,282 - [MASSE] Expanding 64
[INFO] 2026-05-31 22:13:09,679 - [MASSE] Expanding 65
[INFO] 2026-05-31 22:13:10,082 - [MASSE] Expanding 66
[INFO] 2026-05-31 22:13:10,482 - [MASSE] Expanding 67
[INFO] 2026-05-31 22:13:10,877 - [MASSE] Expanding 68
[INFO] 2026-05-31 22:13:11,275 - [MASSE] Expanding 69
[INFO] 2026-05-31 22:13:11,678 - [MASSE] Expanding 70
[INFO] 2026-05-31 22:13:12,081 - [MASSE] Expanding 71
[INFO] 2026-05-31 22:13:12,481 - [MASSE] Expanding 72
[INFO] 2026-05-31 22:13:12,887 - [MASSE] Expanding 73
[INFO] 2026-05-31 22:13:13,286 - [MASSE] Expanding 74
[INFO] 2026-05-31 22:13:13,683 - [MASSE] Expanding 75
[INFO] 2026-05-31 22:13:14,081 - [MASSE] Expanding 76
[INFO] 2026-05-31 22:13:14,478 - [MASSE] Expanding 77
[INFO] 2026-05-31 22:13:14,877 - [MASSE] Expanding 78
[INFO] 2026-05-31 22:13:15,275 - [MASSE] Expanding 79
[INFO] 2026-05-31 22:13:15,672 - [MASSE] Expanding 80
[INFO] 2026-05-31 22:13:16,072 - [MASSE] Expanding 81
[INFO] 2026-05-31 22:13:16,470 - [MASSE] Expanding 82
[INFO] 2026-05-31 22:13:16,870 - [MASSE] Expanding 83
[INFO] 2026-05-31 22:13:17,290 - [MASSE] Expanding 84
[INFO] 2026-05-31 22:13:17,697 - [MASSE] Expanding 85
[INFO] 2026-05-31 22:13:18,092 - [MASSE] Expanding 86
[INFO] 2026-05-31 22:13:18,497 - [MASSE] Expanding 87
[INFO] 2026-05-31 22:13:18,898 - [MASSE] Expanding 88
[INFO] 2026-05-31 22:13:19,297 - [MASSE] Expanding 89
[INFO] 2026-05-31 22:13:19,696 - [MASSE] Expanding 90
[INFO] 2026-05-31 22:13:20,095 - [MASSE] Expanding 91
[INFO] 2026-05-31 22:13:20,493 - [MASSE] Expanding 92
[INFO] 2026-05-31 22:13:20,892 - [MASSE] Expanding 93
[INFO] 2026-05-31 22:13:21,289 - [MASSE] Expanding 94
[INFO] 2026-05-31 22:13:21,688 - [MASSE] Expanding 95
[INFO] 2026-05-31 22:13:22,084 - [MASSE] Expanding 96
[INFO] 2026-05-31 22:13:22,482 - [MASSE] Expanding 97
[INFO] 2026-05-31 22:13:22,883 - [MASSE] Expanding 98
[INFO] 2026-05-31 22:13:23,284 - [MASSE] Expanding 99
[INFO] 2026-05-31 22:13:23,685 - [MASSE] Expanding 100
[INFO] 2026-05-31 22:13:24,083 - [MASSE] Expanding 101
[INFO] 2026-05-31 22:13:24,484 - [MASSE] Expanding 102
[INFO] 2026-05-31 22:13:24,882 - [MASSE] Expanding 103
[INFO] 2026-05-31 22:13:25,278 - [MASSE] Expanding 104
[INFO] 2026-05-31 22:13:25,675 - [MASSE] Expanding 105
[INFO] 2026-05-31 22:13:26,075 - [MASSE] Expanding 106
[INFO] 2026-05-31 22:13:26,474 - [MASSE] Expanding 107
[INFO] 2026-05-31 22:13:44,860 - [EVAL] Modularity=0.6329
[INFO] 2026-05-31 22:13:44,860 - [EVAL] Surprise=0.0000
[INFO] 2026-05-31 22:13:44,860 - [EVAL] Keyword coherence=0.0000
[INFO] 2026-05-31 22:13:44,860 - [EVAL] Community stats={'num_communities': 108, 'avg_size': 353.31481481481484, 'max_size': 13255, 'min_size': 4}
[INFO] 2026-05-31 22:13:44,880 - [NMI DEBUG] matched_nodes=3080
[INFO] 2026-05-31 22:13:44,885 - [NMI] 0.6001
[INFO] 2026-05-31 22:13:44,894 - [NMI DEBUG] matched_nodes=64
[INFO] 2026-05-31 22:13:44,897 - [NMI] 0.4761
[INFO] 2026-05-31 22:13:44,904 - [NMI DEBUG] matched_nodes=20
[INFO] 2026-05-31 22:13:44,906 - [NMI] 0.3723
[INFO] 2026-05-31 22:13:44,908 - Saved communities...
