[INFO] 2026-05-28 15:30:36,257 - [MATRIX] writes shape=(14376, 14475)
[INFO] 2026-05-28 15:30:36,287 - [MATRIX] be_written shape=(14475, 14376)
[INFO] 2026-05-28 15:30:36,296 - [MATRIX] published_in shape=(14376, 20)
[INFO] 2026-05-28 15:30:36,304 - [MATRIX] publish shape=(20, 14376)
[INFO] 2026-05-28 15:30:36,372 - [MATRIX] has_term shape=(14376, 8920)
[INFO] 2026-05-28 15:30:36,442 - [MATRIX] term_in shape=(8920, 14376)
[INFO] 2026-05-28 15:30:36,501 - 
========== Building A-P-A ==========
[INFO] 2026-05-28 15:30:36,505 - A-P-A matrix shape=(14475, 14475)
[INFO] 2026-05-28 15:30:36,599 - A-P-A nodes=5264 edges=8789 total_weight=51362.0000
[INFO] 2026-05-28 15:30:36,600 - 
========== Building A-P-T-P-A ==========
[INFO] 2026-05-28 15:30:46,708 - A-P-T-P-A matrix shape=(14475, 14475)
[INFO] 2026-05-28 15:31:13,765 - A-P-T-P-A nodes=86 edges=351 total_weight=699532.0000
[INFO] 2026-05-28 15:31:13,765 - 
========== Building A-P-C-P-A ==========
[INFO] 2026-05-28 15:31:16,223 - A-P-C-P-A matrix shape=(14475, 14475)
[INFO] 2026-05-28 15:31:25,774 - A-P-C-P-A nodes=5689 edges=92426 total_weight=6194038.0000
[INFO] 2026-05-28 15:31:25,830 - 
========== MASSE Reliability ==========
[INFO] 2026-05-28 15:31:25,840 - A-P-A reliability=0.100661
[INFO] 2026-05-28 15:31:25,841 - A-P-T-P-A reliability=0.147091
[INFO] 2026-05-28 15:31:25,911 - A-P-C-P-A reliability=0.081947
[INFO] 2026-05-28 15:31:27,890 - [INTERACTION] A-P-A <-> A-P-T-P-A = 0.2063
[INFO] 2026-05-28 15:31:27,896 - [INTERACTION] A-P-A <-> A-P-C-P-A = 0.2227
[INFO] 2026-05-28 15:31:27,899 - [INTERACTION] A-P-T-P-A <-> A-P-A = 0.2063
[INFO] 2026-05-28 15:31:27,901 - [INTERACTION] A-P-T-P-A <-> A-P-C-P-A = 0.0730
[INFO] 2026-05-28 15:31:27,906 - [INTERACTION] A-P-C-P-A <-> A-P-A = 0.2227
[INFO] 2026-05-28 15:31:27,909 - [INTERACTION] A-P-C-P-A <-> A-P-T-P-A = 0.0730
[INFO] 2026-05-28 15:31:29,003 - MASSE consensus nodes=6933 edges=78928
[INFO] 2026-05-28 15:31:30,483 - MASSE communities=108
[INFO] 2026-05-28 15:31:30,714 - [MASSE] Expanding 0
[INFO] 2026-05-28 15:31:31,732 - [MASSE] Expanding 1
[INFO] 2026-05-28 15:31:32,528 - [MASSE] Expanding 2
[INFO] 2026-05-28 15:31:33,066 - [MASSE] Expanding 3
[INFO] 2026-05-28 15:31:33,457 - [MASSE] Expanding 4
[INFO] 2026-05-28 15:31:33,710 - [MASSE] Expanding 5
[INFO] 2026-05-28 15:31:33,948 - [MASSE] Expanding 6
[INFO] 2026-05-28 15:31:34,193 - [MASSE] Expanding 7
[INFO] 2026-05-28 15:31:34,444 - [MASSE] Expanding 8
[INFO] 2026-05-28 15:31:34,678 - [MASSE] Expanding 9
[INFO] 2026-05-28 15:31:34,909 - [MASSE] Expanding 10
[INFO] 2026-05-28 15:31:35,152 - [MASSE] Expanding 11
[INFO] 2026-05-28 15:31:35,393 - [MASSE] Expanding 12
[INFO] 2026-05-28 15:31:35,627 - [MASSE] Expanding 13
[INFO] 2026-05-28 15:31:35,867 - [MASSE] Expanding 14
[INFO] 2026-05-28 15:31:36,108 - [MASSE] Expanding 15
[INFO] 2026-05-28 15:31:36,339 - [MASSE] Expanding 16
[INFO] 2026-05-28 15:31:36,573 - [MASSE] Expanding 17
[INFO] 2026-05-28 15:31:36,829 - [MASSE] Expanding 18
[INFO] 2026-05-28 15:31:37,070 - [MASSE] Expanding 19
[INFO] 2026-05-28 15:31:37,312 - [MASSE] Expanding 20
[INFO] 2026-05-28 15:31:37,554 - [MASSE] Expanding 21
[INFO] 2026-05-28 15:31:37,803 - [MASSE] Expanding 22
[INFO] 2026-05-28 15:31:38,031 - [MASSE] Expanding 23
[INFO] 2026-05-28 15:31:38,270 - [MASSE] Expanding 24
[INFO] 2026-05-28 15:31:38,512 - [MASSE] Expanding 25
[INFO] 2026-05-28 15:31:38,750 - [MASSE] Expanding 26
[INFO] 2026-05-28 15:31:38,996 - [MASSE] Expanding 27
[INFO] 2026-05-28 15:31:39,227 - [MASSE] Expanding 28
[INFO] 2026-05-28 15:31:39,470 - [MASSE] Expanding 29
[INFO] 2026-05-28 15:31:39,706 - [MASSE] Expanding 30
[INFO] 2026-05-28 15:31:39,946 - [MASSE] Expanding 31
[INFO] 2026-05-28 15:31:40,180 - [MASSE] Expanding 32
[INFO] 2026-05-28 15:31:40,420 - [MASSE] Expanding 33
[INFO] 2026-05-28 15:31:40,654 - [MASSE] Expanding 34
[INFO] 2026-05-28 15:31:40,903 - [MASSE] Expanding 35
[INFO] 2026-05-28 15:31:41,162 - [MASSE] Expanding 36
[INFO] 2026-05-28 15:31:41,411 - [MASSE] Expanding 37
[INFO] 2026-05-28 15:31:41,652 - [MASSE] Expanding 38
[INFO] 2026-05-28 15:31:41,908 - [MASSE] Expanding 39
[INFO] 2026-05-28 15:31:42,165 - [MASSE] Expanding 40
[INFO] 2026-05-28 15:31:42,408 - [MASSE] Expanding 41
[INFO] 2026-05-28 15:31:42,645 - [MASSE] Expanding 42
[INFO] 2026-05-28 15:31:42,881 - [MASSE] Expanding 43
[INFO] 2026-05-28 15:31:43,133 - [MASSE] Expanding 44
[INFO] 2026-05-28 15:31:43,394 - [MASSE] Expanding 45
[INFO] 2026-05-28 15:31:43,637 - [MASSE] Expanding 46
[INFO] 2026-05-28 15:31:43,891 - [MASSE] Expanding 47
[INFO] 2026-05-28 15:31:44,160 - [MASSE] Expanding 48
[INFO] 2026-05-28 15:31:44,405 - [MASSE] Expanding 49
[INFO] 2026-05-28 15:31:44,650 - [MASSE] Expanding 50
[INFO] 2026-05-28 15:31:44,900 - [MASSE] Expanding 51
[INFO] 2026-05-28 15:31:45,159 - [MASSE] Expanding 52
[INFO] 2026-05-28 15:31:45,405 - [MASSE] Expanding 53
[INFO] 2026-05-28 15:31:45,639 - [MASSE] Expanding 54
[INFO] 2026-05-28 15:31:45,895 - [MASSE] Expanding 55
[INFO] 2026-05-28 15:31:46,134 - [MASSE] Expanding 56
[INFO] 2026-05-28 15:31:46,379 - [MASSE] Expanding 57
[INFO] 2026-05-28 15:31:46,619 - [MASSE] Expanding 58
[INFO] 2026-05-28 15:31:46,863 - [MASSE] Expanding 59
[INFO] 2026-05-28 15:31:47,114 - [MASSE] Expanding 60
[INFO] 2026-05-28 15:31:47,367 - [MASSE] Expanding 61
[INFO] 2026-05-28 15:31:47,606 - [MASSE] Expanding 62
[INFO] 2026-05-28 15:31:47,840 - [MASSE] Expanding 63
[INFO] 2026-05-28 15:31:48,077 - [MASSE] Expanding 64
[INFO] 2026-05-28 15:31:48,312 - [MASSE] Expanding 65
[INFO] 2026-05-28 15:31:48,539 - [MASSE] Expanding 66
[INFO] 2026-05-28 15:31:48,772 - [MASSE] Expanding 67
[INFO] 2026-05-28 15:31:49,003 - [MASSE] Expanding 68
[INFO] 2026-05-28 15:31:49,231 - [MASSE] Expanding 69
[INFO] 2026-05-28 15:31:49,464 - [MASSE] Expanding 70
[INFO] 2026-05-28 15:31:49,704 - [MASSE] Expanding 71
[INFO] 2026-05-28 15:31:49,934 - [MASSE] Expanding 72
[INFO] 2026-05-28 15:31:50,161 - [MASSE] Expanding 73
[INFO] 2026-05-28 15:31:50,394 - [MASSE] Expanding 74
[INFO] 2026-05-28 15:31:50,622 - [MASSE] Expanding 75
[INFO] 2026-05-28 15:31:50,855 - [MASSE] Expanding 76
[INFO] 2026-05-28 15:31:51,094 - [MASSE] Expanding 77
[INFO] 2026-05-28 15:31:51,340 - [MASSE] Expanding 78
[INFO] 2026-05-28 15:31:51,573 - [MASSE] Expanding 79
[INFO] 2026-05-28 15:31:51,822 - [MASSE] Expanding 80
[INFO] 2026-05-28 15:31:52,059 - [MASSE] Expanding 81
[INFO] 2026-05-28 15:31:52,299 - [MASSE] Expanding 82
[INFO] 2026-05-28 15:31:52,531 - [MASSE] Expanding 83
[INFO] 2026-05-28 15:31:52,765 - [MASSE] Expanding 84
[INFO] 2026-05-28 15:31:53,009 - [MASSE] Expanding 85
[INFO] 2026-05-28 15:31:53,251 - [MASSE] Expanding 86
[INFO] 2026-05-28 15:31:53,477 - [MASSE] Expanding 87
[INFO] 2026-05-28 15:31:53,710 - [MASSE] Expanding 88
[INFO] 2026-05-28 15:31:53,952 - [MASSE] Expanding 89
[INFO] 2026-05-28 15:31:54,196 - [MASSE] Expanding 90
[INFO] 2026-05-28 15:31:54,432 - [MASSE] Expanding 91
[INFO] 2026-05-28 15:31:54,660 - [MASSE] Expanding 92
[INFO] 2026-05-28 15:31:54,904 - [MASSE] Expanding 93
[INFO] 2026-05-28 15:31:55,137 - [MASSE] Expanding 94
[INFO] 2026-05-28 15:31:55,374 - [MASSE] Expanding 95
[INFO] 2026-05-28 15:31:55,611 - [MASSE] Expanding 96
[INFO] 2026-05-28 15:31:55,845 - [MASSE] Expanding 97
[INFO] 2026-05-28 15:31:56,083 - [MASSE] Expanding 98
[INFO] 2026-05-28 15:31:56,319 - [MASSE] Expanding 99
[INFO] 2026-05-28 15:31:56,545 - [MASSE] Expanding 100
[INFO] 2026-05-28 15:31:56,782 - [MASSE] Expanding 101
[INFO] 2026-05-28 15:31:57,020 - [MASSE] Expanding 102
[INFO] 2026-05-28 15:31:57,250 - [MASSE] Expanding 103
[INFO] 2026-05-28 15:31:57,490 - [MASSE] Expanding 104
[INFO] 2026-05-28 15:31:57,748 - [MASSE] Expanding 105
[INFO] 2026-05-28 15:31:57,985 - [MASSE] Expanding 106
[INFO] 2026-05-28 15:31:58,233 - [MASSE] Expanding 107
[INFO] 2026-05-28 15:31:58,846 - [EVAL] Modularity=0.5624
[INFO] 2026-05-28 15:31:58,847 - [EVAL] Surprise=0.0000
[INFO] 2026-05-28 15:31:58,847 - [EVAL] Keyword coherence=0.0000
[INFO] 2026-05-28 15:31:58,847 - [EVAL] Community stats={'num_communities': 108, 'avg_size': 64.19444444444444, 'max_size': 2404, 'min_size': 2}
[INFO] 2026-05-28 15:31:58,851 - [NMI DEBUG] matched_nodes=3080
[INFO] 2026-05-28 15:31:58,854 - [NMI] 0.6056
[INFO] 2026-05-28 15:31:58,855 - [NMI DEBUG] matched_nodes=0
[INFO] 2026-05-28 15:31:58,856 - [NMI DEBUG] matched_nodes=0
[INFO] 2026-05-28 15:31:58,857 - Saved communities...
