[INFO] 2026-05-25 01:19:15,556 - [MATRIX] writes shape=(14376, 14475)
[INFO] 2026-05-25 01:19:15,585 - [MATRIX] be_written shape=(14475, 14376)
[INFO] 2026-05-25 01:19:15,597 - [MATRIX] published_in shape=(14376, 20)
[INFO] 2026-05-25 01:19:15,606 - [MATRIX] publish shape=(20, 14376)
[INFO] 2026-05-25 01:19:15,692 - [MATRIX] has_term shape=(14376, 8920)
[INFO] 2026-05-25 01:19:15,770 - [MATRIX] term_in shape=(8920, 14376)
[INFO] 2026-05-25 01:19:15,805 - 
========== Building A-P-A ==========
[INFO] 2026-05-25 01:19:15,809 - A-P-A matrix shape=(14475, 14475)
[INFO] 2026-05-25 01:19:15,869 - A-P-A nodes=5264 edges=8789 total_weight=51362.0000
[INFO] 2026-05-25 01:19:15,871 - 
========== Building A-P-C-P-A ==========
[INFO] 2026-05-25 01:19:17,810 - A-P-C-P-A matrix shape=(14475, 14475)
[INFO] 2026-05-25 01:19:26,454 - A-P-C-P-A nodes=5689 edges=92426 total_weight=6194038.0000
[INFO] 2026-05-25 01:19:26,497 - 
========== MASSE Reliability ==========
[INFO] 2026-05-25 01:19:26,508 - A-P-A reliability=0.100661
[INFO] 2026-05-25 01:19:26,580 - A-P-C-P-A reliability=0.081947
[INFO] 2026-05-25 01:19:29,339 - [INTERACTION] A-P-A <-> A-P-C-P-A = 0.2287
[INFO] 2026-05-25 01:19:29,345 - [INTERACTION] A-P-C-P-A <-> A-P-A = 0.2287
[INFO] 2026-05-25 01:19:30,306 - MASSE consensus nodes=6933 edges=78177
[INFO] 2026-05-25 01:19:31,714 - MASSE communities=99
[INFO] 2026-05-25 01:19:32,214 - [MASSE] Expanding 0
[INFO] 2026-05-25 01:19:38,909 - [MASSE] Expanding 1
[INFO] 2026-05-25 01:19:42,189 - [MASSE] Expanding 2
[INFO] 2026-05-25 01:19:46,692 - [MASSE] Expanding 3
[INFO] 2026-05-25 01:19:49,360 - [MASSE] Expanding 4
[INFO] 2026-05-25 01:19:49,586 - [MASSE] Expanding 5
[INFO] 2026-05-25 01:19:49,809 - [MASSE] Expanding 6
[INFO] 2026-05-25 01:19:50,030 - [MASSE] Expanding 7
[INFO] 2026-05-25 01:19:50,277 - [MASSE] Expanding 8
[INFO] 2026-05-25 01:19:50,502 - [MASSE] Expanding 9
[INFO] 2026-05-25 01:19:50,719 - [MASSE] Expanding 10
[INFO] 2026-05-25 01:19:50,934 - [MASSE] Expanding 11
[INFO] 2026-05-25 01:19:51,152 - [MASSE] Expanding 12
[INFO] 2026-05-25 01:19:51,398 - [MASSE] Expanding 13
[INFO] 2026-05-25 01:19:51,618 - [MASSE] Expanding 14
[INFO] 2026-05-25 01:19:51,835 - [MASSE] Expanding 15
[INFO] 2026-05-25 01:19:52,056 - [MASSE] Expanding 16
[INFO] 2026-05-25 01:19:52,275 - [MASSE] Expanding 17
[INFO] 2026-05-25 01:19:52,521 - [MASSE] Expanding 18
[INFO] 2026-05-25 01:19:52,758 - [MASSE] Expanding 19
[INFO] 2026-05-25 01:19:52,978 - [MASSE] Expanding 20
[INFO] 2026-05-25 01:19:53,197 - [MASSE] Expanding 21
[INFO] 2026-05-25 01:19:53,429 - [MASSE] Expanding 22
[INFO] 2026-05-25 01:19:53,649 - [MASSE] Expanding 23
[INFO] 2026-05-25 01:19:53,868 - [MASSE] Expanding 24
[INFO] 2026-05-25 01:19:54,088 - [MASSE] Expanding 25
[INFO] 2026-05-25 01:19:54,306 - [MASSE] Expanding 26
[INFO] 2026-05-25 01:19:54,550 - [MASSE] Expanding 27
[INFO] 2026-05-25 01:19:54,767 - [MASSE] Expanding 28
[INFO] 2026-05-25 01:19:54,982 - [MASSE] Expanding 29
[INFO] 2026-05-25 01:19:55,197 - [MASSE] Expanding 30
[INFO] 2026-05-25 01:19:55,421 - [MASSE] Expanding 31
[INFO] 2026-05-25 01:19:55,646 - [MASSE] Expanding 32
[INFO] 2026-05-25 01:19:55,866 - [MASSE] Expanding 33
[INFO] 2026-05-25 01:19:56,085 - [MASSE] Expanding 34
[INFO] 2026-05-25 01:19:56,303 - [MASSE] Expanding 35
[INFO] 2026-05-25 01:19:56,547 - [MASSE] Expanding 36
[INFO] 2026-05-25 01:19:56,765 - [MASSE] Expanding 37
[INFO] 2026-05-25 01:19:56,983 - [MASSE] Expanding 38
[INFO] 2026-05-25 01:19:57,217 - [MASSE] Expanding 39
[INFO] 2026-05-25 01:19:57,438 - [MASSE] Expanding 40
[INFO] 2026-05-25 01:19:57,658 - [MASSE] Expanding 41
[INFO] 2026-05-25 01:19:57,873 - [MASSE] Expanding 42
[INFO] 2026-05-25 01:19:58,104 - [MASSE] Expanding 43
[INFO] 2026-05-25 01:19:58,323 - [MASSE] Expanding 44
[INFO] 2026-05-25 01:19:58,539 - [MASSE] Expanding 45
[INFO] 2026-05-25 01:19:58,755 - [MASSE] Expanding 46
[INFO] 2026-05-25 01:19:58,999 - [MASSE] Expanding 47
[INFO] 2026-05-25 01:19:59,215 - [MASSE] Expanding 48
[INFO] 2026-05-25 01:19:59,433 - [MASSE] Expanding 49
[INFO] 2026-05-25 01:19:59,651 - [MASSE] Expanding 50
[INFO] 2026-05-25 01:19:59,868 - [MASSE] Expanding 51
[INFO] 2026-05-25 01:20:00,082 - [MASSE] Expanding 52
[INFO] 2026-05-25 01:20:00,296 - [MASSE] Expanding 53
[INFO] 2026-05-25 01:20:00,510 - [MASSE] Expanding 54
[INFO] 2026-05-25 01:20:00,726 - [MASSE] Expanding 55
[INFO] 2026-05-25 01:20:00,943 - [MASSE] Expanding 56
[INFO] 2026-05-25 01:20:01,156 - [MASSE] Expanding 57
[INFO] 2026-05-25 01:20:01,371 - [MASSE] Expanding 58
[INFO] 2026-05-25 01:20:01,584 - [MASSE] Expanding 59
[INFO] 2026-05-25 01:20:01,798 - [MASSE] Expanding 60
[INFO] 2026-05-25 01:20:02,012 - [MASSE] Expanding 61
[INFO] 2026-05-25 01:20:02,226 - [MASSE] Expanding 62
[INFO] 2026-05-25 01:20:02,442 - [MASSE] Expanding 63
[INFO] 2026-05-25 01:20:02,657 - [MASSE] Expanding 64
[INFO] 2026-05-25 01:20:02,884 - [MASSE] Expanding 65
[INFO] 2026-05-25 01:20:03,106 - [MASSE] Expanding 66
[INFO] 2026-05-25 01:20:03,320 - [MASSE] Expanding 67
[INFO] 2026-05-25 01:20:03,535 - [MASSE] Expanding 68
[INFO] 2026-05-25 01:20:03,752 - [MASSE] Expanding 69
[INFO] 2026-05-25 01:20:03,967 - [MASSE] Expanding 70
[INFO] 2026-05-25 01:20:04,183 - [MASSE] Expanding 71
[INFO] 2026-05-25 01:20:04,398 - [MASSE] Expanding 72
[INFO] 2026-05-25 01:20:04,612 - [MASSE] Expanding 73
[INFO] 2026-05-25 01:20:04,827 - [MASSE] Expanding 74
[INFO] 2026-05-25 01:20:05,042 - [MASSE] Expanding 75
[INFO] 2026-05-25 01:20:05,258 - [MASSE] Expanding 76
[INFO] 2026-05-25 01:20:05,472 - [MASSE] Expanding 77
[INFO] 2026-05-25 01:20:05,686 - [MASSE] Expanding 78
[INFO] 2026-05-25 01:20:05,900 - [MASSE] Expanding 79
[INFO] 2026-05-25 01:20:06,114 - [MASSE] Expanding 80
[INFO] 2026-05-25 01:20:06,329 - [MASSE] Expanding 81
[INFO] 2026-05-25 01:20:06,563 - [MASSE] Expanding 82
[INFO] 2026-05-25 01:20:06,781 - [MASSE] Expanding 83
[INFO] 2026-05-25 01:20:06,995 - [MASSE] Expanding 84
[INFO] 2026-05-25 01:20:07,211 - [MASSE] Expanding 85
[INFO] 2026-05-25 01:20:07,428 - [MASSE] Expanding 86
[INFO] 2026-05-25 01:20:07,643 - [MASSE] Expanding 87
[INFO] 2026-05-25 01:20:07,859 - [MASSE] Expanding 88
[INFO] 2026-05-25 01:20:08,073 - [MASSE] Expanding 89
[INFO] 2026-05-25 01:20:08,289 - [MASSE] Expanding 90
[INFO] 2026-05-25 01:20:08,505 - [MASSE] Expanding 91
[INFO] 2026-05-25 01:20:08,719 - [MASSE] Expanding 92
[INFO] 2026-05-25 01:20:08,934 - [MASSE] Expanding 93
[INFO] 2026-05-25 01:20:09,148 - [MASSE] Expanding 94
[INFO] 2026-05-25 01:20:09,361 - [MASSE] Expanding 95
[INFO] 2026-05-25 01:20:09,576 - [MASSE] Expanding 96
[INFO] 2026-05-25 01:20:09,789 - [MASSE] Expanding 97
[INFO] 2026-05-25 01:20:10,004 - [MASSE] Expanding 98
[INFO] 2026-05-25 01:20:10,471 - [EVAL] Modularity=0.6779
[INFO] 2026-05-25 01:20:10,471 - [EVAL] Surprise=0.0000
[INFO] 2026-05-25 01:20:10,471 - [EVAL] Keyword coherence=0.0000
[INFO] 2026-05-25 01:20:10,471 - [EVAL] Community stats={'num_communities': 99, 'avg_size': np.float64(4.0), 'max_size': np.int64(4), 'min_size': np.int64(4)}
[INFO] 2026-05-25 01:20:10,481 - [NMI DEBUG] matched_nodes=3080
[INFO] 2026-05-25 01:20:10,484 - [NMI] 0.6004
[INFO] 2026-05-25 01:20:10,490 - [NMI DEBUG] matched_nodes=72
[INFO] 2026-05-25 01:20:10,491 - [NMI] 0.4951
[INFO] 2026-05-25 01:20:10,496 - [NMI DEBUG] matched_nodes=51
[INFO] 2026-05-25 01:20:10,497 - [NMI] 0.1286
[INFO] 2026-05-25 01:20:10,501 - Saved communities...
