[INFO] 2026-05-31 22:39:28,047 - [MATRIX] writes shape=(14376, 14475)
[INFO] 2026-05-31 22:39:28,096 - [MATRIX] be_written shape=(14475, 14376)
[INFO] 2026-05-31 22:39:28,113 - [MATRIX] published_in shape=(14376, 20)
[INFO] 2026-05-31 22:39:28,129 - [MATRIX] publish shape=(20, 14376)
[INFO] 2026-05-31 22:39:28,258 - [MATRIX] has_term shape=(14376, 8920)
[INFO] 2026-05-31 22:39:28,382 - [MATRIX] term_in shape=(8920, 14376)
[INFO] 2026-05-31 22:39:28,448 - 
========== Building A-P-A ==========
[INFO] 2026-05-31 22:39:28,454 - A-P-A matrix shape=(14475, 14475)
[INFO] 2026-05-31 22:39:28,616 - A-P-A nodes=5264 edges=8789 total_weight=51362.0000
[INFO] 2026-05-31 22:39:28,619 - 
========== Building A-P-T-P-A ==========
[INFO] 2026-05-31 22:39:42,063 - A-P-T-P-A matrix shape=(14475, 14475)
[INFO] 2026-05-31 22:40:40,427 - A-P-T-P-A nodes=86 edges=351 total_weight=699532.0000
[INFO] 2026-05-31 22:40:40,427 - 
========== Building A-P-C-P-A ==========
[INFO] 2026-05-31 22:40:43,416 - A-P-C-P-A matrix shape=(14475, 14475)
[INFO] 2026-05-31 22:41:02,328 - A-P-C-P-A nodes=5689 edges=92426 total_weight=6194038.0000
[INFO] 2026-05-31 22:41:02,409 - 
========== MASSE Reliability ==========
[INFO] 2026-05-31 22:50:08,991 - [MATRIX] writes shape=(14376, 14475)
[INFO] 2026-05-31 22:50:09,042 - [MATRIX] be_written shape=(14475, 14376)
[INFO] 2026-05-31 22:50:09,060 - [MATRIX] published_in shape=(14376, 20)
[INFO] 2026-05-31 22:50:09,077 - [MATRIX] publish shape=(20, 14376)
[INFO] 2026-05-31 22:50:09,206 - [MATRIX] has_term shape=(14376, 8920)
[INFO] 2026-05-31 22:50:09,333 - [MATRIX] term_in shape=(8920, 14376)
[INFO] 2026-05-31 22:50:09,401 - 
========== Building A-P-A ==========
[INFO] 2026-05-31 22:50:09,407 - A-P-A matrix shape=(14475, 14475)
[INFO] 2026-05-31 22:50:09,568 - A-P-A nodes=5264 edges=8789 total_weight=51362.0000
[INFO] 2026-05-31 22:50:09,570 - 
========== Building A-P-T-P-A ==========
[INFO] 2026-05-31 22:50:23,392 - A-P-T-P-A matrix shape=(14475, 14475)
[INFO] 2026-05-31 22:51:19,879 - A-P-T-P-A nodes=86 edges=351 total_weight=699532.0000
[INFO] 2026-05-31 22:51:19,880 - 
========== Building A-P-C-P-A ==========
[INFO] 2026-05-31 22:51:22,847 - A-P-C-P-A matrix shape=(14475, 14475)
[INFO] 2026-05-31 22:51:42,120 - A-P-C-P-A nodes=5689 edges=92426 total_weight=6194038.0000
[INFO] 2026-05-31 22:51:42,205 - 
========== MASSE Reliability ==========
[INFO] 2026-05-31 22:51:42,223 - A-P-A reliability=0.100661
[INFO] 2026-05-31 22:51:42,224 - A-P-T-P-A reliability=0.147091
[INFO] 2026-05-31 22:51:42,368 - A-P-C-P-A reliability=0.081947
[INFO] 2026-05-31 22:51:46,119 - [INTERACTION] A-P-A <-> A-P-T-P-A = 0.2084
[INFO] 2026-05-31 22:51:46,128 - [INTERACTION] A-P-A <-> A-P-C-P-A = 0.2472
[INFO] 2026-05-31 22:51:46,131 - [INTERACTION] A-P-T-P-A <-> A-P-A = 0.2084
[INFO] 2026-05-31 22:51:46,134 - [INTERACTION] A-P-T-P-A <-> A-P-C-P-A = 0.0788
[INFO] 2026-05-31 22:51:46,142 - [INTERACTION] A-P-C-P-A <-> A-P-A = 0.2472
[INFO] 2026-05-31 22:51:46,145 - [INTERACTION] A-P-C-P-A <-> A-P-T-P-A = 0.0788
[INFO] 2026-05-31 22:51:46,646 - [SUBSPACE] {1: ['A-P-A', 'A-P-C-P-A'], 0: ['A-P-T-P-A']}
[INFO] 2026-05-31 22:51:46,646 - [LOCAL] Subspace 1: ['A-P-A', 'A-P-C-P-A']
[INFO] 2026-05-31 22:51:50,863 - [LOCAL] communities=107
[INFO] 2026-05-31 22:51:50,864 - [LOCAL] Subspace 0: ['A-P-T-P-A']
[INFO] 2026-05-31 22:51:50,879 - [LOCAL] communities=3
[INFO] 2026-05-31 22:52:15,147 - MASSE consensus nodes=6933 edges=6395253
[INFO] 2026-05-31 22:54:11,605 - MASSE communities=107
[INFO] 2026-05-31 22:54:12,765 - [ABLATION] Expansion Disabled
[INFO] 2026-05-31 22:54:46,332 - [EVAL] Modularity=0.6561
[INFO] 2026-05-31 22:54:46,332 - [EVAL] Surprise=0.0000
[INFO] 2026-05-31 22:54:46,332 - [EVAL] Keyword coherence=0.0000
[INFO] 2026-05-31 22:54:46,332 - [EVAL] Community stats={'num_communities': 107, 'avg_size': 64.79439252336448, 'max_size': 2383, 'min_size': 2}
[INFO] 2026-05-31 22:54:46,340 - [NMI DEBUG] matched_nodes=3080
[INFO] 2026-05-31 22:54:46,345 - [NMI] 0.6022
[INFO] 2026-05-31 22:54:46,347 - [NMI DEBUG] matched_nodes=0
[INFO] 2026-05-31 22:54:46,348 - [NMI DEBUG] matched_nodes=0
[INFO] 2026-05-31 22:54:46,354 - Saved communities...
[INFO] 2026-06-02 18:06:22,692 - [MATRIX] writes shape=(14376, 14475)
[INFO] 2026-06-02 18:06:22,721 - [MATRIX] be_written shape=(14475, 14376)
[INFO] 2026-06-02 18:06:22,731 - [MATRIX] published_in shape=(14376, 20)
[INFO] 2026-06-02 18:06:22,741 - [MATRIX] publish shape=(20, 14376)
[INFO] 2026-06-02 18:06:22,819 - [MATRIX] has_term shape=(14376, 8920)
[INFO] 2026-06-02 18:06:22,899 - [MATRIX] term_in shape=(8920, 14376)
[INFO] 2026-06-02 18:06:22,934 - 
========== Building A-P-A ==========
[INFO] 2026-06-02 18:06:22,938 - A-P-A matrix shape=(14475, 14475)
[INFO] 2026-06-02 18:06:23,048 - A-P-A nodes=5264 edges=8789 total_weight=51362.0000
[INFO] 2026-06-02 18:06:23,050 - 
========== Building A-P-T-P-A ==========
[INFO] 2026-06-02 18:06:32,509 - A-P-T-P-A matrix shape=(14475, 14475)
[INFO] 2026-06-02 18:07:13,867 - A-P-T-P-A nodes=86 edges=351 total_weight=699532.0000
[INFO] 2026-06-02 18:07:13,867 - 
========== Building A-P-C-P-A ==========
[INFO] 2026-06-02 18:07:15,808 - A-P-C-P-A matrix shape=(14475, 14475)
[INFO] 2026-06-02 18:07:28,834 - A-P-C-P-A nodes=5689 edges=92426 total_weight=6194038.0000
[INFO] 2026-06-02 18:07:28,884 - 
========== MASSE Reliability ==========
[INFO] 2026-06-02 18:07:28,894 - A-P-A reliability=0.100661
[INFO] 2026-06-02 18:07:28,895 - A-P-T-P-A reliability=0.147091
[INFO] 2026-06-02 18:07:28,970 - A-P-C-P-A reliability=0.081947
[INFO] 2026-06-02 18:07:31,464 - [INTERACTION] A-P-A <-> A-P-T-P-A = 0.1893
[INFO] 2026-06-02 18:07:31,471 - [INTERACTION] A-P-A <-> A-P-C-P-A = 0.2214
[INFO] 2026-06-02 18:07:31,473 - [INTERACTION] A-P-T-P-A <-> A-P-A = 0.1893
[INFO] 2026-06-02 18:07:31,476 - [INTERACTION] A-P-T-P-A <-> A-P-C-P-A = 0.0432
[INFO] 2026-06-02 18:07:31,483 - [INTERACTION] A-P-C-P-A <-> A-P-A = 0.2214
[INFO] 2026-06-02 18:07:31,485 - [INTERACTION] A-P-C-P-A <-> A-P-T-P-A = 0.0432
[INFO] 2026-06-02 18:07:31,827 - [SUBSPACE] {1: ['A-P-A', 'A-P-C-P-A'], 0: ['A-P-T-P-A']}
[INFO] 2026-06-02 18:07:31,827 - [LOCAL] Subspace 1: ['A-P-A', 'A-P-C-P-A']
[INFO] 2026-06-02 18:07:34,739 - [LOCAL] communities=107
[INFO] 2026-06-02 18:07:34,740 - [LOCAL] Subspace 0: ['A-P-T-P-A']
[INFO] 2026-06-02 18:07:34,753 - [LOCAL] communities=3
[INFO] 2026-06-02 18:07:51,017 - MASSE consensus nodes=6933 edges=6395747
[INFO] 2026-06-02 18:09:23,551 - MASSE communities=107
[INFO] 2026-06-02 18:09:24,207 - [ABLATION] Using Hete_MESE Expansion
[INFO] 2026-06-02 18:18:57,818 - [MATRIX] writes shape=(14376, 14475)
[INFO] 2026-06-02 18:18:57,849 - [MATRIX] be_written shape=(14475, 14376)
[INFO] 2026-06-02 18:18:57,859 - [MATRIX] published_in shape=(14376, 20)
[INFO] 2026-06-02 18:18:57,868 - [MATRIX] publish shape=(20, 14376)
[INFO] 2026-06-02 18:18:57,948 - [MATRIX] has_term shape=(14376, 8920)
[INFO] 2026-06-02 18:18:58,029 - [MATRIX] term_in shape=(8920, 14376)
[INFO] 2026-06-02 18:18:58,082 - 
========== Building A-P-A ==========
[INFO] 2026-06-02 18:18:58,086 - A-P-A matrix shape=(14475, 14475)
[INFO] 2026-06-02 18:18:58,224 - A-P-A nodes=5264 edges=8789 total_weight=51362.0000
[INFO] 2026-06-02 18:18:58,226 - 
========== Building A-P-T-P-A ==========
[INFO] 2026-06-02 18:19:07,518 - A-P-T-P-A matrix shape=(14475, 14475)
[INFO] 2026-06-02 18:19:53,989 - A-P-T-P-A nodes=86 edges=351 total_weight=699532.0000
[INFO] 2026-06-02 18:19:53,989 - 
========== Building A-P-C-P-A ==========
[INFO] 2026-06-02 18:19:55,956 - A-P-C-P-A matrix shape=(14475, 14475)
[INFO] 2026-06-02 18:20:11,089 - A-P-C-P-A nodes=5689 edges=92426 total_weight=6194038.0000
[INFO] 2026-06-02 18:20:11,137 - 
========== MASSE Reliability ==========
[INFO] 2026-06-02 18:20:11,148 - A-P-A reliability=0.100661
[INFO] 2026-06-02 18:20:11,149 - A-P-T-P-A reliability=0.147091
[INFO] 2026-06-02 18:20:11,217 - A-P-C-P-A reliability=0.081947
[INFO] 2026-06-02 18:20:13,705 - [INTERACTION] A-P-A <-> A-P-T-P-A = 0.2143
[INFO] 2026-06-02 18:20:13,711 - [INTERACTION] A-P-A <-> A-P-C-P-A = 0.2325
[INFO] 2026-06-02 18:20:13,713 - [INTERACTION] A-P-T-P-A <-> A-P-A = 0.2143
[INFO] 2026-06-02 18:20:13,716 - [INTERACTION] A-P-T-P-A <-> A-P-C-P-A = 0.0889
[INFO] 2026-06-02 18:20:13,721 - [INTERACTION] A-P-C-P-A <-> A-P-A = 0.2325
[INFO] 2026-06-02 18:20:13,724 - [INTERACTION] A-P-C-P-A <-> A-P-T-P-A = 0.0889
[INFO] 2026-06-02 18:20:13,956 - [SUBSPACE] {1: ['A-P-A', 'A-P-C-P-A'], 0: ['A-P-T-P-A']}
[INFO] 2026-06-02 18:20:13,956 - [LOCAL] Subspace 1: ['A-P-A', 'A-P-C-P-A']
[INFO] 2026-06-02 18:20:16,906 - [LOCAL] communities=102
[INFO] 2026-06-02 18:20:16,906 - [LOCAL] Subspace 0: ['A-P-T-P-A']
[INFO] 2026-06-02 18:20:16,917 - [LOCAL] communities=3
[INFO] 2026-06-02 18:20:33,575 - MASSE consensus nodes=6933 edges=6607492
[INFO] 2026-06-02 18:22:25,127 - MASSE communities=102
[INFO] 2026-06-02 18:22:25,926 - [ABLATION] Using Hete_MESE Expansion
[INFO] 2026-06-02 18:22:31,434 - Expanding community 0
[DEBUG] 2026-06-02 18:22:32,002 - [EXPANSION] paper sorted scores=[('p554348', 15), ('p554349', 15), ('p275258', 9), ('p275255', 8), ('p275858', 8), ('p436375', 8), ('p437432', 8), ('p554114', 8), ('p554317', 8), ('p554457', 8)]
[DEBUG] 2026-06-02 18:22:32,013 - [EXPANSION] conference sorted scores=[('c1798', 1115), ('c3594', 1031), ('c3329', 988), ('c2504', 648), ('c1801', 399), ('c597', 329), ('c2934', 257), ('c3011', 207), ('c1234', 198), ('c3230', 187)]
[DEBUG] 2026-06-02 18:22:34,965 - [EXPANSION] term sorted scores=[('t19', 1945), ('t4', 1421), ('t63', 1346), ('t35', 1256), ('t461', 1224), ('t45', 1132), ('t1', 755), ('t452', 598), ('t112', 522), ('t38', 504)]
[INFO] 2026-06-02 18:22:34,966 - Expanding community 1
[DEBUG] 2026-06-02 18:22:35,450 - [EXPANSION] paper sorted scores=[('p551464', 13), ('p551708', 12), ('p551520', 10), ('p552252', 10), ('p550757', 9), ('p552202', 8), ('p552505', 8), ('p85737', 7), ('p86565', 7), ('p86567', 7)]
[DEBUG] 2026-06-02 18:22:35,456 - [EXPANSION] conference sorted scores=[('c3318', 1361), ('c597', 300), ('c1194', 187), ('c3771', 159), ('c2180', 91), ('c2504', 90), ('c36', 84), ('c1801', 84), ('c1902', 82), ('c1798', 69)]
[DEBUG] 2026-06-02 18:22:36,368 - [EXPANSION] term sorted scores=[('t19', 916), ('t4', 666), ('t63', 617), ('t468', 560), ('t45', 511), ('t35', 459), ('t1', 408), ('t235', 398), ('t109', 297), ('t38', 283)]
[INFO] 2026-06-02 18:22:36,369 - Expanding community 2
[DEBUG] 2026-06-02 18:22:36,562 - [EXPANSION] paper sorted scores=[('p7745', 15), ('p7746', 14), ('p8636', 8), ('p10405', 8), ('p10518', 8), ('p10519', 8), ('p11686', 8), ('p554943', 8), ('p625832', 8), ('p8380', 7)]
[DEBUG] 2026-06-02 18:22:36,569 - [EXPANSION] conference sorted scores=[('c36', 1374), ('c2180', 1360), ('c1902', 495), ('c755', 203), ('c1201', 110), ('c2504', 110), ('c3318', 98), ('c1801', 72), ('c3771', 61), ('c597', 56)]
[DEBUG] 2026-06-02 18:22:38,054 - [EXPANSION] term sorted scores=[('t19', 1147), ('t4', 977), ('t63', 880), ('t45', 814), ('t35', 758), ('t12', 598), ('t1', 571), ('t55', 389), ('t10', 359), ('t38', 343)]
[INFO] 2026-06-02 18:22:38,055 - Expanding community 3
[DEBUG] 2026-06-02 18:22:38,154 - [EXPANSION] paper sorted scores=[('p554317', 7), ('p554816', 7), ('p595556', 7), ('p162538', 6), ('p275084', 6), ('p275231', 6), ('p554350', 6), ('p554507', 6), ('p555663', 6), ('p555985', 6)]
[DEBUG] 2026-06-02 18:22:38,159 - [EXPANSION] conference sorted scores=[('c3594', 1038), ('c3329', 975), ('c1798', 952), ('c3027', 392), ('c597', 235), ('c1234', 212), ('c2504', 104), ('c3771', 100), ('c1801', 55), ('c3318', 45)]
[DEBUG] 2026-06-02 18:22:39,355 - [EXPANSION] term sorted scores=[('t19', 1270), ('t4', 967), ('t35', 927), ('t45', 867), ('t63', 867), ('t461', 783), ('t1', 577), ('t512', 436), ('t375', 398), ('t542', 373)]
[INFO] 2026-06-02 18:22:39,357 - Expanding community 4
[DEBUG] 2026-06-02 18:22:39,375 - [EXPANSION] paper sorted scores=[('p11290', 5), ('p86642', 5), ('p556319', 2), ('p357177', 1), ('p7601', 0), ('p7604', 0), ('p7605', 0), ('p7610', 0), ('p7612', 0), ('p7613', 0)]
[DEBUG] 2026-06-02 18:22:39,376 - [EXPANSION] conference sorted scores=[('c36', 1), ('c597', 1), ('c2180', 1), ('c3329', 1), ('c755', 0), ('c1194', 0), ('c1201', 0), ('c1234', 0), ('c1798', 0), ('c1801', 0)]
[DEBUG] 2026-06-02 18:22:39,388 - [EXPANSION] term sorted scores=[('t19', 3), ('t355', 2), ('t26', 1), ('t35', 1), ('t42', 1), ('t45', 1), ('t63', 1), ('t84', 1), ('t226', 1), ('t307', 1)]
[INFO] 2026-06-02 18:22:39,388 - Expanding community 5
[DEBUG] 2026-06-02 18:22:39,405 - [EXPANSION] paper sorted scores=[('p278072', 5), ('p500407', 5), ('p536225', 5), ('p486582', 2), ('p158822', 1), ('p7601', 0), ('p7604', 0), ('p7605', 0), ('p7610', 0), ('p7612', 0)]
[DEBUG] 2026-06-02 18:22:39,407 - [EXPANSION] conference sorted scores=[('c1201', 1), ('c1801', 1), ('c2934', 1), ('c3011', 1), ('c3230', 1), ('c36', 0), ('c597', 0), ('c755', 0), ('c1194', 0), ('c1234', 0)]
[DEBUG] 2026-06-02 18:22:39,418 - [EXPANSION] term sorted scores=[('t19', 3), ('t249', 3), ('t461', 3), ('t795', 3), ('t45', 2), ('t108', 2), ('t452', 2), ('t1973', 2), ('t53', 1), ('t71', 1)]
[INFO] 2026-06-02 18:22:39,418 - Expanding community 6
[DEBUG] 2026-06-02 18:22:39,436 - [EXPANSION] paper sorted scores=[('p436624', 5), ('p536388', 5), ('p7601', 0), ('p7604', 0), ('p7605', 0), ('p7610', 0), ('p7612', 0), ('p7613', 0), ('p7621', 0), ('p7630', 0)]
[DEBUG] 2026-06-02 18:22:39,437 - [EXPANSION] conference sorted scores=[('c2504', 1), ('c3230', 1), ('c36', 0), ('c597', 0), ('c755', 0), ('c1194', 0), ('c1201', 0), ('c1234', 0), ('c1798', 0), ('c1801', 0)]
[DEBUG] 2026-06-02 18:22:39,447 - [EXPANSION] term sorted scores=[('t1', 2), ('t35', 2), ('t183', 2), ('t452', 2), ('t461', 2), ('t986', 2), ('t1737', 2), ('t1994', 2), ('t6321', 2), ('t9451', 2)]
[INFO] 2026-06-02 18:22:39,448 - Expanding community 7
[DEBUG] 2026-06-02 18:22:39,463 - [EXPANSION] paper sorted scores=[('p278028', 3), ('p486593', 3), ('p358553', 2), ('p360625', 2), ('p486595', 2), ('p500796', 2), ('p7601', 0), ('p7604', 0), ('p7605', 0), ('p7610', 0)]
[DEBUG] 2026-06-02 18:22:39,464 - [EXPANSION] conference sorted scores=[('c2180', 2), ('c2934', 2), ('c1801', 1), ('c3011', 1), ('c36', 0), ('c597', 0), ('c755', 0), ('c1194', 0), ('c1201', 0), ('c1234', 0)]
[DEBUG] 2026-06-02 18:22:39,474 - [EXPANSION] term sorted scores=[('t63', 4), ('t112', 4), ('t38', 3), ('t124', 3), ('t271', 3), ('t388', 3), ('t4', 2), ('t10', 2), ('t206', 2), ('t4423', 2)]
[INFO] 2026-06-02 18:22:39,474 - Expanding community 8
[DEBUG] 2026-06-02 18:22:39,488 - [EXPANSION] paper sorted scores=[('p162593', 4), ('p595351', 4), ('p625579', 2), ('p500515', 1), ('p7601', 0), ('p7604', 0), ('p7605', 0), ('p7610', 0), ('p7612', 0), ('p7613', 0)]
[DEBUG] 2026-06-02 18:22:39,489 - [EXPANSION] conference sorted scores=[('c1234', 1), ('c3011', 1), ('c3594', 1), ('c3771', 1), ('c36', 0), ('c597', 0), ('c755', 0), ('c1194', 0), ('c1201', 0), ('c1798', 0)]
[DEBUG] 2026-06-02 18:22:39,499 - [EXPANSION] term sorted scores=[('t460', 4), ('t55', 2), ('t461', 2), ('t5007', 2), ('t35', 1), ('t38', 1), ('t45', 1), ('t54', 1), ('t63', 1), ('t69', 1)]
[INFO] 2026-06-02 18:22:39,500 - Expanding community 9
[DEBUG] 2026-06-02 18:22:39,513 - [EXPANSION] paper sorted scores=[('p357725', 3), ('p503819', 3), ('p86768', 2), ('p86832', 2), ('p7663', 1), ('p308094', 1), ('p500441', 1), ('p7601', 0), ('p7604', 0), ('p7605', 0)]
[DEBUG] 2026-06-02 18:22:39,514 - [EXPANSION] conference sorted scores=[('c597', 2), ('c36', 1), ('c1902', 1), ('c2180', 1), ('c3011', 1), ('c3027', 1), ('c755', 0), ('c1194', 0), ('c1201', 0), ('c1234', 0)]
[DEBUG] 2026-06-02 18:22:39,525 - [EXPANSION] term sorted scores=[('t4', 3), ('t35', 2), ('t38', 2), ('t220', 2), ('t1434', 2), ('t2154', 2), ('t2665', 2), ('t5059', 2), ('t9', 1), ('t81', 1)]
[INFO] 2026-06-02 18:22:39,526 - Expanding community 10
[DEBUG] 2026-06-02 18:22:39,539 - [EXPANSION] paper sorted scores=[('p278520', 3), ('p278521', 3), ('p7601', 0), ('p7604', 0), ('p7605', 0), ('p7610', 0), ('p7612', 0), ('p7613', 0), ('p7621', 0), ('p7630', 0)]
[DEBUG] 2026-06-02 18:22:39,540 - [EXPANSION] conference sorted scores=[('c1801', 2), ('c36', 0), ('c597', 0), ('c755', 0), ('c1194', 0), ('c1201', 0), ('c1234', 0), ('c1798', 0), ('c1902', 0), ('c2180', 0)]
[DEBUG] 2026-06-02 18:22:39,549 - [EXPANSION] term sorted scores=[('t55', 2), ('t109', 2), ('t452', 2), ('t1', 1), ('t35', 1), ('t45', 1), ('t63', 1), ('t293', 1), ('t315', 1), ('t461', 1)]
[INFO] 2026-06-02 18:22:39,549 - Expanding community 11
[DEBUG] 2026-06-02 18:22:39,563 - [EXPANSION] paper sorted scores=[('p86051', 3), ('p486792', 3), ('p536326', 2), ('p7601', 0), ('p7604', 0), ('p7605', 0), ('p7610', 0), ('p7612', 0), ('p7613', 0), ('p7621', 0)]
[DEBUG] 2026-06-02 18:22:39,564 - [EXPANSION] conference sorted scores=[('c597', 1), ('c2934', 1), ('c3230', 1), ('c36', 0), ('c755', 0), ('c1194', 0), ('c1201', 0), ('c1234', 0), ('c1798', 0), ('c1801', 0)]
[DEBUG] 2026-06-02 18:22:39,573 - [EXPANSION] term sorted scores=[('t38', 2), ('t109', 2), ('t452', 2), ('t4', 1), ('t19', 1), ('t53', 1), ('t65', 1), ('t81', 1), ('t114', 1), ('t163', 1)]
[INFO] 2026-06-02 18:22:39,574 - Expanding community 12
[DEBUG] 2026-06-02 18:22:39,587 - [EXPANSION] paper sorted scores=[('p487424', 3), ('p487505', 3), ('p487524', 2), ('p536489', 2), ('p7601', 0), ('p7604', 0), ('p7605', 0), ('p7610', 0), ('p7612', 0), ('p7613', 0)]
[DEBUG] 2026-06-02 18:22:39,589 - [EXPANSION] conference sorted scores=[('c2934', 3), ('c3230', 1), ('c36', 0), ('c597', 0), ('c755', 0), ('c1194', 0), ('c1201', 0), ('c1234', 0), ('c1798', 0), ('c1801', 0)]
[DEBUG] 2026-06-02 18:22:39,598 - [EXPANSION] term sorted scores=[('t1340', 2), ('t1', 1), ('t19', 1), ('t26', 1), ('t38', 1), ('t45', 1), ('t63', 1), ('t112', 1), ('t115', 1), ('t148', 1)]
[INFO] 2026-06-02 18:22:39,599 - Expanding community 13
[DEBUG] 2026-06-02 18:22:39,611 - [EXPANSION] paper sorted scores=[('p86814', 3), ('p156993', 3), ('p86354', 1), ('p7601', 0), ('p7604', 0), ('p7605', 0), ('p7610', 0), ('p7612', 0), ('p7613', 0), ('p7621', 0)]
[DEBUG] 2026-06-02 18:22:39,613 - [EXPANSION] conference sorted scores=[('c597', 2), ('c1194', 1), ('c36', 0), ('c755', 0), ('c1201', 0), ('c1234', 0), ('c1798', 0), ('c1801', 0), ('c1902', 0), ('c2180', 0)]
[DEBUG] 2026-06-02 18:22:39,622 - [EXPANSION] term sorted scores=[('t81', 2), ('t568', 2), ('t1656', 2), ('t2244', 2), ('t35', 1), ('t38', 1), ('t45', 1), ('t112', 1), ('t133', 1), ('t148', 1)]
[INFO] 2026-06-02 18:22:39,622 - Expanding community 14
[DEBUG] 2026-06-02 18:22:39,639 - [EXPANSION] paper sorted scores=[('p86386', 3), ('p278275', 3), ('p7601', 0), ('p7604', 0), ('p7605', 0), ('p7610', 0), ('p7612', 0), ('p7613', 0), ('p7621', 0), ('p7630', 0)]
[DEBUG] 2026-06-02 18:22:39,640 - [EXPANSION] conference sorted scores=[('c597', 1), ('c1801', 1), ('c36', 0), ('c755', 0), ('c1194', 0), ('c1201', 0), ('c1234', 0), ('c1798', 0), ('c1902', 0), ('c2180', 0)]
[DEBUG] 2026-06-02 18:22:39,649 - [EXPANSION] term sorted scores=[('t4', 2), ('t478', 2), ('t10', 1), ('t37', 1), ('t54', 1), ('t114', 1), ('t228', 1), ('t479', 1), ('t560', 1), ('t1261', 1)]
[INFO] 2026-06-02 18:22:39,650 - Expanding community 15
[DEBUG] 2026-06-02 18:22:39,663 - [EXPANSION] paper sorted scores=[('p11916', 3), ('p86843', 3), ('p501011', 1), ('p7601', 0), ('p7604', 0), ('p7605', 0), ('p7610', 0), ('p7612', 0), ('p7613', 0), ('p7621', 0)]
[DEBUG] 2026-06-02 18:22:39,664 - [EXPANSION] conference sorted scores=[('c36', 1), ('c597', 1), ('c3011', 1), ('c755', 0), ('c1194', 0), ('c1201', 0), ('c1234', 0), ('c1798', 0), ('c1801', 0), ('c1902', 0)]
[DEBUG] 2026-06-02 18:22:39,673 - [EXPANSION] term sorted scores=[('t147', 2), ('t4', 1), ('t10', 1), ('t12', 1), ('t19', 1), ('t26', 1), ('t38', 1), ('t45', 1), ('t55', 1), ('t81', 1)]
[INFO] 2026-06-02 18:22:39,674 - Expanding community 16
[DEBUG] 2026-06-02 18:22:39,687 - [EXPANSION] paper sorted scores=[('p437077', 3), ('p501013', 3), ('p7601', 0), ('p7604', 0), ('p7605', 0), ('p7610', 0), ('p7612', 0), ('p7613', 0), ('p7621', 0), ('p7630', 0)]
[DEBUG] 2026-06-02 18:22:39,688 - [EXPANSION] conference sorted scores=[('c2504', 1), ('c3011', 1), ('c36', 0), ('c597', 0), ('c755', 0), ('c1194', 0), ('c1201', 0), ('c1234', 0), ('c1798', 0), ('c1801', 0)]
[DEBUG] 2026-06-02 18:22:39,697 - [EXPANSION] term sorted scores=[('t63', 2), ('t112', 2), ('t483', 2), ('t489', 2), ('t1043', 2), ('t1044', 2), ('t26', 1), ('t271', 1), ('t452', 1), ('t461', 1)]
[INFO] 2026-06-02 18:22:39,697 - Expanding community 17
[DEBUG] 2026-06-02 18:22:39,710 - [EXPANSION] paper sorted scores=[('p278304', 3), ('p357168', 3), ('p8721', 2), ('p536370', 1), ('p536552', 1), ('p7601', 0), ('p7604', 0), ('p7605', 0), ('p7610', 0), ('p7612', 0)]
[DEBUG] 2026-06-02 18:22:39,712 - [EXPANSION] conference sorted scores=[('c3230', 2), ('c36', 1), ('c1801', 1), ('c2180', 1), ('c597', 0), ('c755', 0), ('c1194', 0), ('c1201', 0), ('c1234', 0), ('c1798', 0)]
[DEBUG] 2026-06-02 18:22:39,721 - [EXPANSION] term sorted scores=[('t19', 3), ('t737', 3), ('t38', 2), ('t354', 2), ('t890', 2), ('t1575', 2), ('t2287', 2), ('t4', 1), ('t10', 1), ('t21', 1)]
[INFO] 2026-06-02 18:22:39,722 - Expanding community 18
[DEBUG] 2026-06-02 18:22:39,734 - [EXPANSION] paper sorted scores=[('p554709', 3), ('p625790', 3), ('p7601', 0), ('p7604', 0), ('p7605', 0), ('p7610', 0), ('p7612', 0), ('p7613', 0), ('p7621', 0), ('p7630', 0)]
[DEBUG] 2026-06-02 18:22:39,736 - [EXPANSION] conference sorted scores=[('c3329', 1), ('c3771', 1), ('c36', 0), ('c597', 0), ('c755', 0), ('c1194', 0), ('c1201', 0), ('c1234', 0), ('c1798', 0), ('c1801', 0)]
[DEBUG] 2026-06-02 18:22:39,744 - [EXPANSION] term sorted scores=[('t119', 2), ('t461', 2), ('t4', 1), ('t109', 1), ('t402', 1), ('t648', 1), ('t2278', 1), ('t4452', 1), ('t12068', 1), ('t1', 0)]
[INFO] 2026-06-02 18:22:39,745 - Expanding community 19
[DEBUG] 2026-06-02 18:22:39,758 - [EXPANSION] paper sorted scores=[('p357566', 3), ('p357567', 3), ('p7601', 0), ('p7604', 0), ('p7605', 0), ('p7610', 0), ('p7612', 0), ('p7613', 0), ('p7621', 0), ('p7630', 0)]
[DEBUG] 2026-06-02 18:22:39,759 - [EXPANSION] conference sorted scores=[('c2180', 2), ('c36', 0), ('c597', 0), ('c755', 0), ('c1194', 0), ('c1201', 0), ('c1234', 0), ('c1798', 0), ('c1801', 0), ('c1902', 0)]
[DEBUG] 2026-06-02 18:22:39,768 - [EXPANSION] term sorted scores=[('t767', 2), ('t4', 1), ('t45', 1), ('t48', 1), ('t1081', 1), ('t1172', 1), ('t1244', 1), ('t1578', 1), ('t1922', 1), ('t1932', 1)]
[INFO] 2026-06-02 18:22:39,768 - Expanding community 20
[DEBUG] 2026-06-02 18:22:39,782 - [EXPANSION] paper sorted scores=[('p159053', 3), ('p436784', 3), ('p626977', 3), ('p7601', 0), ('p7604', 0), ('p7605', 0), ('p7610', 0), ('p7612', 0), ('p7613', 0), ('p7621', 0)]
[DEBUG] 2026-06-02 18:22:39,783 - [EXPANSION] conference sorted scores=[('c1201', 1), ('c2504', 1), ('c3771', 1), ('c36', 0), ('c597', 0), ('c755', 0), ('c1194', 0), ('c1234', 0), ('c1798', 0), ('c1801', 0)]
[DEBUG] 2026-06-02 18:22:39,792 - [EXPANSION] term sorted scores=[('t10', 3), ('t12', 2), ('t4', 1), ('t26', 1), ('t45', 1), ('t53', 1), ('t55', 1), ('t109', 1), ('t128', 1), ('t256', 1)]
[INFO] 2026-06-02 18:22:39,793 - Expanding community 21
[DEBUG] 2026-06-02 18:22:39,808 - [EXPANSION] paper sorted scores=[('p86553', 3), ('p504434', 3), ('p597171', 3), ('p7601', 0), ('p7604', 0), ('p7605', 0), ('p7610', 0), ('p7612', 0), ('p7613', 0), ('p7621', 0)]
[DEBUG] 2026-06-02 18:22:39,810 - [EXPANSION] conference sorted scores=[('c597', 1), ('c3027', 1), ('c3594', 1), ('c36', 0), ('c755', 0), ('c1194', 0), ('c1201', 0), ('c1234', 0), ('c1798', 0), ('c1801', 0)]
[DEBUG] 2026-06-02 18:22:39,819 - [EXPANSION] term sorted scores=[('t4', 2), ('t19', 1), ('t35', 1), ('t45', 1), ('t63', 1), ('t84', 1), ('t114', 1), ('t128', 1), ('t134', 1), ('t180', 1)]
[INFO] 2026-06-02 18:22:39,819 - Expanding community 22
[DEBUG] 2026-06-02 18:22:39,832 - [EXPANSION] paper sorted scores=[('p437012', 3), ('p626669', 3), ('p7601', 0), ('p7604', 0), ('p7605', 0), ('p7610', 0), ('p7612', 0), ('p7613', 0), ('p7621', 0), ('p7630', 0)]
[DEBUG] 2026-06-02 18:22:39,834 - [EXPANSION] conference sorted scores=[('c2504', 1), ('c3771', 1), ('c36', 0), ('c597', 0), ('c755', 0), ('c1194', 0), ('c1201', 0), ('c1234', 0), ('c1798', 0), ('c1801', 0)]
[DEBUG] 2026-06-02 18:22:39,842 - [EXPANSION] term sorted scores=[('t109', 2), ('t233', 2), ('t10', 1), ('t35', 1), ('t39', 1), ('t45', 1), ('t55', 1), ('t63', 1), ('t107', 1), ('t365', 1)]
[INFO] 2026-06-02 18:22:39,843 - Expanding community 23
[DEBUG] 2026-06-02 18:22:39,856 - [EXPANSION] paper sorted scores=[('p487349', 3), ('p158781', 2), ('p308453', 2), ('p308454', 2), ('p500603', 2), ('p500605', 2), ('p500609', 2), ('p158780', 1), ('p7601', 0), ('p7604', 0)]
[DEBUG] 2026-06-02 18:22:39,857 - [EXPANSION] conference sorted scores=[('c3011', 3), ('c1201', 2), ('c1902', 2), ('c2934', 1), ('c36', 0), ('c597', 0), ('c755', 0), ('c1194', 0), ('c1234', 0), ('c1798', 0)]
[DEBUG] 2026-06-02 18:22:39,867 - [EXPANSION] term sorted scores=[('t63', 3), ('t108', 3), ('t6468', 3), ('t19', 2), ('t35', 2), ('t55', 2), ('t98', 2), ('t142', 2), ('t250', 2), ('t461', 2)]
[INFO] 2026-06-02 18:22:39,868 - Expanding community 24
[DEBUG] 2026-06-02 18:22:39,881 - [EXPANSION] paper sorted scores=[('p487197', 3), ('p11483', 2), ('p308965', 2), ('p308967', 2), ('p360582', 1), ('p7601', 0), ('p7604', 0), ('p7605', 0), ('p7610', 0), ('p7612', 0)]
[DEBUG] 2026-06-02 18:22:39,882 - [EXPANSION] conference sorted scores=[('c1902', 2), ('c36', 1), ('c2180', 1), ('c2934', 1), ('c597', 0), ('c755', 0), ('c1194', 0), ('c1201', 0), ('c1234', 0), ('c1798', 0)]
[DEBUG] 2026-06-02 18:22:39,891 - [EXPANSION] term sorted scores=[('t4', 4), ('t1', 2), ('t114', 2), ('t649', 2), ('t2206', 2), ('t2207', 2), ('t6', 1), ('t35', 1), ('t38', 1), ('t45', 1)]
[INFO] 2026-06-02 18:22:39,892 - Expanding community 25
[DEBUG] 2026-06-02 18:22:39,905 - [EXPANSION] paper sorted scores=[('p486690', 2), ('p486692', 2), ('p486697', 2), ('p500553', 2), ('p275916', 1), ('p500554', 1), ('p7601', 0), ('p7604', 0), ('p7605', 0), ('p7610', 0)]
[DEBUG] 2026-06-02 18:22:39,906 - [EXPANSION] conference sorted scores=[('c2934', 3), ('c3011', 2), ('c1798', 1), ('c36', 0), ('c597', 0), ('c755', 0), ('c1194', 0), ('c1201', 0), ('c1234', 0), ('c1801', 0)]
[DEBUG] 2026-06-02 18:22:39,916 - [EXPANSION] term sorted scores=[('t226', 4), ('t461', 4), ('t4', 2), ('t19', 2), ('t35', 2), ('t45', 2), ('t57', 2), ('t103', 2), ('t1107', 2), ('t1434', 2)]
[INFO] 2026-06-02 18:22:39,916 - Expanding community 26
[DEBUG] 2026-06-02 18:22:39,930 - [EXPANSION] paper sorted scores=[('p86239', 3), ('p162824', 3), ('p162825', 3), ('p86241', 2), ('p163029', 2), ('p7601', 0), ('p7604', 0), ('p7605', 0), ('p7610', 0), ('p7612', 0)]
[DEBUG] 2026-06-02 18:22:39,931 - [EXPANSION] conference sorted scores=[('c1234', 3), ('c597', 2), ('c36', 0), ('c755', 0), ('c1194', 0), ('c1201', 0), ('c1798', 0), ('c1801', 0), ('c1902', 0), ('c2180', 0)]
[DEBUG] 2026-06-02 18:22:39,940 - [EXPANSION] term sorted scores=[('t19', 3), ('t51', 2), ('t63', 2), ('t726', 2), ('t794', 2), ('t2553', 2), ('t1', 1), ('t35', 1), ('t54', 1), ('t155', 1)]
[INFO] 2026-06-02 18:22:39,941 - Expanding community 27
[DEBUG] 2026-06-02 18:22:39,954 - [EXPANSION] paper sorted scores=[('p86945', 3), ('p157133', 3), ('p7601', 0), ('p7604', 0), ('p7605', 0), ('p7610', 0), ('p7612', 0), ('p7613', 0), ('p7621', 0), ('p7630', 0)]
[DEBUG] 2026-06-02 18:22:39,955 - [EXPANSION] conference sorted scores=[('c597', 1), ('c1194', 1), ('c36', 0), ('c755', 0), ('c1201', 0), ('c1234', 0), ('c1798', 0), ('c1801', 0), ('c1902', 0), ('c2180', 0)]
[DEBUG] 2026-06-02 18:22:39,964 - [EXPANSION] term sorted scores=[('t49', 2), ('t1837', 2), ('t81', 1), ('t91', 1), ('t368', 1), ('t534', 1), ('t844', 1), ('t1248', 1), ('t1', 0), ('t2', 0)]
[INFO] 2026-06-02 18:22:39,965 - Expanding community 28
[DEBUG] 2026-06-02 18:22:39,980 - [EXPANSION] paper sorted scores=[('p504514', 3), ('p556433', 3), ('p7601', 0), ('p7604', 0), ('p7605', 0), ('p7610', 0), ('p7612', 0), ('p7613', 0), ('p7621', 0), ('p7630', 0)]
[DEBUG] 2026-06-02 18:22:39,982 - [EXPANSION] conference sorted scores=[('c3027', 1), ('c3329', 1), ('c36', 0), ('c597', 0), ('c755', 0), ('c1194', 0), ('c1201', 0), ('c1234', 0), ('c1798', 0), ('c1801', 0)]
[DEBUG] 2026-06-02 18:22:39,990 - [EXPANSION] term sorted scores=[('t55', 2), ('t2534', 2), ('t19', 1), ('t45', 1), ('t82', 1), ('t209', 1), ('t343', 1), ('t344', 1), ('t375', 1), ('t1213', 1)]
[INFO] 2026-06-02 18:22:39,991 - Expanding community 29
[DEBUG] 2026-06-02 18:22:40,005 - [EXPANSION] paper sorted scores=[('p359989', 3), ('p360768', 3), ('p7601', 0), ('p7604', 0), ('p7605', 0), ('p7610', 0), ('p7612', 0), ('p7613', 0), ('p7621', 0), ('p7630', 0)]
[DEBUG] 2026-06-02 18:22:40,006 - [EXPANSION] conference sorted scores=[('c2180', 2), ('c36', 0), ('c597', 0), ('c755', 0), ('c1194', 0), ('c1201', 0), ('c1234', 0), ('c1798', 0), ('c1801', 0), ('c1902', 0)]
[DEBUG] 2026-06-02 18:22:40,015 - [EXPANSION] term sorted scores=[('t4', 2), ('t35', 1), ('t114', 1), ('t187', 1), ('t249', 1), ('t391', 1), ('t436', 1), ('t502', 1), ('t937', 1), ('t1209', 1)]
[INFO] 2026-06-02 18:22:40,016 - Expanding community 30
[DEBUG] 2026-06-02 18:22:40,029 - [EXPANSION] paper sorted scores=[('p504557', 3), ('p555889', 3), ('p536234', 2), ('p118053', 1), ('p7601', 0), ('p7604', 0), ('p7605', 0), ('p7610', 0), ('p7612', 0), ('p7613', 0)]
[DEBUG] 2026-06-02 18:22:40,030 - [EXPANSION] conference sorted scores=[('c755', 1), ('c3027', 1), ('c3230', 1), ('c3329', 1), ('c36', 0), ('c597', 0), ('c1194', 0), ('c1201', 0), ('c1234', 0), ('c1798', 0)]
[DEBUG] 2026-06-02 18:22:40,040 - [EXPANSION] term sorted scores=[('t55', 2), ('t63', 2), ('t177', 2), ('t461', 2), ('t501', 2), ('t521', 2), ('t19', 1), ('t35', 1), ('t45', 1), ('t54', 1)]
[INFO] 2026-06-02 18:22:40,040 - Expanding community 31
[DEBUG] 2026-06-02 18:22:40,055 - [EXPANSION] paper sorted scores=[('p436579', 3), ('p500550', 3), ('p158952', 1), ('p7601', 0), ('p7604', 0), ('p7605', 0), ('p7610', 0), ('p7612', 0), ('p7613', 0), ('p7621', 0)]
[DEBUG] 2026-06-02 18:22:40,056 - [EXPANSION] conference sorted scores=[('c1201', 1), ('c2504', 1), ('c3011', 1), ('c36', 0), ('c597', 0), ('c755', 0), ('c1194', 0), ('c1234', 0), ('c1798', 0), ('c1801', 0)]
[DEBUG] 2026-06-02 18:22:40,065 - [EXPANSION] term sorted scores=[('t1', 1), ('t10', 1), ('t26', 1), ('t55', 1), ('t153', 1), ('t190', 1), ('t220', 1), ('t231', 1), ('t282', 1), ('t358', 1)]
[INFO] 2026-06-02 18:22:40,066 - Expanding community 32
[DEBUG] 2026-06-02 18:22:40,079 - [EXPANSION] paper sorted scores=[('p357715', 3), ('p360829', 3), ('p308386', 2), ('p309850', 1), ('p7601', 0), ('p7604', 0), ('p7605', 0), ('p7610', 0), ('p7612', 0), ('p7613', 0)]
[DEBUG] 2026-06-02 18:22:40,081 - [EXPANSION] conference sorted scores=[('c1902', 2), ('c2180', 2), ('c36', 0), ('c597', 0), ('c755', 0), ('c1194', 0), ('c1201', 0), ('c1234', 0), ('c1798', 0), ('c1801', 0)]
[DEBUG] 2026-06-02 18:22:40,090 - [EXPANSION] term sorted scores=[('t19', 3), ('t12', 2), ('t385', 2), ('t1', 1), ('t4', 1), ('t35', 1), ('t45', 1), ('t46', 1), ('t119', 1), ('t134', 1)]
[INFO] 2026-06-02 18:22:40,091 - Expanding community 33
[DEBUG] 2026-06-02 18:22:40,104 - [EXPANSION] paper sorted scores=[('p436685', 3), ('p158920', 2), ('p159254', 2), ('p500993', 2), ('p7601', 0), ('p7604', 0), ('p7605', 0), ('p7610', 0), ('p7612', 0), ('p7613', 0)]
[DEBUG] 2026-06-02 18:22:40,105 - [EXPANSION] conference sorted scores=[('c1201', 2), ('c2504', 1), ('c3011', 1), ('c36', 0), ('c597', 0), ('c755', 0), ('c1194', 0), ('c1234', 0), ('c1798', 0), ('c1801', 0)]
[DEBUG] 2026-06-02 18:22:40,115 - [EXPANSION] term sorted scores=[('t19', 2), ('t452', 2), ('t38', 1), ('t135', 1), ('t349', 1), ('t461', 1), ('t521', 1), ('t560', 1), ('t634', 1), ('t821', 1)]
[INFO] 2026-06-02 18:22:40,115 - Expanding community 34
[DEBUG] 2026-06-02 18:22:40,129 - [EXPANSION] paper sorted scores=[('p436145', 3), ('p536283', 3), ('p162813', 1), ('p7601', 0), ('p7604', 0), ('p7605', 0), ('p7610', 0), ('p7612', 0), ('p7613', 0), ('p7621', 0)]
[DEBUG] 2026-06-02 18:22:40,130 - [EXPANSION] conference sorted scores=[('c1234', 1), ('c2504', 1), ('c3230', 1), ('c36', 0), ('c597', 0), ('c755', 0), ('c1194', 0), ('c1201', 0), ('c1798', 0), ('c1801', 0)]
[DEBUG] 2026-06-02 18:22:40,139 - [EXPANSION] term sorted scores=[('t45', 2), ('t461', 2), ('t955', 2), ('t4', 1), ('t19', 1), ('t53', 1), ('t63', 1), ('t81', 1), ('t108', 1), ('t163', 1)]
[INFO] 2026-06-02 18:22:40,140 - Expanding community 35
[DEBUG] 2026-06-02 18:22:40,153 - [EXPANSION] paper sorted scores=[('p357958', 3), ('p359805', 3), ('p7601', 0), ('p7604', 0), ('p7605', 0), ('p7610', 0), ('p7612', 0), ('p7613', 0), ('p7621', 0), ('p7630', 0)]
[DEBUG] 2026-06-02 18:22:40,154 - [EXPANSION] conference sorted scores=[('c2180', 2), ('c36', 0), ('c597', 0), ('c755', 0), ('c1194', 0), ('c1201', 0), ('c1234', 0), ('c1798', 0), ('c1801', 0), ('c1902', 0)]
[DEBUG] 2026-06-02 18:22:40,163 - [EXPANSION] term sorted scores=[('t358', 2), ('t4', 1), ('t17', 1), ('t19', 1), ('t37', 1), ('t63', 1), ('t298', 1), ('t405', 1), ('t428', 1), ('t847', 1)]
[INFO] 2026-06-02 18:22:40,164 - Expanding community 36
[DEBUG] 2026-06-02 18:22:40,178 - [EXPANSION] paper sorted scores=[('p278374', 3), ('p536343', 3), ('p7601', 0), ('p7604', 0), ('p7605', 0), ('p7610', 0), ('p7612', 0), ('p7613', 0), ('p7621', 0), ('p7630', 0)]
[DEBUG] 2026-06-02 18:22:40,180 - [EXPANSION] conference sorted scores=[('c1801', 1), ('c3230', 1), ('c36', 0), ('c597', 0), ('c755', 0), ('c1194', 0), ('c1201', 0), ('c1234', 0), ('c1798', 0), ('c1902', 0)]
[DEBUG] 2026-06-02 18:22:40,190 - [EXPANSION] term sorted scores=[('t103', 2), ('t220', 2), ('t2665', 2), ('t19', 1), ('t298', 1), ('t1343', 1), ('t1', 0), ('t2', 0), ('t3', 0), ('t4', 0)]
[INFO] 2026-06-02 18:22:40,191 - Expanding community 37
[DEBUG] 2026-06-02 18:22:40,204 - [EXPANSION] paper sorted scores=[('p356978', 3), ('p358268', 3), ('p7601', 0), ('p7604', 0), ('p7605', 0), ('p7610', 0), ('p7612', 0), ('p7613', 0), ('p7621', 0), ('p7630', 0)]
[DEBUG] 2026-06-02 18:22:40,205 - [EXPANSION] conference sorted scores=[('c2180', 2), ('c36', 0), ('c597', 0), ('c755', 0), ('c1194', 0), ('c1201', 0), ('c1234', 0), ('c1798', 0), ('c1801', 0), ('c1902', 0)]
[DEBUG] 2026-06-02 18:22:40,214 - [EXPANSION] term sorted scores=[('t4', 2), ('t1077', 2), ('t1', 1), ('t63', 1), ('t67', 1), ('t112', 1), ('t173', 1), ('t238', 1), ('t428', 1), ('t847', 1)]
[INFO] 2026-06-02 18:22:40,215 - Expanding community 38
[DEBUG] 2026-06-02 18:22:40,227 - [EXPANSION] paper sorted scores=[('p308416', 2), ('p486671', 2), ('p486673', 1), ('p486686', 1), ('p7601', 0), ('p7604', 0), ('p7605', 0), ('p7610', 0), ('p7612', 0), ('p7613', 0)]
[DEBUG] 2026-06-02 18:22:40,229 - [EXPANSION] conference sorted scores=[('c2934', 3), ('c1902', 1), ('c36', 0), ('c597', 0), ('c755', 0), ('c1194', 0), ('c1201', 0), ('c1234', 0), ('c1798', 0), ('c1801', 0)]
[DEBUG] 2026-06-02 18:22:40,238 - [EXPANSION] term sorted scores=[('t1', 2), ('t45', 2), ('t1305', 2), ('t7165', 2), ('t35', 1), ('t81', 1), ('t109', 1), ('t114', 1), ('t147', 1), ('t148', 1)]
[INFO] 2026-06-02 18:22:40,238 - Expanding community 39
[DEBUG] 2026-06-02 18:22:40,251 - [EXPANSION] paper sorted scores=[('p85881', 2), ('p85883', 2), ('p503769', 1), ('p554168', 1), ('p7601', 0), ('p7604', 0), ('p7605', 0), ('p7610', 0), ('p7612', 0), ('p7613', 0)]
[DEBUG] 2026-06-02 18:22:40,252 - [EXPANSION] conference sorted scores=[('c597', 2), ('c3027', 1), ('c3329', 1), ('c36', 0), ('c755', 0), ('c1194', 0), ('c1201', 0), ('c1234', 0), ('c1798', 0), ('c1801', 0)]
[DEBUG] 2026-06-02 18:22:40,261 - [EXPANSION] term sorted scores=[('t4', 2), ('t235', 2), ('t985', 2), ('t3991', 2), ('t1', 1), ('t10', 1), ('t19', 1), ('t35', 1), ('t274', 1), ('t468', 1)]
[INFO] 2026-06-02 18:22:40,262 - Expanding community 40
[DEBUG] 2026-06-02 18:22:40,277 - [EXPANSION] paper sorted scores=[('p9130', 2), ('p358201', 2), ('p536280', 1), ('p7601', 0), ('p7604', 0), ('p7605', 0), ('p7610', 0), ('p7612', 0), ('p7613', 0), ('p7621', 0)]
[DEBUG] 2026-06-02 18:22:40,278 - [EXPANSION] conference sorted scores=[('c36', 1), ('c2180', 1), ('c3230', 1), ('c597', 0), ('c755', 0), ('c1194', 0), ('c1201', 0), ('c1234', 0), ('c1798', 0), ('c1801', 0)]
[DEBUG] 2026-06-02 18:22:40,289 - [EXPANSION] term sorted scores=[('t1', 1), ('t4', 1), ('t19', 1), ('t35', 1), ('t45', 1), ('t126', 1), ('t134', 1), ('t177', 1), ('t239', 1), ('t304', 1)]
[INFO] 2026-06-02 18:22:40,290 - Expanding community 41
[DEBUG] 2026-06-02 18:22:40,303 - [EXPANSION] paper sorted scores=[('p486930', 2), ('p486932', 2), ('p555763', 2), ('p7601', 0), ('p7604', 0), ('p7605', 0), ('p7610', 0), ('p7612', 0), ('p7613', 0), ('p7621', 0)]
[DEBUG] 2026-06-02 18:22:40,305 - [EXPANSION] conference sorted scores=[('c2934', 2), ('c3329', 1), ('c36', 0), ('c597', 0), ('c755', 0), ('c1194', 0), ('c1201', 0), ('c1234', 0), ('c1798', 0), ('c1801', 0)]
[DEBUG] 2026-06-02 18:22:40,313 - [EXPANSION] term sorted scores=[('t45', 2), ('t103', 2), ('t461', 2), ('t1', 1), ('t4', 1), ('t35', 1), ('t38', 1), ('t55', 1), ('t63', 1), ('t108', 1)]
[INFO] 2026-06-02 18:22:40,314 - Expanding community 42
[DEBUG] 2026-06-02 18:22:40,326 - [EXPANSION] paper sorted scores=[('p278283', 2), ('p487180', 2), ('p7601', 0), ('p7604', 0), ('p7605', 0), ('p7610', 0), ('p7612', 0), ('p7613', 0), ('p7621', 0), ('p7630', 0)]
[DEBUG] 2026-06-02 18:22:40,328 - [EXPANSION] conference sorted scores=[('c1801', 1), ('c2934', 1), ('c36', 0), ('c597', 0), ('c755', 0), ('c1194', 0), ('c1201', 0), ('c1234', 0), ('c1798', 0), ('c1902', 0)]
[DEBUG] 2026-06-02 18:22:40,336 - [EXPANSION] term sorted scores=[('t560', 2), ('t4', 1), ('t35', 1), ('t63', 1), ('t82', 1), ('t226', 1), ('t231', 1), ('t327', 1), ('t368', 1), ('t461', 1)]
[INFO] 2026-06-02 18:22:40,337 - Expanding community 43
[DEBUG] 2026-06-02 18:22:40,349 - [EXPANSION] paper sorted scores=[('p85611', 2), ('p278078', 2), ('p7601', 0), ('p7604', 0), ('p7605', 0), ('p7610', 0), ('p7612', 0), ('p7613', 0), ('p7621', 0), ('p7630', 0)]
[DEBUG] 2026-06-02 18:22:40,351 - [EXPANSION] conference sorted scores=[('c597', 1), ('c1801', 1), ('c36', 0), ('c755', 0), ('c1194', 0), ('c1201', 0), ('c1234', 0), ('c1798', 0), ('c1902', 0), ('c2180', 0)]
[DEBUG] 2026-06-02 18:22:40,359 - [EXPANSION] term sorted scores=[('t231', 2), ('t4', 1), ('t10', 1), ('t26', 1), ('t63', 1), ('t282', 1), ('t452', 1), ('t478', 1), ('t479', 1), ('t1806', 1)]
[INFO] 2026-06-02 18:22:40,360 - Expanding community 44
[DEBUG] 2026-06-02 18:22:40,373 - [EXPANSION] paper sorted scores=[('p11101', 2), ('p359747', 2), ('p7601', 0), ('p7604', 0), ('p7605', 0), ('p7610', 0), ('p7612', 0), ('p7613', 0), ('p7621', 0), ('p7630', 0)]
[DEBUG] 2026-06-02 18:22:40,374 - [EXPANSION] conference sorted scores=[('c36', 1), ('c2180', 1), ('c597', 0), ('c755', 0), ('c1194', 0), ('c1201', 0), ('c1234', 0), ('c1798', 0), ('c1801', 0), ('c1902', 0)]
[DEBUG] 2026-06-02 18:22:40,383 - [EXPANSION] term sorted scores=[('t45', 2), ('t13', 1), ('t19', 1), ('t35', 1), ('t42', 1), ('t46', 1), ('t167', 1), ('t174', 1), ('t184', 1), ('t318', 1)]
[INFO] 2026-06-02 18:22:40,383 - Expanding community 45
[DEBUG] 2026-06-02 18:22:40,396 - [EXPANSION] paper sorted scores=[('p626578', 2), ('p627240', 2), ('p7601', 0), ('p7604', 0), ('p7605', 0), ('p7610', 0), ('p7612', 0), ('p7613', 0), ('p7621', 0), ('p7630', 0)]
[DEBUG] 2026-06-02 18:22:40,397 - [EXPANSION] conference sorted scores=[('c3771', 2), ('c36', 0), ('c597', 0), ('c755', 0), ('c1194', 0), ('c1201', 0), ('c1234', 0), ('c1798', 0), ('c1801', 0), ('c1902', 0)]
[DEBUG] 2026-06-02 18:22:40,406 - [EXPANSION] term sorted scores=[('t19', 2), ('t109', 2), ('t155', 2), ('t461', 2), ('t107', 1), ('t471', 1), ('t862', 1), ('t928', 1), ('t3822', 1), ('t12986', 1)]
[INFO] 2026-06-02 18:22:40,406 - Expanding community 46
[DEBUG] 2026-06-02 18:22:40,420 - [EXPANSION] paper sorted scores=[('p486588', 2), ('p487170', 2), ('p487168', 1), ('p7601', 0), ('p7604', 0), ('p7605', 0), ('p7610', 0), ('p7612', 0), ('p7613', 0), ('p7621', 0)]
[DEBUG] 2026-06-02 18:22:40,421 - [EXPANSION] conference sorted scores=[('c2934', 3), ('c36', 0), ('c597', 0), ('c755', 0), ('c1194', 0), ('c1201', 0), ('c1234', 0), ('c1798', 0), ('c1801', 0), ('c1902', 0)]
[DEBUG] 2026-06-02 18:22:40,430 - [EXPANSION] term sorted scores=[('t63', 3), ('t19', 2), ('t4', 1), ('t35', 1), ('t38', 1), ('t45', 1), ('t54', 1), ('t264', 1), ('t282', 1), ('t322', 1)]
[INFO] 2026-06-02 18:22:40,430 - Expanding community 47
[DEBUG] 2026-06-02 18:22:40,445 - [EXPANSION] paper sorted scores=[('p356999', 2), ('p357324', 2), ('p7601', 0), ('p7604', 0), ('p7605', 0), ('p7610', 0), ('p7612', 0), ('p7613', 0), ('p7621', 0), ('p7630', 0)]
[DEBUG] 2026-06-02 18:22:40,447 - [EXPANSION] conference sorted scores=[('c2180', 2), ('c36', 0), ('c597', 0), ('c755', 0), ('c1194', 0), ('c1201', 0), ('c1234', 0), ('c1798', 0), ('c1801', 0), ('c1902', 0)]
[DEBUG] 2026-06-02 18:22:40,455 - [EXPANSION] term sorted scores=[('t19', 1), ('t35', 1), ('t45', 1), ('t51', 1), ('t175', 1), ('t176', 1), ('t256', 1), ('t434', 1), ('t558', 1), ('t589', 1)]
[INFO] 2026-06-02 18:22:40,456 - Expanding community 48
[DEBUG] 2026-06-02 18:22:40,469 - [EXPANSION] paper sorted scores=[('p7718', 2), ('p361064', 2), ('p7601', 0), ('p7604', 0), ('p7605', 0), ('p7610', 0), ('p7612', 0), ('p7613', 0), ('p7621', 0), ('p7630', 0)]
[DEBUG] 2026-06-02 18:22:40,471 - [EXPANSION] conference sorted scores=[('c36', 1), ('c2180', 1), ('c597', 0), ('c755', 0), ('c1194', 0), ('c1201', 0), ('c1234', 0), ('c1798', 0), ('c1801', 0), ('c1902', 0)]
[DEBUG] 2026-06-02 18:22:40,479 - [EXPANSION] term sorted scores=[('t12', 2), ('t45', 2), ('t19', 1), ('t39', 1), ('t40', 1), ('t81', 1), ('t108', 1), ('t111', 1), ('t142', 1), ('t239', 1)]
[INFO] 2026-06-02 18:22:40,480 - Expanding community 49
[DEBUG] 2026-06-02 18:22:40,493 - [EXPANSION] paper sorted scores=[('p7926', 2), ('p358120', 2), ('p555026', 1), ('p7601', 0), ('p7604', 0), ('p7605', 0), ('p7610', 0), ('p7612', 0), ('p7613', 0), ('p7621', 0)]
[DEBUG] 2026-06-02 18:22:40,494 - [EXPANSION] conference sorted scores=[('c36', 1), ('c2180', 1), ('c3329', 1), ('c597', 0), ('c755', 0), ('c1194', 0), ('c1201', 0), ('c1234', 0), ('c1798', 0), ('c1801', 0)]
[DEBUG] 2026-06-02 18:22:40,503 - [EXPANSION] term sorted scores=[('t81', 3), ('t1355', 2), ('t39', 1), ('t82', 1), ('t271', 1), ('t305', 1), ('t482', 1), ('t839', 1), ('t986', 1), ('t1178', 1)]
[INFO] 2026-06-02 18:22:40,504 - Expanding community 50
[DEBUG] 2026-06-02 18:22:40,517 - [EXPANSION] paper sorted scores=[('p436051', 2), ('p536439', 2), ('p7601', 0), ('p7604', 0), ('p7605', 0), ('p7610', 0), ('p7612', 0), ('p7613', 0), ('p7621', 0), ('p7630', 0)]
[DEBUG] 2026-06-02 18:22:40,518 - [EXPANSION] conference sorted scores=[('c2504', 1), ('c3230', 1), ('c36', 0), ('c597', 0), ('c755', 0), ('c1194', 0), ('c1201', 0), ('c1234', 0), ('c1798', 0), ('c1801', 0)]
[DEBUG] 2026-06-02 18:22:40,527 - [EXPANSION] term sorted scores=[('t19', 2), ('t452', 2), ('t39', 1), ('t54', 1), ('t225', 1), ('t461', 1), ('t674', 1), ('t903', 1), ('t943', 1), ('t2229', 1)]
[INFO] 2026-06-02 18:22:40,528 - Expanding community 51
[DEBUG] 2026-06-02 18:22:40,540 - [EXPANSION] paper sorted scores=[('p12264', 2), ('p360595', 2), ('p7601', 0), ('p7604', 0), ('p7605', 0), ('p7610', 0), ('p7612', 0), ('p7613', 0), ('p7621', 0), ('p7630', 0)]
[DEBUG] 2026-06-02 18:22:40,541 - [EXPANSION] conference sorted scores=[('c36', 1), ('c2180', 1), ('c597', 0), ('c755', 0), ('c1194', 0), ('c1201', 0), ('c1234', 0), ('c1798', 0), ('c1801', 0), ('c1902', 0)]
[DEBUG] 2026-06-02 18:22:40,550 - [EXPANSION] term sorted scores=[('t174', 2), ('t4', 1), ('t35', 1), ('t63', 1), ('t300', 1), ('t554', 1), ('t723', 1), ('t1194', 1), ('t1313', 1), ('t1321', 1)]
[INFO] 2026-06-02 18:22:40,551 - Expanding community 52
[DEBUG] 2026-06-02 18:22:40,563 - [EXPANSION] paper sorted scores=[('p8238', 2), ('p359828', 2), ('p7601', 0), ('p7604', 0), ('p7605', 0), ('p7610', 0), ('p7612', 0), ('p7613', 0), ('p7621', 0), ('p7630', 0)]
[DEBUG] 2026-06-02 18:22:40,565 - [EXPANSION] conference sorted scores=[('c36', 1), ('c2180', 1), ('c597', 0), ('c755', 0), ('c1194', 0), ('c1201', 0), ('c1234', 0), ('c1798', 0), ('c1801', 0), ('c1902', 0)]
[DEBUG] 2026-06-02 18:22:40,573 - [EXPANSION] term sorted scores=[('t1', 2), ('t63', 2), ('t458', 2), ('t1707', 2), ('t10', 1), ('t19', 1), ('t45', 1), ('t289', 1), ('t384', 1), ('t388', 1)]
[INFO] 2026-06-02 18:22:40,574 - Expanding community 53
[DEBUG] 2026-06-02 18:22:40,586 - [EXPANSION] paper sorted scores=[('p308092', 2), ('p356682', 2), ('p8379', 1), ('p158710', 1), ('p308295', 1), ('p7601', 0), ('p7604', 0), ('p7605', 0), ('p7610', 0), ('p7612', 0)]
[DEBUG] 2026-06-02 18:22:40,587 - [EXPANSION] conference sorted scores=[('c1902', 2), ('c36', 1), ('c1201', 1), ('c2180', 1), ('c597', 0), ('c755', 0), ('c1194', 0), ('c1234', 0), ('c1798', 0), ('c1801', 0)]
[DEBUG] 2026-06-02 18:22:40,597 - [EXPANSION] term sorted scores=[('t19', 4), ('t992', 3), ('t4', 2), ('t45', 2), ('t12', 1), ('t26', 1), ('t44', 1), ('t63', 1), ('t77', 1), ('t114', 1)]
[INFO] 2026-06-02 18:22:40,598 - Expanding community 54
[DEBUG] 2026-06-02 18:22:40,611 - [EXPANSION] paper sorted scores=[('p8387', 2), ('p359099', 2), ('p7601', 0), ('p7604', 0), ('p7605', 0), ('p7610', 0), ('p7612', 0), ('p7613', 0), ('p7621', 0), ('p7630', 0)]
[DEBUG] 2026-06-02 18:22:40,612 - [EXPANSION] conference sorted scores=[('c36', 1), ('c2180', 1), ('c597', 0), ('c755', 0), ('c1194', 0), ('c1201', 0), ('c1234', 0), ('c1798', 0), ('c1801', 0), ('c1902', 0)]
[DEBUG] 2026-06-02 18:22:40,621 - [EXPANSION] term sorted scores=[('t1526', 2), ('t10', 1), ('t39', 1), ('t55', 1), ('t81', 1), ('t174', 1), ('t1457', 1), ('t1612', 1), ('t1872', 1), ('t1873', 1)]
[INFO] 2026-06-02 18:22:40,621 - Expanding community 55
[DEBUG] 2026-06-02 18:22:40,633 - [EXPANSION] paper sorted scores=[('p11425', 2), ('p360520', 2), ('p7601', 0), ('p7604', 0), ('p7605', 0), ('p7610', 0), ('p7612', 0), ('p7613', 0), ('p7621', 0), ('p7630', 0)]
[DEBUG] 2026-06-02 18:22:40,635 - [EXPANSION] conference sorted scores=[('c36', 1), ('c2180', 1), ('c597', 0), ('c755', 0), ('c1194', 0), ('c1201', 0), ('c1234', 0), ('c1798', 0), ('c1801', 0), ('c1902', 0)]
[DEBUG] 2026-06-02 18:22:40,644 - [EXPANSION] term sorted scores=[('t55', 1), ('t174', 1), ('t175', 1), ('t216', 1), ('t250', 1), ('t295', 1), ('t560', 1), ('t943', 1), ('t967', 1), ('t1083', 1)]
[INFO] 2026-06-02 18:22:40,644 - Expanding community 56
[DEBUG] 2026-06-02 18:22:40,660 - [EXPANSION] paper sorted scores=[('p8749', 2), ('p357840', 2), ('p7601', 0), ('p7604', 0), ('p7605', 0), ('p7610', 0), ('p7612', 0), ('p7613', 0), ('p7621', 0), ('p7630', 0)]
[DEBUG] 2026-06-02 18:22:40,661 - [EXPANSION] conference sorted scores=[('c36', 1), ('c2180', 1), ('c597', 0), ('c755', 0), ('c1194', 0), ('c1201', 0), ('c1234', 0), ('c1798', 0), ('c1801', 0), ('c1902', 0)]
[DEBUG] 2026-06-02 18:22:40,670 - [EXPANSION] term sorted scores=[('t174', 2), ('t2866', 2), ('t35', 1), ('t38', 1), ('t55', 1), ('t63', 1), ('t81', 1), ('t135', 1), ('t299', 1), ('t490', 1)]
[INFO] 2026-06-02 18:22:40,670 - Expanding community 57
[DEBUG] 2026-06-02 18:22:40,683 - [EXPANSION] paper sorted scores=[('p9035', 2), ('p358106', 2), ('p436367', 1), ('p7601', 0), ('p7604', 0), ('p7605', 0), ('p7610', 0), ('p7612', 0), ('p7613', 0), ('p7621', 0)]
[DEBUG] 2026-06-02 18:22:40,685 - [EXPANSION] conference sorted scores=[('c36', 1), ('c2180', 1), ('c2504', 1), ('c597', 0), ('c755', 0), ('c1194', 0), ('c1201', 0), ('c1234', 0), ('c1798', 0), ('c1801', 0)]
[DEBUG] 2026-06-02 18:22:40,693 - [EXPANSION] term sorted scores=[('t10', 1), ('t19', 1), ('t42', 1), ('t45', 1), ('t54', 1), ('t82', 1), ('t220', 1), ('t452', 1), ('t521', 1), ('t818', 1)]
[INFO] 2026-06-02 18:22:40,694 - Expanding community 58
[DEBUG] 2026-06-02 18:22:40,707 - [EXPANSION] paper sorted scores=[('p278140', 2), ('p436388', 2), ('p504096', 2), ('p7601', 0), ('p7604', 0), ('p7605', 0), ('p7610', 0), ('p7612', 0), ('p7613', 0), ('p7621', 0)]
[DEBUG] 2026-06-02 18:22:40,708 - [EXPANSION] conference sorted scores=[('c1801', 1), ('c2504', 1), ('c3027', 1), ('c36', 0), ('c597', 0), ('c755', 0), ('c1194', 0), ('c1201', 0), ('c1234', 0), ('c1798', 0)]
[DEBUG] 2026-06-02 18:22:40,717 - [EXPANSION] term sorted scores=[('t65', 1), ('t81', 1), ('t171', 1), ('t478', 1), ('t479', 1), ('t490', 1), ('t591', 1), ('t620', 1), ('t887', 1), ('t930', 1)]
[INFO] 2026-06-02 18:22:40,717 - Expanding community 59
[DEBUG] 2026-06-02 18:22:40,730 - [EXPANSION] paper sorted scores=[('p158976', 2), ('p436771', 2), ('p7601', 0), ('p7604', 0), ('p7605', 0), ('p7610', 0), ('p7612', 0), ('p7613', 0), ('p7621', 0), ('p7630', 0)]
[DEBUG] 2026-06-02 18:22:40,731 - [EXPANSION] conference sorted scores=[('c1201', 1), ('c2504', 1), ('c36', 0), ('c597', 0), ('c755', 0), ('c1194', 0), ('c1234', 0), ('c1798', 0), ('c1801', 0), ('c1902', 0)]
[DEBUG] 2026-06-02 18:22:40,739 - [EXPANSION] term sorted scores=[('t461', 2), ('t19', 1), ('t35', 1), ('t53', 1), ('t55', 1), ('t63', 1), ('t344', 1), ('t388', 1), ('t452', 1), ('t580', 1)]
[INFO] 2026-06-02 18:22:40,740 - Expanding community 60
[DEBUG] 2026-06-02 18:22:40,753 - [EXPANSION] paper sorted scores=[('p359505', 2), ('p361045', 2), ('p7601', 0), ('p7604', 0), ('p7605', 0), ('p7610', 0), ('p7612', 0), ('p7613', 0), ('p7621', 0), ('p7630', 0)]
[DEBUG] 2026-06-02 18:22:40,754 - [EXPANSION] conference sorted scores=[('c2180', 2), ('c36', 0), ('c597', 0), ('c755', 0), ('c1194', 0), ('c1201', 0), ('c1234', 0), ('c1798', 0), ('c1801', 0), ('c1902', 0)]
[DEBUG] 2026-06-02 18:22:40,762 - [EXPANSION] term sorted scores=[('t19', 1), ('t21', 1), ('t65', 1), ('t126', 1), ('t419', 1), ('t458', 1), ('t1268', 1), ('t1349', 1), ('t1504', 1), ('t2525', 1)]
[INFO] 2026-06-02 18:22:40,763 - Expanding community 61
[DEBUG] 2026-06-02 18:22:40,775 - [EXPANSION] paper sorted scores=[('p436804', 2), ('p500753', 2), ('p10499', 1), ('p359524', 1), ('p7601', 0), ('p7604', 0), ('p7605', 0), ('p7610', 0), ('p7612', 0), ('p7613', 0)]
[DEBUG] 2026-06-02 18:22:40,776 - [EXPANSION] conference sorted scores=[('c36', 1), ('c2180', 1), ('c2504', 1), ('c3011', 1), ('c597', 0), ('c755', 0), ('c1194', 0), ('c1201', 0), ('c1234', 0), ('c1798', 0)]
[DEBUG] 2026-06-02 18:22:40,786 - [EXPANSION] term sorted scores=[('t19', 3), ('t45', 2), ('t6199', 2), ('t4', 1), ('t35', 1), ('t82', 1), ('t108', 1), ('t174', 1), ('t234', 1), ('t277', 1)]
[INFO] 2026-06-02 18:22:40,786 - Expanding community 62
[DEBUG] 2026-06-02 18:22:40,799 - [EXPANSION] paper sorted scores=[('p11874', 2), ('p309483', 2), ('p117545', 1), ('p356994', 1), ('p7601', 0), ('p7604', 0), ('p7605', 0), ('p7610', 0), ('p7612', 0), ('p7613', 0)]
[DEBUG] 2026-06-02 18:22:40,800 - [EXPANSION] conference sorted scores=[('c36', 1), ('c755', 1), ('c1902', 1), ('c2180', 1), ('c597', 0), ('c1194', 0), ('c1201', 0), ('c1234', 0), ('c1798', 0), ('c1801', 0)]
[DEBUG] 2026-06-02 18:22:40,810 - [EXPANSION] term sorted scores=[('t81', 2), ('t578', 2), ('t4', 1), ('t6', 1), ('t10', 1), ('t12', 1), ('t35', 1), ('t38', 1), ('t65', 1), ('t87', 1)]
[INFO] 2026-06-02 18:22:40,811 - Expanding community 63
[DEBUG] 2026-06-02 18:22:40,823 - [EXPANSION] paper sorted scores=[('p437016', 2), ('p487023', 2), ('p7601', 0), ('p7604', 0), ('p7605', 0), ('p7610', 0), ('p7612', 0), ('p7613', 0), ('p7621', 0), ('p7630', 0)]
[DEBUG] 2026-06-02 18:22:40,824 - [EXPANSION] conference sorted scores=[('c2504', 1), ('c2934', 1), ('c36', 0), ('c597', 0), ('c755', 0), ('c1194', 0), ('c1201', 0), ('c1234', 0), ('c1798', 0), ('c1801', 0)]
[DEBUG] 2026-06-02 18:22:40,833 - [EXPANSION] term sorted scores=[('t35', 1), ('t112', 1), ('t232', 1), ('t535', 1), ('t689', 1), ('t1055', 1), ('t1102', 1), ('t1711', 1), ('t3397', 1), ('t9829', 1)]
[INFO] 2026-06-02 18:22:40,834 - Expanding community 64
[DEBUG] 2026-06-02 18:22:40,849 - [EXPANSION] paper sorted scores=[('p85794', 2), ('p596160', 2), ('p7601', 0), ('p7604', 0), ('p7605', 0), ('p7610', 0), ('p7612', 0), ('p7613', 0), ('p7621', 0), ('p7630', 0)]
[DEBUG] 2026-06-02 18:22:40,851 - [EXPANSION] conference sorted scores=[('c597', 1), ('c3594', 1), ('c36', 0), ('c755', 0), ('c1194', 0), ('c1201', 0), ('c1234', 0), ('c1798', 0), ('c1801', 0), ('c1902', 0)]
[DEBUG] 2026-06-02 18:22:40,859 - [EXPANSION] term sorted scores=[('t35', 2), ('t54', 2), ('t45', 1), ('t90', 1), ('t235', 1), ('t609', 1), ('t645', 1), ('t943', 1), ('t949', 1), ('t950', 1)]
[INFO] 2026-06-02 18:22:40,860 - Expanding community 65
[DEBUG] 2026-06-02 18:22:40,872 - [EXPANSION] paper sorted scores=[('p162788', 2), ('p275348', 2), ('p7601', 0), ('p7604', 0), ('p7605', 0), ('p7610', 0), ('p7612', 0), ('p7613', 0), ('p7621', 0), ('p7630', 0)]
[DEBUG] 2026-06-02 18:22:40,874 - [EXPANSION] conference sorted scores=[('c1234', 1), ('c1798', 1), ('c36', 0), ('c597', 0), ('c755', 0), ('c1194', 0), ('c1201', 0), ('c1801', 0), ('c1902', 0), ('c2180', 0)]
[DEBUG] 2026-06-02 18:22:40,882 - [EXPANSION] term sorted scores=[('t19', 1), ('t35', 1), ('t45', 1), ('t63', 1), ('t82', 1), ('t84', 1), ('t121', 1), ('t176', 1), ('t199', 1), ('t343', 1)]
[INFO] 2026-06-02 18:22:40,883 - Expanding community 66
[DEBUG] 2026-06-02 18:22:40,895 - [EXPANSION] paper sorted scores=[('p278086', 2), ('p500462', 2), ('p595497', 1), ('p7601', 0), ('p7604', 0), ('p7605', 0), ('p7610', 0), ('p7612', 0), ('p7613', 0), ('p7621', 0)]
[DEBUG] 2026-06-02 18:22:40,896 - [EXPANSION] conference sorted scores=[('c1801', 1), ('c3011', 1), ('c3594', 1), ('c36', 0), ('c597', 0), ('c755', 0), ('c1194', 0), ('c1201', 0), ('c1234', 0), ('c1798', 0)]
[DEBUG] 2026-06-02 18:22:40,905 - [EXPANSION] term sorted scores=[('t26', 2), ('t55', 2), ('t282', 2), ('t479', 2), ('t4', 1), ('t35', 1), ('t63', 1), ('t82', 1), ('t114', 1), ('t134', 1)]
[INFO] 2026-06-02 18:22:40,906 - Expanding community 67
[DEBUG] 2026-06-02 18:22:40,919 - [EXPANSION] paper sorted scores=[('p86299', 2), ('p436681', 2), ('p7601', 0), ('p7604', 0), ('p7605', 0), ('p7610', 0), ('p7612', 0), ('p7613', 0), ('p7621', 0), ('p7630', 0)]
[DEBUG] 2026-06-02 18:22:40,920 - [EXPANSION] conference sorted scores=[('c597', 1), ('c2504', 1), ('c36', 0), ('c755', 0), ('c1194', 0), ('c1201', 0), ('c1234', 0), ('c1798', 0), ('c1801', 0), ('c1902', 0)]
[DEBUG] 2026-06-02 18:22:40,929 - [EXPANSION] term sorted scores=[('t38', 2), ('t461', 2), ('t4', 1), ('t55', 1), ('t63', 1), ('t112', 1), ('t114', 1), ('t124', 1), ('t282', 1), ('t397', 1)]
[INFO] 2026-06-02 18:22:40,929 - Expanding community 68
[DEBUG] 2026-06-02 18:22:40,942 - [EXPANSION] paper sorted scores=[('p437181', 2), ('p487364', 2), ('p7601', 0), ('p7604', 0), ('p7605', 0), ('p7610', 0), ('p7612', 0), ('p7613', 0), ('p7621', 0), ('p7630', 0)]
[DEBUG] 2026-06-02 18:22:40,943 - [EXPANSION] conference sorted scores=[('c2504', 1), ('c2934', 1), ('c36', 0), ('c597', 0), ('c755', 0), ('c1194', 0), ('c1201', 0), ('c1234', 0), ('c1798', 0), ('c1801', 0)]
[DEBUG] 2026-06-02 18:22:40,952 - [EXPANSION] term sorted scores=[('t19', 1), ('t220', 1), ('t304', 1), ('t452', 1), ('t499', 1), ('t578', 1), ('t634', 1), ('t1456', 1), ('t3144', 1), ('t6250', 1)]
[INFO] 2026-06-02 18:22:40,952 - Expanding community 69
[DEBUG] 2026-06-02 18:22:40,965 - [EXPANSION] paper sorted scores=[('p159143', 2), ('p358410', 2), ('p308688', 1), ('p7601', 0), ('p7604', 0), ('p7605', 0), ('p7610', 0), ('p7612', 0), ('p7613', 0), ('p7621', 0)]
[DEBUG] 2026-06-02 18:22:40,966 - [EXPANSION] conference sorted scores=[('c1201', 1), ('c1902', 1), ('c2180', 1), ('c36', 0), ('c597', 0), ('c755', 0), ('c1194', 0), ('c1234', 0), ('c1798', 0), ('c1801', 0)]
[DEBUG] 2026-06-02 18:22:40,975 - [EXPANSION] term sorted scores=[('t4', 2), ('t12', 2), ('t1', 1), ('t26', 1), ('t35', 1), ('t45', 1), ('t55', 1), ('t61', 1), ('t81', 1), ('t82', 1)]
[INFO] 2026-06-02 18:22:40,975 - Expanding community 70
[DEBUG] 2026-06-02 18:22:40,988 - [EXPANSION] paper sorted scores=[('p357679', 2), ('p359756', 2), ('p596572', 1), ('p7601', 0), ('p7604', 0), ('p7605', 0), ('p7610', 0), ('p7612', 0), ('p7613', 0), ('p7621', 0)]
[DEBUG] 2026-06-02 18:22:40,989 - [EXPANSION] conference sorted scores=[('c2180', 2), ('c3594', 1), ('c36', 0), ('c597', 0), ('c755', 0), ('c1194', 0), ('c1201', 0), ('c1234', 0), ('c1798', 0), ('c1801', 0)]
[DEBUG] 2026-06-02 18:22:40,998 - [EXPANSION] term sorted scores=[('t19', 2), ('t419', 2), ('t35', 1), ('t38', 1), ('t54', 1), ('t280', 1), ('t309', 1), ('t312', 1), ('t558', 1), ('t933', 1)]
[INFO] 2026-06-02 18:22:40,999 - Expanding community 71
[DEBUG] 2026-06-02 18:22:41,013 - [EXPANSION] paper sorted scores=[('p158665', 2), ('p356948', 2), ('p356947', 1), ('p7601', 0), ('p7604', 0), ('p7605', 0), ('p7610', 0), ('p7612', 0), ('p7613', 0), ('p7621', 0)]
[DEBUG] 2026-06-02 18:22:41,014 - [EXPANSION] conference sorted scores=[('c2180', 2), ('c1201', 1), ('c36', 0), ('c597', 0), ('c755', 0), ('c1194', 0), ('c1234', 0), ('c1798', 0), ('c1801', 0), ('c1902', 0)]
[DEBUG] 2026-06-02 18:22:41,025 - [EXPANSION] term sorted scores=[('t1', 2), ('t55', 2), ('t280', 2), ('t4', 1), ('t10', 1), ('t12', 1), ('t45', 1), ('t61', 1), ('t82', 1), ('t232', 1)]
[INFO] 2026-06-02 18:22:41,025 - Expanding community 72
[DEBUG] 2026-06-02 18:22:41,039 - [EXPANSION] paper sorted scores=[('p359205', 2), ('p359428', 2), ('p437360', 1), ('p500627', 1), ('p500879', 1), ('p7601', 0), ('p7604', 0), ('p7605', 0), ('p7610', 0), ('p7612', 0)]
[DEBUG] 2026-06-02 18:22:41,040 - [EXPANSION] conference sorted scores=[('c2180', 2), ('c3011', 2), ('c2504', 1), ('c36', 0), ('c597', 0), ('c755', 0), ('c1194', 0), ('c1201', 0), ('c1234', 0), ('c1798', 0)]
[DEBUG] 2026-06-02 18:22:41,052 - [EXPANSION] term sorted scores=[('t63', 2), ('t134', 2), ('t452', 2), ('t10', 1), ('t19', 1), ('t26', 1), ('t35', 1), ('t76', 1), ('t84', 1), ('t135', 1)]
[INFO] 2026-06-02 18:22:41,053 - Expanding community 73
[DEBUG] 2026-06-02 18:22:41,068 - [EXPANSION] paper sorted scores=[('p278218', 2), ('p536270', 2), ('p536538', 2), ('p7601', 0), ('p7604', 0), ('p7605', 0), ('p7610', 0), ('p7612', 0), ('p7613', 0), ('p7621', 0)]
[DEBUG] 2026-06-02 18:22:41,069 - [EXPANSION] conference sorted scores=[('c3230', 2), ('c1801', 1), ('c36', 0), ('c597', 0), ('c755', 0), ('c1194', 0), ('c1201', 0), ('c1234', 0), ('c1798', 0), ('c1902', 0)]
[DEBUG] 2026-06-02 18:22:41,078 - [EXPANSION] term sorted scores=[('t226', 2), ('t568', 2), ('t38', 1), ('t55', 1), ('t82', 1), ('t112', 1), ('t121', 1), ('t521', 1), ('t541', 1), ('t547', 1)]
[INFO] 2026-06-02 18:22:41,079 - Expanding community 74
[DEBUG] 2026-06-02 18:22:41,093 - [EXPANSION] paper sorted scores=[('p487113', 2), ('p487114', 2), ('p487397', 1), ('p7601', 0), ('p7604', 0), ('p7605', 0), ('p7610', 0), ('p7612', 0), ('p7613', 0), ('p7621', 0)]
[DEBUG] 2026-06-02 18:22:41,094 - [EXPANSION] conference sorted scores=[('c2934', 3), ('c36', 0), ('c597', 0), ('c755', 0), ('c1194', 0), ('c1201', 0), ('c1234', 0), ('c1798', 0), ('c1801', 0), ('c1902', 0)]
[DEBUG] 2026-06-02 18:22:41,103 - [EXPANSION] term sorted scores=[('t226', 3), ('t452', 3), ('t461', 3), ('t1035', 3), ('t1036', 3), ('t19', 2), ('t45', 1), ('t63', 1), ('t171', 1), ('t172', 1)]
[INFO] 2026-06-02 18:22:41,103 - Expanding community 75
[DEBUG] 2026-06-02 18:22:41,116 - [EXPANSION] paper sorted scores=[('p359440', 2), ('p597009', 2), ('p360289', 1), ('p7601', 0), ('p7604', 0), ('p7605', 0), ('p7610', 0), ('p7612', 0), ('p7613', 0), ('p7621', 0)]
[DEBUG] 2026-06-02 18:22:41,117 - [EXPANSION] conference sorted scores=[('c2180', 2), ('c3594', 1), ('c36', 0), ('c597', 0), ('c755', 0), ('c1194', 0), ('c1201', 0), ('c1234', 0), ('c1798', 0), ('c1801', 0)]
[DEBUG] 2026-06-02 18:22:41,127 - [EXPANSION] term sorted scores=[('t63', 3), ('t38', 2), ('t135', 2), ('t19', 1), ('t45', 1), ('t55', 1), ('t118', 1), ('t175', 1), ('t235', 1), ('t280', 1)]
[INFO] 2026-06-02 18:22:41,127 - Expanding community 76
[DEBUG] 2026-06-02 18:22:41,142 - [EXPANSION] paper sorted scores=[('p86383', 2), ('p156922', 2), ('p156931', 1), ('p7601', 0), ('p7604', 0), ('p7605', 0), ('p7610', 0), ('p7612', 0), ('p7613', 0), ('p7621', 0)]
[DEBUG] 2026-06-02 18:22:41,143 - [EXPANSION] conference sorted scores=[('c1194', 2), ('c597', 1), ('c36', 0), ('c755', 0), ('c1201', 0), ('c1234', 0), ('c1798', 0), ('c1801', 0), ('c1902', 0), ('c2180', 0)]
[DEBUG] 2026-06-02 18:22:41,152 - [EXPANSION] term sorted scores=[('t19', 3), ('t468', 2), ('t38', 1), ('t45', 1), ('t49', 1), ('t53', 1), ('t55', 1), ('t77', 1), ('t134', 1), ('t163', 1)]
[INFO] 2026-06-02 18:22:41,153 - Expanding community 77
[DEBUG] 2026-06-02 18:22:41,167 - [EXPANSION] paper sorted scores=[('p486681', 2), ('p486929', 2), ('p159178', 1), ('p487230', 1), ('p7601', 0), ('p7604', 0), ('p7605', 0), ('p7610', 0), ('p7612', 0), ('p7613', 0)]
[DEBUG] 2026-06-02 18:22:41,168 - [EXPANSION] conference sorted scores=[('c2934', 3), ('c1201', 1), ('c36', 0), ('c597', 0), ('c755', 0), ('c1194', 0), ('c1234', 0), ('c1798', 0), ('c1801', 0), ('c1902', 0)]
[DEBUG] 2026-06-02 18:22:41,177 - [EXPANSION] term sorted scores=[('t39', 2), ('t3519', 2), ('t1', 1), ('t10', 1), ('t35', 1), ('t38', 1), ('t51', 1), ('t53', 1), ('t63', 1), ('t84', 1)]
[INFO] 2026-06-02 18:22:41,178 - Expanding community 78
[DEBUG] 2026-06-02 18:22:41,194 - [EXPANSION] paper sorted scores=[('p437417', 2), ('p536523', 2), ('p158789', 1), ('p7601', 0), ('p7604', 0), ('p7605', 0), ('p7610', 0), ('p7612', 0), ('p7613', 0), ('p7621', 0)]
[DEBUG] 2026-06-02 18:22:41,195 - [EXPANSION] conference sorted scores=[('c1201', 1), ('c2504', 1), ('c3230', 1), ('c36', 0), ('c597', 0), ('c755', 0), ('c1194', 0), ('c1234', 0), ('c1798', 0), ('c1801', 0)]
[DEBUG] 2026-06-02 18:22:41,204 - [EXPANSION] term sorted scores=[('t10', 2), ('t12', 2), ('t461', 2), ('t4', 1), ('t21', 1), ('t35', 1), ('t53', 1), ('t91', 1), ('t150', 1), ('t354', 1)]
[INFO] 2026-06-02 18:22:41,205 - Expanding community 79
[DEBUG] 2026-06-02 18:22:41,219 - [EXPANSION] paper sorted scores=[('p358112', 2), ('p358114', 2), ('p7601', 0), ('p7604', 0), ('p7605', 0), ('p7610', 0), ('p7612', 0), ('p7613', 0), ('p7621', 0), ('p7630', 0)]
[DEBUG] 2026-06-02 18:22:41,220 - [EXPANSION] conference sorted scores=[('c2180', 2), ('c36', 0), ('c597', 0), ('c755', 0), ('c1194', 0), ('c1201', 0), ('c1234', 0), ('c1798', 0), ('c1801', 0), ('c1902', 0)]
[DEBUG] 2026-06-02 18:22:41,229 - [EXPANSION] term sorted scores=[('t45', 2), ('t280', 2), ('t738', 2), ('t1', 1), ('t19', 1), ('t91', 1), ('t112', 1), ('t298', 1), ('t689', 1), ('t859', 1)]
[INFO] 2026-06-02 18:22:41,229 - Expanding community 80
[DEBUG] 2026-06-02 18:22:41,243 - [EXPANSION] paper sorted scores=[('p86432', 2), ('p159126', 2), ('p7601', 0), ('p7604', 0), ('p7605', 0), ('p7610', 0), ('p7612', 0), ('p7613', 0), ('p7621', 0), ('p7630', 0)]
[DEBUG] 2026-06-02 18:22:41,244 - [EXPANSION] conference sorted scores=[('c597', 1), ('c1201', 1), ('c36', 0), ('c755', 0), ('c1194', 0), ('c1234', 0), ('c1798', 0), ('c1801', 0), ('c1902', 0), ('c2180', 0)]
[DEBUG] 2026-06-02 18:22:41,253 - [EXPANSION] term sorted scores=[('t26', 2), ('t142', 2), ('t616', 2), ('t2708', 2), ('t19', 1), ('t206', 1), ('t401', 1), ('t514', 1), ('t671', 1), ('t791', 1)]
[INFO] 2026-06-02 18:22:41,253 - Expanding community 81
[DEBUG] 2026-06-02 18:22:41,266 - [EXPANSION] paper sorted scores=[('p437315', 2), ('p536497', 2), ('p7601', 0), ('p7604', 0), ('p7605', 0), ('p7610', 0), ('p7612', 0), ('p7613', 0), ('p7621', 0), ('p7630', 0)]
[DEBUG] 2026-06-02 18:22:41,267 - [EXPANSION] conference sorted scores=[('c2504', 1), ('c3230', 1), ('c36', 0), ('c597', 0), ('c755', 0), ('c1194', 0), ('c1201', 0), ('c1234', 0), ('c1798', 0), ('c1801', 0)]
[DEBUG] 2026-06-02 18:22:41,276 - [EXPANSION] term sorted scores=[('t4', 2), ('t452', 2), ('t903', 2), ('t19', 1), ('t45', 1), ('t108', 1), ('t128', 1), ('t133', 1), ('t153', 1), ('t373', 1)]
[INFO] 2026-06-02 18:22:41,277 - Expanding community 82
[DEBUG] 2026-06-02 18:22:41,292 - [EXPANSION] paper sorted scores=[('p486954', 2), ('p500737', 2), ('p278400', 1), ('p7601', 0), ('p7604', 0), ('p7605', 0), ('p7610', 0), ('p7612', 0), ('p7613', 0), ('p7621', 0)]
[DEBUG] 2026-06-02 18:22:41,293 - [EXPANSION] conference sorted scores=[('c1801', 1), ('c2934', 1), ('c3011', 1), ('c36', 0), ('c597', 0), ('c755', 0), ('c1194', 0), ('c1201', 0), ('c1234', 0), ('c1798', 0)]
[DEBUG] 2026-06-02 18:22:41,302 - [EXPANSION] term sorted scores=[('t19', 2), ('t35', 2), ('t368', 2), ('t63', 1), ('t108', 1), ('t114', 1), ('t173', 1), ('t226', 1), ('t271', 1), ('t418', 1)]
[INFO] 2026-06-02 18:22:41,303 - Expanding community 83
[DEBUG] 2026-06-02 18:22:41,317 - [EXPANSION] paper sorted scores=[('p436949', 2), ('p536379', 2), ('p7601', 0), ('p7604', 0), ('p7605', 0), ('p7610', 0), ('p7612', 0), ('p7613', 0), ('p7621', 0), ('p7630', 0)]
[DEBUG] 2026-06-02 18:22:41,318 - [EXPANSION] conference sorted scores=[('c2504', 1), ('c3230', 1), ('c36', 0), ('c597', 0), ('c755', 0), ('c1194', 0), ('c1201', 0), ('c1234', 0), ('c1798', 0), ('c1801', 0)]
[DEBUG] 2026-06-02 18:22:41,327 - [EXPANSION] term sorted scores=[('t792', 2), ('t4', 1), ('t26', 1), ('t45', 1), ('t81', 1), ('t126', 1), ('t150', 1), ('t349', 1), ('t774', 1), ('t899', 1)]
[INFO] 2026-06-02 18:22:41,327 - Expanding community 84
[DEBUG] 2026-06-02 18:22:41,340 - [EXPANSION] paper sorted scores=[('p487199', 2), ('p536462', 2), ('p536464', 2), ('p7601', 0), ('p7604', 0), ('p7605', 0), ('p7610', 0), ('p7612', 0), ('p7613', 0), ('p7621', 0)]
[DEBUG] 2026-06-02 18:22:41,342 - [EXPANSION] conference sorted scores=[('c3230', 2), ('c2934', 1), ('c36', 0), ('c597', 0), ('c755', 0), ('c1194', 0), ('c1201', 0), ('c1234', 0), ('c1798', 0), ('c1801', 0)]
[DEBUG] 2026-06-02 18:22:41,352 - [EXPANSION] term sorted scores=[('t10', 3), ('t452', 3), ('t1343', 3), ('t63', 2), ('t206', 2), ('t496', 2), ('t904', 2), ('t45', 1), ('t847', 1), ('t903', 1)]
[INFO] 2026-06-02 18:22:41,353 - Expanding community 85
[DEBUG] 2026-06-02 18:22:41,368 - [EXPANSION] paper sorted scores=[('p437046', 2), ('p486590', 2), ('p486591', 2), ('p158914', 1), ('p7601', 0), ('p7604', 0), ('p7605', 0), ('p7610', 0), ('p7612', 0), ('p7613', 0)]
[DEBUG] 2026-06-02 18:22:41,369 - [EXPANSION] conference sorted scores=[('c2934', 2), ('c1201', 1), ('c2504', 1), ('c36', 0), ('c597', 0), ('c755', 0), ('c1194', 0), ('c1234', 0), ('c1798', 0), ('c1801', 0)]
[DEBUG] 2026-06-02 18:22:41,379 - [EXPANSION] term sorted scores=[('t53', 3), ('t4', 2), ('t461', 2), ('t808', 2), ('t1542', 2), ('t1', 1), ('t63', 1), ('t108', 1), ('t112', 1), ('t235', 1)]
[INFO] 2026-06-02 18:22:41,379 - Expanding community 86
[DEBUG] 2026-06-02 18:22:41,392 - [EXPANSION] paper sorted scores=[('p357116', 2), ('p357117', 2), ('p7601', 0), ('p7604', 0), ('p7605', 0), ('p7610', 0), ('p7612', 0), ('p7613', 0), ('p7621', 0), ('p7630', 0)]
[DEBUG] 2026-06-02 18:22:41,393 - [EXPANSION] conference sorted scores=[('c2180', 2), ('c36', 0), ('c597', 0), ('c755', 0), ('c1194', 0), ('c1201', 0), ('c1234', 0), ('c1798', 0), ('c1801', 0), ('c1902', 0)]
[DEBUG] 2026-06-02 18:22:41,402 - [EXPANSION] term sorted scores=[('t2', 1), ('t13', 1), ('t19', 1), ('t63', 1), ('t73', 1), ('t77', 1), ('t208', 1), ('t300', 1), ('t372', 1), ('t553', 1)]
[INFO] 2026-06-02 18:22:41,403 - Expanding community 87
[DEBUG] 2026-06-02 18:22:41,415 - [EXPANSION] paper sorted scores=[('p278636', 2), ('p487449', 2), ('p7601', 0), ('p7604', 0), ('p7605', 0), ('p7610', 0), ('p7612', 0), ('p7613', 0), ('p7621', 0), ('p7630', 0)]
[DEBUG] 2026-06-02 18:22:41,416 - [EXPANSION] conference sorted scores=[('c1801', 1), ('c2934', 1), ('c36', 0), ('c597', 0), ('c755', 0), ('c1194', 0), ('c1201', 0), ('c1234', 0), ('c1798', 0), ('c1902', 0)]
[DEBUG] 2026-06-02 18:22:41,425 - [EXPANSION] term sorted scores=[('t10', 1), ('t55', 1), ('t90', 1), ('t448', 1), ('t521', 1), ('t744', 1), ('t953', 1), ('t1106', 1), ('t1138', 1), ('t1384', 1)]
[INFO] 2026-06-02 18:22:41,425 - Expanding community 88
[DEBUG] 2026-06-02 18:22:41,438 - [EXPANSION] paper sorted scores=[('p500883', 2), ('p500885', 2), ('p437110', 1), ('p437328', 1), ('p500834', 1), ('p7601', 0), ('p7604', 0), ('p7605', 0), ('p7610', 0), ('p7612', 0)]
[DEBUG] 2026-06-02 18:22:41,440 - [EXPANSION] conference sorted scores=[('c3011', 3), ('c2504', 2), ('c36', 0), ('c597', 0), ('c755', 0), ('c1194', 0), ('c1201', 0), ('c1234', 0), ('c1798', 0), ('c1801', 0)]
[DEBUG] 2026-06-02 18:22:41,449 - [EXPANSION] term sorted scores=[('t4', 3), ('t19', 3), ('t226', 3), ('t82', 2), ('t12', 1), ('t35', 1), ('t38', 1), ('t63', 1), ('t77', 1), ('t86', 1)]
[INFO] 2026-06-02 18:22:41,450 - Expanding community 89
[DEBUG] 2026-06-02 18:22:41,464 - [EXPANSION] paper sorted scores=[('p86468', 2), ('p162650', 2), ('p436899', 2), ('p7601', 0), ('p7604', 0), ('p7605', 0), ('p7610', 0), ('p7612', 0), ('p7613', 0), ('p7621', 0)]
[DEBUG] 2026-06-02 18:22:41,465 - [EXPANSION] conference sorted scores=[('c597', 1), ('c1234', 1), ('c2504', 1), ('c36', 0), ('c755', 0), ('c1194', 0), ('c1201', 0), ('c1798', 0), ('c1801', 0), ('c1902', 0)]
[DEBUG] 2026-06-02 18:22:41,474 - [EXPANSION] term sorted scores=[('t114', 2), ('t6', 1), ('t19', 1), ('t39', 1), ('t45', 1), ('t60', 1), ('t63', 1), ('t81', 1), ('t107', 1), ('t235', 1)]
[INFO] 2026-06-02 18:22:41,474 - Expanding community 90
[DEBUG] 2026-06-02 18:22:41,487 - [EXPANSION] paper sorted scores=[('p358141', 2), ('p358143', 2), ('p7601', 0), ('p7604', 0), ('p7605', 0), ('p7610', 0), ('p7612', 0), ('p7613', 0), ('p7621', 0), ('p7630', 0)]
[DEBUG] 2026-06-02 18:22:41,488 - [EXPANSION] conference sorted scores=[('c2180', 2), ('c36', 0), ('c597', 0), ('c755', 0), ('c1194', 0), ('c1201', 0), ('c1234', 0), ('c1798', 0), ('c1801', 0), ('c1902', 0)]
[DEBUG] 2026-06-02 18:22:41,497 - [EXPANSION] term sorted scores=[('t10', 1), ('t37', 1), ('t45', 1), ('t46', 1), ('t55', 1), ('t63', 1), ('t110', 1), ('t299', 1), ('t680', 1), ('t744', 1)]
[INFO] 2026-06-02 18:22:41,497 - Expanding community 91
[DEBUG] 2026-06-02 18:22:41,511 - [EXPANSION] paper sorted scores=[('p277806', 2), ('p504508', 2), ('p7601', 0), ('p7604', 0), ('p7605', 0), ('p7610', 0), ('p7612', 0), ('p7613', 0), ('p7621', 0), ('p7630', 0)]
[DEBUG] 2026-06-02 18:22:41,512 - [EXPANSION] conference sorted scores=[('c1798', 1), ('c3027', 1), ('c36', 0), ('c597', 0), ('c755', 0), ('c1194', 0), ('c1201', 0), ('c1234', 0), ('c1801', 0), ('c1902', 0)]
[DEBUG] 2026-06-02 18:22:41,521 - [EXPANSION] term sorted scores=[('t147', 2), ('t498', 2), ('t2452', 2), ('t4372', 2), ('t798', 1), ('t2252', 1), ('t1', 0), ('t2', 0), ('t3', 0), ('t4', 0)]
[INFO] 2026-06-02 18:22:41,522 - Expanding community 92
[DEBUG] 2026-06-02 18:22:41,535 - [EXPANSION] paper sorted scores=[('p356754', 2), ('p360763', 2), ('p158622', 1), ('p7601', 0), ('p7604', 0), ('p7605', 0), ('p7610', 0), ('p7612', 0), ('p7613', 0), ('p7621', 0)]
[DEBUG] 2026-06-02 18:22:41,536 - [EXPANSION] conference sorted scores=[('c2180', 2), ('c1201', 1), ('c36', 0), ('c597', 0), ('c755', 0), ('c1194', 0), ('c1234', 0), ('c1798', 0), ('c1801', 0), ('c1902', 0)]
[DEBUG] 2026-06-02 18:22:41,545 - [EXPANSION] term sorted scores=[('t126', 3), ('t1', 2), ('t150', 2), ('t4', 1), ('t10', 1), ('t35', 1), ('t45', 1), ('t63', 1), ('t81', 1), ('t114', 1)]
[INFO] 2026-06-02 18:22:41,546 - Expanding community 93
[DEBUG] 2026-06-02 18:22:41,561 - [EXPANSION] paper sorted scores=[('p308368', 2), ('p437033', 2), ('p158612', 1), ('p159239', 1), ('p7601', 0), ('p7604', 0), ('p7605', 0), ('p7610', 0), ('p7612', 0), ('p7613', 0)]
[DEBUG] 2026-06-02 18:22:41,562 - [EXPANSION] conference sorted scores=[('c1201', 2), ('c1902', 1), ('c2504', 1), ('c36', 0), ('c597', 0), ('c755', 0), ('c1194', 0), ('c1234', 0), ('c1798', 0), ('c1801', 0)]
[DEBUG] 2026-06-02 18:22:41,572 - [EXPANSION] term sorted scores=[('t12', 2), ('t38', 2), ('t4', 1), ('t26', 1), ('t35', 1), ('t45', 1), ('t63', 1), ('t134', 1), ('t135', 1), ('t297', 1)]
[INFO] 2026-06-02 18:22:41,573 - Expanding community 94
[DEBUG] 2026-06-02 18:22:41,587 - [EXPANSION] paper sorted scores=[('p308605', 2), ('p436440', 2), ('p159085', 1), ('p7601', 0), ('p7604', 0), ('p7605', 0), ('p7610', 0), ('p7612', 0), ('p7613', 0), ('p7621', 0)]
[DEBUG] 2026-06-02 18:22:41,588 - [EXPANSION] conference sorted scores=[('c1201', 1), ('c1902', 1), ('c2504', 1), ('c36', 0), ('c597', 0), ('c755', 0), ('c1194', 0), ('c1234', 0), ('c1798', 0), ('c1801', 0)]
[DEBUG] 2026-06-02 18:22:41,597 - [EXPANSION] term sorted scores=[('t4', 2), ('t126', 2), ('t150', 2), ('t744', 2), ('t890', 2), ('t1', 1), ('t10', 1), ('t12', 1), ('t35', 1), ('t63', 1)]
[INFO] 2026-06-02 18:22:41,598 - Expanding community 95
[DEBUG] 2026-06-02 18:22:41,611 - [EXPANSION] paper sorted scores=[('p437030', 2), ('p500979', 2), ('p500564', 1), ('p500877', 1), ('p7601', 0), ('p7604', 0), ('p7605', 0), ('p7610', 0), ('p7612', 0), ('p7613', 0)]
[DEBUG] 2026-06-02 18:22:41,612 - [EXPANSION] conference sorted scores=[('c3011', 3), ('c2504', 1), ('c36', 0), ('c597', 0), ('c755', 0), ('c1194', 0), ('c1201', 0), ('c1234', 0), ('c1798', 0), ('c1801', 0)]
[DEBUG] 2026-06-02 18:22:41,621 - [EXPANSION] term sorted scores=[('t19', 3), ('t35', 2), ('t63', 2), ('t452', 2), ('t4', 1), ('t39', 1), ('t54', 1), ('t82', 1), ('t108', 1), ('t190', 1)]
[INFO] 2026-06-02 18:22:41,622 - Expanding community 96
[DEBUG] 2026-06-02 18:22:41,634 - [EXPANSION] paper sorted scores=[('p309740', 2), ('p487463', 2), ('p275916', 1), ('p7601', 0), ('p7604', 0), ('p7605', 0), ('p7610', 0), ('p7612', 0), ('p7613', 0), ('p7621', 0)]
[DEBUG] 2026-06-02 18:22:41,635 - [EXPANSION] conference sorted scores=[('c1798', 1), ('c1902', 1), ('c2934', 1), ('c36', 0), ('c597', 0), ('c755', 0), ('c1194', 0), ('c1201', 0), ('c1234', 0), ('c1801', 0)]
[DEBUG] 2026-06-02 18:22:41,644 - [EXPANSION] term sorted scores=[('t1043', 2), ('t10', 1), ('t12', 1), ('t35', 1), ('t225', 1), ('t226', 1), ('t233', 1), ('t327', 1), ('t385', 1), ('t458', 1)]
[INFO] 2026-06-02 18:22:41,645 - Expanding community 97
[DEBUG] 2026-06-02 18:22:41,658 - [EXPANSION] paper sorted scores=[('p278734', 2), ('p279035', 2), ('p7601', 0), ('p7604', 0), ('p7605', 0), ('p7610', 0), ('p7612', 0), ('p7613', 0), ('p7621', 0), ('p7630', 0)]
[DEBUG] 2026-06-02 18:22:41,659 - [EXPANSION] conference sorted scores=[('c1801', 2), ('c36', 0), ('c597', 0), ('c755', 0), ('c1194', 0), ('c1201', 0), ('c1234', 0), ('c1798', 0), ('c1902', 0), ('c2180', 0)]
[DEBUG] 2026-06-02 18:22:41,668 - [EXPANSION] term sorted scores=[('t63', 2), ('t19', 1), ('t38', 1), ('t40', 1), ('t51', 1), ('t81', 1), ('t128', 1), ('t249', 1), ('t368', 1), ('t452', 1)]
[INFO] 2026-06-02 18:22:41,668 - Expanding community 98
[DEBUG] 2026-06-02 18:22:41,681 - [EXPANSION] paper sorted scores=[('p436222', 2), ('p500486', 2), ('p500488', 1), ('p7601', 0), ('p7604', 0), ('p7605', 0), ('p7610', 0), ('p7612', 0), ('p7613', 0), ('p7621', 0)]
[DEBUG] 2026-06-02 18:22:41,683 - [EXPANSION] conference sorted scores=[('c3011', 2), ('c2504', 1), ('c36', 0), ('c597', 0), ('c755', 0), ('c1194', 0), ('c1201', 0), ('c1234', 0), ('c1798', 0), ('c1801', 0)]
[DEBUG] 2026-06-02 18:22:41,691 - [EXPANSION] term sorted scores=[('t461', 2), ('t19', 1), ('t38', 1), ('t45', 1), ('t53', 1), ('t55', 1), ('t63', 1), ('t82', 1), ('t91', 1), ('t112', 1)]
[INFO] 2026-06-02 18:22:41,692 - Expanding community 99
[DEBUG] 2026-06-02 18:22:41,705 - [EXPANSION] paper sorted scores=[('p487279', 2), ('p487350', 2), ('p536294', 1), ('p7601', 0), ('p7604', 0), ('p7605', 0), ('p7610', 0), ('p7612', 0), ('p7613', 0), ('p7621', 0)]
[DEBUG] 2026-06-02 18:22:41,706 - [EXPANSION] conference sorted scores=[('c2934', 2), ('c3230', 1), ('c36', 0), ('c597', 0), ('c755', 0), ('c1194', 0), ('c1201', 0), ('c1234', 0), ('c1798', 0), ('c1801', 0)]
[DEBUG] 2026-06-02 18:22:41,715 - [EXPANSION] term sorted scores=[('t623', 2), ('t809', 2), ('t980', 2), ('t10', 1), ('t12', 1), ('t13', 1), ('t19', 1), ('t26', 1), ('t38', 1), ('t63', 1)]
[INFO] 2026-06-02 18:22:41,715 - Expanding community 100
[DEBUG] 2026-06-02 18:22:41,728 - [EXPANSION] paper sorted scores=[('p278427', 2), ('p596841', 2), ('p7601', 0), ('p7604', 0), ('p7605', 0), ('p7610', 0), ('p7612', 0), ('p7613', 0), ('p7621', 0), ('p7630', 0)]
[DEBUG] 2026-06-02 18:22:41,729 - [EXPANSION] conference sorted scores=[('c1801', 1), ('c3594', 1), ('c36', 0), ('c597', 0), ('c755', 0), ('c1194', 0), ('c1201', 0), ('c1234', 0), ('c1798', 0), ('c1902', 0)]
[DEBUG] 2026-06-02 18:22:41,737 - [EXPANSION] term sorted scores=[('t4', 2), ('t1', 1), ('t35', 1), ('t55', 1), ('t206', 1), ('t225', 1), ('t226', 1), ('t461', 1), ('t512', 1), ('t514', 1)]
[INFO] 2026-06-02 18:22:41,738 - Expanding community 101
[DEBUG] 2026-06-02 18:22:41,750 - [EXPANSION] paper sorted scores=[('p436612', 2), ('p486892', 2), ('p7601', 0), ('p7604', 0), ('p7605', 0), ('p7610', 0), ('p7612', 0), ('p7613', 0), ('p7621', 0), ('p7630', 0)]
[DEBUG] 2026-06-02 18:22:41,751 - [EXPANSION] conference sorted scores=[('c2504', 1), ('c2934', 1), ('c36', 0), ('c597', 0), ('c755', 0), ('c1194', 0), ('c1201', 0), ('c1234', 0), ('c1798', 0), ('c1801', 0)]
[DEBUG] 2026-06-02 18:22:41,760 - [EXPANSION] term sorted scores=[('t10', 2), ('t1', 1), ('t19', 1), ('t61', 1), ('t147', 1), ('t334', 1), ('t354', 1), ('t402', 1), ('t452', 1), ('t461', 1)]
[INFO] 2026-06-02 18:22:56,331 - [EVAL] Modularity=0.6399
[INFO] 2026-06-02 18:22:56,331 - [EVAL] Surprise=0.0000
[INFO] 2026-06-02 18:22:56,331 - [EVAL] Keyword coherence=0.0000
[INFO] 2026-06-02 18:22:56,331 - [EVAL] Community stats={'num_communities': 102, 'avg_size': 435.65686274509807, 'max_size': 14126, 'min_size': 12}
[INFO] 2026-06-02 18:22:56,346 - [NMI DEBUG] matched_nodes=3080
[INFO] 2026-06-02 18:22:56,349 - [NMI] 0.6033
[INFO] 2026-06-02 18:22:56,356 - [NMI DEBUG] matched_nodes=68
[INFO] 2026-06-02 18:22:56,358 - [NMI] 0.4743
[INFO] 2026-06-02 18:22:56,363 - [NMI DEBUG] matched_nodes=20
[INFO] 2026-06-02 18:22:56,364 - [NMI] 0.0000
[INFO] 2026-06-02 18:22:56,366 - Saved communities...
