[INFO] 2026-05-28 15:38:39,745 - [MATRIX] writes shape=(14376, 14475)
[INFO] 2026-05-28 15:38:39,777 - [MATRIX] be_written shape=(14475, 14376)
[INFO] 2026-05-28 15:38:39,789 - [MATRIX] published_in shape=(14376, 20)
[INFO] 2026-05-28 15:38:39,800 - [MATRIX] publish shape=(20, 14376)
[INFO] 2026-05-28 15:38:39,898 - [MATRIX] has_term shape=(14376, 8920)
[INFO] 2026-05-28 15:38:39,985 - [MATRIX] term_in shape=(8920, 14376)
[INFO] 2026-05-28 15:38:40,055 - 
========== Building A-P-A ==========
[INFO] 2026-05-28 15:38:40,061 - A-P-A matrix shape=(14475, 14475)
[INFO] 2026-05-28 15:38:40,212 - A-P-A nodes=5264 edges=8789 total_weight=51362.0000
[INFO] 2026-05-28 15:38:40,214 - 
========== Building A-P-T-P-A ==========
[INFO] 2026-05-28 15:38:50,134 - A-P-T-P-A matrix shape=(14475, 14475)
[INFO] 2026-05-28 15:39:18,268 - A-P-T-P-A nodes=86 edges=351 total_weight=699532.0000
[INFO] 2026-05-28 15:39:18,268 - 
========== Building A-P-C-P-A ==========
[INFO] 2026-05-28 15:39:20,784 - A-P-C-P-A matrix shape=(14475, 14475)
[INFO] 2026-05-28 15:39:30,574 - A-P-C-P-A nodes=5689 edges=92426 total_weight=6194038.0000
[INFO] 2026-05-28 15:39:30,630 - 
========== MASSE Reliability ==========
[INFO] 2026-05-28 15:39:30,640 - A-P-A reliability=0.100661
[INFO] 2026-05-28 15:39:30,641 - A-P-T-P-A reliability=0.147091
[INFO] 2026-05-28 15:39:30,704 - A-P-C-P-A reliability=0.100000
[INFO] 2026-05-28 15:39:32,408 - [INTERACTION] A-P-A <-> A-P-T-P-A = 0.1677
[INFO] 2026-05-28 15:39:32,414 - [INTERACTION] A-P-A <-> A-P-C-P-A = 0.2445
[INFO] 2026-05-28 15:39:32,417 - [INTERACTION] A-P-T-P-A <-> A-P-A = 0.1677
[INFO] 2026-05-28 15:39:32,419 - [INTERACTION] A-P-T-P-A <-> A-P-C-P-A = 0.1151
[INFO] 2026-05-28 15:39:32,424 - [INTERACTION] A-P-C-P-A <-> A-P-A = 0.2445
[INFO] 2026-05-28 15:39:32,427 - [INTERACTION] A-P-C-P-A <-> A-P-T-P-A = 0.1151
[INFO] 2026-05-28 15:39:33,645 - MASSE consensus nodes=6933 edges=81321
[INFO] 2026-05-28 15:39:35,121 - MASSE communities=115
[INFO] 2026-05-28 15:39:35,392 - [MASSE] Expanding 0
[INFO] 2026-05-28 15:39:39,348 - [MASSE] Expanding 1
[INFO] 2026-05-28 15:39:43,811 - [MASSE] Expanding 2
[INFO] 2026-05-28 15:39:49,111 - [MASSE] Expanding 3
[INFO] 2026-05-28 15:39:53,764 - [MASSE] Expanding 4
[INFO] 2026-05-28 15:39:54,283 - [MASSE] Expanding 5
[INFO] 2026-05-28 15:39:54,553 - [MASSE] Expanding 6
[INFO] 2026-05-28 15:39:54,825 - [MASSE] Expanding 7
[INFO] 2026-05-28 15:39:55,091 - [MASSE] Expanding 8
[INFO] 2026-05-28 15:39:55,359 - [MASSE] Expanding 9
[INFO] 2026-05-28 15:39:55,635 - [MASSE] Expanding 10
[INFO] 2026-05-28 15:39:55,898 - [MASSE] Expanding 11
[INFO] 2026-05-28 15:39:56,170 - [MASSE] Expanding 12
[INFO] 2026-05-28 15:39:56,449 - [MASSE] Expanding 13
[INFO] 2026-05-28 15:39:56,719 - [MASSE] Expanding 14
[INFO] 2026-05-28 15:39:57,001 - [MASSE] Expanding 15
[INFO] 2026-05-28 15:39:57,272 - [MASSE] Expanding 16
[INFO] 2026-05-28 15:39:57,543 - [MASSE] Expanding 17
[INFO] 2026-05-28 15:39:57,829 - [MASSE] Expanding 18
[INFO] 2026-05-28 15:39:58,097 - [MASSE] Expanding 19
[INFO] 2026-05-28 15:39:58,373 - [MASSE] Expanding 20
[INFO] 2026-05-28 15:39:58,650 - [MASSE] Expanding 21
[INFO] 2026-05-28 15:39:58,922 - [MASSE] Expanding 22
[INFO] 2026-05-28 15:39:59,184 - [MASSE] Expanding 23
[INFO] 2026-05-28 15:39:59,451 - [MASSE] Expanding 24
[INFO] 2026-05-28 15:39:59,726 - [MASSE] Expanding 25
[INFO] 2026-05-28 15:40:00,000 - [MASSE] Expanding 26
[INFO] 2026-05-28 15:40:00,275 - [MASSE] Expanding 27
[INFO] 2026-05-28 15:40:00,554 - [MASSE] Expanding 28
[INFO] 2026-05-28 15:40:00,833 - [MASSE] Expanding 29
[INFO] 2026-05-28 15:40:01,108 - [MASSE] Expanding 30
[INFO] 2026-05-28 15:40:01,380 - [MASSE] Expanding 31
[INFO] 2026-05-28 15:40:01,649 - [MASSE] Expanding 32
[INFO] 2026-05-28 15:40:01,935 - [MASSE] Expanding 33
[INFO] 2026-05-28 15:40:02,227 - [MASSE] Expanding 34
[INFO] 2026-05-28 15:40:02,515 - [MASSE] Expanding 35
[INFO] 2026-05-28 15:40:02,788 - [MASSE] Expanding 36
[INFO] 2026-05-28 15:40:03,060 - [MASSE] Expanding 37
[INFO] 2026-05-28 15:40:03,320 - [MASSE] Expanding 38
[INFO] 2026-05-28 15:40:03,586 - [MASSE] Expanding 39
[INFO] 2026-05-28 15:40:03,870 - [MASSE] Expanding 40
[INFO] 2026-05-28 15:40:04,173 - [MASSE] Expanding 41
[INFO] 2026-05-28 15:40:04,456 - [MASSE] Expanding 42
[INFO] 2026-05-28 15:40:04,736 - [MASSE] Expanding 43
[INFO] 2026-05-28 15:40:05,017 - [MASSE] Expanding 44
[INFO] 2026-05-28 15:40:05,299 - [MASSE] Expanding 45
[INFO] 2026-05-28 15:40:05,577 - [MASSE] Expanding 46
[INFO] 2026-05-28 15:40:05,858 - [MASSE] Expanding 47
[INFO] 2026-05-28 15:40:06,139 - [MASSE] Expanding 48
[INFO] 2026-05-28 15:40:06,420 - [MASSE] Expanding 49
[INFO] 2026-05-28 15:40:06,697 - [MASSE] Expanding 50
[INFO] 2026-05-28 15:40:06,977 - [MASSE] Expanding 51
[INFO] 2026-05-28 15:40:07,256 - [MASSE] Expanding 52
[INFO] 2026-05-28 15:40:07,536 - [MASSE] Expanding 53
[INFO] 2026-05-28 15:40:07,816 - [MASSE] Expanding 54
[INFO] 2026-05-28 15:40:08,090 - [MASSE] Expanding 55
[INFO] 2026-05-28 15:40:08,362 - [MASSE] Expanding 56
[INFO] 2026-05-28 15:40:08,647 - [MASSE] Expanding 57
[INFO] 2026-05-28 15:40:08,925 - [MASSE] Expanding 58
[INFO] 2026-05-28 15:40:09,190 - [MASSE] Expanding 59
[INFO] 2026-05-28 15:40:09,462 - [MASSE] Expanding 60
[INFO] 2026-05-28 15:40:09,738 - [MASSE] Expanding 61
[INFO] 2026-05-28 15:40:10,021 - [MASSE] Expanding 62
[INFO] 2026-05-28 15:40:10,298 - [MASSE] Expanding 63
[INFO] 2026-05-28 15:40:10,581 - [MASSE] Expanding 64
[INFO] 2026-05-28 15:40:10,863 - [MASSE] Expanding 65
[INFO] 2026-05-28 15:40:11,138 - [MASSE] Expanding 66
[INFO] 2026-05-28 15:40:11,409 - [MASSE] Expanding 67
[INFO] 2026-05-28 15:40:11,668 - [MASSE] Expanding 68
[INFO] 2026-05-28 15:40:11,944 - [MASSE] Expanding 69
[INFO] 2026-05-28 15:40:12,211 - [MASSE] Expanding 70
[INFO] 2026-05-28 15:40:12,491 - [MASSE] Expanding 71
[INFO] 2026-05-28 15:40:12,776 - [MASSE] Expanding 72
[INFO] 2026-05-28 15:40:13,073 - [MASSE] Expanding 73
[INFO] 2026-05-28 15:40:13,355 - [MASSE] Expanding 74
[INFO] 2026-05-28 15:40:13,631 - [MASSE] Expanding 75
[INFO] 2026-05-28 15:40:13,920 - [MASSE] Expanding 76
[INFO] 2026-05-28 15:40:14,197 - [MASSE] Expanding 77
[INFO] 2026-05-28 15:40:14,471 - [MASSE] Expanding 78
[INFO] 2026-05-28 15:40:14,752 - [MASSE] Expanding 79
[INFO] 2026-05-28 15:40:15,041 - [MASSE] Expanding 80
[INFO] 2026-05-28 15:40:15,325 - [MASSE] Expanding 81
[INFO] 2026-05-28 15:40:15,596 - [MASSE] Expanding 82
[INFO] 2026-05-28 15:40:15,872 - [MASSE] Expanding 83
[INFO] 2026-05-28 15:40:16,146 - [MASSE] Expanding 84
[INFO] 2026-05-28 15:40:16,419 - [MASSE] Expanding 85
[INFO] 2026-05-28 15:40:16,692 - [MASSE] Expanding 86
[INFO] 2026-05-28 15:40:16,963 - [MASSE] Expanding 87
[INFO] 2026-05-28 15:40:17,239 - [MASSE] Expanding 88
[INFO] 2026-05-28 15:40:17,507 - [MASSE] Expanding 89
[INFO] 2026-05-28 15:40:17,778 - [MASSE] Expanding 90
[INFO] 2026-05-28 15:40:18,045 - [MASSE] Expanding 91
[INFO] 2026-05-28 15:40:18,323 - [MASSE] Expanding 92
[INFO] 2026-05-28 15:40:18,596 - [MASSE] Expanding 93
[INFO] 2026-05-28 15:40:18,871 - [MASSE] Expanding 94
[INFO] 2026-05-28 15:40:19,149 - [MASSE] Expanding 95
[INFO] 2026-05-28 15:40:19,431 - [MASSE] Expanding 96
[INFO] 2026-05-28 15:40:19,706 - [MASSE] Expanding 97
[INFO] 2026-05-28 15:40:19,992 - [MASSE] Expanding 98
[INFO] 2026-05-28 15:40:20,267 - [MASSE] Expanding 99
[INFO] 2026-05-28 15:40:20,557 - [MASSE] Expanding 100
[INFO] 2026-05-28 15:40:20,825 - [MASSE] Expanding 101
[INFO] 2026-05-28 15:40:21,103 - [MASSE] Expanding 102
[INFO] 2026-05-28 15:40:21,381 - [MASSE] Expanding 103
[INFO] 2026-05-28 15:40:21,664 - [MASSE] Expanding 104
[INFO] 2026-05-28 15:40:21,927 - [MASSE] Expanding 105
[INFO] 2026-05-28 15:40:22,184 - [MASSE] Expanding 106
[INFO] 2026-05-28 15:40:22,446 - [MASSE] Expanding 107
[INFO] 2026-05-28 15:40:22,705 - [MASSE] Expanding 108
[INFO] 2026-05-28 15:40:22,958 - [MASSE] Expanding 109
[INFO] 2026-05-28 15:40:23,219 - [MASSE] Expanding 110
[INFO] 2026-05-28 15:40:23,473 - [MASSE] Expanding 111
[INFO] 2026-05-28 15:40:23,734 - [MASSE] Expanding 112
[INFO] 2026-05-28 15:40:24,001 - [MASSE] Expanding 113
[INFO] 2026-05-28 15:40:24,263 - [MASSE] Expanding 114
[INFO] 2026-05-28 15:40:24,926 - [EVAL] Modularity=0.5006
[INFO] 2026-05-28 15:40:24,926 - [EVAL] Surprise=0.0000
[INFO] 2026-05-28 15:40:24,926 - [EVAL] Keyword coherence=0.0000
[INFO] 2026-05-28 15:40:24,926 - [EVAL] Community stats={'num_communities': 115, 'avg_size': 327.3391304347826, 'max_size': 9901, 'min_size': 4}
[INFO] 2026-05-28 15:40:24,937 - [NMI DEBUG] matched_nodes=3080
[INFO] 2026-05-28 15:40:24,941 - [NMI] 0.6203
[INFO] 2026-05-28 15:40:24,947 - [NMI DEBUG] matched_nodes=65
[INFO] 2026-05-28 15:40:24,949 - [NMI] 0.5274
[INFO] 2026-05-28 15:40:24,954 - [NMI DEBUG] matched_nodes=20
[INFO] 2026-05-28 15:40:24,955 - [NMI] 0.5771
[INFO] 2026-05-28 15:40:24,956 - Saved communities...
[INFO] 2026-05-28 15:47:47,308 - [MATRIX] writes shape=(14376, 14475)
[INFO] 2026-05-28 15:47:47,340 - [MATRIX] be_written shape=(14475, 14376)
[INFO] 2026-05-28 15:47:47,353 - [MATRIX] published_in shape=(14376, 20)
[INFO] 2026-05-28 15:47:47,363 - [MATRIX] publish shape=(20, 14376)
[INFO] 2026-05-28 15:47:47,454 - [MATRIX] has_term shape=(14376, 8920)
[INFO] 2026-05-28 15:47:47,541 - [MATRIX] term_in shape=(8920, 14376)
[INFO] 2026-05-28 15:47:47,609 - 
========== Building A-P-A ==========
[INFO] 2026-05-28 15:47:47,615 - A-P-A matrix shape=(14475, 14475)
[INFO] 2026-05-28 15:47:47,769 - A-P-A nodes=5264 edges=8789 total_weight=51362.0000
[INFO] 2026-05-28 15:47:47,771 - 
========== Building A-P-T-P-A ==========
[INFO] 2026-05-28 15:47:57,737 - A-P-T-P-A matrix shape=(14475, 14475)
[INFO] 2026-05-28 15:48:24,420 - A-P-T-P-A nodes=86 edges=351 total_weight=699532.0000
[INFO] 2026-05-28 15:48:24,420 - 
========== Building A-P-C-P-A ==========
[INFO] 2026-05-28 15:48:26,776 - A-P-C-P-A matrix shape=(14475, 14475)
[INFO] 2026-05-28 15:48:36,049 - A-P-C-P-A nodes=5689 edges=92426 total_weight=6194038.0000
[INFO] 2026-05-28 15:48:36,108 - 
========== MASSE Reliability ==========
[INFO] 2026-05-28 15:48:36,117 - A-P-A reliability=0.100661
[INFO] 2026-05-28 15:48:36,118 - A-P-T-P-A reliability=0.147091
[INFO] 2026-05-28 15:48:36,188 - A-P-C-P-A reliability=0.100000
[INFO] 2026-05-28 15:48:37,919 - [INTERACTION] A-P-A <-> A-P-T-P-A = 0.1580
[INFO] 2026-05-28 15:48:37,924 - [INTERACTION] A-P-A <-> A-P-C-P-A = 0.2178
[INFO] 2026-05-28 15:48:37,927 - [INTERACTION] A-P-T-P-A <-> A-P-A = 0.1580
[INFO] 2026-05-28 15:48:37,929 - [INTERACTION] A-P-T-P-A <-> A-P-C-P-A = 0.0622
[INFO] 2026-05-28 15:48:37,934 - [INTERACTION] A-P-C-P-A <-> A-P-A = 0.2178
[INFO] 2026-05-28 15:48:37,936 - [INTERACTION] A-P-C-P-A <-> A-P-T-P-A = 0.0622
[INFO] 2026-05-28 15:48:39,001 - MASSE consensus nodes=6933 edges=79424
[INFO] 2026-05-28 15:48:40,171 - MASSE communities=108
[INFO] 2026-05-28 15:48:40,423 - [MASSE] Expanding 0
[INFO] 2026-05-28 15:48:47,505 - [MASSE] Expanding 1
[INFO] 2026-05-28 15:48:51,341 - [MASSE] Expanding 2
[INFO] 2026-05-28 15:48:56,295 - [MASSE] Expanding 3
[INFO] 2026-05-28 15:48:59,488 - [MASSE] Expanding 4
[INFO] 2026-05-28 15:48:59,752 - [MASSE] Expanding 5
[INFO] 2026-05-28 15:49:00,033 - [MASSE] Expanding 6
[INFO] 2026-05-28 15:49:00,288 - [MASSE] Expanding 7
[INFO] 2026-05-28 15:49:00,554 - [MASSE] Expanding 8
[INFO] 2026-05-28 15:49:00,811 - [MASSE] Expanding 9
[INFO] 2026-05-28 15:49:01,083 - [MASSE] Expanding 10
[INFO] 2026-05-28 15:49:01,358 - [MASSE] Expanding 11
[INFO] 2026-05-28 15:49:01,617 - [MASSE] Expanding 12
[INFO] 2026-05-28 15:49:01,879 - [MASSE] Expanding 13
[INFO] 2026-05-28 15:49:02,158 - [MASSE] Expanding 14
[INFO] 2026-05-28 15:49:02,428 - [MASSE] Expanding 15
[INFO] 2026-05-28 15:49:02,697 - [MASSE] Expanding 16
[INFO] 2026-05-28 15:49:02,958 - [MASSE] Expanding 17
[INFO] 2026-05-28 15:49:03,235 - [MASSE] Expanding 18
[INFO] 2026-05-28 15:49:03,494 - [MASSE] Expanding 19
[INFO] 2026-05-28 15:49:03,800 - [MASSE] Expanding 20
[INFO] 2026-05-28 15:49:04,103 - [MASSE] Expanding 21
[INFO] 2026-05-28 15:49:04,397 - [MASSE] Expanding 22
[INFO] 2026-05-28 15:49:04,676 - [MASSE] Expanding 23
[INFO] 2026-05-28 15:49:04,946 - [MASSE] Expanding 24
[INFO] 2026-05-28 15:49:05,219 - [MASSE] Expanding 25
[INFO] 2026-05-28 15:49:05,484 - [MASSE] Expanding 26
[INFO] 2026-05-28 15:49:05,731 - [MASSE] Expanding 27
[INFO] 2026-05-28 15:49:05,994 - [MASSE] Expanding 28
[INFO] 2026-05-28 15:49:06,263 - [MASSE] Expanding 29
[INFO] 2026-05-28 15:49:06,551 - [MASSE] Expanding 30
[INFO] 2026-05-28 15:49:06,818 - [MASSE] Expanding 31
[INFO] 2026-05-28 15:49:07,098 - [MASSE] Expanding 32
[INFO] 2026-05-28 15:49:07,379 - [MASSE] Expanding 33
[INFO] 2026-05-28 15:49:07,638 - [MASSE] Expanding 34
[INFO] 2026-05-28 15:49:07,909 - [MASSE] Expanding 35
[INFO] 2026-05-28 15:49:08,176 - [MASSE] Expanding 36
[INFO] 2026-05-28 15:49:08,446 - [MASSE] Expanding 37
[INFO] 2026-05-28 15:49:08,735 - [MASSE] Expanding 38
[INFO] 2026-05-28 15:49:09,014 - [MASSE] Expanding 39
[INFO] 2026-05-28 15:49:09,275 - [MASSE] Expanding 40
[INFO] 2026-05-28 15:49:09,557 - [MASSE] Expanding 41
[INFO] 2026-05-28 15:49:09,827 - [MASSE] Expanding 42
[INFO] 2026-05-28 15:49:10,087 - [MASSE] Expanding 43
[INFO] 2026-05-28 15:49:10,354 - [MASSE] Expanding 44
[INFO] 2026-05-28 15:49:10,623 - [MASSE] Expanding 45
[INFO] 2026-05-28 15:49:10,899 - [MASSE] Expanding 46
[INFO] 2026-05-28 15:49:11,178 - [MASSE] Expanding 47
[INFO] 2026-05-28 15:49:11,454 - [MASSE] Expanding 48
[INFO] 2026-05-28 15:49:11,732 - [MASSE] Expanding 49
[INFO] 2026-05-28 15:49:12,009 - [MASSE] Expanding 50
[INFO] 2026-05-28 15:49:12,284 - [MASSE] Expanding 51
[INFO] 2026-05-28 15:49:12,563 - [MASSE] Expanding 52
[INFO] 2026-05-28 15:49:12,820 - [MASSE] Expanding 53
[INFO] 2026-05-28 15:49:13,088 - [MASSE] Expanding 54
[INFO] 2026-05-28 15:49:13,339 - [MASSE] Expanding 55
[INFO] 2026-05-28 15:49:13,588 - [MASSE] Expanding 56
[INFO] 2026-05-28 15:49:13,840 - [MASSE] Expanding 57
[INFO] 2026-05-28 15:49:14,099 - [MASSE] Expanding 58
[INFO] 2026-05-28 15:49:14,348 - [MASSE] Expanding 59
[INFO] 2026-05-28 15:49:14,605 - [MASSE] Expanding 60
[INFO] 2026-05-28 15:49:14,874 - [MASSE] Expanding 61
[INFO] 2026-05-28 15:49:15,156 - [MASSE] Expanding 62
[INFO] 2026-05-28 15:49:15,423 - [MASSE] Expanding 63
[INFO] 2026-05-28 15:49:15,680 - [MASSE] Expanding 64
[INFO] 2026-05-28 15:49:15,935 - [MASSE] Expanding 65
[INFO] 2026-05-28 15:49:16,192 - [MASSE] Expanding 66
[INFO] 2026-05-28 15:49:16,455 - [MASSE] Expanding 67
[INFO] 2026-05-28 15:49:16,712 - [MASSE] Expanding 68
[INFO] 2026-05-28 15:49:16,971 - [MASSE] Expanding 69
[INFO] 2026-05-28 15:49:17,242 - [MASSE] Expanding 70
[INFO] 2026-05-28 15:49:17,509 - [MASSE] Expanding 71
[INFO] 2026-05-28 15:49:17,766 - [MASSE] Expanding 72
[INFO] 2026-05-28 15:49:18,011 - [MASSE] Expanding 73
[INFO] 2026-05-28 15:49:18,268 - [MASSE] Expanding 74
[INFO] 2026-05-28 15:49:18,524 - [MASSE] Expanding 75
[INFO] 2026-05-28 15:49:18,782 - [MASSE] Expanding 76
[INFO] 2026-05-28 15:49:19,034 - [MASSE] Expanding 77
[INFO] 2026-05-28 15:49:19,292 - [MASSE] Expanding 78
[INFO] 2026-05-28 15:49:19,558 - [MASSE] Expanding 79
[INFO] 2026-05-28 15:49:19,805 - [MASSE] Expanding 80
[INFO] 2026-05-28 15:49:20,054 - [MASSE] Expanding 81
[INFO] 2026-05-28 15:49:20,297 - [MASSE] Expanding 82
[INFO] 2026-05-28 15:49:20,547 - [MASSE] Expanding 83
[INFO] 2026-05-28 15:49:20,792 - [MASSE] Expanding 84
[INFO] 2026-05-28 15:49:21,040 - [MASSE] Expanding 85
[INFO] 2026-05-28 15:49:21,289 - [MASSE] Expanding 86
[INFO] 2026-05-28 15:49:21,533 - [MASSE] Expanding 87
[INFO] 2026-05-28 15:49:21,792 - [MASSE] Expanding 88
[INFO] 2026-05-28 15:49:22,043 - [MASSE] Expanding 89
[INFO] 2026-05-28 15:49:22,287 - [MASSE] Expanding 90
[INFO] 2026-05-28 15:49:22,536 - [MASSE] Expanding 91
[INFO] 2026-05-28 15:49:22,793 - [MASSE] Expanding 92
[INFO] 2026-05-28 15:49:23,038 - [MASSE] Expanding 93
[INFO] 2026-05-28 15:49:23,280 - [MASSE] Expanding 94
[INFO] 2026-05-28 15:49:23,524 - [MASSE] Expanding 95
[INFO] 2026-05-28 15:49:23,777 - [MASSE] Expanding 96
[INFO] 2026-05-28 15:49:24,048 - [MASSE] Expanding 97
[INFO] 2026-05-28 15:49:24,294 - [MASSE] Expanding 98
[INFO] 2026-05-28 15:49:24,547 - [MASSE] Expanding 99
[INFO] 2026-05-28 15:49:24,815 - [MASSE] Expanding 100
[INFO] 2026-05-28 15:49:25,090 - [MASSE] Expanding 101
[INFO] 2026-05-28 15:49:25,347 - [MASSE] Expanding 102
[INFO] 2026-05-28 15:49:25,593 - [MASSE] Expanding 103
[INFO] 2026-05-28 15:49:25,859 - [MASSE] Expanding 104
[INFO] 2026-05-28 15:49:26,136 - [MASSE] Expanding 105
[INFO] 2026-05-28 15:49:26,400 - [MASSE] Expanding 106
[INFO] 2026-05-28 15:49:26,653 - [MASSE] Expanding 107
[INFO] 2026-05-28 15:49:27,314 - [EVAL] Modularity=0.5709
[INFO] 2026-05-28 15:49:27,314 - [EVAL] Surprise=0.0000
[INFO] 2026-05-28 15:49:27,314 - [EVAL] Keyword coherence=0.0000
[INFO] 2026-05-28 15:49:27,314 - [EVAL] Community stats={'num_communities': 108, 'avg_size': 354.3425925925926, 'max_size': 12093, 'min_size': 4}
[INFO] 2026-05-28 15:49:27,325 - [NMI DEBUG] matched_nodes=3080
[INFO] 2026-05-28 15:49:27,328 - [NMI] 0.6006
[INFO] 2026-05-28 15:49:27,333 - [NMI DEBUG] matched_nodes=64
[INFO] 2026-05-28 15:49:27,335 - [NMI] 0.4761
[INFO] 2026-05-28 15:49:27,339 - [NMI DEBUG] matched_nodes=20
[INFO] 2026-05-28 15:49:27,341 - [NMI] 0.3723
[INFO] 2026-05-28 15:49:27,342 - Saved communities...
[INFO] 2026-05-28 15:50:12,750 - [MATRIX] writes shape=(14376, 14475)
[INFO] 2026-05-28 15:50:12,779 - [MATRIX] be_written shape=(14475, 14376)
[INFO] 2026-05-28 15:50:12,789 - [MATRIX] published_in shape=(14376, 20)
[INFO] 2026-05-28 15:50:12,798 - [MATRIX] publish shape=(20, 14376)
[INFO] 2026-05-28 15:50:12,874 - [MATRIX] has_term shape=(14376, 8920)
[INFO] 2026-05-28 15:50:12,945 - [MATRIX] term_in shape=(8920, 14376)
[INFO] 2026-05-28 15:50:13,014 - 
========== Building A-P-A ==========
[INFO] 2026-05-28 15:50:13,018 - A-P-A matrix shape=(14475, 14475)
[INFO] 2026-05-28 15:50:13,129 - A-P-A nodes=5264 edges=8789 total_weight=51362.0000
[INFO] 2026-05-28 15:50:13,130 - 
========== Building A-P-T-P-A ==========
[INFO] 2026-05-28 15:50:22,973 - A-P-T-P-A matrix shape=(14475, 14475)
[INFO] 2026-05-28 15:50:50,600 - A-P-T-P-A nodes=86 edges=351 total_weight=699532.0000
[INFO] 2026-05-28 15:50:50,601 - 
========== Building A-P-C-P-A ==========
[INFO] 2026-05-28 15:50:52,971 - A-P-C-P-A matrix shape=(14475, 14475)
[INFO] 2026-05-28 15:51:02,533 - A-P-C-P-A nodes=5689 edges=92426 total_weight=6194038.0000
[INFO] 2026-05-28 15:51:02,583 - 
========== MASSE Reliability ==========
[INFO] 2026-05-28 15:51:02,592 - A-P-A reliability=0.100661
[INFO] 2026-05-28 15:51:02,592 - A-P-T-P-A reliability=0.147091
[INFO] 2026-05-28 15:51:02,656 - A-P-C-P-A reliability=0.100000
[INFO] 2026-05-28 15:51:04,315 - [INTERACTION] A-P-A <-> A-P-T-P-A = 0.2039
[INFO] 2026-05-28 15:51:04,321 - [INTERACTION] A-P-A <-> A-P-C-P-A = 0.2322
[INFO] 2026-05-28 15:51:04,323 - [INTERACTION] A-P-T-P-A <-> A-P-A = 0.2039
[INFO] 2026-05-28 15:51:04,326 - [INTERACTION] A-P-T-P-A <-> A-P-C-P-A = 0.1489
[INFO] 2026-05-28 15:51:04,331 - [INTERACTION] A-P-C-P-A <-> A-P-A = 0.2322
[INFO] 2026-05-28 15:51:04,334 - [INTERACTION] A-P-C-P-A <-> A-P-T-P-A = 0.1489
[INFO] 2026-05-28 15:51:05,353 - MASSE consensus nodes=6933 edges=76913
[INFO] 2026-05-28 15:51:06,668 - MASSE communities=99
[INFO] 2026-05-28 15:51:06,885 - [MASSE] Expanding 0
[INFO] 2026-05-28 15:51:14,117 - [MASSE] Expanding 1
[INFO] 2026-05-28 15:51:17,746 - [MASSE] Expanding 2
[INFO] 2026-05-28 15:51:22,547 - [MASSE] Expanding 3
[INFO] 2026-05-28 15:51:25,412 - [MASSE] Expanding 4
[INFO] 2026-05-28 15:51:25,658 - [MASSE] Expanding 5
[INFO] 2026-05-28 15:51:25,899 - [MASSE] Expanding 6
[INFO] 2026-05-28 15:51:26,140 - [MASSE] Expanding 7
[INFO] 2026-05-28 15:51:26,404 - [MASSE] Expanding 8
[INFO] 2026-05-28 15:51:26,659 - [MASSE] Expanding 9
[INFO] 2026-05-28 15:51:26,902 - [MASSE] Expanding 10
[INFO] 2026-05-28 15:51:27,145 - [MASSE] Expanding 11
[INFO] 2026-05-28 15:51:27,383 - [MASSE] Expanding 12
[INFO] 2026-05-28 15:51:27,649 - [MASSE] Expanding 13
[INFO] 2026-05-28 15:51:27,895 - [MASSE] Expanding 14
[INFO] 2026-05-28 15:51:28,143 - [MASSE] Expanding 15
[INFO] 2026-05-28 15:51:28,390 - [MASSE] Expanding 16
[INFO] 2026-05-28 15:51:28,637 - [MASSE] Expanding 17
[INFO] 2026-05-28 15:51:28,900 - [MASSE] Expanding 18
[INFO] 2026-05-28 15:51:29,148 - [MASSE] Expanding 19
[INFO] 2026-05-28 15:51:29,394 - [MASSE] Expanding 20
[INFO] 2026-05-28 15:51:29,646 - [MASSE] Expanding 21
[INFO] 2026-05-28 15:51:29,902 - [MASSE] Expanding 22
[INFO] 2026-05-28 15:51:30,145 - [MASSE] Expanding 23
[INFO] 2026-05-28 15:51:30,388 - [MASSE] Expanding 24
[INFO] 2026-05-28 15:51:30,624 - [MASSE] Expanding 25
[INFO] 2026-05-28 15:51:30,870 - [MASSE] Expanding 26
[INFO] 2026-05-28 15:51:31,113 - [MASSE] Expanding 27
[INFO] 2026-05-28 15:51:31,348 - [MASSE] Expanding 28
[INFO] 2026-05-28 15:51:31,579 - [MASSE] Expanding 29
[INFO] 2026-05-28 15:51:31,822 - [MASSE] Expanding 30
[INFO] 2026-05-28 15:51:32,076 - [MASSE] Expanding 31
[INFO] 2026-05-28 15:51:32,315 - [MASSE] Expanding 32
[INFO] 2026-05-28 15:51:32,549 - [MASSE] Expanding 33
[INFO] 2026-05-28 15:51:32,784 - [MASSE] Expanding 34
[INFO] 2026-05-28 15:51:33,022 - [MASSE] Expanding 35
[INFO] 2026-05-28 15:51:33,259 - [MASSE] Expanding 36
[INFO] 2026-05-28 15:51:33,499 - [MASSE] Expanding 37
[INFO] 2026-05-28 15:51:33,729 - [MASSE] Expanding 38
[INFO] 2026-05-28 15:51:33,977 - [MASSE] Expanding 39
[INFO] 2026-05-28 15:51:34,223 - [MASSE] Expanding 40
[INFO] 2026-05-28 15:51:34,468 - [MASSE] Expanding 41
[INFO] 2026-05-28 15:51:34,702 - [MASSE] Expanding 42
[INFO] 2026-05-28 15:51:34,942 - [MASSE] Expanding 43
[INFO] 2026-05-28 15:51:35,180 - [MASSE] Expanding 44
[INFO] 2026-05-28 15:51:35,415 - [MASSE] Expanding 45
[INFO] 2026-05-28 15:51:35,651 - [MASSE] Expanding 46
[INFO] 2026-05-28 15:51:35,887 - [MASSE] Expanding 47
[INFO] 2026-05-28 15:51:36,152 - [MASSE] Expanding 48
[INFO] 2026-05-28 15:51:36,398 - [MASSE] Expanding 49
[INFO] 2026-05-28 15:51:36,637 - [MASSE] Expanding 50
[INFO] 2026-05-28 15:51:36,884 - [MASSE] Expanding 51
[INFO] 2026-05-28 15:51:37,132 - [MASSE] Expanding 52
[INFO] 2026-05-28 15:51:37,373 - [MASSE] Expanding 53
[INFO] 2026-05-28 15:51:37,606 - [MASSE] Expanding 54
[INFO] 2026-05-28 15:51:37,848 - [MASSE] Expanding 55
[INFO] 2026-05-28 15:51:38,084 - [MASSE] Expanding 56
[INFO] 2026-05-28 15:51:38,333 - [MASSE] Expanding 57
[INFO] 2026-05-28 15:51:38,577 - [MASSE] Expanding 58
[INFO] 2026-05-28 15:51:38,807 - [MASSE] Expanding 59
[INFO] 2026-05-28 15:51:39,037 - [MASSE] Expanding 60
[INFO] 2026-05-28 15:51:39,266 - [MASSE] Expanding 61
[INFO] 2026-05-28 15:51:39,501 - [MASSE] Expanding 62
[INFO] 2026-05-28 15:51:39,742 - [MASSE] Expanding 63
[INFO] 2026-05-28 15:51:39,982 - [MASSE] Expanding 64
[INFO] 2026-05-28 15:51:40,220 - [MASSE] Expanding 65
[INFO] 2026-05-28 15:51:40,480 - [MASSE] Expanding 66
[INFO] 2026-05-28 15:51:40,725 - [MASSE] Expanding 67
[INFO] 2026-05-28 15:51:40,971 - [MASSE] Expanding 68
[INFO] 2026-05-28 15:51:41,207 - [MASSE] Expanding 69
[INFO] 2026-05-28 15:51:41,450 - [MASSE] Expanding 70
[INFO] 2026-05-28 15:51:41,709 - [MASSE] Expanding 71
[INFO] 2026-05-28 15:51:41,958 - [MASSE] Expanding 72
[INFO] 2026-05-28 15:51:42,204 - [MASSE] Expanding 73
[INFO] 2026-05-28 15:51:42,440 - [MASSE] Expanding 74
[INFO] 2026-05-28 15:51:42,699 - [MASSE] Expanding 75
[INFO] 2026-05-28 15:51:42,936 - [MASSE] Expanding 76
[INFO] 2026-05-28 15:51:43,171 - [MASSE] Expanding 77
[INFO] 2026-05-28 15:51:43,403 - [MASSE] Expanding 78
[INFO] 2026-05-28 15:51:43,641 - [MASSE] Expanding 79
[INFO] 2026-05-28 15:51:43,893 - [MASSE] Expanding 80
[INFO] 2026-05-28 15:51:44,157 - [MASSE] Expanding 81
[INFO] 2026-05-28 15:51:44,415 - [MASSE] Expanding 82
[INFO] 2026-05-28 15:51:44,661 - [MASSE] Expanding 83
[INFO] 2026-05-28 15:51:44,918 - [MASSE] Expanding 84
[INFO] 2026-05-28 15:51:45,160 - [MASSE] Expanding 85
[INFO] 2026-05-28 15:51:45,394 - [MASSE] Expanding 86
[INFO] 2026-05-28 15:51:45,629 - [MASSE] Expanding 87
[INFO] 2026-05-28 15:51:45,870 - [MASSE] Expanding 88
[INFO] 2026-05-28 15:51:46,115 - [MASSE] Expanding 89
[INFO] 2026-05-28 15:51:46,364 - [MASSE] Expanding 90
[INFO] 2026-05-28 15:51:46,607 - [MASSE] Expanding 91
[INFO] 2026-05-28 15:51:46,855 - [MASSE] Expanding 92
[INFO] 2026-05-28 15:51:47,107 - [MASSE] Expanding 93
[INFO] 2026-05-28 15:51:47,338 - [MASSE] Expanding 94
[INFO] 2026-05-28 15:51:47,580 - [MASSE] Expanding 95
[INFO] 2026-05-28 15:51:47,817 - [MASSE] Expanding 96
[INFO] 2026-05-28 15:51:48,054 - [MASSE] Expanding 97
[INFO] 2026-05-28 15:51:48,297 - [MASSE] Expanding 98
[INFO] 2026-05-28 15:51:48,923 - [EVAL] Modularity=0.6180
[INFO] 2026-05-28 15:51:48,923 - [EVAL] Surprise=0.0000
[INFO] 2026-05-28 15:51:48,923 - [EVAL] Keyword coherence=0.0000
[INFO] 2026-05-28 15:51:48,923 - [EVAL] Community stats={'num_communities': 99, 'avg_size': 388.5959595959596, 'max_size': 12743, 'min_size': 4}
[INFO] 2026-05-28 15:51:48,934 - [NMI DEBUG] matched_nodes=3080
[INFO] 2026-05-28 15:51:48,937 - [NMI] 0.6007
[INFO] 2026-05-28 15:51:48,942 - [NMI DEBUG] matched_nodes=64
[INFO] 2026-05-28 15:51:48,944 - [NMI] 0.4761
[INFO] 2026-05-28 15:51:48,948 - [NMI DEBUG] matched_nodes=20
[INFO] 2026-05-28 15:51:48,949 - [NMI] 0.3723
[INFO] 2026-05-28 15:51:48,950 - Saved communities...
