[INFO] 2026-05-28 15:53:58,640 - [MATRIX] writes shape=(14376, 14475)
[INFO] 2026-05-28 15:53:58,675 - [MATRIX] be_written shape=(14475, 14376)
[INFO] 2026-05-28 15:53:58,687 - [MATRIX] published_in shape=(14376, 20)
[INFO] 2026-05-28 15:53:58,698 - [MATRIX] publish shape=(20, 14376)
[INFO] 2026-05-28 15:53:58,788 - [MATRIX] has_term shape=(14376, 8920)
[INFO] 2026-05-28 15:53:58,877 - [MATRIX] term_in shape=(8920, 14376)
[INFO] 2026-05-28 15:53:58,944 - 
========== Building A-P-A ==========
[INFO] 2026-05-28 15:53:58,948 - A-P-A matrix shape=(14475, 14475)
[INFO] 2026-05-28 15:53:59,051 - A-P-A nodes=5264 edges=8789 total_weight=51362.0000
[INFO] 2026-05-28 15:53:59,052 - 
========== Building A-P-T-P-A ==========
[INFO] 2026-05-28 15:54:10,940 - A-P-T-P-A matrix shape=(14475, 14475)
[INFO] 2026-05-28 15:54:40,109 - A-P-T-P-A nodes=86 edges=351 total_weight=699532.0000
[INFO] 2026-05-28 15:54:40,110 - 
========== Building A-P-C-P-A ==========
[INFO] 2026-05-28 15:54:42,578 - A-P-C-P-A matrix shape=(14475, 14475)
[INFO] 2026-05-28 15:54:52,534 - A-P-C-P-A nodes=5689 edges=92426 total_weight=6194038.0000
[INFO] 2026-05-28 15:54:52,587 - 
========== MASSE Reliability ==========
[INFO] 2026-05-28 15:54:52,598 - A-P-A reliability=0.100661
[INFO] 2026-05-28 15:54:52,599 - A-P-T-P-A reliability=0.147091
[INFO] 2026-05-28 15:54:52,658 - A-P-C-P-A reliability=0.081947
[INFO] 2026-05-28 15:54:54,217 - [INTERACTION] A-P-A <-> A-P-T-P-A = 0.1431
[INFO] 2026-05-28 15:54:54,223 - [INTERACTION] A-P-A <-> A-P-C-P-A = 0.2220
[INFO] 2026-05-28 15:54:54,225 - [INTERACTION] A-P-T-P-A <-> A-P-A = 0.1431
[INFO] 2026-05-28 15:54:54,228 - [INTERACTION] A-P-T-P-A <-> A-P-C-P-A = 0.1049
[INFO] 2026-05-28 15:54:54,233 - [INTERACTION] A-P-C-P-A <-> A-P-A = 0.2220
[INFO] 2026-05-28 15:54:54,235 - [INTERACTION] A-P-C-P-A <-> A-P-T-P-A = 0.1049
[INFO] 2026-05-28 15:54:55,301 - MASSE consensus nodes=6933 edges=78199
[INFO] 2026-05-28 15:54:56,574 - MASSE communities=100
[INFO] 2026-05-28 15:54:56,798 - [MASSE] Expanding 0
[INFO] 2026-05-28 15:55:05,033 - [MASSE] Expanding 1
[INFO] 2026-05-28 15:55:08,804 - [MASSE] Expanding 2
[INFO] 2026-05-28 15:55:13,950 - [MASSE] Expanding 3
[INFO] 2026-05-28 15:55:17,036 - [MASSE] Expanding 4
[INFO] 2026-05-28 15:55:17,311 - [MASSE] Expanding 5
[INFO] 2026-05-28 15:55:17,591 - [MASSE] Expanding 6
[INFO] 2026-05-28 15:55:17,849 - [MASSE] Expanding 7
[INFO] 2026-05-28 15:55:18,117 - [MASSE] Expanding 8
[INFO] 2026-05-28 15:55:18,389 - [MASSE] Expanding 9
[INFO] 2026-05-28 15:55:18,650 - [MASSE] Expanding 10
[INFO] 2026-05-28 15:55:18,917 - [MASSE] Expanding 11
[INFO] 2026-05-28 15:55:19,200 - [MASSE] Expanding 12
[INFO] 2026-05-28 15:55:19,480 - [MASSE] Expanding 13
[INFO] 2026-05-28 15:55:19,771 - [MASSE] Expanding 14
[INFO] 2026-05-28 15:55:20,062 - [MASSE] Expanding 15
[INFO] 2026-05-28 15:55:20,358 - [MASSE] Expanding 16
[INFO] 2026-05-28 15:55:20,629 - [MASSE] Expanding 17
[INFO] 2026-05-28 15:55:20,905 - [MASSE] Expanding 18
[INFO] 2026-05-28 15:55:21,176 - [MASSE] Expanding 19
[INFO] 2026-05-28 15:55:21,438 - [MASSE] Expanding 20
[INFO] 2026-05-28 15:55:21,709 - [MASSE] Expanding 21
[INFO] 2026-05-28 15:55:21,977 - [MASSE] Expanding 22
[INFO] 2026-05-28 15:55:22,240 - [MASSE] Expanding 23
[INFO] 2026-05-28 15:55:22,500 - [MASSE] Expanding 24
[INFO] 2026-05-28 15:55:22,767 - [MASSE] Expanding 25
[INFO] 2026-05-28 15:55:23,052 - [MASSE] Expanding 26
[INFO] 2026-05-28 15:55:23,333 - [MASSE] Expanding 27
[INFO] 2026-05-28 15:55:23,593 - [MASSE] Expanding 28
[INFO] 2026-05-28 15:55:23,868 - [MASSE] Expanding 29
[INFO] 2026-05-28 15:55:24,136 - [MASSE] Expanding 30
[INFO] 2026-05-28 15:55:24,396 - [MASSE] Expanding 31
[INFO] 2026-05-28 15:55:24,649 - [MASSE] Expanding 32
[INFO] 2026-05-28 15:55:24,904 - [MASSE] Expanding 33
[INFO] 2026-05-28 15:55:25,166 - [MASSE] Expanding 34
[INFO] 2026-05-28 15:55:25,421 - [MASSE] Expanding 35
[INFO] 2026-05-28 15:55:25,684 - [MASSE] Expanding 36
[INFO] 2026-05-28 15:55:25,932 - [MASSE] Expanding 37
[INFO] 2026-05-28 15:55:26,231 - [MASSE] Expanding 38
[INFO] 2026-05-28 15:55:26,477 - [MASSE] Expanding 39
[INFO] 2026-05-28 15:55:26,723 - [MASSE] Expanding 40
[INFO] 2026-05-28 15:55:26,976 - [MASSE] Expanding 41
[INFO] 2026-05-28 15:55:27,217 - [MASSE] Expanding 42
[INFO] 2026-05-28 15:55:27,473 - [MASSE] Expanding 43
[INFO] 2026-05-28 15:55:27,722 - [MASSE] Expanding 44
[INFO] 2026-05-28 15:55:27,973 - [MASSE] Expanding 45
[INFO] 2026-05-28 15:55:28,234 - [MASSE] Expanding 46
[INFO] 2026-05-28 15:55:28,495 - [MASSE] Expanding 47
[INFO] 2026-05-28 15:55:28,756 - [MASSE] Expanding 48
[INFO] 2026-05-28 15:55:29,012 - [MASSE] Expanding 49
[INFO] 2026-05-28 15:55:29,272 - [MASSE] Expanding 50
[INFO] 2026-05-28 15:55:29,532 - [MASSE] Expanding 51
[INFO] 2026-05-28 15:55:29,794 - [MASSE] Expanding 52
[INFO] 2026-05-28 15:55:30,050 - [MASSE] Expanding 53
[INFO] 2026-05-28 15:55:30,300 - [MASSE] Expanding 54
[INFO] 2026-05-28 15:55:30,562 - [MASSE] Expanding 55
[INFO] 2026-05-28 15:55:30,819 - [MASSE] Expanding 56
[INFO] 2026-05-28 15:55:31,078 - [MASSE] Expanding 57
[INFO] 2026-05-28 15:55:31,325 - [MASSE] Expanding 58
[INFO] 2026-05-28 15:55:31,572 - [MASSE] Expanding 59
[INFO] 2026-05-28 15:55:31,828 - [MASSE] Expanding 60
[INFO] 2026-05-28 15:55:32,091 - [MASSE] Expanding 61
[INFO] 2026-05-28 15:55:32,357 - [MASSE] Expanding 62
[INFO] 2026-05-28 15:55:32,620 - [MASSE] Expanding 63
[INFO] 2026-05-28 15:55:32,870 - [MASSE] Expanding 64
[INFO] 2026-05-28 15:55:33,123 - [MASSE] Expanding 65
[INFO] 2026-05-28 15:55:33,364 - [MASSE] Expanding 66
[INFO] 2026-05-28 15:55:33,614 - [MASSE] Expanding 67
[INFO] 2026-05-28 15:55:33,858 - [MASSE] Expanding 68
[INFO] 2026-05-28 15:55:34,106 - [MASSE] Expanding 69
[INFO] 2026-05-28 15:55:34,360 - [MASSE] Expanding 70
[INFO] 2026-05-28 15:55:34,614 - [MASSE] Expanding 71
[INFO] 2026-05-28 15:55:34,868 - [MASSE] Expanding 72
[INFO] 2026-05-28 15:55:35,119 - [MASSE] Expanding 73
[INFO] 2026-05-28 15:55:35,366 - [MASSE] Expanding 74
[INFO] 2026-05-28 15:55:35,610 - [MASSE] Expanding 75
[INFO] 2026-05-28 15:55:35,856 - [MASSE] Expanding 76
[INFO] 2026-05-28 15:55:36,109 - [MASSE] Expanding 77
[INFO] 2026-05-28 15:55:36,350 - [MASSE] Expanding 78
[INFO] 2026-05-28 15:55:36,599 - [MASSE] Expanding 79
[INFO] 2026-05-28 15:55:36,851 - [MASSE] Expanding 80
[INFO] 2026-05-28 15:55:37,119 - [MASSE] Expanding 81
[INFO] 2026-05-28 15:55:37,372 - [MASSE] Expanding 82
[INFO] 2026-05-28 15:55:37,627 - [MASSE] Expanding 83
[INFO] 2026-05-28 15:55:37,880 - [MASSE] Expanding 84
[INFO] 2026-05-28 15:55:38,126 - [MASSE] Expanding 85
[INFO] 2026-05-28 15:55:38,370 - [MASSE] Expanding 86
[INFO] 2026-05-28 15:55:38,613 - [MASSE] Expanding 87
[INFO] 2026-05-28 15:55:38,857 - [MASSE] Expanding 88
[INFO] 2026-05-28 15:55:39,113 - [MASSE] Expanding 89
[INFO] 2026-05-28 15:55:39,367 - [MASSE] Expanding 90
[INFO] 2026-05-28 15:55:39,621 - [MASSE] Expanding 91
[INFO] 2026-05-28 15:55:39,873 - [MASSE] Expanding 92
[INFO] 2026-05-28 15:55:40,124 - [MASSE] Expanding 93
[INFO] 2026-05-28 15:55:40,378 - [MASSE] Expanding 94
[INFO] 2026-05-28 15:55:40,626 - [MASSE] Expanding 95
[INFO] 2026-05-28 15:55:40,876 - [MASSE] Expanding 96
[INFO] 2026-05-28 15:55:41,133 - [MASSE] Expanding 97
[INFO] 2026-05-28 15:55:41,394 - [MASSE] Expanding 98
[INFO] 2026-05-28 15:55:41,648 - [MASSE] Expanding 99
[INFO] 2026-05-28 15:55:42,294 - [EVAL] Modularity=0.6028
[INFO] 2026-05-28 15:55:42,294 - [EVAL] Surprise=0.0000
[INFO] 2026-05-28 15:55:42,294 - [EVAL] Keyword coherence=0.0000
[INFO] 2026-05-28 15:55:42,295 - [EVAL] Community stats={'num_communities': 100, 'avg_size': 382.82, 'max_size': 13111, 'min_size': 4}
[INFO] 2026-05-28 15:55:42,305 - [NMI DEBUG] matched_nodes=3080
[INFO] 2026-05-28 15:55:42,308 - [NMI] 0.6047
[INFO] 2026-05-28 15:55:42,314 - [NMI DEBUG] matched_nodes=64
[INFO] 2026-05-28 15:55:42,315 - [NMI] 0.4761
[INFO] 2026-05-28 15:55:42,320 - [NMI DEBUG] matched_nodes=20
[INFO] 2026-05-28 15:55:42,321 - [NMI] 0.3723
[INFO] 2026-05-28 15:55:42,322 - Saved communities...
