[INFO] 2026-05-28 15:09:06,603 - [MATRIX] writes shape=(14376, 14475)
[INFO] 2026-05-28 15:09:06,638 - [MATRIX] be_written shape=(14475, 14376)
[INFO] 2026-05-28 15:09:06,650 - [MATRIX] published_in shape=(14376, 20)
[INFO] 2026-05-28 15:09:06,661 - [MATRIX] publish shape=(20, 14376)
[INFO] 2026-05-28 15:09:06,751 - [MATRIX] has_term shape=(14376, 8920)
[INFO] 2026-05-28 15:09:06,842 - [MATRIX] term_in shape=(8920, 14376)
[INFO] 2026-05-28 15:09:06,914 - 
========== Building A-P-A ==========
[INFO] 2026-05-28 15:09:06,920 - A-P-A matrix shape=(14475, 14475)
[INFO] 2026-05-28 15:09:07,072 - A-P-A nodes=5264 edges=8789 total_weight=51362.0000
[INFO] 2026-05-28 15:09:07,074 - 
========== Building A-P-T-P-A ==========
[INFO] 2026-05-28 15:09:18,063 - A-P-T-P-A matrix shape=(14475, 14475)
[INFO] 2026-05-28 15:09:48,022 - A-P-T-P-A nodes=86 edges=351 total_weight=699532.0000
[INFO] 2026-05-28 15:09:48,022 - 
========== Building A-P-C-P-A ==========
[INFO] 2026-05-28 15:09:50,533 - A-P-C-P-A matrix shape=(14475, 14475)
[INFO] 2026-05-28 15:10:00,750 - A-P-C-P-A nodes=5689 edges=92426 total_weight=6194038.0000
[INFO] 2026-05-28 15:10:00,802 - 
========== MASSE Reliability ==========
[INFO] 2026-05-28 15:10:00,813 - A-P-A reliability=0.100661
[INFO] 2026-05-28 15:10:00,813 - A-P-T-P-A reliability=0.147091
[INFO] 2026-05-28 15:10:00,874 - A-P-C-P-A reliability=0.081947
[INFO] 2026-05-28 15:10:03,048 - [INTERACTION] A-P-A <-> A-P-T-P-A = 0.1600
[INFO] 2026-05-28 15:10:03,054 - [INTERACTION] A-P-A <-> A-P-C-P-A = 0.2240
[INFO] 2026-05-28 15:10:03,056 - [INTERACTION] A-P-T-P-A <-> A-P-A = 0.1600
[INFO] 2026-05-28 15:10:03,059 - [INTERACTION] A-P-T-P-A <-> A-P-C-P-A = 0.1159
[INFO] 2026-05-28 15:10:03,064 - [INTERACTION] A-P-C-P-A <-> A-P-A = 0.2240
[INFO] 2026-05-28 15:10:03,067 - [INTERACTION] A-P-C-P-A <-> A-P-T-P-A = 0.1159
[INFO] 2026-05-28 15:10:04,208 - MASSE consensus nodes=6933 edges=78833
[INFO] 2026-05-28 15:10:05,449 - MASSE communities=99
[INFO] 2026-05-28 15:10:05,677 - [MASSE] Expanding 0
[INFO] 2026-05-28 15:10:13,385 - [MASSE] Expanding 1
[INFO] 2026-05-28 15:10:17,417 - [MASSE] Expanding 2
[INFO] 2026-05-28 15:10:23,020 - [MASSE] Expanding 3
[INFO] 2026-05-28 15:10:26,158 - [MASSE] Expanding 4
[INFO] 2026-05-28 15:10:26,436 - [MASSE] Expanding 5
[INFO] 2026-05-28 15:10:26,728 - [MASSE] Expanding 6
[INFO] 2026-05-28 15:10:26,997 - [MASSE] Expanding 7
[INFO] 2026-05-28 15:10:27,274 - [MASSE] Expanding 8
[INFO] 2026-05-28 15:10:27,550 - [MASSE] Expanding 9
[INFO] 2026-05-28 15:10:27,836 - [MASSE] Expanding 10
[INFO] 2026-05-28 15:10:28,109 - [MASSE] Expanding 11
[INFO] 2026-05-28 15:10:28,379 - [MASSE] Expanding 12
[INFO] 2026-05-28 15:10:28,648 - [MASSE] Expanding 13
[INFO] 2026-05-28 15:10:28,915 - [MASSE] Expanding 14
[INFO] 2026-05-28 15:10:29,176 - [MASSE] Expanding 15
[INFO] 2026-05-28 15:10:29,453 - [MASSE] Expanding 16
[INFO] 2026-05-28 15:10:29,715 - [MASSE] Expanding 17
[INFO] 2026-05-28 15:10:29,965 - [MASSE] Expanding 18
[INFO] 2026-05-28 15:10:30,226 - [MASSE] Expanding 19
[INFO] 2026-05-28 15:10:30,482 - [MASSE] Expanding 20
[INFO] 2026-05-28 15:10:30,737 - [MASSE] Expanding 21
[INFO] 2026-05-28 15:10:31,001 - [MASSE] Expanding 22
[INFO] 2026-05-28 15:10:31,272 - [MASSE] Expanding 23
[INFO] 2026-05-28 15:10:31,525 - [MASSE] Expanding 24
[INFO] 2026-05-28 15:10:31,781 - [MASSE] Expanding 25
[INFO] 2026-05-28 15:10:32,037 - [MASSE] Expanding 26
[INFO] 2026-05-28 15:10:32,298 - [MASSE] Expanding 27
[INFO] 2026-05-28 15:10:32,552 - [MASSE] Expanding 28
[INFO] 2026-05-28 15:10:32,808 - [MASSE] Expanding 29
[INFO] 2026-05-28 15:10:33,075 - [MASSE] Expanding 30
[INFO] 2026-05-28 15:10:33,345 - [MASSE] Expanding 31
[INFO] 2026-05-28 15:10:33,601 - [MASSE] Expanding 32
[INFO] 2026-05-28 15:10:33,861 - [MASSE] Expanding 33
[INFO] 2026-05-28 15:10:34,122 - [MASSE] Expanding 34
[INFO] 2026-05-28 15:10:34,383 - [MASSE] Expanding 35
[INFO] 2026-05-28 15:10:34,644 - [MASSE] Expanding 36
[INFO] 2026-05-28 15:10:34,909 - [MASSE] Expanding 37
[INFO] 2026-05-28 15:10:35,176 - [MASSE] Expanding 38
[INFO] 2026-05-28 15:10:35,441 - [MASSE] Expanding 39
[INFO] 2026-05-28 15:10:35,700 - [MASSE] Expanding 40
[INFO] 2026-05-28 15:10:35,973 - [MASSE] Expanding 41
[INFO] 2026-05-28 15:10:36,236 - [MASSE] Expanding 42
[INFO] 2026-05-28 15:10:36,496 - [MASSE] Expanding 43
[INFO] 2026-05-28 15:10:36,751 - [MASSE] Expanding 44
[INFO] 2026-05-28 15:10:37,003 - [MASSE] Expanding 45
[INFO] 2026-05-28 15:10:37,261 - [MASSE] Expanding 46
[INFO] 2026-05-28 15:10:37,532 - [MASSE] Expanding 47
[INFO] 2026-05-28 15:10:37,785 - [MASSE] Expanding 48
[INFO] 2026-05-28 15:10:38,033 - [MASSE] Expanding 49
[INFO] 2026-05-28 15:10:38,289 - [MASSE] Expanding 50
[INFO] 2026-05-28 15:10:38,548 - [MASSE] Expanding 51
[INFO] 2026-05-28 15:10:38,798 - [MASSE] Expanding 52
[INFO] 2026-05-28 15:10:39,051 - [MASSE] Expanding 53
[INFO] 2026-05-28 15:10:39,303 - [MASSE] Expanding 54
[INFO] 2026-05-28 15:10:39,559 - [MASSE] Expanding 55
[INFO] 2026-05-28 15:10:39,829 - [MASSE] Expanding 56
[INFO] 2026-05-28 15:10:40,087 - [MASSE] Expanding 57
[INFO] 2026-05-28 15:10:40,351 - [MASSE] Expanding 58
[INFO] 2026-05-28 15:10:40,627 - [MASSE] Expanding 59
[INFO] 2026-05-28 15:10:40,892 - [MASSE] Expanding 60
[INFO] 2026-05-28 15:10:41,146 - [MASSE] Expanding 61
[INFO] 2026-05-28 15:10:41,395 - [MASSE] Expanding 62
[INFO] 2026-05-28 15:10:41,650 - [MASSE] Expanding 63
[INFO] 2026-05-28 15:10:41,905 - [MASSE] Expanding 64
[INFO] 2026-05-28 15:10:42,150 - [MASSE] Expanding 65
[INFO] 2026-05-28 15:10:42,403 - [MASSE] Expanding 66
[INFO] 2026-05-28 15:10:42,662 - [MASSE] Expanding 67
[INFO] 2026-05-28 15:10:42,929 - [MASSE] Expanding 68
[INFO] 2026-05-28 15:10:43,176 - [MASSE] Expanding 69
[INFO] 2026-05-28 15:10:43,423 - [MASSE] Expanding 70
[INFO] 2026-05-28 15:10:43,664 - [MASSE] Expanding 71
[INFO] 2026-05-28 15:10:43,922 - [MASSE] Expanding 72
[INFO] 2026-05-28 15:10:44,190 - [MASSE] Expanding 73
[INFO] 2026-05-28 15:10:44,444 - [MASSE] Expanding 74
[INFO] 2026-05-28 15:10:44,704 - [MASSE] Expanding 75
[INFO] 2026-05-28 15:10:44,964 - [MASSE] Expanding 76
[INFO] 2026-05-28 15:10:45,221 - [MASSE] Expanding 77
[INFO] 2026-05-28 15:10:45,475 - [MASSE] Expanding 78
[INFO] 2026-05-28 15:10:45,729 - [MASSE] Expanding 79
[INFO] 2026-05-28 15:10:45,982 - [MASSE] Expanding 80
[INFO] 2026-05-28 15:10:46,249 - [MASSE] Expanding 81
[INFO] 2026-05-28 15:10:46,500 - [MASSE] Expanding 82
[INFO] 2026-05-28 15:10:46,755 - [MASSE] Expanding 83
[INFO] 2026-05-28 15:10:47,008 - [MASSE] Expanding 84
[INFO] 2026-05-28 15:10:47,264 - [MASSE] Expanding 85
[INFO] 2026-05-28 15:10:47,521 - [MASSE] Expanding 86
[INFO] 2026-05-28 15:10:47,775 - [MASSE] Expanding 87
[INFO] 2026-05-28 15:10:48,023 - [MASSE] Expanding 88
[INFO] 2026-05-28 15:10:48,275 - [MASSE] Expanding 89
[INFO] 2026-05-28 15:10:48,529 - [MASSE] Expanding 90
[INFO] 2026-05-28 15:10:48,769 - [MASSE] Expanding 91
[INFO] 2026-05-28 15:10:49,020 - [MASSE] Expanding 92
[INFO] 2026-05-28 15:10:49,267 - [MASSE] Expanding 93
[INFO] 2026-05-28 15:10:49,514 - [MASSE] Expanding 94
[INFO] 2026-05-28 15:10:49,762 - [MASSE] Expanding 95
[INFO] 2026-05-28 15:10:50,023 - [MASSE] Expanding 96
[INFO] 2026-05-28 15:10:50,268 - [MASSE] Expanding 97
[INFO] 2026-05-28 15:10:50,531 - [MASSE] Expanding 98
[INFO] 2026-05-28 15:10:51,177 - [EVAL] Modularity=0.5517
[INFO] 2026-05-28 15:10:51,177 - [EVAL] Surprise=0.0000
[INFO] 2026-05-28 15:10:51,177 - [EVAL] Keyword coherence=0.0000
[INFO] 2026-05-28 15:10:51,177 - [EVAL] Community stats={'num_communities': 99, 'avg_size': 385.85858585858585, 'max_size': 12493, 'min_size': 4}
[INFO] 2026-05-28 15:10:51,187 - [NMI DEBUG] matched_nodes=3080
[INFO] 2026-05-28 15:10:51,190 - [NMI] 0.6079
[INFO] 2026-05-28 15:10:51,196 - [NMI DEBUG] matched_nodes=64
[INFO] 2026-05-28 15:10:51,198 - [NMI] 0.4761
[INFO] 2026-05-28 15:10:51,202 - [NMI DEBUG] matched_nodes=20
[INFO] 2026-05-28 15:10:51,203 - [NMI] 0.3723
[INFO] 2026-05-28 15:10:51,204 - Saved communities...
