[INFO] 2026-05-31 22:13:31,608 - [MATRIX] writes shape=(14376, 14475)
[INFO] 2026-05-31 22:13:31,659 - [MATRIX] be_written shape=(14475, 14376)
[INFO] 2026-05-31 22:13:31,676 - [MATRIX] published_in shape=(14376, 20)
[INFO] 2026-05-31 22:13:31,692 - [MATRIX] publish shape=(20, 14376)
[INFO] 2026-05-31 22:13:31,822 - [MATRIX] has_term shape=(14376, 8920)
[INFO] 2026-05-31 22:13:31,949 - [MATRIX] term_in shape=(8920, 14376)
[INFO] 2026-05-31 22:13:32,016 - 
========== Building A-P-A ==========
[INFO] 2026-05-31 22:13:32,022 - A-P-A matrix shape=(14475, 14475)
[INFO] 2026-05-31 22:13:32,187 - A-P-A nodes=5264 edges=8789 total_weight=51362.0000
[INFO] 2026-05-31 22:13:32,190 - 
========== Building A-P-T-P-A ==========
[INFO] 2026-05-31 22:13:45,828 - A-P-T-P-A matrix shape=(14475, 14475)
[INFO] 2026-05-31 22:14:43,416 - A-P-T-P-A nodes=86 edges=351 total_weight=699532.0000
[INFO] 2026-05-31 22:14:43,416 - 
========== Building A-P-C-P-A ==========
[INFO] 2026-05-31 22:14:46,464 - A-P-C-P-A matrix shape=(14475, 14475)
[INFO] 2026-05-31 22:15:05,738 - A-P-C-P-A nodes=5689 edges=92426 total_weight=6194038.0000
[INFO] 2026-05-31 22:15:05,824 - 
========== MASSE Reliability ==========
[INFO] 2026-05-31 22:15:05,843 - A-P-A reliability=0.100661
[INFO] 2026-05-31 22:15:05,843 - A-P-T-P-A reliability=0.147091
[INFO] 2026-05-31 22:15:05,989 - A-P-C-P-A reliability=0.081947
[INFO] 2026-05-31 22:15:09,874 - [INTERACTION] A-P-A <-> A-P-T-P-A = 0.1916
[INFO] 2026-05-31 22:15:09,883 - [INTERACTION] A-P-A <-> A-P-C-P-A = 0.2275
[INFO] 2026-05-31 22:15:09,886 - [INTERACTION] A-P-T-P-A <-> A-P-A = 0.1916
[INFO] 2026-05-31 22:15:09,889 - [INTERACTION] A-P-T-P-A <-> A-P-C-P-A = 0.0591
[INFO] 2026-05-31 22:15:09,897 - [INTERACTION] A-P-C-P-A <-> A-P-A = 0.2275
[INFO] 2026-05-31 22:15:09,900 - [INTERACTION] A-P-C-P-A <-> A-P-T-P-A = 0.0591
[INFO] 2026-05-31 22:15:10,376 - [SUBSPACE] {1: ['A-P-A', 'A-P-C-P-A'], 0: ['A-P-T-P-A']}
[INFO] 2026-05-31 22:15:10,377 - [LOCAL] Subspace 1: ['A-P-A', 'A-P-C-P-A']
[INFO] 2026-05-31 22:15:14,037 - [LOCAL] communities=106
[INFO] 2026-05-31 22:15:14,038 - [LOCAL] Subspace 0: ['A-P-T-P-A']
[INFO] 2026-05-31 22:15:14,052 - [LOCAL] communities=3
[INFO] 2026-05-31 22:15:35,518 - MASSE consensus nodes=6933 edges=5707674
[INFO] 2026-05-31 22:17:40,727 - MASSE communities=106
[INFO] 2026-05-31 22:17:47,495 - [MASSE] Expanding 0
[INFO] 2026-05-31 22:17:49,122 - [MASSE] Expanding 1
[INFO] 2026-05-31 22:17:50,694 - [MASSE] Expanding 2
[INFO] 2026-05-31 22:17:51,472 - [MASSE] Expanding 3
[INFO] 2026-05-31 22:17:52,065 - [MASSE] Expanding 4
[INFO] 2026-05-31 22:17:52,586 - [MASSE] Expanding 5
[INFO] 2026-05-31 22:17:52,984 - [MASSE] Expanding 6
[INFO] 2026-05-31 22:17:53,391 - [MASSE] Expanding 7
[INFO] 2026-05-31 22:17:53,794 - [MASSE] Expanding 8
[INFO] 2026-05-31 22:17:54,191 - [MASSE] Expanding 9
[INFO] 2026-05-31 22:17:54,592 - [MASSE] Expanding 10
[INFO] 2026-05-31 22:17:54,990 - [MASSE] Expanding 11
[INFO] 2026-05-31 22:17:55,388 - [MASSE] Expanding 12
[INFO] 2026-05-31 22:17:55,785 - [MASSE] Expanding 13
[INFO] 2026-05-31 22:17:56,188 - [MASSE] Expanding 14
[INFO] 2026-05-31 22:17:56,593 - [MASSE] Expanding 15
[INFO] 2026-05-31 22:17:56,996 - [MASSE] Expanding 16
[INFO] 2026-05-31 22:17:57,402 - [MASSE] Expanding 17
[INFO] 2026-05-31 22:17:57,804 - [MASSE] Expanding 18
[INFO] 2026-05-31 22:17:58,201 - [MASSE] Expanding 19
[INFO] 2026-05-31 22:17:58,598 - [MASSE] Expanding 20
[INFO] 2026-05-31 22:17:58,998 - [MASSE] Expanding 21
[INFO] 2026-05-31 22:17:59,399 - [MASSE] Expanding 22
[INFO] 2026-05-31 22:17:59,800 - [MASSE] Expanding 23
[INFO] 2026-05-31 22:18:00,201 - [MASSE] Expanding 24
[INFO] 2026-05-31 22:18:00,602 - [MASSE] Expanding 25
[INFO] 2026-05-31 22:18:01,000 - [MASSE] Expanding 26
[INFO] 2026-05-31 22:18:01,400 - [MASSE] Expanding 27
[INFO] 2026-05-31 22:18:01,804 - [MASSE] Expanding 28
[INFO] 2026-05-31 22:18:02,206 - [MASSE] Expanding 29
[INFO] 2026-05-31 22:18:02,608 - [MASSE] Expanding 30
[INFO] 2026-05-31 22:18:03,008 - [MASSE] Expanding 31
[INFO] 2026-05-31 22:18:03,410 - [MASSE] Expanding 32
[INFO] 2026-05-31 22:18:03,813 - [MASSE] Expanding 33
[INFO] 2026-05-31 22:18:04,232 - [MASSE] Expanding 34
[INFO] 2026-05-31 22:18:04,648 - [MASSE] Expanding 35
[INFO] 2026-05-31 22:18:05,061 - [MASSE] Expanding 36
[INFO] 2026-05-31 22:18:05,474 - [MASSE] Expanding 37
[INFO] 2026-05-31 22:18:05,893 - [MASSE] Expanding 38
[INFO] 2026-05-31 22:18:06,297 - [MASSE] Expanding 39
[INFO] 2026-05-31 22:18:06,694 - [MASSE] Expanding 40
[INFO] 2026-05-31 22:18:07,096 - [MASSE] Expanding 41
[INFO] 2026-05-31 22:18:07,498 - [MASSE] Expanding 42
[INFO] 2026-05-31 22:18:07,899 - [MASSE] Expanding 43
[INFO] 2026-05-31 22:18:08,299 - [MASSE] Expanding 44
[INFO] 2026-05-31 22:18:08,699 - [MASSE] Expanding 45
[INFO] 2026-05-31 22:18:09,098 - [MASSE] Expanding 46
[INFO] 2026-05-31 22:18:09,498 - [MASSE] Expanding 47
[INFO] 2026-05-31 22:18:09,905 - [MASSE] Expanding 48
[INFO] 2026-05-31 22:18:10,305 - [MASSE] Expanding 49
[INFO] 2026-05-31 22:18:10,703 - [MASSE] Expanding 50
[INFO] 2026-05-31 22:18:11,105 - [MASSE] Expanding 51
[INFO] 2026-05-31 22:18:11,506 - [MASSE] Expanding 52
[INFO] 2026-05-31 22:18:11,907 - [MASSE] Expanding 53
[INFO] 2026-05-31 22:18:12,308 - [MASSE] Expanding 54
[INFO] 2026-05-31 22:18:12,707 - [MASSE] Expanding 55
[INFO] 2026-05-31 22:18:13,104 - [MASSE] Expanding 56
[INFO] 2026-05-31 22:18:13,505 - [MASSE] Expanding 57
[INFO] 2026-05-31 22:18:13,904 - [MASSE] Expanding 58
[INFO] 2026-05-31 22:18:14,308 - [MASSE] Expanding 59
[INFO] 2026-05-31 22:18:14,708 - [MASSE] Expanding 60
[INFO] 2026-05-31 22:18:15,110 - [MASSE] Expanding 61
[INFO] 2026-05-31 22:18:15,513 - [MASSE] Expanding 62
[INFO] 2026-05-31 22:18:15,914 - [MASSE] Expanding 63
[INFO] 2026-05-31 22:18:16,313 - [MASSE] Expanding 64
[INFO] 2026-05-31 22:18:16,712 - [MASSE] Expanding 65
[INFO] 2026-05-31 22:18:17,113 - [MASSE] Expanding 66
[INFO] 2026-05-31 22:18:17,514 - [MASSE] Expanding 67
[INFO] 2026-05-31 22:18:17,909 - [MASSE] Expanding 68
[INFO] 2026-05-31 22:18:18,310 - [MASSE] Expanding 69
[INFO] 2026-05-31 22:18:18,707 - [MASSE] Expanding 70
[INFO] 2026-05-31 22:18:19,108 - [MASSE] Expanding 71
[INFO] 2026-05-31 22:18:19,513 - [MASSE] Expanding 72
[INFO] 2026-05-31 22:18:19,917 - [MASSE] Expanding 73
[INFO] 2026-05-31 22:18:20,317 - [MASSE] Expanding 74
[INFO] 2026-05-31 22:18:20,717 - [MASSE] Expanding 75
[INFO] 2026-05-31 22:18:21,115 - [MASSE] Expanding 76
[INFO] 2026-05-31 22:18:21,511 - [MASSE] Expanding 77
[INFO] 2026-05-31 22:18:21,909 - [MASSE] Expanding 78
[INFO] 2026-05-31 22:18:22,315 - [MASSE] Expanding 79
[INFO] 2026-05-31 22:18:22,718 - [MASSE] Expanding 80
[INFO] 2026-05-31 22:18:23,115 - [MASSE] Expanding 81
[INFO] 2026-05-31 22:18:23,514 - [MASSE] Expanding 82
[INFO] 2026-05-31 22:18:23,912 - [MASSE] Expanding 83
[INFO] 2026-05-31 22:18:24,312 - [MASSE] Expanding 84
[INFO] 2026-05-31 22:18:24,710 - [MASSE] Expanding 85
[INFO] 2026-05-31 22:18:25,111 - [MASSE] Expanding 86
[INFO] 2026-05-31 22:18:25,513 - [MASSE] Expanding 87
[INFO] 2026-05-31 22:18:25,917 - [MASSE] Expanding 88
[INFO] 2026-05-31 22:18:26,319 - [MASSE] Expanding 89
[INFO] 2026-05-31 22:18:26,724 - [MASSE] Expanding 90
[INFO] 2026-05-31 22:18:27,125 - [MASSE] Expanding 91
[INFO] 2026-05-31 22:18:27,521 - [MASSE] Expanding 92
[INFO] 2026-05-31 22:18:27,922 - [MASSE] Expanding 93
[INFO] 2026-05-31 22:18:28,325 - [MASSE] Expanding 94
[INFO] 2026-05-31 22:18:28,727 - [MASSE] Expanding 95
[INFO] 2026-05-31 22:18:29,125 - [MASSE] Expanding 96
[INFO] 2026-05-31 22:18:29,524 - [MASSE] Expanding 97
[INFO] 2026-05-31 22:18:29,924 - [MASSE] Expanding 98
[INFO] 2026-05-31 22:18:30,324 - [MASSE] Expanding 99
[INFO] 2026-05-31 22:18:30,730 - [MASSE] Expanding 100
[INFO] 2026-05-31 22:18:31,132 - [MASSE] Expanding 101
[INFO] 2026-05-31 22:18:31,535 - [MASSE] Expanding 102
[INFO] 2026-05-31 22:18:31,936 - [MASSE] Expanding 103
[INFO] 2026-05-31 22:18:32,338 - [MASSE] Expanding 104
[INFO] 2026-05-31 22:18:32,739 - [MASSE] Expanding 105
[INFO] 2026-05-31 22:18:48,959 - [EVAL] Modularity=0.6689
[INFO] 2026-05-31 22:18:48,960 - [EVAL] Surprise=0.0000
[INFO] 2026-05-31 22:18:48,960 - [EVAL] Keyword coherence=0.0000
[INFO] 2026-05-31 22:18:48,960 - [EVAL] Community stats={'num_communities': 106, 'avg_size': 65.40566037735849, 'max_size': 2138, 'min_size': 2}
[INFO] 2026-05-31 22:18:48,968 - [NMI DEBUG] matched_nodes=3080
[INFO] 2026-05-31 22:18:48,973 - [NMI] 0.5889
[INFO] 2026-05-31 22:18:48,975 - [NMI DEBUG] matched_nodes=0
[INFO] 2026-05-31 22:18:48,977 - [NMI DEBUG] matched_nodes=0
[INFO] 2026-05-31 22:18:48,978 - Saved communities...
