[INFO] 2026-05-28 15:39:36,972 - [MATRIX] writes shape=(14376, 14475)
[INFO] 2026-05-28 15:39:37,005 - [MATRIX] be_written shape=(14475, 14376)
[INFO] 2026-05-28 15:39:37,017 - [MATRIX] published_in shape=(14376, 20)
[INFO] 2026-05-28 15:39:37,028 - [MATRIX] publish shape=(20, 14376)
[INFO] 2026-05-28 15:39:37,119 - [MATRIX] has_term shape=(14376, 8920)
[INFO] 2026-05-28 15:39:37,206 - [MATRIX] term_in shape=(8920, 14376)
[INFO] 2026-05-28 15:39:37,273 - 
========== Building A-P-A ==========
[INFO] 2026-05-28 15:39:37,279 - A-P-A matrix shape=(14475, 14475)
[INFO] 2026-05-28 15:39:37,431 - A-P-A nodes=5264 edges=8789 total_weight=51362.0000
[INFO] 2026-05-28 15:39:37,433 - 
========== Building A-P-T-P-A ==========
[INFO] 2026-05-28 15:39:48,102 - A-P-T-P-A matrix shape=(14475, 14475)
[INFO] 2026-05-28 15:40:17,874 - A-P-T-P-A nodes=86 edges=351 total_weight=699532.0000
[INFO] 2026-05-28 15:40:17,874 - 
========== Building A-P-C-P-A ==========
[INFO] 2026-05-28 15:40:20,423 - A-P-C-P-A matrix shape=(14475, 14475)
[INFO] 2026-05-28 15:40:30,667 - A-P-C-P-A nodes=5689 edges=92426 total_weight=6194038.0000
[INFO] 2026-05-28 15:40:30,722 - 
========== MASSE Reliability ==========
[INFO] 2026-05-28 15:40:30,732 - A-P-A reliability=0.200000
[INFO] 2026-05-28 15:40:30,732 - A-P-T-P-A reliability=0.200000
[INFO] 2026-05-28 15:40:30,795 - A-P-C-P-A reliability=0.200000
[INFO] 2026-05-28 15:40:32,889 - [INTERACTION] A-P-A <-> A-P-T-P-A = 0.1957
[INFO] 2026-05-28 15:40:32,895 - [INTERACTION] A-P-A <-> A-P-C-P-A = 0.2222
[INFO] 2026-05-28 15:40:32,897 - [INTERACTION] A-P-T-P-A <-> A-P-A = 0.1957
[INFO] 2026-05-28 15:40:32,900 - [INTERACTION] A-P-T-P-A <-> A-P-C-P-A = 0.0499
[INFO] 2026-05-28 15:40:32,906 - [INTERACTION] A-P-C-P-A <-> A-P-A = 0.2222
[INFO] 2026-05-28 15:40:32,909 - [INTERACTION] A-P-C-P-A <-> A-P-T-P-A = 0.0499
[INFO] 2026-05-28 15:40:34,058 - MASSE consensus nodes=6933 edges=79169
[INFO] 2026-05-28 15:40:35,356 - MASSE communities=107
[INFO] 2026-05-28 15:40:35,592 - [MASSE] Expanding 0
[INFO] 2026-05-28 15:40:43,060 - [MASSE] Expanding 1
[INFO] 2026-05-28 15:40:47,038 - [MASSE] Expanding 2
[INFO] 2026-05-28 15:40:52,264 - [MASSE] Expanding 3
[INFO] 2026-05-28 15:40:55,613 - [MASSE] Expanding 4
[INFO] 2026-05-28 15:40:55,872 - [MASSE] Expanding 5
[INFO] 2026-05-28 15:40:56,133 - [MASSE] Expanding 6
[INFO] 2026-05-28 15:40:56,405 - [MASSE] Expanding 7
[INFO] 2026-05-28 15:40:56,661 - [MASSE] Expanding 8
[INFO] 2026-05-28 15:40:56,923 - [MASSE] Expanding 9
[INFO] 2026-05-28 15:40:57,176 - [MASSE] Expanding 10
[INFO] 2026-05-28 15:40:57,444 - [MASSE] Expanding 11
[INFO] 2026-05-28 15:40:57,723 - [MASSE] Expanding 12
[INFO] 2026-05-28 15:40:57,996 - [MASSE] Expanding 13
[INFO] 2026-05-28 15:40:58,260 - [MASSE] Expanding 14
[INFO] 2026-05-28 15:40:58,530 - [MASSE] Expanding 15
[INFO] 2026-05-28 15:40:58,786 - [MASSE] Expanding 16
[INFO] 2026-05-28 15:40:59,046 - [MASSE] Expanding 17
[INFO] 2026-05-28 15:40:59,305 - [MASSE] Expanding 18
[INFO] 2026-05-28 15:40:59,563 - [MASSE] Expanding 19
[INFO] 2026-05-28 15:40:59,825 - [MASSE] Expanding 20
[INFO] 2026-05-28 15:41:00,091 - [MASSE] Expanding 21
[INFO] 2026-05-28 15:41:00,350 - [MASSE] Expanding 22
[INFO] 2026-05-28 15:41:00,610 - [MASSE] Expanding 23
[INFO] 2026-05-28 15:41:00,887 - [MASSE] Expanding 24
[INFO] 2026-05-28 15:41:01,149 - [MASSE] Expanding 25
[INFO] 2026-05-28 15:41:01,402 - [MASSE] Expanding 26
[INFO] 2026-05-28 15:41:01,663 - [MASSE] Expanding 27
[INFO] 2026-05-28 15:41:01,910 - [MASSE] Expanding 28
[INFO] 2026-05-28 15:41:02,175 - [MASSE] Expanding 29
[INFO] 2026-05-28 15:41:02,433 - [MASSE] Expanding 30
[INFO] 2026-05-28 15:41:02,696 - [MASSE] Expanding 31
[INFO] 2026-05-28 15:41:02,973 - [MASSE] Expanding 32
[INFO] 2026-05-28 15:41:03,238 - [MASSE] Expanding 33
[INFO] 2026-05-28 15:41:03,504 - [MASSE] Expanding 34
[INFO] 2026-05-28 15:41:03,777 - [MASSE] Expanding 35
[INFO] 2026-05-28 15:41:04,051 - [MASSE] Expanding 36
[INFO] 2026-05-28 15:41:04,331 - [MASSE] Expanding 37
[INFO] 2026-05-28 15:41:04,601 - [MASSE] Expanding 38
[INFO] 2026-05-28 15:41:04,863 - [MASSE] Expanding 39
[INFO] 2026-05-28 15:41:05,132 - [MASSE] Expanding 40
[INFO] 2026-05-28 15:41:05,396 - [MASSE] Expanding 41
[INFO] 2026-05-28 15:41:05,654 - [MASSE] Expanding 42
[INFO] 2026-05-28 15:41:05,917 - [MASSE] Expanding 43
[INFO] 2026-05-28 15:41:06,184 - [MASSE] Expanding 44
[INFO] 2026-05-28 15:41:06,455 - [MASSE] Expanding 45
[INFO] 2026-05-28 15:41:06,724 - [MASSE] Expanding 46
[INFO] 2026-05-28 15:41:06,991 - [MASSE] Expanding 47
[INFO] 2026-05-28 15:41:07,262 - [MASSE] Expanding 48
[INFO] 2026-05-28 15:41:07,515 - [MASSE] Expanding 49
[INFO] 2026-05-28 15:41:07,767 - [MASSE] Expanding 50
[INFO] 2026-05-28 15:41:08,013 - [MASSE] Expanding 51
[INFO] 2026-05-28 15:41:08,264 - [MASSE] Expanding 52
[INFO] 2026-05-28 15:41:08,515 - [MASSE] Expanding 53
[INFO] 2026-05-28 15:41:08,757 - [MASSE] Expanding 54
[INFO] 2026-05-28 15:41:09,002 - [MASSE] Expanding 55
[INFO] 2026-05-28 15:41:09,248 - [MASSE] Expanding 56
[INFO] 2026-05-28 15:41:09,516 - [MASSE] Expanding 57
[INFO] 2026-05-28 15:41:09,773 - [MASSE] Expanding 58
[INFO] 2026-05-28 15:41:10,022 - [MASSE] Expanding 59
[INFO] 2026-05-28 15:41:10,272 - [MASSE] Expanding 60
[INFO] 2026-05-28 15:41:10,523 - [MASSE] Expanding 61
[INFO] 2026-05-28 15:41:10,778 - [MASSE] Expanding 62
[INFO] 2026-05-28 15:41:11,032 - [MASSE] Expanding 63
[INFO] 2026-05-28 15:41:11,289 - [MASSE] Expanding 64
[INFO] 2026-05-28 15:41:11,556 - [MASSE] Expanding 65
[INFO] 2026-05-28 15:41:11,816 - [MASSE] Expanding 66
[INFO] 2026-05-28 15:41:12,080 - [MASSE] Expanding 67
[INFO] 2026-05-28 15:41:12,334 - [MASSE] Expanding 68
[INFO] 2026-05-28 15:41:12,585 - [MASSE] Expanding 69
[INFO] 2026-05-28 15:41:12,839 - [MASSE] Expanding 70
[INFO] 2026-05-28 15:41:13,096 - [MASSE] Expanding 71
[INFO] 2026-05-28 15:41:13,350 - [MASSE] Expanding 72
[INFO] 2026-05-28 15:41:13,611 - [MASSE] Expanding 73
[INFO] 2026-05-28 15:41:13,870 - [MASSE] Expanding 74
[INFO] 2026-05-28 15:41:14,117 - [MASSE] Expanding 75
[INFO] 2026-05-28 15:41:14,374 - [MASSE] Expanding 76
[INFO] 2026-05-28 15:41:14,626 - [MASSE] Expanding 77
[INFO] 2026-05-28 15:41:14,884 - [MASSE] Expanding 78
[INFO] 2026-05-28 15:41:15,142 - [MASSE] Expanding 79
[INFO] 2026-05-28 15:41:15,394 - [MASSE] Expanding 80
[INFO] 2026-05-28 15:41:15,641 - [MASSE] Expanding 81
[INFO] 2026-05-28 15:41:15,905 - [MASSE] Expanding 82
[INFO] 2026-05-28 15:41:16,162 - [MASSE] Expanding 83
[INFO] 2026-05-28 15:41:16,414 - [MASSE] Expanding 84
[INFO] 2026-05-28 15:41:16,663 - [MASSE] Expanding 85
[INFO] 2026-05-28 15:41:16,910 - [MASSE] Expanding 86
[INFO] 2026-05-28 15:41:17,155 - [MASSE] Expanding 87
[INFO] 2026-05-28 15:41:17,405 - [MASSE] Expanding 88
[INFO] 2026-05-28 15:41:17,652 - [MASSE] Expanding 89
[INFO] 2026-05-28 15:41:17,901 - [MASSE] Expanding 90
[INFO] 2026-05-28 15:41:18,160 - [MASSE] Expanding 91
[INFO] 2026-05-28 15:41:18,415 - [MASSE] Expanding 92
[INFO] 2026-05-28 15:41:18,668 - [MASSE] Expanding 93
[INFO] 2026-05-28 15:41:18,926 - [MASSE] Expanding 94
[INFO] 2026-05-28 15:41:19,180 - [MASSE] Expanding 95
[INFO] 2026-05-28 15:41:19,444 - [MASSE] Expanding 96
[INFO] 2026-05-28 15:41:19,698 - [MASSE] Expanding 97
[INFO] 2026-05-28 15:41:19,944 - [MASSE] Expanding 98
[INFO] 2026-05-28 15:41:20,196 - [MASSE] Expanding 99
[INFO] 2026-05-28 15:41:20,457 - [MASSE] Expanding 100
[INFO] 2026-05-28 15:41:20,701 - [MASSE] Expanding 101
[INFO] 2026-05-28 15:41:20,944 - [MASSE] Expanding 102
[INFO] 2026-05-28 15:41:21,189 - [MASSE] Expanding 103
[INFO] 2026-05-28 15:41:21,424 - [MASSE] Expanding 104
[INFO] 2026-05-28 15:41:21,685 - [MASSE] Expanding 105
[INFO] 2026-05-28 15:41:21,936 - [MASSE] Expanding 106
[INFO] 2026-05-28 15:41:22,575 - [EVAL] Modularity=0.6086
[INFO] 2026-05-28 15:41:22,575 - [EVAL] Surprise=0.0000
[INFO] 2026-05-28 15:41:22,575 - [EVAL] Keyword coherence=0.0000
[INFO] 2026-05-28 15:41:22,575 - [EVAL] Community stats={'num_communities': 107, 'avg_size': 358.42056074766356, 'max_size': 12256, 'min_size': 4}
[INFO] 2026-05-28 15:41:22,585 - [NMI DEBUG] matched_nodes=3080
[INFO] 2026-05-28 15:41:22,588 - [NMI] 0.6025
[INFO] 2026-05-28 15:41:22,593 - [NMI DEBUG] matched_nodes=64
[INFO] 2026-05-28 15:41:22,595 - [NMI] 0.4761
[INFO] 2026-05-28 15:41:22,599 - [NMI DEBUG] matched_nodes=20
[INFO] 2026-05-28 15:41:22,600 - [NMI] 0.3723
[INFO] 2026-05-28 15:41:22,601 - Saved communities...
