[INFO] 2026-05-28 15:47:24,389 - [MATRIX] writes shape=(14376, 14475)
[INFO] 2026-05-28 15:47:24,425 - [MATRIX] be_written shape=(14475, 14376)
[INFO] 2026-05-28 15:47:24,436 - [MATRIX] published_in shape=(14376, 20)
[INFO] 2026-05-28 15:47:24,448 - [MATRIX] publish shape=(20, 14376)
[INFO] 2026-05-28 15:47:24,539 - [MATRIX] has_term shape=(14376, 8920)
[INFO] 2026-05-28 15:47:24,629 - [MATRIX] term_in shape=(8920, 14376)
[INFO] 2026-05-28 15:47:24,703 - 
========== Building P-A-P ==========
[INFO] 2026-05-28 15:47:24,717 - P-A-P matrix shape=(14376, 14376)
[INFO] 2026-05-28 15:47:26,975 - P-A-P nodes=13774 edges=215663 total_weight=497692.0000
[INFO] 2026-05-28 15:47:26,979 - 
========== Building P-T-P ==========
[INFO] 2026-05-28 15:47:28,403 - P-T-P matrix shape=(14376, 14376)
[INFO] 2026-05-28 15:47:42,478 - P-T-P nodes=215 edges=119 total_weight=2102.0000
[INFO] 2026-05-28 15:47:42,478 - 
========== Building P-C-P ==========
[INFO] 2026-05-28 15:47:42,771 - P-C-P matrix shape=(14376, 14376)
[INFO] 2026-05-28 15:49:02,448 - P-C-P nodes=14376 edges=8232454 total_weight=16464908.0000
[INFO] 2026-05-28 15:49:03,913 - 
========== MASSE Reliability ==========
[INFO] 2026-05-28 15:49:04,109 - P-A-P reliability=0.100000
[INFO] 2026-05-28 15:49:04,109 - P-T-P reliability=0.173351
[INFO] 2026-05-28 15:49:11,097 - P-C-P reliability=0.100000
[INFO] 2026-05-28 15:50:39,674 - [INTERACTION] P-A-P <-> P-T-P = 0.8380
[INFO] 2026-05-28 15:50:39,686 - [INTERACTION] P-A-P <-> P-C-P = 0.2191
[INFO] 2026-05-28 15:50:39,690 - [INTERACTION] P-T-P <-> P-A-P = 0.8380
[INFO] 2026-05-28 15:50:39,694 - [INTERACTION] P-T-P <-> P-C-P = 0.6137
[INFO] 2026-05-28 15:50:39,705 - [INTERACTION] P-C-P <-> P-A-P = 0.2191
[INFO] 2026-05-28 15:50:39,709 - [INTERACTION] P-C-P <-> P-T-P = 0.6137
[INFO] 2026-05-28 15:52:20,988 - MASSE consensus nodes=14376 edges=8376871
[INFO] 2026-05-28 15:54:21,640 - MASSE communities=18
[INFO] 2026-05-28 15:54:23,738 - [MASSE] Expanding 0
[INFO] 2026-05-28 15:54:27,554 - [MASSE] Expanding 1
[INFO] 2026-05-28 15:54:32,085 - [MASSE] Expanding 2
[INFO] 2026-05-28 15:54:35,332 - [MASSE] Expanding 3
[INFO] 2026-05-28 15:54:38,380 - [MASSE] Expanding 4
[INFO] 2026-05-28 15:54:40,955 - [MASSE] Expanding 5
[INFO] 2026-05-28 15:54:43,691 - [MASSE] Expanding 6
[INFO] 2026-05-28 15:54:45,090 - [MASSE] Expanding 7
[INFO] 2026-05-28 15:54:46,335 - [MASSE] Expanding 8
[INFO] 2026-05-28 15:54:47,733 - [MASSE] Expanding 9
[INFO] 2026-05-28 15:54:48,552 - [MASSE] Expanding 10
[INFO] 2026-05-28 15:54:49,196 - [MASSE] Expanding 11
[INFO] 2026-05-28 15:54:49,840 - [MASSE] Expanding 12
[INFO] 2026-05-28 15:54:50,522 - [MASSE] Expanding 13
[INFO] 2026-05-28 15:54:51,127 - [MASSE] Expanding 14
[INFO] 2026-05-28 15:54:51,676 - [MASSE] Expanding 15
[INFO] 2026-05-28 15:54:52,223 - [MASSE] Expanding 16
[INFO] 2026-05-28 15:54:52,744 - [MASSE] Expanding 17
[INFO] 2026-05-28 15:55:10,653 - [EVAL] Modularity=0.8545
[INFO] 2026-05-28 15:55:10,653 - [EVAL] Surprise=0.0000
[INFO] 2026-05-28 15:55:10,653 - [EVAL] Keyword coherence=0.0000
[INFO] 2026-05-28 15:55:10,653 - [EVAL] Community stats={'num_communities': 18, 'avg_size': 3219.6111111111113, 'max_size': 6861, 'min_size': 803}
[INFO] 2026-05-28 15:55:10,668 - [NMI DEBUG] matched_nodes=4057
[INFO] 2026-05-28 15:55:10,673 - [NMI] 0.5556
[INFO] 2026-05-28 15:55:10,680 - [NMI DEBUG] matched_nodes=100
[INFO] 2026-05-28 15:55:10,682 - [NMI] 0.5006
[INFO] 2026-05-28 15:55:10,688 - [NMI DEBUG] matched_nodes=20
[INFO] 2026-05-28 15:55:10,689 - [NMI] 0.6207
[INFO] 2026-05-28 15:55:10,690 - Saved communities...
