[INFO] 2026-05-28 15:15:36,772 - [MATRIX] writes shape=(14376, 14475)
[INFO] 2026-05-28 15:15:36,805 - [MATRIX] be_written shape=(14475, 14376)
[INFO] 2026-05-28 15:15:36,816 - [MATRIX] published_in shape=(14376, 20)
[INFO] 2026-05-28 15:15:36,826 - [MATRIX] publish shape=(20, 14376)
[INFO] 2026-05-28 15:15:36,917 - [MATRIX] has_term shape=(14376, 8920)
[INFO] 2026-05-28 15:15:37,008 - [MATRIX] term_in shape=(8920, 14376)
[INFO] 2026-05-28 15:15:37,076 - 
========== Building A-P-A ==========
[INFO] 2026-05-28 15:15:37,082 - A-P-A matrix shape=(14475, 14475)
[INFO] 2026-05-28 15:15:37,237 - A-P-A nodes=5264 edges=8789 total_weight=51362.0000
[INFO] 2026-05-28 15:15:37,239 - 
========== Building A-P-T-P-A ==========
[INFO] 2026-05-28 15:15:46,992 - A-P-T-P-A matrix shape=(14475, 14475)
[INFO] 2026-05-28 15:16:14,363 - A-P-T-P-A nodes=86 edges=351 total_weight=699532.0000
[INFO] 2026-05-28 15:16:14,364 - 
========== Building A-P-C-P-A ==========
[INFO] 2026-05-28 15:16:16,821 - A-P-C-P-A matrix shape=(14475, 14475)
[INFO] 2026-05-28 15:16:26,914 - A-P-C-P-A nodes=5689 edges=92426 total_weight=6194038.0000
[INFO] 2026-05-28 15:16:26,970 - 
========== MASSE Reliability ==========
[INFO] 2026-05-28 15:16:26,980 - A-P-A reliability=0.100661
[INFO] 2026-05-28 15:16:26,980 - A-P-T-P-A reliability=0.147091
[INFO] 2026-05-28 15:16:27,042 - A-P-C-P-A reliability=0.081947
[INFO] 2026-05-28 15:16:28,834 - [INTERACTION] A-P-A <-> A-P-T-P-A = 0.2122
[INFO] 2026-05-28 15:16:28,840 - [INTERACTION] A-P-A <-> A-P-C-P-A = 0.2265
[INFO] 2026-05-28 15:16:28,842 - [INTERACTION] A-P-T-P-A <-> A-P-A = 0.2122
[INFO] 2026-05-28 15:16:28,844 - [INTERACTION] A-P-T-P-A <-> A-P-C-P-A = 0.0353
[INFO] 2026-05-28 15:16:28,850 - [INTERACTION] A-P-C-P-A <-> A-P-A = 0.2265
[INFO] 2026-05-28 15:16:28,852 - [INTERACTION] A-P-C-P-A <-> A-P-T-P-A = 0.0353
[INFO] 2026-05-28 15:16:29,973 - MASSE consensus nodes=6933 edges=78924
[INFO] 2026-05-28 15:16:31,368 - MASSE communities=108
[INFO] 2026-05-28 15:16:31,606 - [MASSE] Expanding 0
[INFO] 2026-05-28 15:16:38,972 - [MASSE] Expanding 1
[INFO] 2026-05-28 15:16:43,676 - [MASSE] Expanding 2
[INFO] 2026-05-28 15:16:48,886 - [MASSE] Expanding 3
[INFO] 2026-05-28 15:16:52,157 - [MASSE] Expanding 4
[INFO] 2026-05-28 15:16:52,431 - [MASSE] Expanding 5
[INFO] 2026-05-28 15:16:52,706 - [MASSE] Expanding 6
[INFO] 2026-05-28 15:16:52,974 - [MASSE] Expanding 7
[INFO] 2026-05-28 15:16:53,252 - [MASSE] Expanding 8
[INFO] 2026-05-28 15:16:53,526 - [MASSE] Expanding 9
[INFO] 2026-05-28 15:16:53,778 - [MASSE] Expanding 10
[INFO] 2026-05-28 15:16:54,030 - [MASSE] Expanding 11
[INFO] 2026-05-28 15:16:54,303 - [MASSE] Expanding 12
[INFO] 2026-05-28 15:16:54,574 - [MASSE] Expanding 13
[INFO] 2026-05-28 15:16:54,851 - [MASSE] Expanding 14
[INFO] 2026-05-28 15:16:55,124 - [MASSE] Expanding 15
[INFO] 2026-05-28 15:16:55,391 - [MASSE] Expanding 16
[INFO] 2026-05-28 15:16:55,643 - [MASSE] Expanding 17
[INFO] 2026-05-28 15:16:55,922 - [MASSE] Expanding 18
[INFO] 2026-05-28 15:16:56,212 - [MASSE] Expanding 19
[INFO] 2026-05-28 15:16:56,478 - [MASSE] Expanding 20
[INFO] 2026-05-28 15:16:56,741 - [MASSE] Expanding 21
[INFO] 2026-05-28 15:16:57,004 - [MASSE] Expanding 22
[INFO] 2026-05-28 15:16:57,304 - [MASSE] Expanding 23
[INFO] 2026-05-28 15:16:57,586 - [MASSE] Expanding 24
[INFO] 2026-05-28 15:16:57,876 - [MASSE] Expanding 25
[INFO] 2026-05-28 15:16:58,159 - [MASSE] Expanding 26
[INFO] 2026-05-28 15:16:58,434 - [MASSE] Expanding 27
[INFO] 2026-05-28 15:16:58,711 - [MASSE] Expanding 28
[INFO] 2026-05-28 15:16:58,969 - [MASSE] Expanding 29
[INFO] 2026-05-28 15:16:59,245 - [MASSE] Expanding 30
[INFO] 2026-05-28 15:16:59,530 - [MASSE] Expanding 31
[INFO] 2026-05-28 15:16:59,800 - [MASSE] Expanding 32
[INFO] 2026-05-28 15:17:00,073 - [MASSE] Expanding 33
[INFO] 2026-05-28 15:17:00,349 - [MASSE] Expanding 34
[INFO] 2026-05-28 15:17:00,613 - [MASSE] Expanding 35
[INFO] 2026-05-28 15:17:00,894 - [MASSE] Expanding 36
[INFO] 2026-05-28 15:17:01,164 - [MASSE] Expanding 37
[INFO] 2026-05-28 15:17:01,437 - [MASSE] Expanding 38
[INFO] 2026-05-28 15:17:01,708 - [MASSE] Expanding 39
[INFO] 2026-05-28 15:17:01,989 - [MASSE] Expanding 40
[INFO] 2026-05-28 15:17:02,256 - [MASSE] Expanding 41
[INFO] 2026-05-28 15:17:02,520 - [MASSE] Expanding 42
[INFO] 2026-05-28 15:17:02,776 - [MASSE] Expanding 43
[INFO] 2026-05-28 15:17:03,035 - [MASSE] Expanding 44
[INFO] 2026-05-28 15:17:03,301 - [MASSE] Expanding 45
[INFO] 2026-05-28 15:17:03,560 - [MASSE] Expanding 46
[INFO] 2026-05-28 15:17:03,832 - [MASSE] Expanding 47
[INFO] 2026-05-28 15:17:04,117 - [MASSE] Expanding 48
[INFO] 2026-05-28 15:17:04,384 - [MASSE] Expanding 49
[INFO] 2026-05-28 15:17:04,665 - [MASSE] Expanding 50
[INFO] 2026-05-28 15:17:04,929 - [MASSE] Expanding 51
[INFO] 2026-05-28 15:17:05,189 - [MASSE] Expanding 52
[INFO] 2026-05-28 15:17:05,456 - [MASSE] Expanding 53
[INFO] 2026-05-28 15:17:05,716 - [MASSE] Expanding 54
[INFO] 2026-05-28 15:17:05,989 - [MASSE] Expanding 55
[INFO] 2026-05-28 15:17:06,283 - [MASSE] Expanding 56
[INFO] 2026-05-28 15:17:06,559 - [MASSE] Expanding 57
[INFO] 2026-05-28 15:17:06,807 - [MASSE] Expanding 58
[INFO] 2026-05-28 15:17:07,091 - [MASSE] Expanding 59
[INFO] 2026-05-28 15:17:07,336 - [MASSE] Expanding 60
[INFO] 2026-05-28 15:17:07,585 - [MASSE] Expanding 61
[INFO] 2026-05-28 15:17:07,845 - [MASSE] Expanding 62
[INFO] 2026-05-28 15:17:08,107 - [MASSE] Expanding 63
[INFO] 2026-05-28 15:17:08,361 - [MASSE] Expanding 64
[INFO] 2026-05-28 15:17:08,603 - [MASSE] Expanding 65
[INFO] 2026-05-28 15:17:08,847 - [MASSE] Expanding 66
[INFO] 2026-05-28 15:17:09,125 - [MASSE] Expanding 67
[INFO] 2026-05-28 15:17:09,386 - [MASSE] Expanding 68
[INFO] 2026-05-28 15:17:09,635 - [MASSE] Expanding 69
[INFO] 2026-05-28 15:17:09,885 - [MASSE] Expanding 70
[INFO] 2026-05-28 15:17:10,130 - [MASSE] Expanding 71
[INFO] 2026-05-28 15:17:10,386 - [MASSE] Expanding 72
[INFO] 2026-05-28 15:17:10,643 - [MASSE] Expanding 73
[INFO] 2026-05-28 15:17:10,903 - [MASSE] Expanding 74
[INFO] 2026-05-28 15:17:11,162 - [MASSE] Expanding 75
[INFO] 2026-05-28 15:17:11,402 - [MASSE] Expanding 76
[INFO] 2026-05-28 15:17:11,645 - [MASSE] Expanding 77
[INFO] 2026-05-28 15:17:11,892 - [MASSE] Expanding 78
[INFO] 2026-05-28 15:17:12,146 - [MASSE] Expanding 79
[INFO] 2026-05-28 15:17:12,401 - [MASSE] Expanding 80
[INFO] 2026-05-28 15:17:12,646 - [MASSE] Expanding 81
[INFO] 2026-05-28 15:17:12,898 - [MASSE] Expanding 82
[INFO] 2026-05-28 15:17:13,139 - [MASSE] Expanding 83
[INFO] 2026-05-28 15:17:13,381 - [MASSE] Expanding 84
[INFO] 2026-05-28 15:17:13,629 - [MASSE] Expanding 85
[INFO] 2026-05-28 15:17:13,887 - [MASSE] Expanding 86
[INFO] 2026-05-28 15:17:14,146 - [MASSE] Expanding 87
[INFO] 2026-05-28 15:17:14,388 - [MASSE] Expanding 88
[INFO] 2026-05-28 15:17:14,652 - [MASSE] Expanding 89
[INFO] 2026-05-28 15:17:14,912 - [MASSE] Expanding 90
[INFO] 2026-05-28 15:17:15,175 - [MASSE] Expanding 91
[INFO] 2026-05-28 15:17:15,439 - [MASSE] Expanding 92
[INFO] 2026-05-28 15:17:15,687 - [MASSE] Expanding 93
[INFO] 2026-05-28 15:17:15,936 - [MASSE] Expanding 94
[INFO] 2026-05-28 15:17:16,183 - [MASSE] Expanding 95
[INFO] 2026-05-28 15:17:16,428 - [MASSE] Expanding 96
[INFO] 2026-05-28 15:17:16,685 - [MASSE] Expanding 97
[INFO] 2026-05-28 15:17:16,950 - [MASSE] Expanding 98
[INFO] 2026-05-28 15:17:17,202 - [MASSE] Expanding 99
[INFO] 2026-05-28 15:17:17,452 - [MASSE] Expanding 100
[INFO] 2026-05-28 15:17:17,703 - [MASSE] Expanding 101
[INFO] 2026-05-28 15:17:17,952 - [MASSE] Expanding 102
[INFO] 2026-05-28 15:17:18,204 - [MASSE] Expanding 103
[INFO] 2026-05-28 15:17:18,454 - [MASSE] Expanding 104
[INFO] 2026-05-28 15:17:18,720 - [MASSE] Expanding 105
[INFO] 2026-05-28 15:17:19,000 - [MASSE] Expanding 106
[INFO] 2026-05-28 15:17:19,249 - [MASSE] Expanding 107
[INFO] 2026-05-28 15:17:19,892 - [EVAL] Modularity=0.5655
[INFO] 2026-05-28 15:17:19,892 - [EVAL] Surprise=0.0000
[INFO] 2026-05-28 15:17:19,892 - [EVAL] Keyword coherence=0.0000
[INFO] 2026-05-28 15:17:19,892 - [EVAL] Community stats={'num_communities': 108, 'avg_size': 353.98148148148147, 'max_size': 12220, 'min_size': 4}
[INFO] 2026-05-28 15:17:19,903 - [NMI DEBUG] matched_nodes=3080
[INFO] 2026-05-28 15:17:19,906 - [NMI] 0.6046
[INFO] 2026-05-28 15:17:19,911 - [NMI DEBUG] matched_nodes=64
[INFO] 2026-05-28 15:17:19,913 - [NMI] 0.4761
[INFO] 2026-05-28 15:17:19,917 - [NMI DEBUG] matched_nodes=20
[INFO] 2026-05-28 15:17:19,918 - [NMI] 0.3723
[INFO] 2026-05-28 15:17:19,920 - Saved communities...
