[INFO] 2026-05-28 15:04:20,072 - [MATRIX] writes shape=(14376, 14475)
[INFO] 2026-05-28 15:04:20,116 - [MATRIX] be_written shape=(14475, 14376)
[INFO] 2026-05-28 15:04:20,132 - [MATRIX] published_in shape=(14376, 20)
[INFO] 2026-05-28 15:04:20,147 - [MATRIX] publish shape=(20, 14376)
[INFO] 2026-05-28 15:04:20,268 - [MATRIX] has_term shape=(14376, 8920)
[INFO] 2026-05-28 15:04:20,396 - [MATRIX] term_in shape=(8920, 14376)
[INFO] 2026-05-28 15:04:20,511 - 
========== Building A-P-A ==========
[INFO] 2026-05-28 15:04:20,518 - A-P-A matrix shape=(14475, 14475)
[INFO] 2026-05-28 15:04:20,679 - A-P-A nodes=5264 edges=8789 total_weight=51362.0000
[INFO] 2026-05-28 15:04:20,681 - 
========== Building A-P-T-P-A ==========
[INFO] 2026-05-28 15:04:30,865 - A-P-T-P-A matrix shape=(14475, 14475)
[INFO] 2026-05-28 15:04:56,862 - A-P-T-P-A nodes=86 edges=351 total_weight=699532.0000
[INFO] 2026-05-28 15:04:56,862 - 
========== Building A-P-C-P-A ==========
[INFO] 2026-05-28 15:04:59,192 - A-P-C-P-A matrix shape=(14475, 14475)
[INFO] 2026-05-28 15:05:08,268 - A-P-C-P-A nodes=5689 edges=92426 total_weight=6194038.0000
[INFO] 2026-05-28 15:05:08,319 - 
========== MASSE Reliability ==========
[INFO] 2026-05-28 15:05:08,329 - A-P-A reliability=0.100661
[INFO] 2026-05-28 15:05:08,329 - A-P-T-P-A reliability=0.147091
[INFO] 2026-05-28 15:05:08,385 - A-P-C-P-A reliability=0.081947
[INFO] 2026-05-28 15:05:09,914 - [INTERACTION] A-P-A <-> A-P-T-P-A = 0.2240
[INFO] 2026-05-28 15:05:09,920 - [INTERACTION] A-P-A <-> A-P-C-P-A = 0.2243
[INFO] 2026-05-28 15:05:09,923 - [INTERACTION] A-P-T-P-A <-> A-P-A = 0.2240
[INFO] 2026-05-28 15:05:09,926 - [INTERACTION] A-P-T-P-A <-> A-P-C-P-A = 0.0396
[INFO] 2026-05-28 15:05:09,932 - [INTERACTION] A-P-C-P-A <-> A-P-A = 0.2243
[INFO] 2026-05-28 15:05:09,934 - [INTERACTION] A-P-C-P-A <-> A-P-T-P-A = 0.0396
[INFO] 2026-05-28 15:05:10,922 - MASSE consensus nodes=6933 edges=79404
[INFO] 2026-05-28 15:05:12,313 - MASSE communities=109
[INFO] 2026-05-28 15:05:12,535 - [MASSE] Expanding 0
[INFO] 2026-05-28 15:05:19,540 - [MASSE] Expanding 1
[INFO] 2026-05-28 15:05:23,251 - [MASSE] Expanding 2
[INFO] 2026-05-28 15:05:28,246 - [MASSE] Expanding 3
[INFO] 2026-05-28 15:05:31,575 - [MASSE] Expanding 4
[INFO] 2026-05-28 15:05:31,835 - [MASSE] Expanding 5
[INFO] 2026-05-28 15:05:32,085 - [MASSE] Expanding 6
[INFO] 2026-05-28 15:05:32,340 - [MASSE] Expanding 7
[INFO] 2026-05-28 15:05:32,583 - [MASSE] Expanding 8
[INFO] 2026-05-28 15:05:32,832 - [MASSE] Expanding 9
[INFO] 2026-05-28 15:05:33,077 - [MASSE] Expanding 10
[INFO] 2026-05-28 15:05:33,328 - [MASSE] Expanding 11
[INFO] 2026-05-28 15:05:33,571 - [MASSE] Expanding 12
[INFO] 2026-05-28 15:05:33,810 - [MASSE] Expanding 13
[INFO] 2026-05-28 15:05:34,065 - [MASSE] Expanding 14
[INFO] 2026-05-28 15:05:34,310 - [MASSE] Expanding 15
[INFO] 2026-05-28 15:05:34,561 - [MASSE] Expanding 16
[INFO] 2026-05-28 15:05:34,814 - [MASSE] Expanding 17
[INFO] 2026-05-28 15:05:35,060 - [MASSE] Expanding 18
[INFO] 2026-05-28 15:05:35,303 - [MASSE] Expanding 19
[INFO] 2026-05-28 15:05:35,580 - [MASSE] Expanding 20
[INFO] 2026-05-28 15:05:35,828 - [MASSE] Expanding 21
[INFO] 2026-05-28 15:05:36,072 - [MASSE] Expanding 22
[INFO] 2026-05-28 15:05:36,337 - [MASSE] Expanding 23
[INFO] 2026-05-28 15:05:36,583 - [MASSE] Expanding 24
[INFO] 2026-05-28 15:05:36,832 - [MASSE] Expanding 25
[INFO] 2026-05-28 15:05:37,065 - [MASSE] Expanding 26
[INFO] 2026-05-28 15:05:37,311 - [MASSE] Expanding 27
[INFO] 2026-05-28 15:05:37,563 - [MASSE] Expanding 28
[INFO] 2026-05-28 15:05:37,821 - [MASSE] Expanding 29
[INFO] 2026-05-28 15:05:38,071 - [MASSE] Expanding 30
[INFO] 2026-05-28 15:05:38,325 - [MASSE] Expanding 31
[INFO] 2026-05-28 15:05:38,569 - [MASSE] Expanding 32
[INFO] 2026-05-28 15:05:38,820 - [MASSE] Expanding 33
[INFO] 2026-05-28 15:05:39,056 - [MASSE] Expanding 34
[INFO] 2026-05-28 15:05:39,295 - [MASSE] Expanding 35
[INFO] 2026-05-28 15:05:39,541 - [MASSE] Expanding 36
[INFO] 2026-05-28 15:05:39,782 - [MASSE] Expanding 37
[INFO] 2026-05-28 15:05:40,043 - [MASSE] Expanding 38
[INFO] 2026-05-28 15:05:40,289 - [MASSE] Expanding 39
[INFO] 2026-05-28 15:05:40,539 - [MASSE] Expanding 40
[INFO] 2026-05-28 15:05:40,799 - [MASSE] Expanding 41
[INFO] 2026-05-28 15:05:41,046 - [MASSE] Expanding 42
[INFO] 2026-05-28 15:05:41,305 - [MASSE] Expanding 43
[INFO] 2026-05-28 15:05:41,547 - [MASSE] Expanding 44
[INFO] 2026-05-28 15:05:41,787 - [MASSE] Expanding 45
[INFO] 2026-05-28 15:05:42,035 - [MASSE] Expanding 46
[INFO] 2026-05-28 15:05:42,287 - [MASSE] Expanding 47
[INFO] 2026-05-28 15:05:42,527 - [MASSE] Expanding 48
[INFO] 2026-05-28 15:05:42,769 - [MASSE] Expanding 49
[INFO] 2026-05-28 15:05:43,007 - [MASSE] Expanding 50
[INFO] 2026-05-28 15:05:43,249 - [MASSE] Expanding 51
[INFO] 2026-05-28 15:05:43,498 - [MASSE] Expanding 52
[INFO] 2026-05-28 15:05:43,732 - [MASSE] Expanding 53
[INFO] 2026-05-28 15:05:43,970 - [MASSE] Expanding 54
[INFO] 2026-05-28 15:05:44,225 - [MASSE] Expanding 55
[INFO] 2026-05-28 15:05:44,458 - [MASSE] Expanding 56
[INFO] 2026-05-28 15:05:44,699 - [MASSE] Expanding 57
[INFO] 2026-05-28 15:05:44,932 - [MASSE] Expanding 58
[INFO] 2026-05-28 15:05:45,173 - [MASSE] Expanding 59
[INFO] 2026-05-28 15:05:45,412 - [MASSE] Expanding 60
[INFO] 2026-05-28 15:05:45,650 - [MASSE] Expanding 61
[INFO] 2026-05-28 15:05:45,889 - [MASSE] Expanding 62
[INFO] 2026-05-28 15:05:46,126 - [MASSE] Expanding 63
[INFO] 2026-05-28 15:05:46,387 - [MASSE] Expanding 64
[INFO] 2026-05-28 15:05:46,630 - [MASSE] Expanding 65
[INFO] 2026-05-28 15:05:46,876 - [MASSE] Expanding 66
[INFO] 2026-05-28 15:05:47,113 - [MASSE] Expanding 67
[INFO] 2026-05-28 15:05:47,361 - [MASSE] Expanding 68
[INFO] 2026-05-28 15:05:47,598 - [MASSE] Expanding 69
[INFO] 2026-05-28 15:05:47,834 - [MASSE] Expanding 70
[INFO] 2026-05-28 15:05:48,074 - [MASSE] Expanding 71
[INFO] 2026-05-28 15:05:48,311 - [MASSE] Expanding 72
[INFO] 2026-05-28 15:05:48,564 - [MASSE] Expanding 73
[INFO] 2026-05-28 15:05:48,806 - [MASSE] Expanding 74
[INFO] 2026-05-28 15:05:49,060 - [MASSE] Expanding 75
[INFO] 2026-05-28 15:05:49,299 - [MASSE] Expanding 76
[INFO] 2026-05-28 15:05:49,542 - [MASSE] Expanding 77
[INFO] 2026-05-28 15:05:49,777 - [MASSE] Expanding 78
[INFO] 2026-05-28 15:05:50,024 - [MASSE] Expanding 79
[INFO] 2026-05-28 15:05:50,265 - [MASSE] Expanding 80
[INFO] 2026-05-28 15:05:50,502 - [MASSE] Expanding 81
[INFO] 2026-05-28 15:05:50,747 - [MASSE] Expanding 82
[INFO] 2026-05-28 15:05:51,000 - [MASSE] Expanding 83
[INFO] 2026-05-28 15:05:51,321 - [MASSE] Expanding 84
[INFO] 2026-05-28 15:05:51,561 - [MASSE] Expanding 85
[INFO] 2026-05-28 15:05:51,801 - [MASSE] Expanding 86
[INFO] 2026-05-28 15:05:52,051 - [MASSE] Expanding 87
[INFO] 2026-05-28 15:05:52,293 - [MASSE] Expanding 88
[INFO] 2026-05-28 15:05:52,542 - [MASSE] Expanding 89
[INFO] 2026-05-28 15:05:52,797 - [MASSE] Expanding 90
[INFO] 2026-05-28 15:05:53,058 - [MASSE] Expanding 91
[INFO] 2026-05-28 15:05:53,294 - [MASSE] Expanding 92
[INFO] 2026-05-28 15:05:53,533 - [MASSE] Expanding 93
[INFO] 2026-05-28 15:05:53,774 - [MASSE] Expanding 94
[INFO] 2026-05-28 15:05:54,064 - [MASSE] Expanding 95
[INFO] 2026-05-28 15:05:54,307 - [MASSE] Expanding 96
[INFO] 2026-05-28 15:05:54,547 - [MASSE] Expanding 97
[INFO] 2026-05-28 15:05:54,808 - [MASSE] Expanding 98
[INFO] 2026-05-28 15:05:55,076 - [MASSE] Expanding 99
[INFO] 2026-05-28 15:05:55,321 - [MASSE] Expanding 100
[INFO] 2026-05-28 15:05:55,560 - [MASSE] Expanding 101
[INFO] 2026-05-28 15:05:55,797 - [MASSE] Expanding 102
[INFO] 2026-05-28 15:05:56,040 - [MASSE] Expanding 103
[INFO] 2026-05-28 15:05:56,279 - [MASSE] Expanding 104
[INFO] 2026-05-28 15:05:56,529 - [MASSE] Expanding 105
[INFO] 2026-05-28 15:05:56,791 - [MASSE] Expanding 106
[INFO] 2026-05-28 15:05:57,051 - [MASSE] Expanding 107
[INFO] 2026-05-28 15:05:57,305 - [MASSE] Expanding 108
[INFO] 2026-05-28 15:05:57,806 - [EVAL] Modularity=0.5585
[INFO] 2026-05-28 15:05:57,806 - [EVAL] Surprise=0.0000
[INFO] 2026-05-28 15:05:57,806 - [EVAL] Keyword coherence=0.0000
[INFO] 2026-05-28 15:05:57,806 - [EVAL] Community stats={'num_communities': 109, 'avg_size': 350.9633027522936, 'max_size': 12121, 'min_size': 4}
[INFO] 2026-05-28 15:05:57,817 - [NMI DEBUG] matched_nodes=3080
[INFO] 2026-05-28 15:05:57,820 - [NMI] 0.6029
[INFO] 2026-05-28 15:05:57,826 - [NMI DEBUG] matched_nodes=64
[INFO] 2026-05-28 15:05:57,827 - [NMI] 0.4761
[INFO] 2026-05-28 15:05:57,831 - [NMI DEBUG] matched_nodes=20
[INFO] 2026-05-28 15:05:57,833 - [NMI] 0.3723
[INFO] 2026-05-28 15:05:57,834 - Saved communities...
