[INFO] 2026-05-31 22:07:53,842 - [MATRIX] writes shape=(14376, 14475)
[INFO] 2026-05-31 22:07:53,894 - [MATRIX] be_written shape=(14475, 14376)
[INFO] 2026-05-31 22:07:53,911 - [MATRIX] published_in shape=(14376, 20)
[INFO] 2026-05-31 22:07:53,928 - [MATRIX] publish shape=(20, 14376)
[INFO] 2026-05-31 22:07:54,057 - [MATRIX] has_term shape=(14376, 8920)
[INFO] 2026-05-31 22:07:54,184 - [MATRIX] term_in shape=(8920, 14376)
[INFO] 2026-05-31 22:07:54,254 - 
========== Building A-P-A ==========
[INFO] 2026-05-31 22:07:54,260 - A-P-A matrix shape=(14475, 14475)
[INFO] 2026-05-31 22:07:54,422 - A-P-A nodes=5264 edges=8789 total_weight=51362.0000
[INFO] 2026-05-31 22:07:54,424 - 
========== Building A-P-T-P-A ==========
[INFO] 2026-05-31 22:08:08,151 - A-P-T-P-A matrix shape=(14475, 14475)
[INFO] 2026-05-31 22:09:05,605 - A-P-T-P-A nodes=86 edges=351 total_weight=699532.0000
[INFO] 2026-05-31 22:09:05,605 - 
========== Building A-P-C-P-A ==========
[INFO] 2026-05-31 22:09:08,649 - A-P-C-P-A matrix shape=(14475, 14475)
[INFO] 2026-05-31 22:09:27,711 - A-P-C-P-A nodes=5689 edges=92426 total_weight=6194038.0000
[INFO] 2026-05-31 22:09:27,795 - 
========== MASSE Reliability ==========
[INFO] 2026-05-31 22:09:27,813 - A-P-A reliability=0.100661
[INFO] 2026-05-31 22:09:27,814 - A-P-T-P-A reliability=0.147091
[INFO] 2026-05-31 22:09:27,958 - A-P-C-P-A reliability=0.081947
[INFO] 2026-05-31 22:09:32,361 - [INTERACTION] A-P-A <-> A-P-T-P-A = 0.2322
[INFO] 2026-05-31 22:09:32,370 - [INTERACTION] A-P-A <-> A-P-C-P-A = 0.2221
[INFO] 2026-05-31 22:09:32,373 - [INTERACTION] A-P-T-P-A <-> A-P-A = 0.2322
[INFO] 2026-05-31 22:09:32,376 - [INTERACTION] A-P-T-P-A <-> A-P-C-P-A = 0.0362
[INFO] 2026-05-31 22:09:32,384 - [INTERACTION] A-P-C-P-A <-> A-P-A = 0.2221
[INFO] 2026-05-31 22:09:32,387 - [INTERACTION] A-P-C-P-A <-> A-P-T-P-A = 0.0362
[INFO] 2026-05-31 22:09:32,846 - [SUBSPACE] {1: ['A-P-A'], 0: ['A-P-T-P-A'], 2: ['A-P-C-P-A']}
[INFO] 2026-05-31 22:09:32,846 - [LOCAL] Subspace 1: ['A-P-A']
[INFO] 2026-05-31 22:09:33,553 - [LOCAL] communities=639
[INFO] 2026-05-31 22:09:33,554 - [LOCAL] Subspace 0: ['A-P-T-P-A']
[INFO] 2026-05-31 22:09:33,569 - [LOCAL] communities=3
[INFO] 2026-05-31 22:09:33,569 - [LOCAL] Subspace 2: ['A-P-C-P-A']
[INFO] 2026-05-31 22:09:37,252 - [LOCAL] communities=5
[INFO] 2026-05-31 22:09:52,716 - MASSE consensus nodes=6933 edges=4285303
[INFO] 2026-05-31 22:11:42,814 - MASSE communities=97
[INFO] 2026-05-31 22:11:44,064 - [MASSE] Expanding 0
[INFO] 2026-05-31 22:11:48,573 - [MASSE] Expanding 1
[INFO] 2026-05-31 22:11:54,274 - [MASSE] Expanding 2
[INFO] 2026-05-31 22:12:00,206 - [MASSE] Expanding 3
[INFO] 2026-05-31 22:12:06,721 - [MASSE] Expanding 4
[INFO] 2026-05-31 22:12:07,122 - [MASSE] Expanding 5
[INFO] 2026-05-31 22:12:07,526 - [MASSE] Expanding 6
[INFO] 2026-05-31 22:12:07,927 - [MASSE] Expanding 7
[INFO] 2026-05-31 22:12:08,330 - [MASSE] Expanding 8
[INFO] 2026-05-31 22:12:08,731 - [MASSE] Expanding 9
[INFO] 2026-05-31 22:12:09,128 - [MASSE] Expanding 10
[INFO] 2026-05-31 22:12:09,526 - [MASSE] Expanding 11
[INFO] 2026-05-31 22:12:09,922 - [MASSE] Expanding 12
[INFO] 2026-05-31 22:12:10,318 - [MASSE] Expanding 13
[INFO] 2026-05-31 22:12:10,712 - [MASSE] Expanding 14
[INFO] 2026-05-31 22:12:11,106 - [MASSE] Expanding 15
[INFO] 2026-05-31 22:12:11,507 - [MASSE] Expanding 16
[INFO] 2026-05-31 22:12:11,906 - [MASSE] Expanding 17
[INFO] 2026-05-31 22:12:12,311 - [MASSE] Expanding 18
[INFO] 2026-05-31 22:12:12,729 - [MASSE] Expanding 19
[INFO] 2026-05-31 22:12:13,153 - [MASSE] Expanding 20
[INFO] 2026-05-31 22:12:13,553 - [MASSE] Expanding 21
[INFO] 2026-05-31 22:12:13,957 - [MASSE] Expanding 22
[INFO] 2026-05-31 22:12:14,355 - [MASSE] Expanding 23
[INFO] 2026-05-31 22:12:14,752 - [MASSE] Expanding 24
[INFO] 2026-05-31 22:12:15,147 - [MASSE] Expanding 25
[INFO] 2026-05-31 22:12:15,544 - [MASSE] Expanding 26
[INFO] 2026-05-31 22:12:15,941 - [MASSE] Expanding 27
[INFO] 2026-05-31 22:12:16,339 - [MASSE] Expanding 28
[INFO] 2026-05-31 22:12:16,737 - [MASSE] Expanding 29
[INFO] 2026-05-31 22:12:17,136 - [MASSE] Expanding 30
[INFO] 2026-05-31 22:12:17,535 - [MASSE] Expanding 31
[INFO] 2026-05-31 22:12:17,932 - [MASSE] Expanding 32
[INFO] 2026-05-31 22:12:18,328 - [MASSE] Expanding 33
[INFO] 2026-05-31 22:12:18,724 - [MASSE] Expanding 34
[INFO] 2026-05-31 22:12:19,121 - [MASSE] Expanding 35
[INFO] 2026-05-31 22:12:19,515 - [MASSE] Expanding 36
[INFO] 2026-05-31 22:12:19,909 - [MASSE] Expanding 37
[INFO] 2026-05-31 22:12:20,302 - [MASSE] Expanding 38
[INFO] 2026-05-31 22:12:20,696 - [MASSE] Expanding 39
[INFO] 2026-05-31 22:12:21,092 - [MASSE] Expanding 40
[INFO] 2026-05-31 22:12:21,485 - [MASSE] Expanding 41
[INFO] 2026-05-31 22:12:21,882 - [MASSE] Expanding 42
[INFO] 2026-05-31 22:12:22,275 - [MASSE] Expanding 43
[INFO] 2026-05-31 22:12:22,670 - [MASSE] Expanding 44
[INFO] 2026-05-31 22:12:23,065 - [MASSE] Expanding 45
[INFO] 2026-05-31 22:12:23,455 - [MASSE] Expanding 46
[INFO] 2026-05-31 22:12:23,850 - [MASSE] Expanding 47
[INFO] 2026-05-31 22:12:24,242 - [MASSE] Expanding 48
[INFO] 2026-05-31 22:12:24,640 - [MASSE] Expanding 49
[INFO] 2026-05-31 22:12:25,035 - [MASSE] Expanding 50
[INFO] 2026-05-31 22:12:25,430 - [MASSE] Expanding 51
[INFO] 2026-05-31 22:12:25,825 - [MASSE] Expanding 52
[INFO] 2026-05-31 22:12:26,225 - [MASSE] Expanding 53
[INFO] 2026-05-31 22:12:26,618 - [MASSE] Expanding 54
[INFO] 2026-05-31 22:12:27,014 - [MASSE] Expanding 55
[INFO] 2026-05-31 22:12:27,408 - [MASSE] Expanding 56
[INFO] 2026-05-31 22:12:27,805 - [MASSE] Expanding 57
[INFO] 2026-05-31 22:12:28,208 - [MASSE] Expanding 58
[INFO] 2026-05-31 22:12:28,601 - [MASSE] Expanding 59
[INFO] 2026-05-31 22:12:28,998 - [MASSE] Expanding 60
[INFO] 2026-05-31 22:12:29,390 - [MASSE] Expanding 61
[INFO] 2026-05-31 22:12:29,785 - [MASSE] Expanding 62
[INFO] 2026-05-31 22:12:30,181 - [MASSE] Expanding 63
[INFO] 2026-05-31 22:12:30,575 - [MASSE] Expanding 64
[INFO] 2026-05-31 22:12:30,970 - [MASSE] Expanding 65
[INFO] 2026-05-31 22:12:31,363 - [MASSE] Expanding 66
[INFO] 2026-05-31 22:12:31,760 - [MASSE] Expanding 67
[INFO] 2026-05-31 22:12:32,157 - [MASSE] Expanding 68
[INFO] 2026-05-31 22:12:32,552 - [MASSE] Expanding 69
[INFO] 2026-05-31 22:12:32,947 - [MASSE] Expanding 70
[INFO] 2026-05-31 22:12:33,345 - [MASSE] Expanding 71
[INFO] 2026-05-31 22:12:33,740 - [MASSE] Expanding 72
[INFO] 2026-05-31 22:12:34,139 - [MASSE] Expanding 73
[INFO] 2026-05-31 22:12:34,537 - [MASSE] Expanding 74
[INFO] 2026-05-31 22:12:34,995 - [MASSE] Expanding 75
[INFO] 2026-05-31 22:12:35,391 - [MASSE] Expanding 76
[INFO] 2026-05-31 22:12:35,787 - [MASSE] Expanding 77
[INFO] 2026-05-31 22:12:36,182 - [MASSE] Expanding 78
[INFO] 2026-05-31 22:12:36,581 - [MASSE] Expanding 79
[INFO] 2026-05-31 22:12:36,981 - [MASSE] Expanding 80
[INFO] 2026-05-31 22:12:37,385 - [MASSE] Expanding 81
[INFO] 2026-05-31 22:12:37,786 - [MASSE] Expanding 82
[INFO] 2026-05-31 22:12:38,186 - [MASSE] Expanding 83
[INFO] 2026-05-31 22:12:38,583 - [MASSE] Expanding 84
[INFO] 2026-05-31 22:12:38,982 - [MASSE] Expanding 85
[INFO] 2026-05-31 22:12:39,381 - [MASSE] Expanding 86
[INFO] 2026-05-31 22:12:39,775 - [MASSE] Expanding 87
[INFO] 2026-05-31 22:12:40,176 - [MASSE] Expanding 88
[INFO] 2026-05-31 22:12:40,577 - [MASSE] Expanding 89
[INFO] 2026-05-31 22:12:40,973 - [MASSE] Expanding 90
[INFO] 2026-05-31 22:12:41,371 - [MASSE] Expanding 91
[INFO] 2026-05-31 22:12:41,769 - [MASSE] Expanding 92
[INFO] 2026-05-31 22:12:42,169 - [MASSE] Expanding 93
[INFO] 2026-05-31 22:12:42,565 - [MASSE] Expanding 94
[INFO] 2026-05-31 22:12:42,964 - [MASSE] Expanding 95
[INFO] 2026-05-31 22:12:43,362 - [MASSE] Expanding 96
[INFO] 2026-05-31 22:13:00,000 - [EVAL] Modularity=0.6700
[INFO] 2026-05-31 22:13:00,000 - [EVAL] Surprise=0.0000
[INFO] 2026-05-31 22:13:00,000 - [EVAL] Keyword coherence=0.0000
[INFO] 2026-05-31 22:13:00,000 - [EVAL] Community stats={'num_communities': 97, 'avg_size': 385.4226804123711, 'max_size': 10474, 'min_size': 4}
[INFO] 2026-05-31 22:13:00,019 - [NMI DEBUG] matched_nodes=3080
[INFO] 2026-05-31 22:13:00,024 - [NMI] 0.6169
[INFO] 2026-05-31 22:13:00,033 - [NMI DEBUG] matched_nodes=65
[INFO] 2026-05-31 22:13:00,035 - [NMI] 0.5243
[INFO] 2026-05-31 22:13:00,041 - [NMI DEBUG] matched_nodes=20
[INFO] 2026-05-31 22:13:00,043 - [NMI] 0.5771
[INFO] 2026-05-31 22:13:00,045 - Saved communities...
