[INFO] 2026-05-27 12:53:59,004 - [MATRIX] writes shape=(14376, 14475)
[INFO] 2026-05-27 12:53:59,020 - [MATRIX] be_written shape=(14475, 14376)
[INFO] 2026-05-27 12:53:59,025 - [MATRIX] published_in shape=(14376, 20)
[INFO] 2026-05-27 12:53:59,029 - [MATRIX] publish shape=(20, 14376)
[INFO] 2026-05-27 12:53:59,068 - [MATRIX] has_term shape=(14376, 8920)
[INFO] 2026-05-27 12:53:59,104 - [MATRIX] term_in shape=(8920, 14376)
[INFO] 2026-05-27 12:53:59,120 - Meta-path matrix shape=(14475, 14475)
[INFO] 2026-05-27 12:54:07,925 - Embedding shape=(14475, 64)
[INFO] 2026-05-27 12:54:46,090 - [MATRIX] writes shape=(14376, 14475)
[INFO] 2026-05-27 12:54:46,101 - [MATRIX] be_written shape=(14475, 14376)
[INFO] 2026-05-27 12:54:46,105 - [MATRIX] published_in shape=(14376, 20)
[INFO] 2026-05-27 12:54:46,108 - [MATRIX] publish shape=(20, 14376)
[INFO] 2026-05-27 12:54:46,136 - [MATRIX] has_term shape=(14376, 8920)
[INFO] 2026-05-27 12:54:46,160 - [MATRIX] term_in shape=(8920, 14376)
[INFO] 2026-05-27 12:54:46,170 - Meta-path matrix shape=(14475, 14475)
[INFO] 2026-05-27 12:54:55,856 - Embedding shape=(14475, 64)
[INFO] 2026-05-27 12:55:02,434 - [MATRIX] writes shape=(14376, 14475)
[INFO] 2026-05-27 12:55:02,445 - [MATRIX] be_written shape=(14475, 14376)
[INFO] 2026-05-27 12:55:02,448 - [MATRIX] published_in shape=(14376, 20)
[INFO] 2026-05-27 12:55:02,451 - [MATRIX] publish shape=(20, 14376)
[INFO] 2026-05-27 12:55:02,477 - [MATRIX] has_term shape=(14376, 8920)
[INFO] 2026-05-27 12:55:02,502 - [MATRIX] term_in shape=(8920, 14376)
[INFO] 2026-05-27 12:55:02,512 - Meta-path matrix shape=(14475, 14475)
[INFO] 2026-05-27 12:55:12,559 - Embedding shape=(14475, 64)
[INFO] 2026-05-27 12:56:32,412 - [MATRIX] writes shape=(14376, 14475)
[INFO] 2026-05-27 12:56:32,428 - [MATRIX] be_written shape=(14475, 14376)
[INFO] 2026-05-27 12:56:32,432 - [MATRIX] published_in shape=(14376, 20)
[INFO] 2026-05-27 12:56:32,436 - [MATRIX] publish shape=(20, 14376)
[INFO] 2026-05-27 12:56:32,473 - [MATRIX] has_term shape=(14376, 8920)
[INFO] 2026-05-27 12:56:32,508 - [MATRIX] term_in shape=(8920, 14376)
[INFO] 2026-05-27 12:56:32,526 - Meta-path matrix shape=(14475, 14475)
[INFO] 2026-05-27 12:56:43,591 - Embedding shape=(14475, 64)
[INFO] 2026-05-27 13:01:54,711 - [MATRIX] writes shape=(14376, 14475)
[INFO] 2026-05-27 13:01:54,727 - [MATRIX] be_written shape=(14475, 14376)
[INFO] 2026-05-27 13:01:54,731 - [MATRIX] published_in shape=(14376, 20)
[INFO] 2026-05-27 13:01:54,736 - [MATRIX] publish shape=(20, 14376)
[INFO] 2026-05-27 13:01:54,772 - [MATRIX] has_term shape=(14376, 8920)
[INFO] 2026-05-27 13:01:54,803 - [MATRIX] term_in shape=(8920, 14376)
[INFO] 2026-05-27 13:01:54,818 - Meta-path matrix shape=(14475, 14475)
[INFO] 2026-05-27 13:02:05,367 - Embedding shape=(14475, 64)
[INFO] 2026-05-27 13:06:27,328 - [MATRIX] writes shape=(14376, 14475)
[INFO] 2026-05-27 13:06:27,338 - [MATRIX] be_written shape=(14475, 14376)
[INFO] 2026-05-27 13:06:27,341 - [MATRIX] published_in shape=(14376, 20)
[INFO] 2026-05-27 13:06:27,344 - [MATRIX] publish shape=(20, 14376)
[INFO] 2026-05-27 13:06:27,370 - [MATRIX] has_term shape=(14376, 8920)
[INFO] 2026-05-27 13:06:27,394 - [MATRIX] term_in shape=(8920, 14376)
[INFO] 2026-05-27 13:08:27,546 - [MATRIX] writes shape=(14376, 14475)
[INFO] 2026-05-27 13:08:27,556 - [MATRIX] be_written shape=(14475, 14376)
[INFO] 2026-05-27 13:08:27,559 - [MATRIX] published_in shape=(14376, 20)
[INFO] 2026-05-27 13:08:27,562 - [MATRIX] publish shape=(20, 14376)
[INFO] 2026-05-27 13:08:27,588 - [MATRIX] has_term shape=(14376, 8920)
[INFO] 2026-05-27 13:08:27,613 - [MATRIX] term_in shape=(8920, 14376)
[INFO] 2026-05-27 13:08:27,622 - Meta-path matrix shape=(14475, 14475)
[INFO] 2026-05-27 13:08:38,465 - Embedding shape=(14475, 64)
[INFO] 2026-05-27 13:10:13,893 - [MATRIX] writes shape=(14376, 14475)
[INFO] 2026-05-27 13:10:13,909 - [MATRIX] be_written shape=(14475, 14376)
[INFO] 2026-05-27 13:10:13,913 - [MATRIX] published_in shape=(14376, 20)
[INFO] 2026-05-27 13:10:13,917 - [MATRIX] publish shape=(20, 14376)
[INFO] 2026-05-27 13:10:13,954 - [MATRIX] has_term shape=(14376, 8920)
[INFO] 2026-05-27 13:10:13,989 - [MATRIX] term_in shape=(8920, 14376)
[INFO] 2026-05-27 13:10:14,006 - Meta-path matrix shape=(14475, 14475)
[INFO] 2026-05-27 13:10:23,943 - Embedding shape=(14475, 64)
[INFO] 2026-05-27 13:10:24,480 - [EVAL] Modularity=0.0230
[INFO] 2026-05-27 13:10:24,480 - [EVAL] Surprise=0.0000
[INFO] 2026-05-27 13:10:24,480 - [EVAL] Keyword coherence=0.0000
[INFO] 2026-05-27 13:10:24,480 - [EVAL] Community stats={'num_communities': 20, 'avg_size': 723.75, 'max_size': 13947, 'min_size': 3}
[INFO] 2026-05-27 13:10:24,483 - [NMI DEBUG] matched_nodes=4057
[INFO] 2026-05-27 13:10:24,486 - [NMI] 0.0233
[INFO] 2026-05-27 13:10:24,487 - [NMI DEBUG] matched_nodes=0
[INFO] 2026-05-27 13:10:24,487 - [NMI DEBUG] matched_nodes=0
