[INFO] 2026-05-27 13:18:49,625 - Generated walks=144750
[INFO] 2026-05-27 13:18:50,913 - Word2Vec training finished
[INFO] 2026-05-27 13:18:50,929 - Embedding shape=(14475, 64)
[INFO] 2026-05-27 13:20:19,954 - Generated walks=144750
[INFO] 2026-05-27 13:20:21,216 - Word2Vec training finished
[INFO] 2026-05-27 13:20:21,234 - Embedding shape=(14475, 64)
[INFO] 2026-05-27 13:20:27,022 - [EVAL] Modularity=0.9438
[INFO] 2026-05-27 13:20:27,022 - [EVAL] Surprise=0.0000
[INFO] 2026-05-27 13:20:27,022 - [EVAL] Keyword coherence=0.0000
[INFO] 2026-05-27 13:20:27,022 - [EVAL] Community stats={'num_communities': 20, 'avg_size': 723.75, 'max_size': 928, 'min_size': 20}
[INFO] 2026-05-27 13:20:27,025 - [NMI DEBUG] matched_nodes=4057
[INFO] 2026-05-27 13:20:27,030 - [NMI] 0.0085
[INFO] 2026-05-27 13:20:27,031 - [NMI DEBUG] matched_nodes=0
[INFO] 2026-05-27 13:20:27,031 - [NMI DEBUG] matched_nodes=0
[INFO] 2026-05-27 13:20:27,034 - Saved results...
[INFO] 2026-05-27 13:28:05,317 - Generated walks=289500
[INFO] 2026-05-27 13:28:50,157 - Word2Vec training finished
[INFO] 2026-05-27 13:28:50,180 - Embedding shape=(14475, 64)
[INFO] 2026-05-27 13:29:19,734 - [EVAL] Modularity=0.7249
[INFO] 2026-05-27 13:29:19,734 - [EVAL] Surprise=0.0000
[INFO] 2026-05-27 13:29:19,734 - [EVAL] Keyword coherence=0.0000
[INFO] 2026-05-27 13:29:19,734 - [EVAL] Community stats={'num_communities': 4, 'avg_size': 3618.75, 'max_size': 4196, 'min_size': 2514}
[INFO] 2026-05-27 13:29:19,737 - [NMI DEBUG] matched_nodes=4057
[INFO] 2026-05-27 13:29:19,740 - [NMI] 0.0905
[INFO] 2026-05-27 13:29:19,741 - [NMI DEBUG] matched_nodes=0
[INFO] 2026-05-27 13:29:19,742 - [NMI DEBUG] matched_nodes=0
[INFO] 2026-05-27 13:29:19,745 - Saved results...
